
Static FFT Slab Distribution:

  FFT slabs assigned to    4 tasks
  Maximum of   19 xy slabs per task
  Maximum of   18 zx slabs per task
  Count of FFT xy slabs assigned to each task:
      18  19  19  19
  Count of FFT xz slabs assigned to each task:
      18  18  18  18

Atom Distribution No.     2 at run step    2946:

  Count of atoms assigned to each task:
         8033     8178     8014     6328

Atom Distribution No.     3 at run step    5871:

  Count of atoms assigned to each task:
         8186     8241     7831     6295

Atom Distribution No.     4 at run step    8774:

  Count of atoms assigned to each task:
         8105     8178     7780     6490

Atom Distribution No.     5 at run step   11685:

  Count of atoms assigned to each task:
         8150     8151     7894     6358

Atom Distribution No.     6 at run step   14593:

  Count of atoms assigned to each task:
         7988     8001     8185     6379

Atom Distribution No.     7 at run step   17496:

  Count of atoms assigned to each task:
         8003     8019     8083     6448

Atom Distribution No.     8 at run step   20424:

  Count of atoms assigned to each task:
         7799     8199     8005     6550

Atom Distribution No.     9 at run step   23362:

  Count of atoms assigned to each task:
         8222     8082     7852     6397

Atom Distribution No.    10 at run step   26297:

  Count of atoms assigned to each task:
         8300     8055     7801     6397

Atom Distribution No.    11 at run step   29229:

  Count of atoms assigned to each task:
         8396     8049     7732     6376

Atom Distribution No.    12 at run step   32135:

  Count of atoms assigned to each task:
         7871     8445     7804     6433

Atom Distribution No.    13 at run step   35040:

  Count of atoms assigned to each task:
         7850     8454     7813     6436

Atom Distribution No.    14 at run step   37968:

  Count of atoms assigned to each task:
         7910     8550     7624     6469

Atom Distribution No.    15 at run step   40916:

  Count of atoms assigned to each task:
         7940     8280     7789     6544

Atom Distribution No.    16 at run step   43838:

  Count of atoms assigned to each task:
         8279     8253     7723     6298

Atom Distribution No.    17 at run step   46728:

  Count of atoms assigned to each task:
         8111     8178     7864     6400

Atom Distribution No.    18 at run step   49628:

  Count of atoms assigned to each task:
         8153     8214     7738     6448

Atom Distribution No.    19 at run step   52574:

  Count of atoms assigned to each task:
         7946     8085     8110     6412

Atom Distribution No.    20 at run step   55494:

  Count of atoms assigned to each task:
         7883     7989     8123     6558

Atom Distribution No.    21 at run step   58414:

  Count of atoms assigned to each task:
         7907     8046     8084     6516

Atom Distribution No.    22 at run step   61330:

  Count of atoms assigned to each task:
         7874     8148     8051     6480

Atom Distribution No.    23 at run step   64245:

  Count of atoms assigned to each task:
         7946     8145     8216     6246

Atom Distribution No.    24 at run step   67160:

  Count of atoms assigned to each task:
         7958     8175     8186     6234

Atom Distribution No.    25 at run step   70108:

  Count of atoms assigned to each task:
         8003     7914     8332     6304

Atom Distribution No.    26 at run step   73031:

  Count of atoms assigned to each task:
         7982     7929     8354     6288

Atom Distribution No.    27 at run step   75962:

  Count of atoms assigned to each task:
         7967     7944     8269     6373

Atom Distribution No.    28 at run step   78887:

  Count of atoms assigned to each task:
         8048     7806     8341     6358

Atom Distribution No.    29 at run step   81816:

  Count of atoms assigned to each task:
         8012     7968     8269     6304

Atom Distribution No.    30 at run step   84751:

  Count of atoms assigned to each task:
         8018     7920     8348     6267

Atom Distribution No.    31 at run step   87691:

  Count of atoms assigned to each task:
         7985     8058     8224     6286

Atom Distribution No.    32 at run step   90643:

  Count of atoms assigned to each task:
         8036     7930     8311     6276

Atom Distribution No.    33 at run step   93570:

  Count of atoms assigned to each task:
         7883     8044     8269     6357

Atom Distribution No.    34 at run step   96491:

  Count of atoms assigned to each task:
         8030     7995     8138     6390

Atom Distribution No.    35 at run step   99414:

  Count of atoms assigned to each task:
         7805     8115     8210     6423

Major Routine Parallel Profiling - NonSetup CPU Seconds:

           D                                                              
           a                                                              
           t                                                              
           a                              D                               
           D         N                    i                               
           i         o                    h                               
           s         n             A      e      S      R      O         T
   T       t         B      B      n      d      h      u      t         o
   a       r         o      o      g      r      a      n      h         t
   s       i         n      n      l      a      k      M      e         a
   k       b         d      d      e      l      e      D      r         l
------------------------------------------------------------------------------
   0   138.9    5840.9   19.3    0.1    0.1   41.6  295.7    0.2    6336.8
   1   143.9    5833.2   19.3    0.1    0.1   42.5  295.6    0.2    6334.8
   2   140.4    5831.7   20.1    0.1    0.1   42.1  299.5    0.1    6334.2
   3   247.1    5385.3   14.8   55.8  297.7   29.6  303.6    0.1    6334.0
------------------------------------------------------------------------------
 avg   167.6    5722.8   18.4   14.0   74.5   38.9  298.6    0.1    6334.9
 min   138.9    5385.3   14.8    0.1    0.1   29.6  295.6    0.1    6334.0
 max   247.1    5840.9   20.1   55.8  297.7   42.5  303.6    0.2    6336.8
 std    45.9     194.9    2.1   24.1  128.9    5.4    3.3    0.0       1.1
------------------------------------------------------------------------------

PME NonBond Parallel Profiling - NonSetup CPU Seconds:

                     D                           
           P         i         R                 
           a         r         e      L          
           i         e         c      o          
           r         c         i      a         T
   T       l         t         p      d         o
   a       i         F         F      B         t
   s       s         r         r      a         a
   k       t         c         c      l         l
-------------------------------------------------
   0   539.0    3567.8    1733.9    0.1    5840.7
   1   536.2    3534.6    1762.2    0.1    5833.1
   2   534.8    3541.0    1755.6    0.1    5831.5
   3   439.8    3081.9    1863.3    0.1    5385.2
-------------------------------------------------
 avg   512.4    3431.3    1778.8    0.1    5722.6
-------------------------------------------------
