
Static FFT Slab Distribution:

  FFT slabs assigned to    4 tasks
  Maximum of   23 xy slabs per task
  Maximum of   19 zx slabs per task
  Count of FFT xy slabs assigned to each task:
      22  22  23  23
  Count of FFT xz slabs assigned to each task:
      19  19  19  18

Atom Distribution No.     2 at run step    4615:

  Count of atoms assigned to each task:
         6565     8514     9014     6461

Atom Distribution No.     3 at run step    8213:

  Count of atoms assigned to each task:
         6633     8409     8749     6763

Major Routine Parallel Profiling - NonSetup CPU Seconds:

           D                                                              
           a                                                              
           t                                                              
           a                              D                               
           D         N                    i                               
           i         o                    h                               
           s         n             A      e      S      R      O         T
   T       t         B      B      n      d      h      u      t         o
   a       r         o      o      g      r      a      n      h         t
   s       i         n      n      l      a      k      M      e         a
   k       b         d      d      e      l      e      D      r         l
------------------------------------------------------------------------------
   0    36.1     662.7    2.6    2.6   15.3    3.9   17.1    0.0     740.3
   1    24.8     688.8    2.8    0.3    1.6    4.5   16.8    0.1     739.7
   2    26.7     679.7    2.9    0.7    4.2    4.5   16.7    0.4     735.9
   3    36.5     659.9    2.5    3.0   17.8    3.7   17.1    0.0     740.4
------------------------------------------------------------------------------
 avg    31.0     672.7    2.7    1.7    9.7    4.2   16.9    0.1     739.1
 min    24.8     659.9    2.5    0.3    1.6    3.7   16.7    0.0     735.9
 max    36.5     688.8    2.9    3.0   17.8    4.5   17.1    0.4     740.4
 std     5.3      12.0    0.2    1.1    7.0    0.4    0.2    0.2       1.9
------------------------------------------------------------------------------

PME NonBond Parallel Profiling - NonSetup CPU Seconds:

                     D                           
           P         i         R                 
           a         r         e      L          
           i         e         c      o          
           r         c         i      a         T
   T       l         t         p      d         o
   a       i         F         F      B         t
   s       s         r         r      a         a
   k       t         c         c      l         l
-------------------------------------------------
   0    39.7     280.1     342.8    0.0     662.6
   1    48.8     310.6     329.3    0.0     688.7
   2    46.5     297.8     335.3    0.0     679.7
   3    40.0     269.2     350.7    0.0     659.9
-------------------------------------------------
 avg    43.8     289.4     339.5    0.0     672.7
-------------------------------------------------
