
Static FFT Slab Distribution:

  FFT slabs assigned to    4 tasks
  Maximum of   23 xy slabs per task
  Maximum of   19 zx slabs per task
  Count of FFT xy slabs assigned to each task:
      22  22  23  23
  Count of FFT xz slabs assigned to each task:
      19  19  19  18

Atom Distribution No.     2 at run step    2952:

  Count of atoms assigned to each task:
         7901     8349     8317     5987

Atom Distribution No.     3 at run step    5838:

  Count of atoms assigned to each task:
         8033     8151     8314     6056

Atom Distribution No.     4 at run step    8776:

  Count of atoms assigned to each task:
         8048     8235     8206     6065

Atom Distribution No.     5 at run step   11694:

  Count of atoms assigned to each task:
         8020     8337     8128     6069

Atom Distribution No.     6 at run step   14612:

  Count of atoms assigned to each task:
         6542     8421     8176     7415

Atom Distribution No.     7 at run step   17553:

  Count of atoms assigned to each task:
         8099     8403     7984     6068

Atom Distribution No.     8 at run step   20445:

  Count of atoms assigned to each task:
         8078     8436     7927     6113

Atom Distribution No.     9 at run step   23382:

  Count of atoms assigned to each task:
         8075     8322     7969     6188

Atom Distribution No.    10 at run step   26299:

  Count of atoms assigned to each task:
         8105     8217     7894     6338

Atom Distribution No.    11 at run step   29240:

  Count of atoms assigned to each task:
         8074     8061     8029     6390

Atom Distribution No.    12 at run step   32169:

  Count of atoms assigned to each task:
         6680     8145     8035     7694

Atom Distribution No.    13 at run step   35102:

  Count of atoms assigned to each task:
         8125     8046     8008     6375

Atom Distribution No.    14 at run step   38006:

  Count of atoms assigned to each task:
         6713     8124     8005     7712

Atom Distribution No.    15 at run step   40940:

  Count of atoms assigned to each task:
         8068     8082     7975     6429

Atom Distribution No.    16 at run step   43855:

  Count of atoms assigned to each task:
         6739     8034     8002     7779

Atom Distribution No.    17 at run step   46779:

  Count of atoms assigned to each task:
         6799     8013     7999     7743

Atom Distribution No.    18 at run step   49706:

  Count of atoms assigned to each task:
         6787     8019     8059     7689

Atom Distribution No.    19 at run step   52621:

  Count of atoms assigned to each task:
         6772     8103     7999     7680

Atom Distribution No.    20 at run step   55538:

  Count of atoms assigned to each task:
         6772     8103     7999     7680

Atom Distribution No.    21 at run step   58451:

  Count of atoms assigned to each task:
         6772     8103     7999     7680

Atom Distribution No.    22 at run step   61354:

  Count of atoms assigned to each task:
         6778     8070     8014     7692

Atom Distribution No.    23 at run step   64264:

  Count of atoms assigned to each task:
         6748     8103     7984     7719

Atom Distribution No.    24 at run step   67212:

  Count of atoms assigned to each task:
         6799     8076     8053     7626

Atom Distribution No.    25 at run step   70117:

  Count of atoms assigned to each task:
         6817     8037     7996     7704

Atom Distribution No.    26 at run step   73030:

  Count of atoms assigned to each task:
         6805     8079     8017     7653

Atom Distribution No.    27 at run step   75965:

  Count of atoms assigned to each task:
         6802     8046     8002     7704

Atom Distribution No.    28 at run step   78884:

  Count of atoms assigned to each task:
         6855     8047     7933     7719

Atom Distribution No.    29 at run step   81820:

  Count of atoms assigned to each task:
         6825     8122     8002     7605

Atom Distribution No.    30 at run step   84747:

  Count of atoms assigned to each task:
         6825     8056     7918     7755

Atom Distribution No.    31 at run step   87673:

  Count of atoms assigned to each task:
         6816     8044     8017     7677

Atom Distribution No.    32 at run step   90591:

  Count of atoms assigned to each task:
         6822     8122     8002     7608

Atom Distribution No.    33 at run step   93518:

  Count of atoms assigned to each task:
         6825     8068     7996     7665

Atom Distribution No.    34 at run step   96456:

  Count of atoms assigned to each task:
         6835     8074     7969     7676

Atom Distribution No.    35 at run step   99400:

  Count of atoms assigned to each task:
         8134     8103     7933     6384

Major Routine Parallel Profiling - NonSetup CPU Seconds:

           D                                                              
           a                                                              
           t                                                              
           a                              D                               
           D         N                    i                               
           i         o                    h                               
           s         n             A      e      S      R      O         T
   T       t         B      B      n      d      h      u      t         o
   a       r         o      o      g      r      a      n      h         t
   s       i         n      n      l      a      k      M      e         a
   k       b         d      d      e      l      e      D      r         l
------------------------------------------------------------------------------
   0   318.2    8034.1   29.2   39.4  218.7   38.3  427.0    0.4    9105.3
   1   227.2    8358.7   41.4    0.1    0.0   45.1  433.3    0.4    9106.2
   2   244.0    8347.8   42.4    0.1    0.0   43.9  433.3    0.4    9111.9
   3   319.6    8126.1   34.8   22.1  121.0   39.5  428.6    0.7    9092.5
------------------------------------------------------------------------------
 avg   277.2    8216.7   37.0   15.4   85.0   41.7  430.5    0.5    9104.0
 min   227.2    8034.1   29.2    0.1    0.0   38.3  427.0    0.4    9092.5
 max   319.6    8358.7   42.4   39.4  218.7   45.1  433.3    0.7    9111.9
 std    42.1     140.5    5.3   16.5   91.7    2.9    2.8    0.2       7.1
------------------------------------------------------------------------------

PME NonBond Parallel Profiling - NonSetup CPU Seconds:

                     D                           
           P         i         R                 
           a         r         e      L          
           i         e         c      o          
           r         c         i      a         T
   T       l         t         p      d         o
   a       i         F         F      B         t
   s       s         r         r      a         a
   k       t         c         c      l         l
-------------------------------------------------
   0   612.8    3837.4    3583.4    0.2    8033.9
   1   670.4    4215.4    3472.3    0.2    8358.3
   2   658.3    4143.8    3545.1    0.2    8347.3
   3   601.1    3906.4    3618.0    0.2    8125.7
-------------------------------------------------
 avg   635.7    4025.8    3554.7    0.2    8216.3
-------------------------------------------------
