
          -------------------------------------------------------
          Amber 18 PMEMD                              2018
          -------------------------------------------------------

| PMEMD implementation of SANDER, Release 18

| Run on 06/28/2018 at 07:20:25

|   Executable path: /home/uv10/amber/bin/pmemd.MPI
| Working directory: /home/uv10/tutorials-amber/A9/ligand/pmemd/free_energy/complex/vdw_bonded/0.8
|          Hostname: Unknown
  [-O]verwriting output

File Assignments:
|   MDIN: heat.in                                                               
|  MDOUT: heat.out                                                              
| INPCRD: ti.rst7                                                               
|   PARM: ti.parm7                                                              
| RESTRT: heat.rst7                                                             
|   REFC: ti.rst7                                                               
|  MDVEL: mdvel                                                                 
|   MDEN: heat.en                                                               
|  MDCRD: heat.nc                                                               
| MDINFO: heat.info                                                             
|LOGFILE: heat.log                                                              
|  MDFRC: mdfrc                                                                 


 Here is the input file:

heating                                                                        
 &cntrl                                                                        
   imin = 0, nstlim = 10000, irest = 0, ntx = 1, dt = 0.002,                   
   ntt = 1, temp0 = 300.0, tempi = 50.0, tautp = 1.0,                          
   ntc = 2, ntf = 1,                                                           
   ntb = 1,                                                                    
   ioutfm = 1, iwrap = 1,                                                      
   ntwe = 1000, ntwx = 1000, ntpr = 1000, ntwr = 5000,                         
                                                                               
   nmropt = 1,                                                                 
   ntr = 1, restraint_wt = 5.00,                                               
   restraintmask='!:WAT & !@H=',                                               
                                                                               
   icfe = 1, clambda = 0.8, scalpha = 0.5, scbeta = 12.0,                      
   logdvdl = 0,                                                                
   timask1 = ':1', timask2 = ':2',                                             
   ifsc=1, scmask1=':1@H6', scmask2=':2@O1,H6', crgmask=':1@H6 | :2@O1,H6'     
 /                                                                             
                                                                               
 &ewald                                                                        
 /                                                                             
                                                                               
 &wt                                                                           
   type='TEMP0',                                                               
   istep1 = 0, istep2 = 8000,                                                  
   value1 = 50.0, value2 = 300.0                                               
 /                                                                             
                                                                               
 &wt type = 'END'                                                              
 /                                                                             
                                                                               


Note: ig = -1. Setting random seed to   709903 based on wallclock time in
      microseconds and disabling the synchronization of random numbers 
      between tasks to improve performance.
| irandom = 1, using AMBER's internal random number generator (default).
 
 
| Conditional Compilation Defines Used:
| MPI
| PUBFFT
| BINTRAJ
| EMIL

| Largest sphere to fit in unit cell has radius =    32.216

| New format PARM file being parsed.
| Version =    1.000 Date = 06/20/18 Time = 12:54:01

| Note: 1-4 EEL scale factors are being read from the topology file.

| Note: 1-4 VDW scale factors are being read from the topology file.
| Duplicated    0 dihedrals

| Duplicated    0 dihedrals

--------------------------------------------------------------------------------
   1.  RESOURCE   USE: 
--------------------------------------------------------------------------------

 getting box info from netcdf restart file
 NATOM  =   30553 NTYPES =      17 NBONH =   29246 MBONA  =    1323
 NTHETH =    2992 MTHETA =    1779 NPHIH =    6075 MPHIA  =    5535
 NHPARM =       0 NPARM  =       0 NNB   =   51644 NRES   =    9475
 NBONA  =    1323 NTHETA =    1779 NPHIA =    5535 NUMBND =      69
 NUMANG =     153 NPTRA  =     180 NATYP =      38 NPHB   =       1
 IFBOX  =       1 NMXRS  =      24 IFCAP =       0 NEXTRA =       0
 NCOPY  =       0

| Coordinate Index Table dimensions:    12   13   15
| Direct force subcell size =     5.3693    5.2846    5.1419

     BOX TYPE: RECTILINEAR

--------------------------------------------------------------------------------
   2.  CONTROL  DATA  FOR  THE  RUN
--------------------------------------------------------------------------------

default_name                                                                    

General flags:
     imin    =       0, nmropt  =       1

Nature and format of input:
     ntx     =       1, irest   =       0, ntrx    =       1

Nature and format of output:
     ntxo    =       2, ntpr    =    1000, ntrx    =       1, ntwr    =    5000
     iwrap   =       1, ntwx    =    1000, ntwv    =       0, ntwe    =    1000
     ioutfm  =       1, ntwprt  =       0, idecomp =       0, rbornstat=      0

Potential function:
     ntf     =       1, ntb     =       1, igb     =       0, nsnb    =      25
     ipol    =       0, gbsa    =       0, iesp    =       0
     dielc   =   1.00000, cut     =   8.00000, intdiel =   1.00000

Frozen or restrained atoms:
     ibelly  =       0, ntr     =       1
     restraint_wt =   5.00000

Molecular dynamics:
     nstlim  =     10000, nscm    =         0, nrespa  =         1
     t       =   0.00000, dt      =   0.00200, vlimit  =  20.00000

Berendsen (weak-coupling) temperature regulation:
     temp0   = 300.00000, tempi   =  50.00000, tautp   =   1.00000

SHAKE:
     ntc     =       2, jfastw  =       0
     tol     =   0.00001

NMR refinement options:
     iscale  =       0, noeskp  =       1, ipnlty  =       1, mxsub   =       1
     scalm   = 100.00000, pencut  =   0.10000, tausw   =   0.10000

Free energy options:
     icfe    =       1, ifsc    =       1, klambda =       1
     clambda =  0.8000, scalpha =  0.5000, scbeta  = 12.0000
     sceeorder =       2
     dynlmb =  0.0000 logdvdl =       0

| Intermolecular bonds treatment:
|     no_intermolecular_bonds =       1

| Energy averages sample interval:
|     ene_avg_sampling =    1000

Ewald parameters:
     verbose =       0, ew_type =       0, nbflag  =       1, use_pme =       1
     vdwmeth =       1, eedmeth =       1, netfrc  =       1
     Box X =   64.432   Box Y =   68.700   Box Z =   77.129
     Alpha =   90.000   Beta  =   90.000   Gamma =   90.000
     NFFT1 =   72       NFFT2 =   72       NFFT3 =   80
     Cutoff=    8.000   Tol   =0.100E-04
     Ewald Coefficient =  0.34864
     Interpolation order =    4

| PMEMD ewald parallel performance parameters:
|     block_fft =    0
|     fft_blk_y_divisor =    2
|     excl_recip =    0
|     excl_master =    0
|     atm_redist_freq =  320

    LOADING THE CONSTRAINED ATOMS AS GROUPS


   5.  REFERENCE ATOM COORDINATES

  default_name                                                                    
     Mask !:WAT & !@H=; matches  1307 atoms
     TI Mask 1 :1; matches     12 atoms
     TI Mask 2 :2; matches     13 atoms
     TI region 1:   30540 atoms
     TI region 2:   30541 atoms
     SC Mask 1 :1@H6; matches      1 atoms
     SC Mask 2 :2@O1,H6; matches      2 atoms
Removing charge of       0.1305 from atom      12
Removing charge of      -0.5539 from atom      24
Removing charge of       0.3791 from atom      25
Total charge of  -0.04433900 removed from       3 atoms

--------------------------------------------------------------------------------
   3.  ATOMIC COORDINATES AND VELOCITIES
--------------------------------------------------------------------------------

default_name                                                                    
 begin time read from input coords =    30.000 ps



           Begin reading energy term weight changes/NMR restraints
 WEIGHT CHANGES:
 TEMP0         0   8000   50.000000  300.000000      0      0

 RESTRAINTS:
                          ** No restraint defined **

                  Done reading weight changes/NMR restraints


 
 Number of triangulated 3-point waters found:     9307
 WARNING: SHAKEn bond for atoms       12       11 is partially softcore.
 Coordinates for common atoms will be synchronized from V0. 
 Consider using noshake mask or disabling SHAKE.

 Number of shake restraints removed in TI region  1 :        0
 Number of shake restraints removed in TI region  2 :        0

     Sum of charges for TI region  1 =  -0.13012107
     Assuming uniform neutralizing plasma


     Sum of charges for TI region  2 =   0.17526093
     Assuming uniform neutralizing plasma

| Dynamic Memory, Types Used:
| Reals             1929097
| Integers          1696061

| Nonbonded Pairs Initial Allocation:     1741521

| Running AMBER/MPI version on    4 MPI task

 
--------------------------------------------------------------------------------
   4.  RESULTS
--------------------------------------------------------------------------------

 ---------------------------------------------------
 APPROXIMATING switch and d/dx switch using CUBIC SPLINE INTERPOLATION
 using   5000.0 points per unit in tabled values
 TESTING RELATIVE ERROR over r ranging from 0.0 to cutoff
| CHECK switch(x): max rel err =   0.2738E-14   at   2.422500
| CHECK d/dx switch(x): max rel err =   0.8332E-11   at   2.782960
 ---------------------------------------------------
|---------------------------------------------------
| APPROXIMATING direct energy using CUBIC SPLINE INTERPOLATION
|  with   50.0 points per unit in tabled values
| Relative Error Limit not exceeded for r .gt.   2.47
| APPROXIMATING direct force using CUBIC SPLINE INTERPOLATION
|  with   50.0 points per unit in tabled values
| Relative Error Limit not exceeded for r .gt.   2.89
|---------------------------------------------------
   DOF for the SC part  1 of the system:    2
   SHAKE constraints in the SC region:    1
   DOF for the SC part  2 of the system:    5
   SHAKE constraints in the SC region:    1

| TI region  1


 NSTEP =        0   TIME(PS) =       0.000  TEMP(K) =    73.40  PRESS =     0.0
 Etot   =    -86683.0008  EKtot   =      4549.3890  EPtot      =    -91232.3898
 BOND   =       391.7053  ANGLE   =      1084.2361  DIHED      =      2036.5436
 1-4 NB =       613.0702  1-4 EEL =      6009.9748  VDWAALS    =     11370.5248
 EELEC  =   -112738.4446  EHBOND  =         0.0000  RESTRAINT  =         0.0000
 DV/DL  =        37.3522
 Ewald error estimate:   0.1056E-04
 ------------------------------------------------------------------------------

  Softcore part of the system:       1 atoms,       TEMP(K)    =          96.15
 SC_Etot=         0.2371  SC_EKtot=         0.1911  SC_EPtot   =         0.0460
 SC_BOND=         0.0000  SC_ANGLE=         0.0369  SC_DIHED   =         0.0210
 SC_14NB=        -0.0119  SC_14EEL=         0.0000  SC_VDW     =         0.0000
 SC_EEL =         0.0000
 SC_RES_DIST=     0.0000  SC_RES_ANG=       0.0000  SC_RES_TORS=         0.0000
 SC_EEL_DER=      0.0000  SC_VDW_DER=      27.2051  SC_DERIV   =        27.2051
 ------------------------------------------------------------------------------


| TI region  2


 NSTEP =        0   TIME(PS) =       0.000  TEMP(K) =    73.40  PRESS =     0.0
 Etot   =    -86682.9544  EKtot   =      4549.4354  EPtot      =    -91232.3898
 BOND   =       391.7053  ANGLE   =      1084.2361  DIHED      =      2036.5436
 1-4 NB =       613.0702  1-4 EEL =      6009.9748  VDWAALS    =     11370.5248
 EELEC  =   -112738.4446  EHBOND  =         0.0000  RESTRAINT  =         0.0000
 DV/DL  =        37.3522
 Ewald error estimate:   0.1056E-04
 ------------------------------------------------------------------------------

  Softcore part of the system:       2 atoms,       TEMP(K)    =          43.68
 SC_Etot=         1.3023  SC_EKtot=         0.2170  SC_EPtot   =         1.0853
 SC_BOND=         0.1234  SC_ANGLE=         0.4059  SC_DIHED   =         0.5192
 SC_14NB=         0.0367  SC_14EEL=         0.0000  SC_VDW     =         0.0000
 SC_EEL =         0.0000
 SC_RES_DIST=     0.0000  SC_RES_ANG=       0.0000  SC_RES_TORS=         0.0000
 SC_EEL_DER=      0.0000  SC_VDW_DER=      27.2051  SC_DERIV   =        27.2051
 ------------------------------------------------------------------------------

 NMR restraints: Bond =    0.000   Angle =     0.000   Torsion =     0.000
===============================================================================

| TI region  1


 NSTEP =     1000   TIME(PS) =       2.000  TEMP(K) =   135.35  PRESS =     0.0
 Etot   =    -99892.3392  EKtot   =      8389.3353  EPtot      =   -108281.6745
 BOND   =       194.5198  ANGLE   =       521.4326  DIHED      =      1869.9798
 1-4 NB =       571.5412  1-4 EEL =      5988.6855  VDWAALS    =     16523.3874
 EELEC  =   -134086.5607  EHBOND  =         0.0000  RESTRAINT  =       135.3400
 EAMBER (non-restraint)  =   -108417.0145
 DV/DL  =        13.9328
 Ewald error estimate:   0.1773E-03
 ------------------------------------------------------------------------------

  Softcore part of the system:       1 atoms,       TEMP(K)    =         134.67
 SC_Etot=         0.3148  SC_EKtot=         0.2676  SC_EPtot   =         0.0472
 SC_BOND=         0.0000  SC_ANGLE=         0.0340  SC_DIHED   =         0.0204
 SC_14NB=        -0.0071  SC_14EEL=         0.0000  SC_VDW     =         0.0000
 SC_EEL =         0.0000
 SC_RES_DIST=     0.0000  SC_RES_ANG=       0.0000  SC_RES_TORS=         0.0000
 SC_EEL_DER=      0.0000  SC_VDW_DER=       9.1489  SC_DERIV   =         9.1489
 ------------------------------------------------------------------------------


| TI region  2


 NSTEP =     1000   TIME(PS) =       2.000  TEMP(K) =   135.36  PRESS =     0.0
 Etot   =    -99891.7369  EKtot   =      8389.9376  EPtot      =   -108281.6745
 BOND   =       194.5198  ANGLE   =       521.4326  DIHED      =      1869.9798
 1-4 NB =       571.5412  1-4 EEL =      5988.6855  VDWAALS    =     16523.3874
 EELEC  =   -134086.5607  EHBOND  =         0.0000  RESTRAINT  =       135.3400
 EAMBER (non-restraint)  =   -108417.0145
 DV/DL  =        13.9328
 Ewald error estimate:   0.1773E-03
 ------------------------------------------------------------------------------

  Softcore part of the system:       2 atoms,       TEMP(K)    =         175.10
 SC_Etot=         1.0101  SC_EKtot=         0.8699  SC_EPtot   =         0.1402
 SC_BOND=         0.0154  SC_ANGLE=         0.0343  SC_DIHED   =         0.0132
 SC_14NB=         0.0773  SC_14EEL=         0.0000  SC_VDW     =         0.0000
 SC_EEL =         0.0000
 SC_RES_DIST=     0.2571  SC_RES_ANG=       0.0000  SC_RES_TORS=         0.0000
 SC_EEL_DER=      0.0000  SC_VDW_DER=       9.1489  SC_DERIV   =         9.1489
 ------------------------------------------------------------------------------

 NMR restraints: Bond =    0.000   Angle =     0.000   Torsion =     0.000
===============================================================================

| TI region  1


 NSTEP =     2000   TIME(PS) =       4.000  TEMP(K) =   119.10  PRESS =     0.0
 Etot   =   -103270.9077  EKtot   =      7381.8722  EPtot      =   -110652.7799
 BOND   =       172.1637  ANGLE   =       500.5762  DIHED      =      1863.3269
 1-4 NB =       565.7195  1-4 EEL =      5986.4551  VDWAALS    =     17244.0542
 EELEC  =   -137112.5952  EHBOND  =         0.0000  RESTRAINT  =       127.5198
 EAMBER (non-restraint)  =   -110780.2997
 DV/DL  =         6.6497
 Ewald error estimate:   0.2263E-03
 ------------------------------------------------------------------------------

  Softcore part of the system:       1 atoms,       TEMP(K)    =          18.66
 SC_Etot=         0.2895  SC_EKtot=         0.0371  SC_EPtot   =         0.2524
 SC_BOND=         0.0000  SC_ANGLE=         0.0508  SC_DIHED   =         0.2152
 SC_14NB=        -0.0135  SC_14EEL=         0.0000  SC_VDW     =         0.0000
 SC_EEL =         0.0000
 SC_RES_DIST=     0.0000  SC_RES_ANG=       0.0000  SC_RES_TORS=         0.0000
 SC_EEL_DER=      0.0000  SC_VDW_DER=       3.7810  SC_DERIV   =         3.7810
 ------------------------------------------------------------------------------


| TI region  2


 NSTEP =     2000   TIME(PS) =       4.000  TEMP(K) =   119.11  PRESS =     0.0
 Etot   =   -103270.1566  EKtot   =      7382.6233  EPtot      =   -110652.7799
 BOND   =       172.1637  ANGLE   =       500.5762  DIHED      =      1863.3269
 1-4 NB =       565.7195  1-4 EEL =      5986.4551  VDWAALS    =     17244.0542
 EELEC  =   -137112.5952  EHBOND  =         0.0000  RESTRAINT  =       127.5198
 EAMBER (non-restraint)  =   -110780.2997
 DV/DL  =         6.6497
 Ewald error estimate:   0.2263E-03
 ------------------------------------------------------------------------------

  Softcore part of the system:       2 atoms,       TEMP(K)    =         158.66
 SC_Etot=         0.9213  SC_EKtot=         0.7882  SC_EPtot   =         0.1331
 SC_BOND=         0.0084  SC_ANGLE=         0.0290  SC_DIHED   =         0.0598
 SC_14NB=         0.0360  SC_14EEL=         0.0000  SC_VDW     =         0.0000
 SC_EEL =         0.0000
 SC_RES_DIST=     0.3162  SC_RES_ANG=       0.0000  SC_RES_TORS=         0.0000
 SC_EEL_DER=      0.0000  SC_VDW_DER=       3.7810  SC_DERIV   =         3.7810
 ------------------------------------------------------------------------------

 NMR restraints: Bond =    0.000   Angle =     0.000   Torsion =     0.000
===============================================================================

| TI region  1


 NSTEP =     3000   TIME(PS) =       6.000  TEMP(K) =   127.32  PRESS =     0.0
 Etot   =   -102433.7763  EKtot   =      7891.1296  EPtot      =   -110324.9059
 BOND   =       187.5233  ANGLE   =       518.0438  DIHED      =      1888.0529
 1-4 NB =       566.3155  1-4 EEL =      5970.9413  VDWAALS    =     17509.5541
 EELEC  =   -137110.7645  EHBOND  =         0.0000  RESTRAINT  =       145.4276
 EAMBER (non-restraint)  =   -110470.3335
 DV/DL  =        11.6411
 Ewald error estimate:   0.2731E-03
 ------------------------------------------------------------------------------

  Softcore part of the system:       1 atoms,       TEMP(K)    =          63.78
 SC_Etot=         0.6601  SC_EKtot=         0.1267  SC_EPtot   =         0.5334
 SC_BOND=         0.0000  SC_ANGLE=         0.4606  SC_DIHED   =         0.0741
 SC_14NB=        -0.0012  SC_14EEL=         0.0000  SC_VDW     =         0.0000
 SC_EEL =         0.0000
 SC_RES_DIST=     0.0000  SC_RES_ANG=       0.0000  SC_RES_TORS=         0.0000
 SC_EEL_DER=      0.0000  SC_VDW_DER=       8.5138  SC_DERIV   =         8.5138
 ------------------------------------------------------------------------------


| TI region  2


 NSTEP =     3000   TIME(PS) =       6.000  TEMP(K) =   127.31  PRESS =     0.0
 Etot   =   -102433.5990  EKtot   =      7891.3069  EPtot      =   -110324.9059
 BOND   =       187.5233  ANGLE   =       518.0438  DIHED      =      1888.0529
 1-4 NB =       566.3155  1-4 EEL =      5970.9413  VDWAALS    =     17509.5541
 EELEC  =   -137110.7645  EHBOND  =         0.0000  RESTRAINT  =       145.4276
 EAMBER (non-restraint)  =   -110470.3335
 DV/DL  =        11.6411
 Ewald error estimate:   0.2731E-03
 ------------------------------------------------------------------------------

  Softcore part of the system:       2 atoms,       TEMP(K)    =          61.20
 SC_Etot=         0.4799  SC_EKtot=         0.3040  SC_EPtot   =         0.1759
 SC_BOND=         0.0009  SC_ANGLE=         0.0256  SC_DIHED   =         0.1012
 SC_14NB=         0.0481  SC_14EEL=         0.0000  SC_VDW     =         0.0000
 SC_EEL =         0.0000
 SC_RES_DIST=     0.4721  SC_RES_ANG=       0.0000  SC_RES_TORS=         0.0000
 SC_EEL_DER=      0.0000  SC_VDW_DER=       8.5138  SC_DERIV   =         8.5138
 ------------------------------------------------------------------------------

 NMR restraints: Bond =    0.000   Angle =     0.000   Torsion =     0.000
===============================================================================

| TI region  1


 NSTEP =     4000   TIME(PS) =       8.000  TEMP(K) =   149.44  PRESS =     0.0
 Etot   =    -99740.8944  EKtot   =      9262.6538  EPtot      =   -109003.5482
 BOND   =       210.8124  ANGLE   =       586.7118  DIHED      =      1887.9865
 1-4 NB =       576.1548  1-4 EEL =      5952.1386  VDWAALS    =     17339.7398
 EELEC  =   -135721.9937  EHBOND  =         0.0000  RESTRAINT  =       164.9016
 EAMBER (non-restraint)  =   -109168.4498
 DV/DL  =         8.6892
 Ewald error estimate:   0.1518E-03
 ------------------------------------------------------------------------------

  Softcore part of the system:       1 atoms,       TEMP(K)    =           8.75
 SC_Etot=         0.1632  SC_EKtot=         0.0174  SC_EPtot   =         0.1458
 SC_BOND=         0.0000  SC_ANGLE=         0.1262  SC_DIHED   =         0.0176
 SC_14NB=         0.0020  SC_14EEL=         0.0000  SC_VDW     =         0.0000
 SC_EEL =         0.0000
 SC_RES_DIST=     0.0000  SC_RES_ANG=       0.0000  SC_RES_TORS=         0.0000
 SC_EEL_DER=      0.0000  SC_VDW_DER=       5.7743  SC_DERIV   =         5.7743
 ------------------------------------------------------------------------------


| TI region  2


 NSTEP =     4000   TIME(PS) =       8.000  TEMP(K) =   149.44  PRESS =     0.0
 Etot   =    -99740.6552  EKtot   =      9262.8930  EPtot      =   -109003.5482
 BOND   =       210.8124  ANGLE   =       586.7118  DIHED      =      1887.9865
 1-4 NB =       576.1548  1-4 EEL =      5952.1386  VDWAALS    =     17339.7398
 EELEC  =   -135721.9937  EHBOND  =         0.0000  RESTRAINT  =       164.9016
 EAMBER (non-restraint)  =   -109168.4498
 DV/DL  =         8.6892
 Ewald error estimate:   0.1518E-03
 ------------------------------------------------------------------------------

  Softcore part of the system:       2 atoms,       TEMP(K)    =          51.67
 SC_Etot=         0.8360  SC_EKtot=         0.2567  SC_EPtot   =         0.5794
 SC_BOND=         0.0121  SC_ANGLE=         0.1762  SC_DIHED   =         0.2658
 SC_14NB=         0.1252  SC_14EEL=         0.0000  SC_VDW     =         0.0000
 SC_EEL =         0.0000
 SC_RES_DIST=     0.1150  SC_RES_ANG=       0.0000  SC_RES_TORS=         0.0000
 SC_EEL_DER=      0.0000  SC_VDW_DER=       5.7743  SC_DERIV   =         5.7743
 ------------------------------------------------------------------------------

 NMR restraints: Bond =    0.000   Angle =     0.000   Torsion =     0.000
===============================================================================

| TI region  1


 NSTEP =     5000   TIME(PS) =      10.000  TEMP(K) =   174.12  PRESS =     0.0
 Etot   =    -96138.6121  EKtot   =     10791.8195  EPtot      =   -106930.4315
 BOND   =       270.6888  ANGLE   =       655.4158  DIHED      =      1914.7942
 1-4 NB =       583.6615  1-4 EEL =      5954.8724  VDWAALS    =     16645.6972
 EELEC  =   -133139.1910  EHBOND  =         0.0000  RESTRAINT  =       183.6295
 EAMBER (non-restraint)  =   -107114.0610
 DV/DL  =         7.2028
 Ewald error estimate:   0.1996E-03
 ------------------------------------------------------------------------------

  Softcore part of the system:       1 atoms,       TEMP(K)    =         401.34
 SC_Etot=         1.4948  SC_EKtot=         0.7975  SC_EPtot   =         0.6973
 SC_BOND=         0.0000  SC_ANGLE=         0.0793  SC_DIHED   =         0.6206
 SC_14NB=        -0.0026  SC_14EEL=         0.0000  SC_VDW     =         0.0000
 SC_EEL =         0.0000
 SC_RES_DIST=     0.0000  SC_RES_ANG=       0.0000  SC_RES_TORS=         0.0000
 SC_EEL_DER=      0.0000  SC_VDW_DER=       4.9515  SC_DERIV   =         4.9515
 ------------------------------------------------------------------------------


| TI region  2


 NSTEP =     5000   TIME(PS) =      10.000  TEMP(K) =   174.11  PRESS =     0.0
 Etot   =    -96138.6681  EKtot   =     10791.7634  EPtot      =   -106930.4315
 BOND   =       270.6888  ANGLE   =       655.4158  DIHED      =      1914.7942
 1-4 NB =       583.6615  1-4 EEL =      5954.8724  VDWAALS    =     16645.6972
 EELEC  =   -133139.1910  EHBOND  =         0.0000  RESTRAINT  =       183.6295
 EAMBER (non-restraint)  =   -107114.0610
 DV/DL  =         7.2028
 Ewald error estimate:   0.1996E-03
 ------------------------------------------------------------------------------

  Softcore part of the system:       2 atoms,       TEMP(K)    =         149.26
 SC_Etot=         1.9992  SC_EKtot=         0.7415  SC_EPtot   =         1.2577
 SC_BOND=         0.0710  SC_ANGLE=         0.5476  SC_DIHED   =         0.5432
 SC_14NB=         0.0959  SC_14EEL=         0.0000  SC_VDW     =         0.0000
 SC_EEL =         0.0000
 SC_RES_DIST=     0.5303  SC_RES_ANG=       0.0000  SC_RES_TORS=         0.0000
 SC_EEL_DER=      0.0000  SC_VDW_DER=       4.9515  SC_DERIV   =         4.9515
 ------------------------------------------------------------------------------

 NMR restraints: Bond =    0.000   Angle =     0.000   Torsion =     0.000
===============================================================================

| TI region  1


 NSTEP =     6000   TIME(PS) =      12.000  TEMP(K) =   202.87  PRESS =     0.0
 Etot   =    -91978.1185  EKtot   =     12573.9733  EPtot      =   -104552.0918
 BOND   =       279.9159  ANGLE   =       755.2325  DIHED      =      1948.5194
 1-4 NB =       596.0033  1-4 EEL =      5986.1977  VDWAALS    =     16000.0199
 EELEC  =   -130304.7458  EHBOND  =         0.0000  RESTRAINT  =       186.7653
 EAMBER (non-restraint)  =   -104738.8571
 DV/DL  =        14.7481
 Ewald error estimate:   0.1208E-03
 ------------------------------------------------------------------------------

  Softcore part of the system:       1 atoms,       TEMP(K)    =          47.69
 SC_Etot=         0.3385  SC_EKtot=         0.0948  SC_EPtot   =         0.2437
 SC_BOND=         0.0000  SC_ANGLE=         0.1316  SC_DIHED   =         0.1224
 SC_14NB=        -0.0103  SC_14EEL=         0.0000  SC_VDW     =         0.0000
 SC_EEL =         0.0000
 SC_RES_DIST=     0.0000  SC_RES_ANG=       0.0000  SC_RES_TORS=         0.0000
 SC_EEL_DER=      0.0000  SC_VDW_DER=      10.6616  SC_DERIV   =        10.6616
 ------------------------------------------------------------------------------


| TI region  2


 NSTEP =     6000   TIME(PS) =      12.000  TEMP(K) =   202.87  PRESS =     0.0
 Etot   =    -91977.3243  EKtot   =     12574.7675  EPtot      =   -104552.0918
 BOND   =       279.9159  ANGLE   =       755.2325  DIHED      =      1948.5194
 1-4 NB =       596.0033  1-4 EEL =      5986.1977  VDWAALS    =     16000.0199
 EELEC  =   -130304.7458  EHBOND  =         0.0000  RESTRAINT  =       186.7653
 EAMBER (non-restraint)  =   -104738.8571
 DV/DL  =        14.7481
 Ewald error estimate:   0.1208E-03
 ------------------------------------------------------------------------------

  Softcore part of the system:       2 atoms,       TEMP(K)    =         178.94
 SC_Etot=         3.6842  SC_EKtot=         0.8890  SC_EPtot   =         2.7952
 SC_BOND=         0.0504  SC_ANGLE=         1.2904  SC_DIHED   =         1.2487
 SC_14NB=         0.2057  SC_14EEL=         0.0000  SC_VDW     =         0.0000
 SC_EEL =         0.0000
 SC_RES_DIST=     0.1263  SC_RES_ANG=       0.0000  SC_RES_TORS=         0.0000
 SC_EEL_DER=      0.0000  SC_VDW_DER=      10.6616  SC_DERIV   =        10.6616
 ------------------------------------------------------------------------------

 NMR restraints: Bond =    0.000   Angle =     0.000   Torsion =     0.000
===============================================================================

| TI region  1


 NSTEP =     7000   TIME(PS) =      14.000  TEMP(K) =   228.75  PRESS =     0.0
 Etot   =    -87298.5076  EKtot   =     14178.1693  EPtot      =   -101476.6769
 BOND   =       343.1673  ANGLE   =       881.1685  DIHED      =      1974.8085
 1-4 NB =       598.3105  1-4 EEL =      5961.6904  VDWAALS    =     14746.1502
 EELEC  =   -126199.5349  EHBOND  =         0.0000  RESTRAINT  =       217.5626
 EAMBER (non-restraint)  =   -101694.2395
 DV/DL  =         7.7436
 Ewald error estimate:   0.4370E-04
 ------------------------------------------------------------------------------

  Softcore part of the system:       1 atoms,       TEMP(K)    =          31.26
 SC_Etot=         0.2575  SC_EKtot=         0.0621  SC_EPtot   =         0.1954
 SC_BOND=         0.0000  SC_ANGLE=         0.0208  SC_DIHED   =         0.1569
 SC_14NB=         0.0176  SC_14EEL=         0.0000  SC_VDW     =         0.0000
 SC_EEL =         0.0000
 SC_RES_DIST=     0.0000  SC_RES_ANG=       0.0000  SC_RES_TORS=         0.0000
 SC_EEL_DER=      0.0000  SC_VDW_DER=       3.2329  SC_DERIV   =         3.2329
 ------------------------------------------------------------------------------


| TI region  2


 NSTEP =     7000   TIME(PS) =      14.000  TEMP(K) =   228.75  PRESS =     0.0
 Etot   =    -87297.9675  EKtot   =     14178.7094  EPtot      =   -101476.6769
 BOND   =       343.1673  ANGLE   =       881.1685  DIHED      =      1974.8085
 1-4 NB =       598.3105  1-4 EEL =      5961.6904  VDWAALS    =     14746.1502
 EELEC  =   -126199.5349  EHBOND  =         0.0000  RESTRAINT  =       217.5626
 EAMBER (non-restraint)  =   -101694.2395
 DV/DL  =         7.7436
 Ewald error estimate:   0.4370E-04
 ------------------------------------------------------------------------------

  Softcore part of the system:       2 atoms,       TEMP(K)    =         121.23
 SC_Etot=         2.0699  SC_EKtot=         0.6023  SC_EPtot   =         1.4676
 SC_BOND=         0.0880  SC_ANGLE=         0.4188  SC_DIHED   =         0.7255
 SC_14NB=         0.2354  SC_14EEL=         0.0000  SC_VDW     =         0.0000
 SC_EEL =         0.0000
 SC_RES_DIST=     0.6104  SC_RES_ANG=       0.0000  SC_RES_TORS=         0.0000
 SC_EEL_DER=      0.0000  SC_VDW_DER=       3.2329  SC_DERIV   =         3.2329
 ------------------------------------------------------------------------------

 NMR restraints: Bond =    0.000   Angle =     0.000   Torsion =     0.000
===============================================================================

| TI region  1


 NSTEP =     8000   TIME(PS) =      16.000  TEMP(K) =   255.46  PRESS =     0.0
 Etot   =    -82028.2535  EKtot   =     15833.2853  EPtot      =    -97861.5388
 BOND   =       378.0160  ANGLE   =       994.1576  DIHED      =      2011.6362
 1-4 NB =       599.8840  1-4 EEL =      5972.6001  VDWAALS    =     13268.8805
 EELEC  =   -121315.1482  EHBOND  =         0.0000  RESTRAINT  =       228.4350
 EAMBER (non-restraint)  =    -98089.9738
 DV/DL  =        22.1752
 Ewald error estimate:   0.4314E-04
 ------------------------------------------------------------------------------

  Softcore part of the system:       1 atoms,       TEMP(K)    =          79.66
 SC_Etot=         0.5948  SC_EKtot=         0.1583  SC_EPtot   =         0.4365
 SC_BOND=         0.0000  SC_ANGLE=         0.3010  SC_DIHED   =         0.0926
 SC_14NB=         0.0429  SC_14EEL=         0.0000  SC_VDW     =         0.0000
 SC_EEL =         0.0000
 SC_RES_DIST=     0.0000  SC_RES_ANG=       0.0000  SC_RES_TORS=         0.0000
 SC_EEL_DER=      0.0000  SC_VDW_DER=      15.0262  SC_DERIV   =        15.0262
 ------------------------------------------------------------------------------


| TI region  2


 NSTEP =     8000   TIME(PS) =      16.000  TEMP(K) =   255.49  PRESS =     0.0
 Etot   =    -82025.2051  EKtot   =     15836.3337  EPtot      =    -97861.5388
 BOND   =       378.0160  ANGLE   =       994.1576  DIHED      =      2011.6362
 1-4 NB =       599.8840  1-4 EEL =      5972.6001  VDWAALS    =     13268.8805
 EELEC  =   -121315.1482  EHBOND  =         0.0000  RESTRAINT  =       228.4350
 EAMBER (non-restraint)  =    -98089.9738
 DV/DL  =        22.1752
 Ewald error estimate:   0.4314E-04
 ------------------------------------------------------------------------------

  Softcore part of the system:       2 atoms,       TEMP(K)    =         645.48
 SC_Etot=         4.3840  SC_EKtot=         3.2067  SC_EPtot   =         1.1773
 SC_BOND=         0.2136  SC_ANGLE=         0.2828  SC_DIHED   =         0.3958
 SC_14NB=         0.2850  SC_14EEL=         0.0000  SC_VDW     =         0.0000
 SC_EEL =         0.0000
 SC_RES_DIST=     0.2834  SC_RES_ANG=       0.0000  SC_RES_TORS=         0.0000
 SC_EEL_DER=      0.0000  SC_VDW_DER=      15.0262  SC_DERIV   =        15.0262
 ------------------------------------------------------------------------------

 NMR restraints: Bond =    0.000   Angle =     0.000   Torsion =     0.000
===============================================================================

| TI region  1


 NSTEP =     9000   TIME(PS) =      18.000  TEMP(K) =   273.48  PRESS =     0.0
 Etot   =    -77757.8146  EKtot   =     16950.2966  EPtot      =    -94708.1111
 BOND   =       467.7218  ANGLE   =      1121.2990  DIHED      =      2026.1911
 1-4 NB =       596.7527  1-4 EEL =      5954.8272  VDWAALS    =     12494.4405
 EELEC  =   -117612.7572  EHBOND  =         0.0000  RESTRAINT  =       243.4137
 EAMBER (non-restraint)  =    -94951.5248
 DV/DL  =        12.4185
 Ewald error estimate:   0.4302E-04
 ------------------------------------------------------------------------------

  Softcore part of the system:       1 atoms,       TEMP(K)    =         257.60
 SC_Etot=         0.9252  SC_EKtot=         0.5119  SC_EPtot   =         0.4133
 SC_BOND=         0.0000  SC_ANGLE=         0.0562  SC_DIHED   =         0.3715
 SC_14NB=        -0.0144  SC_14EEL=         0.0000  SC_VDW     =         0.0000
 SC_EEL =         0.0000
 SC_RES_DIST=     0.0000  SC_RES_ANG=       0.0000  SC_RES_TORS=         0.0000
 SC_EEL_DER=      0.0000  SC_VDW_DER=       7.8441  SC_DERIV   =         7.8441
 ------------------------------------------------------------------------------


| TI region  2


 NSTEP =     9000   TIME(PS) =      18.000  TEMP(K) =   273.50  PRESS =     0.0
 Etot   =    -77755.4746  EKtot   =     16952.6366  EPtot      =    -94708.1111
 BOND   =       467.7218  ANGLE   =      1121.2990  DIHED      =      2026.1911
 1-4 NB =       596.7527  1-4 EEL =      5954.8272  VDWAALS    =     12494.4405
 EELEC  =   -117612.7572  EHBOND  =         0.0000  RESTRAINT  =       243.4137
 EAMBER (non-restraint)  =    -94951.5248
 DV/DL  =        12.4185
 Ewald error estimate:   0.4302E-04
 ------------------------------------------------------------------------------

  Softcore part of the system:       2 atoms,       TEMP(K)    =         574.06
 SC_Etot=         3.6384  SC_EKtot=         2.8519  SC_EPtot   =         0.7865
 SC_BOND=         0.0746  SC_ANGLE=         0.2117  SC_DIHED   =         0.4772
 SC_14NB=         0.0230  SC_14EEL=         0.0000  SC_VDW     =         0.0000
 SC_EEL =         0.0000
 SC_RES_DIST=     0.2404  SC_RES_ANG=       0.0000  SC_RES_TORS=         0.0000
 SC_EEL_DER=      0.0000  SC_VDW_DER=       7.8441  SC_DERIV   =         7.8441
 ------------------------------------------------------------------------------

 NMR restraints: Bond =    0.000   Angle =     0.000   Torsion =     0.000
===============================================================================

| TI region  1


 NSTEP =    10000   TIME(PS) =      20.000  TEMP(K) =   286.36  PRESS =     0.0
 Etot   =    -75347.6791  EKtot   =     17748.8808  EPtot      =    -93096.5599
 BOND   =       469.0137  ANGLE   =      1155.6251  DIHED      =      2034.9173
 1-4 NB =       612.7770  1-4 EEL =      5969.8494  VDWAALS    =     11980.9993
 EELEC  =   -115556.9054  EHBOND  =         0.0000  RESTRAINT  =       237.1636
 EAMBER (non-restraint)  =    -93333.7235
 DV/DL  =        10.5803
 Ewald error estimate:   0.2907E-05
 ------------------------------------------------------------------------------

  Softcore part of the system:       1 atoms,       TEMP(K)    =          18.00
 SC_Etot=         0.3839  SC_EKtot=         0.0358  SC_EPtot   =         0.3482
 SC_BOND=         0.0000  SC_ANGLE=         0.3067  SC_DIHED   =         0.0606
 SC_14NB=        -0.0191  SC_14EEL=         0.0000  SC_VDW     =         0.0000
 SC_EEL =         0.0000
 SC_RES_DIST=     0.0000  SC_RES_ANG=       0.0000  SC_RES_TORS=         0.0000
 SC_EEL_DER=      0.0000  SC_VDW_DER=       5.3263  SC_DERIV   =         5.3263
 ------------------------------------------------------------------------------


| TI region  2


 NSTEP =    10000   TIME(PS) =      20.000  TEMP(K) =   286.40  PRESS =     0.0
 Etot   =    -75344.4673  EKtot   =     17752.0927  EPtot      =    -93096.5599
 BOND   =       469.0137  ANGLE   =      1155.6251  DIHED      =      2034.9173
 1-4 NB =       612.7770  1-4 EEL =      5969.8494  VDWAALS    =     11980.9993
 EELEC  =   -115556.9054  EHBOND  =         0.0000  RESTRAINT  =       237.1636
 EAMBER (non-restraint)  =    -93333.7235
 DV/DL  =        10.5803
 Ewald error estimate:   0.2907E-05
 ------------------------------------------------------------------------------

  Softcore part of the system:       2 atoms,       TEMP(K)    =         653.71
 SC_Etot=         3.9156  SC_EKtot=         3.2476  SC_EPtot   =         0.6679
 SC_BOND=         0.0588  SC_ANGLE=         0.4940  SC_DIHED   =         0.1540
 SC_14NB=        -0.0389  SC_14EEL=         0.0000  SC_VDW     =         0.0000
 SC_EEL =         0.0000
 SC_RES_DIST=     0.5141  SC_RES_ANG=       0.0000  SC_RES_TORS=         0.0000
 SC_EEL_DER=      0.0000  SC_VDW_DER=       5.3263  SC_DERIV   =         5.3263
 ------------------------------------------------------------------------------

 NMR restraints: Bond =    0.000   Angle =     0.000   Torsion =     0.000
===============================================================================

| TI region  1


      A V E R A G E S   O V E R      10 S T E P S


 NSTEP =    10000   TIME(PS) =      20.000  TEMP(K) =   195.22  PRESS =     0.0
 Etot   =    -91588.6903  EKtot   =     12100.1416  EPtot      =   -103688.8318
 BOND   =       297.3543  ANGLE   =       768.9663  DIHED      =      1942.0213
 1-4 NB =       586.7120  1-4 EEL =      5969.8258  VDWAALS    =     15375.2923
 EELEC  =   -128816.0197  EHBOND  =         0.0000  RESTRAINT  =       187.0159
 EAMBER (non-restraint)  =   -103875.8477
 DV/DL  =        11.5781
 Ewald error estimate:   0.1282E-03
 ------------------------------------------------------------------------------

 NMR restraints: Bond =    0.000   Angle =     0.000   Torsion =     0.000
===============================================================================
  Softcore part of the system:       1 atoms,       TEMP(K)    =         106.14
 SC_Etot=         0.5422  SC_EKtot=         0.2109  SC_EPtot   =         0.3313
 SC_BOND=         0.0000  SC_ANGLE=         0.1567  SC_DIHED   =         0.1752
 SC_14NB=        -0.0006  SC_14EEL=         0.0000  SC_VDW     =         0.0000
 SC_EEL =         0.0000
 SC_RES_DIST=     0.0000  SC_RES_ANG=       0.0000  SC_RES_TORS=         0.0000
 SC_EEL_DER=      0.0000  SC_VDW_DER=       7.4261  SC_DERIV   =         7.4261
 ------------------------------------------------------------------------------


      R M S  F L U C T U A T I O N S


 NSTEP =    10000   TIME(PS) =      20.000  TEMP(K) =    59.81  PRESS =     0.0
 Etot   =      9875.3417  EKtot   =      3707.0515  EPtot      =      6203.4522
 BOND   =       106.7297  ANGLE   =       240.7304  DIHED      =        62.9556
 1-4 NB =        15.4343  1-4 EEL =        13.1787  VDWAALS    =      1997.0492
 EELEC  =      7735.8866  EHBOND  =         0.0000  RESTRAINT  =        40.9689
 EAMBER (non-restraint)  =      6162.4833
 DV/DL  =         4.4281
 Ewald error estimate:   0.8721E-04
 ------------------------------------------------------------------------------

  Softcore part of the system:       1 atoms,       TEMP(K)    =         121.38
 SC_Etot=         0.3844  SC_EKtot=         0.2412  SC_EPtot   =         0.1845
 SC_BOND=         0.0000  SC_ANGLE=         0.1407  SC_DIHED   =         0.1791
 SC_14NB=         0.0175  SC_14EEL=         0.0000  SC_VDW     =         0.0000
 SC_EEL =         0.0000
 SC_RES_DIST=     0.0000  SC_RES_ANG=       0.0000  SC_RES_TORS=         0.0000
 SC_EEL_DER=      0.0000  SC_VDW_DER=       3.4159  SC_DERIV   =         3.4159
 ------------------------------------------------------------------------------


| TI region  2


      A V E R A G E S   O V E R      10 S T E P S


 NSTEP =    10000   TIME(PS) =      20.000  TEMP(K) =   195.23  PRESS =     0.0
 Etot   =    -91587.5254  EKtot   =     12101.3064  EPtot      =   -103688.8318
 BOND   =       297.3543  ANGLE   =       768.9663  DIHED      =      1942.0213
 1-4 NB =       586.7120  1-4 EEL =      5969.8258  VDWAALS    =     15375.2923
 EELEC  =   -128816.0197  EHBOND  =         0.0000  RESTRAINT  =       187.0159
 EAMBER (non-restraint)  =   -103875.8477
 DV/DL  =        11.5781
 Ewald error estimate:   0.1282E-03
 ------------------------------------------------------------------------------

 NMR restraints: Bond =    0.000   Angle =     0.000   Torsion =     0.000
===============================================================================
  Softcore part of the system:       2 atoms,       TEMP(K)    =         276.93
 SC_Etot=         2.2938  SC_EKtot=         1.3758  SC_EPtot   =         0.9181
 SC_BOND=         0.0593  SC_ANGLE=         0.3511  SC_DIHED   =         0.3985
 SC_14NB=         0.1093  SC_14EEL=         0.0000  SC_VDW     =         0.0000
 SC_EEL =         0.0000
 SC_RES_DIST=     0.3465  SC_RES_ANG=       0.0000  SC_RES_TORS=         0.0000
 SC_EEL_DER=      0.0000  SC_VDW_DER=       7.4261  SC_DERIV   =         7.4261
 ------------------------------------------------------------------------------


      R M S  F L U C T U A T I O N S


 NSTEP =    10000   TIME(PS) =      20.000  TEMP(K) =    59.82  PRESS =     0.0
 Etot   =      9876.3370  EKtot   =      3708.0022  EPtot      =      6203.4522
 BOND   =       106.7297  ANGLE   =       240.7304  DIHED      =        62.9556
 1-4 NB =        15.4343  1-4 EEL =        13.1787  VDWAALS    =      1997.0492
 EELEC  =      7735.8866  EHBOND  =         0.0000  RESTRAINT  =        40.9689
 EAMBER (non-restraint)  =      6162.4833
 DV/DL  =         4.4281
 Ewald error estimate:   0.8721E-04
 ------------------------------------------------------------------------------

  Softcore part of the system:       2 atoms,       TEMP(K)    =         231.92
 SC_Etot=         1.4080  SC_EKtot=         1.1522  SC_EPtot   =         0.7730
 SC_BOND=         0.0594  SC_ANGLE=         0.3620  SC_DIHED   =         0.3586
 SC_14NB=         0.0980  SC_14EEL=         0.0000  SC_VDW     =         0.0000
 SC_EEL =         0.0000
 SC_RES_DIST=     0.1654  SC_RES_ANG=       0.0000  SC_RES_TORS=         0.0000
 SC_EEL_DER=      0.0000  SC_VDW_DER=       3.4159  SC_DERIV   =         3.4159
 ------------------------------------------------------------------------------


      DV/DL, AVERAGES OVER      10 STEPS


 NSTEP =    10000   TIME(PS) =      20.000  TEMP(K) =    59.82  PRESS =     0.0
 Etot   =         0.0000  EKtot   =         0.0000  EPtot      =        11.5781
 BOND   =         0.0000  ANGLE   =         0.0000  DIHED      =         0.0000
 1-4 NB =         0.0000  1-4 EEL =        -8.1181  VDWAALS    =         6.9214
 EELEC  =        12.7748  EHBOND  =         0.0000  RESTRAINT  =         0.0000
 EAMBER (non-restraint)  =        11.5781
 DV/DL  =        11.5781
 Ewald error estimate:   0.0000E+00
 ------------------------------------------------------------------------------


 NMR restraints on final step:

--------------------------------------------------------------------------------
   5.  TIMINGS
--------------------------------------------------------------------------------

|  NonSetup CPU Time in Major Routines, Average for All Tasks:
|
|     Routine           Sec        %
|     ------------------------------
|     DataDistrib      30.04    4.30
|     Nonbond         634.06   90.85
|     Bond              2.79    0.40
|     Angle             1.74    0.25
|     Dihedral          9.61    1.38
|     Shake             4.08    0.58
|     RunMD            15.59    2.23
|     Other             0.04    0.01
|     ------------------------------
|     Total           697.95

|  PME Nonbond Pairlist CPU Time, Average for All Tasks:
|
|     Routine              Sec        %
|     ---------------------------------
|     Set Up Cit           1.18    0.17
|     Build List          43.29    6.20
|     ---------------------------------
|     Total               44.46    6.37

|  PME Direct Force CPU Time, Average for All Tasks:
|
|     Routine              Sec        %
|     ---------------------------------
|     NonBonded Calc     255.50   36.61
|     Exclude Masked      13.64    1.95
|     Other               31.70    4.54
|     ---------------------------------
|     Total              300.84   43.10

|  PME Reciprocal Force CPU Time, Average for All Tasks:
|
|     Routine              Sec        %
|     ---------------------------------
|     1D bspline          27.02    3.87
|     Grid Charges        38.87    5.57
|     Scalar Sum           5.88    0.84
|     Gradient Sum        49.01    7.02
|     FFT                167.94   24.06
|     ---------------------------------
|     Total              288.71   41.37

|  PME Load Balancing CPU Time, Average for All Tasks:
|
|     Routine                 Sec        %
|     ------------------------------------
|     Atom Reassign           0.01    0.00
|     Image Reassign          0.00    0.00
|     FFT Reassign            0.00    0.00
|     ------------------------------------
|     Total                   0.01    0.00

|  Final Performance Info:
|     -----------------------------------------------------
|     Average timings for last       1 steps:
|     Elapsed(s) =       0.00 Per Step(ms) =       0.76
|         ns/day =     227.07   seconds/ns =     380.49
|
|     Average timings for all steps:
|     Elapsed(s) =     702.07 Per Step(ms) =      70.21
|         ns/day =       2.46   seconds/ns =   35103.59
|     -----------------------------------------------------

|  Master Setup CPU time:            0.28 seconds
|  Master NonSetup CPU time:       696.59 seconds
|  Master Total CPU time:          696.87 seconds     0.19 hours

|  Master Setup wall time:           0    seconds
|  Master NonSetup wall time:      702    seconds
|  Master Total wall time:         702    seconds     0.20 hours
