
Static FFT Slab Distribution:

  FFT slabs assigned to    4 tasks
  Maximum of   20 xy slabs per task
  Maximum of   18 zx slabs per task
  Count of FFT xy slabs assigned to each task:
      20  20  20  20
  Count of FFT xz slabs assigned to each task:
      18  18  18  18

Atom Distribution No.     2 at run step    5026:

  Count of atoms assigned to each task:
         6811     8661     8431     6650

Atom Distribution No.     3 at run step    8566:

  Count of atoms assigned to each task:
         6768     8643     8276     6866

Major Routine Parallel Profiling - NonSetup CPU Seconds:

           D                                                              
           a                                                              
           t                                                              
           a                              D                               
           D         N                    i                               
           i         o                    h                               
           s         n             A      e      S      R      O         T
   T       t         B      B      n      d      h      u      t         o
   a       r         o      o      g      r      a      n      h         t
   s       i         n      n      l      a      k      M      e         a
   k       b         d      d      e      l      e      D      r         l
------------------------------------------------------------------------------
   0    34.5     622.0    2.5    2.7   15.2    3.9   15.7    0.0     696.6
   1    25.6     647.9    3.0    0.3    1.6    4.3   15.7    0.0     698.4
   2    26.8     644.7    3.0    0.7    3.3    4.3   15.4    0.0     698.3
   3    33.3     621.7    2.6    3.3   18.3    3.8   15.6    0.0     698.5
------------------------------------------------------------------------------
 avg    30.0     634.1    2.8    1.7    9.6    4.1   15.6    0.0     697.9
 min    25.6     621.7    2.5    0.3    1.6    3.8   15.4    0.0     696.6
 max    34.5     647.9    3.0    3.3   18.3    4.3   15.7    0.0     698.5
 std     3.9      12.3    0.2    1.3    7.3    0.2    0.1    0.0       0.8
------------------------------------------------------------------------------

PME NonBond Parallel Profiling - NonSetup CPU Seconds:

                     D                           
           P         i         R                 
           a         r         e      L          
           i         e         c      o          
           r         c         i      a         T
   T       l         t         p      d         o
   a       i         F         F      B         t
   s       s         r         r      a         a
   k       t         c         c      l         l
-------------------------------------------------
   0    40.7     292.4     288.9    0.0     621.9
   1    48.4     317.3     282.2    0.0     647.9
   2    47.7     309.4     287.6    0.0     644.7
   3    41.1     284.3     296.2    0.0     621.6
-------------------------------------------------
 avg    44.5     300.8     288.7    0.0     634.0
-------------------------------------------------
