            --------------------------------------------------------
                             AMBER SQM VERSION 17
 
                                     By
              Ross C. Walker, Michael F. Crowley, Scott Brozell,
                         Tim Giese, Andreas W. Goetz,
                        Tai-Sung Lee and David A. Case
 
            --------------------------------------------------------
 

--------------------------------------------------------------------------------
  QM CALCULATION INFO
--------------------------------------------------------------------------------

| QMMM: Citation for AMBER QMMM Run:
| QMMM: R.C. Walker, M.F. Crowley and D.A. Case, J. COMP. CHEM. 29:1019, 2008

QMMM: SINGLET STATE CALCULATION
QMMM: RHF CALCULATION, NO. OF DOUBLY OCCUPIED LEVELS = 18

| QMMM: *** Selected Hamiltonian *** 
| QMMM: AM1         

| QMMM: *** Parameter sets in use ***
| QMMM: C : M.J.S.DEWAR et al. JACS, 107, 3902, (1985)
| QMMM: H : M.J.S.DEWAR et al. JACS, 107, 3902, (1985)
| QMMM: O : M.J.S.DEWAR et al. JACS, 107, 3902, (1985)

| QMMM: *** SCF convergence criteria ***
| QMMM: Energy change                :  0.1D-07 kcal/mol
| QMMM: Error matrix |FP-PF|         :  0.1D+00 au
| QMMM: Density matrix change        :  0.5D-05
| QMMM: Maximum number of SCF cycles :     1000

| QMMM: *** Diagonalization Routine Information ***
| QMMM: Pseudo diagonalizations are allowed.
| QMMM: Auto diagonalization routine selection is in use.
| QMMM:
| QMMM: Timing diagonalization routines:
| QMMM:                              norbs =       34
| QMMM:    diag iterations used for timing =       20
| QMMM:
| QMMM:              Internal diag routine = 0.002692 seconds
| QMMM:                 Dspev diag routine = 0.004077 seconds
| QMMM:                Dspevd diag routine = 0.003304 seconds
| QMMM:                Dspevx diag routine = 0.012404 seconds
| QMMM:                 Dsyev diag routine = 0.003191 seconds
| QMMM:                Dsyevd diag routine = 0.003213 seconds
| QMMM:                Dsyevr diag routine = 0.003531 seconds
| QMMM:
| QMMM:                Pseudo diag routine = 0.000533 seconds
| QMMM:
| QMMM: Using internal diagonalization routine (diag_routine=1).

  QMMM: QM Region Cartesian Coordinates (*=link atom) 
  QMMM: QM_NO.   MM_NO.  ATOM         X         Y         Z
  QMMM:     1        1      C       25.9917    5.3323    4.7683
  QMMM:     2        2      C       26.4005    5.0709    3.5057
  QMMM:     3        3      C       26.5002    6.3879    5.4477
  QMMM:     4        4      C       27.3217    5.8647    2.9152
  QMMM:     5        5      C       27.4218    7.1807    4.8499
  QMMM:     6        6      C       27.8321    6.9205    3.5874
  QMMM:     7        7      H       25.2499    4.6879    5.2371
  QMMM:     8        8      H       25.9883    4.2210    2.9654
  QMMM:     9        9      H       27.6512    5.6546    1.8996
  QMMM:    10       10      H       27.8378    8.0327    5.3849
  QMMM:    11       11      H       28.5731    7.5609    3.1132
  QMMM:    12       12      O       26.0950    6.6462    6.6984
  QMMM:    13       13      H       25.4387    5.9701    6.9411

--------------------------------------------------------------------------------
  RESULTS
--------------------------------------------------------------------------------

      iter         sqm energy              rms gradient
      ----    -------------------    -----------------------
xmin    10      -22.3622 kcal/mol        0.0691 kcal/(mol*A)
  ... geometry converged !
 
 Final MO eigenvalues (eV):
 -40.1400  -37.3839  -31.6214  -30.2571  -23.6831  -23.0037  -18.9985  -17.4249
 -16.5457  -15.0469  -15.0334  -14.4060  -14.2721  -12.6448  -12.5056  -11.9405
  -9.8508   -9.1146    0.3977    0.5080    2.8395    3.0256    3.8007    3.8350
   4.0820    4.3064    4.4230    4.7203    5.0367    5.2200    5.4190    5.6119
   5.8360    6.3191

 Heat of formation   =        -22.36228195 kcal/mol  (       -0.96970131 eV)

 Total SCF energy    =     -27003.12048356 kcal/mol  (    -1170.94317174 eV)
 Electronic energy   =    -102762.55681550 kcal/mol  (    -4456.11885068 eV)
 Core-core repulsion =      75759.43633194 kcal/mol  (     3285.17567894 eV)
 
    Atomic Charges for Step       1 :
  Atom    Element       Mulliken Charge
     1      C                 -0.213
     2      C                 -0.092
     3      C                  0.078
     4      C                 -0.166
     5      C                 -0.157
     6      C                 -0.097
     7      H                  0.133
     8      H                  0.132
     9      H                  0.133
    10      H                  0.150
    11      H                  0.134
    12      O                 -0.253
    13      H                  0.217
 Total Mulliken Charge =      -0.000
 
                  X        Y        Z     TOTAL  
  QM DIPOLE    -0.561   -0.994   -0.465    1.233
 
 Final Structure

  QMMM: QM Region Cartesian Coordinates (*=link atom) 
  QMMM: QM_NO.   MM_NO.  ATOM         X         Y         Z
  QMMM:     1        1      C       25.9511    5.2795    4.7659
  QMMM:     2        2      C       26.3869    5.0278    3.4663
  QMMM:     3        3      C       26.4806    6.3745    5.4629
  QMMM:     4        4      C       27.3369    5.8544    2.8684
  QMMM:     5        5      C       27.4386    7.2142    4.8695
  QMMM:     6        6      C       27.8583    6.9427    3.5713
  QMMM:     7        7      H       25.2026    4.6296    5.2395
  QMMM:     8        8      H       25.9762    4.1706    2.9123
  QMMM:     9        9      H       27.6764    5.6499    1.8431
  QMMM:    10       10      H       27.8385    8.0663    5.4359
  QMMM:    11       11      H       28.6081    7.5934    3.0966
  QMMM:    12       12      O       26.1021    6.6896    6.7485
  QMMM:    13       13      H       25.4456    6.0378    7.0336

           --------- Calculation Completed ----------

