
Static FFT Slab Distribution:

  FFT slabs assigned to    4 tasks
  Maximum of   20 xy slabs per task
  Maximum of   18 zx slabs per task
  Count of FFT xy slabs assigned to each task:
      20  20  20  20
  Count of FFT xz slabs assigned to each task:
      18  18  18  18

Atom Distribution No.     2 at run step    4995:

  Count of atoms assigned to each task:
         6829     8588     8409     6727

Atom Distribution No.     3 at run step    8539:

  Count of atoms assigned to each task:
         6792     8678     8224     6859

Major Routine Parallel Profiling - NonSetup CPU Seconds:

           D                                                              
           a                                                              
           t                                                              
           a                              D                               
           D         N                    i                               
           i         o                    h                               
           s         n             A      e      S      R      O         T
   T       t         B      B      n      d      h      u      t         o
   a       r         o      o      g      r      a      n      h         t
   s       i         n      n      l      a      k      M      e         a
   k       b         d      d      e      l      e      D      r         l
------------------------------------------------------------------------------
   0    33.4     627.5    2.5    2.5   15.2    4.0   15.8    0.1     701.1
   1    26.5     645.7    3.2    0.3    1.5    4.5   15.5    0.1     697.4
   2    25.4     640.4    2.9    0.5    2.9    4.6   15.3    0.0     692.2
   3    33.3     624.4    2.8    3.3   18.3    3.8   15.3    0.0     701.1
------------------------------------------------------------------------------
 avg    29.7     634.5    2.8    1.7    9.5    4.2   15.5    0.1     697.9
 min    25.4     624.4    2.5    0.3    1.5    3.8   15.3    0.0     692.2
 max    33.4     645.7    3.2    3.3   18.3    4.6   15.8    0.1     701.1
 std     3.7       8.8    0.3    1.3    7.4    0.4    0.2    0.0       3.6
------------------------------------------------------------------------------

PME NonBond Parallel Profiling - NonSetup CPU Seconds:

                     D                           
           P         i         R                 
           a         r         e      L          
           i         e         c      o          
           r         c         i      a         T
   T       l         t         p      d         o
   a       i         F         F      B         t
   s       s         r         r      a         a
   k       t         c         c      l         l
-------------------------------------------------
   0    41.4     295.8     290.3    0.0     627.5
   1    48.4     315.9     281.3    0.0     645.7
   2    47.6     308.0     284.8    0.0     640.4
   3    41.7     286.1     296.5    0.0     624.4
-------------------------------------------------
 avg    44.8     301.4     288.2    0.0     634.5
-------------------------------------------------
