
          -------------------------------------------------------
          Amber 18 PMEMD                              2018
          -------------------------------------------------------

| PMEMD implementation of SANDER, Release 18

| Run on 06/28/2018 at 02:06:34

|   Executable path: /home/uv10/amber/bin/pmemd.MPI
| Working directory: /home/uv10/tutorials-amber/A9/ligand/pmemd/free_energy/complex/vdw_bonded/0.6
|          Hostname: Unknown
  [-O]verwriting output

File Assignments:
|   MDIN: heat.in                                                               
|  MDOUT: heat.out                                                              
| INPCRD: ti.rst7                                                               
|   PARM: ti.parm7                                                              
| RESTRT: heat.rst7                                                             
|   REFC: ti.rst7                                                               
|  MDVEL: mdvel                                                                 
|   MDEN: heat.en                                                               
|  MDCRD: heat.nc                                                               
| MDINFO: heat.info                                                             
|LOGFILE: heat.log                                                              
|  MDFRC: mdfrc                                                                 


 Here is the input file:

heating                                                                        
 &cntrl                                                                        
   imin = 0, nstlim = 10000, irest = 0, ntx = 1, dt = 0.002,                   
   ntt = 1, temp0 = 300.0, tempi = 50.0, tautp = 1.0,                          
   ntc = 2, ntf = 1,                                                           
   ntb = 1,                                                                    
   ioutfm = 1, iwrap = 1,                                                      
   ntwe = 1000, ntwx = 1000, ntpr = 1000, ntwr = 5000,                         
                                                                               
   nmropt = 1,                                                                 
   ntr = 1, restraint_wt = 5.00,                                               
   restraintmask='!:WAT & !@H=',                                               
                                                                               
   icfe = 1, clambda = 0.6, scalpha = 0.5, scbeta = 12.0,                      
   logdvdl = 0,                                                                
   timask1 = ':1', timask2 = ':2',                                             
   ifsc=1, scmask1=':1@H6', scmask2=':2@O1,H6', crgmask=':1@H6 | :2@O1,H6'     
 /                                                                             
                                                                               
 &ewald                                                                        
 /                                                                             
                                                                               
 &wt                                                                           
   type='TEMP0',                                                               
   istep1 = 0, istep2 = 8000,                                                  
   value1 = 50.0, value2 = 300.0                                               
 /                                                                             
                                                                               
 &wt type = 'END'                                                              
 /                                                                             
                                                                               


Note: ig = -1. Setting random seed to    30242 based on wallclock time in
      microseconds and disabling the synchronization of random numbers 
      between tasks to improve performance.
| irandom = 1, using AMBER's internal random number generator (default).
 
 
| Conditional Compilation Defines Used:
| MPI
| PUBFFT
| BINTRAJ
| EMIL

| Largest sphere to fit in unit cell has radius =    32.216

| New format PARM file being parsed.
| Version =    1.000 Date = 06/20/18 Time = 12:54:01

| Note: 1-4 EEL scale factors are being read from the topology file.

| Note: 1-4 VDW scale factors are being read from the topology file.
| Duplicated    0 dihedrals

| Duplicated    0 dihedrals

--------------------------------------------------------------------------------
   1.  RESOURCE   USE: 
--------------------------------------------------------------------------------

 getting box info from netcdf restart file
 NATOM  =   30553 NTYPES =      17 NBONH =   29246 MBONA  =    1323
 NTHETH =    2992 MTHETA =    1779 NPHIH =    6075 MPHIA  =    5535
 NHPARM =       0 NPARM  =       0 NNB   =   51644 NRES   =    9475
 NBONA  =    1323 NTHETA =    1779 NPHIA =    5535 NUMBND =      69
 NUMANG =     153 NPTRA  =     180 NATYP =      38 NPHB   =       1
 IFBOX  =       1 NMXRS  =      24 IFCAP =       0 NEXTRA =       0
 NCOPY  =       0

| Coordinate Index Table dimensions:    12   13   15
| Direct force subcell size =     5.3693    5.2846    5.1419

     BOX TYPE: RECTILINEAR

--------------------------------------------------------------------------------
   2.  CONTROL  DATA  FOR  THE  RUN
--------------------------------------------------------------------------------

default_name                                                                    

General flags:
     imin    =       0, nmropt  =       1

Nature and format of input:
     ntx     =       1, irest   =       0, ntrx    =       1

Nature and format of output:
     ntxo    =       2, ntpr    =    1000, ntrx    =       1, ntwr    =    5000
     iwrap   =       1, ntwx    =    1000, ntwv    =       0, ntwe    =    1000
     ioutfm  =       1, ntwprt  =       0, idecomp =       0, rbornstat=      0

Potential function:
     ntf     =       1, ntb     =       1, igb     =       0, nsnb    =      25
     ipol    =       0, gbsa    =       0, iesp    =       0
     dielc   =   1.00000, cut     =   8.00000, intdiel =   1.00000

Frozen or restrained atoms:
     ibelly  =       0, ntr     =       1
     restraint_wt =   5.00000

Molecular dynamics:
     nstlim  =     10000, nscm    =         0, nrespa  =         1
     t       =   0.00000, dt      =   0.00200, vlimit  =  20.00000

Berendsen (weak-coupling) temperature regulation:
     temp0   = 300.00000, tempi   =  50.00000, tautp   =   1.00000

SHAKE:
     ntc     =       2, jfastw  =       0
     tol     =   0.00001

NMR refinement options:
     iscale  =       0, noeskp  =       1, ipnlty  =       1, mxsub   =       1
     scalm   = 100.00000, pencut  =   0.10000, tausw   =   0.10000

Free energy options:
     icfe    =       1, ifsc    =       1, klambda =       1
     clambda =  0.6000, scalpha =  0.5000, scbeta  = 12.0000
     sceeorder =       2
     dynlmb =  0.0000 logdvdl =       0

| Intermolecular bonds treatment:
|     no_intermolecular_bonds =       1

| Energy averages sample interval:
|     ene_avg_sampling =    1000

Ewald parameters:
     verbose =       0, ew_type =       0, nbflag  =       1, use_pme =       1
     vdwmeth =       1, eedmeth =       1, netfrc  =       1
     Box X =   64.432   Box Y =   68.700   Box Z =   77.129
     Alpha =   90.000   Beta  =   90.000   Gamma =   90.000
     NFFT1 =   72       NFFT2 =   72       NFFT3 =   80
     Cutoff=    8.000   Tol   =0.100E-04
     Ewald Coefficient =  0.34864
     Interpolation order =    4

| PMEMD ewald parallel performance parameters:
|     block_fft =    0
|     fft_blk_y_divisor =    2
|     excl_recip =    0
|     excl_master =    0
|     atm_redist_freq =  320

    LOADING THE CONSTRAINED ATOMS AS GROUPS


   5.  REFERENCE ATOM COORDINATES

  default_name                                                                    
     Mask !:WAT & !@H=; matches  1307 atoms
     TI Mask 1 :1; matches     12 atoms
     TI Mask 2 :2; matches     13 atoms
     TI region 1:   30540 atoms
     TI region 2:   30541 atoms
     SC Mask 1 :1@H6; matches      1 atoms
     SC Mask 2 :2@O1,H6; matches      2 atoms
Removing charge of       0.1305 from atom      12
Removing charge of      -0.5539 from atom      24
Removing charge of       0.3791 from atom      25
Total charge of  -0.04433900 removed from       3 atoms

--------------------------------------------------------------------------------
   3.  ATOMIC COORDINATES AND VELOCITIES
--------------------------------------------------------------------------------

default_name                                                                    
 begin time read from input coords =    30.000 ps



           Begin reading energy term weight changes/NMR restraints
 WEIGHT CHANGES:
 TEMP0         0   8000   50.000000  300.000000      0      0

 RESTRAINTS:
                          ** No restraint defined **

                  Done reading weight changes/NMR restraints


 
 Number of triangulated 3-point waters found:     9307
 WARNING: SHAKEn bond for atoms       12       11 is partially softcore.
 Coordinates for common atoms will be synchronized from V0. 
 Consider using noshake mask or disabling SHAKE.

 Number of shake restraints removed in TI region  1 :        0
 Number of shake restraints removed in TI region  2 :        0

     Sum of charges for TI region  1 =  -0.13012107
     Assuming uniform neutralizing plasma


     Sum of charges for TI region  2 =   0.17526093
     Assuming uniform neutralizing plasma

| Dynamic Memory, Types Used:
| Reals             1929097
| Integers          1696061

| Nonbonded Pairs Initial Allocation:     1741521

| Running AMBER/MPI version on    4 MPI task

 
--------------------------------------------------------------------------------
   4.  RESULTS
--------------------------------------------------------------------------------

 ---------------------------------------------------
 APPROXIMATING switch and d/dx switch using CUBIC SPLINE INTERPOLATION
 using   5000.0 points per unit in tabled values
 TESTING RELATIVE ERROR over r ranging from 0.0 to cutoff
| CHECK switch(x): max rel err =   0.2738E-14   at   2.422500
| CHECK d/dx switch(x): max rel err =   0.8332E-11   at   2.782960
 ---------------------------------------------------
|---------------------------------------------------
| APPROXIMATING direct energy using CUBIC SPLINE INTERPOLATION
|  with   50.0 points per unit in tabled values
| Relative Error Limit not exceeded for r .gt.   2.47
| APPROXIMATING direct force using CUBIC SPLINE INTERPOLATION
|  with   50.0 points per unit in tabled values
| Relative Error Limit not exceeded for r .gt.   2.89
|---------------------------------------------------
   DOF for the SC part  1 of the system:    2
   SHAKE constraints in the SC region:    1
   DOF for the SC part  2 of the system:    5
   SHAKE constraints in the SC region:    1

| TI region  1


 NSTEP =        0   TIME(PS) =       0.000  TEMP(K) =    73.86  PRESS =     0.0
 Etot   =    -86659.0675  EKtot   =      4577.7498  EPtot      =    -91236.8173
 BOND   =       391.7053  ANGLE   =      1084.2361  DIHED      =      2036.5436
 1-4 NB =       613.0702  1-4 EEL =      6011.5885  VDWAALS    =     11367.2359
 EELEC  =   -112741.1969  EHBOND  =         0.0000  RESTRAINT  =         0.0000
 DV/DL  =        13.0154
 Ewald error estimate:   0.1057E-04
 ------------------------------------------------------------------------------

  Softcore part of the system:       1 atoms,       TEMP(K)    =         334.14
 SC_Etot=         0.7100  SC_EKtot=         0.6640  SC_EPtot   =         0.0460
 SC_BOND=         0.0000  SC_ANGLE=         0.0369  SC_DIHED   =         0.0210
 SC_14NB=        -0.0119  SC_14EEL=         0.0000  SC_VDW     =         0.0000
 SC_EEL =         0.0000
 SC_RES_DIST=     0.0000  SC_RES_ANG=       0.0000  SC_RES_TORS=         0.0000
 SC_EEL_DER=      0.0000  SC_VDW_DER=       6.8993  SC_DERIV   =         6.8993
 ------------------------------------------------------------------------------


| TI region  2


 NSTEP =        0   TIME(PS) =       0.000  TEMP(K) =    73.85  PRESS =     0.0
 Etot   =    -86659.6227  EKtot   =      4577.1947  EPtot      =    -91236.8173
 BOND   =       391.7053  ANGLE   =      1084.2361  DIHED      =      2036.5436
 1-4 NB =       613.0702  1-4 EEL =      6011.5885  VDWAALS    =     11367.2359
 EELEC  =   -112741.1969  EHBOND  =         0.0000  RESTRAINT  =         0.0000
 DV/DL  =        13.0154
 Ewald error estimate:   0.1057E-04
 ------------------------------------------------------------------------------

  Softcore part of the system:       2 atoms,       TEMP(K)    =          11.64
 SC_Etot=         1.1431  SC_EKtot=         0.0578  SC_EPtot   =         1.0853
 SC_BOND=         0.1234  SC_ANGLE=         0.4059  SC_DIHED   =         0.5192
 SC_14NB=         0.0367  SC_14EEL=         0.0000  SC_VDW     =         0.0000
 SC_EEL =         0.0000
 SC_RES_DIST=     0.0000  SC_RES_ANG=       0.0000  SC_RES_TORS=         0.0000
 SC_EEL_DER=      0.0000  SC_VDW_DER=       6.8993  SC_DERIV   =         6.8993
 ------------------------------------------------------------------------------

 NMR restraints: Bond =    0.000   Angle =     0.000   Torsion =     0.000
===============================================================================

| TI region  1


 NSTEP =     1000   TIME(PS) =       2.000  TEMP(K) =   136.46  PRESS =     0.0
 Etot   =    -99900.4828  EKtot   =      8458.0313  EPtot      =   -108358.5141
 BOND   =       205.6614  ANGLE   =       524.7022  DIHED      =      1869.7462
 1-4 NB =       557.5416  1-4 EEL =      5962.7771  VDWAALS    =     16600.8192
 EELEC  =   -134215.1202  EHBOND  =         0.0000  RESTRAINT  =       135.3584
 EAMBER (non-restraint)  =   -108493.8724
 DV/DL  =         6.6172
 Ewald error estimate:   0.1553E-03
 ------------------------------------------------------------------------------

  Softcore part of the system:       1 atoms,       TEMP(K)    =          99.25
 SC_Etot=         0.3455  SC_EKtot=         0.1972  SC_EPtot   =         0.1483
 SC_BOND=         0.0000  SC_ANGLE=         0.0622  SC_DIHED   =         0.1016
 SC_14NB=        -0.0155  SC_14EEL=         0.0000  SC_VDW     =         0.0000
 SC_EEL =         0.0000
 SC_RES_DIST=     0.0000  SC_RES_ANG=       0.0000  SC_RES_TORS=         0.0000
 SC_EEL_DER=      0.0000  SC_VDW_DER=       3.7156  SC_DERIV   =         3.7156
 ------------------------------------------------------------------------------


| TI region  2


 NSTEP =     1000   TIME(PS) =       2.000  TEMP(K) =   136.45  PRESS =     0.0
 Etot   =    -99900.6058  EKtot   =      8457.9082  EPtot      =   -108358.5141
 BOND   =       205.6614  ANGLE   =       524.7022  DIHED      =      1869.7462
 1-4 NB =       557.5416  1-4 EEL =      5962.7771  VDWAALS    =     16600.8192
 EELEC  =   -134215.1202  EHBOND  =         0.0000  RESTRAINT  =       135.3584
 EAMBER (non-restraint)  =   -108493.8724
 DV/DL  =         6.6172
 Ewald error estimate:   0.1553E-03
 ------------------------------------------------------------------------------

  Softcore part of the system:       2 atoms,       TEMP(K)    =          14.93
 SC_Etot=         0.4238  SC_EKtot=         0.0742  SC_EPtot   =         0.3496
 SC_BOND=         0.0153  SC_ANGLE=         0.1138  SC_DIHED   =         0.1897
 SC_14NB=         0.0309  SC_14EEL=         0.0000  SC_VDW     =         0.0000
 SC_EEL =         0.0000
 SC_RES_DIST=     0.1090  SC_RES_ANG=       0.0000  SC_RES_TORS=         0.0000
 SC_EEL_DER=      0.0000  SC_VDW_DER=       3.7156  SC_DERIV   =         3.7156
 ------------------------------------------------------------------------------

 NMR restraints: Bond =    0.000   Angle =     0.000   Torsion =     0.000
===============================================================================

| TI region  1


 NSTEP =     2000   TIME(PS) =       4.000  TEMP(K) =   119.15  PRESS =     0.0
 Etot   =   -103308.0201  EKtot   =      7384.8563  EPtot      =   -110692.8764
 BOND   =       171.7613  ANGLE   =       482.1931  DIHED      =      1870.2488
 1-4 NB =       568.3822  1-4 EEL =      6001.2846  VDWAALS    =     17297.7602
 EELEC  =   -137209.8430  EHBOND  =         0.0000  RESTRAINT  =       125.3363
 EAMBER (non-restraint)  =   -110818.2127
 DV/DL  =         8.0658
 Ewald error estimate:   0.1934E-03
 ------------------------------------------------------------------------------

  Softcore part of the system:       1 atoms,       TEMP(K)    =          82.39
 SC_Etot=         0.1740  SC_EKtot=         0.1637  SC_EPtot   =         0.0103
 SC_BOND=         0.0000  SC_ANGLE=         0.0100  SC_DIHED   =         0.0154
 SC_14NB=        -0.0151  SC_14EEL=         0.0000  SC_VDW     =         0.0000
 SC_EEL =         0.0000
 SC_RES_DIST=     0.0000  SC_RES_ANG=       0.0000  SC_RES_TORS=         0.0000
 SC_EEL_DER=      0.0000  SC_VDW_DER=       5.3160  SC_DERIV   =         5.3160
 ------------------------------------------------------------------------------


| TI region  2


 NSTEP =     2000   TIME(PS) =       4.000  TEMP(K) =   119.15  PRESS =     0.0
 Etot   =   -103307.7738  EKtot   =      7385.1026  EPtot      =   -110692.8764
 BOND   =       171.7613  ANGLE   =       482.1931  DIHED      =      1870.2488
 1-4 NB =       568.3822  1-4 EEL =      6001.2846  VDWAALS    =     17297.7602
 EELEC  =   -137209.8430  EHBOND  =         0.0000  RESTRAINT  =       125.3363
 EAMBER (non-restraint)  =   -110818.2127
 DV/DL  =         8.0658
 Ewald error estimate:   0.1934E-03
 ------------------------------------------------------------------------------

  Softcore part of the system:       2 atoms,       TEMP(K)    =          82.54
 SC_Etot=         0.8782  SC_EKtot=         0.4100  SC_EPtot   =         0.4682
 SC_BOND=         0.0162  SC_ANGLE=         0.3951  SC_DIHED   =         0.0140
 SC_14NB=         0.0430  SC_14EEL=         0.0000  SC_VDW     =         0.0000
 SC_EEL =         0.0000
 SC_RES_DIST=     0.1015  SC_RES_ANG=       0.0000  SC_RES_TORS=         0.0000
 SC_EEL_DER=      0.0000  SC_VDW_DER=       5.3160  SC_DERIV   =         5.3160
 ------------------------------------------------------------------------------

 NMR restraints: Bond =    0.000   Angle =     0.000   Torsion =     0.000
===============================================================================

| TI region  1


 NSTEP =     3000   TIME(PS) =       6.000  TEMP(K) =   126.74  PRESS =     0.0
 Etot   =   -102495.8339  EKtot   =      7855.2207  EPtot      =   -110351.0546
 BOND   =       190.2604  ANGLE   =       513.2356  DIHED      =      1879.3792
 1-4 NB =       570.0516  1-4 EEL =      5944.5432  VDWAALS    =     17556.1253
 EELEC  =   -137146.7515  EHBOND  =         0.0000  RESTRAINT  =       142.1016
 EAMBER (non-restraint)  =   -110493.1562
 DV/DL  =         6.9572
 Ewald error estimate:   0.2551E-03
 ------------------------------------------------------------------------------

  Softcore part of the system:       1 atoms,       TEMP(K)    =         216.85
 SC_Etot=         0.4565  SC_EKtot=         0.4309  SC_EPtot   =         0.0256
 SC_BOND=         0.0000  SC_ANGLE=         0.0042  SC_DIHED   =         0.0387
 SC_14NB=        -0.0174  SC_14EEL=         0.0000  SC_VDW     =         0.0000
 SC_EEL =         0.0000
 SC_RES_DIST=     0.0000  SC_RES_ANG=       0.0000  SC_RES_TORS=         0.0000
 SC_EEL_DER=      0.0000  SC_VDW_DER=       3.5427  SC_DERIV   =         3.5427
 ------------------------------------------------------------------------------


| TI region  2


 NSTEP =     3000   TIME(PS) =       6.000  TEMP(K) =   126.73  PRESS =     0.0
 Etot   =   -102495.6032  EKtot   =      7855.4514  EPtot      =   -110351.0546
 BOND   =       190.2604  ANGLE   =       513.2356  DIHED      =      1879.3792
 1-4 NB =       570.0516  1-4 EEL =      5944.5432  VDWAALS    =     17556.1253
 EELEC  =   -137146.7515  EHBOND  =         0.0000  RESTRAINT  =       142.1016
 EAMBER (non-restraint)  =   -110493.1562
 DV/DL  =         6.9572
 Ewald error estimate:   0.2551E-03
 ------------------------------------------------------------------------------

  Softcore part of the system:       2 atoms,       TEMP(K)    =         133.18
 SC_Etot=         2.0325  SC_EKtot=         0.6617  SC_EPtot   =         1.3708
 SC_BOND=         0.4611  SC_ANGLE=         0.6612  SC_DIHED   =         0.1826
 SC_14NB=         0.0659  SC_14EEL=         0.0000  SC_VDW     =         0.0000
 SC_EEL =         0.0000
 SC_RES_DIST=     0.0468  SC_RES_ANG=       0.0000  SC_RES_TORS=         0.0000
 SC_EEL_DER=      0.0000  SC_VDW_DER=       3.5427  SC_DERIV   =         3.5427
 ------------------------------------------------------------------------------

 NMR restraints: Bond =    0.000   Angle =     0.000   Torsion =     0.000
===============================================================================

| TI region  1


 NSTEP =     4000   TIME(PS) =       8.000  TEMP(K) =   148.94  PRESS =     0.0
 Etot   =    -99797.9974  EKtot   =      9231.4843  EPtot      =   -109029.4817
 BOND   =       215.7683  ANGLE   =       594.1821  DIHED      =      1898.2147
 1-4 NB =       566.6040  1-4 EEL =      5983.3529  VDWAALS    =     17408.6501
 EELEC  =   -135850.1985  EHBOND  =         0.0000  RESTRAINT  =       153.9447
 EAMBER (non-restraint)  =   -109183.4264
 DV/DL  =         5.1280
 Ewald error estimate:   0.2687E-03
 ------------------------------------------------------------------------------

  Softcore part of the system:       1 atoms,       TEMP(K)    =         108.28
 SC_Etot=         0.3345  SC_EKtot=         0.2152  SC_EPtot   =         0.1193
 SC_BOND=         0.0000  SC_ANGLE=         0.0155  SC_DIHED   =         0.1203
 SC_14NB=        -0.0165  SC_14EEL=         0.0000  SC_VDW     =         0.0000
 SC_EEL =         0.0000
 SC_RES_DIST=     0.0000  SC_RES_ANG=       0.0000  SC_RES_TORS=         0.0000
 SC_EEL_DER=      0.0000  SC_VDW_DER=       2.2733  SC_DERIV   =         2.2733
 ------------------------------------------------------------------------------


| TI region  2


 NSTEP =     4000   TIME(PS) =       8.000  TEMP(K) =   148.95  PRESS =     0.0
 Etot   =    -99797.1811  EKtot   =      9232.3006  EPtot      =   -109029.4817
 BOND   =       215.7683  ANGLE   =       594.1821  DIHED      =      1898.2147
 1-4 NB =       566.6040  1-4 EEL =      5983.3529  VDWAALS    =     17408.6501
 EELEC  =   -135850.1985  EHBOND  =         0.0000  RESTRAINT  =       153.9447
 EAMBER (non-restraint)  =   -109183.4264
 DV/DL  =         5.1280
 Ewald error estimate:   0.2687E-03
 ------------------------------------------------------------------------------

  Softcore part of the system:       2 atoms,       TEMP(K)    =         207.62
 SC_Etot=         1.5904  SC_EKtot=         1.0315  SC_EPtot   =         0.5590
 SC_BOND=         0.1031  SC_ANGLE=         0.2375  SC_DIHED   =         0.1671
 SC_14NB=         0.0512  SC_14EEL=         0.0000  SC_VDW     =         0.0000
 SC_EEL =         0.0000
 SC_RES_DIST=     0.6446  SC_RES_ANG=       0.0000  SC_RES_TORS=         0.0000
 SC_EEL_DER=      0.0000  SC_VDW_DER=       2.2733  SC_DERIV   =         2.2733
 ------------------------------------------------------------------------------

 NMR restraints: Bond =    0.000   Angle =     0.000   Torsion =     0.000
===============================================================================

| TI region  1


 NSTEP =     5000   TIME(PS) =      10.000  TEMP(K) =   176.27  PRESS =     0.0
 Etot   =    -96203.6421  EKtot   =     10925.5287  EPtot      =   -107129.1708
 BOND   =       272.5168  ANGLE   =       640.8976  DIHED      =      1919.5132
 1-4 NB =       580.6744  1-4 EEL =      5959.2975  VDWAALS    =     16850.0702
 EELEC  =   -133527.5817  EHBOND  =         0.0000  RESTRAINT  =       175.4411
 EAMBER (non-restraint)  =   -107304.6118
 DV/DL  =         8.5899
 Ewald error estimate:   0.2314E-03
 ------------------------------------------------------------------------------

  Softcore part of the system:       1 atoms,       TEMP(K)    =          72.76
 SC_Etot=         0.3282  SC_EKtot=         0.1446  SC_EPtot   =         0.1836
 SC_BOND=         0.0000  SC_ANGLE=         0.0479  SC_DIHED   =         0.1459
 SC_14NB=        -0.0102  SC_14EEL=         0.0000  SC_VDW     =         0.0000
 SC_EEL =         0.0000
 SC_RES_DIST=     0.0000  SC_RES_ANG=       0.0000  SC_RES_TORS=         0.0000
 SC_EEL_DER=      0.0000  SC_VDW_DER=       6.7526  SC_DERIV   =         6.7526
 ------------------------------------------------------------------------------


| TI region  2


 NSTEP =     5000   TIME(PS) =      10.000  TEMP(K) =   176.27  PRESS =     0.0
 Etot   =    -96203.1955  EKtot   =     10925.9753  EPtot      =   -107129.1708
 BOND   =       272.5168  ANGLE   =       640.8976  DIHED      =      1919.5132
 1-4 NB =       580.6744  1-4 EEL =      5959.2975  VDWAALS    =     16850.0702
 EELEC  =   -133527.5817  EHBOND  =         0.0000  RESTRAINT  =       175.4411
 EAMBER (non-restraint)  =   -107304.6118
 DV/DL  =         8.5899
 Ewald error estimate:   0.2314E-03
 ------------------------------------------------------------------------------

  Softcore part of the system:       2 atoms,       TEMP(K)    =         118.99
 SC_Etot=         1.6566  SC_EKtot=         0.5912  SC_EPtot   =         1.0654
 SC_BOND=         0.0010  SC_ANGLE=         0.0044  SC_DIHED   =         0.9897
 SC_14NB=         0.0703  SC_14EEL=         0.0000  SC_VDW     =         0.0000
 SC_EEL =         0.0000
 SC_RES_DIST=     0.0923  SC_RES_ANG=       0.0000  SC_RES_TORS=         0.0000
 SC_EEL_DER=      0.0000  SC_VDW_DER=       6.7526  SC_DERIV   =         6.7526
 ------------------------------------------------------------------------------

 NMR restraints: Bond =    0.000   Angle =     0.000   Torsion =     0.000
===============================================================================

| TI region  1


 NSTEP =     6000   TIME(PS) =      12.000  TEMP(K) =   202.42  PRESS =     0.0
 Etot   =    -92053.8052  EKtot   =     12546.3585  EPtot      =   -104600.1637
 BOND   =       291.4022  ANGLE   =       767.4800  DIHED      =      1952.1002
 1-4 NB =       584.7403  1-4 EEL =      5970.8381  VDWAALS    =     16049.2019
 EELEC  =   -130420.6056  EHBOND  =         0.0000  RESTRAINT  =       204.6791
 EAMBER (non-restraint)  =   -104804.8428
 DV/DL  =         6.1095
 Ewald error estimate:   0.2642E-03
 ------------------------------------------------------------------------------

  Softcore part of the system:       1 atoms,       TEMP(K)    =         124.71
 SC_Etot=         0.7472  SC_EKtot=         0.2478  SC_EPtot   =         0.4994
 SC_BOND=         0.0000  SC_ANGLE=         0.1730  SC_DIHED   =         0.3218
 SC_14NB=         0.0046  SC_14EEL=         0.0000  SC_VDW     =         0.0000
 SC_EEL =         0.0000
 SC_RES_DIST=     0.0000  SC_RES_ANG=       0.0000  SC_RES_TORS=         0.0000
 SC_EEL_DER=      0.0000  SC_VDW_DER=       4.0327  SC_DERIV   =         4.0327
 ------------------------------------------------------------------------------


| TI region  2


 NSTEP =     6000   TIME(PS) =      12.000  TEMP(K) =   202.42  PRESS =     0.0
 Etot   =    -92053.3485  EKtot   =     12546.8152  EPtot      =   -104600.1637
 BOND   =       291.4022  ANGLE   =       767.4800  DIHED      =      1952.1002
 1-4 NB =       584.7403  1-4 EEL =      5970.8381  VDWAALS    =     16049.2019
 EELEC  =   -130420.6056  EHBOND  =         0.0000  RESTRAINT  =       204.6791
 EAMBER (non-restraint)  =   -104804.8428
 DV/DL  =         6.1095
 Ewald error estimate:   0.2642E-03
 ------------------------------------------------------------------------------

  Softcore part of the system:       2 atoms,       TEMP(K)    =         141.81
 SC_Etot=         2.2006  SC_EKtot=         0.7045  SC_EPtot   =         1.4961
 SC_BOND=         0.4065  SC_ANGLE=         0.2289  SC_DIHED   =         0.6749
 SC_14NB=         0.1858  SC_14EEL=         0.0000  SC_VDW     =         0.0000
 SC_EEL =         0.0000
 SC_RES_DIST=     0.1148  SC_RES_ANG=       0.0000  SC_RES_TORS=         0.0000
 SC_EEL_DER=      0.0000  SC_VDW_DER=       4.0327  SC_DERIV   =         4.0327
 ------------------------------------------------------------------------------

 NMR restraints: Bond =    0.000   Angle =     0.000   Torsion =     0.000
===============================================================================

| TI region  1


 NSTEP =     7000   TIME(PS) =      14.000  TEMP(K) =   229.66  PRESS =     0.0
 Etot   =    -87393.9463  EKtot   =     14234.6882  EPtot      =   -101628.6344
 BOND   =       330.0100  ANGLE   =       904.1810  DIHED      =      1981.8872
 1-4 NB =       588.6127  1-4 EEL =      5957.5016  VDWAALS    =     14979.6629
 EELEC  =   -126574.5755  EHBOND  =         0.0000  RESTRAINT  =       204.0859
 EAMBER (non-restraint)  =   -101832.7203
 DV/DL  =         7.3570
 Ewald error estimate:   0.5475E-04
 ------------------------------------------------------------------------------

  Softcore part of the system:       1 atoms,       TEMP(K)    =          15.34
 SC_Etot=         1.0008  SC_EKtot=         0.0305  SC_EPtot   =         0.9704
 SC_BOND=         0.0000  SC_ANGLE=         0.8772  SC_DIHED   =         0.0936
 SC_14NB=        -0.0004  SC_14EEL=         0.0000  SC_VDW     =         0.0000
 SC_EEL =         0.0000
 SC_RES_DIST=     0.0000  SC_RES_ANG=       0.0000  SC_RES_TORS=         0.0000
 SC_EEL_DER=      0.0000  SC_VDW_DER=       3.1663  SC_DERIV   =         3.1663
 ------------------------------------------------------------------------------


| TI region  2


 NSTEP =     7000   TIME(PS) =      14.000  TEMP(K) =   229.66  PRESS =     0.0
 Etot   =    -87393.4661  EKtot   =     14235.1683  EPtot      =   -101628.6344
 BOND   =       330.0100  ANGLE   =       904.1810  DIHED      =      1981.8872
 1-4 NB =       588.6127  1-4 EEL =      5957.5016  VDWAALS    =     14979.6629
 EELEC  =   -126574.5755  EHBOND  =         0.0000  RESTRAINT  =       204.0859
 EAMBER (non-restraint)  =   -101832.7203
 DV/DL  =         7.3570
 Ewald error estimate:   0.5475E-04
 ------------------------------------------------------------------------------

  Softcore part of the system:       2 atoms,       TEMP(K)    =         102.79
 SC_Etot=         0.9333  SC_EKtot=         0.5106  SC_EPtot   =         0.4226
 SC_BOND=         0.0446  SC_ANGLE=         0.1506  SC_DIHED   =         0.1760
 SC_14NB=         0.0515  SC_14EEL=         0.0000  SC_VDW     =         0.0000
 SC_EEL =         0.0000
 SC_RES_DIST=     0.8024  SC_RES_ANG=       0.0000  SC_RES_TORS=         0.0000
 SC_EEL_DER=      0.0000  SC_VDW_DER=       3.1663  SC_DERIV   =         3.1663
 ------------------------------------------------------------------------------

 NMR restraints: Bond =    0.000   Angle =     0.000   Torsion =     0.000
===============================================================================

| TI region  1


 NSTEP =     8000   TIME(PS) =      16.000  TEMP(K) =   253.55  PRESS =     0.0
 Etot   =    -82138.0775  EKtot   =     15715.1248  EPtot      =    -97853.2022
 BOND   =       407.5854  ANGLE   =      1017.9595  DIHED      =      2021.7609
 1-4 NB =       595.7330  1-4 EEL =      5927.1136  VDWAALS    =     13699.4653
 EELEC  =   -121743.1854  EHBOND  =         0.0000  RESTRAINT  =       220.3654
 EAMBER (non-restraint)  =    -98073.5677
 DV/DL  =         6.0035
 Ewald error estimate:   0.3688E-04
 ------------------------------------------------------------------------------

  Softcore part of the system:       1 atoms,       TEMP(K)    =         331.04
 SC_Etot=         1.1406  SC_EKtot=         0.6578  SC_EPtot   =         0.4828
 SC_BOND=         0.0000  SC_ANGLE=         0.0286  SC_DIHED   =         0.4624
 SC_14NB=        -0.0082  SC_14EEL=         0.0000  SC_VDW     =         0.0000
 SC_EEL =         0.0000
 SC_RES_DIST=     0.0000  SC_RES_ANG=       0.0000  SC_RES_TORS=         0.0000
 SC_EEL_DER=      0.0000  SC_VDW_DER=       2.7430  SC_DERIV   =         2.7430
 ------------------------------------------------------------------------------


| TI region  2


 NSTEP =     8000   TIME(PS) =      16.000  TEMP(K) =   253.57  PRESS =     0.0
 Etot   =    -82136.2106  EKtot   =     15716.9916  EPtot      =    -97853.2022
 BOND   =       407.5854  ANGLE   =      1017.9595  DIHED      =      2021.7609
 1-4 NB =       595.7330  1-4 EEL =      5927.1136  VDWAALS    =     13699.4653
 EELEC  =   -121743.1854  EHBOND  =         0.0000  RESTRAINT  =       220.3654
 EAMBER (non-restraint)  =    -98073.5677
 DV/DL  =         6.0035
 Ewald error estimate:   0.3688E-04
 ------------------------------------------------------------------------------

  Softcore part of the system:       2 atoms,       TEMP(K)    =         508.19
 SC_Etot=         2.8808  SC_EKtot=         2.5247  SC_EPtot   =         0.3561
 SC_BOND=         0.0622  SC_ANGLE=         0.0152  SC_DIHED   =         0.2255
 SC_14NB=         0.0532  SC_14EEL=         0.0000  SC_VDW     =         0.0000
 SC_EEL =         0.0000
 SC_RES_DIST=     0.1487  SC_RES_ANG=       0.0000  SC_RES_TORS=         0.0000
 SC_EEL_DER=      0.0000  SC_VDW_DER=       2.7430  SC_DERIV   =         2.7430
 ------------------------------------------------------------------------------

 NMR restraints: Bond =    0.000   Angle =     0.000   Torsion =     0.000
===============================================================================

| TI region  1


 NSTEP =     9000   TIME(PS) =      18.000  TEMP(K) =   273.33  PRESS =     0.0
 Etot   =    -77811.9072  EKtot   =     16941.4300  EPtot      =    -94753.3372
 BOND   =       440.0941  ANGLE   =      1110.4961  DIHED      =      2061.6270
 1-4 NB =       606.8042  1-4 EEL =      5968.9622  VDWAALS    =     12428.3074
 EELEC  =   -117620.5021  EHBOND  =         0.0000  RESTRAINT  =       250.8740
 EAMBER (non-restraint)  =    -95004.2112
 DV/DL  =         8.1053
 Ewald error estimate:   0.4273E-04
 ------------------------------------------------------------------------------

  Softcore part of the system:       1 atoms,       TEMP(K)    =          76.34
 SC_Etot=         0.5434  SC_EKtot=         0.1517  SC_EPtot   =         0.3917
 SC_BOND=         0.0000  SC_ANGLE=         0.2373  SC_DIHED   =         0.1740
 SC_14NB=        -0.0197  SC_14EEL=         0.0000  SC_VDW     =         0.0000
 SC_EEL =         0.0000
 SC_RES_DIST=     0.0000  SC_RES_ANG=       0.0000  SC_RES_TORS=         0.0000
 SC_EEL_DER=      0.0000  SC_VDW_DER=       5.8782  SC_DERIV   =         5.8782
 ------------------------------------------------------------------------------


| TI region  2


 NSTEP =     9000   TIME(PS) =      18.000  TEMP(K) =   273.34  PRESS =     0.0
 Etot   =    -77810.8885  EKtot   =     16942.4486  EPtot      =    -94753.3372
 BOND   =       440.0941  ANGLE   =      1110.4961  DIHED      =      2061.6270
 1-4 NB =       606.8042  1-4 EEL =      5968.9622  VDWAALS    =     12428.3074
 EELEC  =   -117620.5021  EHBOND  =         0.0000  RESTRAINT  =       250.8740
 EAMBER (non-restraint)  =    -95004.2112
 DV/DL  =         8.1053
 Ewald error estimate:   0.4273E-04
 ------------------------------------------------------------------------------

  Softcore part of the system:       2 atoms,       TEMP(K)    =         235.58
 SC_Etot=         2.3156  SC_EKtot=         1.1704  SC_EPtot   =         1.1452
 SC_BOND=         0.4113  SC_ANGLE=         0.3173  SC_DIHED   =         0.4178
 SC_14NB=        -0.0012  SC_14EEL=         0.0000  SC_VDW     =         0.0000
 SC_EEL =         0.0000
 SC_RES_DIST=     0.2143  SC_RES_ANG=       0.0000  SC_RES_TORS=         0.0000
 SC_EEL_DER=      0.0000  SC_VDW_DER=       5.8782  SC_DERIV   =         5.8782
 ------------------------------------------------------------------------------

 NMR restraints: Bond =    0.000   Angle =     0.000   Torsion =     0.000
===============================================================================

| TI region  1


 NSTEP =    10000   TIME(PS) =      20.000  TEMP(K) =   285.25  PRESS =     0.0
 Etot   =    -75400.4331  EKtot   =     17680.2437  EPtot      =    -93080.6768
 BOND   =       493.0648  ANGLE   =      1193.7964  DIHED      =      2037.5329
 1-4 NB =       596.2635  1-4 EEL =      5969.3643  VDWAALS    =     11872.6339
 EELEC  =   -115495.0470  EHBOND  =         0.0000  RESTRAINT  =       251.7144
 EAMBER (non-restraint)  =    -93332.3912
 DV/DL  =         3.2020
 Ewald error estimate:   0.3785E-04
 ------------------------------------------------------------------------------

  Softcore part of the system:       1 atoms,       TEMP(K)    =         288.89
 SC_Etot=         1.3654  SC_EKtot=         0.5741  SC_EPtot   =         0.7913
 SC_BOND=         0.0000  SC_ANGLE=         0.4450  SC_DIHED   =         0.3523
 SC_14NB=        -0.0060  SC_14EEL=         0.0000  SC_VDW     =         0.0000
 SC_EEL =         0.0000
 SC_RES_DIST=     0.0000  SC_RES_ANG=       0.0000  SC_RES_TORS=         0.0000
 SC_EEL_DER=      0.0000  SC_VDW_DER=       2.4030  SC_DERIV   =         2.4030
 ------------------------------------------------------------------------------


| TI region  2


 NSTEP =    10000   TIME(PS) =      20.000  TEMP(K) =   285.24  PRESS =     0.0
 Etot   =    -75400.5052  EKtot   =     17680.1716  EPtot      =    -93080.6768
 BOND   =       493.0648  ANGLE   =      1193.7964  DIHED      =      2037.5329
 1-4 NB =       596.2635  1-4 EEL =      5969.3643  VDWAALS    =     11872.6339
 EELEC  =   -115495.0470  EHBOND  =         0.0000  RESTRAINT  =       251.7144
 EAMBER (non-restraint)  =    -93332.3912
 DV/DL  =         3.2020
 Ewald error estimate:   0.3785E-04
 ------------------------------------------------------------------------------

  Softcore part of the system:       2 atoms,       TEMP(K)    =         101.04
 SC_Etot=         1.4699  SC_EKtot=         0.5020  SC_EPtot   =         0.9679
 SC_BOND=         0.0233  SC_ANGLE=         0.1180  SC_DIHED   =         0.8103
 SC_14NB=         0.0163  SC_14EEL=         0.0000  SC_VDW     =         0.0000
 SC_EEL =         0.0000
 SC_RES_DIST=     0.9696  SC_RES_ANG=       0.0000  SC_RES_TORS=         0.0000
 SC_EEL_DER=      0.0000  SC_VDW_DER=       2.4030  SC_DERIV   =         2.4030
 ------------------------------------------------------------------------------

 NMR restraints: Bond =    0.000   Angle =     0.000   Torsion =     0.000
===============================================================================

| TI region  1


      A V E R A G E S   O V E R      10 S T E P S


 NSTEP =    10000   TIME(PS) =      20.000  TEMP(K) =   195.18  PRESS =     0.0
 Etot   =    -91650.4146  EKtot   =     12097.2966  EPtot      =   -103747.7112
 BOND   =       301.8125  ANGLE   =       774.9124  DIHED      =      1949.2010
 1-4 NB =       581.5407  1-4 EEL =      5964.5035  VDWAALS    =     15474.2696
 EELEC  =   -128980.3410  EHBOND  =         0.0000  RESTRAINT  =       186.3901
 EAMBER (non-restraint)  =   -103934.1013
 DV/DL  =         6.6135
 Ewald error estimate:   0.1540E-03
 ------------------------------------------------------------------------------

 NMR restraints: Bond =    0.000   Angle =     0.000   Torsion =     0.000
===============================================================================
  Softcore part of the system:       1 atoms,       TEMP(K)    =         141.58
 SC_Etot=         0.6436  SC_EKtot=         0.2814  SC_EPtot   =         0.3623
 SC_BOND=         0.0000  SC_ANGLE=         0.1901  SC_DIHED   =         0.1826
 SC_14NB=        -0.0104  SC_14EEL=         0.0000  SC_VDW     =         0.0000
 SC_EEL =         0.0000
 SC_RES_DIST=     0.0000  SC_RES_ANG=       0.0000  SC_RES_TORS=         0.0000
 SC_EEL_DER=      0.0000  SC_VDW_DER=       3.9823  SC_DERIV   =         3.9823
 ------------------------------------------------------------------------------


      R M S  F L U C T U A T I O N S


 NSTEP =    10000   TIME(PS) =      20.000  TEMP(K) =    59.40  PRESS =     0.0
 Etot   =      9864.2409  EKtot   =      3681.3881  EPtot      =      6221.5522
 BOND   =       107.0769  ANGLE   =       251.2580  DIHED      =        69.0553
 1-4 NB =        14.9051  1-4 EEL =        19.1502  VDWAALS    =      2013.3998
 EELEC  =      7751.3083  EHBOND  =         0.0000  RESTRAINT  =        44.3771
 EAMBER (non-restraint)  =      6177.1751
 DV/DL  =         1.5291
 Ewald error estimate:   0.9619E-04
 ------------------------------------------------------------------------------

  Softcore part of the system:       1 atoms,       TEMP(K)    =          97.41
 SC_Etot=         0.3815  SC_EKtot=         0.1936  SC_EPtot   =         0.3102
 SC_BOND=         0.0000  SC_ANGLE=         0.2645  SC_DIHED   =         0.1396
 SC_14NB=         0.0075  SC_14EEL=         0.0000  SC_VDW     =         0.0000
 SC_EEL =         0.0000
 SC_RES_DIST=     0.0000  SC_RES_ANG=       0.0000  SC_RES_TORS=         0.0000
 SC_EEL_DER=      0.0000  SC_VDW_DER=       1.4468  SC_DERIV   =         1.4468
 ------------------------------------------------------------------------------


| TI region  2


      A V E R A G E S   O V E R      10 S T E P S


 NSTEP =    10000   TIME(PS) =      20.000  TEMP(K) =   195.18  PRESS =     0.0
 Etot   =    -91649.8778  EKtot   =     12097.8333  EPtot      =   -103747.7112
 BOND   =       301.8125  ANGLE   =       774.9124  DIHED      =      1949.2010
 1-4 NB =       581.5407  1-4 EEL =      5964.5035  VDWAALS    =     15474.2696
 EELEC  =   -128980.3410  EHBOND  =         0.0000  RESTRAINT  =       186.3901
 EAMBER (non-restraint)  =   -103934.1013
 DV/DL  =         6.6135
 Ewald error estimate:   0.1540E-03
 ------------------------------------------------------------------------------

 NMR restraints: Bond =    0.000   Angle =     0.000   Torsion =     0.000
===============================================================================
  Softcore part of the system:       2 atoms,       TEMP(K)    =         164.67
 SC_Etot=         1.6382  SC_EKtot=         0.8181  SC_EPtot   =         0.8201
 SC_BOND=         0.1545  SC_ANGLE=         0.2242  SC_DIHED   =         0.3848
 SC_14NB=         0.0567  SC_14EEL=         0.0000  SC_VDW     =         0.0000
 SC_EEL =         0.0000
 SC_RES_DIST=     0.3244  SC_RES_ANG=       0.0000  SC_RES_TORS=         0.0000
 SC_EEL_DER=      0.0000  SC_VDW_DER=       3.9823  SC_DERIV   =         3.9823
 ------------------------------------------------------------------------------


      R M S  F L U C T U A T I O N S


 NSTEP =    10000   TIME(PS) =      20.000  TEMP(K) =    59.40  PRESS =     0.0
 Etot   =      9864.4386  EKtot   =      3681.6044  EPtot      =      6221.5522
 BOND   =       107.0769  ANGLE   =       251.2580  DIHED      =        69.0553
 1-4 NB =        14.9051  1-4 EEL =        19.1502  VDWAALS    =      2013.3998
 EELEC  =      7751.3083  EHBOND  =         0.0000  RESTRAINT  =        44.3771
 EAMBER (non-restraint)  =      6177.1751
 DV/DL  =         1.5291
 Ewald error estimate:   0.9619E-04
 ------------------------------------------------------------------------------

  Softcore part of the system:       2 atoms,       TEMP(K)    =         128.66
 SC_Etot=         0.7110  SC_EKtot=         0.6392  SC_EPtot   =         0.4165
 SC_BOND=         0.1806  SC_ANGLE=         0.1871  SC_DIHED   =         0.3107
 SC_14NB=         0.0478  SC_14EEL=         0.0000  SC_VDW     =         0.0000
 SC_EEL =         0.0000
 SC_RES_DIST=     0.3258  SC_RES_ANG=       0.0000  SC_RES_TORS=         0.0000
 SC_EEL_DER=      0.0000  SC_VDW_DER=       1.4468  SC_DERIV   =         1.4468
 ------------------------------------------------------------------------------


      DV/DL, AVERAGES OVER      10 STEPS


 NSTEP =    10000   TIME(PS) =      20.000  TEMP(K) =    59.40  PRESS =     0.0
 Etot   =         0.0000  EKtot   =         0.0000  EPtot      =         6.6135
 BOND   =        -0.0000  ANGLE   =        -0.0000  DIHED      =         0.0000
 1-4 NB =         0.0000  1-4 EEL =        -8.0181  VDWAALS    =         2.8749
 EELEC  =        11.7567  EHBOND  =         0.0000  RESTRAINT  =        -0.0000
 EAMBER (non-restraint)  =         6.6135
 DV/DL  =         6.6135
 Ewald error estimate:   0.0000E+00
 ------------------------------------------------------------------------------


 NMR restraints on final step:

--------------------------------------------------------------------------------
   5.  TIMINGS
--------------------------------------------------------------------------------

|  NonSetup CPU Time in Major Routines, Average for All Tasks:
|
|     Routine           Sec        %
|     ------------------------------
|     DataDistrib      29.53    4.23
|     Nonbond         634.25   90.93
|     Bond              2.84    0.41
|     Angle             1.74    0.25
|     Dihedral          9.44    1.35
|     Shake             4.22    0.61
|     RunMD            15.43    2.21
|     Other             0.04    0.01
|     ------------------------------
|     Total           697.49

|  PME Nonbond Pairlist CPU Time, Average for All Tasks:
|
|     Routine              Sec        %
|     ---------------------------------
|     Set Up Cit           1.19    0.17
|     Build List          43.25    6.20
|     ---------------------------------
|     Total               44.44    6.37

|  PME Direct Force CPU Time, Average for All Tasks:
|
|     Routine              Sec        %
|     ---------------------------------
|     NonBonded Calc     255.68   36.66
|     Exclude Masked      13.54    1.94
|     Other               31.74    4.55
|     ---------------------------------
|     Total              300.95   43.15

|  PME Reciprocal Force CPU Time, Average for All Tasks:
|
|     Routine              Sec        %
|     ---------------------------------
|     1D bspline          27.14    3.89
|     Grid Charges        38.71    5.55
|     Scalar Sum           5.91    0.85
|     Gradient Sum        48.92    7.01
|     FFT                168.11   24.10
|     ---------------------------------
|     Total              288.80   41.41

|  PME Load Balancing CPU Time, Average for All Tasks:
|
|     Routine                 Sec        %
|     ------------------------------------
|     Atom Reassign           0.01    0.00
|     Image Reassign          0.01    0.00
|     FFT Reassign            0.00    0.00
|     ------------------------------------
|     Total                   0.02    0.00

|  Final Performance Info:
|     -----------------------------------------------------
|     Average timings for last       1 steps:
|     Elapsed(s) =       0.00 Per Step(ms) =       0.74
|         ns/day =     233.52   seconds/ns =     370.00
|
|     Average timings for all steps:
|     Elapsed(s) =     701.96 Per Step(ms) =      70.20
|         ns/day =       2.46   seconds/ns =   35098.13
|     -----------------------------------------------------

|  Master Setup CPU time:            0.28 seconds
|  Master NonSetup CPU time:       691.42 seconds
|  Master Total CPU time:          691.71 seconds     0.19 hours

|  Master Setup wall time:           0    seconds
|  Master NonSetup wall time:      702    seconds
|  Master Total wall time:         702    seconds     0.20 hours
