
Static FFT Slab Distribution:

  FFT slabs assigned to    4 tasks
  Maximum of   20 xy slabs per task
  Maximum of   18 zx slabs per task
  Count of FFT xy slabs assigned to each task:
      20  20  20  20
  Count of FFT xz slabs assigned to each task:
      18  18  18  18

Atom Distribution No.     2 at run step    5005:

  Count of atoms assigned to each task:
         6673     8643     8507     6730

Atom Distribution No.     3 at run step    8579:

  Count of atoms assigned to each task:
         6702     8699     8367     6785

Major Routine Parallel Profiling - NonSetup CPU Seconds:

           D                                                              
           a                                                              
           t                                                              
           a                              D                               
           D         N                    i                               
           i         o                    h                               
           s         n             A      e      S      R      O         T
   T       t         B      B      n      d      h      u      t         o
   a       r         o      o      g      r      a      n      h         t
   s       i         n      n      l      a      k      M      e         a
   k       b         d      d      e      l      e      D      r         l
------------------------------------------------------------------------------
   0    33.2     618.0    2.6    2.7   15.1    3.9   15.9    0.0     691.4
   1    26.9     648.2    3.1    0.4    1.6    4.5   15.0    0.1     699.8
   2    25.4     649.1    3.1    0.6    3.0    4.4   15.3    0.0     700.9
   3    32.6     621.7    2.6    3.3   18.1    4.0   15.5    0.0     697.9
------------------------------------------------------------------------------
 avg    29.5     634.2    2.8    1.7    9.4    4.2   15.4    0.0     697.5
 min    25.4     618.0    2.6    0.4    1.6    3.9   15.0    0.0     691.4
 max    33.2     649.1    3.1    3.3   18.1    4.5   15.9    0.1     700.9
 std     3.4      14.5    0.2    1.3    7.3    0.3    0.3    0.0       3.7
------------------------------------------------------------------------------

PME NonBond Parallel Profiling - NonSetup CPU Seconds:

                     D                           
           P         i         R                 
           a         r         e      L          
           i         e         c      o          
           r         c         i      a         T
   T       l         t         p      d         o
   a       i         F         F      B         t
   s       s         r         r      a         a
   k       t         c         c      l         l
-------------------------------------------------
   0    40.5     291.2     286.2    0.0     618.0
   1    48.4     316.4     283.4    0.0     648.2
   2    48.0     312.0     289.0    0.0     649.1
   3    40.9     284.2     296.5    0.0     621.6
-------------------------------------------------
 avg    44.4     301.0     288.8    0.0     634.2
-------------------------------------------------
