
          -------------------------------------------------------
          Amber 16 PMEMD                              2016
          -------------------------------------------------------

| PMEMD implementation of SANDER, Release 16

| Run on 02/28/2019 at 05:53:09

|   Executable path: /opt/amber/bin/pmemd.cuda
| Working directory: /mnt/part2/home/meister/runjobs
|          Hostname: Unknown
  [-O]verwriting output

File Assignments:
|   MDIN: AA-AB/complex/recharge/0.300/heat.in                                  
|  MDOUT: AA-AB/complex/recharge/0.300/heat.out.tmp                             
| INPCRD: AA-AB/complex/recharge/recharge.rst7                                  
|   PARM: AA-AB/complex/recharge/recharge.parm7                                 
| RESTRT: AA-AB/complex/recharge/0.300/heat.rst7.tmp                            
|   REFC: AA-AB/complex/recharge/recharge.rst7                                  
|  MDVEL: mdvel                                                                 
|   MDEN: AA-AB/complex/recharge/0.300/heat.en.tmp                              
|  MDCRD: AA-AB/complex/recharge/0.300/heat.nc.tmp                              
| MDINFO: AA-AB/complex/recharge/0.300/heat.info.tmp                            
|  MDFRC: mdfrc                                                                 


 Here is the input file:

heating                                                                        
 &cntrl                                                                        
   imin = 0, nstlim = 10000, irest = 0, ntx = 1, dt = 0.002,                   
   ntt = 3, temp0 = 300.0, gamma_ln = 2.0, ig = -1,                            
   tempi = 50.0, tautp = 1.0,                                                  
   vlimit = 20,                                                                
   ntc = 2, ntf = 1,                                                           
   ntb = 1,                                                                    
   ioutfm = 1, iwrap = 1,                                                      
   ntwe = 1000, ntwx = 1000, ntpr = 1000, ntwr = 5000,                         
                                                                               
   nmropt = 1,                                                                 
   ntr = 1, restraint_wt = 5.00,                                               
   restraintmask='!:WAT & !@H=',                                               
                                                                               
   icfe = 1, clambda = 0.300, scalpha = 0.5, scbeta = 12.0,                    
   logdvdl = 0,                                                                
   timask1 = ':1', timask2 = ':2',                                             
   ifsc = 0, CRGMASK = ':1@H7'                                                 
 /                                                                             
                                                                               
 &ewald                                                                        
 /                                                                             
                                                                               
 &wt                                                                           
   type='TEMP0',                                                               
   istep1 = 0, istep2 = 8000,                                                  
   value1 = 50.0, value2 = 300.0                                               
 /                                                                             
                                                                               
 &wt type = 'END'                                                              
 /                                                                             


Note: ig = -1. Setting random seed to   829165 based on wallclock time in 
      microseconds.
| irandom = 1, using AMBER's internal random number generator (default).
 
|--------------------- INFORMATION ----------------------
| GPU (CUDA) Version of PMEMD in use: NVIDIA GPU IN USE.
|                    Version 18.0.0
| 
|                      03/25/2018
| 
| Implementation by:
|                    Ross C. Walker     (SDSC)
|                    Scott Le Grand     (nVIDIA)
| 
| Version 18 performance extensions by:
|                    David Cerutti     (Rutgers)
| 
| Precision model in use:
|      [SPFP] - Single Precision Forces, 64-bit Fixed Point
|               Accumulation. (Default)
| 
|--------------------------------------------------------
 
|----------------- CITATION INFORMATION -----------------
|
|    When publishing work that utilized the CUDA version
|    of AMBER, please cite the following in addition to
|    the regular AMBER citations:
|
|  - Romelia Salomon-Ferrer; Andreas W. Goetz; Duncan
|    Poole; Scott Le Grand; Ross C. Walker "Routine
|    microsecond molecular dynamics simulations with
|    AMBER - Part II: Particle Mesh Ewald", J. Chem.
|    Theory Comput., 2013, 9 (9), pp3878-3888,
|    DOI: 10.1021/ct400314y.
|
|  - Andreas W. Goetz; Mark J. Williamson; Dong Xu;
|    Duncan Poole; Scott Le Grand; Ross C. Walker
|    "Routine microsecond molecular dynamics simulations
|    with AMBER - Part I: Generalized Born", J. Chem.
|    Theory Comput., 2012, 8 (5), pp1542-1555.
|
|  - Scott Le Grand; Andreas W. Goetz; Ross C. Walker
|    "SPFP: Speed without compromise - a mixed precision
|    model for GPU accelerated molecular dynamics
|    simulations.", Comp. Phys. Comm., 2013, 184
|    pp374-380, DOI: 10.1016/j.cpc.2012.09.022
|
|    When publishing work that utilized the CUDA version
|    of TI, BAR, MBAR or FEP please cite the following 
|    publications in addition to the regular AMBER 
|    GPU citations:
|
|  - Daniel J. Mermelstein; Charles Lin; Gard Nelson; 
|    Rachael Kretsch; J. Andrew McCammon; Ross C. Walker
|    "Fast and Flexible GPU Accelerated Binding 
|    Free Energy Calculations within the AMBER Molecular
|    Dynamics Package" J. Comp. Chem., 2018,
|    DOI: 10.1002/jcc.25187
|
|  - Tai-Sung Lee; Yuan Hu; Brad Sherborne; Zhuyan Guo;
|    Darrin M. York
|    "Toward Fast and Accurate Binding Affinity Prediction with
|    pmemdGTI: An Efficient Implementation of GPU-Accelerated
|    Thermodynamic Integration"
|    J. Chem. Theory Comput., 2017, 13 (7), 3077
|
|
|--------------------------------------------------------
 
|------------------- GPU DEVICE INFO --------------------
|
|            CUDA_VISIBLE_DEVICES: not set
|   CUDA Capable Devices Detected:      1
|           CUDA Device ID in use:      0
|                CUDA Device Name: Tesla K80
|     CUDA Device Global Mem Size:  11441 MB
| CUDA Device Num Multiprocessors:     13
|           CUDA Device Core Freq:   0.82 GHz
|
|--------------------------------------------------------
 
 
| Conditional Compilation Defines Used:
| PUBFFT
| BINTRAJ
| CUDA
| EMIL

| Largest sphere to fit in unit cell has radius =    30.763

| New format PARM file being parsed.
| Version =    1.000 Date = 02/28/19 Time = 00:37:40

| Note: 1-4 EEL scale factors are being read from the topology file.

| Note: 1-4 VDW scale factors are being read from the topology file.
| Duplicated    0 dihedrals

| Duplicated    0 dihedrals

--------------------------------------------------------------------------------
   1.  RESOURCE   USE: 
--------------------------------------------------------------------------------

 getting new box info from bottom of inpcrd
 NATOM  =   24926 NTYPES =      16 NBONH =   23618 MBONA  =    1324
 NTHETH =   25284 MTHETA =    1781 NPHIH =    6059 MPHIA  =    5537
 NHPARM =       0 NPARM  =       0 NNB   =   44146 NRES   =    7599
 NBONA  =    1324 NTHETA =    1781 NPHIA =    5537 NUMBND =      69
 NUMANG =     155 NPTRA  =     186 NATYP =      38 NPHB   =       0
 IFBOX  =       1 NMXRS  =      24 IFCAP =       0 NEXTRA =       0
 NCOPY  =       0

| Coordinate Index Table dimensions:    13   14   16
| Direct force subcell size =     4.7328    4.6773    4.5903

     BOX TYPE: RECTILINEAR

--------------------------------------------------------------------------------
   2.  CONTROL  DATA  FOR  THE  RUN
--------------------------------------------------------------------------------

NIL                                                                             

General flags:
     imin    =       0, nmropt  =       1

Nature and format of input:
     ntx     =       1, irest   =       0, ntrx    =       1

Nature and format of output:
     ntxo    =       2, ntpr    =    1000, ntrx    =       1, ntwr    =    5000
     iwrap   =       1, ntwx    =    1000, ntwv    =       0, ntwe    =    1000
     ioutfm  =       1, ntwprt  =       0, idecomp =       0, rbornstat=      0

Potential function:
     ntf     =       1, ntb     =       1, igb     =       0, nsnb    =      25
     ipol    =       0, gbsa    =       0, iesp    =       0
     dielc   =   1.00000, cut     =   8.00000, intdiel =   1.00000

Frozen or restrained atoms:
     ibelly  =       0, ntr     =       1
     restraint_wt =   5.00000

Molecular dynamics:
     nstlim  =     10000, nscm    =         0, nrespa  =         1
     t       =   0.00000, dt      =   0.00200, vlimit  =  20.00000

Langevin dynamics temperature regulation:
     ig      =  829165
     temp0   = 300.00000, tempi   =  50.00000, gamma_ln=   2.00000

SHAKE:
     ntc     =       2, jfastw  =       0
     tol     =   0.00001

NMR refinement options:
     iscale  =       0, noeskp  =       1, ipnlty  =       1, mxsub   =       1
     scalm   = 100.00000, pencut  =   0.10000, tausw   =   0.10000

Free energy options:
     icfe    =       1, ifsc    =       0, klambda =       1
     clambda =  0.3000, scalpha =  0.5000, scbeta  = 12.0000
     sceeorder =       2
     dynlmb =  0.0000 logdvdl =       0

| Intermolecular bonds treatment:
|     no_intermolecular_bonds =       1

| Energy averages sample interval:
|     ene_avg_sampling =    1000

Ewald parameters:
     verbose =       0, ew_type =       0, nbflag  =       1, use_pme =       1
     vdwmeth =       1, eedmeth =       1, netfrc  =       1
     Box X =   61.526   Box Y =   65.482   Box Z =   73.445
     Alpha =   90.000   Beta  =   90.000   Gamma =   90.000
     NFFT1 =   64       NFFT2 =   64       NFFT3 =   80
     Cutoff=    8.000   Tol   =0.100E-04
     Ewald Coefficient =  0.34864
     Interpolation order =    4

    LOADING THE CONSTRAINED ATOMS AS GROUPS


   5.  REFERENCE ATOM COORDINATES

  NIL                                                                             
     Mask !:WAT & !@H=; matches  1308 atoms
     TI Mask 1 :1; matches     13 atoms
     TI Mask 2 :2; matches     13 atoms
     TI region 1:   24913 atoms
     TI region 2:   24913 atoms
Removing charge of       0.4181 from atom      13
Total charge of   0.41807699 removed from       1 atoms
     Checking for mismatched coordinates.

--------------------------------------------------------------------------------
   3.  ATOMIC COORDINATES AND VELOCITIES
--------------------------------------------------------------------------------

NIL                                                                             
 begin time read from input coords =     0.000 ps



           Begin reading energy term weight changes/NMR restraints
 WEIGHT CHANGES:
 TEMP0         0   8000   50.000000  300.000000      0      0

 RESTRAINTS:
                          ** No restraint defined **

                  Done reading weight changes/NMR restraints


 
 Number of triangulated 3-point waters found:     7431

     Sum of charges for TI region  1 =  -0.41765970
     Assuming uniform neutralizing plasma


     Sum of charges for TI region  2 =   0.00041729
     Forcing neutrality...

| Dynamic Memory, Types Used:
| Reals             1149131
| Integers          1361487

| Nonbonded Pairs Initial Allocation:     4163265

| GPU memory information (estimate):
| KB of GPU memory in use:         0
| KB of CPU memory in use:         0

--------------------------------------------------------------------------------
   4.  RESULTS
--------------------------------------------------------------------------------


| TI region  1


 NSTEP =        0   TIME(PS) =       0.000  TEMP(K) =    73.35  PRESS =     0.0
 Etot   =    -65087.2951  EKtot   =      3725.9210  EPtot      =    -68813.2161
 BOND   =       486.4148  ANGLE   =      1251.7578  DIHED      =      2033.9541
 1-4 NB =       679.4168  1-4 EEL =      6026.1303  VDWAALS    =      8313.0150
 EELEC  =    -87603.9050  EHBOND  =         0.0000  RESTRAINT  =         0.0000
 DV/DL  =         5.2772
 ------------------------------------------------------------------------------


| TI region  2


 NSTEP =        0   TIME(PS) =       0.000  TEMP(K) =    73.35  PRESS =     0.0
 Etot   =    -65087.2951  EKtot   =      3725.9210  EPtot      =    -68813.2161
 BOND   =       486.4148  ANGLE   =      1251.7578  DIHED      =      2033.9541
 1-4 NB =       679.4168  1-4 EEL =      6026.1303  VDWAALS    =      8313.0150
 EELEC  =    -87603.9050  EHBOND  =         0.0000  RESTRAINT  =         0.0000
 DV/DL  =         5.2772
 ------------------------------------------------------------------------------

 NMR restraints: Bond =    0.000   Angle =     0.000   Torsion =     0.000
===============================================================================
wrapping first mol.:      -61.52620      -65.48220      -73.44500

| TI region  1


 NSTEP =     1000   TIME(PS) =       2.000  TEMP(K) =    83.26  PRESS =     0.0
 Etot   =    -84737.9193  EKtot   =      4229.6574  EPtot      =    -88967.5767
 BOND   =       185.1307  ANGLE   =       471.5165  DIHED      =      1853.4211
 1-4 NB =       613.4284  1-4 EEL =      6053.5115  VDWAALS    =     13957.6191
 EELEC  =   -112221.6734  EHBOND  =         0.0000  RESTRAINT  =       119.4694
 EAMBER (non-restraint)  =    -89087.0462
 DV/DL  =         7.7820
 ------------------------------------------------------------------------------


| TI region  2


 NSTEP =     1000   TIME(PS) =       2.000  TEMP(K) =    83.26  PRESS =     0.0
 Etot   =    -84737.9193  EKtot   =      4229.6574  EPtot      =    -88967.5767
 BOND   =       185.1307  ANGLE   =       471.5165  DIHED      =      1853.4211
 1-4 NB =       613.4284  1-4 EEL =      6053.5115  VDWAALS    =     13957.6191
 EELEC  =   -112221.6734  EHBOND  =         0.0000  RESTRAINT  =       119.4694
 EAMBER (non-restraint)  =    -89087.0462
 DV/DL  =         7.7820
 ------------------------------------------------------------------------------

 NMR restraints: Bond =    0.000   Angle =     0.000   Torsion =     0.000
===============================================================================
wrapping first mol.:      -61.52620      -65.48220      -73.44500

| TI region  1


 NSTEP =     2000   TIME(PS) =       4.000  TEMP(K) =   104.24  PRESS =     0.0
 Etot   =    -82971.0987  EKtot   =      5295.3500  EPtot      =    -88266.4487
 BOND   =       225.4649  ANGLE   =       578.1583  DIHED      =      1870.9992
 1-4 NB =       605.8708  1-4 EEL =      6045.5356  VDWAALS    =     13680.0883
 EELEC  =   -111409.2486  EHBOND  =         0.0000  RESTRAINT  =       136.6828
 EAMBER (non-restraint)  =    -88403.1316
 DV/DL  =         7.9832
 ------------------------------------------------------------------------------


| TI region  2


 NSTEP =     2000   TIME(PS) =       4.000  TEMP(K) =   104.24  PRESS =     0.0
 Etot   =    -82971.0987  EKtot   =      5295.3500  EPtot      =    -88266.4487
 BOND   =       225.4649  ANGLE   =       578.1583  DIHED      =      1870.9992
 1-4 NB =       605.8708  1-4 EEL =      6045.5356  VDWAALS    =     13680.0883
 EELEC  =   -111409.2486  EHBOND  =         0.0000  RESTRAINT  =       136.6828
 EAMBER (non-restraint)  =    -88403.1316
 DV/DL  =         7.9832
 ------------------------------------------------------------------------------

 NMR restraints: Bond =    0.000   Angle =     0.000   Torsion =     0.000
===============================================================================
wrapping first mol.:      -61.52620      -65.48220      -73.44500

| TI region  1


 NSTEP =     3000   TIME(PS) =       6.000  TEMP(K) =   136.42  PRESS =     0.0
 Etot   =    -79852.1774  EKtot   =      6929.8916  EPtot      =    -86782.0690
 BOND   =       271.2737  ANGLE   =       667.8828  DIHED      =      1893.6730
 1-4 NB =       620.8904  1-4 EEL =      6031.7304  VDWAALS    =     13324.5059
 EELEC  =   -109747.3079  EHBOND  =         0.0000  RESTRAINT  =       155.2827
 EAMBER (non-restraint)  =    -86937.3517
 DV/DL  =         7.8708
 ------------------------------------------------------------------------------


| TI region  2


 NSTEP =     3000   TIME(PS) =       6.000  TEMP(K) =   136.42  PRESS =     0.0
 Etot   =    -79852.1774  EKtot   =      6929.8916  EPtot      =    -86782.0690
 BOND   =       271.2737  ANGLE   =       667.8828  DIHED      =      1893.6730
 1-4 NB =       620.8904  1-4 EEL =      6031.7304  VDWAALS    =     13324.5059
 EELEC  =   -109747.3079  EHBOND  =         0.0000  RESTRAINT  =       155.2827
 EAMBER (non-restraint)  =    -86937.3517
 DV/DL  =         7.8708
 ------------------------------------------------------------------------------

 NMR restraints: Bond =    0.000   Angle =     0.000   Torsion =     0.000
===============================================================================
wrapping first mol.:      -61.52620      -65.48220      -73.44500

| TI region  1


 NSTEP =     4000   TIME(PS) =       8.000  TEMP(K) =   166.38  PRESS =     0.0
 Etot   =    -76447.3718  EKtot   =      8452.1208  EPtot      =    -84899.4926
 BOND   =       309.7847  ANGLE   =       770.8749  DIHED      =      1927.0031
 1-4 NB =       633.0103  1-4 EEL =      6036.3217  VDWAALS    =     12836.3325
 EELEC  =   -107591.6960  EHBOND  =         0.0000  RESTRAINT  =       178.8763
 EAMBER (non-restraint)  =    -85078.3690
 DV/DL  =         6.6774
 ------------------------------------------------------------------------------


| TI region  2


 NSTEP =     4000   TIME(PS) =       8.000  TEMP(K) =   166.38  PRESS =     0.0
 Etot   =    -76447.3718  EKtot   =      8452.1208  EPtot      =    -84899.4926
 BOND   =       309.7847  ANGLE   =       770.8749  DIHED      =      1927.0031
 1-4 NB =       633.0103  1-4 EEL =      6036.3217  VDWAALS    =     12836.3325
 EELEC  =   -107591.6960  EHBOND  =         0.0000  RESTRAINT  =       178.8763
 EAMBER (non-restraint)  =    -85078.3690
 DV/DL  =         6.6774
 ------------------------------------------------------------------------------

 NMR restraints: Bond =    0.000   Angle =     0.000   Torsion =     0.000
===============================================================================
wrapping first mol.:      -61.52620      -65.48220      -73.44500
wrapping first mol.:      -61.52620      -65.48220      -73.44500

| TI region  1


 NSTEP =     5000   TIME(PS) =      10.000  TEMP(K) =   199.03  PRESS =     0.0
 Etot   =    -72820.0300  EKtot   =     10110.7771  EPtot      =    -82930.8071
 BOND   =       327.3549  ANGLE   =       881.9535  DIHED      =      1952.5775
 1-4 NB =       631.9712  1-4 EEL =      6043.9627  VDWAALS    =     12015.9747
 EELEC  =   -104983.6243  EHBOND  =         0.0000  RESTRAINT  =       199.0228
 EAMBER (non-restraint)  =    -83129.8299
 DV/DL  =         6.6991
 ------------------------------------------------------------------------------


| TI region  2


 NSTEP =     5000   TIME(PS) =      10.000  TEMP(K) =   199.03  PRESS =     0.0
 Etot   =    -72820.0300  EKtot   =     10110.7771  EPtot      =    -82930.8071
 BOND   =       327.3549  ANGLE   =       881.9535  DIHED      =      1952.5775
 1-4 NB =       631.9712  1-4 EEL =      6043.9627  VDWAALS    =     12015.9747
 EELEC  =   -104983.6243  EHBOND  =         0.0000  RESTRAINT  =       199.0228
 EAMBER (non-restraint)  =    -83129.8299
 DV/DL  =         6.6991
 ------------------------------------------------------------------------------

 NMR restraints: Bond =    0.000   Angle =     0.000   Torsion =     0.000
===============================================================================
wrapping first mol.:      -61.52620      -65.48220      -73.44500

| TI region  1


 NSTEP =     6000   TIME(PS) =      12.000  TEMP(K) =   229.03  PRESS =     0.0
 Etot   =    -68816.8990  EKtot   =     11634.4182  EPtot      =    -80451.3172
 BOND   =       400.1095  ANGLE   =       958.3342  DIHED      =      1958.4129
 1-4 NB =       658.3146  1-4 EEL =      6023.6870  VDWAALS    =     11041.8890
 EELEC  =   -101703.9224  EHBOND  =         0.0000  RESTRAINT  =       211.8580
 EAMBER (non-restraint)  =    -80663.1752
 DV/DL  =         5.9790
 ------------------------------------------------------------------------------


| TI region  2


 NSTEP =     6000   TIME(PS) =      12.000  TEMP(K) =   229.03  PRESS =     0.0
 Etot   =    -68816.8990  EKtot   =     11634.4182  EPtot      =    -80451.3172
 BOND   =       400.1095  ANGLE   =       958.3342  DIHED      =      1958.4129
 1-4 NB =       658.3146  1-4 EEL =      6023.6870  VDWAALS    =     11041.8890
 EELEC  =   -101703.9224  EHBOND  =         0.0000  RESTRAINT  =       211.8580
 EAMBER (non-restraint)  =    -80663.1752
 DV/DL  =         5.9790
 ------------------------------------------------------------------------------

 NMR restraints: Bond =    0.000   Angle =     0.000   Torsion =     0.000
===============================================================================
wrapping first mol.:      -61.52620      -65.48220      -73.44500

| TI region  1


 NSTEP =     7000   TIME(PS) =      14.000  TEMP(K) =   255.81  PRESS =     0.0
 Etot   =    -64430.0877  EKtot   =     12995.2081  EPtot      =    -77425.2958
 BOND   =       416.1602  ANGLE   =      1058.1974  DIHED      =      2000.9000
 1-4 NB =       653.8144  1-4 EEL =      6046.9636  VDWAALS    =     10201.6768
 EELEC  =    -98030.3129  EHBOND  =         0.0000  RESTRAINT  =       227.3048
 EAMBER (non-restraint)  =    -77652.6006
 DV/DL  =         6.5127
 ------------------------------------------------------------------------------


| TI region  2


 NSTEP =     7000   TIME(PS) =      14.000  TEMP(K) =   255.81  PRESS =     0.0
 Etot   =    -64430.0877  EKtot   =     12995.2081  EPtot      =    -77425.2958
 BOND   =       416.1602  ANGLE   =      1058.1974  DIHED      =      2000.9000
 1-4 NB =       653.8144  1-4 EEL =      6046.9636  VDWAALS    =     10201.6768
 EELEC  =    -98030.3129  EHBOND  =         0.0000  RESTRAINT  =       227.3048
 EAMBER (non-restraint)  =    -77652.6006
 DV/DL  =         6.5127
 ------------------------------------------------------------------------------

 NMR restraints: Bond =    0.000   Angle =     0.000   Torsion =     0.000
===============================================================================
wrapping first mol.:      -61.52620      -65.48220      -73.44500

| TI region  1


 NSTEP =     8000   TIME(PS) =      16.000  TEMP(K) =   286.00  PRESS =     0.0
 Etot   =    -59567.6988  EKtot   =     14528.4403  EPtot      =    -74096.1391
 BOND   =       485.4203  ANGLE   =      1216.0447  DIHED      =      2034.8822
 1-4 NB =       646.9637  1-4 EEL =      6026.7417  VDWAALS    =      9029.9219
 EELEC  =    -93794.6220  EHBOND  =         0.0000  RESTRAINT  =       258.5083
 EAMBER (non-restraint)  =    -74354.6474
 DV/DL  =         9.2241
 ------------------------------------------------------------------------------


| TI region  2


 NSTEP =     8000   TIME(PS) =      16.000  TEMP(K) =   286.00  PRESS =     0.0
 Etot   =    -59567.6988  EKtot   =     14528.4403  EPtot      =    -74096.1391
 BOND   =       485.4203  ANGLE   =      1216.0447  DIHED      =      2034.8822
 1-4 NB =       646.9637  1-4 EEL =      6026.7417  VDWAALS    =      9029.9219
 EELEC  =    -93794.6220  EHBOND  =         0.0000  RESTRAINT  =       258.5083
 EAMBER (non-restraint)  =    -74354.6474
 DV/DL  =         9.2241
 ------------------------------------------------------------------------------

 NMR restraints: Bond =    0.000   Angle =     0.000   Torsion =     0.000
===============================================================================
wrapping first mol.:      -61.52620      -65.48220      -73.44500

| TI region  1


 NSTEP =     9000   TIME(PS) =      18.000  TEMP(K) =   300.61  PRESS =     0.0
 Etot   =    -57528.3162  EKtot   =     15271.0720  EPtot      =    -72799.3882
 BOND   =       512.5190  ANGLE   =      1187.4637  DIHED      =      2015.5815
 1-4 NB =       669.5290  1-4 EEL =      6032.3334  VDWAALS    =      8475.6177
 EELEC  =    -91958.1693  EHBOND  =         0.0000  RESTRAINT  =       265.7367
 EAMBER (non-restraint)  =    -73065.1249
 DV/DL  =         5.0618
 ------------------------------------------------------------------------------


| TI region  2


 NSTEP =     9000   TIME(PS) =      18.000  TEMP(K) =   300.61  PRESS =     0.0
 Etot   =    -57528.3162  EKtot   =     15271.0720  EPtot      =    -72799.3882
 BOND   =       512.5190  ANGLE   =      1187.4637  DIHED      =      2015.5815
 1-4 NB =       669.5290  1-4 EEL =      6032.3334  VDWAALS    =      8475.6177
 EELEC  =    -91958.1693  EHBOND  =         0.0000  RESTRAINT  =       265.7367
 EAMBER (non-restraint)  =    -73065.1249
 DV/DL  =         5.0618
 ------------------------------------------------------------------------------

 NMR restraints: Bond =    0.000   Angle =     0.000   Torsion =     0.000
===============================================================================
wrapping first mol.:      -61.52620      -65.48220      -73.44500
wrapping first mol.:      -61.52620      -65.48220      -73.44500

| TI region  1


 NSTEP =    10000   TIME(PS) =      20.000  TEMP(K) =   299.45  PRESS =     0.0
 Etot   =    -57081.2929  EKtot   =     15211.7942  EPtot      =    -72293.0871
 BOND   =       507.9199  ANGLE   =      1210.0524  DIHED      =      2027.3020
 1-4 NB =       663.4979  1-4 EEL =      6023.9695  VDWAALS    =      8383.6529
 EELEC  =    -91389.6227  EHBOND  =         0.0000  RESTRAINT  =       280.1412
 EAMBER (non-restraint)  =    -72573.2283
 DV/DL  =         4.3741
 ------------------------------------------------------------------------------


| TI region  2


 NSTEP =    10000   TIME(PS) =      20.000  TEMP(K) =   299.45  PRESS =     0.0
 Etot   =    -57081.2929  EKtot   =     15211.7942  EPtot      =    -72293.0871
 BOND   =       507.9199  ANGLE   =      1210.0524  DIHED      =      2027.3020
 1-4 NB =       663.4979  1-4 EEL =      6023.9695  VDWAALS    =      8383.6529
 EELEC  =    -91389.6227  EHBOND  =         0.0000  RESTRAINT  =       280.1412
 EAMBER (non-restraint)  =    -72573.2283
 DV/DL  =         4.3741
 ------------------------------------------------------------------------------

 NMR restraints: Bond =    0.000   Angle =     0.000   Torsion =     0.000
===============================================================================

| TI region  1


      A V E R A G E S   O V E R      10 S T E P S


 NSTEP =    10000   TIME(PS) =      20.000  TEMP(K) =   206.02  PRESS =     0.0
 Etot   =    -70425.2892  EKtot   =     10465.8730  EPtot      =    -80891.1622
 BOND   =       364.1138  ANGLE   =       900.0478  DIHED      =      1953.4752
 1-4 NB =       639.7291  1-4 EEL =      6036.4757  VDWAALS    =     11294.7279
 EELEC  =   -102283.0200  EHBOND  =         0.0000  RESTRAINT  =       203.2883
 EAMBER (non-restraint)  =    -81094.4505
 DV/DL  =         6.8164
 ------------------------------------------------------------------------------

 NMR restraints: Bond =    0.000   Angle =     0.000   Torsion =     0.000
===============================================================================

      R M S  F L U C T U A T I O N S


 NSTEP =    10000   TIME(PS) =      20.000  TEMP(K) =    76.80  PRESS =     0.0
 Etot   =      9969.5837  EKtot   =      3901.1580  EPtot      =      6101.9235
 BOND   =       112.0735  ANGLE   =       257.9029  DIHED      =        62.6890
 1-4 NB =        20.8506  1-4 EEL =         9.9637  VDWAALS    =      2064.1572
 EELEC  =      7674.6218  EHBOND  =         0.0000  RESTRAINT  =        52.8074
 EAMBER (non-restraint)  =      6049.1161
 DV/DL  =         1.3811
 ------------------------------------------------------------------------------


| TI region  2


      A V E R A G E S   O V E R      10 S T E P S


 NSTEP =    10000   TIME(PS) =      20.000  TEMP(K) =   206.02  PRESS =     0.0
 Etot   =    -70425.2892  EKtot   =     10465.8730  EPtot      =    -80891.1622
 BOND   =       364.1138  ANGLE   =       900.0478  DIHED      =      1953.4752
 1-4 NB =       639.7291  1-4 EEL =      6036.4757  VDWAALS    =     11294.7279
 EELEC  =   -102283.0200  EHBOND  =         0.0000  RESTRAINT  =       203.2883
 EAMBER (non-restraint)  =    -81094.4505
 DV/DL  =         6.8164
 ------------------------------------------------------------------------------

 NMR restraints: Bond =    0.000   Angle =     0.000   Torsion =     0.000
===============================================================================

      R M S  F L U C T U A T I O N S


 NSTEP =    10000   TIME(PS) =      20.000  TEMP(K) =    76.80  PRESS =     0.0
 Etot   =      9969.5837  EKtot   =      3901.1580  EPtot      =      6101.9235
 BOND   =       112.0735  ANGLE   =       257.9029  DIHED      =        62.6890
 1-4 NB =        20.8506  1-4 EEL =         9.9637  VDWAALS    =      2064.1572
 EELEC  =      7674.6218  EHBOND  =         0.0000  RESTRAINT  =        52.8074
 EAMBER (non-restraint)  =      6049.1161
 DV/DL  =         1.3811
 ------------------------------------------------------------------------------


      DV/DL, AVERAGES OVER      10 STEPS


 NSTEP =    10000   TIME(PS) =      20.000  TEMP(K) =    76.80  PRESS =     0.0
 Etot   =         0.0000  EKtot   =         0.0000  EPtot      =         6.8164
 BOND   =         0.0000  ANGLE   =         0.0000  DIHED      =         0.0000
 1-4 NB =         0.0000  1-4 EEL =       -22.2173  VDWAALS    =         0.0000
 EELEC  =        29.0337  EHBOND  =         0.0000  RESTRAINT  =         0.0000
 DV/DL  =         6.8164
 ------------------------------------------------------------------------------


 NMR restraints on final step:

--------------------------------------------------------------------------------
   5.  TIMINGS
--------------------------------------------------------------------------------

|  NonSetup CPU Time in Major Routines:
|
|     Routine           Sec        %
|     ------------------------------
|     Nonbond           6.69   29.87
|     Bond              0.00    0.00
|     Angle             0.00    0.00
|     Dihedral          0.00    0.00
|     Shake             0.05    0.24
|     RunMD            15.63   69.75
|     Other             0.03    0.13
|     ------------------------------
|     Total            22.40

|  PME Nonbond Pairlist CPU Time:
|
|     Routine              Sec        %
|     ---------------------------------
|     Set Up Cit           0.00    0.00
|     Build List           0.00    0.00
|     ---------------------------------
|     Total                0.00    0.00

|  PME Direct Force CPU Time:
|
|     Routine              Sec        %
|     ---------------------------------
|     NonBonded Calc       0.00    0.00
|     Exclude Masked       0.00    0.00
|     Other                0.02    0.08
|     ---------------------------------
|     Total                0.02    0.08

|  PME Reciprocal Force CPU Time:
|
|     Routine              Sec        %
|     ---------------------------------
|     1D bspline           0.00    0.00
|     Grid Charges         0.00    0.00
|     Scalar Sum           0.00    0.00
|     Gradient Sum         0.00    0.00
|     FFT                  0.00    0.00
|     ---------------------------------
|     Total                0.00    0.00

|  Final Performance Info:
|     -----------------------------------------------------
|     Average timings for last   10000 steps:
|     Elapsed(s) =      22.40 Per Step(ms) =       2.24
|         ns/day =      77.15   seconds/ns =    1119.91
|
|     Average timings for all steps:
|     Elapsed(s) =      22.40 Per Step(ms) =       2.24
|         ns/day =      77.15   seconds/ns =    1119.91
|     -----------------------------------------------------

|  Setup CPU time:            1.32 seconds
|  NonSetup CPU time:        22.40 seconds
|  Total CPU time:           23.72 seconds     0.01 hours

|  Setup wall time:           3    seconds
|  NonSetup wall time:       23    seconds
|  Total wall time:          26    seconds     0.01 hours
