
          -------------------------------------------------------
          Amber 16 PMEMD                              2016
          -------------------------------------------------------

| PMEMD implementation of SANDER, Release 16

| Run on 02/28/2019 at 04:22:44

|   Executable path: /opt/amber/bin/pmemd.cuda
| Working directory: /mnt/part2/home/meister/runjobs
|          Hostname: Unknown
  [-O]verwriting output

File Assignments:
|   MDIN: AA-AB/complex/decharge/0.800/heat.in                                  
|  MDOUT: AA-AB/complex/decharge/0.800/heat.out.tmp                             
| INPCRD: AA-AB/complex/decharge/decharge.rst7                                  
|   PARM: AA-AB/complex/decharge/decharge.parm7                                 
| RESTRT: AA-AB/complex/decharge/0.800/heat.rst7.tmp                            
|   REFC: AA-AB/complex/decharge/decharge.rst7                                  
|  MDVEL: mdvel                                                                 
|   MDEN: AA-AB/complex/decharge/0.800/heat.en.tmp                              
|  MDCRD: AA-AB/complex/decharge/0.800/heat.nc.tmp                              
| MDINFO: AA-AB/complex/decharge/0.800/heat.info.tmp                            
|  MDFRC: mdfrc                                                                 


 Here is the input file:

heating                                                                        
 &cntrl                                                                        
   imin = 0, nstlim = 10000, irest = 0, ntx = 1, dt = 0.002,                   
   ntt = 3, temp0 = 300.0, gamma_ln = 2.0, ig = -1,                            
   tempi = 50.0, tautp = 1.0,                                                  
   vlimit = 20,                                                                
   ntc = 2, ntf = 1,                                                           
   ntb = 1,                                                                    
   ioutfm = 1, iwrap = 1,                                                      
   ntwe = 1000, ntwx = 1000, ntpr = 1000, ntwr = 5000,                         
                                                                               
   nmropt = 1,                                                                 
   ntr = 1, restraint_wt = 5.00,                                               
   restraintmask='!:WAT & !@H=',                                               
                                                                               
   icfe = 1, clambda = 0.800, scalpha = 0.5, scbeta = 12.0,                    
   logdvdl = 0,                                                                
   timask1 = ':1', timask2 = ':2',                                             
   ifsc = 0, CRGMASK = ':2@H7,O1'                                              
 /                                                                             
                                                                               
 &ewald                                                                        
 /                                                                             
                                                                               
 &wt                                                                           
   type='TEMP0',                                                               
   istep1 = 0, istep2 = 8000,                                                  
   value1 = 50.0, value2 = 300.0                                               
 /                                                                             
                                                                               
 &wt type = 'END'                                                              
 /                                                                             


Note: ig = -1. Setting random seed to   174952 based on wallclock time in 
      microseconds.
| irandom = 1, using AMBER's internal random number generator (default).
 
|--------------------- INFORMATION ----------------------
| GPU (CUDA) Version of PMEMD in use: NVIDIA GPU IN USE.
|                    Version 18.0.0
| 
|                      03/25/2018
| 
| Implementation by:
|                    Ross C. Walker     (SDSC)
|                    Scott Le Grand     (nVIDIA)
| 
| Version 18 performance extensions by:
|                    David Cerutti     (Rutgers)
| 
| Precision model in use:
|      [SPFP] - Single Precision Forces, 64-bit Fixed Point
|               Accumulation. (Default)
| 
|--------------------------------------------------------
 
|----------------- CITATION INFORMATION -----------------
|
|    When publishing work that utilized the CUDA version
|    of AMBER, please cite the following in addition to
|    the regular AMBER citations:
|
|  - Romelia Salomon-Ferrer; Andreas W. Goetz; Duncan
|    Poole; Scott Le Grand; Ross C. Walker "Routine
|    microsecond molecular dynamics simulations with
|    AMBER - Part II: Particle Mesh Ewald", J. Chem.
|    Theory Comput., 2013, 9 (9), pp3878-3888,
|    DOI: 10.1021/ct400314y.
|
|  - Andreas W. Goetz; Mark J. Williamson; Dong Xu;
|    Duncan Poole; Scott Le Grand; Ross C. Walker
|    "Routine microsecond molecular dynamics simulations
|    with AMBER - Part I: Generalized Born", J. Chem.
|    Theory Comput., 2012, 8 (5), pp1542-1555.
|
|  - Scott Le Grand; Andreas W. Goetz; Ross C. Walker
|    "SPFP: Speed without compromise - a mixed precision
|    model for GPU accelerated molecular dynamics
|    simulations.", Comp. Phys. Comm., 2013, 184
|    pp374-380, DOI: 10.1016/j.cpc.2012.09.022
|
|    When publishing work that utilized the CUDA version
|    of TI, BAR, MBAR or FEP please cite the following 
|    publications in addition to the regular AMBER 
|    GPU citations:
|
|  - Daniel J. Mermelstein; Charles Lin; Gard Nelson; 
|    Rachael Kretsch; J. Andrew McCammon; Ross C. Walker
|    "Fast and Flexible GPU Accelerated Binding 
|    Free Energy Calculations within the AMBER Molecular
|    Dynamics Package" J. Comp. Chem., 2018,
|    DOI: 10.1002/jcc.25187
|
|  - Tai-Sung Lee; Yuan Hu; Brad Sherborne; Zhuyan Guo;
|    Darrin M. York
|    "Toward Fast and Accurate Binding Affinity Prediction with
|    pmemdGTI: An Efficient Implementation of GPU-Accelerated
|    Thermodynamic Integration"
|    J. Chem. Theory Comput., 2017, 13 (7), 3077
|
|
|--------------------------------------------------------
 
|------------------- GPU DEVICE INFO --------------------
|
|            CUDA_VISIBLE_DEVICES: not set
|   CUDA Capable Devices Detected:      1
|           CUDA Device ID in use:      0
|                CUDA Device Name: Tesla K80
|     CUDA Device Global Mem Size:  11441 MB
| CUDA Device Num Multiprocessors:     13
|           CUDA Device Core Freq:   0.82 GHz
|
|--------------------------------------------------------
 
 
| Conditional Compilation Defines Used:
| PUBFFT
| BINTRAJ
| CUDA
| EMIL

| Largest sphere to fit in unit cell has radius =    30.763

| New format PARM file being parsed.
| Version =    1.000 Date = 02/27/19 Time = 22:41:27

| Note: 1-4 EEL scale factors are being read from the topology file.

| Note: 1-4 VDW scale factors are being read from the topology file.
| Duplicated    0 dihedrals

| Duplicated    0 dihedrals

--------------------------------------------------------------------------------
   1.  RESOURCE   USE: 
--------------------------------------------------------------------------------

 getting new box info from bottom of inpcrd
 NATOM  =   24924 NTYPES =      16 NBONH =   23618 MBONA  =    1322
 NTHETH =   25286 MTHETA =    1777 NPHIH =    6059 MPHIA  =    5533
 NHPARM =       0 NPARM  =       0 NNB   =   44138 NRES   =    7599
 NBONA  =    1322 NTHETA =    1777 NPHIA =    5533 NUMBND =      67
 NUMANG =     153 NPTRA  =     185 NATYP =      36 NPHB   =       0
 IFBOX  =       1 NMXRS  =      24 IFCAP =       0 NEXTRA =       0
 NCOPY  =       0

| Coordinate Index Table dimensions:    13   14   16
| Direct force subcell size =     4.7328    4.6773    4.5903

     BOX TYPE: RECTILINEAR

--------------------------------------------------------------------------------
   2.  CONTROL  DATA  FOR  THE  RUN
--------------------------------------------------------------------------------

NIL                                                                             

General flags:
     imin    =       0, nmropt  =       1

Nature and format of input:
     ntx     =       1, irest   =       0, ntrx    =       1

Nature and format of output:
     ntxo    =       2, ntpr    =    1000, ntrx    =       1, ntwr    =    5000
     iwrap   =       1, ntwx    =    1000, ntwv    =       0, ntwe    =    1000
     ioutfm  =       1, ntwprt  =       0, idecomp =       0, rbornstat=      0

Potential function:
     ntf     =       1, ntb     =       1, igb     =       0, nsnb    =      25
     ipol    =       0, gbsa    =       0, iesp    =       0
     dielc   =   1.00000, cut     =   8.00000, intdiel =   1.00000

Frozen or restrained atoms:
     ibelly  =       0, ntr     =       1
     restraint_wt =   5.00000

Molecular dynamics:
     nstlim  =     10000, nscm    =         0, nrespa  =         1
     t       =   0.00000, dt      =   0.00200, vlimit  =  20.00000

Langevin dynamics temperature regulation:
     ig      =  174952
     temp0   = 300.00000, tempi   =  50.00000, gamma_ln=   2.00000

SHAKE:
     ntc     =       2, jfastw  =       0
     tol     =   0.00001

NMR refinement options:
     iscale  =       0, noeskp  =       1, ipnlty  =       1, mxsub   =       1
     scalm   = 100.00000, pencut  =   0.10000, tausw   =   0.10000

Free energy options:
     icfe    =       1, ifsc    =       0, klambda =       1
     clambda =  0.8000, scalpha =  0.5000, scbeta  = 12.0000
     sceeorder =       2
     dynlmb =  0.0000 logdvdl =       0

| Intermolecular bonds treatment:
|     no_intermolecular_bonds =       1

| Energy averages sample interval:
|     ene_avg_sampling =    1000

Ewald parameters:
     verbose =       0, ew_type =       0, nbflag  =       1, use_pme =       1
     vdwmeth =       1, eedmeth =       1, netfrc  =       1
     Box X =   61.526   Box Y =   65.482   Box Z =   73.445
     Alpha =   90.000   Beta  =   90.000   Gamma =   90.000
     NFFT1 =   64       NFFT2 =   64       NFFT3 =   80
     Cutoff=    8.000   Tol   =0.100E-04
     Ewald Coefficient =  0.34864
     Interpolation order =    4

    LOADING THE CONSTRAINED ATOMS AS GROUPS


   5.  REFERENCE ATOM COORDINATES

  NIL                                                                             
     Mask !:WAT & !@H=; matches  1306 atoms
     TI Mask 1 :1; matches     12 atoms
     TI Mask 2 :2; matches     12 atoms
     TI region 1:   24912 atoms
     TI region 2:   24912 atoms
Removing charge of       0.1300 from atom      24
Total charge of   0.13000000 removed from       1 atoms
     Checking for mismatched coordinates.

--------------------------------------------------------------------------------
   3.  ATOMIC COORDINATES AND VELOCITIES
--------------------------------------------------------------------------------

NIL                                                                             
 begin time read from input coords =     0.000 ps



           Begin reading energy term weight changes/NMR restraints
 WEIGHT CHANGES:
 TEMP0         0   8000   50.000000  300.000000      0      0

 RESTRAINTS:
                          ** No restraint defined **

                  Done reading weight changes/NMR restraints


 
 Number of triangulated 3-point waters found:     7431

     Sum of charges for TI region  1 =   0.00041629
     Forcing neutrality...


     Sum of charges for TI region  2 =  -0.12958371
     Assuming uniform neutralizing plasma

| Dynamic Memory, Types Used:
| Reals             1149033
| Integers          1361286

| Nonbonded Pairs Initial Allocation:     4162931

| GPU memory information (estimate):
| KB of GPU memory in use:         0
| KB of CPU memory in use:         0

--------------------------------------------------------------------------------
   4.  RESULTS
--------------------------------------------------------------------------------


| TI region  1


 NSTEP =        0   TIME(PS) =       0.000  TEMP(K) =    73.17  PRESS =     0.0
 Etot   =    -65083.7998  EKtot   =      3717.0108  EPtot      =    -68800.8106
 BOND   =       486.2310  ANGLE   =      1251.9780  DIHED      =      2033.6697
 1-4 NB =       679.0689  1-4 EEL =      6051.5768  VDWAALS    =      8293.8398
 EELEC  =    -87597.1748  EHBOND  =         0.0000  RESTRAINT  =         0.0000
 DV/DL  =        -7.3185
 ------------------------------------------------------------------------------


| TI region  2


 NSTEP =        0   TIME(PS) =       0.000  TEMP(K) =    73.17  PRESS =     0.0
 Etot   =    -65083.7998  EKtot   =      3717.0108  EPtot      =    -68800.8106
 BOND   =       486.2310  ANGLE   =      1251.9780  DIHED      =      2033.6697
 1-4 NB =       679.0689  1-4 EEL =      6051.5768  VDWAALS    =      8293.8398
 EELEC  =    -87597.1748  EHBOND  =         0.0000  RESTRAINT  =         0.0000
 DV/DL  =        -7.3185
 ------------------------------------------------------------------------------

 NMR restraints: Bond =    0.000   Angle =     0.000   Torsion =     0.000
===============================================================================
wrapping first mol.:      -61.52620      -65.48220      -73.44500

| TI region  1


 NSTEP =     1000   TIME(PS) =       2.000  TEMP(K) =    81.83  PRESS =     0.0
 Etot   =    -84674.0344  EKtot   =      4156.7203  EPtot      =    -88830.7547
 BOND   =       194.8581  ANGLE   =       489.6532  DIHED      =      1857.7243
 1-4 NB =       600.9891  1-4 EEL =      6032.0277  VDWAALS    =     13920.3021
 EELEC  =   -112042.6895  EHBOND  =         0.0000  RESTRAINT  =       116.3802
 EAMBER (non-restraint)  =    -88947.1349
 DV/DL  =        -6.8764
 ------------------------------------------------------------------------------


| TI region  2


 NSTEP =     1000   TIME(PS) =       2.000  TEMP(K) =    81.83  PRESS =     0.0
 Etot   =    -84674.0344  EKtot   =      4156.7203  EPtot      =    -88830.7547
 BOND   =       194.8581  ANGLE   =       489.6532  DIHED      =      1857.7243
 1-4 NB =       600.9891  1-4 EEL =      6032.0277  VDWAALS    =     13920.3021
 EELEC  =   -112042.6895  EHBOND  =         0.0000  RESTRAINT  =       116.3802
 EAMBER (non-restraint)  =    -88947.1349
 DV/DL  =        -6.8764
 ------------------------------------------------------------------------------

 NMR restraints: Bond =    0.000   Angle =     0.000   Torsion =     0.000
===============================================================================
wrapping first mol.:      -61.52620      -65.48220      -73.44500

| TI region  1


 NSTEP =     2000   TIME(PS) =       4.000  TEMP(K) =   105.90  PRESS =     0.0
 Etot   =    -82732.9121  EKtot   =      5379.1279  EPtot      =    -88112.0400
 BOND   =       222.4405  ANGLE   =       565.5838  DIHED      =      1875.8681
 1-4 NB =       613.8041  1-4 EEL =      6055.0559  VDWAALS    =     13836.8375
 EELEC  =   -111417.4876  EHBOND  =         0.0000  RESTRAINT  =       135.8577
 EAMBER (non-restraint)  =    -88247.8977
 DV/DL  =        -7.8273
 ------------------------------------------------------------------------------


| TI region  2


 NSTEP =     2000   TIME(PS) =       4.000  TEMP(K) =   105.90  PRESS =     0.0
 Etot   =    -82732.9121  EKtot   =      5379.1279  EPtot      =    -88112.0400
 BOND   =       222.4405  ANGLE   =       565.5838  DIHED      =      1875.8681
 1-4 NB =       613.8041  1-4 EEL =      6055.0559  VDWAALS    =     13836.8375
 EELEC  =   -111417.4876  EHBOND  =         0.0000  RESTRAINT  =       135.8577
 EAMBER (non-restraint)  =    -88247.8977
 DV/DL  =        -7.8273
 ------------------------------------------------------------------------------

 NMR restraints: Bond =    0.000   Angle =     0.000   Torsion =     0.000
===============================================================================
wrapping first mol.:      -61.52620      -65.48220      -73.44500

| TI region  1


 NSTEP =     3000   TIME(PS) =       6.000  TEMP(K) =   135.35  PRESS =     0.0
 Etot   =    -79709.8123  EKtot   =      6875.2467  EPtot      =    -86585.0591
 BOND   =       282.8291  ANGLE   =       681.8869  DIHED      =      1912.2110
 1-4 NB =       617.1746  1-4 EEL =      6021.0966  VDWAALS    =     13313.1013
 EELEC  =   -109559.6700  EHBOND  =         0.0000  RESTRAINT  =       146.3114
 EAMBER (non-restraint)  =    -86731.3705
 DV/DL  =        -7.8294
 ------------------------------------------------------------------------------


| TI region  2


 NSTEP =     3000   TIME(PS) =       6.000  TEMP(K) =   135.35  PRESS =     0.0
 Etot   =    -79709.8123  EKtot   =      6875.2467  EPtot      =    -86585.0591
 BOND   =       282.8291  ANGLE   =       681.8869  DIHED      =      1912.2110
 1-4 NB =       617.1746  1-4 EEL =      6021.0966  VDWAALS    =     13313.1013
 EELEC  =   -109559.6700  EHBOND  =         0.0000  RESTRAINT  =       146.3114
 EAMBER (non-restraint)  =    -86731.3705
 DV/DL  =        -7.8294
 ------------------------------------------------------------------------------

 NMR restraints: Bond =    0.000   Angle =     0.000   Torsion =     0.000
===============================================================================
wrapping first mol.:      -61.52620      -65.48220      -73.44500

| TI region  1


 NSTEP =     4000   TIME(PS) =       8.000  TEMP(K) =   164.87  PRESS =     0.0
 Etot   =    -76369.6131  EKtot   =      8374.6094  EPtot      =    -84744.2225
 BOND   =       314.5048  ANGLE   =       778.9272  DIHED      =      1925.0741
 1-4 NB =       621.4071  1-4 EEL =      6038.0579  VDWAALS    =     12556.8577
 EELEC  =   -107152.0978  EHBOND  =         0.0000  RESTRAINT  =       173.0465
 EAMBER (non-restraint)  =    -84917.2690
 DV/DL  =        -6.9127
 ------------------------------------------------------------------------------


| TI region  2


 NSTEP =     4000   TIME(PS) =       8.000  TEMP(K) =   164.87  PRESS =     0.0
 Etot   =    -76369.6131  EKtot   =      8374.6094  EPtot      =    -84744.2225
 BOND   =       314.5048  ANGLE   =       778.9272  DIHED      =      1925.0741
 1-4 NB =       621.4071  1-4 EEL =      6038.0579  VDWAALS    =     12556.8577
 EELEC  =   -107152.0978  EHBOND  =         0.0000  RESTRAINT  =       173.0465
 EAMBER (non-restraint)  =    -84917.2690
 DV/DL  =        -6.9127
 ------------------------------------------------------------------------------

 NMR restraints: Bond =    0.000   Angle =     0.000   Torsion =     0.000
===============================================================================
wrapping first mol.:      -61.52620      -65.48220      -73.44500
wrapping first mol.:      -61.52620      -65.48220      -73.44500

| TI region  1


 NSTEP =     5000   TIME(PS) =      10.000  TEMP(K) =   196.73  PRESS =     0.0
 Etot   =    -72876.8353  EKtot   =      9993.0909  EPtot      =    -82869.9262
 BOND   =       347.2640  ANGLE   =       886.3293  DIHED      =      1951.8166
 1-4 NB =       639.4534  1-4 EEL =      6045.7615  VDWAALS    =     11936.1020
 EELEC  =   -104856.4181  EHBOND  =         0.0000  RESTRAINT  =       179.7652
 EAMBER (non-restraint)  =    -83049.6914
 DV/DL  =        -6.2328
 ------------------------------------------------------------------------------


| TI region  2


 NSTEP =     5000   TIME(PS) =      10.000  TEMP(K) =   196.73  PRESS =     0.0
 Etot   =    -72876.8353  EKtot   =      9993.0909  EPtot      =    -82869.9262
 BOND   =       347.2640  ANGLE   =       886.3293  DIHED      =      1951.8166
 1-4 NB =       639.4534  1-4 EEL =      6045.7615  VDWAALS    =     11936.1020
 EELEC  =   -104856.4181  EHBOND  =         0.0000  RESTRAINT  =       179.7652
 EAMBER (non-restraint)  =    -83049.6914
 DV/DL  =        -6.2328
 ------------------------------------------------------------------------------

 NMR restraints: Bond =    0.000   Angle =     0.000   Torsion =     0.000
===============================================================================
wrapping first mol.:      -61.52620      -65.48220      -73.44500

| TI region  1


 NSTEP =     6000   TIME(PS) =      12.000  TEMP(K) =   226.69  PRESS =     0.0
 Etot   =    -68744.2631  EKtot   =     11515.3187  EPtot      =    -80259.5819
 BOND   =       387.9340  ANGLE   =       995.0275  DIHED      =      1966.3744
 1-4 NB =       651.8657  1-4 EEL =      6050.6145  VDWAALS    =     10935.4951
 EELEC  =   -101454.5592  EHBOND  =         0.0000  RESTRAINT  =       207.6662
 EAMBER (non-restraint)  =    -80467.2481
 DV/DL  =        -5.9109
 ------------------------------------------------------------------------------


| TI region  2


 NSTEP =     6000   TIME(PS) =      12.000  TEMP(K) =   226.69  PRESS =     0.0
 Etot   =    -68744.2631  EKtot   =     11515.3187  EPtot      =    -80259.5819
 BOND   =       387.9340  ANGLE   =       995.0275  DIHED      =      1966.3744
 1-4 NB =       651.8657  1-4 EEL =      6050.6145  VDWAALS    =     10935.4951
 EELEC  =   -101454.5592  EHBOND  =         0.0000  RESTRAINT  =       207.6662
 EAMBER (non-restraint)  =    -80467.2481
 DV/DL  =        -5.9109
 ------------------------------------------------------------------------------

 NMR restraints: Bond =    0.000   Angle =     0.000   Torsion =     0.000
===============================================================================
wrapping first mol.:      -61.52620      -65.48220      -73.44500

| TI region  1


 NSTEP =     7000   TIME(PS) =      14.000  TEMP(K) =   257.14  PRESS =     0.0
 Etot   =    -64357.8404  EKtot   =     13061.7921  EPtot      =    -77419.6325
 BOND   =       439.2488  ANGLE   =      1098.0549  DIHED      =      1996.7043
 1-4 NB =       657.4179  1-4 EEL =      6033.1389  VDWAALS    =     10060.9894
 EELEC  =    -97927.7901  EHBOND  =         0.0000  RESTRAINT  =       222.6033
 EAMBER (non-restraint)  =    -77642.2358
 DV/DL  =        -6.7575
 ------------------------------------------------------------------------------


| TI region  2


 NSTEP =     7000   TIME(PS) =      14.000  TEMP(K) =   257.14  PRESS =     0.0
 Etot   =    -64357.8404  EKtot   =     13061.7921  EPtot      =    -77419.6325
 BOND   =       439.2488  ANGLE   =      1098.0549  DIHED      =      1996.7043
 1-4 NB =       657.4179  1-4 EEL =      6033.1389  VDWAALS    =     10060.9894
 EELEC  =    -97927.7901  EHBOND  =         0.0000  RESTRAINT  =       222.6033
 EAMBER (non-restraint)  =    -77642.2358
 DV/DL  =        -6.7575
 ------------------------------------------------------------------------------

 NMR restraints: Bond =    0.000   Angle =     0.000   Torsion =     0.000
===============================================================================
wrapping first mol.:      -61.52620      -65.48220      -73.44500

| TI region  1


 NSTEP =     8000   TIME(PS) =      16.000  TEMP(K) =   287.59  PRESS =     0.0
 Etot   =    -59434.5158  EKtot   =     14608.8054  EPtot      =    -74043.3212
 BOND   =       516.5669  ANGLE   =      1174.3717  DIHED      =      2025.4291
 1-4 NB =       658.2310  1-4 EEL =      6022.7965  VDWAALS    =      9156.2071
 EELEC  =    -93853.8260  EHBOND  =         0.0000  RESTRAINT  =       256.9024
 EAMBER (non-restraint)  =    -74300.2236
 DV/DL  =        -6.5308
 ------------------------------------------------------------------------------


| TI region  2


 NSTEP =     8000   TIME(PS) =      16.000  TEMP(K) =   287.59  PRESS =     0.0
 Etot   =    -59434.5158  EKtot   =     14608.8054  EPtot      =    -74043.3212
 BOND   =       516.5669  ANGLE   =      1174.3717  DIHED      =      2025.4291
 1-4 NB =       658.2310  1-4 EEL =      6022.7965  VDWAALS    =      9156.2071
 EELEC  =    -93853.8260  EHBOND  =         0.0000  RESTRAINT  =       256.9024
 EAMBER (non-restraint)  =    -74300.2236
 DV/DL  =        -6.5308
 ------------------------------------------------------------------------------

 NMR restraints: Bond =    0.000   Angle =     0.000   Torsion =     0.000
===============================================================================
wrapping first mol.:      -61.52620      -65.48220      -73.44500

| TI region  1


 NSTEP =     9000   TIME(PS) =      18.000  TEMP(K) =   301.71  PRESS =     0.0
 Etot   =    -57327.4159  EKtot   =     15326.0358  EPtot      =    -72653.4517
 BOND   =       460.4149  ANGLE   =      1232.7976  DIHED      =      2025.8758
 1-4 NB =       668.5914  1-4 EEL =      6025.6624  VDWAALS    =      8470.7918
 EELEC  =    -91799.8989  EHBOND  =         0.0000  RESTRAINT  =       262.3134
 EAMBER (non-restraint)  =    -72915.7650
 DV/DL  =        -7.1394
 ------------------------------------------------------------------------------


| TI region  2


 NSTEP =     9000   TIME(PS) =      18.000  TEMP(K) =   301.71  PRESS =     0.0
 Etot   =    -57327.4159  EKtot   =     15326.0358  EPtot      =    -72653.4517
 BOND   =       460.4149  ANGLE   =      1232.7976  DIHED      =      2025.8758
 1-4 NB =       668.5914  1-4 EEL =      6025.6624  VDWAALS    =      8470.7918
 EELEC  =    -91799.8989  EHBOND  =         0.0000  RESTRAINT  =       262.3134
 EAMBER (non-restraint)  =    -72915.7650
 DV/DL  =        -7.1394
 ------------------------------------------------------------------------------

 NMR restraints: Bond =    0.000   Angle =     0.000   Torsion =     0.000
===============================================================================
wrapping first mol.:      -61.52620      -65.48220      -73.44500
wrapping first mol.:      -61.52620      -65.48220      -73.44500

| TI region  1


 NSTEP =    10000   TIME(PS) =      20.000  TEMP(K) =   300.19  PRESS =     0.0
 Etot   =    -57283.6564  EKtot   =     15248.3776  EPtot      =    -72532.0340
 BOND   =       491.2964  ANGLE   =      1183.8772  DIHED      =      2032.9687
 1-4 NB =       674.0055  1-4 EEL =      6074.1407  VDWAALS    =      8500.2911
 EELEC  =    -91748.4893  EHBOND  =         0.0000  RESTRAINT  =       259.8756
 EAMBER (non-restraint)  =    -72791.9096
 DV/DL  =        -7.3184
 ------------------------------------------------------------------------------


| TI region  2


 NSTEP =    10000   TIME(PS) =      20.000  TEMP(K) =   300.19  PRESS =     0.0
 Etot   =    -57283.6564  EKtot   =     15248.3776  EPtot      =    -72532.0340
 BOND   =       491.2964  ANGLE   =      1183.8772  DIHED      =      2032.9687
 1-4 NB =       674.0055  1-4 EEL =      6074.1407  VDWAALS    =      8500.2911
 EELEC  =    -91748.4893  EHBOND  =         0.0000  RESTRAINT  =       259.8756
 EAMBER (non-restraint)  =    -72791.9096
 DV/DL  =        -7.3184
 ------------------------------------------------------------------------------

 NMR restraints: Bond =    0.000   Angle =     0.000   Torsion =     0.000
===============================================================================

| TI region  1


      A V E R A G E S   O V E R      10 S T E P S


 NSTEP =    10000   TIME(PS) =      20.000  TEMP(K) =   205.80  PRESS =     0.0
 Etot   =    -70351.0899  EKtot   =     10453.9125  EPtot      =    -80805.0024
 BOND   =       365.7358  ANGLE   =       908.6509  DIHED      =      1957.0047
 1-4 NB =       640.2940  1-4 EEL =      6039.8353  VDWAALS    =     11268.6975
 EELEC  =   -102181.2927  EHBOND  =         0.0000  RESTRAINT  =       196.0722
 EAMBER (non-restraint)  =    -81001.0746
 DV/DL  =        -6.9336
 ------------------------------------------------------------------------------

 NMR restraints: Bond =    0.000   Angle =     0.000   Torsion =     0.000
===============================================================================

      R M S  F L U C T U A T I O N S


 NSTEP =    10000   TIME(PS) =      20.000  TEMP(K) =    77.42  PRESS =     0.0
 Etot   =      9933.2290  EKtot   =      3932.7600  EPtot      =      6027.9702
 BOND   =       106.2773  ANGLE   =       256.2744  DIHED      =        60.2928
 1-4 NB =        24.1342  1-4 EEL =        15.8465  VDWAALS    =      2035.5656
 EELEC  =      7572.6082  EHBOND  =         0.0000  RESTRAINT  =        51.2311
 EAMBER (non-restraint)  =      5976.7391
 DV/DL  =         0.5938
 ------------------------------------------------------------------------------


| TI region  2


      A V E R A G E S   O V E R      10 S T E P S


 NSTEP =    10000   TIME(PS) =      20.000  TEMP(K) =   205.80  PRESS =     0.0
 Etot   =    -70351.0899  EKtot   =     10453.9125  EPtot      =    -80805.0024
 BOND   =       365.7358  ANGLE   =       908.6509  DIHED      =      1957.0047
 1-4 NB =       640.2940  1-4 EEL =      6039.8353  VDWAALS    =     11268.6975
 EELEC  =   -102181.2927  EHBOND  =         0.0000  RESTRAINT  =       196.0722
 EAMBER (non-restraint)  =    -81001.0746
 DV/DL  =        -6.9336
 ------------------------------------------------------------------------------

 NMR restraints: Bond =    0.000   Angle =     0.000   Torsion =     0.000
===============================================================================

      R M S  F L U C T U A T I O N S


 NSTEP =    10000   TIME(PS) =      20.000  TEMP(K) =    77.42  PRESS =     0.0
 Etot   =      9933.2290  EKtot   =      3932.7600  EPtot      =      6027.9702
 BOND   =       106.2773  ANGLE   =       256.2744  DIHED      =        60.2928
 1-4 NB =        24.1342  1-4 EEL =        15.8465  VDWAALS    =      2035.5656
 EELEC  =      7572.6082  EHBOND  =         0.0000  RESTRAINT  =        51.2311
 EAMBER (non-restraint)  =      5976.7391
 DV/DL  =         0.5938
 ------------------------------------------------------------------------------


      DV/DL, AVERAGES OVER      10 STEPS


 NSTEP =    10000   TIME(PS) =      20.000  TEMP(K) =    77.42  PRESS =     0.0
 Etot   =         0.0000  EKtot   =         0.0000  EPtot      =        -6.9336
 BOND   =         0.0000  ANGLE   =         0.0000  DIHED      =         0.0000
 1-4 NB =         0.0000  1-4 EEL =        -1.0440  VDWAALS    =         0.0000
 EELEC  =        -5.8896  EHBOND  =         0.0000  RESTRAINT  =         0.0000
 DV/DL  =        -6.9336
 ------------------------------------------------------------------------------


 NMR restraints on final step:

--------------------------------------------------------------------------------
   5.  TIMINGS
--------------------------------------------------------------------------------

|  NonSetup CPU Time in Major Routines:
|
|     Routine           Sec        %
|     ------------------------------
|     Nonbond           8.24   35.23
|     Bond              0.00    0.00
|     Angle             0.00    0.00
|     Dihedral          0.00    0.00
|     Shake             0.06    0.24
|     RunMD            15.06   64.41
|     Other             0.03    0.13
|     ------------------------------
|     Total            23.39

|  PME Nonbond Pairlist CPU Time:
|
|     Routine              Sec        %
|     ---------------------------------
|     Set Up Cit           0.00    0.00
|     Build List           0.00    0.00
|     ---------------------------------
|     Total                0.00    0.00

|  PME Direct Force CPU Time:
|
|     Routine              Sec        %
|     ---------------------------------
|     NonBonded Calc       0.00    0.00
|     Exclude Masked       0.00    0.00
|     Other                0.02    0.08
|     ---------------------------------
|     Total                0.02    0.08

|  PME Reciprocal Force CPU Time:
|
|     Routine              Sec        %
|     ---------------------------------
|     1D bspline           0.00    0.00
|     Grid Charges         0.00    0.00
|     Scalar Sum           0.00    0.00
|     Gradient Sum         0.00    0.00
|     FFT                  0.00    0.00
|     ---------------------------------
|     Total                0.00    0.00

|  Final Performance Info:
|     -----------------------------------------------------
|     Average timings for last   10000 steps:
|     Elapsed(s) =      23.39 Per Step(ms) =       2.34
|         ns/day =      73.89   seconds/ns =    1169.28
|
|     Average timings for all steps:
|     Elapsed(s) =      23.39 Per Step(ms) =       2.34
|         ns/day =      73.89   seconds/ns =    1169.28
|     -----------------------------------------------------

|  Setup CPU time:            1.32 seconds
|  NonSetup CPU time:        23.39 seconds
|  Total CPU time:           24.71 seconds     0.01 hours

|  Setup wall time:           4    seconds
|  NonSetup wall time:       23    seconds
|  Total wall time:          27    seconds     0.01 hours
