
          -------------------------------------------------------
          Amber 16 PMEMD                              2016
          -------------------------------------------------------

| PMEMD implementation of SANDER, Release 16

| Run on 02/28/2019 at 06:13:41

|   Executable path: /opt/amber/bin/pmemd.cuda
| Working directory: /mnt/part2/home/meister/runjobs
|          Hostname: Unknown
  [-O]verwriting output

File Assignments:
|   MDIN: AA-AB/complex/recharge/0.700/heat.in                                  
|  MDOUT: AA-AB/complex/recharge/0.700/heat.out.tmp                             
| INPCRD: AA-AB/complex/recharge/recharge.rst7                                  
|   PARM: AA-AB/complex/recharge/recharge.parm7                                 
| RESTRT: AA-AB/complex/recharge/0.700/heat.rst7.tmp                            
|   REFC: AA-AB/complex/recharge/recharge.rst7                                  
|  MDVEL: mdvel                                                                 
|   MDEN: AA-AB/complex/recharge/0.700/heat.en.tmp                              
|  MDCRD: AA-AB/complex/recharge/0.700/heat.nc.tmp                              
| MDINFO: AA-AB/complex/recharge/0.700/heat.info.tmp                            
|  MDFRC: mdfrc                                                                 


 Here is the input file:

heating                                                                        
 &cntrl                                                                        
   imin = 0, nstlim = 10000, irest = 0, ntx = 1, dt = 0.002,                   
   ntt = 3, temp0 = 300.0, gamma_ln = 2.0, ig = -1,                            
   tempi = 50.0, tautp = 1.0,                                                  
   vlimit = 20,                                                                
   ntc = 2, ntf = 1,                                                           
   ntb = 1,                                                                    
   ioutfm = 1, iwrap = 1,                                                      
   ntwe = 1000, ntwx = 1000, ntpr = 1000, ntwr = 5000,                         
                                                                               
   nmropt = 1,                                                                 
   ntr = 1, restraint_wt = 5.00,                                               
   restraintmask='!:WAT & !@H=',                                               
                                                                               
   icfe = 1, clambda = 0.700, scalpha = 0.5, scbeta = 12.0,                    
   logdvdl = 0,                                                                
   timask1 = ':1', timask2 = ':2',                                             
   ifsc = 0, CRGMASK = ':1@H7'                                                 
 /                                                                             
                                                                               
 &ewald                                                                        
 /                                                                             
                                                                               
 &wt                                                                           
   type='TEMP0',                                                               
   istep1 = 0, istep2 = 8000,                                                  
   value1 = 50.0, value2 = 300.0                                               
 /                                                                             
                                                                               
 &wt type = 'END'                                                              
 /                                                                             


Note: ig = -1. Setting random seed to   458711 based on wallclock time in 
      microseconds.
| irandom = 1, using AMBER's internal random number generator (default).
 
|--------------------- INFORMATION ----------------------
| GPU (CUDA) Version of PMEMD in use: NVIDIA GPU IN USE.
|                    Version 18.0.0
| 
|                      03/25/2018
| 
| Implementation by:
|                    Ross C. Walker     (SDSC)
|                    Scott Le Grand     (nVIDIA)
| 
| Version 18 performance extensions by:
|                    David Cerutti     (Rutgers)
| 
| Precision model in use:
|      [SPFP] - Single Precision Forces, 64-bit Fixed Point
|               Accumulation. (Default)
| 
|--------------------------------------------------------
 
|----------------- CITATION INFORMATION -----------------
|
|    When publishing work that utilized the CUDA version
|    of AMBER, please cite the following in addition to
|    the regular AMBER citations:
|
|  - Romelia Salomon-Ferrer; Andreas W. Goetz; Duncan
|    Poole; Scott Le Grand; Ross C. Walker "Routine
|    microsecond molecular dynamics simulations with
|    AMBER - Part II: Particle Mesh Ewald", J. Chem.
|    Theory Comput., 2013, 9 (9), pp3878-3888,
|    DOI: 10.1021/ct400314y.
|
|  - Andreas W. Goetz; Mark J. Williamson; Dong Xu;
|    Duncan Poole; Scott Le Grand; Ross C. Walker
|    "Routine microsecond molecular dynamics simulations
|    with AMBER - Part I: Generalized Born", J. Chem.
|    Theory Comput., 2012, 8 (5), pp1542-1555.
|
|  - Scott Le Grand; Andreas W. Goetz; Ross C. Walker
|    "SPFP: Speed without compromise - a mixed precision
|    model for GPU accelerated molecular dynamics
|    simulations.", Comp. Phys. Comm., 2013, 184
|    pp374-380, DOI: 10.1016/j.cpc.2012.09.022
|
|    When publishing work that utilized the CUDA version
|    of TI, BAR, MBAR or FEP please cite the following 
|    publications in addition to the regular AMBER 
|    GPU citations:
|
|  - Daniel J. Mermelstein; Charles Lin; Gard Nelson; 
|    Rachael Kretsch; J. Andrew McCammon; Ross C. Walker
|    "Fast and Flexible GPU Accelerated Binding 
|    Free Energy Calculations within the AMBER Molecular
|    Dynamics Package" J. Comp. Chem., 2018,
|    DOI: 10.1002/jcc.25187
|
|  - Tai-Sung Lee; Yuan Hu; Brad Sherborne; Zhuyan Guo;
|    Darrin M. York
|    "Toward Fast and Accurate Binding Affinity Prediction with
|    pmemdGTI: An Efficient Implementation of GPU-Accelerated
|    Thermodynamic Integration"
|    J. Chem. Theory Comput., 2017, 13 (7), 3077
|
|
|--------------------------------------------------------
 
|------------------- GPU DEVICE INFO --------------------
|
|            CUDA_VISIBLE_DEVICES: not set
|   CUDA Capable Devices Detected:      1
|           CUDA Device ID in use:      0
|                CUDA Device Name: Tesla K80
|     CUDA Device Global Mem Size:  11441 MB
| CUDA Device Num Multiprocessors:     13
|           CUDA Device Core Freq:   0.82 GHz
|
|--------------------------------------------------------
 
 
| Conditional Compilation Defines Used:
| PUBFFT
| BINTRAJ
| CUDA
| EMIL

| Largest sphere to fit in unit cell has radius =    30.763

| New format PARM file being parsed.
| Version =    1.000 Date = 02/28/19 Time = 00:37:40

| Note: 1-4 EEL scale factors are being read from the topology file.

| Note: 1-4 VDW scale factors are being read from the topology file.
| Duplicated    0 dihedrals

| Duplicated    0 dihedrals

--------------------------------------------------------------------------------
   1.  RESOURCE   USE: 
--------------------------------------------------------------------------------

 getting new box info from bottom of inpcrd
 NATOM  =   24926 NTYPES =      16 NBONH =   23618 MBONA  =    1324
 NTHETH =   25284 MTHETA =    1781 NPHIH =    6059 MPHIA  =    5537
 NHPARM =       0 NPARM  =       0 NNB   =   44146 NRES   =    7599
 NBONA  =    1324 NTHETA =    1781 NPHIA =    5537 NUMBND =      69
 NUMANG =     155 NPTRA  =     186 NATYP =      38 NPHB   =       0
 IFBOX  =       1 NMXRS  =      24 IFCAP =       0 NEXTRA =       0
 NCOPY  =       0

| Coordinate Index Table dimensions:    13   14   16
| Direct force subcell size =     4.7328    4.6773    4.5903

     BOX TYPE: RECTILINEAR

--------------------------------------------------------------------------------
   2.  CONTROL  DATA  FOR  THE  RUN
--------------------------------------------------------------------------------

NIL                                                                             

General flags:
     imin    =       0, nmropt  =       1

Nature and format of input:
     ntx     =       1, irest   =       0, ntrx    =       1

Nature and format of output:
     ntxo    =       2, ntpr    =    1000, ntrx    =       1, ntwr    =    5000
     iwrap   =       1, ntwx    =    1000, ntwv    =       0, ntwe    =    1000
     ioutfm  =       1, ntwprt  =       0, idecomp =       0, rbornstat=      0

Potential function:
     ntf     =       1, ntb     =       1, igb     =       0, nsnb    =      25
     ipol    =       0, gbsa    =       0, iesp    =       0
     dielc   =   1.00000, cut     =   8.00000, intdiel =   1.00000

Frozen or restrained atoms:
     ibelly  =       0, ntr     =       1
     restraint_wt =   5.00000

Molecular dynamics:
     nstlim  =     10000, nscm    =         0, nrespa  =         1
     t       =   0.00000, dt      =   0.00200, vlimit  =  20.00000

Langevin dynamics temperature regulation:
     ig      =  458711
     temp0   = 300.00000, tempi   =  50.00000, gamma_ln=   2.00000

SHAKE:
     ntc     =       2, jfastw  =       0
     tol     =   0.00001

NMR refinement options:
     iscale  =       0, noeskp  =       1, ipnlty  =       1, mxsub   =       1
     scalm   = 100.00000, pencut  =   0.10000, tausw   =   0.10000

Free energy options:
     icfe    =       1, ifsc    =       0, klambda =       1
     clambda =  0.7000, scalpha =  0.5000, scbeta  = 12.0000
     sceeorder =       2
     dynlmb =  0.0000 logdvdl =       0

| Intermolecular bonds treatment:
|     no_intermolecular_bonds =       1

| Energy averages sample interval:
|     ene_avg_sampling =    1000

Ewald parameters:
     verbose =       0, ew_type =       0, nbflag  =       1, use_pme =       1
     vdwmeth =       1, eedmeth =       1, netfrc  =       1
     Box X =   61.526   Box Y =   65.482   Box Z =   73.445
     Alpha =   90.000   Beta  =   90.000   Gamma =   90.000
     NFFT1 =   64       NFFT2 =   64       NFFT3 =   80
     Cutoff=    8.000   Tol   =0.100E-04
     Ewald Coefficient =  0.34864
     Interpolation order =    4

    LOADING THE CONSTRAINED ATOMS AS GROUPS


   5.  REFERENCE ATOM COORDINATES

  NIL                                                                             
     Mask !:WAT & !@H=; matches  1308 atoms
     TI Mask 1 :1; matches     13 atoms
     TI Mask 2 :2; matches     13 atoms
     TI region 1:   24913 atoms
     TI region 2:   24913 atoms
Removing charge of       0.4181 from atom      13
Total charge of   0.41807699 removed from       1 atoms
     Checking for mismatched coordinates.

--------------------------------------------------------------------------------
   3.  ATOMIC COORDINATES AND VELOCITIES
--------------------------------------------------------------------------------

NIL                                                                             
 begin time read from input coords =     0.000 ps



           Begin reading energy term weight changes/NMR restraints
 WEIGHT CHANGES:
 TEMP0         0   8000   50.000000  300.000000      0      0

 RESTRAINTS:
                          ** No restraint defined **

                  Done reading weight changes/NMR restraints


 
 Number of triangulated 3-point waters found:     7431

     Sum of charges for TI region  1 =  -0.41765970
     Assuming uniform neutralizing plasma


     Sum of charges for TI region  2 =   0.00041729
     Forcing neutrality...

| Dynamic Memory, Types Used:
| Reals             1149131
| Integers          1361487

| Nonbonded Pairs Initial Allocation:     4163265

| GPU memory information (estimate):
| KB of GPU memory in use:         0
| KB of CPU memory in use:         0

--------------------------------------------------------------------------------
   4.  RESULTS
--------------------------------------------------------------------------------


| TI region  1


 NSTEP =        0   TIME(PS) =       0.000  TEMP(K) =    73.50  PRESS =     0.0
 Etot   =    -65077.1394  EKtot   =      3733.9658  EPtot      =    -68811.1052
 BOND   =       486.4148  ANGLE   =      1251.7578  DIHED      =      2033.9541
 1-4 NB =       679.4168  1-4 EEL =      6017.1030  VDWAALS    =      8313.0150
 EELEC  =    -87592.7668  EHBOND  =         0.0000  RESTRAINT  =         0.0000
 DV/DL  =         5.2772
 ------------------------------------------------------------------------------


| TI region  2


 NSTEP =        0   TIME(PS) =       0.000  TEMP(K) =    73.50  PRESS =     0.0
 Etot   =    -65077.1394  EKtot   =      3733.9658  EPtot      =    -68811.1052
 BOND   =       486.4148  ANGLE   =      1251.7578  DIHED      =      2033.9541
 1-4 NB =       679.4168  1-4 EEL =      6017.1030  VDWAALS    =      8313.0150
 EELEC  =    -87592.7668  EHBOND  =         0.0000  RESTRAINT  =         0.0000
 DV/DL  =         5.2772
 ------------------------------------------------------------------------------

 NMR restraints: Bond =    0.000   Angle =     0.000   Torsion =     0.000
===============================================================================
wrapping first mol.:      -61.52620      -65.48220      -73.44500

| TI region  1


 NSTEP =     1000   TIME(PS) =       2.000  TEMP(K) =    82.01  PRESS =     0.0
 Etot   =    -84667.3223  EKtot   =      4165.8453  EPtot      =    -88833.1676
 BOND   =       185.1805  ANGLE   =       486.8010  DIHED      =      1851.4167
 1-4 NB =       612.0226  1-4 EEL =      6015.3434  VDWAALS    =     14034.3518
 EELEC  =   -112137.3519  EHBOND  =         0.0000  RESTRAINT  =       119.0683
 EAMBER (non-restraint)  =    -88952.2359
 DV/DL  =         6.5057
 ------------------------------------------------------------------------------


| TI region  2


 NSTEP =     1000   TIME(PS) =       2.000  TEMP(K) =    82.01  PRESS =     0.0
 Etot   =    -84667.3223  EKtot   =      4165.8453  EPtot      =    -88833.1676
 BOND   =       185.1805  ANGLE   =       486.8010  DIHED      =      1851.4167
 1-4 NB =       612.0226  1-4 EEL =      6015.3434  VDWAALS    =     14034.3518
 EELEC  =   -112137.3519  EHBOND  =         0.0000  RESTRAINT  =       119.0683
 EAMBER (non-restraint)  =    -88952.2359
 DV/DL  =         6.5057
 ------------------------------------------------------------------------------

 NMR restraints: Bond =    0.000   Angle =     0.000   Torsion =     0.000
===============================================================================
wrapping first mol.:      -61.52620      -65.48220      -73.44500

| TI region  1


 NSTEP =     2000   TIME(PS) =       4.000  TEMP(K) =   105.94  PRESS =     0.0
 Etot   =    -82642.7073  EKtot   =      5381.9101  EPtot      =    -88024.6174
 BOND   =       225.1799  ANGLE   =       583.4695  DIHED      =      1870.2979
 1-4 NB =       614.9220  1-4 EEL =      6000.1490  VDWAALS    =     13789.4349
 EELEC  =   -111251.3062  EHBOND  =         0.0000  RESTRAINT  =       143.2355
 EAMBER (non-restraint)  =    -88167.8529
 DV/DL  =         4.6706
 ------------------------------------------------------------------------------


| TI region  2


 NSTEP =     2000   TIME(PS) =       4.000  TEMP(K) =   105.94  PRESS =     0.0
 Etot   =    -82642.7073  EKtot   =      5381.9101  EPtot      =    -88024.6174
 BOND   =       225.1799  ANGLE   =       583.4695  DIHED      =      1870.2979
 1-4 NB =       614.9220  1-4 EEL =      6000.1490  VDWAALS    =     13789.4349
 EELEC  =   -111251.3062  EHBOND  =         0.0000  RESTRAINT  =       143.2355
 EAMBER (non-restraint)  =    -88167.8529
 DV/DL  =         4.6706
 ------------------------------------------------------------------------------

 NMR restraints: Bond =    0.000   Angle =     0.000   Torsion =     0.000
===============================================================================
wrapping first mol.:      -61.52620      -65.48220      -73.44500

| TI region  1


 NSTEP =     3000   TIME(PS) =       6.000  TEMP(K) =   133.91  PRESS =     0.0
 Etot   =    -79741.1214  EKtot   =      6802.6291  EPtot      =    -86543.7505
 BOND   =       282.6383  ANGLE   =       648.3383  DIHED      =      1898.0452
 1-4 NB =       616.9397  1-4 EEL =      6052.7902  VDWAALS    =     13302.3962
 EELEC  =   -109503.9813  EHBOND  =         0.0000  RESTRAINT  =       159.0830
 EAMBER (non-restraint)  =    -86702.8335
 DV/DL  =         3.0335
 ------------------------------------------------------------------------------


| TI region  2


 NSTEP =     3000   TIME(PS) =       6.000  TEMP(K) =   133.91  PRESS =     0.0
 Etot   =    -79741.1214  EKtot   =      6802.6291  EPtot      =    -86543.7505
 BOND   =       282.6383  ANGLE   =       648.3383  DIHED      =      1898.0452
 1-4 NB =       616.9397  1-4 EEL =      6052.7902  VDWAALS    =     13302.3962
 EELEC  =   -109503.9813  EHBOND  =         0.0000  RESTRAINT  =       159.0830
 EAMBER (non-restraint)  =    -86702.8335
 DV/DL  =         3.0335
 ------------------------------------------------------------------------------

 NMR restraints: Bond =    0.000   Angle =     0.000   Torsion =     0.000
===============================================================================
wrapping first mol.:      -61.52620      -65.48220      -73.44500

| TI region  1


 NSTEP =     4000   TIME(PS) =       8.000  TEMP(K) =   166.17  PRESS =     0.0
 Etot   =    -76471.5309  EKtot   =      8441.4939  EPtot      =    -84913.0247
 BOND   =       300.9624  ANGLE   =       773.0186  DIHED      =      1924.0522
 1-4 NB =       632.0042  1-4 EEL =      6007.3923  VDWAALS    =     12800.2097
 EELEC  =   -107525.5079  EHBOND  =         0.0000  RESTRAINT  =       174.8438
 EAMBER (non-restraint)  =    -85087.8685
 DV/DL  =         3.3206
 ------------------------------------------------------------------------------


| TI region  2


 NSTEP =     4000   TIME(PS) =       8.000  TEMP(K) =   166.17  PRESS =     0.0
 Etot   =    -76471.5309  EKtot   =      8441.4939  EPtot      =    -84913.0247
 BOND   =       300.9624  ANGLE   =       773.0186  DIHED      =      1924.0522
 1-4 NB =       632.0042  1-4 EEL =      6007.3923  VDWAALS    =     12800.2097
 EELEC  =   -107525.5079  EHBOND  =         0.0000  RESTRAINT  =       174.8438
 EAMBER (non-restraint)  =    -85087.8685
 DV/DL  =         3.3206
 ------------------------------------------------------------------------------

 NMR restraints: Bond =    0.000   Angle =     0.000   Torsion =     0.000
===============================================================================
wrapping first mol.:      -61.52620      -65.48220      -73.44500
wrapping first mol.:      -61.52620      -65.48220      -73.44500

| TI region  1


 NSTEP =     5000   TIME(PS) =      10.000  TEMP(K) =   196.49  PRESS =     0.0
 Etot   =    -72934.7210  EKtot   =      9981.5253  EPtot      =    -82916.2462
 BOND   =       368.1278  ANGLE   =       906.8911  DIHED      =      1959.6099
 1-4 NB =       623.7017  1-4 EEL =      5970.1204  VDWAALS    =     12022.6537
 EELEC  =   -104955.2675  EHBOND  =         0.0000  RESTRAINT  =       187.9167
 EAMBER (non-restraint)  =    -83104.1629
 DV/DL  =         3.0833
 ------------------------------------------------------------------------------


| TI region  2


 NSTEP =     5000   TIME(PS) =      10.000  TEMP(K) =   196.49  PRESS =     0.0
 Etot   =    -72934.7210  EKtot   =      9981.5253  EPtot      =    -82916.2462
 BOND   =       368.1278  ANGLE   =       906.8911  DIHED      =      1959.6099
 1-4 NB =       623.7017  1-4 EEL =      5970.1204  VDWAALS    =     12022.6537
 EELEC  =   -104955.2675  EHBOND  =         0.0000  RESTRAINT  =       187.9167
 EAMBER (non-restraint)  =    -83104.1629
 DV/DL  =         3.0833
 ------------------------------------------------------------------------------

 NMR restraints: Bond =    0.000   Angle =     0.000   Torsion =     0.000
===============================================================================
wrapping first mol.:      -61.52620      -65.48220      -73.44500

| TI region  1


 NSTEP =     6000   TIME(PS) =      12.000  TEMP(K) =   226.45  PRESS =     0.0
 Etot   =    -68806.1204  EKtot   =     11503.5286  EPtot      =    -80309.6490
 BOND   =       405.3131  ANGLE   =       989.0486  DIHED      =      1986.7593
 1-4 NB =       638.0605  1-4 EEL =      5994.2104  VDWAALS    =     11155.9216
 EELEC  =   -101683.7820  EHBOND  =         0.0000  RESTRAINT  =       204.8196
 EAMBER (non-restraint)  =    -80514.4685
 DV/DL  =         2.3640
 ------------------------------------------------------------------------------


| TI region  2


 NSTEP =     6000   TIME(PS) =      12.000  TEMP(K) =   226.45  PRESS =     0.0
 Etot   =    -68806.1204  EKtot   =     11503.5286  EPtot      =    -80309.6490
 BOND   =       405.3131  ANGLE   =       989.0486  DIHED      =      1986.7593
 1-4 NB =       638.0605  1-4 EEL =      5994.2104  VDWAALS    =     11155.9216
 EELEC  =   -101683.7820  EHBOND  =         0.0000  RESTRAINT  =       204.8196
 EAMBER (non-restraint)  =    -80514.4685
 DV/DL  =         2.3640
 ------------------------------------------------------------------------------

 NMR restraints: Bond =    0.000   Angle =     0.000   Torsion =     0.000
===============================================================================
wrapping first mol.:      -61.52620      -65.48220      -73.44500

| TI region  1


 NSTEP =     7000   TIME(PS) =      14.000  TEMP(K) =   254.43  PRESS =     0.0
 Etot   =    -64474.3630  EKtot   =     12924.9517  EPtot      =    -77399.3146
 BOND   =       443.2830  ANGLE   =      1088.9156  DIHED      =      1989.3290
 1-4 NB =       667.1199  1-4 EEL =      6019.2913  VDWAALS    =     10035.1049
 EELEC  =    -97874.4663  EHBOND  =         0.0000  RESTRAINT  =       232.1080
 EAMBER (non-restraint)  =    -77631.4226
 DV/DL  =         3.3308
 ------------------------------------------------------------------------------


| TI region  2


 NSTEP =     7000   TIME(PS) =      14.000  TEMP(K) =   254.43  PRESS =     0.0
 Etot   =    -64474.3630  EKtot   =     12924.9517  EPtot      =    -77399.3146
 BOND   =       443.2830  ANGLE   =      1088.9156  DIHED      =      1989.3290
 1-4 NB =       667.1199  1-4 EEL =      6019.2913  VDWAALS    =     10035.1049
 EELEC  =    -97874.4663  EHBOND  =         0.0000  RESTRAINT  =       232.1080
 EAMBER (non-restraint)  =    -77631.4226
 DV/DL  =         3.3308
 ------------------------------------------------------------------------------

 NMR restraints: Bond =    0.000   Angle =     0.000   Torsion =     0.000
===============================================================================
wrapping first mol.:      -61.52620      -65.48220      -73.44500

| TI region  1


 NSTEP =     8000   TIME(PS) =      16.000  TEMP(K) =   287.73  PRESS =     0.0
 Etot   =    -59625.3636  EKtot   =     14616.4902  EPtot      =    -74241.8538
 BOND   =       459.4080  ANGLE   =      1204.6351  DIHED      =      2023.7061
 1-4 NB =       677.9905  1-4 EEL =      6017.7108  VDWAALS    =      9177.4937
 EELEC  =    -94051.4339  EHBOND  =         0.0000  RESTRAINT  =       248.6359
 EAMBER (non-restraint)  =    -74490.4897
 DV/DL  =         1.7543
 ------------------------------------------------------------------------------


| TI region  2


 NSTEP =     8000   TIME(PS) =      16.000  TEMP(K) =   287.73  PRESS =     0.0
 Etot   =    -59625.3636  EKtot   =     14616.4902  EPtot      =    -74241.8538
 BOND   =       459.4080  ANGLE   =      1204.6351  DIHED      =      2023.7061
 1-4 NB =       677.9905  1-4 EEL =      6017.7108  VDWAALS    =      9177.4937
 EELEC  =    -94051.4339  EHBOND  =         0.0000  RESTRAINT  =       248.6359
 EAMBER (non-restraint)  =    -74490.4897
 DV/DL  =         1.7543
 ------------------------------------------------------------------------------

 NMR restraints: Bond =    0.000   Angle =     0.000   Torsion =     0.000
===============================================================================
wrapping first mol.:      -61.52620      -65.48220      -73.44500

| TI region  1


 NSTEP =     9000   TIME(PS) =      18.000  TEMP(K) =   298.14  PRESS =     0.0
 Etot   =    -57182.6367  EKtot   =     15145.1583  EPtot      =    -72327.7949
 BOND   =       485.8359  ANGLE   =      1189.2376  DIHED      =      2018.5689
 1-4 NB =       658.7972  1-4 EEL =      6026.7334  VDWAALS    =      8306.8129
 EELEC  =    -91273.1682  EHBOND  =         0.0000  RESTRAINT  =       259.3875
 EAMBER (non-restraint)  =    -72587.1825
 DV/DL  =         2.5932
 ------------------------------------------------------------------------------


| TI region  2


 NSTEP =     9000   TIME(PS) =      18.000  TEMP(K) =   298.14  PRESS =     0.0
 Etot   =    -57182.6367  EKtot   =     15145.1583  EPtot      =    -72327.7949
 BOND   =       485.8359  ANGLE   =      1189.2376  DIHED      =      2018.5689
 1-4 NB =       658.7972  1-4 EEL =      6026.7334  VDWAALS    =      8306.8129
 EELEC  =    -91273.1682  EHBOND  =         0.0000  RESTRAINT  =       259.3875
 EAMBER (non-restraint)  =    -72587.1825
 DV/DL  =         2.5932
 ------------------------------------------------------------------------------

 NMR restraints: Bond =    0.000   Angle =     0.000   Torsion =     0.000
===============================================================================
wrapping first mol.:      -61.52620      -65.48220      -73.44500
wrapping first mol.:      -61.52620      -65.48220      -73.44500

| TI region  1


 NSTEP =    10000   TIME(PS) =      20.000  TEMP(K) =   298.68  PRESS =     0.0
 Etot   =    -57091.5239  EKtot   =     15172.6864  EPtot      =    -72264.2103
 BOND   =       488.6065  ANGLE   =      1157.5553  DIHED      =      2022.9885
 1-4 NB =       665.5906  1-4 EEL =      6078.0992  VDWAALS    =      8209.3477
 EELEC  =    -91140.7006  EHBOND  =         0.0000  RESTRAINT  =       254.3026
 EAMBER (non-restraint)  =    -72518.5129
 DV/DL  =         3.4628
 ------------------------------------------------------------------------------


| TI region  2


 NSTEP =    10000   TIME(PS) =      20.000  TEMP(K) =   298.68  PRESS =     0.0
 Etot   =    -57091.5239  EKtot   =     15172.6864  EPtot      =    -72264.2103
 BOND   =       488.6065  ANGLE   =      1157.5553  DIHED      =      2022.9885
 1-4 NB =       665.5906  1-4 EEL =      6078.0992  VDWAALS    =      8209.3477
 EELEC  =    -91140.7006  EHBOND  =         0.0000  RESTRAINT  =       254.3026
 EAMBER (non-restraint)  =    -72518.5129
 DV/DL  =         3.4628
 ------------------------------------------------------------------------------

 NMR restraints: Bond =    0.000   Angle =     0.000   Torsion =     0.000
===============================================================================

| TI region  1


      A V E R A G E S   O V E R      10 S T E P S


 NSTEP =    10000   TIME(PS) =      20.000  TEMP(K) =   204.99  PRESS =     0.0
 Etot   =    -70363.7410  EKtot   =     10413.6219  EPtot      =    -80777.3629
 BOND   =       364.4535  ANGLE   =       902.7911  DIHED      =      1954.4774
 1-4 NB =       640.7149  1-4 EEL =      6018.1840  VDWAALS    =     11283.3727
 EELEC  =   -102139.6966  EHBOND  =         0.0000  RESTRAINT  =       198.3401
 EAMBER (non-restraint)  =    -80975.7030
 DV/DL  =         3.4119
 ------------------------------------------------------------------------------

 NMR restraints: Bond =    0.000   Angle =     0.000   Torsion =     0.000
===============================================================================

      R M S  F L U C T U A T I O N S


 NSTEP =    10000   TIME(PS) =      20.000  TEMP(K) =    76.66  PRESS =     0.0
 Etot   =      9947.5259  EKtot   =      3894.3935  EPtot      =      6087.3660
 BOND   =       104.5571  ANGLE   =       252.3424  DIHED      =        61.3964
 1-4 NB =        23.3637  1-4 EEL =        28.6297  VDWAALS    =      2123.4571
 EELEC  =      7726.7136  EHBOND  =         0.0000  RESTRAINT  =        47.0031
 EAMBER (non-restraint)  =      6040.3629
 DV/DL  =         1.2626
 ------------------------------------------------------------------------------


| TI region  2


      A V E R A G E S   O V E R      10 S T E P S


 NSTEP =    10000   TIME(PS) =      20.000  TEMP(K) =   204.99  PRESS =     0.0
 Etot   =    -70363.7410  EKtot   =     10413.6219  EPtot      =    -80777.3629
 BOND   =       364.4535  ANGLE   =       902.7911  DIHED      =      1954.4774
 1-4 NB =       640.7149  1-4 EEL =      6018.1840  VDWAALS    =     11283.3727
 EELEC  =   -102139.6966  EHBOND  =         0.0000  RESTRAINT  =       198.3401
 EAMBER (non-restraint)  =    -80975.7030
 DV/DL  =         3.4119
 ------------------------------------------------------------------------------

 NMR restraints: Bond =    0.000   Angle =     0.000   Torsion =     0.000
===============================================================================

      R M S  F L U C T U A T I O N S


 NSTEP =    10000   TIME(PS) =      20.000  TEMP(K) =    76.66  PRESS =     0.0
 Etot   =      9947.5259  EKtot   =      3894.3935  EPtot      =      6087.3660
 BOND   =       104.5571  ANGLE   =       252.3424  DIHED      =        61.3964
 1-4 NB =        23.3637  1-4 EEL =        28.6297  VDWAALS    =      2123.4571
 EELEC  =      7726.7136  EHBOND  =         0.0000  RESTRAINT  =        47.0031
 EAMBER (non-restraint)  =      6040.3629
 DV/DL  =         1.2626
 ------------------------------------------------------------------------------


      DV/DL, AVERAGES OVER      10 STEPS


 NSTEP =    10000   TIME(PS) =      20.000  TEMP(K) =    76.66  PRESS =     0.0
 Etot   =         0.0000  EKtot   =         0.0000  EPtot      =         3.4119
 BOND   =         0.0000  ANGLE   =         0.0000  DIHED      =         0.0000
 1-4 NB =         0.0000  1-4 EEL =       -22.8798  VDWAALS    =         0.0000
 EELEC  =        26.2917  EHBOND  =         0.0000  RESTRAINT  =         0.0000
 DV/DL  =         3.4119
 ------------------------------------------------------------------------------


 NMR restraints on final step:

--------------------------------------------------------------------------------
   5.  TIMINGS
--------------------------------------------------------------------------------

|  NonSetup CPU Time in Major Routines:
|
|     Routine           Sec        %
|     ------------------------------
|     Nonbond           6.73   30.02
|     Bond              0.00    0.00
|     Angle             0.00    0.00
|     Dihedral          0.00    0.00
|     Shake             0.05    0.24
|     RunMD            15.61   69.60
|     Other             0.03    0.14
|     ------------------------------
|     Total            22.43

|  PME Nonbond Pairlist CPU Time:
|
|     Routine              Sec        %
|     ---------------------------------
|     Set Up Cit           0.00    0.00
|     Build List           0.00    0.00
|     ---------------------------------
|     Total                0.00    0.00

|  PME Direct Force CPU Time:
|
|     Routine              Sec        %
|     ---------------------------------
|     NonBonded Calc       0.00    0.00
|     Exclude Masked       0.00    0.00
|     Other                0.02    0.08
|     ---------------------------------
|     Total                0.02    0.08

|  PME Reciprocal Force CPU Time:
|
|     Routine              Sec        %
|     ---------------------------------
|     1D bspline           0.00    0.00
|     Grid Charges         0.00    0.00
|     Scalar Sum           0.00    0.00
|     Gradient Sum         0.00    0.00
|     FFT                  0.00    0.00
|     ---------------------------------
|     Total                0.00    0.00

|  Final Performance Info:
|     -----------------------------------------------------
|     Average timings for last   10000 steps:
|     Elapsed(s) =      22.43 Per Step(ms) =       2.24
|         ns/day =      77.03   seconds/ns =    1121.59
|
|     Average timings for all steps:
|     Elapsed(s) =      22.43 Per Step(ms) =       2.24
|         ns/day =      77.03   seconds/ns =    1121.59
|     -----------------------------------------------------

|  Setup CPU time:            1.31 seconds
|  NonSetup CPU time:        22.43 seconds
|  Total CPU time:           23.74 seconds     0.01 hours

|  Setup wall time:           4    seconds
|  NonSetup wall time:       22    seconds
|  Total wall time:          26    seconds     0.01 hours
