
          -------------------------------------------------------
          Amber 18 PMEMD                              2018
          -------------------------------------------------------

| PMEMD implementation of SANDER, Release 18

| Run on 06/20/2018 at 19:06:49

|   Executable path: /home/uv10/amber/bin/pmemd
| Working directory: /home/uv10/tutorials-amber/A9/ligand/pmemd/free_energy/ligands/decharge/0.7
|          Hostname: Unknown
  [-O]verwriting output

File Assignments:
|   MDIN: heat.in                                                               
|  MDOUT: heat.out                                                              
| INPCRD: ti.rst7                                                               
|   PARM: ti.parm7                                                              
| RESTRT: heat.rst7                                                             
|   REFC: ti.rst7                                                               
|  MDVEL: mdvel                                                                 
|   MDEN: heat.en                                                               
|  MDCRD: heat.nc                                                               
| MDINFO: heat.info                                                             
|  MDFRC: mdfrc                                                                 


 Here is the input file:

heating                                                                        
 &cntrl                                                                        
   imin = 0, nstlim = 10000, irest = 0, ntx = 1, dt = 0.002,                   
   ntt = 1, temp0 = 300.0, tempi = 50.0, tautp = 1.0,                          
   ntc = 2, ntf = 1,                                                           
   ntb = 1,                                                                    
   ioutfm = 1, iwrap = 1,                                                      
   ntwe = 1000, ntwx = 1000, ntpr = 1000, ntwr = 5000,                         
                                                                               
   nmropt = 1,                                                                 
   ntr = 1, restraint_wt = 5.00,                                               
   restraintmask='!:WAT & !@H=',                                               
                                                                               
   icfe = 1, clambda = 0.7, scalpha = 0.5, scbeta = 12.0,                      
   logdvdl = 0,                                                                
   timask1 = ':1', timask2 = ':2',                                             
   ifsc = 0, crgmask = ':2@H6',                                                
 /                                                                             
                                                                               
 &ewald                                                                        
 /                                                                             
                                                                               
 &wt                                                                           
   type='TEMP0',                                                               
   istep1 = 0, istep2 = 8000,                                                  
   value1 = 50.0, value2 = 300.0                                               
 /                                                                             
                                                                               
 &wt type = 'END'                                                              
 /                                                                             
                                                                               


Note: ig = -1. Setting random seed to    74806 based on wallclock time in 
      microseconds.
| irandom = 1, using AMBER's internal random number generator (default).
 
 
| Conditional Compilation Defines Used:
| PUBFFT
| BINTRAJ
| EMIL

| Largest sphere to fit in unit cell has radius =    16.836

| New format PARM file being parsed.
| Version =    1.000 Date = 06/20/18 Time = 14:05:10

| Note: 1-4 EEL scale factors are being read from the topology file.

| Note: 1-4 VDW scale factors are being read from the topology file.
| Duplicated    0 dihedrals

| Duplicated    0 dihedrals

--------------------------------------------------------------------------------
   1.  RESOURCE   USE: 
--------------------------------------------------------------------------------

 getting new box info from bottom of inpcrd
 NATOM  =    2631 NTYPES =       4 NBONH =    2619 MBONA  =      12
 NTHETH =      24 MTHETA =      12 NPHIH =      48 MPHIA  =      12
 NHPARM =       0 NPARM  =       0 NNB   =    3580 NRES   =     871
 NBONA  =      12 NTHETA =      12 NPHIA =      12 NUMBND =       4
 NUMANG =       2 NPTRA  =       2 NATYP =       4 NPHB   =       1
 IFBOX  =       1 NMXRS  =      12 IFCAP =       0 NEXTRA =       0
 NCOPY  =       0

| Coordinate Index Table dimensions:     7    7    7
| Direct force subcell size =     4.8104    4.9998    5.0941

     BOX TYPE: RECTILINEAR

--------------------------------------------------------------------------------
   2.  CONTROL  DATA  FOR  THE  RUN
--------------------------------------------------------------------------------

default_name                                                                    

General flags:
     imin    =       0, nmropt  =       1

Nature and format of input:
     ntx     =       1, irest   =       0, ntrx    =       1

Nature and format of output:
     ntxo    =       2, ntpr    =    1000, ntrx    =       1, ntwr    =    5000
     iwrap   =       1, ntwx    =    1000, ntwv    =       0, ntwe    =    1000
     ioutfm  =       1, ntwprt  =       0, idecomp =       0, rbornstat=      0

Potential function:
     ntf     =       1, ntb     =       1, igb     =       0, nsnb    =      25
     ipol    =       0, gbsa    =       0, iesp    =       0
     dielc   =   1.00000, cut     =   8.00000, intdiel =   1.00000

Frozen or restrained atoms:
     ibelly  =       0, ntr     =       1
     restraint_wt =   5.00000

Molecular dynamics:
     nstlim  =     10000, nscm    =         0, nrespa  =         1
     t       =   0.00000, dt      =   0.00200, vlimit  =  20.00000

Berendsen (weak-coupling) temperature regulation:
     temp0   = 300.00000, tempi   =  50.00000, tautp   =   1.00000

SHAKE:
     ntc     =       2, jfastw  =       0
     tol     =   0.00001

NMR refinement options:
     iscale  =       0, noeskp  =       1, ipnlty  =       1, mxsub   =       1
     scalm   = 100.00000, pencut  =   0.10000, tausw   =   0.10000

Free energy options:
     icfe    =       1, ifsc    =       0, klambda =       1
     clambda =  0.7000, scalpha =  0.5000, scbeta  = 12.0000
     sceeorder =       2
     dynlmb =  0.0000 logdvdl =       0

| Intermolecular bonds treatment:
|     no_intermolecular_bonds =       1

| Energy averages sample interval:
|     ene_avg_sampling =    1000

Ewald parameters:
     verbose =       0, ew_type =       0, nbflag  =       1, use_pme =       1
     vdwmeth =       1, eedmeth =       1, netfrc  =       1
     Box X =   33.673   Box Y =   34.999   Box Z =   35.659
     Alpha =   90.000   Beta  =   90.000   Gamma =   90.000
     NFFT1 =   36       NFFT2 =   36       NFFT3 =   36
     Cutoff=    8.000   Tol   =0.100E-04
     Ewald Coefficient =  0.34864
     Interpolation order =    4

    LOADING THE CONSTRAINED ATOMS AS GROUPS


   5.  REFERENCE ATOM COORDINATES

  default_name                                                                    
     Mask !:WAT & !@H=; matches    12 atoms
     TI Mask 1 :1; matches     12 atoms
     TI Mask 2 :2; matches     12 atoms
     TI region 1:    2619 atoms
     TI region 2:    2619 atoms
Removing charge of       0.1305 from atom      24
Total charge of   0.13052100 removed from       1 atoms
     Checking for mismatched coordinates.

--------------------------------------------------------------------------------
   3.  ATOMIC COORDINATES AND VELOCITIES
--------------------------------------------------------------------------------

default_name                                                                    
 begin time read from input coords =     0.000 ps



           Begin reading energy term weight changes/NMR restraints
 WEIGHT CHANGES:
 TEMP0         0   8000   50.000000  300.000000      0      0

 RESTRAINTS:
                          ** No restraint defined **

                  Done reading weight changes/NMR restraints


 
 Number of triangulated 3-point waters found:      869

     Sum of charges for TI region  1 =   0.00000000
     Forcing neutrality...


     Sum of charges for TI region  2 =  -0.13052100
     Assuming uniform neutralizing plasma

| Dynamic Memory, Types Used:
| Reals              230831
| Integers           100744

| Nonbonded Pairs Initial Allocation:      439442

--------------------------------------------------------------------------------
   4.  RESULTS
--------------------------------------------------------------------------------

 ---------------------------------------------------
 APPROXIMATING switch and d/dx switch using CUBIC SPLINE INTERPOLATION
 using   5000.0 points per unit in tabled values
 TESTING RELATIVE ERROR over r ranging from 0.0 to cutoff
| CHECK switch(x): max rel err =   0.2738E-14   at   2.422500
| CHECK d/dx switch(x): max rel err =   0.8332E-11   at   2.782960
 ---------------------------------------------------
|---------------------------------------------------
| APPROXIMATING direct energy using CUBIC SPLINE INTERPOLATION
|  with   50.0 points per unit in tabled values
| Relative Error Limit not exceeded for r .gt.   2.47
| APPROXIMATING direct force using CUBIC SPLINE INTERPOLATION
|  with   50.0 points per unit in tabled values
| Relative Error Limit not exceeded for r .gt.   2.89
|---------------------------------------------------

| TI region  1


 NSTEP =        0   TIME(PS) =       0.000  TEMP(K) =    75.39  PRESS =     0.0
 Etot   =     -6460.4711  EKtot   =       392.8334  EPtot      =     -6853.3046
 BOND   =         2.0830  ANGLE   =         2.5561  DIHED      =         1.9213
 1-4 NB =         3.5320  1-4 EEL =        -0.9235  VDWAALS    =      1126.3686
 EELEC  =     -7988.8420  EHBOND  =         0.0000  RESTRAINT  =         0.0000
 DV/DL  =        -4.4912
 Ewald error estimate:   0.4176E-03
 ------------------------------------------------------------------------------


| TI region  2


 NSTEP =        0   TIME(PS) =       0.000  TEMP(K) =    75.39  PRESS =     0.0
 Etot   =     -6460.4711  EKtot   =       392.8334  EPtot      =     -6853.3046
 BOND   =         2.0830  ANGLE   =         2.5561  DIHED      =         1.9213
 1-4 NB =         3.5320  1-4 EEL =        -0.9235  VDWAALS    =      1126.3686
 EELEC  =     -7988.8420  EHBOND  =         0.0000  RESTRAINT  =         0.0000
 DV/DL  =        -4.4912
 Ewald error estimate:   0.4176E-03
 ------------------------------------------------------------------------------

 NMR restraints: Bond =    0.000   Angle =     0.000   Torsion =     0.000
===============================================================================

| TI region  1


 NSTEP =     1000   TIME(PS) =       2.000  TEMP(K) =   174.84  PRESS =     0.0
 Etot   =     -8037.8674  EKtot   =       910.9865  EPtot      =     -8948.8540
 BOND   =         0.3264  ANGLE   =         0.8155  DIHED      =         0.7904
 1-4 NB =         3.3942  1-4 EEL =        -0.8884  VDWAALS    =      1525.1858
 EELEC  =    -10480.6817  EHBOND  =         0.0000  RESTRAINT  =         2.2037
 EAMBER (non-restraint)  =     -8951.0577
 DV/DL  =        -5.3900
 Ewald error estimate:   0.2634E-03
 ------------------------------------------------------------------------------


| TI region  2


 NSTEP =     1000   TIME(PS) =       2.000  TEMP(K) =   174.84  PRESS =     0.0
 Etot   =     -8037.8674  EKtot   =       910.9865  EPtot      =     -8948.8540
 BOND   =         0.3264  ANGLE   =         0.8155  DIHED      =         0.7904
 1-4 NB =         3.3942  1-4 EEL =        -0.8884  VDWAALS    =      1525.1858
 EELEC  =    -10480.6817  EHBOND  =         0.0000  RESTRAINT  =         2.2037
 EAMBER (non-restraint)  =     -8951.0577
 DV/DL  =        -5.3900
 Ewald error estimate:   0.2634E-03
 ------------------------------------------------------------------------------

 NMR restraints: Bond =    0.000   Angle =     0.000   Torsion =     0.000
===============================================================================

| TI region  1


 NSTEP =     2000   TIME(PS) =       4.000  TEMP(K) =   142.53  PRESS =     0.0
 Etot   =     -8645.0813  EKtot   =       742.6194  EPtot      =     -9387.7007
 BOND   =         0.3754  ANGLE   =         0.6427  DIHED      =         0.4417
 1-4 NB =         3.2708  1-4 EEL =        -0.9019  VDWAALS    =      1735.5696
 EELEC  =    -11127.6705  EHBOND  =         0.0000  RESTRAINT  =         0.5715
 EAMBER (non-restraint)  =     -9388.2722
 DV/DL  =        -5.3168
 Ewald error estimate:   0.6260E-05
 ------------------------------------------------------------------------------


| TI region  2


 NSTEP =     2000   TIME(PS) =       4.000  TEMP(K) =   142.53  PRESS =     0.0
 Etot   =     -8645.0813  EKtot   =       742.6194  EPtot      =     -9387.7007
 BOND   =         0.3754  ANGLE   =         0.6427  DIHED      =         0.4417
 1-4 NB =         3.2708  1-4 EEL =        -0.9019  VDWAALS    =      1735.5696
 EELEC  =    -11127.6705  EHBOND  =         0.0000  RESTRAINT  =         0.5715
 EAMBER (non-restraint)  =     -9388.2722
 DV/DL  =        -5.3168
 Ewald error estimate:   0.6260E-05
 ------------------------------------------------------------------------------

 NMR restraints: Bond =    0.000   Angle =     0.000   Torsion =     0.000
===============================================================================

| TI region  1


 NSTEP =     3000   TIME(PS) =       6.000  TEMP(K) =   136.70  PRESS =     0.0
 Etot   =     -8739.0077  EKtot   =       712.2562  EPtot      =     -9451.2640
 BOND   =         0.2311  ANGLE   =         0.3365  DIHED      =         1.0604
 1-4 NB =         3.3704  1-4 EEL =        -0.9057  VDWAALS    =      1824.2968
 EELEC  =    -11281.2433  EHBOND  =         0.0000  RESTRAINT  =         1.5899
 EAMBER (non-restraint)  =     -9452.8538
 DV/DL  =        -7.2132
 Ewald error estimate:   0.4663E-03
 ------------------------------------------------------------------------------


| TI region  2


 NSTEP =     3000   TIME(PS) =       6.000  TEMP(K) =   136.70  PRESS =     0.0
 Etot   =     -8739.0077  EKtot   =       712.2562  EPtot      =     -9451.2640
 BOND   =         0.2311  ANGLE   =         0.3365  DIHED      =         1.0604
 1-4 NB =         3.3704  1-4 EEL =        -0.9057  VDWAALS    =      1824.2968
 EELEC  =    -11281.2433  EHBOND  =         0.0000  RESTRAINT  =         1.5899
 EAMBER (non-restraint)  =     -9452.8538
 DV/DL  =        -7.2132
 Ewald error estimate:   0.4663E-03
 ------------------------------------------------------------------------------

 NMR restraints: Bond =    0.000   Angle =     0.000   Torsion =     0.000
===============================================================================

| TI region  1


 NSTEP =     4000   TIME(PS) =       8.000  TEMP(K) =   153.22  PRESS =     0.0
 Etot   =     -8576.2076  EKtot   =       798.3305  EPtot      =     -9374.5380
 BOND   =         0.5607  ANGLE   =         0.3749  DIHED      =         1.7002
 1-4 NB =         3.4829  1-4 EEL =        -0.8717  VDWAALS    =      1794.0040
 EELEC  =    -11174.2780  EHBOND  =         0.0000  RESTRAINT  =         0.4890
 EAMBER (non-restraint)  =     -9375.0270
 DV/DL  =        -6.6604
 Ewald error estimate:   0.6269E-04
 ------------------------------------------------------------------------------


| TI region  2


 NSTEP =     4000   TIME(PS) =       8.000  TEMP(K) =   153.22  PRESS =     0.0
 Etot   =     -8576.2076  EKtot   =       798.3305  EPtot      =     -9374.5380
 BOND   =         0.5607  ANGLE   =         0.3749  DIHED      =         1.7002
 1-4 NB =         3.4829  1-4 EEL =        -0.8717  VDWAALS    =      1794.0040
 EELEC  =    -11174.2780  EHBOND  =         0.0000  RESTRAINT  =         0.4890
 EAMBER (non-restraint)  =     -9375.0270
 DV/DL  =        -6.6604
 Ewald error estimate:   0.6269E-04
 ------------------------------------------------------------------------------

 NMR restraints: Bond =    0.000   Angle =     0.000   Torsion =     0.000
===============================================================================

| TI region  1


 NSTEP =     5000   TIME(PS) =      10.000  TEMP(K) =   175.87  PRESS =     0.0
 Etot   =     -8308.2602  EKtot   =       916.3541  EPtot      =     -9224.6143
 BOND   =         0.6741  ANGLE   =         0.3425  DIHED      =         1.5826
 1-4 NB =         3.0745  1-4 EEL =        -0.8853  VDWAALS    =      1694.3688
 EELEC  =    -10924.5544  EHBOND  =         0.0000  RESTRAINT  =         0.7828
 EAMBER (non-restraint)  =     -9225.3971
 DV/DL  =        -5.9494
 Ewald error estimate:   0.2272E-03
 ------------------------------------------------------------------------------


| TI region  2


 NSTEP =     5000   TIME(PS) =      10.000  TEMP(K) =   175.87  PRESS =     0.0
 Etot   =     -8308.2602  EKtot   =       916.3541  EPtot      =     -9224.6143
 BOND   =         0.6741  ANGLE   =         0.3425  DIHED      =         1.5826
 1-4 NB =         3.0745  1-4 EEL =        -0.8853  VDWAALS    =      1694.3688
 EELEC  =    -10924.5544  EHBOND  =         0.0000  RESTRAINT  =         0.7828
 EAMBER (non-restraint)  =     -9225.3971
 DV/DL  =        -5.9494
 Ewald error estimate:   0.2272E-03
 ------------------------------------------------------------------------------

 NMR restraints: Bond =    0.000   Angle =     0.000   Torsion =     0.000
===============================================================================

| TI region  1


 NSTEP =     6000   TIME(PS) =      12.000  TEMP(K) =   206.60  PRESS =     0.0
 Etot   =     -7965.0897  EKtot   =      1076.4957  EPtot      =     -9041.5854
 BOND   =         0.0891  ANGLE   =         1.0947  DIHED      =         0.6410
 1-4 NB =         3.6434  1-4 EEL =        -0.9094  VDWAALS    =      1706.5964
 EELEC  =    -10753.3153  EHBOND  =         0.0000  RESTRAINT  =         0.5747
 EAMBER (non-restraint)  =     -9042.1601
 DV/DL  =        -5.2362
 Ewald error estimate:   0.3630E-03
 ------------------------------------------------------------------------------


| TI region  2


 NSTEP =     6000   TIME(PS) =      12.000  TEMP(K) =   206.60  PRESS =     0.0
 Etot   =     -7965.0897  EKtot   =      1076.4957  EPtot      =     -9041.5854
 BOND   =         0.0891  ANGLE   =         1.0947  DIHED      =         0.6410
 1-4 NB =         3.6434  1-4 EEL =        -0.9094  VDWAALS    =      1706.5964
 EELEC  =    -10753.3153  EHBOND  =         0.0000  RESTRAINT  =         0.5747
 EAMBER (non-restraint)  =     -9042.1601
 DV/DL  =        -5.2362
 Ewald error estimate:   0.3630E-03
 ------------------------------------------------------------------------------

 NMR restraints: Bond =    0.000   Angle =     0.000   Torsion =     0.000
===============================================================================

| TI region  1


 NSTEP =     7000   TIME(PS) =      14.000  TEMP(K) =   228.91  PRESS =     0.0
 Etot   =     -7576.4493  EKtot   =      1192.7214  EPtot      =     -8769.1707
 BOND   =         0.9245  ANGLE   =         1.8151  DIHED      =         1.5415
 1-4 NB =         3.1030  1-4 EEL =        -0.8891  VDWAALS    =      1573.5919
 EELEC  =    -10350.0029  EHBOND  =         0.0000  RESTRAINT  =         0.7453
 EAMBER (non-restraint)  =     -8769.9160
 DV/DL  =        -5.1754
 Ewald error estimate:   0.2685E-05
 ------------------------------------------------------------------------------


| TI region  2


 NSTEP =     7000   TIME(PS) =      14.000  TEMP(K) =   228.91  PRESS =     0.0
 Etot   =     -7576.4493  EKtot   =      1192.7214  EPtot      =     -8769.1707
 BOND   =         0.9245  ANGLE   =         1.8151  DIHED      =         1.5415
 1-4 NB =         3.1030  1-4 EEL =        -0.8891  VDWAALS    =      1573.5919
 EELEC  =    -10350.0029  EHBOND  =         0.0000  RESTRAINT  =         0.7453
 EAMBER (non-restraint)  =     -8769.9160
 DV/DL  =        -5.1754
 Ewald error estimate:   0.2685E-05
 ------------------------------------------------------------------------------

 NMR restraints: Bond =    0.000   Angle =     0.000   Torsion =     0.000
===============================================================================

| TI region  1


 NSTEP =     8000   TIME(PS) =      16.000  TEMP(K) =   252.28  PRESS =     0.0
 Etot   =     -7140.6754  EKtot   =      1314.5079  EPtot      =     -8455.1833
 BOND   =         0.4511  ANGLE   =         2.8800  DIHED      =         1.4419
 1-4 NB =         3.5799  1-4 EEL =        -0.9131  VDWAALS    =      1401.7943
 EELEC  =     -9866.6952  EHBOND  =         0.0000  RESTRAINT  =         2.2778
 EAMBER (non-restraint)  =     -8457.4611
 DV/DL  =        -7.5455
 Ewald error estimate:   0.1149E-03
 ------------------------------------------------------------------------------


| TI region  2


 NSTEP =     8000   TIME(PS) =      16.000  TEMP(K) =   252.28  PRESS =     0.0
 Etot   =     -7140.6754  EKtot   =      1314.5079  EPtot      =     -8455.1833
 BOND   =         0.4511  ANGLE   =         2.8800  DIHED      =         1.4419
 1-4 NB =         3.5799  1-4 EEL =        -0.9131  VDWAALS    =      1401.7943
 EELEC  =     -9866.6952  EHBOND  =         0.0000  RESTRAINT  =         2.2778
 EAMBER (non-restraint)  =     -8457.4611
 DV/DL  =        -7.5455
 Ewald error estimate:   0.1149E-03
 ------------------------------------------------------------------------------

 NMR restraints: Bond =    0.000   Angle =     0.000   Torsion =     0.000
===============================================================================

| TI region  1


 NSTEP =     9000   TIME(PS) =      18.000  TEMP(K) =   267.43  PRESS =     0.0
 Etot   =     -6783.4432  EKtot   =      1393.4212  EPtot      =     -8176.8644
 BOND   =         1.3737  ANGLE   =         3.2453  DIHED      =         3.3693
 1-4 NB =         4.0344  1-4 EEL =        -0.8739  VDWAALS    =      1347.5172
 EELEC  =     -9536.9639  EHBOND  =         0.0000  RESTRAINT  =         1.4335
 EAMBER (non-restraint)  =     -8178.2979
 DV/DL  =        -6.7043
 Ewald error estimate:   0.3818E-03
 ------------------------------------------------------------------------------


| TI region  2


 NSTEP =     9000   TIME(PS) =      18.000  TEMP(K) =   267.43  PRESS =     0.0
 Etot   =     -6783.4432  EKtot   =      1393.4212  EPtot      =     -8176.8644
 BOND   =         1.3737  ANGLE   =         3.2453  DIHED      =         3.3693
 1-4 NB =         4.0344  1-4 EEL =        -0.8739  VDWAALS    =      1347.5172
 EELEC  =     -9536.9639  EHBOND  =         0.0000  RESTRAINT  =         1.4335
 EAMBER (non-restraint)  =     -8178.2979
 DV/DL  =        -6.7043
 Ewald error estimate:   0.3818E-03
 ------------------------------------------------------------------------------

 NMR restraints: Bond =    0.000   Angle =     0.000   Torsion =     0.000
===============================================================================

| TI region  1


 NSTEP =    10000   TIME(PS) =      20.000  TEMP(K) =   288.48  PRESS =     0.0
 Etot   =     -6566.6800  EKtot   =      1503.0802  EPtot      =     -8069.7602
 BOND   =         0.9206  ANGLE   =         3.1911  DIHED      =         0.9957
 1-4 NB =         3.8420  1-4 EEL =        -0.9518  VDWAALS    =      1205.8373
 EELEC  =     -9286.4475  EHBOND  =         0.0000  RESTRAINT  =         2.8523
 EAMBER (non-restraint)  =     -8072.6125
 DV/DL  =        -6.3150
 Ewald error estimate:   0.1179E-03
 ------------------------------------------------------------------------------


| TI region  2


 NSTEP =    10000   TIME(PS) =      20.000  TEMP(K) =   288.48  PRESS =     0.0
 Etot   =     -6566.6800  EKtot   =      1503.0802  EPtot      =     -8069.7602
 BOND   =         0.9206  ANGLE   =         3.1911  DIHED      =         0.9957
 1-4 NB =         3.8420  1-4 EEL =        -0.9518  VDWAALS    =      1205.8373
 EELEC  =     -9286.4475  EHBOND  =         0.0000  RESTRAINT  =         2.8523
 EAMBER (non-restraint)  =     -8072.6125
 DV/DL  =        -6.3150
 Ewald error estimate:   0.1179E-03
 ------------------------------------------------------------------------------

 NMR restraints: Bond =    0.000   Angle =     0.000   Torsion =     0.000
===============================================================================

| TI region  1


      A V E R A G E S   O V E R      10 S T E P S


 NSTEP =    10000   TIME(PS) =      20.000  TEMP(K) =   202.69  PRESS =     0.0
 Etot   =     -7833.8762  EKtot   =      1056.0773  EPtot      =     -8889.9535
 BOND   =         0.5927  ANGLE   =         1.4738  DIHED      =         1.3565
 1-4 NB =         3.4796  1-4 EEL =        -0.8990  VDWAALS    =      1580.8762
 EELEC  =    -10478.1853  EHBOND  =         0.0000  RESTRAINT  =         1.3520
 EAMBER (non-restraint)  =     -8891.3055
 DV/DL  =        -6.1506
 Ewald error estimate:   0.2006E-03
 ------------------------------------------------------------------------------

 NMR restraints: Bond =    0.000   Angle =     0.000   Torsion =     0.000
===============================================================================

      R M S  F L U C T U A T I O N S


 NSTEP =    10000   TIME(PS) =      20.000  TEMP(K) =    51.60  PRESS =     0.0
 Etot   =       746.2060  EKtot   =       268.8798  EPtot      =       481.7603
 BOND   =         0.3685  ANGLE   =         1.1502  DIHED      =         0.7842
 1-4 NB =         0.2906  1-4 EEL =         0.0222  VDWAALS    =       196.8828
 EELEC  =       672.5113  EHBOND  =         0.0000  RESTRAINT  =         0.8091
 EAMBER (non-restraint)  =       480.9512
 DV/DL  =         0.8228
 Ewald error estimate:   0.1564E-03
 ------------------------------------------------------------------------------


| TI region  2


      A V E R A G E S   O V E R      10 S T E P S


 NSTEP =    10000   TIME(PS) =      20.000  TEMP(K) =   202.69  PRESS =     0.0
 Etot   =     -7833.8762  EKtot   =      1056.0773  EPtot      =     -8889.9535
 BOND   =         0.5927  ANGLE   =         1.4738  DIHED      =         1.3565
 1-4 NB =         3.4796  1-4 EEL =        -0.8990  VDWAALS    =      1580.8762
 EELEC  =    -10478.1853  EHBOND  =         0.0000  RESTRAINT  =         1.3520
 EAMBER (non-restraint)  =     -8891.3055
 DV/DL  =        -6.1506
 Ewald error estimate:   0.2006E-03
 ------------------------------------------------------------------------------

 NMR restraints: Bond =    0.000   Angle =     0.000   Torsion =     0.000
===============================================================================

      R M S  F L U C T U A T I O N S


 NSTEP =    10000   TIME(PS) =      20.000  TEMP(K) =    51.60  PRESS =     0.0
 Etot   =       746.2060  EKtot   =       268.8798  EPtot      =       481.7603
 BOND   =         0.3685  ANGLE   =         1.1502  DIHED      =         0.7842
 1-4 NB =         0.2906  1-4 EEL =         0.0222  VDWAALS    =       196.8828
 EELEC  =       672.5113  EHBOND  =         0.0000  RESTRAINT  =         0.8091
 EAMBER (non-restraint)  =       480.9512
 DV/DL  =         0.8228
 Ewald error estimate:   0.1564E-03
 ------------------------------------------------------------------------------


      DV/DL, AVERAGES OVER      10 STEPS


 NSTEP =    10000   TIME(PS) =      20.000  TEMP(K) =    51.60  PRESS =     0.0
 Etot   =         0.0000  EKtot   =         0.0000  EPtot      =        -6.1506
 BOND   =        -0.0000  ANGLE   =         0.0000  DIHED      =         0.0000
 1-4 NB =         0.0000  1-4 EEL =        -1.0470  VDWAALS    =         0.0000
 EELEC  =        -5.1037  EHBOND  =         0.0000  RESTRAINT  =        -0.0000
 EAMBER (non-restraint)  =        -6.1506
 DV/DL  =        -6.1506
 Ewald error estimate:   0.0000E+00
 ------------------------------------------------------------------------------


 NMR restraints on final step:

--------------------------------------------------------------------------------
   5.  TIMINGS
--------------------------------------------------------------------------------

|  NonSetup CPU Time in Major Routines:
|
|     Routine           Sec        %
|     ------------------------------
|     Nonbond         153.28   97.81
|     Bond              0.49    0.31
|     Angle             0.08    0.05
|     Dihedral          0.23    0.15
|     Shake             1.42    0.91
|     RunMD             1.18    0.75
|     Other             0.04    0.03
|     ------------------------------
|     Total           156.71

|  PME Nonbond Pairlist CPU Time:
|
|     Routine              Sec        %
|     ---------------------------------
|     Set Up Cit           0.22    0.14
|     Build List          19.08   12.18
|     ---------------------------------
|     Total               19.31   12.32

|  PME Direct Force CPU Time:
|
|     Routine              Sec        %
|     ---------------------------------
|     NonBonded Calc      63.52   40.54
|     Exclude Masked       2.80    1.79
|     Other                2.50    1.60
|     ---------------------------------
|     Total               68.83   43.92

|  PME Reciprocal Force CPU Time:
|
|     Routine              Sec        %
|     ---------------------------------
|     1D bspline           2.64    1.68
|     Grid Charges         5.73    3.66
|     Scalar Sum           2.69    1.72
|     Gradient Sum         9.37    5.98
|     FFT                 44.77   28.57
|     ---------------------------------
|     Total               65.20   41.61

|  Final Performance Info:
|     -----------------------------------------------------
|     Average timings for last    2000 steps:
|     Elapsed(s) =      32.43 Per Step(ms) =      16.21
|         ns/day =      10.66   seconds/ns =    8107.02
|
|     Average timings for all steps:
|     Elapsed(s) =     156.84 Per Step(ms) =      15.68
|         ns/day =      11.02   seconds/ns =    7841.91
|     -----------------------------------------------------

|  Setup CPU time:            0.05 seconds
|  NonSetup CPU time:       156.71 seconds
|  Total CPU time:          156.76 seconds     0.04 hours

|  Setup wall time:           0    seconds
|  NonSetup wall time:      157    seconds
|  Total wall time:         157    seconds     0.04 hours
