
          -------------------------------------------------------
          Amber 18 PMEMD                              2018
          -------------------------------------------------------

| PMEMD implementation of SANDER, Release 18

| Run on 02/05/2019 at 16:33:08

|   Executable path: /home/cracauer/work/amber/amber/bin/pmemd.cuda
| Working directory: /home/meister/runjobs
|          Hostname: Unknown
  [-O]verwriting output

File Assignments:
|   MDIN: AA-AB/complex/recharge/0.500/heat.in                                  
|  MDOUT: AA-AB/complex/recharge/0.500/heat.out                                 
| INPCRD: AA-AB/complex/recharge/recharge.rst7                                  
|   PARM: AA-AB/complex/recharge/recharge.parm7                                 
| RESTRT: AA-AB/complex/recharge/0.500/heat.rst7                                
|   REFC: AA-AB/complex/recharge/recharge.rst7                                  
|  MDVEL: mdvel                                                                 
|   MDEN: AA-AB/complex/recharge/0.500/heat.en                                  
|  MDCRD: AA-AB/complex/recharge/0.500/heat.nc                                  
| MDINFO: AA-AB/complex/recharge/0.500/heat.info                                
|  MDFRC: mdfrc                                                                 


 Here is the input file:

heating                                                                        
 &cntrl                                                                        
   imin = 0, nstlim = 10000, irest = 0, ntx = 1, dt = 0.002,                   
   ntt = 1, temp0 = 300.0, tempi = 50.0, tautp = 1.0,                          
   ntc = 2, ntf = 1,                                                           
   ntb = 1,                                                                    
   ioutfm = 1, iwrap = 1,                                                      
   ntwe = 1000, ntwx = 1000, ntpr = 1000, ntwr = 5000,                         
                                                                               
   nmropt = 1,                                                                 
   ntr = 1, restraint_wt = 5.00,                                               
   restraintmask='!:WAT & !@H=',                                               
                                                                               
   icfe = 1, clambda = 0.500, scalpha = 0.5, scbeta = 12.0,                    
   logdvdl = 0,                                                                
   timask1 = ':1', timask2 = ':2',                                             
   ifsc = 0, crgmask = ':1@H7'                                                 
 /                                                                             
                                                                               
 &ewald                                                                        
 /                                                                             
                                                                               
 &wt                                                                           
   type='TEMP0',                                                               
   istep1 = 0, istep2 = 8000,                                                  
   value1 = 50.0, value2 = 300.0                                               
 /                                                                             
                                                                               
 &wt type = 'END'                                                              
 /                                                                             


Note: ig = -1. Setting random seed to    50928 based on wallclock time in 
      microseconds.
| irandom = 1, using AMBER's internal random number generator (default).
 
|--------------------- INFORMATION ----------------------
| GPU (CUDA) Version of PMEMD in use: NVIDIA GPU IN USE.
|                    Version 18.0.0
| 
|                      03/25/2018
| 
| Implementation by:
|                    Ross C. Walker     (SDSC)
|                    Scott Le Grand     (nVIDIA)
| 
| Version 18 performance extensions by:
|                    David Cerutti     (Rutgers)
| 
| Precision model in use:
|      [SPFP] - Single Precision Forces, 64-bit Fixed Point
|               Accumulation. (Default)
| 
|--------------------------------------------------------
 
|----------------- CITATION INFORMATION -----------------
|
|    When publishing work that utilized the CUDA version
|    of AMBER, please cite the following in addition to
|    the regular AMBER citations:
|
|  - Romelia Salomon-Ferrer; Andreas W. Goetz; Duncan
|    Poole; Scott Le Grand; Ross C. Walker "Routine
|    microsecond molecular dynamics simulations with
|    AMBER - Part II: Particle Mesh Ewald", J. Chem.
|    Theory Comput., 2013, 9 (9), pp3878-3888,
|    DOI: 10.1021/ct400314y.
|
|  - Andreas W. Goetz; Mark J. Williamson; Dong Xu;
|    Duncan Poole; Scott Le Grand; Ross C. Walker
|    "Routine microsecond molecular dynamics simulations
|    with AMBER - Part I: Generalized Born", J. Chem.
|    Theory Comput., 2012, 8 (5), pp1542-1555.
|
|  - Scott Le Grand; Andreas W. Goetz; Ross C. Walker
|    "SPFP: Speed without compromise - a mixed precision
|    model for GPU accelerated molecular dynamics
|    simulations.", Comp. Phys. Comm., 2013, 184
|    pp374-380, DOI: 10.1016/j.cpc.2012.09.022
|
|    When publishing work that utilized the CUDA version
|    of TI, BAR, MBAR or FEP please cite the following 
|    publications in addition to the regular AMBER 
|    GPU citations:
|
|  - Daniel J. Mermelstein; Charles Lin; Gard Nelson; 
|    Rachael Kretsch; J. Andrew McCammon; Ross C. Walker
|    "Fast and Flexible GPU Accelerated Binding 
|    Free Energy Calculations within the AMBER Molecular
|    Dynamics Package" J. Comp. Chem., 2018,
|    DOI: 10.1002/jcc.25187
|
|  - Tai-Sung Lee; Yuan Hu; Brad Sherborne; Zhuyan Guo;
|    Darrin M. York
|    "Toward Fast and Accurate Binding Affinity Prediction with
|    pmemdGTI: An Efficient Implementation of GPU-Accelerated
|    Thermodynamic Integration"
|    J. Chem. Theory Comput., 2017, 13 (7), 3077
|
|
|--------------------------------------------------------
 
|------------------- GPU DEVICE INFO --------------------
|
|            CUDA_VISIBLE_DEVICES: not set
|   CUDA Capable Devices Detected:      1
|           CUDA Device ID in use:      0
|                CUDA Device Name: Tesla K80
|     CUDA Device Global Mem Size:  11441 MB
| CUDA Device Num Multiprocessors:     13
|           CUDA Device Core Freq:   0.82 GHz
|
|--------------------------------------------------------
 
 
| Conditional Compilation Defines Used:
| PUBFFT
| BINTRAJ
| CUDA
| EMIL

| Largest sphere to fit in unit cell has radius =    54.856

| New format PARM file being parsed.
| Version =    1.000 Date = 02/05/19 Time = 11:23:56

| Note: 1-4 EEL scale factors are being read from the topology file.

| Note: 1-4 VDW scale factors are being read from the topology file.
| Duplicated    0 dihedrals

| Duplicated    0 dihedrals

--------------------------------------------------------------------------------
   1.  RESOURCE   USE: 
--------------------------------------------------------------------------------

 getting new box info from bottom of inpcrd
 NATOM  =   24926 NTYPES =      16 NBONH =   23618 MBONA  =    1324
 NTHETH =   25284 MTHETA =    1781 NPHIH =    6059 MPHIA  =    5537
 NHPARM =       0 NPARM  =       0 NNB   =   44146 NRES   =    7599
 NBONA  =    1324 NTHETA =    1781 NPHIA =    5537 NUMBND =      69
 NUMANG =     155 NPTRA  =     186 NATYP =      38 NPHB   =       0
 IFBOX  =       1 NMXRS  =      24 IFCAP =       0 NEXTRA =       0
 NCOPY  =       0

| Coordinate Index Table dimensions:    24   24   25
| Direct force subcell size =     4.6833    4.5713    4.6311

     BOX TYPE: RECTILINEAR

--------------------------------------------------------------------------------
   2.  CONTROL  DATA  FOR  THE  RUN
--------------------------------------------------------------------------------

NIL                                                                             

General flags:
     imin    =       0, nmropt  =       1

Nature and format of input:
     ntx     =       1, irest   =       0, ntrx    =       1

Nature and format of output:
     ntxo    =       2, ntpr    =    1000, ntrx    =       1, ntwr    =    5000
     iwrap   =       1, ntwx    =    1000, ntwv    =       0, ntwe    =    1000
     ioutfm  =       1, ntwprt  =       0, idecomp =       0, rbornstat=      0

Potential function:
     ntf     =       1, ntb     =       1, igb     =       0, nsnb    =      25
     ipol    =       0, gbsa    =       0, iesp    =       0
     dielc   =   1.00000, cut     =   8.00000, intdiel =   1.00000

Frozen or restrained atoms:
     ibelly  =       0, ntr     =       1
     restraint_wt =   5.00000

Molecular dynamics:
     nstlim  =     10000, nscm    =         0, nrespa  =         1
     t       =   0.00000, dt      =   0.00200, vlimit  =  -1.00000

Berendsen (weak-coupling) temperature regulation:
     temp0   = 300.00000, tempi   =  50.00000, tautp   =   1.00000

SHAKE:
     ntc     =       2, jfastw  =       0
     tol     =   0.00001

NMR refinement options:
     iscale  =       0, noeskp  =       1, ipnlty  =       1, mxsub   =       1
     scalm   = 100.00000, pencut  =   0.10000, tausw   =   0.10000

Free energy options:
     icfe    =       1, ifsc    =       0, klambda =       1
     clambda =  0.5000, scalpha =  0.5000, scbeta  = 12.0000
     sceeorder =       2
     dynlmb =  0.0000 logdvdl =       0

| Intermolecular bonds treatment:
|     no_intermolecular_bonds =       1

| Energy averages sample interval:
|     ene_avg_sampling =    1000

Ewald parameters:
     verbose =       0, ew_type =       0, nbflag  =       1, use_pme =       1
     vdwmeth =       1, eedmeth =       1, netfrc  =       1
     Box X =  112.400   Box Y =  109.712   Box Z =  115.778
     Alpha =   90.000   Beta  =   90.000   Gamma =   90.000
     NFFT1 =  120       NFFT2 =  112       NFFT3 =  120
     Cutoff=    8.000   Tol   =0.100E-04
     Ewald Coefficient =  0.34864
     Interpolation order =    4

    LOADING THE CONSTRAINED ATOMS AS GROUPS


   5.  REFERENCE ATOM COORDINATES

  NIL                                                                             
     Mask !:WAT & !@H=; matches  1308 atoms
     TI Mask 1 :1; matches     13 atoms
     TI Mask 2 :2; matches     13 atoms
     TI region 1:   24913 atoms
     TI region 2:   24913 atoms
Removing charge of       0.4180 from atom      13
Total charge of   0.41799999 removed from       1 atoms
     Checking for mismatched coordinates.

--------------------------------------------------------------------------------
   3.  ATOMIC COORDINATES AND VELOCITIES
--------------------------------------------------------------------------------

NIL                                                                             
 begin time read from input coords =     0.000 ps



           Begin reading energy term weight changes/NMR restraints
 WEIGHT CHANGES:
 TEMP0         0   8000   50.000000  300.000000      0      0

 RESTRAINTS:
                          ** No restraint defined **

                  Done reading weight changes/NMR restraints


 
 Number of triangulated 3-point waters found:     7431

     Sum of charges for TI region  1 =  -0.41858370
     Assuming uniform neutralizing plasma


     Sum of charges for TI region  2 =  -0.00058371
     Forcing neutrality...

| Dynamic Memory, Types Used:
| Reals             1149331
| Integers          1361487

| Nonbonded Pairs Initial Allocation:     4163265

| GPU memory information (estimate):
| KB of GPU memory in use:         0
| KB of CPU memory in use:         0

--------------------------------------------------------------------------------
   4.  RESULTS
--------------------------------------------------------------------------------


| TI region  1


 NSTEP =        0   TIME(PS) =       0.000  TEMP(K) =    73.52  PRESS =     0.0
 Etot   =    -59947.0511  EKtot   =      3734.7731  EPtot      =    -63681.8241
 BOND   =       471.6039  ANGLE   =      1200.4787  DIHED      =      2052.0237
 1-4 NB =       657.5204  1-4 EEL =      6018.5818  VDWAALS    =      9141.0667
 EELEC  =    -83223.0993  EHBOND  =         0.0000  RESTRAINT  =         0.0000
 DV/DL  =        -7.7232
 ------------------------------------------------------------------------------


| TI region  2


 NSTEP =        0   TIME(PS) =       0.000  TEMP(K) =    73.52  PRESS =     0.0
 Etot   =    -59947.0511  EKtot   =      3734.7731  EPtot      =    -63681.8241
 BOND   =       471.6039  ANGLE   =      1200.4787  DIHED      =      2052.0237
 1-4 NB =       657.5204  1-4 EEL =      6018.5818  VDWAALS    =      9141.0667
 EELEC  =    -83223.0993  EHBOND  =         0.0000  RESTRAINT  =         0.0000
 DV/DL  =        -7.7232
 ------------------------------------------------------------------------------

 NMR restraints: Bond =    0.000   Angle =     0.000   Torsion =     0.000
===============================================================================
wrapping first mol.:     -112.39950     -109.71220     -115.77840

| TI region  1


 NSTEP =     1000   TIME(PS) =       2.000  TEMP(K) =   152.45  PRESS =     0.0
 Etot   =    -72948.6554  EKtot   =      7744.5815  EPtot      =    -80693.2368
 BOND   =       217.3228  ANGLE   =       524.1797  DIHED      =      1880.3417
 1-4 NB =       605.3099  1-4 EEL =      6022.3349  VDWAALS    =     13659.9522
 EELEC  =   -103725.5338  EHBOND  =         0.0000  RESTRAINT  =       122.8558
 EAMBER (non-restraint)  =    -80816.0926
 DV/DL  =        -5.3742
 ------------------------------------------------------------------------------


| TI region  2


 NSTEP =     1000   TIME(PS) =       2.000  TEMP(K) =   152.45  PRESS =     0.0
 Etot   =    -72948.6554  EKtot   =      7744.5815  EPtot      =    -80693.2368
 BOND   =       217.3228  ANGLE   =       524.1797  DIHED      =      1880.3417
 1-4 NB =       605.3099  1-4 EEL =      6022.3349  VDWAALS    =     13659.9522
 EELEC  =   -103725.5338  EHBOND  =         0.0000  RESTRAINT  =       122.8558
 EAMBER (non-restraint)  =    -80816.0926
 DV/DL  =        -5.3742
 ------------------------------------------------------------------------------

 NMR restraints: Bond =    0.000   Angle =     0.000   Torsion =     0.000
===============================================================================
wrapping first mol.:     -112.39950     -109.71220     -115.77840

| TI region  1


 NSTEP =     2000   TIME(PS) =       4.000  TEMP(K) =   126.35  PRESS =     0.0
 Etot   =    -76940.6471  EKtot   =      6418.3923  EPtot      =    -83359.0394
 BOND   =       176.5737  ANGLE   =       485.0527  DIHED      =      1863.4820
 1-4 NB =       601.8812  1-4 EEL =      6006.9877  VDWAALS    =     14736.2220
 EELEC  =   -107347.6099  EHBOND  =         0.0000  RESTRAINT  =       118.3712
 EAMBER (non-restraint)  =    -83477.4106
 DV/DL  =        -4.1445
 ------------------------------------------------------------------------------


| TI region  2


 NSTEP =     2000   TIME(PS) =       4.000  TEMP(K) =   126.35  PRESS =     0.0
 Etot   =    -76940.6471  EKtot   =      6418.3923  EPtot      =    -83359.0394
 BOND   =       176.5737  ANGLE   =       485.0527  DIHED      =      1863.4820
 1-4 NB =       601.8812  1-4 EEL =      6006.9877  VDWAALS    =     14736.2220
 EELEC  =   -107347.6099  EHBOND  =         0.0000  RESTRAINT  =       118.3712
 EAMBER (non-restraint)  =    -83477.4106
 DV/DL  =        -4.1445
 ------------------------------------------------------------------------------

 NMR restraints: Bond =    0.000   Angle =     0.000   Torsion =     0.000
===============================================================================
wrapping first mol.:     -112.39950     -109.71220     -115.77840

| TI region  1


 NSTEP =     3000   TIME(PS) =       6.000  TEMP(K) =   131.29  PRESS =     0.0
 Etot   =    -76872.7832  EKtot   =      6669.6936  EPtot      =    -83542.4768
 BOND   =       188.4108  ANGLE   =       489.2324  DIHED      =      1862.2668
 1-4 NB =       603.5713  1-4 EEL =      5977.7540  VDWAALS    =     14768.5593
 EELEC  =   -107548.4600  EHBOND  =         0.0000  RESTRAINT  =       116.1885
 EAMBER (non-restraint)  =    -83658.6653
 DV/DL  =        -3.0273
 ------------------------------------------------------------------------------


| TI region  2


 NSTEP =     3000   TIME(PS) =       6.000  TEMP(K) =   131.29  PRESS =     0.0
 Etot   =    -76872.7832  EKtot   =      6669.6936  EPtot      =    -83542.4768
 BOND   =       188.4108  ANGLE   =       489.2324  DIHED      =      1862.2668
 1-4 NB =       603.5713  1-4 EEL =      5977.7540  VDWAALS    =     14768.5593
 EELEC  =   -107548.4600  EHBOND  =         0.0000  RESTRAINT  =       116.1885
 EAMBER (non-restraint)  =    -83658.6653
 DV/DL  =        -3.0273
 ------------------------------------------------------------------------------

 NMR restraints: Bond =    0.000   Angle =     0.000   Torsion =     0.000
===============================================================================
wrapping first mol.:     -112.39950     -109.71220     -115.77840

| TI region  1


 NSTEP =     4000   TIME(PS) =       8.000  TEMP(K) =   149.10  PRESS =     0.0
 Etot   =    -74901.4011  EKtot   =      7574.1705  EPtot      =    -82475.5715
 BOND   =       203.1098  ANGLE   =       513.2473  DIHED      =      1869.1438
 1-4 NB =       612.5145  1-4 EEL =      6019.5718  VDWAALS    =     14298.7515
 EELEC  =   -106122.6564  EHBOND  =         0.0000  RESTRAINT  =       130.7463
 EAMBER (non-restraint)  =    -82606.3178
 DV/DL  =        -6.2741
 ------------------------------------------------------------------------------


| TI region  2


 NSTEP =     4000   TIME(PS) =       8.000  TEMP(K) =   149.10  PRESS =     0.0
 Etot   =    -74901.4011  EKtot   =      7574.1705  EPtot      =    -82475.5715
 BOND   =       203.1098  ANGLE   =       513.2473  DIHED      =      1869.1438
 1-4 NB =       612.5145  1-4 EEL =      6019.5718  VDWAALS    =     14298.7515
 EELEC  =   -106122.6564  EHBOND  =         0.0000  RESTRAINT  =       130.7463
 EAMBER (non-restraint)  =    -82606.3178
 DV/DL  =        -6.2741
 ------------------------------------------------------------------------------

 NMR restraints: Bond =    0.000   Angle =     0.000   Torsion =     0.000
===============================================================================
wrapping first mol.:     -112.39950     -109.71220     -115.77840
wrapping first mol.:     -112.39950     -109.71220     -115.77840

| TI region  1


 NSTEP =     5000   TIME(PS) =      10.000  TEMP(K) =   173.60  PRESS =     0.0
 Etot   =    -71961.6323  EKtot   =      8818.6225  EPtot      =    -80780.2549
 BOND   =       228.0487  ANGLE   =       575.2482  DIHED      =      1888.6182
 1-4 NB =       624.4400  1-4 EEL =      6021.4794  VDWAALS    =     13406.3585
 EELEC  =   -103663.9108  EHBOND  =         0.0000  RESTRAINT  =       139.4630
 EAMBER (non-restraint)  =    -80919.7179
 DV/DL  =        -5.6503
 ------------------------------------------------------------------------------


| TI region  2


 NSTEP =     5000   TIME(PS) =      10.000  TEMP(K) =   173.60  PRESS =     0.0
 Etot   =    -71961.6323  EKtot   =      8818.6225  EPtot      =    -80780.2549
 BOND   =       228.0487  ANGLE   =       575.2482  DIHED      =      1888.6182
 1-4 NB =       624.4400  1-4 EEL =      6021.4794  VDWAALS    =     13406.3585
 EELEC  =   -103663.9108  EHBOND  =         0.0000  RESTRAINT  =       139.4630
 EAMBER (non-restraint)  =    -80919.7179
 DV/DL  =        -5.6503
 ------------------------------------------------------------------------------

 NMR restraints: Bond =    0.000   Angle =     0.000   Torsion =     0.000
===============================================================================
wrapping first mol.:     -112.39950     -109.71220     -115.77840

| TI region  1


 NSTEP =     6000   TIME(PS) =      12.000  TEMP(K) =   202.49  PRESS =     0.0
 Etot   =    -68442.3968  EKtot   =     10286.6530  EPtot      =    -78729.0499
 BOND   =       250.7276  ANGLE   =       646.2407  DIHED      =      1904.6355
 1-4 NB =       622.7782  1-4 EEL =      6036.5691  VDWAALS    =     12760.9059
 EELEC  =   -101100.2135  EHBOND  =         0.0000  RESTRAINT  =       149.3066
 EAMBER (non-restraint)  =    -78878.3565
 DV/DL  =        -4.9542
 ------------------------------------------------------------------------------


| TI region  2


 NSTEP =     6000   TIME(PS) =      12.000  TEMP(K) =   202.49  PRESS =     0.0
 Etot   =    -68442.3968  EKtot   =     10286.6530  EPtot      =    -78729.0499
 BOND   =       250.7276  ANGLE   =       646.2407  DIHED      =      1904.6355
 1-4 NB =       622.7782  1-4 EEL =      6036.5691  VDWAALS    =     12760.9059
 EELEC  =   -101100.2135  EHBOND  =         0.0000  RESTRAINT  =       149.3066
 EAMBER (non-restraint)  =    -78878.3565
 DV/DL  =        -4.9542
 ------------------------------------------------------------------------------

 NMR restraints: Bond =    0.000   Angle =     0.000   Torsion =     0.000
===============================================================================
wrapping first mol.:     -112.39950     -109.71220     -115.77840

| TI region  1


 NSTEP =     7000   TIME(PS) =      14.000  TEMP(K) =   224.05  PRESS =     0.0
 Etot   =    -64399.5086  EKtot   =     11381.7193  EPtot      =    -75781.2280
 BOND   =       275.2600  ANGLE   =       720.4434  DIHED      =      1934.0824
 1-4 NB =       640.2780  1-4 EEL =      6023.2303  VDWAALS    =     11781.4180
 EELEC  =    -97330.8578  EHBOND  =         0.0000  RESTRAINT  =       174.9176
 EAMBER (non-restraint)  =    -75956.1455
 DV/DL  =        -3.5109
 ------------------------------------------------------------------------------


| TI region  2


 NSTEP =     7000   TIME(PS) =      14.000  TEMP(K) =   224.05  PRESS =     0.0
 Etot   =    -64399.5086  EKtot   =     11381.7193  EPtot      =    -75781.2280
 BOND   =       275.2600  ANGLE   =       720.4434  DIHED      =      1934.0824
 1-4 NB =       640.2780  1-4 EEL =      6023.2303  VDWAALS    =     11781.4180
 EELEC  =    -97330.8578  EHBOND  =         0.0000  RESTRAINT  =       174.9176
 EAMBER (non-restraint)  =    -75956.1455
 DV/DL  =        -3.5109
 ------------------------------------------------------------------------------

 NMR restraints: Bond =    0.000   Angle =     0.000   Torsion =     0.000
===============================================================================
wrapping first mol.:     -112.39950     -109.71220     -115.77840

| TI region  1


 NSTEP =     8000   TIME(PS) =      16.000  TEMP(K) =   252.37  PRESS =     0.0
 Etot   =    -59890.1467  EKtot   =     12820.0962  EPtot      =    -72710.2430
 BOND   =       340.0952  ANGLE   =       841.4638  DIHED      =      1941.4706
 1-4 NB =       648.6697  1-4 EEL =      5988.8152  VDWAALS    =     10931.6228
 EELEC  =    -93587.9750  EHBOND  =         0.0000  RESTRAINT  =       185.5948
 EAMBER (non-restraint)  =    -72895.8378
 DV/DL  =        -7.4526
 ------------------------------------------------------------------------------


| TI region  2


 NSTEP =     8000   TIME(PS) =      16.000  TEMP(K) =   252.37  PRESS =     0.0
 Etot   =    -59890.1467  EKtot   =     12820.0962  EPtot      =    -72710.2430
 BOND   =       340.0952  ANGLE   =       841.4638  DIHED      =      1941.4706
 1-4 NB =       648.6697  1-4 EEL =      5988.8152  VDWAALS    =     10931.6228
 EELEC  =    -93587.9750  EHBOND  =         0.0000  RESTRAINT  =       185.5948
 EAMBER (non-restraint)  =    -72895.8378
 DV/DL  =        -7.4526
 ------------------------------------------------------------------------------

 NMR restraints: Bond =    0.000   Angle =     0.000   Torsion =     0.000
===============================================================================
wrapping first mol.:     -112.39950     -109.71220     -115.77840

| TI region  1


 NSTEP =     9000   TIME(PS) =      18.000  TEMP(K) =   277.91  PRESS =     0.0
 Etot   =    -56447.7067  EKtot   =     14117.7072  EPtot      =    -70565.4140
 BOND   =       391.2451  ANGLE   =       939.5805  DIHED      =      1977.1795
 1-4 NB =       645.4050  1-4 EEL =      5966.4286  VDWAALS    =     10212.1840
 EELEC  =    -90900.5129  EHBOND  =         0.0000  RESTRAINT  =       203.0763
 EAMBER (non-restraint)  =    -70768.4902
 DV/DL  =        -6.1322
 ------------------------------------------------------------------------------


| TI region  2


 NSTEP =     9000   TIME(PS) =      18.000  TEMP(K) =   277.91  PRESS =     0.0
 Etot   =    -56447.7067  EKtot   =     14117.7072  EPtot      =    -70565.4140
 BOND   =       391.2451  ANGLE   =       939.5805  DIHED      =      1977.1795
 1-4 NB =       645.4050  1-4 EEL =      5966.4286  VDWAALS    =     10212.1840
 EELEC  =    -90900.5129  EHBOND  =         0.0000  RESTRAINT  =       203.0763
 EAMBER (non-restraint)  =    -70768.4902
 DV/DL  =        -6.1322
 ------------------------------------------------------------------------------

 NMR restraints: Bond =    0.000   Angle =     0.000   Torsion =     0.000
===============================================================================
wrapping first mol.:     -112.39950     -109.71220     -115.77840
wrapping first mol.:     -112.39950     -109.71220     -115.77840

| TI region  1


 NSTEP =    10000   TIME(PS) =      20.000  TEMP(K) =   286.04  PRESS =     0.0
 Etot   =    -54598.0629  EKtot   =     14530.7388  EPtot      =    -69128.8017
 BOND   =       415.3129  ANGLE   =       950.4844  DIHED      =      1986.3407
 1-4 NB =       644.8558  1-4 EEL =      6012.8709  VDWAALS    =      9517.3590
 EELEC  =    -88870.6428  EHBOND  =         0.0000  RESTRAINT  =       214.6175
 EAMBER (non-restraint)  =    -69343.4192
 DV/DL  =        -5.9598
 ------------------------------------------------------------------------------


| TI region  2


 NSTEP =    10000   TIME(PS) =      20.000  TEMP(K) =   286.04  PRESS =     0.0
 Etot   =    -54598.0629  EKtot   =     14530.7388  EPtot      =    -69128.8017
 BOND   =       415.3129  ANGLE   =       950.4844  DIHED      =      1986.3407
 1-4 NB =       644.8558  1-4 EEL =      6012.8709  VDWAALS    =      9517.3590
 EELEC  =    -88870.6428  EHBOND  =         0.0000  RESTRAINT  =       214.6175
 EAMBER (non-restraint)  =    -69343.4192
 DV/DL  =        -5.9598
 ------------------------------------------------------------------------------

 NMR restraints: Bond =    0.000   Angle =     0.000   Torsion =     0.000
===============================================================================

| TI region  1


      A V E R A G E S   O V E R      10 S T E P S


 NSTEP =    10000   TIME(PS) =      20.000  TEMP(K) =   197.57  PRESS =     0.0
 Etot   =    -67740.2941  EKtot   =     10036.2375  EPtot      =    -77776.5316
 BOND   =       268.6107  ANGLE   =       668.5173  DIHED      =      1910.7561
 1-4 NB =       624.9704  1-4 EEL =      6007.6042  VDWAALS    =     12607.3333
 EELEC  =   -100019.8373  EHBOND  =         0.0000  RESTRAINT  =       155.5138
 EAMBER (non-restraint)  =    -77932.0453
 DV/DL  =        -5.2480
 ------------------------------------------------------------------------------

 NMR restraints: Bond =    0.000   Angle =     0.000   Torsion =     0.000
===============================================================================

      R M S  F L U C T U A T I O N S


 NSTEP =    10000   TIME(PS) =      20.000  TEMP(K) =    56.95  PRESS =     0.0
 Etot   =      7986.2157  EKtot   =      2893.1005  EPtot      =      5112.3407
 BOND   =        80.9344  ANGLE   =       174.7934  DIHED      =        44.0259
 1-4 NB =        17.7392  1-4 EEL =        21.4557  VDWAALS    =      1805.7911
 EELEC  =      6571.6479  EHBOND  =         0.0000  RESTRAINT  =        34.5529
 EAMBER (non-restraint)  =      5077.7879
 DV/DL  =         1.2897
 ------------------------------------------------------------------------------


| TI region  2


      A V E R A G E S   O V E R      10 S T E P S


 NSTEP =    10000   TIME(PS) =      20.000  TEMP(K) =   197.57  PRESS =     0.0
 Etot   =    -67740.2941  EKtot   =     10036.2375  EPtot      =    -77776.5316
 BOND   =       268.6107  ANGLE   =       668.5173  DIHED      =      1910.7561
 1-4 NB =       624.9704  1-4 EEL =      6007.6042  VDWAALS    =     12607.3333
 EELEC  =   -100019.8373  EHBOND  =         0.0000  RESTRAINT  =       155.5138
 EAMBER (non-restraint)  =    -77932.0453
 DV/DL  =        -5.2480
 ------------------------------------------------------------------------------

 NMR restraints: Bond =    0.000   Angle =     0.000   Torsion =     0.000
===============================================================================

      R M S  F L U C T U A T I O N S


 NSTEP =    10000   TIME(PS) =      20.000  TEMP(K) =    56.95  PRESS =     0.0
 Etot   =      7986.2157  EKtot   =      2893.1005  EPtot      =      5112.3407
 BOND   =        80.9344  ANGLE   =       174.7934  DIHED      =        44.0259
 1-4 NB =        17.7392  1-4 EEL =        21.4557  VDWAALS    =      1805.7911
 EELEC  =      6571.6479  EHBOND  =         0.0000  RESTRAINT  =        34.5529
 EAMBER (non-restraint)  =      5077.7879
 DV/DL  =         1.2897
 ------------------------------------------------------------------------------


      DV/DL, AVERAGES OVER      10 STEPS


 NSTEP =    10000   TIME(PS) =      20.000  TEMP(K) =    56.95  PRESS =     0.0
 Etot   =         0.0000  EKtot   =         0.0000  EPtot      =        -5.2480
 BOND   =         0.0000  ANGLE   =         0.0000  DIHED      =         0.0000
 1-4 NB =         0.0000  1-4 EEL =       -22.2154  VDWAALS    =         0.0000
 EELEC  =        16.9674  EHBOND  =         0.0000  RESTRAINT  =         0.0000
 DV/DL  =        -5.2480
 ------------------------------------------------------------------------------


 NMR restraints on final step:

--------------------------------------------------------------------------------
   5.  TIMINGS
--------------------------------------------------------------------------------

|  NonSetup CPU Time in Major Routines:
|
|     Routine           Sec        %
|     ------------------------------
|     Nonbond           8.04   19.82
|     Bond              0.00    0.00
|     Angle             0.00    0.00
|     Dihedral          0.00    0.00
|     Shake             0.34    0.85
|     RunMD            32.13   79.25
|     Other             0.03    0.07
|     ------------------------------
|     Total            40.54

|  PME Nonbond Pairlist CPU Time:
|
|     Routine              Sec        %
|     ---------------------------------
|     Set Up Cit           0.00    0.00
|     Build List           0.00    0.00
|     ---------------------------------
|     Total                0.00    0.00

|  PME Direct Force CPU Time:
|
|     Routine              Sec        %
|     ---------------------------------
|     NonBonded Calc       0.00    0.00
|     Exclude Masked       0.00    0.00
|     Other                0.02    0.05
|     ---------------------------------
|     Total                0.02    0.05

|  PME Reciprocal Force CPU Time:
|
|     Routine              Sec        %
|     ---------------------------------
|     1D bspline           0.00    0.00
|     Grid Charges         0.00    0.00
|     Scalar Sum           0.00    0.00
|     Gradient Sum         0.00    0.00
|     FFT                  0.00    0.00
|     ---------------------------------
|     Total                0.00    0.00

|  Final Performance Info:
|     -----------------------------------------------------
|     Average timings for last   10000 steps:
|     Elapsed(s) =      40.55 Per Step(ms) =       4.05
|         ns/day =      42.62   seconds/ns =    2027.29
|
|     Average timings for all steps:
|     Elapsed(s) =      40.55 Per Step(ms) =       4.05
|         ns/day =      42.62   seconds/ns =    2027.29
|     -----------------------------------------------------

|  Setup CPU time:            1.54 seconds
|  NonSetup CPU time:        40.54 seconds
|  Total CPU time:           42.08 seconds     0.01 hours

|  Setup wall time:           4    seconds
|  NonSetup wall time:       40    seconds
|  Total wall time:          44    seconds     0.01 hours
