
          -------------------------------------------------------
          Amber 16 PMEMD                              2016
          -------------------------------------------------------

| PMEMD implementation of SANDER, Release 16

| Run on 02/28/2019 at 01:58:42

|   Executable path: /opt/amber/bin/pmemd.cuda
| Working directory: /mnt/part2/home/meister/runjobs
|          Hostname: Unknown
  [-O]verwriting output

File Assignments:
|   MDIN: AA-AB/ligand/heat.in                                                  
|  MDOUT: AA-AB/ligand/heat.out.tmp                                             
| INPCRD: AA-AB/ligand/min.rst7                                                 
|   PARM: AA-AB/ligand/ligand-vdw-bonded.parm7                                  
| RESTRT: AA-AB/ligand/heat.rst7.tmp                                            
|   REFC: AA-AB/ligand/min.rst7                                                 
|  MDVEL: mdvel                                                                 
|   MDEN: AA-AB/ligand/heat.en.tmp                                              
|  MDCRD: AA-AB/ligand/heat.nc.tmp                                              
| MDINFO: AA-AB/ligand/heat.info.tmp                                            
|  MDFRC: mdfrc                                                                 


 Here is the input file:

heating                                                                        
 &cntrl                                                                        
   imin = 0, nstlim = 10000, irest = 0, ntx = 1, dt = 0.002,                   
   nmropt = 1,                                                                 
   ntt = 3, temp0 = 300.0, gamma_ln = 2.0, ig = -1,                            
   tempi = 5.0, tautp = 1.0,                                                   
   vlimit = 20,                                                                
   ntb = 1,                                                                    
   ntc = 2, ntf = 1,                                                           
   ioutfm = 1, iwrap = 1,                                                      
   ntwe = 1000, ntwx = 1000, ntpr = 1000, ntwr = 5000,                         
                                                                               
   ntr = 1, restraint_wt = 5.00,                                               
   restraintmask='!:WAT & !@H=',                                               
                                                                               
   icfe = 1, ifsc = 1, clambda = 0.5, scalpha = 0.5, scbeta = 12.0,            
   logdvdl = 0,                                                                
   timask1 = ':1', timask2 = ':2',                                             
   scmask1 = ':1@H7', scmask2 = ':2@H7,O1'                                     
 /                                                                             
 &ewald                                                                        
 /                                                                             
                                                                               
 &wt                                                                           
   type='TEMP0',                                                               
   istep1 = 0, istep2 = 8000,                                                  
   value1 = 5.0, value2 = 300.0                                                
 /                                                                             
                                                                               
 &wt type = 'END'                                                              
 /                                                                             
                                                                               


Note: ig = -1. Setting random seed to   579704 based on wallclock time in 
      microseconds.
| irandom = 1, using AMBER's internal random number generator (default).
 
|--------------------- INFORMATION ----------------------
| GPU (CUDA) Version of PMEMD in use: NVIDIA GPU IN USE.
|                    Version 18.0.0
| 
|                      03/25/2018
| 
| Implementation by:
|                    Ross C. Walker     (SDSC)
|                    Scott Le Grand     (nVIDIA)
| 
| Version 18 performance extensions by:
|                    David Cerutti     (Rutgers)
| 
| Precision model in use:
|      [SPFP] - Single Precision Forces, 64-bit Fixed Point
|               Accumulation. (Default)
| 
|--------------------------------------------------------
 
|----------------- CITATION INFORMATION -----------------
|
|    When publishing work that utilized the CUDA version
|    of AMBER, please cite the following in addition to
|    the regular AMBER citations:
|
|  - Romelia Salomon-Ferrer; Andreas W. Goetz; Duncan
|    Poole; Scott Le Grand; Ross C. Walker "Routine
|    microsecond molecular dynamics simulations with
|    AMBER - Part II: Particle Mesh Ewald", J. Chem.
|    Theory Comput., 2013, 9 (9), pp3878-3888,
|    DOI: 10.1021/ct400314y.
|
|  - Andreas W. Goetz; Mark J. Williamson; Dong Xu;
|    Duncan Poole; Scott Le Grand; Ross C. Walker
|    "Routine microsecond molecular dynamics simulations
|    with AMBER - Part I: Generalized Born", J. Chem.
|    Theory Comput., 2012, 8 (5), pp1542-1555.
|
|  - Scott Le Grand; Andreas W. Goetz; Ross C. Walker
|    "SPFP: Speed without compromise - a mixed precision
|    model for GPU accelerated molecular dynamics
|    simulations.", Comp. Phys. Comm., 2013, 184
|    pp374-380, DOI: 10.1016/j.cpc.2012.09.022
|
|    When publishing work that utilized the CUDA version
|    of TI, BAR, MBAR or FEP please cite the following 
|    publications in addition to the regular AMBER 
|    GPU citations:
|
|  - Daniel J. Mermelstein; Charles Lin; Gard Nelson; 
|    Rachael Kretsch; J. Andrew McCammon; Ross C. Walker
|    "Fast and Flexible GPU Accelerated Binding 
|    Free Energy Calculations within the AMBER Molecular
|    Dynamics Package" J. Comp. Chem., 2018,
|    DOI: 10.1002/jcc.25187
|
|  - Tai-Sung Lee; Yuan Hu; Brad Sherborne; Zhuyan Guo;
|    Darrin M. York
|    "Toward Fast and Accurate Binding Affinity Prediction with
|    pmemdGTI: An Efficient Implementation of GPU-Accelerated
|    Thermodynamic Integration"
|    J. Chem. Theory Comput., 2017, 13 (7), 3077
|
|
|--------------------------------------------------------
 
|------------------- GPU DEVICE INFO --------------------
|
|            CUDA_VISIBLE_DEVICES: not set
|   CUDA Capable Devices Detected:      1
|           CUDA Device ID in use:      0
|                CUDA Device Name: Tesla K80
|     CUDA Device Global Mem Size:  11441 MB
| CUDA Device Num Multiprocessors:     13
|           CUDA Device Core Freq:   0.82 GHz
|
|--------------------------------------------------------
 
 
| Conditional Compilation Defines Used:
| PUBFFT
| BINTRAJ
| CUDA
| EMIL

| Largest sphere to fit in unit cell has radius =    13.662

| New format PARM file being parsed.
| Version =    1.000 Date = 02/27/19 Time = 20:53:33

| Note: 1-4 EEL scale factors are being read from the topology file.

| Note: 1-4 VDW scale factors are being read from the topology file.
| Duplicated    0 dihedrals

| Duplicated    0 dihedrals

--------------------------------------------------------------------------------
   1.  RESOURCE   USE: 
--------------------------------------------------------------------------------

 getting box info from netcdf restart file
 NATOM  =    1831 NTYPES =       5 NBONH =    1818 MBONA  =      13
 NTHETH =    1829 MTHETA =      14 NPHIH =      36 MPHIA  =      14
 NHPARM =       0 NPARM  =       0 NNB   =    2518 NRES   =     604
 NBONA  =      13 NTHETA =      14 NPHIA =      14 NUMBND =       6
 NUMANG =       6 NPTRA  =       2 NATYP =       6 NPHB   =       0
 IFBOX  =       1 NMXRS  =      13 IFCAP =       0 NEXTRA =       0
 NCOPY  =       0

| Coordinate Index Table dimensions:     6    6    6
| Direct force subcell size =     4.5540    4.6353    4.8402

     BOX TYPE: RECTILINEAR

--------------------------------------------------------------------------------
   2.  CONTROL  DATA  FOR  THE  RUN
--------------------------------------------------------------------------------

NIL                                                                             

General flags:
     imin    =       0, nmropt  =       1

Nature and format of input:
     ntx     =       1, irest   =       0, ntrx    =       1

Nature and format of output:
     ntxo    =       2, ntpr    =    1000, ntrx    =       1, ntwr    =    5000
     iwrap   =       1, ntwx    =    1000, ntwv    =       0, ntwe    =    1000
     ioutfm  =       1, ntwprt  =       0, idecomp =       0, rbornstat=      0

Potential function:
     ntf     =       1, ntb     =       1, igb     =       0, nsnb    =      25
     ipol    =       0, gbsa    =       0, iesp    =       0
     dielc   =   1.00000, cut     =   8.00000, intdiel =   1.00000

Frozen or restrained atoms:
     ibelly  =       0, ntr     =       1
     restraint_wt =   5.00000

Molecular dynamics:
     nstlim  =     10000, nscm    =         0, nrespa  =         1
     t       =   0.00000, dt      =   0.00200, vlimit  =  20.00000

Langevin dynamics temperature regulation:
     ig      =  579704
     temp0   = 300.00000, tempi   =   5.00000, gamma_ln=   2.00000

SHAKE:
     ntc     =       2, jfastw  =       0
     tol     =   0.00001

NMR refinement options:
     iscale  =       0, noeskp  =       1, ipnlty  =       1, mxsub   =       1
     scalm   = 100.00000, pencut  =   0.10000, tausw   =   0.10000

Free energy options:
     icfe    =       1, ifsc    =       1, klambda =       1
     clambda =  0.5000, scalpha =  0.5000, scbeta  = 12.0000
     sceeorder =       2
     dynlmb =  0.0000 logdvdl =       0

| Intermolecular bonds treatment:
|     no_intermolecular_bonds =       1

| Energy averages sample interval:
|     ene_avg_sampling =    1000

Ewald parameters:
     verbose =       0, ew_type =       0, nbflag  =       1, use_pme =       1
     vdwmeth =       1, eedmeth =       1, netfrc  =       1
     Box X =   27.324   Box Y =   27.812   Box Z =   29.041
     Alpha =   90.000   Beta  =   90.000   Gamma =   90.000
     NFFT1 =   28       NFFT2 =   28       NFFT3 =   32
     Cutoff=    8.000   Tol   =0.100E-04
     Ewald Coefficient =  0.34864
     Interpolation order =    4

    LOADING THE CONSTRAINED ATOMS AS GROUPS


   5.  REFERENCE ATOM COORDINATES

  NIL                                                                             
     Mask !:WAT & !@H=; matches    13 atoms
     TI Mask 1 :1; matches     12 atoms
     TI Mask 2 :2; matches     13 atoms
     TI region 1:    1818 atoms
     TI region 2:    1819 atoms
     SC Mask 1 :1@H7; matches      1 atoms
     SC Mask 2 :2@H7,O1; matches      2 atoms

--------------------------------------------------------------------------------
   3.  ATOMIC COORDINATES AND VELOCITIES
--------------------------------------------------------------------------------

NIL                                                                             
 begin time read from input coords =     0.000 ps



           Begin reading energy term weight changes/NMR restraints
 WEIGHT CHANGES:
 TEMP0         0   8000    5.000000  300.000000      0      0

 RESTRAINTS:
                          ** No restraint defined **

                  Done reading weight changes/NMR restraints


 
 Number of triangulated 3-point waters found:      602
   Removing shake constraints from H7    COR   1 -- C_12  COR   1
 Number of shake restraints removed in TI region  1 :        1
 Number of shake restraints removed in TI region  2 :        0

     Sum of charges for TI region  1 =  -0.00000066
     Forcing neutrality...


     Sum of charges for TI region  2 =  -0.00000066
     Forcing neutrality...

| Dynamic Memory, Types Used:
| Reals              198045
| Integers            85178

| Nonbonded Pairs Initial Allocation:      305822

| GPU memory information (estimate):
| KB of GPU memory in use:         0
| KB of CPU memory in use:         0

--------------------------------------------------------------------------------
   4.  RESULTS
--------------------------------------------------------------------------------

   DOF for the SC part  1 of the system:    3
   DOF for the SC part  2 of the system:    5
   SHAKE constraints in the SC region:    1

| TI region  1


 NSTEP =        0   TIME(PS) =       0.000  TEMP(K) =     7.71  PRESS =     0.0
 Etot   =     -5723.4976  EKtot   =        27.9235  EPtot      =     -5751.4211
 BOND   =       155.8833  ANGLE   =        70.4852  DIHED      =         0.0002
 1-4 NB =        11.8849  1-4 EEL =         0.0025  VDWAALS    =       644.4036
 EELEC  =     -6634.0808  EHBOND  =         0.0000  RESTRAINT  =         0.0000
 DV/DL  =        -2.1459
 ------------------------------------------------------------------------------

  Softcore part of the system:       1 atoms,       TEMP(K)    =          73.38
 SC_Etot=         1.2690  SC_EKtot=         0.2187  SC_EPtot   =         1.0503
 SC_BOND=         0.0040  SC_ANGLE=         0.0017  SC_DIHED   =         0.0000
 SC_14NB=         0.0084  SC_14EEL=         1.0362  SC_VDW     =         0.0000
 SC_EEL =         0.0000
 SC_RES_DIST=     0.0000  SC_RES_ANG=       0.0000  SC_RES_TORS=         0.0000
 SC_EEL_DER=      0.5399  SC_VDW_DER=      -0.0045  SC_DERIV   =         0.5355
 ------------------------------------------------------------------------------


| TI region  2


 NSTEP =        0   TIME(PS) =       0.000  TEMP(K) =     7.71  PRESS =     0.0
 Etot   =     -5723.4856  EKtot   =        27.9355  EPtot      =     -5751.4211
 BOND   =       155.8833  ANGLE   =        70.4852  DIHED      =         0.0002
 1-4 NB =        11.8849  1-4 EEL =         0.0025  VDWAALS    =       644.4036
 EELEC  =     -6634.0808  EHBOND  =         0.0000  RESTRAINT  =         0.0000
 DV/DL  =        -2.1459
 ------------------------------------------------------------------------------

  Softcore part of the system:       2 atoms,       TEMP(K)    =          45.72
 SC_Etot=       -31.7389  SC_EKtot=         0.2271  SC_EPtot   =       -31.9661
 SC_BOND=         0.0769  SC_ANGLE=         0.4077  SC_DIHED   =         0.0011
 SC_14NB=         0.2130  SC_14EEL=       -32.6648  SC_VDW     =         0.0000
 SC_EEL =         0.0000
 SC_RES_DIST=     0.0000  SC_RES_ANG=       0.0000  SC_RES_TORS=         0.0000
 SC_EEL_DER=      0.5399  SC_VDW_DER=      -0.0045  SC_DERIV   =         0.5355
 ------------------------------------------------------------------------------

 NMR restraints: Bond =    0.000   Angle =     0.000   Torsion =     0.000
===============================================================================

| TI region  1


 NSTEP =     1000   TIME(PS) =       2.000  TEMP(K) =    41.10  PRESS =     0.0
 Etot   =     -6733.1840  EKtot   =       148.7635  EPtot      =     -6881.9476
 BOND   =         1.6757  ANGLE   =         0.7229  DIHED      =         0.2280
 1-4 NB =        11.5282  1-4 EEL =         0.0155  VDWAALS    =      1210.7834
 EELEC  =     -8107.0006  EHBOND  =         0.0000  RESTRAINT  =         0.0992
 EAMBER (non-restraint)  =     -6882.0468
 DV/DL  =        -2.4051
 ------------------------------------------------------------------------------

  Softcore part of the system:       1 atoms,       TEMP(K)    =          11.52
 SC_Etot=         1.1882  SC_EKtot=         0.0343  SC_EPtot   =         1.1538
 SC_BOND=         0.0112  SC_ANGLE=         0.0664  SC_DIHED   =         0.0387
 SC_14NB=         0.0080  SC_14EEL=         1.0296  SC_VDW     =         0.0000
 SC_EEL =         0.0000
 SC_RES_DIST=     0.0000  SC_RES_ANG=       0.0000  SC_RES_TORS=         0.0000
 SC_EEL_DER=      0.5510  SC_VDW_DER=      -0.0046  SC_DERIV   =         0.5464
 ------------------------------------------------------------------------------


| TI region  2


 NSTEP =     1000   TIME(PS) =       2.000  TEMP(K) =    41.12  PRESS =     0.0
 Etot   =     -6733.0381  EKtot   =       148.9094  EPtot      =     -6881.9476
 BOND   =         1.6757  ANGLE   =         0.7229  DIHED      =         0.2280
 1-4 NB =        11.5282  1-4 EEL =         0.0155  VDWAALS    =      1210.7834
 EELEC  =     -8107.0006  EHBOND  =         0.0000  RESTRAINT  =         0.0992
 EAMBER (non-restraint)  =     -6882.0468
 DV/DL  =        -2.4051
 ------------------------------------------------------------------------------

  Softcore part of the system:       2 atoms,       TEMP(K)    =          36.28
 SC_Etot=       -31.5259  SC_EKtot=         0.1802  SC_EPtot   =       -31.7062
 SC_BOND=         0.0231  SC_ANGLE=         0.6701  SC_DIHED   =         0.0602
 SC_14NB=         0.1826  SC_14EEL=       -32.6421  SC_VDW     =         0.0000
 SC_EEL =         0.0000
 SC_RES_DIST=     0.0000  SC_RES_ANG=       0.0000  SC_RES_TORS=         0.0000
 SC_EEL_DER=      0.5510  SC_VDW_DER=      -0.0046  SC_DERIV   =         0.5464
 ------------------------------------------------------------------------------

 NMR restraints: Bond =    0.000   Angle =     0.000   Torsion =     0.000
===============================================================================

| TI region  1


 NSTEP =     2000   TIME(PS) =       4.000  TEMP(K) =    67.24  PRESS =     0.0
 Etot   =     -6580.8943  EKtot   =       243.3797  EPtot      =     -6824.2740
 BOND   =         1.3827  ANGLE   =         0.8329  DIHED      =         0.5481
 1-4 NB =        12.1672  1-4 EEL =         0.1015  VDWAALS    =      1247.3900
 EELEC  =     -8087.8168  EHBOND  =         0.0000  RESTRAINT  =         1.1203
 EAMBER (non-restraint)  =     -6825.3943
 DV/DL  =        -2.6314
 ------------------------------------------------------------------------------

  Softcore part of the system:       1 atoms,       TEMP(K)    =          18.12
 SC_Etot=         1.2630  SC_EKtot=         0.0540  SC_EPtot   =         1.2090
 SC_BOND=         0.0091  SC_ANGLE=         0.0557  SC_DIHED   =         0.1261
 SC_14NB=         0.0055  SC_14EEL=         1.0126  SC_VDW     =         0.0000
 SC_EEL =         0.0000
 SC_RES_DIST=     0.0000  SC_RES_ANG=       0.0000  SC_RES_TORS=         0.0000
 SC_EEL_DER=      0.5207  SC_VDW_DER=      -0.0042  SC_DERIV   =         0.5165
 ------------------------------------------------------------------------------


| TI region  2


 NSTEP =     2000   TIME(PS) =       4.000  TEMP(K) =    67.29  PRESS =     0.0
 Etot   =     -6580.5791  EKtot   =       243.6949  EPtot      =     -6824.2740
 BOND   =         1.3827  ANGLE   =         0.8329  DIHED      =         0.5481
 1-4 NB =        12.1672  1-4 EEL =         0.1015  VDWAALS    =      1247.3900
 EELEC  =     -8087.8168  EHBOND  =         0.0000  RESTRAINT  =         1.1203
 EAMBER (non-restraint)  =     -6825.3943
 DV/DL  =        -2.6314
 ------------------------------------------------------------------------------

  Softcore part of the system:       2 atoms,       TEMP(K)    =          74.33
 SC_Etot=       -31.2334  SC_EKtot=         0.3693  SC_EPtot   =       -31.6026
 SC_BOND=         0.3489  SC_ANGLE=         0.3939  SC_DIHED   =         0.0810
 SC_14NB=         0.2194  SC_14EEL=       -32.6458  SC_VDW     =         0.0000
 SC_EEL =         0.0000
 SC_RES_DIST=     0.0000  SC_RES_ANG=       0.0000  SC_RES_TORS=         0.0000
 SC_EEL_DER=      0.5207  SC_VDW_DER=      -0.0042  SC_DERIV   =         0.5165
 ------------------------------------------------------------------------------

 NMR restraints: Bond =    0.000   Angle =     0.000   Torsion =     0.000
===============================================================================

| TI region  1


 NSTEP =     3000   TIME(PS) =       6.000  TEMP(K) =   104.22  PRESS =     0.0
 Etot   =     -6332.9699  EKtot   =       377.2338  EPtot      =     -6710.2038
 BOND   =         0.9561  ANGLE   =         2.1417  DIHED      =         0.3975
 1-4 NB =        12.5871  1-4 EEL =         0.0142  VDWAALS    =      1215.7947
 EELEC  =     -7943.0831  EHBOND  =         0.0000  RESTRAINT  =         0.9880
 EAMBER (non-restraint)  =     -6711.1917
 DV/DL  =        -2.1884
 ------------------------------------------------------------------------------

  Softcore part of the system:       1 atoms,       TEMP(K)    =         227.69
 SC_Etot=         2.1070  SC_EKtot=         0.6787  SC_EPtot   =         1.4283
 SC_BOND=         0.0879  SC_ANGLE=         0.0768  SC_DIHED   =         0.1884
 SC_14NB=         0.0216  SC_14EEL=         1.0536  SC_VDW     =         0.0000
 SC_EEL =         0.0000
 SC_RES_DIST=     0.0000  SC_RES_ANG=       0.0000  SC_RES_TORS=         0.0000
 SC_EEL_DER=      0.5201  SC_VDW_DER=      -0.0045  SC_DERIV   =         0.5157
 ------------------------------------------------------------------------------


| TI region  2


 NSTEP =     3000   TIME(PS) =       6.000  TEMP(K) =   104.02  PRESS =     0.0
 Etot   =     -6333.4778  EKtot   =       376.7259  EPtot      =     -6710.2038
 BOND   =         0.9561  ANGLE   =         2.1417  DIHED      =         0.3975
 1-4 NB =        12.5871  1-4 EEL =         0.0142  VDWAALS    =      1215.7947
 EELEC  =     -7943.0831  EHBOND  =         0.0000  RESTRAINT  =         0.9880
 EAMBER (non-restraint)  =     -6711.1917
 DV/DL  =        -2.1884
 ------------------------------------------------------------------------------

  Softcore part of the system:       2 atoms,       TEMP(K)    =          34.38
 SC_Etot=       -30.7620  SC_EKtot=         0.1708  SC_EPtot   =       -30.9328
 SC_BOND=         0.7790  SC_ANGLE=         0.3145  SC_DIHED   =         0.1295
 SC_14NB=         0.3273  SC_14EEL=       -32.4831  SC_VDW     =         0.0000
 SC_EEL =         0.0000
 SC_RES_DIST=     0.0000  SC_RES_ANG=       0.0000  SC_RES_TORS=         0.0000
 SC_EEL_DER=      0.5201  SC_VDW_DER=      -0.0045  SC_DERIV   =         0.5157
 ------------------------------------------------------------------------------

 NMR restraints: Bond =    0.000   Angle =     0.000   Torsion =     0.000
===============================================================================

| TI region  1


 NSTEP =     4000   TIME(PS) =       8.000  TEMP(K) =   137.96  PRESS =     0.0
 Etot   =     -6068.3648  EKtot   =       499.3546  EPtot      =     -6567.7194
 BOND   =         3.2770  ANGLE   =         1.6137  DIHED      =         2.4668
 1-4 NB =        10.9476  1-4 EEL =        -0.0062  VDWAALS    =      1157.7831
 EELEC  =     -7745.4807  EHBOND  =         0.0000  RESTRAINT  =         1.6793
 EAMBER (non-restraint)  =     -6569.3987
 DV/DL  =        -1.4661
 ------------------------------------------------------------------------------

  Softcore part of the system:       1 atoms,       TEMP(K)    =         103.13
 SC_Etot=         1.9485  SC_EKtot=         0.3074  SC_EPtot   =         1.6411
 SC_BOND=         0.3490  SC_ANGLE=         0.0790  SC_DIHED   =         0.1659
 SC_14NB=         0.0144  SC_14EEL=         1.0329  SC_VDW     =         0.0000
 SC_EEL =         0.0000
 SC_RES_DIST=     0.0000  SC_RES_ANG=       0.0000  SC_RES_TORS=         0.0000
 SC_EEL_DER=      0.5324  SC_VDW_DER=      -0.0051  SC_DERIV   =         0.5273
 ------------------------------------------------------------------------------


| TI region  2


 NSTEP =     4000   TIME(PS) =       8.000  TEMP(K) =   138.07  PRESS =     0.0
 Etot   =     -6067.6665  EKtot   =       500.0528  EPtot      =     -6567.7194
 BOND   =         3.2770  ANGLE   =         1.6137  DIHED      =         2.4668
 1-4 NB =        10.9476  1-4 EEL =        -0.0062  VDWAALS    =      1157.7831
 EELEC  =     -7745.4807  EHBOND  =         0.0000  RESTRAINT  =         1.6793
 EAMBER (non-restraint)  =     -6569.3987
 DV/DL  =        -1.4661
 ------------------------------------------------------------------------------

  Softcore part of the system:       2 atoms,       TEMP(K)    =         202.43
 SC_Etot=       -30.4199  SC_EKtot=         1.0057  SC_EPtot   =       -31.4256
 SC_BOND=         0.5340  SC_ANGLE=         0.5957  SC_DIHED   =         0.1273
 SC_14NB=         0.2605  SC_14EEL=       -32.9431  SC_VDW     =         0.0000
 SC_EEL =         0.0000
 SC_RES_DIST=     0.0000  SC_RES_ANG=       0.0000  SC_RES_TORS=         0.0000
 SC_EEL_DER=      0.5324  SC_VDW_DER=      -0.0051  SC_DERIV   =         0.5273
 ------------------------------------------------------------------------------

 NMR restraints: Bond =    0.000   Angle =     0.000   Torsion =     0.000
===============================================================================

| TI region  1


 NSTEP =     5000   TIME(PS) =      10.000  TEMP(K) =   182.35  PRESS =     0.0
 Etot   =     -5732.4056  EKtot   =       660.0439  EPtot      =     -6392.4495
 BOND   =         1.9347  ANGLE   =         2.5797  DIHED      =         2.5908
 1-4 NB =        12.1234  1-4 EEL =         0.1302  VDWAALS    =      1096.5360
 EELEC  =     -7509.4874  EHBOND  =         0.0000  RESTRAINT  =         1.1430
 EAMBER (non-restraint)  =     -6393.5925
 DV/DL  =        -1.1840
 ------------------------------------------------------------------------------

  Softcore part of the system:       1 atoms,       TEMP(K)    =         122.19
 SC_Etot=         2.0168  SC_EKtot=         0.3642  SC_EPtot   =         1.6526
 SC_BOND=         0.0003  SC_ANGLE=         0.1313  SC_DIHED   =         0.3711
 SC_14NB=         0.0327  SC_14EEL=         1.1172  SC_VDW     =         0.0000
 SC_EEL =         0.0000
 SC_RES_DIST=     0.0000  SC_RES_ANG=       0.0000  SC_RES_TORS=         0.0000
 SC_EEL_DER=      0.6104  SC_VDW_DER=      -0.0044  SC_DERIV   =         0.6059
 ------------------------------------------------------------------------------


| TI region  2


 NSTEP =     5000   TIME(PS) =      10.000  TEMP(K) =   182.39  PRESS =     0.0
 Etot   =     -5731.8807  EKtot   =       660.5688  EPtot      =     -6392.4495
 BOND   =         1.9347  ANGLE   =         2.5797  DIHED      =         2.5908
 1-4 NB =        12.1234  1-4 EEL =         0.1302  VDWAALS    =      1096.5360
 EELEC  =     -7509.4874  EHBOND  =         0.0000  RESTRAINT  =         1.1430
 EAMBER (non-restraint)  =     -6393.5925
 DV/DL  =        -1.1840
 ------------------------------------------------------------------------------

  Softcore part of the system:       2 atoms,       TEMP(K)    =         178.97
 SC_Etot=       -30.7735  SC_EKtot=         0.8891  SC_EPtot   =       -31.6626
 SC_BOND=         0.2463  SC_ANGLE=         0.4606  SC_DIHED   =         0.2730
 SC_14NB=         0.3631  SC_14EEL=       -33.0056  SC_VDW     =         0.0000
 SC_EEL =         0.0000
 SC_RES_DIST=     0.0000  SC_RES_ANG=       0.0000  SC_RES_TORS=         0.0000
 SC_EEL_DER=      0.6104  SC_VDW_DER=      -0.0044  SC_DERIV   =         0.6059
 ------------------------------------------------------------------------------

 NMR restraints: Bond =    0.000   Angle =     0.000   Torsion =     0.000
===============================================================================

| TI region  1


 NSTEP =     6000   TIME(PS) =      12.000  TEMP(K) =   214.97  PRESS =     0.0
 Etot   =     -5460.6049  EKtot   =       778.1184  EPtot      =     -6238.7233
 BOND   =         2.8852  ANGLE   =         2.4497  DIHED      =         2.5342
 1-4 NB =        11.1612  1-4 EEL =        -0.0883  VDWAALS    =      1018.4254
 EELEC  =     -7277.2596  EHBOND  =         0.0000  RESTRAINT  =         1.1688
 EAMBER (non-restraint)  =     -6239.8922
 DV/DL  =        -1.7749
 ------------------------------------------------------------------------------

  Softcore part of the system:       1 atoms,       TEMP(K)    =         479.20
 SC_Etot=         3.7589  SC_EKtot=         1.4284  SC_EPtot   =         2.3305
 SC_BOND=         0.0422  SC_ANGLE=         0.0037  SC_DIHED   =         1.2094
 SC_14NB=         0.0129  SC_14EEL=         1.0623  SC_VDW     =         0.0000
 SC_EEL =         0.0000
 SC_RES_DIST=     0.0000  SC_RES_ANG=       0.0000  SC_RES_TORS=         0.0000
 SC_EEL_DER=      0.4294  SC_VDW_DER=      -0.0061  SC_DERIV   =         0.4233
 ------------------------------------------------------------------------------


| TI region  2


 NSTEP =     6000   TIME(PS) =      12.000  TEMP(K) =   214.74  PRESS =     0.0
 Etot   =     -5461.0237  EKtot   =       777.6997  EPtot      =     -6238.7233
 BOND   =         2.8852  ANGLE   =         2.4497  DIHED      =         2.5342
 1-4 NB =        11.1612  1-4 EEL =        -0.0883  VDWAALS    =      1018.4254
 EELEC  =     -7277.2596  EHBOND  =         0.0000  RESTRAINT  =         1.1688
 EAMBER (non-restraint)  =     -6239.8922
 DV/DL  =        -1.7749
 ------------------------------------------------------------------------------

  Softcore part of the system:       2 atoms,       TEMP(K)    =         203.24
 SC_Etot=       -30.3594  SC_EKtot=         1.0097  SC_EPtot   =       -31.3691
 SC_BOND=         0.0040  SC_ANGLE=         0.6034  SC_DIHED   =         0.5851
 SC_14NB=         0.2477  SC_14EEL=       -32.8092  SC_VDW     =         0.0000
 SC_EEL =         0.0000
 SC_RES_DIST=     0.0000  SC_RES_ANG=       0.0000  SC_RES_TORS=         0.0000
 SC_EEL_DER=      0.4294  SC_VDW_DER=      -0.0061  SC_DERIV   =         0.4233
 ------------------------------------------------------------------------------

 NMR restraints: Bond =    0.000   Angle =     0.000   Torsion =     0.000
===============================================================================

| TI region  1


 NSTEP =     7000   TIME(PS) =      14.000  TEMP(K) =   251.41  PRESS =     0.0
 Etot   =     -5090.6623  EKtot   =       910.0136  EPtot      =     -6000.6759
 BOND   =         1.0342  ANGLE   =         1.7519  DIHED      =         0.5846
 1-4 NB =        12.4682  1-4 EEL =         0.0356  VDWAALS    =      1009.4036
 EELEC  =     -7026.8866  EHBOND  =         0.0000  RESTRAINT  =         0.9327
 EAMBER (non-restraint)  =     -6001.6086
 DV/DL  =        -1.0691
 ------------------------------------------------------------------------------

  Softcore part of the system:       1 atoms,       TEMP(K)    =         400.79
 SC_Etot=         2.7772  SC_EKtot=         1.1947  SC_EPtot   =         1.5826
 SC_BOND=         0.2344  SC_ANGLE=         0.0112  SC_DIHED   =         0.2605
 SC_14NB=         0.0196  SC_14EEL=         1.0570  SC_VDW     =         0.0000
 SC_EEL =         0.0000
 SC_RES_DIST=     0.0000  SC_RES_ANG=       0.0000  SC_RES_TORS=         0.0000
 SC_EEL_DER=      0.4812  SC_VDW_DER=      -0.0042  SC_DERIV   =         0.4770
 ------------------------------------------------------------------------------


| TI region  2


 NSTEP =     7000   TIME(PS) =      14.000  TEMP(K) =   251.40  PRESS =     0.0
 Etot   =     -5090.2068  EKtot   =       910.4691  EPtot      =     -6000.6759
 BOND   =         1.0342  ANGLE   =         1.7519  DIHED      =         0.5846
 1-4 NB =        12.4682  1-4 EEL =         0.0356  VDWAALS    =      1009.4036
 EELEC  =     -7026.8866  EHBOND  =         0.0000  RESTRAINT  =         0.9327
 EAMBER (non-restraint)  =     -6001.6086
 DV/DL  =        -1.0691
 ------------------------------------------------------------------------------

  Softcore part of the system:       2 atoms,       TEMP(K)    =         332.15
 SC_Etot=       -28.3139  SC_EKtot=         1.6501  SC_EPtot   =       -29.9640
 SC_BOND=         0.0639  SC_ANGLE=         1.5794  SC_DIHED   =         0.3425
 SC_14NB=         0.3123  SC_14EEL=       -32.2621  SC_VDW     =         0.0000
 SC_EEL =         0.0000
 SC_RES_DIST=     0.0000  SC_RES_ANG=       0.0000  SC_RES_TORS=         0.0000
 SC_EEL_DER=      0.4812  SC_VDW_DER=      -0.0042  SC_DERIV   =         0.4770
 ------------------------------------------------------------------------------

 NMR restraints: Bond =    0.000   Angle =     0.000   Torsion =     0.000
===============================================================================

| TI region  1


 NSTEP =     8000   TIME(PS) =      16.000  TEMP(K) =   285.53  PRESS =     0.0
 Etot   =     -4644.0461  EKtot   =      1033.5194  EPtot      =     -5677.5655
 BOND   =         0.9870  ANGLE   =         4.0992  DIHED      =         2.5319
 1-4 NB =        12.7068  1-4 EEL =         0.1257  VDWAALS    =       891.0331
 EELEC  =     -6591.2915  EHBOND  =         0.0000  RESTRAINT  =         2.2424
 EAMBER (non-restraint)  =     -5679.8078
 DV/DL  =        -1.3204
 ------------------------------------------------------------------------------

  Softcore part of the system:       1 atoms,       TEMP(K)    =          61.95
 SC_Etot=         1.4330  SC_EKtot=         0.1847  SC_EPtot   =         1.2484
 SC_BOND=         0.0001  SC_ANGLE=         0.0717  SC_DIHED   =         0.2389
 SC_14NB=        -0.0076  SC_14EEL=         0.9453  SC_VDW     =         0.0000
 SC_EEL =         0.0000
 SC_RES_DIST=     0.0000  SC_RES_ANG=       0.0000  SC_RES_TORS=         0.0000
 SC_EEL_DER=      0.3431  SC_VDW_DER=      -0.0055  SC_DERIV   =         0.3376
 ------------------------------------------------------------------------------


| TI region  2


 NSTEP =     8000   TIME(PS) =      16.000  TEMP(K) =   285.67  PRESS =     0.0
 Etot   =     -4642.9490  EKtot   =      1034.6164  EPtot      =     -5677.5655
 BOND   =         0.9870  ANGLE   =         4.0992  DIHED      =         2.5319
 1-4 NB =        12.7068  1-4 EEL =         0.1257  VDWAALS    =       891.0331
 EELEC  =     -6591.2915  EHBOND  =         0.0000  RESTRAINT  =         2.2424
 EAMBER (non-restraint)  =     -5679.8078
 DV/DL  =        -1.3204
 ------------------------------------------------------------------------------

  Softcore part of the system:       2 atoms,       TEMP(K)    =         258.00
 SC_Etot=       -29.6184  SC_EKtot=         1.2817  SC_EPtot   =       -30.9002
 SC_BOND=         0.0174  SC_ANGLE=         0.3275  SC_DIHED   =         0.3903
 SC_14NB=         0.0772  SC_14EEL=       -31.7127  SC_VDW     =         0.0000
 SC_EEL =         0.0000
 SC_RES_DIST=     0.0000  SC_RES_ANG=       0.0000  SC_RES_TORS=         0.0000
 SC_EEL_DER=      0.3431  SC_VDW_DER=      -0.0055  SC_DERIV   =         0.3376
 ------------------------------------------------------------------------------

 NMR restraints: Bond =    0.000   Angle =     0.000   Torsion =     0.000
===============================================================================

| TI region  1


 NSTEP =     9000   TIME(PS) =      18.000  TEMP(K) =   300.38  PRESS =     0.0
 Etot   =     -4482.5791  EKtot   =      1087.2583  EPtot      =     -5569.8374
 BOND   =         1.6698  ANGLE   =         3.2943  DIHED      =         0.7691
 1-4 NB =        12.9823  1-4 EEL =         0.0219  VDWAALS    =       770.9372
 EELEC  =     -6359.8128  EHBOND  =         0.0000  RESTRAINT  =         0.3008
 EAMBER (non-restraint)  =     -5570.1381
 DV/DL  =        -1.2092
 ------------------------------------------------------------------------------

  Softcore part of the system:       1 atoms,       TEMP(K)    =         397.69
 SC_Etot=         2.9878  SC_EKtot=         1.1854  SC_EPtot   =         1.8024
 SC_BOND=         0.4826  SC_ANGLE=         0.0219  SC_DIHED   =         0.1942
 SC_14NB=         0.0368  SC_14EEL=         1.0668  SC_VDW     =         0.0000
 SC_EEL =         0.0000
 SC_RES_DIST=     0.0000  SC_RES_ANG=       0.0000  SC_RES_TORS=         0.0000
 SC_EEL_DER=      0.6452  SC_VDW_DER=      -0.0048  SC_DERIV   =         0.6404
 ------------------------------------------------------------------------------


| TI region  2


 NSTEP =     9000   TIME(PS) =      18.000  TEMP(K) =   300.45  PRESS =     0.0
 Etot   =     -4481.7282  EKtot   =      1088.1091  EPtot      =     -5569.8374
 BOND   =         1.6698  ANGLE   =         3.2943  DIHED      =         0.7691
 1-4 NB =        12.9823  1-4 EEL =         0.0219  VDWAALS    =       770.9372
 EELEC  =     -6359.8128  EHBOND  =         0.0000  RESTRAINT  =         0.3008
 EAMBER (non-restraint)  =     -5570.1381
 DV/DL  =        -1.2092
 ------------------------------------------------------------------------------

  Softcore part of the system:       2 atoms,       TEMP(K)    =         409.89
 SC_Etot=       -28.4983  SC_EKtot=         2.0363  SC_EPtot   =       -30.5346
 SC_BOND=         0.0253  SC_ANGLE=         1.4379  SC_DIHED   =         0.3926
 SC_14NB=         0.4333  SC_14EEL=       -32.8238  SC_VDW     =         0.0000
 SC_EEL =         0.0000
 SC_RES_DIST=     0.0000  SC_RES_ANG=       0.0000  SC_RES_TORS=         0.0000
 SC_EEL_DER=      0.6452  SC_VDW_DER=      -0.0048  SC_DERIV   =         0.6404
 ------------------------------------------------------------------------------

 NMR restraints: Bond =    0.000   Angle =     0.000   Torsion =     0.000
===============================================================================

| TI region  1


 NSTEP =    10000   TIME(PS) =      20.000  TEMP(K) =   293.91  PRESS =     0.0
 Etot   =     -4488.2524  EKtot   =      1063.8698  EPtot      =     -5552.1223
 BOND   =         2.1955  ANGLE   =         1.8235  DIHED      =         2.9173
 1-4 NB =        12.9890  1-4 EEL =         0.0795  VDWAALS    =       853.7598
 EELEC  =     -6427.5273  EHBOND  =         0.0000  RESTRAINT  =         1.6404
 EAMBER (non-restraint)  =     -5553.7627
 DV/DL  =        -2.0572
 ------------------------------------------------------------------------------

  Softcore part of the system:       1 atoms,       TEMP(K)    =         257.53
 SC_Etot=         3.3256  SC_EKtot=         0.7677  SC_EPtot   =         2.5579
 SC_BOND=         0.1054  SC_ANGLE=         0.9960  SC_DIHED   =         0.4472
 SC_14NB=         0.0143  SC_14EEL=         0.9951  SC_VDW     =         0.0000
 SC_EEL =         0.0000
 SC_RES_DIST=     0.0000  SC_RES_ANG=       0.0000  SC_RES_TORS=         0.0000
 SC_EEL_DER=      0.5707  SC_VDW_DER=      -0.0147  SC_DERIV   =         0.5559
 ------------------------------------------------------------------------------


| TI region  2


 NSTEP =    10000   TIME(PS) =      20.000  TEMP(K) =   293.75  PRESS =     0.0
 Etot   =     -4488.2744  EKtot   =      1063.8479  EPtot      =     -5552.1223
 BOND   =         2.1955  ANGLE   =         1.8235  DIHED      =         2.9173
 1-4 NB =        12.9890  1-4 EEL =         0.0795  VDWAALS    =       853.7598
 EELEC  =     -6427.5273  EHBOND  =         0.0000  RESTRAINT  =         1.6404
 EAMBER (non-restraint)  =     -5553.7627
 DV/DL  =        -2.0572
 ------------------------------------------------------------------------------

  Softcore part of the system:       2 atoms,       TEMP(K)    =         150.10
 SC_Etot=       -29.4698  SC_EKtot=         0.7457  SC_EPtot   =       -30.2155
 SC_BOND=         0.0567  SC_ANGLE=         2.1948  SC_DIHED   =         1.1018
 SC_14NB=         0.2611  SC_14EEL=       -33.8299  SC_VDW     =         0.0000
 SC_EEL =         0.0000
 SC_RES_DIST=     0.0000  SC_RES_ANG=       0.0000  SC_RES_TORS=         0.0000
 SC_EEL_DER=      0.5707  SC_VDW_DER=      -0.0147  SC_DERIV   =         0.5559
 ------------------------------------------------------------------------------

 NMR restraints: Bond =    0.000   Angle =     0.000   Torsion =     0.000
===============================================================================

| TI region  1


      A V E R A G E S   O V E R      10 S T E P S


 NSTEP =    10000   TIME(PS) =      20.000  TEMP(K) =   187.91  PRESS =     0.0
 Etot   =     -5561.3964  EKtot   =       680.1555  EPtot      =     -6241.5519
 BOND   =         1.7998  ANGLE   =         2.1309  DIHED      =         1.5568
 1-4 NB =        12.1661  1-4 EEL =         0.0430  VDWAALS    =      1047.1846
 EELEC  =     -7307.5646  EHBOND  =         0.0000  RESTRAINT  =         1.1315
 EAMBER (non-restraint)  =     -6242.6834
 DV/DL  =        -1.7306
 ------------------------------------------------------------------------------

 NMR restraints: Bond =    0.000   Angle =     0.000   Torsion =     0.000
===============================================================================
  Softcore part of the system:       1 atoms,       TEMP(K)    =         207.98
 SC_Etot=         2.2806  SC_EKtot=         0.6200  SC_EPtot   =         1.6607
 SC_BOND=         0.1322  SC_ANGLE=         0.1514  SC_DIHED   =         0.3240
 SC_14NB=         0.0158  SC_14EEL=         1.0372  SC_VDW     =         0.0000
 SC_EEL =         0.0000
 SC_RES_DIST=     0.0000  SC_RES_ANG=       0.0000  SC_RES_TORS=         0.0000
 SC_EEL_DER=      0.5204  SC_VDW_DER=      -0.0058  SC_DERIV   =         0.5146
 ------------------------------------------------------------------------------


      R M S  F L U C T U A T I O N S


 NSTEP =    10000   TIME(PS) =      20.000  TEMP(K) =    91.56  PRESS =     0.0
 Etot   =       817.4849  EKtot   =       331.4019  EPtot      =       490.0087
 BOND   =         0.7550  ANGLE   =         0.9851  DIHED      =         1.0652
 1-4 NB =         0.6934  1-4 EEL =         0.0640  VDWAALS    =       158.2110
 EELEC  =       644.1866  EHBOND  =         0.0000  RESTRAINT  =         0.6009
 EAMBER (non-restraint)  =       489.4078
 DV/DL  =         0.5321
 ------------------------------------------------------------------------------

  Softcore part of the system:       1 atoms,       TEMP(K)    =         162.45
 SC_Etot=         0.8474  SC_EKtot=         0.4842  SC_EPtot   =         0.4433
 SC_BOND=         0.1599  SC_ANGLE=         0.2838  SC_DIHED   =         0.3152
 SC_14NB=         0.0123  SC_14EEL=         0.0441  SC_VDW     =         0.0000
 SC_EEL =         0.0000
 SC_RES_DIST=     0.0000  SC_RES_ANG=       0.0000  SC_RES_TORS=         0.0000
 SC_EEL_DER=      0.0828  SC_VDW_DER=       0.0030  SC_DERIV   =         0.0825
 ------------------------------------------------------------------------------


| TI region  2


      A V E R A G E S   O V E R      10 S T E P S


 NSTEP =    10000   TIME(PS) =      20.000  TEMP(K) =   187.89  PRESS =     0.0
 Etot   =     -5561.0824  EKtot   =       680.4694  EPtot      =     -6241.5519
 BOND   =         1.7998  ANGLE   =         2.1309  DIHED      =         1.5568
 1-4 NB =        12.1661  1-4 EEL =         0.0430  VDWAALS    =      1047.1846
 EELEC  =     -7307.5646  EHBOND  =         0.0000  RESTRAINT  =         1.1315
 EAMBER (non-restraint)  =     -6242.6834
 DV/DL  =        -1.7306
 ------------------------------------------------------------------------------

 NMR restraints: Bond =    0.000   Angle =     0.000   Torsion =     0.000
===============================================================================
  Softcore part of the system:       2 atoms,       TEMP(K)    =         187.98
 SC_Etot=       -30.0974  SC_EKtot=         0.9339  SC_EPtot   =       -31.0313
 SC_BOND=         0.2099  SC_ANGLE=         0.8578  SC_DIHED   =         0.3483
 SC_14NB=         0.2685  SC_14EEL=       -32.7157  SC_VDW     =         0.0000
 SC_EEL =         0.0000
 SC_RES_DIST=     0.0000  SC_RES_ANG=       0.0000  SC_RES_TORS=         0.0000
 SC_EEL_DER=      0.5204  SC_VDW_DER=      -0.0058  SC_DERIV   =         0.5146
 ------------------------------------------------------------------------------


      R M S  F L U C T U A T I O N S


 NSTEP =    10000   TIME(PS) =      20.000  TEMP(K) =    91.55  PRESS =     0.0
 Etot   =       817.6720  EKtot   =       331.5806  EPtot      =       490.0087
 BOND   =         0.7550  ANGLE   =         0.9851  DIHED      =         1.0652
 1-4 NB =         0.6934  1-4 EEL =         0.0640  VDWAALS    =       158.2110
 EELEC  =       644.1866  EHBOND  =         0.0000  RESTRAINT  =         0.6009
 EAMBER (non-restraint)  =       489.4078
 DV/DL  =         0.5321
 ------------------------------------------------------------------------------

  Softcore part of the system:       2 atoms,       TEMP(K)    =         116.79
 SC_Etot=         1.0375  SC_EKtot=         0.5802  SC_EPtot   =         0.5940
 SC_BOND=         0.2535  SC_ANGLE=         0.6134  SC_DIHED   =         0.2974
 SC_14NB=         0.0940  SC_14EEL=         0.5171  SC_VDW     =         0.0000
 SC_EEL =         0.0000
 SC_RES_DIST=     0.0000  SC_RES_ANG=       0.0000  SC_RES_TORS=         0.0000
 SC_EEL_DER=      0.0828  SC_VDW_DER=       0.0030  SC_DERIV   =         0.0825
 ------------------------------------------------------------------------------


      DV/DL, AVERAGES OVER      10 STEPS


 NSTEP =    10000   TIME(PS) =      20.000  TEMP(K) =    91.55  PRESS =     0.0
 Etot   =         0.0000  EKtot   =         0.0000  EPtot      =        -1.7306
 BOND   =         0.0000  ANGLE   =         0.0000  DIHED      =         0.0000
 1-4 NB =         0.0000  1-4 EEL =        -7.8849  VDWAALS    =        -0.4359
 EELEC  =         6.0756  EHBOND  =         0.0000  RESTRAINT  =         0.0000
 DV/DL  =        -1.7306
 ------------------------------------------------------------------------------


 NMR restraints on final step:

--------------------------------------------------------------------------------
   5.  TIMINGS
--------------------------------------------------------------------------------

|  NonSetup CPU Time in Major Routines:
|
|     Routine           Sec        %
|     ------------------------------
|     Nonbond           3.64   46.71
|     Bond              0.00    0.00
|     Angle             0.00    0.00
|     Dihedral          0.00    0.00
|     Shake             0.05    0.67
|     RunMD             4.08   52.30
|     Other             0.03    0.32
|     ------------------------------
|     Total             7.79

|  PME Nonbond Pairlist CPU Time:
|
|     Routine              Sec        %
|     ---------------------------------
|     Set Up Cit           0.00    0.00
|     Build List           0.00    0.00
|     ---------------------------------
|     Total                0.00    0.00

|  PME Direct Force CPU Time:
|
|     Routine              Sec        %
|     ---------------------------------
|     NonBonded Calc       0.00    0.00
|     Exclude Masked       0.00    0.00
|     Other                0.02    0.22
|     ---------------------------------
|     Total                0.02    0.22

|  PME Reciprocal Force CPU Time:
|
|     Routine              Sec        %
|     ---------------------------------
|     1D bspline           0.00    0.00
|     Grid Charges         0.00    0.00
|     Scalar Sum           0.00    0.00
|     Gradient Sum         0.00    0.00
|     FFT                  0.00    0.00
|     ---------------------------------
|     Total                0.00    0.00

|  Final Performance Info:
|     -----------------------------------------------------
|     Average timings for last   10000 steps:
|     Elapsed(s) =       7.79 Per Step(ms) =       0.78
|         ns/day =     221.73   seconds/ns =     389.66
|
|     Average timings for all steps:
|     Elapsed(s) =       7.79 Per Step(ms) =       0.78
|         ns/day =     221.73   seconds/ns =     389.66
|     -----------------------------------------------------

|  Setup CPU time:            1.13 seconds
|  NonSetup CPU time:         7.79 seconds
|  Total CPU time:            8.93 seconds     0.00 hours

|  Setup wall time:           3    seconds
|  NonSetup wall time:        8    seconds
|  Total wall time:          11    seconds     0.00 hours
