
          -------------------------------------------------------
          Amber 16 PMEMD                              2016
          -------------------------------------------------------

| PMEMD implementation of SANDER, Release 16

| Run on 02/27/2019 at 20:53:35

|   Executable path: pmemd
| Working directory: /Users/meister/quicklisp/local-projects/fep/examples/lysozyme/jobs
|          Hostname: Unknown
| WARNING: Stack usage limited by a hard resource limit of   67104768 bytes!
|          If segment violations occur, get your sysadmin to increase the limit.
  [-O]verwriting output

File Assignments:
|   MDIN: AA-AB/ligand/min.in                                                   
|  MDOUT: AA-AB/ligand/min.out                                                  
| INPCRD: AA-AB/ligand/ligand-vdw-bonded.rst7                                   
|   PARM: AA-AB/ligand/ligand-vdw-bonded.parm7                                  
| RESTRT: AA-AB/ligand/min.rst7                                                 
|   REFC: AA-AB/ligand/ligand-vdw-bonded.rst7                                   
|  MDVEL: mdvel                                                                 
|   MDEN: AA-AB/ligand/min.en                                                   
|  MDCRD: AA-AB/ligand/min.nc                                                   
| MDINFO: AA-AB/ligand/min.info                                                 
|  MDFRC: mdfrc                                                                 


 Here is the input file:

minimisation                                                                   
 &cntrl                                                                        
   imin = 1, ntmin = 2,                                                        
   maxcyc = 100,                                                               
   ntpr = 20, ntwe = 20,                                                       
   ntb = 1,                                                                    
   ntr = 1, restraint_wt = 5.00,                                               
   restraintmask='!:WAT & !@H=',                                               
                                                                               
   icfe = 1, ifsc = 1, clambda = 0.5, scalpha = 0.5, scbeta = 12.0,            
   logdvdl = 0,                                                                
   timask1 = ':1', timask2 = ':2',                                             
   scmask1 = ':1@H7', scmask2 = ':2@H7,O1'                                     
 /                                                                             
 &ewald                                                                        
 /                                                                             


Note: ig = -1. Setting random seed to   153019 based on wallclock time in 
      microseconds.
| irandom = 1, using AMBER's internal random number generator (default).
 
 
| Conditional Compilation Defines Used:
| PUBFFT
| BINTRAJ
| EMIL

| Largest sphere to fit in unit cell has radius =    13.662

| New format PARM file being parsed.
| Version =    1.000 Date = 02/27/19 Time = 20:53:33

| Note: 1-4 EEL scale factors are being read from the topology file.

| Note: 1-4 VDW scale factors are being read from the topology file.
| Duplicated    0 dihedrals

| Duplicated    0 dihedrals

--------------------------------------------------------------------------------
   1.  RESOURCE   USE: 
--------------------------------------------------------------------------------

 getting new box info from bottom of inpcrd
 NATOM  =    1831 NTYPES =       5 NBONH =    1818 MBONA  =      13
 NTHETH =    1829 MTHETA =      14 NPHIH =      36 MPHIA  =      14
 NHPARM =       0 NPARM  =       0 NNB   =    2518 NRES   =     604
 NBONA  =      13 NTHETA =      14 NPHIA =      14 NUMBND =       6
 NUMANG =       6 NPTRA  =       2 NATYP =       6 NPHB   =       0
 IFBOX  =       1 NMXRS  =      13 IFCAP =       0 NEXTRA =       0
 NCOPY  =       0

| Coordinate Index Table dimensions:     6    6    6
| Direct force subcell size =     4.5540    4.6353    4.8402

     BOX TYPE: RECTILINEAR

--------------------------------------------------------------------------------
   2.  CONTROL  DATA  FOR  THE  RUN
--------------------------------------------------------------------------------

NIL                                                                             

General flags:
     imin    =       1, nmropt  =       0

Nature and format of input:
     ntx     =       1, irest   =       0, ntrx    =       1

Nature and format of output:
     ntxo    =       2, ntpr    =      20, ntrx    =       1, ntwr    =       1
     iwrap   =       0, ntwx    =       0, ntwv    =       0, ntwe    =      20
     ioutfm  =       1, ntwprt  =       0, idecomp =       0, rbornstat=      0

Potential function:
     ntf     =       1, ntb     =       1, igb     =       0, nsnb    =      25
     ipol    =       0, gbsa    =       0, iesp    =       0
     dielc   =   1.00000, cut     =   8.00000, intdiel =   1.00000

Frozen or restrained atoms:
     ibelly  =       0, ntr     =       1
     restraint_wt =   5.00000

Energy minimization:
     maxcyc  =     100, ncyc    =      10, ntmin   =       2
     dx0     =   0.01000, drms    =   0.00010

Free energy options:
     icfe    =       1, ifsc    =       1, klambda =       1
     clambda =  0.5000, scalpha =  0.5000, scbeta  = 12.0000
     sceeorder =       2
     dynlmb =  0.0000 logdvdl =       0

| Intermolecular bonds treatment:
|     no_intermolecular_bonds =       1

| Energy averages sample interval:
|     ene_avg_sampling =       1

Ewald parameters:
     verbose =       0, ew_type =       0, nbflag  =       1, use_pme =       1
     vdwmeth =       1, eedmeth =       1, netfrc  =       0
     Box X =   27.324   Box Y =   27.812   Box Z =   29.041
     Alpha =   90.000   Beta  =   90.000   Gamma =   90.000
     NFFT1 =   30       NFFT2 =   30       NFFT3 =   30
     Cutoff=    8.000   Tol   =0.100E-04
     Ewald Coefficient =  0.34864
     Interpolation order =    4

    LOADING THE CONSTRAINED ATOMS AS GROUPS


   5.  REFERENCE ATOM COORDINATES

  NIL                                                                             
     Mask !:WAT & !@H=; matches    13 atoms
     TI Mask 1 :1; matches     12 atoms
     TI Mask 2 :2; matches     13 atoms
     TI region 1:    1818 atoms
     TI region 2:    1819 atoms
     SC Mask 1 :1@H7; matches      1 atoms
     SC Mask 2 :2@H7,O1; matches      2 atoms

--------------------------------------------------------------------------------
   3.  ATOMIC COORDINATES AND VELOCITIES
--------------------------------------------------------------------------------

NIL                                                                             
 begin time read from input coords =     0.000 ps

 
 Number of triangulated 3-point waters found:      602
 Number of shake restraints removed in TI region  1 :        0
 Number of shake restraints removed in TI region  2 :        0

     Sum of charges for TI region  1 =  -0.00000066
     Forcing neutrality...


     Sum of charges for TI region  2 =  -0.00000066
     Forcing neutrality...

| Dynamic Memory, Types Used:
| Reals              192523
| Integers            72929

| Nonbonded Pairs Initial Allocation:      305822

--------------------------------------------------------------------------------
   4.  RESULTS
--------------------------------------------------------------------------------

 ---------------------------------------------------
 APPROXIMATING switch and d/dx switch using CUBIC SPLINE INTERPOLATION
 using   5000.0 points per unit in tabled values
 TESTING RELATIVE ERROR over r ranging from 0.0 to cutoff
| CHECK switch(x): max rel err =   0.2738E-14   at   2.422500
| CHECK d/dx switch(x): max rel err =   0.8332E-11   at   2.782960
 ---------------------------------------------------
|---------------------------------------------------
| APPROXIMATING direct energy using CUBIC SPLINE INTERPOLATION
|  with   50.0 points per unit in tabled values
| Relative Error Limit not exceeded for r .gt.   2.47
| APPROXIMATING direct force using CUBIC SPLINE INTERPOLATION
|  with   50.0 points per unit in tabled values
| Relative Error Limit not exceeded for r .gt.   2.89
|---------------------------------------------------

| TI region  1



   NSTEP       ENERGY          RMS            GMAX         NAME    NUMBER
      1       5.1264E+04     9.9826E+03     4.3063E+05     O        1547

 BOND    =        1.2134  ANGLE   =        0.4530  DIHED      =        0.0002
 VDWAALS =    56176.2383  EEL     =    -4925.7366  HBOND      =        0.0000
 1-4 VDW =       11.8164  1-4 EEL =        0.0336  RESTRAINT  =        0.0000
 DV/DL  =        -2.4080
  Softcore part of the system:       1 atoms,       TEMP(K)    =           0.00
 SC_Etot=         0.0000  SC_EKtot=         0.0000  SC_EPtot   =         1.0271
 SC_BOND=         0.0025  SC_ANGLE=         0.0021  SC_DIHED   =         0.0000
 SC_14NB=         0.0033  SC_14EEL=         1.0192  SC_VDW     =         0.0000
 SC_EEL =         0.0000
 SC_RES_DIST=     0.0000  SC_RES_ANG=       0.0000  SC_RES_TORS=         0.0000
 SC_EEL_DER=      0.4705  SC_VDW_DER=      -0.0044  SC_DERIV   =         0.4661
 ------------------------------------------------------------------------------


| TI region  2



   NSTEP       ENERGY          RMS            GMAX         NAME    NUMBER
      1       5.1264E+04     9.9826E+03     4.3063E+05     O        1547

 BOND    =        1.2134  ANGLE   =        0.4530  DIHED      =        0.0002
 VDWAALS =    56176.2383  EEL     =    -4925.7366  HBOND      =        0.0000
 1-4 VDW =       11.8164  1-4 EEL =        0.0336  RESTRAINT  =        0.0000
 DV/DL  =        -2.4080
  Softcore part of the system:       2 atoms,       TEMP(K)    =           0.00
 SC_Etot=         0.0000  SC_EKtot=         0.0000  SC_EPtot   =       -31.5041
 SC_BOND=         0.0080  SC_ANGLE=         0.1737  SC_DIHED   =         0.0000
 SC_14NB=         0.1575  SC_14EEL=       -31.8435  SC_VDW     =         0.0000
 SC_EEL =         0.0000
 SC_RES_DIST=     0.0000  SC_RES_ANG=       0.0000  SC_RES_TORS=         0.0000
 SC_EEL_DER=      0.4705  SC_VDW_DER=      -0.0044  SC_DERIV   =         0.4661
 ------------------------------------------------------------------------------


| TI region  1



   NSTEP       ENERGY          RMS            GMAX         NAME    NUMBER
     20      -2.7633E+03     3.1788E+01     6.4259E+02     O         686

 BOND    =      181.1475  ANGLE   =       51.8718  DIHED      =        0.0001
 VDWAALS =     1973.1840  EEL     =    -4981.3649  HBOND      =        0.0000
 1-4 VDW =       11.8162  1-4 EEL =        0.0327  RESTRAINT  =        0.0000
 EAMBER  =    -2763.3126
 DV/DL  =        -2.4096
  Softcore part of the system:       1 atoms,       TEMP(K)    =           0.00
 SC_Etot=         0.0000  SC_EKtot=         0.0000  SC_EPtot   =         1.0274
 SC_BOND=         0.0027  SC_ANGLE=         0.0020  SC_DIHED   =         0.0000
 SC_14NB=         0.0033  SC_14EEL=         1.0195  SC_VDW     =         0.0000
 SC_EEL =         0.0000
 SC_RES_DIST=     0.0000  SC_RES_ANG=       0.0000  SC_RES_TORS=         0.0000
 SC_EEL_DER=      0.4710  SC_VDW_DER=      -0.0044  SC_DERIV   =         0.4665
 ------------------------------------------------------------------------------


| TI region  2



   NSTEP       ENERGY          RMS            GMAX         NAME    NUMBER
     20      -2.7633E+03     3.1788E+01     6.4259E+02     O         686

 BOND    =      181.1475  ANGLE   =       51.8718  DIHED      =        0.0001
 VDWAALS =     1973.1840  EEL     =    -4981.3649  HBOND      =        0.0000
 1-4 VDW =       11.8162  1-4 EEL =        0.0327  RESTRAINT  =        0.0000
 EAMBER  =    -2763.3126
 DV/DL  =        -2.4096
  Softcore part of the system:       2 atoms,       TEMP(K)    =           0.00
 SC_Etot=         0.0000  SC_EKtot=         0.0000  SC_EPtot   =       -31.5173
 SC_BOND=         0.0057  SC_ANGLE=         0.1724  SC_DIHED   =         0.0000
 SC_14NB=         0.1584  SC_14EEL=       -31.8539  SC_VDW     =         0.0000
 SC_EEL =         0.0000
 SC_RES_DIST=     0.0000  SC_RES_ANG=       0.0000  SC_RES_TORS=         0.0000
 SC_EEL_DER=      0.4710  SC_VDW_DER=      -0.0044  SC_DERIV   =         0.4665
 ------------------------------------------------------------------------------


| TI region  1



   NSTEP       ENERGY          RMS            GMAX         NAME    NUMBER
     40      -5.1418E+03     9.0145E+00     1.8148E+02     H1       1506

 BOND    =      230.7507  ANGLE   =       61.3868  DIHED      =        0.0001
 VDWAALS =      619.9363  EEL     =    -6065.7216  HBOND      =        0.0000
 1-4 VDW =       11.8822  1-4 EEL =       -0.0000  RESTRAINT  =        0.0011
 EAMBER  =    -5141.7655
 DV/DL  =        -2.2183
  Softcore part of the system:       1 atoms,       TEMP(K)    =           0.00
 SC_Etot=         0.0000  SC_EKtot=         0.0000  SC_EPtot   =         1.0453
 SC_BOND=         0.0001  SC_ANGLE=         0.0029  SC_DIHED   =         0.0000
 SC_14NB=         0.0072  SC_14EEL=         1.0349  SC_VDW     =         0.0000
 SC_EEL =         0.0000
 SC_RES_DIST=     0.0000  SC_RES_ANG=       0.0000  SC_RES_TORS=         0.0000
 SC_EEL_DER=      0.5127  SC_VDW_DER=      -0.0045  SC_DERIV   =         0.5082
 ------------------------------------------------------------------------------


| TI region  2



   NSTEP       ENERGY          RMS            GMAX         NAME    NUMBER
     40      -5.1418E+03     9.0145E+00     1.8148E+02     H1       1506

 BOND    =      230.7507  ANGLE   =       61.3868  DIHED      =        0.0001
 VDWAALS =      619.9363  EEL     =    -6065.7216  HBOND      =        0.0000
 1-4 VDW =       11.8822  1-4 EEL =       -0.0000  RESTRAINT  =        0.0011
 EAMBER  =    -5141.7655
 DV/DL  =        -2.2183
  Softcore part of the system:       2 atoms,       TEMP(K)    =           0.00
 SC_Etot=         0.0000  SC_EKtot=         0.0000  SC_EPtot   =       -31.9083
 SC_BOND=         0.0354  SC_ANGLE=         0.2906  SC_DIHED   =         0.0006
 SC_14NB=         0.2009  SC_14EEL=       -32.4357  SC_VDW     =         0.0000
 SC_EEL =         0.0000
 SC_RES_DIST=     0.0005  SC_RES_ANG=       0.0000  SC_RES_TORS=         0.0000
 SC_EEL_DER=      0.5127  SC_VDW_DER=      -0.0045  SC_DERIV   =         0.5082
 ------------------------------------------------------------------------------


| TI region  1



   NSTEP       ENERGY          RMS            GMAX         NAME    NUMBER
     60      -5.4780E+03     4.4436E+00     6.4455E+01     H1       1506

 BOND    =      116.2134  ANGLE   =       67.1397  DIHED      =        0.0001
 VDWAALS =      619.3371  EEL     =    -6292.5535  HBOND      =        0.0000
 1-4 VDW =       11.7972  1-4 EEL =        0.0301  RESTRAINT  =        0.0034
 EAMBER  =    -5478.0360
 DV/DL  =        -2.1019
  Softcore part of the system:       1 atoms,       TEMP(K)    =           0.00
 SC_Etot=         0.0000  SC_EKtot=         0.0000  SC_EPtot   =         1.1142
 SC_BOND=         0.0699  SC_ANGLE=         0.0030  SC_DIHED   =         0.0001
 SC_14NB=         0.0087  SC_14EEL=         1.0325  SC_VDW     =         0.0000
 SC_EEL =         0.0000
 SC_RES_DIST=     0.0000  SC_RES_ANG=       0.0000  SC_RES_TORS=         0.0000
 SC_EEL_DER=      0.5292  SC_VDW_DER=      -0.0045  SC_DERIV   =         0.5247
 ------------------------------------------------------------------------------


| TI region  2



   NSTEP       ENERGY          RMS            GMAX         NAME    NUMBER
     60      -5.4780E+03     4.4436E+00     6.4455E+01     H1       1506

 BOND    =      116.2134  ANGLE   =       67.1397  DIHED      =        0.0001
 VDWAALS =      619.3371  EEL     =    -6292.5535  HBOND      =        0.0000
 1-4 VDW =       11.7972  1-4 EEL =        0.0301  RESTRAINT  =        0.0034
 EAMBER  =    -5478.0360
 DV/DL  =        -2.1019
  Softcore part of the system:       2 atoms,       TEMP(K)    =           0.00
 SC_Etot=         0.0000  SC_EKtot=         0.0000  SC_EPtot   =       -31.8062
 SC_BOND=         0.2405  SC_ANGLE=         0.2549  SC_DIHED   =         0.0009
 SC_14NB=         0.2139  SC_14EEL=       -32.5164  SC_VDW     =         0.0000
 SC_EEL =         0.0000
 SC_RES_DIST=     0.0010  SC_RES_ANG=       0.0000  SC_RES_TORS=         0.0000
 SC_EEL_DER=      0.5292  SC_VDW_DER=      -0.0045  SC_DERIV   =         0.5247
 ------------------------------------------------------------------------------


| TI region  1



   NSTEP       ENERGY          RMS            GMAX         NAME    NUMBER
     80      -5.6257E+03     5.4679E+00     1.1328E+02     C_12        3

 BOND    =      122.4062  ANGLE   =       70.0200  DIHED      =        0.0001
 VDWAALS =      630.1374  EEL     =    -6460.5850  HBOND      =        0.0000
 1-4 VDW =       12.3477  1-4 EEL =       -0.0854  RESTRAINT  =        0.0132
 EAMBER  =    -5625.7589
 DV/DL  =        -2.2991
  Softcore part of the system:       1 atoms,       TEMP(K)    =           0.00
 SC_Etot=         0.0000  SC_EKtot=         0.0000  SC_EPtot   =         1.6159
 SC_BOND=         0.4301  SC_ANGLE=         0.1335  SC_DIHED   =         0.0000
 SC_14NB=         0.0065  SC_14EEL=         1.0459  SC_VDW     =         0.0000
 SC_EEL =         0.0000
 SC_RES_DIST=     0.0000  SC_RES_ANG=       0.0000  SC_RES_TORS=         0.0000
 SC_EEL_DER=      0.5364  SC_VDW_DER=      -0.0045  SC_DERIV   =         0.5320
 ------------------------------------------------------------------------------


| TI region  2



   NSTEP       ENERGY          RMS            GMAX         NAME    NUMBER
     80      -5.6257E+03     5.4679E+00     1.1328E+02     C_12        3

 BOND    =      122.4062  ANGLE   =       70.0200  DIHED      =        0.0001
 VDWAALS =      630.1374  EEL     =    -6460.5850  HBOND      =        0.0000
 1-4 VDW =       12.3477  1-4 EEL =       -0.0854  RESTRAINT  =        0.0132
 EAMBER  =    -5625.7589
 DV/DL  =        -2.2991
  Softcore part of the system:       2 atoms,       TEMP(K)    =           0.00
 SC_Etot=         0.0000  SC_EKtot=         0.0000  SC_EPtot   =       -31.3581
 SC_BOND=         0.3546  SC_ANGLE=         0.9152  SC_DIHED   =         0.0010
 SC_14NB=         0.1958  SC_14EEL=       -32.8247  SC_VDW     =         0.0000
 SC_EEL =         0.0000
 SC_RES_DIST=     0.0005  SC_RES_ANG=       0.0000  SC_RES_TORS=         0.0000
 SC_EEL_DER=      0.5364  SC_VDW_DER=      -0.0045  SC_DERIV   =         0.5320
 ------------------------------------------------------------------------------


| TI region  1



   NSTEP       ENERGY          RMS            GMAX         NAME    NUMBER
    100      -5.7514E+03     2.3393E+00     2.8918E+01     H1       1506

 BOND    =      155.8833  ANGLE   =       70.4852  DIHED      =        0.0001
 VDWAALS =      644.4035  EEL     =    -6634.1100  HBOND      =        0.0000
 1-4 VDW =       11.8849  1-4 EEL =        0.0025  RESTRAINT  =        0.0027
 EAMBER  =    -5751.4504
 DV/DL  =        -2.1440
  Softcore part of the system:       1 atoms,       TEMP(K)    =           0.00
 SC_Etot=         0.0000  SC_EKtot=         0.0000  SC_EPtot   =         1.0503
 SC_BOND=         0.0040  SC_ANGLE=         0.0017  SC_DIHED   =         0.0000
 SC_14NB=         0.0084  SC_14EEL=         1.0362  SC_VDW     =         0.0000
 SC_EEL =         0.0000
 SC_RES_DIST=     0.0000  SC_RES_ANG=       0.0000  SC_RES_TORS=         0.0000
 SC_EEL_DER=      0.5399  SC_VDW_DER=      -0.0045  SC_DERIV   =         0.5355
 ------------------------------------------------------------------------------


| TI region  2



   NSTEP       ENERGY          RMS            GMAX         NAME    NUMBER
    100      -5.7514E+03     2.3393E+00     2.8918E+01     H1       1506

 BOND    =      155.8833  ANGLE   =       70.4852  DIHED      =        0.0001
 VDWAALS =      644.4035  EEL     =    -6634.1100  HBOND      =        0.0000
 1-4 VDW =       11.8849  1-4 EEL =        0.0025  RESTRAINT  =        0.0027
 EAMBER  =    -5751.4504
 DV/DL  =        -2.1440
  Softcore part of the system:       2 atoms,       TEMP(K)    =           0.00
 SC_Etot=         0.0000  SC_EKtot=         0.0000  SC_EPtot   =       -31.9661
 SC_BOND=         0.0769  SC_ANGLE=         0.4077  SC_DIHED   =         0.0011
 SC_14NB=         0.2130  SC_14EEL=       -32.6648  SC_VDW     =         0.0000
 SC_EEL =         0.0000
 SC_RES_DIST=     0.0012  SC_RES_ANG=       0.0000  SC_RES_TORS=         0.0000
 SC_EEL_DER=      0.5399  SC_VDW_DER=      -0.0045  SC_DERIV   =         0.5355
 ------------------------------------------------------------------------------



  Maximum number of minimization cycles reached.


                    FINAL RESULTS


| TI region  1



   NSTEP       ENERGY          RMS            GMAX         NAME    NUMBER
    100      -5.7514E+03     2.3393E+00     2.8918E+01     H1       1506

 BOND    =      155.8833  ANGLE   =       70.4852  DIHED      =        0.0001
 VDWAALS =      644.4035  EEL     =    -6634.1100  HBOND      =        0.0000
 1-4 VDW =       11.8849  1-4 EEL =        0.0025  RESTRAINT  =        0.0027
 EAMBER  =    -5751.4504
 DV/DL  =        -2.1440
  Softcore part of the system:       1 atoms,       TEMP(K)    =           0.00
 SC_Etot=         0.0000  SC_EKtot=         0.0000  SC_EPtot   =         1.0503
 SC_BOND=         0.0040  SC_ANGLE=         0.0017  SC_DIHED   =         0.0000
 SC_14NB=         0.0084  SC_14EEL=         1.0362  SC_VDW     =         0.0000
 SC_EEL =         0.0000
 SC_RES_DIST=     0.0000  SC_RES_ANG=       0.0000  SC_RES_TORS=         0.0000
 SC_EEL_DER=      0.5399  SC_VDW_DER=      -0.0045  SC_DERIV   =         0.5355
 ------------------------------------------------------------------------------


| TI region  2



   NSTEP       ENERGY          RMS            GMAX         NAME    NUMBER
    100      -5.7514E+03     2.3393E+00     2.8918E+01     H1       1506

 BOND    =      155.8833  ANGLE   =       70.4852  DIHED      =        0.0001
 VDWAALS =      644.4035  EEL     =    -6634.1100  HBOND      =        0.0000
 1-4 VDW =       11.8849  1-4 EEL =        0.0025  RESTRAINT  =        0.0027
 EAMBER  =    -5751.4504
 DV/DL  =        -2.1440
  Softcore part of the system:       2 atoms,       TEMP(K)    =           0.00
 SC_Etot=         0.0000  SC_EKtot=         0.0000  SC_EPtot   =       -31.9661
 SC_BOND=         0.0769  SC_ANGLE=         0.4077  SC_DIHED   =         0.0011
 SC_14NB=         0.2130  SC_14EEL=       -32.6648  SC_VDW     =         0.0000
 SC_EEL =         0.0000
 SC_RES_DIST=     0.0012  SC_RES_ANG=       0.0000  SC_RES_TORS=         0.0000
 SC_EEL_DER=      0.5399  SC_VDW_DER=      -0.0045  SC_DERIV   =         0.5355
 ------------------------------------------------------------------------------

--------------------------------------------------------------------------------
   5.  TIMINGS
--------------------------------------------------------------------------------

|  NonSetup CPU Time in Major Routines:
|
|     Routine           Sec        %
|     ------------------------------
|     Nonbond           0.57   96.41
|     Bond              0.00    0.32
|     Angle             0.01    1.85
|     Dihedral          0.00    0.11
|     Shake             0.00    0.00
|     Other             0.01    1.31
|     ------------------------------
|     Total             0.59

|  PME Nonbond Pairlist CPU Time:
|
|     Routine              Sec        %
|     ---------------------------------
|     Set Up Cit           0.00    0.05
|     Build List           0.02    3.48
|     ---------------------------------
|     Total                0.02    3.53

|  PME Direct Force CPU Time:
|
|     Routine              Sec        %
|     ---------------------------------
|     NonBonded Calc       0.32   53.68
|     Exclude Masked       0.01    1.56
|     Other                0.01    1.20
|     ---------------------------------
|     Total                0.33   56.45

|  PME Reciprocal Force CPU Time:
|
|     Routine              Sec        %
|     ---------------------------------
|     1D bspline           0.01    1.41
|     Grid Charges         0.02    2.75
|     Scalar Sum           0.04    6.09
|     Gradient Sum         0.03    4.94
|     FFT                  0.12   21.23
|     ---------------------------------
|     Total                0.21   36.42

|  Setup CPU time:            0.02 seconds
|  NonSetup CPU time:         0.59 seconds
|  Total CPU time:            0.61 seconds     0.00 hours

|  Setup wall time:           0    seconds
|  NonSetup wall time:        1    seconds
|  Total wall time:           1    seconds     0.00 hours
