
Static FFT Slab Distribution:

  FFT slabs assigned to    4 tasks
  Maximum of   19 xy slabs per task
  Maximum of   18 zx slabs per task
  Count of FFT xy slabs assigned to each task:
      18  19  19  19
  Count of FFT xz slabs assigned to each task:
      18  18  18  18

Atom Distribution No.     2 at run step    5063:

  Count of atoms assigned to each task:
         7119     8385     8347     6702

Atom Distribution No.     3 at run step    8609:

  Count of atoms assigned to each task:
         6923     8402     8189     7039

Major Routine Parallel Profiling - NonSetup CPU Seconds:

           D                                                              
           a                                                              
           t                                                              
           a                              D                               
           D         N                    i                               
           i         o                    h                               
           s         n             A      e      S      R      O         T
   T       t         B      B      n      d      h      u      t         o
   a       r         o      o      g      r      a      n      h         t
   s       i         n      n      l      a      k      M      e         a
   k       b         d      d      e      l      e      D      r         l
------------------------------------------------------------------------------
   0    35.9     455.2    1.6    2.5   13.4    3.9    6.8    0.0     519.3
   1    26.9     473.5    2.3    0.2    1.1    4.3    7.9    0.0     516.3
   2    26.3     475.7    2.1    0.4    2.1    4.3    8.0    0.0     519.0
   3    34.4     452.0    1.8    3.1   16.2    3.7    8.0    0.0     519.1
------------------------------------------------------------------------------
 avg    30.9     464.1    2.0    1.5    8.2    4.0    7.7    0.0     518.4
 min    26.3     452.0    1.6    0.2    1.1    3.7    6.8    0.0     516.3
 max    35.9     475.7    2.3    3.1   16.2    4.3    8.0    0.0     519.3
 std     4.3      10.6    0.3    1.2    6.7    0.3    0.5    0.0       1.2
------------------------------------------------------------------------------

PME NonBond Parallel Profiling - NonSetup CPU Seconds:

                     D                           
           P         i         R                 
           a         r         e      L          
           i         e         c      o          
           r         c         i      a         T
   T       l         t         p      d         o
   a       i         F         F      B         t
   s       s         r         r      a         a
   k       t         c         c      l         l
-------------------------------------------------
   0    34.9     232.9     187.4    0.0     455.2
   1    41.3     255.7     176.5    0.0     473.5
   2    41.8     256.8     177.1    0.0     475.7
   3    35.0     230.9     186.0    0.0     451.9
-------------------------------------------------
 avg    38.2     244.1     181.8    0.0     464.1
-------------------------------------------------
