
          -------------------------------------------------------
          Amber 16 PMEMD                              2016
          -------------------------------------------------------

| PMEMD implementation of SANDER, Release 16

| Run on 02/28/2019 at 03:51:55

|   Executable path: /opt/amber/bin/pmemd.cuda
| Working directory: /mnt/part2/home/meister/runjobs
|          Hostname: Unknown
  [-O]verwriting output

File Assignments:
|   MDIN: AA-AB/complex/decharge/0.200/heat.in                                  
|  MDOUT: AA-AB/complex/decharge/0.200/heat.out.tmp                             
| INPCRD: AA-AB/complex/decharge/decharge.rst7                                  
|   PARM: AA-AB/complex/decharge/decharge.parm7                                 
| RESTRT: AA-AB/complex/decharge/0.200/heat.rst7.tmp                            
|   REFC: AA-AB/complex/decharge/decharge.rst7                                  
|  MDVEL: mdvel                                                                 
|   MDEN: AA-AB/complex/decharge/0.200/heat.en.tmp                              
|  MDCRD: AA-AB/complex/decharge/0.200/heat.nc.tmp                              
| MDINFO: AA-AB/complex/decharge/0.200/heat.info.tmp                            
|  MDFRC: mdfrc                                                                 


 Here is the input file:

heating                                                                        
 &cntrl                                                                        
   imin = 0, nstlim = 10000, irest = 0, ntx = 1, dt = 0.002,                   
   ntt = 3, temp0 = 300.0, gamma_ln = 2.0, ig = -1,                            
   tempi = 50.0, tautp = 1.0,                                                  
   vlimit = 20,                                                                
   ntc = 2, ntf = 1,                                                           
   ntb = 1,                                                                    
   ioutfm = 1, iwrap = 1,                                                      
   ntwe = 1000, ntwx = 1000, ntpr = 1000, ntwr = 5000,                         
                                                                               
   nmropt = 1,                                                                 
   ntr = 1, restraint_wt = 5.00,                                               
   restraintmask='!:WAT & !@H=',                                               
                                                                               
   icfe = 1, clambda = 0.200, scalpha = 0.5, scbeta = 12.0,                    
   logdvdl = 0,                                                                
   timask1 = ':1', timask2 = ':2',                                             
   ifsc = 0, CRGMASK = ':2@H7,O1'                                              
 /                                                                             
                                                                               
 &ewald                                                                        
 /                                                                             
                                                                               
 &wt                                                                           
   type='TEMP0',                                                               
   istep1 = 0, istep2 = 8000,                                                  
   value1 = 50.0, value2 = 300.0                                               
 /                                                                             
                                                                               
 &wt type = 'END'                                                              
 /                                                                             


Note: ig = -1. Setting random seed to   204065 based on wallclock time in 
      microseconds.
| irandom = 1, using AMBER's internal random number generator (default).
 
|--------------------- INFORMATION ----------------------
| GPU (CUDA) Version of PMEMD in use: NVIDIA GPU IN USE.
|                    Version 18.0.0
| 
|                      03/25/2018
| 
| Implementation by:
|                    Ross C. Walker     (SDSC)
|                    Scott Le Grand     (nVIDIA)
| 
| Version 18 performance extensions by:
|                    David Cerutti     (Rutgers)
| 
| Precision model in use:
|      [SPFP] - Single Precision Forces, 64-bit Fixed Point
|               Accumulation. (Default)
| 
|--------------------------------------------------------
 
|----------------- CITATION INFORMATION -----------------
|
|    When publishing work that utilized the CUDA version
|    of AMBER, please cite the following in addition to
|    the regular AMBER citations:
|
|  - Romelia Salomon-Ferrer; Andreas W. Goetz; Duncan
|    Poole; Scott Le Grand; Ross C. Walker "Routine
|    microsecond molecular dynamics simulations with
|    AMBER - Part II: Particle Mesh Ewald", J. Chem.
|    Theory Comput., 2013, 9 (9), pp3878-3888,
|    DOI: 10.1021/ct400314y.
|
|  - Andreas W. Goetz; Mark J. Williamson; Dong Xu;
|    Duncan Poole; Scott Le Grand; Ross C. Walker
|    "Routine microsecond molecular dynamics simulations
|    with AMBER - Part I: Generalized Born", J. Chem.
|    Theory Comput., 2012, 8 (5), pp1542-1555.
|
|  - Scott Le Grand; Andreas W. Goetz; Ross C. Walker
|    "SPFP: Speed without compromise - a mixed precision
|    model for GPU accelerated molecular dynamics
|    simulations.", Comp. Phys. Comm., 2013, 184
|    pp374-380, DOI: 10.1016/j.cpc.2012.09.022
|
|    When publishing work that utilized the CUDA version
|    of TI, BAR, MBAR or FEP please cite the following 
|    publications in addition to the regular AMBER 
|    GPU citations:
|
|  - Daniel J. Mermelstein; Charles Lin; Gard Nelson; 
|    Rachael Kretsch; J. Andrew McCammon; Ross C. Walker
|    "Fast and Flexible GPU Accelerated Binding 
|    Free Energy Calculations within the AMBER Molecular
|    Dynamics Package" J. Comp. Chem., 2018,
|    DOI: 10.1002/jcc.25187
|
|  - Tai-Sung Lee; Yuan Hu; Brad Sherborne; Zhuyan Guo;
|    Darrin M. York
|    "Toward Fast and Accurate Binding Affinity Prediction with
|    pmemdGTI: An Efficient Implementation of GPU-Accelerated
|    Thermodynamic Integration"
|    J. Chem. Theory Comput., 2017, 13 (7), 3077
|
|
|--------------------------------------------------------
 
|------------------- GPU DEVICE INFO --------------------
|
|            CUDA_VISIBLE_DEVICES: not set
|   CUDA Capable Devices Detected:      1
|           CUDA Device ID in use:      0
|                CUDA Device Name: Tesla K80
|     CUDA Device Global Mem Size:  11441 MB
| CUDA Device Num Multiprocessors:     13
|           CUDA Device Core Freq:   0.82 GHz
|
|--------------------------------------------------------
 
 
| Conditional Compilation Defines Used:
| PUBFFT
| BINTRAJ
| CUDA
| EMIL

| Largest sphere to fit in unit cell has radius =    30.763

| New format PARM file being parsed.
| Version =    1.000 Date = 02/27/19 Time = 22:41:27

| Note: 1-4 EEL scale factors are being read from the topology file.

| Note: 1-4 VDW scale factors are being read from the topology file.
| Duplicated    0 dihedrals

| Duplicated    0 dihedrals

--------------------------------------------------------------------------------
   1.  RESOURCE   USE: 
--------------------------------------------------------------------------------

 getting new box info from bottom of inpcrd
 NATOM  =   24924 NTYPES =      16 NBONH =   23618 MBONA  =    1322
 NTHETH =   25286 MTHETA =    1777 NPHIH =    6059 MPHIA  =    5533
 NHPARM =       0 NPARM  =       0 NNB   =   44138 NRES   =    7599
 NBONA  =    1322 NTHETA =    1777 NPHIA =    5533 NUMBND =      67
 NUMANG =     153 NPTRA  =     185 NATYP =      36 NPHB   =       0
 IFBOX  =       1 NMXRS  =      24 IFCAP =       0 NEXTRA =       0
 NCOPY  =       0

| Coordinate Index Table dimensions:    13   14   16
| Direct force subcell size =     4.7328    4.6773    4.5903

     BOX TYPE: RECTILINEAR

--------------------------------------------------------------------------------
   2.  CONTROL  DATA  FOR  THE  RUN
--------------------------------------------------------------------------------

NIL                                                                             

General flags:
     imin    =       0, nmropt  =       1

Nature and format of input:
     ntx     =       1, irest   =       0, ntrx    =       1

Nature and format of output:
     ntxo    =       2, ntpr    =    1000, ntrx    =       1, ntwr    =    5000
     iwrap   =       1, ntwx    =    1000, ntwv    =       0, ntwe    =    1000
     ioutfm  =       1, ntwprt  =       0, idecomp =       0, rbornstat=      0

Potential function:
     ntf     =       1, ntb     =       1, igb     =       0, nsnb    =      25
     ipol    =       0, gbsa    =       0, iesp    =       0
     dielc   =   1.00000, cut     =   8.00000, intdiel =   1.00000

Frozen or restrained atoms:
     ibelly  =       0, ntr     =       1
     restraint_wt =   5.00000

Molecular dynamics:
     nstlim  =     10000, nscm    =         0, nrespa  =         1
     t       =   0.00000, dt      =   0.00200, vlimit  =  20.00000

Langevin dynamics temperature regulation:
     ig      =  204065
     temp0   = 300.00000, tempi   =  50.00000, gamma_ln=   2.00000

SHAKE:
     ntc     =       2, jfastw  =       0
     tol     =   0.00001

NMR refinement options:
     iscale  =       0, noeskp  =       1, ipnlty  =       1, mxsub   =       1
     scalm   = 100.00000, pencut  =   0.10000, tausw   =   0.10000

Free energy options:
     icfe    =       1, ifsc    =       0, klambda =       1
     clambda =  0.2000, scalpha =  0.5000, scbeta  = 12.0000
     sceeorder =       2
     dynlmb =  0.0000 logdvdl =       0

| Intermolecular bonds treatment:
|     no_intermolecular_bonds =       1

| Energy averages sample interval:
|     ene_avg_sampling =    1000

Ewald parameters:
     verbose =       0, ew_type =       0, nbflag  =       1, use_pme =       1
     vdwmeth =       1, eedmeth =       1, netfrc  =       1
     Box X =   61.526   Box Y =   65.482   Box Z =   73.445
     Alpha =   90.000   Beta  =   90.000   Gamma =   90.000
     NFFT1 =   64       NFFT2 =   64       NFFT3 =   80
     Cutoff=    8.000   Tol   =0.100E-04
     Ewald Coefficient =  0.34864
     Interpolation order =    4

    LOADING THE CONSTRAINED ATOMS AS GROUPS


   5.  REFERENCE ATOM COORDINATES

  NIL                                                                             
     Mask !:WAT & !@H=; matches  1306 atoms
     TI Mask 1 :1; matches     12 atoms
     TI Mask 2 :2; matches     12 atoms
     TI region 1:   24912 atoms
     TI region 2:   24912 atoms
Removing charge of       0.1300 from atom      24
Total charge of   0.13000000 removed from       1 atoms
     Checking for mismatched coordinates.

--------------------------------------------------------------------------------
   3.  ATOMIC COORDINATES AND VELOCITIES
--------------------------------------------------------------------------------

NIL                                                                             
 begin time read from input coords =     0.000 ps



           Begin reading energy term weight changes/NMR restraints
 WEIGHT CHANGES:
 TEMP0         0   8000   50.000000  300.000000      0      0

 RESTRAINTS:
                          ** No restraint defined **

                  Done reading weight changes/NMR restraints


 
 Number of triangulated 3-point waters found:     7431

     Sum of charges for TI region  1 =   0.00041629
     Forcing neutrality...


     Sum of charges for TI region  2 =  -0.12958371
     Assuming uniform neutralizing plasma

| Dynamic Memory, Types Used:
| Reals             1149033
| Integers          1361286

| Nonbonded Pairs Initial Allocation:     4162931

| GPU memory information (estimate):
| KB of GPU memory in use:         0
| KB of CPU memory in use:         0

--------------------------------------------------------------------------------
   4.  RESULTS
--------------------------------------------------------------------------------


| TI region  1


 NSTEP =        0   TIME(PS) =       0.000  TEMP(K) =    73.29  PRESS =     0.0
 Etot   =    -65073.6552  EKtot   =      3722.7643  EPtot      =    -68796.4195
 BOND   =       486.2310  ANGLE   =      1251.9780  DIHED      =      2033.6697
 1-4 NB =       679.0689  1-4 EEL =      6052.2359  VDWAALS    =      8293.8398
 EELEC  =    -87593.4428  EHBOND  =         0.0000  RESTRAINT  =         0.0000
 DV/DL  =        -7.3185
 ------------------------------------------------------------------------------


| TI region  2


 NSTEP =        0   TIME(PS) =       0.000  TEMP(K) =    73.29  PRESS =     0.0
 Etot   =    -65073.6552  EKtot   =      3722.7643  EPtot      =    -68796.4195
 BOND   =       486.2310  ANGLE   =      1251.9780  DIHED      =      2033.6697
 1-4 NB =       679.0689  1-4 EEL =      6052.2359  VDWAALS    =      8293.8398
 EELEC  =    -87593.4428  EHBOND  =         0.0000  RESTRAINT  =         0.0000
 DV/DL  =        -7.3185
 ------------------------------------------------------------------------------

 NMR restraints: Bond =    0.000   Angle =     0.000   Torsion =     0.000
===============================================================================
wrapping first mol.:      -61.52620      -65.48220      -73.44500

| TI region  1


 NSTEP =     1000   TIME(PS) =       2.000  TEMP(K) =    82.38  PRESS =     0.0
 Etot   =    -84716.4006  EKtot   =      4184.3864  EPtot      =    -88900.7870
 BOND   =       186.9172  ANGLE   =       479.9268  DIHED      =      1854.2989
 1-4 NB =       614.8022  1-4 EEL =      6077.9343  VDWAALS    =     14077.9426
 EELEC  =   -112308.2228  EHBOND  =         0.0000  RESTRAINT  =       115.6138
 EAMBER (non-restraint)  =    -89016.4008
 DV/DL  =        -6.9626
 ------------------------------------------------------------------------------


| TI region  2


 NSTEP =     1000   TIME(PS) =       2.000  TEMP(K) =    82.38  PRESS =     0.0
 Etot   =    -84716.4006  EKtot   =      4184.3864  EPtot      =    -88900.7870
 BOND   =       186.9172  ANGLE   =       479.9268  DIHED      =      1854.2989
 1-4 NB =       614.8022  1-4 EEL =      6077.9343  VDWAALS    =     14077.9426
 EELEC  =   -112308.2228  EHBOND  =         0.0000  RESTRAINT  =       115.6138
 EAMBER (non-restraint)  =    -89016.4008
 DV/DL  =        -6.9626
 ------------------------------------------------------------------------------

 NMR restraints: Bond =    0.000   Angle =     0.000   Torsion =     0.000
===============================================================================
wrapping first mol.:      -61.52620      -65.48220      -73.44500

| TI region  1


 NSTEP =     2000   TIME(PS) =       4.000  TEMP(K) =   105.94  PRESS =     0.0
 Etot   =    -82698.1973  EKtot   =      5381.4397  EPtot      =    -88079.6369
 BOND   =       234.2989  ANGLE   =       560.2825  DIHED      =      1868.3679
 1-4 NB =       610.2755  1-4 EEL =      6040.6596  VDWAALS    =     13850.8400
 EELEC  =   -111371.9441  EHBOND  =         0.0000  RESTRAINT  =       127.5827
 EAMBER (non-restraint)  =    -88207.2196
 DV/DL  =        -6.4279
 ------------------------------------------------------------------------------


| TI region  2


 NSTEP =     2000   TIME(PS) =       4.000  TEMP(K) =   105.94  PRESS =     0.0
 Etot   =    -82698.1973  EKtot   =      5381.4397  EPtot      =    -88079.6369
 BOND   =       234.2989  ANGLE   =       560.2825  DIHED      =      1868.3679
 1-4 NB =       610.2755  1-4 EEL =      6040.6596  VDWAALS    =     13850.8400
 EELEC  =   -111371.9441  EHBOND  =         0.0000  RESTRAINT  =       127.5827
 EAMBER (non-restraint)  =    -88207.2196
 DV/DL  =        -6.4279
 ------------------------------------------------------------------------------

 NMR restraints: Bond =    0.000   Angle =     0.000   Torsion =     0.000
===============================================================================
wrapping first mol.:      -61.52620      -65.48220      -73.44500

| TI region  1


 NSTEP =     3000   TIME(PS) =       6.000  TEMP(K) =   134.36  PRESS =     0.0
 Etot   =    -79844.0396  EKtot   =      6825.0407  EPtot      =    -86669.0803
 BOND   =       280.8460  ANGLE   =       676.3722  DIHED      =      1910.1123
 1-4 NB =       618.8207  1-4 EEL =      6053.3396  VDWAALS    =     13284.3623
 EELEC  =   -109660.9481  EHBOND  =         0.0000  RESTRAINT  =       168.0146
 EAMBER (non-restraint)  =    -86837.0949
 DV/DL  =        -7.3347
 ------------------------------------------------------------------------------


| TI region  2


 NSTEP =     3000   TIME(PS) =       6.000  TEMP(K) =   134.36  PRESS =     0.0
 Etot   =    -79844.0396  EKtot   =      6825.0407  EPtot      =    -86669.0803
 BOND   =       280.8460  ANGLE   =       676.3722  DIHED      =      1910.1123
 1-4 NB =       618.8207  1-4 EEL =      6053.3396  VDWAALS    =     13284.3623
 EELEC  =   -109660.9481  EHBOND  =         0.0000  RESTRAINT  =       168.0146
 EAMBER (non-restraint)  =    -86837.0949
 DV/DL  =        -7.3347
 ------------------------------------------------------------------------------

 NMR restraints: Bond =    0.000   Angle =     0.000   Torsion =     0.000
===============================================================================
wrapping first mol.:      -61.52620      -65.48220      -73.44500

| TI region  1


 NSTEP =     4000   TIME(PS) =       8.000  TEMP(K) =   165.87  PRESS =     0.0
 Etot   =    -76401.0883  EKtot   =      8425.8401  EPtot      =    -84826.9284
 BOND   =       296.9579  ANGLE   =       793.1029  DIHED      =      1914.9173
 1-4 NB =       626.4446  1-4 EEL =      6035.9371  VDWAALS    =     12849.7372
 EELEC  =   -107518.3116  EHBOND  =         0.0000  RESTRAINT  =       174.2863
 EAMBER (non-restraint)  =    -85001.2146
 DV/DL  =        -7.5586
 ------------------------------------------------------------------------------


| TI region  2


 NSTEP =     4000   TIME(PS) =       8.000  TEMP(K) =   165.87  PRESS =     0.0
 Etot   =    -76401.0883  EKtot   =      8425.8401  EPtot      =    -84826.9284
 BOND   =       296.9579  ANGLE   =       793.1029  DIHED      =      1914.9173
 1-4 NB =       626.4446  1-4 EEL =      6035.9371  VDWAALS    =     12849.7372
 EELEC  =   -107518.3116  EHBOND  =         0.0000  RESTRAINT  =       174.2863
 EAMBER (non-restraint)  =    -85001.2146
 DV/DL  =        -7.5586
 ------------------------------------------------------------------------------

 NMR restraints: Bond =    0.000   Angle =     0.000   Torsion =     0.000
===============================================================================
wrapping first mol.:      -61.52620      -65.48220      -73.44500
wrapping first mol.:      -61.52620      -65.48220      -73.44500

| TI region  1


 NSTEP =     5000   TIME(PS) =      10.000  TEMP(K) =   195.91  PRESS =     0.0
 Etot   =    -72904.6658  EKtot   =      9951.5684  EPtot      =    -82856.2342
 BOND   =       364.4422  ANGLE   =       831.1286  DIHED      =      1951.9087
 1-4 NB =       638.3379  1-4 EEL =      6046.2512  VDWAALS    =     12063.6515
 EELEC  =   -104940.7972  EHBOND  =         0.0000  RESTRAINT  =       188.8430
 EAMBER (non-restraint)  =    -83045.0772
 DV/DL  =        -6.7494
 ------------------------------------------------------------------------------


| TI region  2


 NSTEP =     5000   TIME(PS) =      10.000  TEMP(K) =   195.91  PRESS =     0.0
 Etot   =    -72904.6658  EKtot   =      9951.5684  EPtot      =    -82856.2342
 BOND   =       364.4422  ANGLE   =       831.1286  DIHED      =      1951.9087
 1-4 NB =       638.3379  1-4 EEL =      6046.2512  VDWAALS    =     12063.6515
 EELEC  =   -104940.7972  EHBOND  =         0.0000  RESTRAINT  =       188.8430
 EAMBER (non-restraint)  =    -83045.0772
 DV/DL  =        -6.7494
 ------------------------------------------------------------------------------

 NMR restraints: Bond =    0.000   Angle =     0.000   Torsion =     0.000
===============================================================================
wrapping first mol.:      -61.52620      -65.48220      -73.44500

| TI region  1


 NSTEP =     6000   TIME(PS) =      12.000  TEMP(K) =   226.55  PRESS =     0.0
 Etot   =    -68794.3816  EKtot   =     11507.7969  EPtot      =    -80302.1785
 BOND   =       401.6330  ANGLE   =       962.0025  DIHED      =      1987.3603
 1-4 NB =       636.7529  1-4 EEL =      6030.8696  VDWAALS    =     11171.8810
 EELEC  =   -101708.1925  EHBOND  =         0.0000  RESTRAINT  =       215.5145
 EAMBER (non-restraint)  =    -80517.6930
 DV/DL  =        -5.9790
 ------------------------------------------------------------------------------


| TI region  2


 NSTEP =     6000   TIME(PS) =      12.000  TEMP(K) =   226.55  PRESS =     0.0
 Etot   =    -68794.3816  EKtot   =     11507.7969  EPtot      =    -80302.1785
 BOND   =       401.6330  ANGLE   =       962.0025  DIHED      =      1987.3603
 1-4 NB =       636.7529  1-4 EEL =      6030.8696  VDWAALS    =     11171.8810
 EELEC  =   -101708.1925  EHBOND  =         0.0000  RESTRAINT  =       215.5145
 EAMBER (non-restraint)  =    -80517.6930
 DV/DL  =        -5.9790
 ------------------------------------------------------------------------------

 NMR restraints: Bond =    0.000   Angle =     0.000   Torsion =     0.000
===============================================================================
wrapping first mol.:      -61.52620      -65.48220      -73.44500

| TI region  1


 NSTEP =     7000   TIME(PS) =      14.000  TEMP(K) =   257.21  PRESS =     0.0
 Etot   =    -64182.4320  EKtot   =     13065.4372  EPtot      =    -77247.8692
 BOND   =       449.6187  ANGLE   =      1101.4461  DIHED      =      1995.1748
 1-4 NB =       659.0795  1-4 EEL =      6033.4756  VDWAALS    =     10129.0034
 EELEC  =    -97828.7828  EHBOND  =         0.0000  RESTRAINT  =       213.1156
 EAMBER (non-restraint)  =    -77460.9848
 DV/DL  =        -6.7980
 ------------------------------------------------------------------------------


| TI region  2


 NSTEP =     7000   TIME(PS) =      14.000  TEMP(K) =   257.21  PRESS =     0.0
 Etot   =    -64182.4320  EKtot   =     13065.4372  EPtot      =    -77247.8692
 BOND   =       449.6187  ANGLE   =      1101.4461  DIHED      =      1995.1748
 1-4 NB =       659.0795  1-4 EEL =      6033.4756  VDWAALS    =     10129.0034
 EELEC  =    -97828.7828  EHBOND  =         0.0000  RESTRAINT  =       213.1156
 EAMBER (non-restraint)  =    -77460.9848
 DV/DL  =        -6.7980
 ------------------------------------------------------------------------------

 NMR restraints: Bond =    0.000   Angle =     0.000   Torsion =     0.000
===============================================================================
wrapping first mol.:      -61.52620      -65.48220      -73.44500

| TI region  1


 NSTEP =     8000   TIME(PS) =      16.000  TEMP(K) =   290.03  PRESS =     0.0
 Etot   =    -59196.8840  EKtot   =     14732.6786  EPtot      =    -73929.5626
 BOND   =       461.6223  ANGLE   =      1143.7935  DIHED      =      2036.8876
 1-4 NB =       667.9468  1-4 EEL =      6028.0520  VDWAALS    =      9072.6235
 EELEC  =    -93610.0102  EHBOND  =         0.0000  RESTRAINT  =       269.5218
 EAMBER (non-restraint)  =    -74199.0845
 DV/DL  =        -7.0896
 ------------------------------------------------------------------------------


| TI region  2


 NSTEP =     8000   TIME(PS) =      16.000  TEMP(K) =   290.03  PRESS =     0.0
 Etot   =    -59196.8840  EKtot   =     14732.6786  EPtot      =    -73929.5626
 BOND   =       461.6223  ANGLE   =      1143.7935  DIHED      =      2036.8876
 1-4 NB =       667.9468  1-4 EEL =      6028.0520  VDWAALS    =      9072.6235
 EELEC  =    -93610.0102  EHBOND  =         0.0000  RESTRAINT  =       269.5218
 EAMBER (non-restraint)  =    -74199.0845
 DV/DL  =        -7.0896
 ------------------------------------------------------------------------------

 NMR restraints: Bond =    0.000   Angle =     0.000   Torsion =     0.000
===============================================================================
wrapping first mol.:      -61.52620      -65.48220      -73.44500

| TI region  1


 NSTEP =     9000   TIME(PS) =      18.000  TEMP(K) =   296.92  PRESS =     0.0
 Etot   =    -57693.2254  EKtot   =     15082.6112  EPtot      =    -72775.8366
 BOND   =       463.5825  ANGLE   =      1200.5317  DIHED      =      2026.4640
 1-4 NB =       664.3556  1-4 EEL =      6051.1966  VDWAALS    =      8576.9035
 EELEC  =    -92027.5479  EHBOND  =         0.0000  RESTRAINT  =       268.6773
 EAMBER (non-restraint)  =    -73044.5140
 DV/DL  =        -6.3496
 ------------------------------------------------------------------------------


| TI region  2


 NSTEP =     9000   TIME(PS) =      18.000  TEMP(K) =   296.92  PRESS =     0.0
 Etot   =    -57693.2254  EKtot   =     15082.6112  EPtot      =    -72775.8366
 BOND   =       463.5825  ANGLE   =      1200.5317  DIHED      =      2026.4640
 1-4 NB =       664.3556  1-4 EEL =      6051.1966  VDWAALS    =      8576.9035
 EELEC  =    -92027.5479  EHBOND  =         0.0000  RESTRAINT  =       268.6773
 EAMBER (non-restraint)  =    -73044.5140
 DV/DL  =        -6.3496
 ------------------------------------------------------------------------------

 NMR restraints: Bond =    0.000   Angle =     0.000   Torsion =     0.000
===============================================================================
wrapping first mol.:      -61.52620      -65.48220      -73.44500
wrapping first mol.:      -61.52620      -65.48220      -73.44500

| TI region  1


 NSTEP =    10000   TIME(PS) =      20.000  TEMP(K) =   301.67  PRESS =     0.0
 Etot   =    -57241.7282  EKtot   =     15324.0569  EPtot      =    -72565.7851
 BOND   =       473.0337  ANGLE   =      1195.3885  DIHED      =      2045.9694
 1-4 NB =       664.1027  1-4 EEL =      6041.7703  VDWAALS    =      8604.0434
 EELEC  =    -91856.9758  EHBOND  =         0.0000  RESTRAINT  =       266.8827
 EAMBER (non-restraint)  =    -72832.6678
 DV/DL  =        -6.5784
 ------------------------------------------------------------------------------


| TI region  2


 NSTEP =    10000   TIME(PS) =      20.000  TEMP(K) =   301.67  PRESS =     0.0
 Etot   =    -57241.7282  EKtot   =     15324.0569  EPtot      =    -72565.7851
 BOND   =       473.0337  ANGLE   =      1195.3885  DIHED      =      2045.9694
 1-4 NB =       664.1027  1-4 EEL =      6041.7703  VDWAALS    =      8604.0434
 EELEC  =    -91856.9758  EHBOND  =         0.0000  RESTRAINT  =       266.8827
 EAMBER (non-restraint)  =    -72832.6678
 DV/DL  =        -6.5784
 ------------------------------------------------------------------------------

 NMR restraints: Bond =    0.000   Angle =     0.000   Torsion =     0.000
===============================================================================

| TI region  1


      A V E R A G E S   O V E R      10 S T E P S


 NSTEP =    10000   TIME(PS) =      20.000  TEMP(K) =   205.68  PRESS =     0.0
 Etot   =    -70367.3043  EKtot   =     10448.0856  EPtot      =    -80815.3899
 BOND   =       361.2952  ANGLE   =       894.3975  DIHED      =      1959.1461
 1-4 NB =       640.0918  1-4 EEL =      6043.9486  VDWAALS    =     11368.0988
 EELEC  =   -102283.1733  EHBOND  =         0.0000  RESTRAINT  =       200.8052
 EAMBER (non-restraint)  =    -81016.1951
 DV/DL  =        -6.7828
 ------------------------------------------------------------------------------

 NMR restraints: Bond =    0.000   Angle =     0.000   Torsion =     0.000
===============================================================================

      R M S  F L U C T U A T I O N S


 NSTEP =    10000   TIME(PS) =      20.000  TEMP(K) =    77.24  PRESS =     0.0
 Etot   =      9944.9424  EKtot   =      3923.6777  EPtot      =      6047.8237
 BOND   =        99.7992  ANGLE   =       252.8179  DIHED      =        66.2226
 1-4 NB =        21.1736  1-4 EEL =        13.8356  VDWAALS    =      2052.6132
 EELEC  =      7624.2244  EHBOND  =         0.0000  RESTRAINT  =        53.4822
 EAMBER (non-restraint)  =      5994.3415
 DV/DL  =         0.4512
 ------------------------------------------------------------------------------


| TI region  2


      A V E R A G E S   O V E R      10 S T E P S


 NSTEP =    10000   TIME(PS) =      20.000  TEMP(K) =   205.68  PRESS =     0.0
 Etot   =    -70367.3043  EKtot   =     10448.0856  EPtot      =    -80815.3899
 BOND   =       361.2952  ANGLE   =       894.3975  DIHED      =      1959.1461
 1-4 NB =       640.0918  1-4 EEL =      6043.9486  VDWAALS    =     11368.0988
 EELEC  =   -102283.1733  EHBOND  =         0.0000  RESTRAINT  =       200.8052
 EAMBER (non-restraint)  =    -81016.1951
 DV/DL  =        -6.7828
 ------------------------------------------------------------------------------

 NMR restraints: Bond =    0.000   Angle =     0.000   Torsion =     0.000
===============================================================================

      R M S  F L U C T U A T I O N S


 NSTEP =    10000   TIME(PS) =      20.000  TEMP(K) =    77.24  PRESS =     0.0
 Etot   =      9944.9424  EKtot   =      3923.6777  EPtot      =      6047.8237
 BOND   =        99.7992  ANGLE   =       252.8179  DIHED      =        66.2226
 1-4 NB =        21.1736  1-4 EEL =        13.8356  VDWAALS    =      2052.6132
 EELEC  =      7624.2244  EHBOND  =         0.0000  RESTRAINT  =        53.4822
 EAMBER (non-restraint)  =      5994.3415
 DV/DL  =         0.4512
 ------------------------------------------------------------------------------


      DV/DL, AVERAGES OVER      10 STEPS


 NSTEP =    10000   TIME(PS) =      20.000  TEMP(K) =    77.24  PRESS =     0.0
 Etot   =         0.0000  EKtot   =         0.0000  EPtot      =        -6.7828
 BOND   =         0.0000  ANGLE   =         0.0000  DIHED      =         0.0000
 1-4 NB =         0.0000  1-4 EEL =        -1.0428  VDWAALS    =         0.0000
 EELEC  =        -5.7400  EHBOND  =         0.0000  RESTRAINT  =         0.0000
 DV/DL  =        -6.7828
 ------------------------------------------------------------------------------


 NMR restraints on final step:

--------------------------------------------------------------------------------
   5.  TIMINGS
--------------------------------------------------------------------------------

|  NonSetup CPU Time in Major Routines:
|
|     Routine           Sec        %
|     ------------------------------
|     Nonbond           8.24   35.15
|     Bond              0.00    0.00
|     Angle             0.00    0.00
|     Dihedral          0.00    0.00
|     Shake             0.05    0.23
|     RunMD            15.12   64.49
|     Other             0.03    0.13
|     ------------------------------
|     Total            23.45

|  PME Nonbond Pairlist CPU Time:
|
|     Routine              Sec        %
|     ---------------------------------
|     Set Up Cit           0.00    0.00
|     Build List           0.00    0.00
|     ---------------------------------
|     Total                0.00    0.00

|  PME Direct Force CPU Time:
|
|     Routine              Sec        %
|     ---------------------------------
|     NonBonded Calc       0.00    0.00
|     Exclude Masked       0.00    0.00
|     Other                0.02    0.08
|     ---------------------------------
|     Total                0.02    0.08

|  PME Reciprocal Force CPU Time:
|
|     Routine              Sec        %
|     ---------------------------------
|     1D bspline           0.00    0.00
|     Grid Charges         0.00    0.00
|     Scalar Sum           0.00    0.00
|     Gradient Sum         0.00    0.00
|     FFT                  0.00    0.00
|     ---------------------------------
|     Total                0.00    0.00

|  Final Performance Info:
|     -----------------------------------------------------
|     Average timings for last   10000 steps:
|     Elapsed(s) =      23.45 Per Step(ms) =       2.35
|         ns/day =      73.69   seconds/ns =    1172.54
|
|     Average timings for all steps:
|     Elapsed(s) =      23.45 Per Step(ms) =       2.35
|         ns/day =      73.69   seconds/ns =    1172.54
|     -----------------------------------------------------

|  Setup CPU time:            1.31 seconds
|  NonSetup CPU time:        23.45 seconds
|  Total CPU time:           24.76 seconds     0.01 hours

|  Setup wall time:           4    seconds
|  NonSetup wall time:       23    seconds
|  Total wall time:          27    seconds     0.01 hours
