
Static FFT Slab Distribution:

  FFT slabs assigned to    4 tasks
  Maximum of   19 xy slabs per task
  Maximum of   18 zx slabs per task
  Count of FFT xy slabs assigned to each task:
      18  19  19  19
  Count of FFT xz slabs assigned to each task:
      18  18  18  18

Atom Distribution No.     2 at run step    5126:

  Count of atoms assigned to each task:
         6855     8551     8373     6774

Atom Distribution No.     3 at run step    8663:

  Count of atoms assigned to each task:
         6899     8371     8229     7054

Major Routine Parallel Profiling - NonSetup CPU Seconds:

           D                                                              
           a                                                              
           t                                                              
           a                              D                               
           D         N                    i                               
           i         o                    h                               
           s         n             A      e      S      R      O         T
   T       t         B      B      n      d      h      u      t         o
   a       r         o      o      g      r      a      n      h         t
   s       i         n      n      l      a      k      M      e         a
   k       b         d      d      e      l      e      D      r         l
------------------------------------------------------------------------------
   0    19.8     407.6    1.6    2.3   12.8    3.6    5.1    0.0     452.8
   1    13.1     427.8    1.7    0.3    1.3    4.2    4.5    0.0     452.8
   2    13.3     426.0    1.8    0.4    2.0    4.1    5.1    0.0     452.8
   3    19.7     404.0    1.6    2.9   15.4    3.6    5.2    0.0     452.4
------------------------------------------------------------------------------
 avg    16.5     416.3    1.7    1.5    7.9    3.9    5.0    0.0     452.7
 min    13.1     404.0    1.6    0.3    1.3    3.6    4.5    0.0     452.4
 max    19.8     427.8    1.8    2.9   15.4    4.2    5.2    0.0     452.8
 std     3.3      10.6    0.1    1.2    6.3    0.3    0.3    0.0       0.2
------------------------------------------------------------------------------

PME NonBond Parallel Profiling - NonSetup CPU Seconds:

                     D                           
           P         i         R                 
           a         r         e      L          
           i         e         c      o          
           r         c         i      a         T
   T       l         t         p      d         o
   a       i         F         F      B         t
   s       s         r         r      a         a
   k       t         c         c      l         l
-------------------------------------------------
   0    33.0     219.2     155.3    0.0     407.6
   1    39.5     238.2     150.0    0.0     427.7
   2    39.0     237.9     149.1    0.0     426.0
   3    32.6     213.6     157.7    0.0     404.0
-------------------------------------------------
 avg    36.0     227.2     153.0    0.0     416.3
-------------------------------------------------
