
          -------------------------------------------------------
          Amber 18 PMEMD                              2018
          -------------------------------------------------------

| PMEMD implementation of SANDER, Release 18

| Run on 07/19/2018 at 01:38:03

|   Executable path: /home/case/amber18/bin/pmemd.MPI
| Working directory: /home/uv10/T4-lysozyme/one-step/free_energy/complex/vdw_bonded/0.7
|          Hostname: casegroup4.rutgers.edu

  [-O]verwriting output

File Assignments:
|   MDIN: heat.in                                                               
|  MDOUT: heat.out                                                              
| INPCRD: ti.rst7                                                               
|   PARM: ti.parm7                                                              
| RESTRT: heat.rst7                                                             
|   REFC: ti.rst7                                                               
|  MDVEL: mdvel                                                                 
|   MDEN: heat.en                                                               
|  MDCRD: heat.nc                                                               
| MDINFO: heat.info                                                             
|LOGFILE: heat.log                                                              
|  MDFRC: mdfrc                                                                 


 Here is the input file:

heating                                                                        
 &cntrl                                                                        
   imin = 0, nstlim = 10000, irest = 0, ntx = 1, dt = 0.002,                   
   ntt = 1, temp0 = 300.0, tempi = 50.0, tautp = 1.0,                          
   ntc = 2, ntf = 1,                                                           
   ntb = 1,                                                                    
   ioutfm = 1, iwrap = 1,                                                      
   ntwe = 1000, ntwx = 1000, ntpr = 1000, ntwr = 5000,                         
                                                                               
   nmropt = 1,                                                                 
   ntr = 1, restraint_wt = 5.00,                                               
   restraintmask='!:WAT & !@H=',                                               
                                                                               
   icfe = 1, clambda = 0.7, scalpha = 0.5, scbeta = 12.0,                      
   logdvdl = 0,                                                                
   timask1 = ':1', timask2 = ':2',                                             
   ifsc=1, scmask1=':1@H6', scmask2=':2@O1,H6'                                 
 /                                                                             
                                                                               
 &ewald                                                                        
 /                                                                             
                                                                               
 &wt                                                                           
   type='TEMP0',                                                               
   istep1 = 0, istep2 = 8000,                                                  
   value1 = 50.0, value2 = 300.0                                               
 /                                                                             
                                                                               
 &wt type = 'END'                                                              
 /                                                                             
                                                                               


Note: ig = -1. Setting random seed to   244815 based on wallclock time in
      microseconds and disabling the synchronization of random numbers 
      between tasks to improve performance.
| irandom = 1, using AMBER's internal random number generator (default).
 
 
| Conditional Compilation Defines Used:
| MPI
| PUBFFT
| BINTRAJ
| EMIL

| Largest sphere to fit in unit cell has radius =    31.244

| New format PARM file being parsed.
| Version =    1.000 Date = 07/16/18 Time = 16:53:54

| Note: 1-4 EEL scale factors are being read from the topology file.

| Note: 1-4 VDW scale factors are being read from the topology file.
| Duplicated    0 dihedrals

| Duplicated    0 dihedrals

--------------------------------------------------------------------------------
   1.  RESOURCE   USE: 
--------------------------------------------------------------------------------

 getting box info from netcdf restart file
 NATOM  =   30553 NTYPES =      17 NBONH =   29246 MBONA  =    1323
 NTHETH =    2992 MTHETA =    1779 NPHIH =    6075 MPHIA  =    5535
 NHPARM =       0 NPARM  =       0 NNB   =   51644 NRES   =    9475
 NBONA  =    1323 NTHETA =    1779 NPHIA =    5535 NUMBND =      69
 NUMANG =     153 NPTRA  =     180 NATYP =      38 NPHB   =       1
 IFBOX  =       1 NMXRS  =      24 IFCAP =       0 NEXTRA =       0
 NCOPY  =       0

| Coordinate Index Table dimensions:    12   13   14
| Direct force subcell size =     5.2074    5.1252    5.3431

     BOX TYPE: RECTILINEAR

--------------------------------------------------------------------------------
   2.  CONTROL  DATA  FOR  THE  RUN
--------------------------------------------------------------------------------

default_name                                                                    

General flags:
     imin    =       0, nmropt  =       1

Nature and format of input:
     ntx     =       1, irest   =       0, ntrx    =       1

Nature and format of output:
     ntxo    =       2, ntpr    =    1000, ntrx    =       1, ntwr    =    5000
     iwrap   =       1, ntwx    =    1000, ntwv    =       0, ntwe    =    1000
     ioutfm  =       1, ntwprt  =       0, idecomp =       0, rbornstat=      0

Potential function:
     ntf     =       1, ntb     =       1, igb     =       0, nsnb    =      25
     ipol    =       0, gbsa    =       0, iesp    =       0
     dielc   =   1.00000, cut     =   8.00000, intdiel =   1.00000

Frozen or restrained atoms:
     ibelly  =       0, ntr     =       1
     restraint_wt =   5.00000

Molecular dynamics:
     nstlim  =     10000, nscm    =         0, nrespa  =         1
     t       =   0.00000, dt      =   0.00200, vlimit  =  20.00000

Berendsen (weak-coupling) temperature regulation:
     temp0   = 300.00000, tempi   =  50.00000, tautp   =   1.00000

SHAKE:
     ntc     =       2, jfastw  =       0
     tol     =   0.00001

NMR refinement options:
     iscale  =       0, noeskp  =       1, ipnlty  =       1, mxsub   =       1
     scalm   = 100.00000, pencut  =   0.10000, tausw   =   0.10000

Free energy options:
     icfe    =       1, ifsc    =       1, klambda =       1
     clambda =  0.7000, scalpha =  0.5000, scbeta  = 12.0000
     sceeorder =       2
     dynlmb =  0.0000 logdvdl =       0

| Intermolecular bonds treatment:
|     no_intermolecular_bonds =       1

| Energy averages sample interval:
|     ene_avg_sampling =    1000

Ewald parameters:
     verbose =       0, ew_type =       0, nbflag  =       1, use_pme =       1
     vdwmeth =       1, eedmeth =       1, netfrc  =       1
     Box X =   62.489   Box Y =   66.628   Box Z =   74.803
     Alpha =   90.000   Beta  =   90.000   Gamma =   90.000
     NFFT1 =   64       NFFT2 =   72       NFFT3 =   75
     Cutoff=    8.000   Tol   =0.100E-04
     Ewald Coefficient =  0.34864
     Interpolation order =    4

| PMEMD ewald parallel performance parameters:
|     block_fft =    0
|     fft_blk_y_divisor =    2
|     excl_recip =    0
|     excl_master =    0
|     atm_redist_freq =  320

    LOADING THE CONSTRAINED ATOMS AS GROUPS


   5.  REFERENCE ATOM COORDINATES

  default_name                                                                    
     Mask !:WAT & !@H=; matches  1307 atoms
     TI Mask 1 :1; matches     12 atoms
     TI Mask 2 :2; matches     13 atoms
     TI region 1:   30540 atoms
     TI region 2:   30541 atoms
     SC Mask 1 :1@H6; matches      1 atoms
     SC Mask 2 :2@O1,H6; matches      2 atoms

--------------------------------------------------------------------------------
   3.  ATOMIC COORDINATES AND VELOCITIES
--------------------------------------------------------------------------------

default_name                                                                    
 begin time read from input coords =    40.000 ps



           Begin reading energy term weight changes/NMR restraints
 WEIGHT CHANGES:
 TEMP0         0   8000   50.000000  300.000000      0      0

 RESTRAINTS:
                          ** No restraint defined **

                  Done reading weight changes/NMR restraints


 
 Number of triangulated 3-point waters found:     9307
 WARNING: SHAKEn bond for atoms       12       11 is partially softcore.
 Coordinates for common atoms will be synchronized from V0. 
 Consider using noshake mask or disabling SHAKE.

 Number of shake restraints removed in TI region  1 :        0
 Number of shake restraints removed in TI region  2 :        0

     Sum of charges for TI region  1 =   0.00039993
     Forcing neutrality...


     Sum of charges for TI region  2 =   0.00040093
     Forcing neutrality...

| Dynamic Memory, Types Used:
| Reals             1929089
| Integers          1697197

| Nonbonded Pairs Initial Allocation:     1741521

| Running AMBER/MPI version on    4 MPI task

 
--------------------------------------------------------------------------------
   4.  RESULTS
--------------------------------------------------------------------------------

 ---------------------------------------------------
 APPROXIMATING switch and d/dx switch using CUBIC SPLINE INTERPOLATION
 using   5000.0 points per unit in tabled values
 TESTING RELATIVE ERROR over r ranging from 0.0 to cutoff
| CHECK switch(x): max rel err =   0.2738E-14   at   2.422500
| CHECK d/dx switch(x): max rel err =   0.8332E-11   at   2.782960
 ---------------------------------------------------
|---------------------------------------------------
| APPROXIMATING direct energy using CUBIC SPLINE INTERPOLATION
|  with   50.0 points per unit in tabled values
| Relative Error Limit not exceeded for r .gt.   2.47
| APPROXIMATING direct force using CUBIC SPLINE INTERPOLATION
|  with   50.0 points per unit in tabled values
| Relative Error Limit not exceeded for r .gt.   2.89
|---------------------------------------------------
   DOF for the SC part  1 of the system:    2
   SHAKE constraints in the SC region:    1
   DOF for the SC part  2 of the system:    5
   SHAKE constraints in the SC region:    1

| TI region  1


 NSTEP =        0   TIME(PS) =       0.000  TEMP(K) =    73.59  PRESS =     0.0
 Etot   =    -87440.2056  EKtot   =      4561.0179  EPtot      =    -92001.2234
 BOND   =       437.9888  ANGLE   =      1143.7940  DIHED      =      2027.7755
 1-4 NB =       611.7146  1-4 EEL =      5953.7788  VDWAALS    =     11056.0498
 EELEC  =   -113232.3248  EHBOND  =         0.0000  RESTRAINT  =         0.0000
 DV/DL  =        34.2789
 Ewald error estimate:   0.8511E-04
 ------------------------------------------------------------------------------

  Softcore part of the system:       1 atoms,       TEMP(K)    =           7.38
 SC_Etot=         1.6323  SC_EKtot=         0.0147  SC_EPtot   =         1.6176
 SC_BOND=         0.0000  SC_ANGLE=         0.5156  SC_DIHED   =         0.0896
 SC_14NB=        -0.0044  SC_14EEL=         1.0167  SC_VDW     =         0.0000
 SC_EEL =         0.0000
 SC_RES_DIST=     0.0000  SC_RES_ANG=       0.0000  SC_RES_TORS=         0.0000
 SC_EEL_DER=      1.3826  SC_VDW_DER=      24.1222  SC_DERIV   =        25.5049
 ------------------------------------------------------------------------------


| TI region  2


 NSTEP =        0   TIME(PS) =       0.000  TEMP(K) =    73.59  PRESS =     0.0
 Etot   =    -87439.9717  EKtot   =      4561.2518  EPtot      =    -92001.2234
 BOND   =       437.9888  ANGLE   =      1143.7940  DIHED      =      2027.7755
 1-4 NB =       611.7146  1-4 EEL =      5953.7788  VDWAALS    =     11056.0498
 EELEC  =   -113232.3248  EHBOND  =         0.0000  RESTRAINT  =         0.0000
 DV/DL  =        34.2789
 Ewald error estimate:   0.8511E-04
 ------------------------------------------------------------------------------

  Softcore part of the system:       2 atoms,       TEMP(K)    =          42.59
 SC_Etot=       -38.2839  SC_EKtot=         0.2116  SC_EPtot   =       -38.4955
 SC_BOND=         0.1698  SC_ANGLE=         0.8107  SC_DIHED   =         0.1592
 SC_14NB=         0.1042  SC_14EEL=       -39.7393  SC_VDW     =         0.0000
 SC_EEL =         0.0000
 SC_RES_DIST=     0.0000  SC_RES_ANG=       0.0000  SC_RES_TORS=         0.0000
 SC_EEL_DER=      1.3826  SC_VDW_DER=      24.1222  SC_DERIV   =        25.5049
 ------------------------------------------------------------------------------

 NMR restraints: Bond =    0.000   Angle =     0.000   Torsion =     0.000
===============================================================================

| TI region  1


 NSTEP =     1000   TIME(PS) =       2.000  TEMP(K) =   135.66  PRESS =     0.0
 Etot   =   -100664.1019  EKtot   =      8408.5770  EPtot      =   -109072.6789
 BOND   =       202.9169  ANGLE   =       534.8847  DIHED      =      1877.3624
 1-4 NB =       565.5332  1-4 EEL =      5966.5474  VDWAALS    =     15768.0841
 EELEC  =   -134129.9253  EHBOND  =         0.0000  RESTRAINT  =       141.9177
 EAMBER (non-restraint)  =   -109214.5967
 DV/DL  =        12.6022
 Ewald error estimate:   0.1772E-03
 ------------------------------------------------------------------------------

  Softcore part of the system:       1 atoms,       TEMP(K)    =          26.68
 SC_Etot=         1.7588  SC_EKtot=         0.0530  SC_EPtot   =         1.7057
 SC_BOND=         0.0000  SC_ANGLE=         0.0026  SC_DIHED   =         0.6702
 SC_14NB=        -0.0101  SC_14EEL=         1.0431  SC_VDW     =         0.0000
 SC_EEL =         0.0000
 SC_RES_DIST=     0.0000  SC_RES_ANG=       0.0000  SC_RES_TORS=         0.0000
 SC_EEL_DER=      0.9912  SC_VDW_DER=       7.5632  SC_DERIV   =         8.5544
 ------------------------------------------------------------------------------


| TI region  2


 NSTEP =     1000   TIME(PS) =       2.000  TEMP(K) =   135.68  PRESS =     0.0
 Etot   =   -100663.0067  EKtot   =      8409.6722  EPtot      =   -109072.6789
 BOND   =       202.9169  ANGLE   =       534.8847  DIHED      =      1877.3624
 1-4 NB =       565.5332  1-4 EEL =      5966.5474  VDWAALS    =     15768.0841
 EELEC  =   -134129.9253  EHBOND  =         0.0000  RESTRAINT  =       141.9177
 EAMBER (non-restraint)  =   -109214.5967
 DV/DL  =        12.6022
 Ewald error estimate:   0.1772E-03
 ------------------------------------------------------------------------------

  Softcore part of the system:       2 atoms,       TEMP(K)    =         231.13
 SC_Etot=       -36.9499  SC_EKtot=         1.1483  SC_EPtot   =       -38.0982
 SC_BOND=         0.2282  SC_ANGLE=         0.0333  SC_DIHED   =         0.2997
 SC_14NB=         0.0843  SC_14EEL=       -38.7436  SC_VDW     =         0.0000
 SC_EEL =         0.0000
 SC_RES_DIST=     0.1297  SC_RES_ANG=       0.0000  SC_RES_TORS=         0.0000
 SC_EEL_DER=      0.9912  SC_VDW_DER=       7.5632  SC_DERIV   =         8.5544
 ------------------------------------------------------------------------------

 NMR restraints: Bond =    0.000   Angle =     0.000   Torsion =     0.000
===============================================================================

| TI region  1


 NSTEP =     2000   TIME(PS) =       4.000  TEMP(K) =   119.51  PRESS =     0.0
 Etot   =   -103976.5648  EKtot   =      7406.9851  EPtot      =   -111383.5500
 BOND   =       200.5759  ANGLE   =       487.4047  DIHED      =      1873.3758
 1-4 NB =       562.5694  1-4 EEL =      5967.1163  VDWAALS    =     16734.0550
 EELEC  =   -137351.8231  EHBOND  =         0.0000  RESTRAINT  =       143.1761
 EAMBER (non-restraint)  =   -111526.7260
 DV/DL  =        15.5243
 Ewald error estimate:   0.3042E-03
 ------------------------------------------------------------------------------

  Softcore part of the system:       1 atoms,       TEMP(K)    =          30.67
 SC_Etot=         1.2176  SC_EKtot=         0.0609  SC_EPtot   =         1.1567
 SC_BOND=         0.0000  SC_ANGLE=         0.0220  SC_DIHED   =         0.1450
 SC_14NB=        -0.0144  SC_14EEL=         1.0041  SC_VDW     =         0.0000
 SC_EEL =         0.0000
 SC_RES_DIST=     0.0000  SC_RES_ANG=       0.0000  SC_RES_TORS=         0.0000
 SC_EEL_DER=      1.1874  SC_VDW_DER=       9.4986  SC_DERIV   =        10.6860
 ------------------------------------------------------------------------------


| TI region  2


 NSTEP =     2000   TIME(PS) =       4.000  TEMP(K) =   119.50  PRESS =     0.0
 Etot   =   -103976.4311  EKtot   =      7407.1189  EPtot      =   -111383.5500
 BOND   =       200.5759  ANGLE   =       487.4047  DIHED      =      1873.3758
 1-4 NB =       562.5694  1-4 EEL =      5967.1163  VDWAALS    =     16734.0550
 EELEC  =   -137351.8231  EHBOND  =         0.0000  RESTRAINT  =       143.1761
 EAMBER (non-restraint)  =   -111526.7260
 DV/DL  =        15.5243
 Ewald error estimate:   0.3042E-03
 ------------------------------------------------------------------------------

  Softcore part of the system:       2 atoms,       TEMP(K)    =          39.18
 SC_Etot=       -37.9623  SC_EKtot=         0.1947  SC_EPtot   =       -38.1569
 SC_BOND=         0.0126  SC_ANGLE=         0.1215  SC_DIHED   =         0.0166
 SC_14NB=         0.0485  SC_14EEL=       -38.3560  SC_VDW     =         0.0000
 SC_EEL =         0.0000
 SC_RES_DIST=     0.2678  SC_RES_ANG=       0.0000  SC_RES_TORS=         0.0000
 SC_EEL_DER=      1.1874  SC_VDW_DER=       9.4986  SC_DERIV   =        10.6860
 ------------------------------------------------------------------------------

 NMR restraints: Bond =    0.000   Angle =     0.000   Torsion =     0.000
===============================================================================

| TI region  1


 NSTEP =     3000   TIME(PS) =       6.000  TEMP(K) =   128.09  PRESS =     0.0
 Etot   =   -103135.5263  EKtot   =      7939.3003  EPtot      =   -111074.8265
 BOND   =       202.9511  ANGLE   =       524.3082  DIHED      =      1871.6600
 1-4 NB =       559.4236  1-4 EEL =      5960.2080  VDWAALS    =     17092.7148
 EELEC  =   -137436.8752  EHBOND  =         0.0000  RESTRAINT  =       150.7830
 EAMBER (non-restraint)  =   -111225.6095
 DV/DL  =        13.6681
 Ewald error estimate:   0.2315E-03
 ------------------------------------------------------------------------------

  Softcore part of the system:       1 atoms,       TEMP(K)    =          39.81
 SC_Etot=         1.1427  SC_EKtot=         0.0791  SC_EPtot   =         1.0636
 SC_BOND=         0.0000  SC_ANGLE=         0.0290  SC_DIHED   =         0.0169
 SC_14NB=        -0.0055  SC_14EEL=         1.0232  SC_VDW     =         0.0000
 SC_EEL =         0.0000
 SC_RES_DIST=     0.0000  SC_RES_ANG=       0.0000  SC_RES_TORS=         0.0000
 SC_EEL_DER=      1.3248  SC_VDW_DER=       7.8385  SC_DERIV   =         9.1632
 ------------------------------------------------------------------------------


| TI region  2


 NSTEP =     3000   TIME(PS) =       6.000  TEMP(K) =   128.09  PRESS =     0.0
 Etot   =   -103135.2341  EKtot   =      7939.5924  EPtot      =   -111074.8265
 BOND   =       202.9511  ANGLE   =       524.3082  DIHED      =      1871.6600
 1-4 NB =       559.4236  1-4 EEL =      5960.2080  VDWAALS    =     17092.7148
 EELEC  =   -137436.8752  EHBOND  =         0.0000  RESTRAINT  =       150.7830
 EAMBER (non-restraint)  =   -111225.6095
 DV/DL  =        13.6681
 Ewald error estimate:   0.2315E-03
 ------------------------------------------------------------------------------

  Softcore part of the system:       2 atoms,       TEMP(K)    =          74.73
 SC_Etot=       -38.1650  SC_EKtot=         0.3713  SC_EPtot   =       -38.5362
 SC_BOND=         0.2570  SC_ANGLE=         0.3818  SC_DIHED   =         0.0468
 SC_14NB=         0.0920  SC_14EEL=       -39.3138  SC_VDW     =         0.0000
 SC_EEL =         0.0000
 SC_RES_DIST=     0.1089  SC_RES_ANG=       0.0000  SC_RES_TORS=         0.0000
 SC_EEL_DER=      1.3248  SC_VDW_DER=       7.8385  SC_DERIV   =         9.1632
 ------------------------------------------------------------------------------

 NMR restraints: Bond =    0.000   Angle =     0.000   Torsion =     0.000
===============================================================================

| TI region  1


 NSTEP =     4000   TIME(PS) =       8.000  TEMP(K) =   148.78  PRESS =     0.0
 Etot   =   -100407.8032  EKtot   =      9221.4207  EPtot      =   -109629.2239
 BOND   =       217.1598  ANGLE   =       584.3937  DIHED      =      1903.3964
 1-4 NB =       559.9669  1-4 EEL =      5969.8882  VDWAALS    =     16627.5224
 EELEC  =   -135649.4214  EHBOND  =         0.0000  RESTRAINT  =       157.8700
 EAMBER (non-restraint)  =   -109787.0939
 DV/DL  =        17.5246
 Ewald error estimate:   0.2119E-03
 ------------------------------------------------------------------------------

  Softcore part of the system:       1 atoms,       TEMP(K)    =         145.88
 SC_Etot=         1.4028  SC_EKtot=         0.2899  SC_EPtot   =         1.1129
 SC_BOND=         0.0000  SC_ANGLE=         0.0123  SC_DIHED   =         0.0794
 SC_14NB=        -0.0104  SC_14EEL=         1.0316  SC_VDW     =         0.0000
 SC_EEL =         0.0000
 SC_RES_DIST=     0.0000  SC_RES_ANG=       0.0000  SC_RES_TORS=         0.0000
 SC_EEL_DER=      0.9534  SC_VDW_DER=      11.6456  SC_DERIV   =        12.5991
 ------------------------------------------------------------------------------


| TI region  2


 NSTEP =     4000   TIME(PS) =       8.000  TEMP(K) =   148.78  PRESS =     0.0
 Etot   =   -100407.4903  EKtot   =      9221.7336  EPtot      =   -109629.2239
 BOND   =       217.1598  ANGLE   =       584.3937  DIHED      =      1903.3964
 1-4 NB =       559.9669  1-4 EEL =      5969.8882  VDWAALS    =     16627.5224
 EELEC  =   -135649.4214  EHBOND  =         0.0000  RESTRAINT  =       157.8700
 EAMBER (non-restraint)  =   -109787.0939
 DV/DL  =        17.5246
 Ewald error estimate:   0.2119E-03
 ------------------------------------------------------------------------------

  Softcore part of the system:       2 atoms,       TEMP(K)    =         121.33
 SC_Etot=       -37.1739  SC_EKtot=         0.6028  SC_EPtot   =       -37.7766
 SC_BOND=         0.1356  SC_ANGLE=         0.1701  SC_DIHED   =         0.8849
 SC_14NB=         0.0869  SC_14EEL=       -39.0541  SC_VDW     =         0.0000
 SC_EEL =         0.0000
 SC_RES_DIST=     0.0585  SC_RES_ANG=       0.0000  SC_RES_TORS=         0.0000
 SC_EEL_DER=      0.9534  SC_VDW_DER=      11.6456  SC_DERIV   =        12.5991
 ------------------------------------------------------------------------------

 NMR restraints: Bond =    0.000   Angle =     0.000   Torsion =     0.000
===============================================================================

| TI region  1


 NSTEP =     5000   TIME(PS) =      10.000  TEMP(K) =   174.10  PRESS =     0.0
 Etot   =    -96809.2523  EKtot   =     10790.5168  EPtot      =   -107599.7691
 BOND   =       273.2121  ANGLE   =       681.9838  DIHED      =      1914.7216
 1-4 NB =       564.6086  1-4 EEL =      5954.1698  VDWAALS    =     16647.0237
 EELEC  =   -133822.8980  EHBOND  =         0.0000  RESTRAINT  =       187.4093
 EAMBER (non-restraint)  =   -107787.1784
 DV/DL  =        10.2132
 Ewald error estimate:   0.1907E-03
 ------------------------------------------------------------------------------

  Softcore part of the system:       1 atoms,       TEMP(K)    =         368.57
 SC_Etot=         2.1332  SC_EKtot=         0.7324  SC_EPtot   =         1.4008
 SC_BOND=         0.0000  SC_ANGLE=         0.0193  SC_DIHED   =         0.2908
 SC_14NB=         0.0033  SC_14EEL=         1.0873  SC_VDW     =         0.0000
 SC_EEL =         0.0000
 SC_RES_DIST=     0.0000  SC_RES_ANG=       0.0000  SC_RES_TORS=         0.0000
 SC_EEL_DER=      1.2849  SC_VDW_DER=       5.0658  SC_DERIV   =         6.3507
 ------------------------------------------------------------------------------


| TI region  2


 NSTEP =     5000   TIME(PS) =      10.000  TEMP(K) =   174.09  PRESS =     0.0
 Etot   =    -96808.9402  EKtot   =     10790.8289  EPtot      =   -107599.7691
 BOND   =       273.2121  ANGLE   =       681.9838  DIHED      =      1914.7216
 1-4 NB =       564.6086  1-4 EEL =      5954.1698  VDWAALS    =     16647.0237
 EELEC  =   -133822.8980  EHBOND  =         0.0000  RESTRAINT  =       187.4093
 EAMBER (non-restraint)  =   -107787.1784
 DV/DL  =        10.2132
 Ewald error estimate:   0.1907E-03
 ------------------------------------------------------------------------------

  Softcore part of the system:       2 atoms,       TEMP(K)    =         210.25
 SC_Etot=       -37.4843  SC_EKtot=         1.0445  SC_EPtot   =       -38.5288
 SC_BOND=         0.0264  SC_ANGLE=         0.9057  SC_DIHED   =         0.2773
 SC_14NB=         0.1364  SC_14EEL=       -39.8747  SC_VDW     =         0.0000
 SC_EEL =         0.0000
 SC_RES_DIST=     0.3792  SC_RES_ANG=       0.0000  SC_RES_TORS=         0.0000
 SC_EEL_DER=      1.2849  SC_VDW_DER=       5.0658  SC_DERIV   =         6.3507
 ------------------------------------------------------------------------------

 NMR restraints: Bond =    0.000   Angle =     0.000   Torsion =     0.000
===============================================================================

| TI region  1


 NSTEP =     6000   TIME(PS) =      12.000  TEMP(K) =   202.38  PRESS =     0.0
 Etot   =    -92692.8996  EKtot   =     12543.4228  EPtot      =   -105236.3224
 BOND   =       286.3387  ANGLE   =       780.8101  DIHED      =      1939.6150
 1-4 NB =       591.6768  1-4 EEL =      5965.7039  VDWAALS    =     15943.6910
 EELEC  =   -130934.3656  EHBOND  =         0.0000  RESTRAINT  =       190.2077
 EAMBER (non-restraint)  =   -105426.5301
 DV/DL  =        13.0857
 Ewald error estimate:   0.1852E-03
 ------------------------------------------------------------------------------

  Softcore part of the system:       1 atoms,       TEMP(K)    =          91.23
 SC_Etot=         1.3496  SC_EKtot=         0.1813  SC_EPtot   =         1.1683
 SC_BOND=         0.0000  SC_ANGLE=         0.0923  SC_DIHED   =         0.0968
 SC_14NB=        -0.0175  SC_14EEL=         0.9967  SC_VDW     =         0.0000
 SC_EEL =         0.0000
 SC_RES_DIST=     0.0000  SC_RES_ANG=       0.0000  SC_RES_TORS=         0.0000
 SC_EEL_DER=      1.1801  SC_VDW_DER=       7.4120  SC_DERIV   =         8.5922
 ------------------------------------------------------------------------------


| TI region  2


 NSTEP =     6000   TIME(PS) =      12.000  TEMP(K) =   202.37  PRESS =     0.0
 Etot   =    -92692.9773  EKtot   =     12543.3451  EPtot      =   -105236.3224
 BOND   =       286.3387  ANGLE   =       780.8101  DIHED      =      1939.6150
 1-4 NB =       591.6768  1-4 EEL =      5965.7039  VDWAALS    =     15943.6910
 EELEC  =   -130934.3656  EHBOND  =         0.0000  RESTRAINT  =       190.2077
 EAMBER (non-restraint)  =   -105426.5301
 DV/DL  =        13.0857
 Ewald error estimate:   0.1852E-03
 ------------------------------------------------------------------------------

  Softcore part of the system:       2 atoms,       TEMP(K)    =          20.86
 SC_Etot=       -37.3171  SC_EKtot=         0.1036  SC_EPtot   =       -37.4207
 SC_BOND=         0.2015  SC_ANGLE=         0.5028  SC_DIHED   =         0.6328
 SC_14NB=         0.0348  SC_14EEL=       -38.7927  SC_VDW     =         0.0000
 SC_EEL =         0.0000
 SC_RES_DIST=     0.6684  SC_RES_ANG=       0.0000  SC_RES_TORS=         0.0000
 SC_EEL_DER=      1.1801  SC_VDW_DER=       7.4120  SC_DERIV   =         8.5922
 ------------------------------------------------------------------------------

 NMR restraints: Bond =    0.000   Angle =     0.000   Torsion =     0.000
===============================================================================

| TI region  1


 NSTEP =     7000   TIME(PS) =      14.000  TEMP(K) =   228.51  PRESS =     0.0
 Etot   =    -88062.5578  EKtot   =     14163.0626  EPtot      =   -102225.6204
 BOND   =       357.6554  ANGLE   =       897.7845  DIHED      =      1971.0962
 1-4 NB =       599.0948  1-4 EEL =      5957.8875  VDWAALS    =     14722.3908
 EELEC  =   -126933.0116  EHBOND  =         0.0000  RESTRAINT  =       201.4820
 EAMBER (non-restraint)  =   -102427.1024
 DV/DL  =        14.7070
 Ewald error estimate:   0.6233E-04
 ------------------------------------------------------------------------------

  Softcore part of the system:       1 atoms,       TEMP(K)    =         179.51
 SC_Etot=         1.6286  SC_EKtot=         0.3567  SC_EPtot   =         1.2719
 SC_BOND=         0.0000  SC_ANGLE=         0.0064  SC_DIHED   =         0.1436
 SC_14NB=         0.0083  SC_14EEL=         1.1135  SC_VDW     =         0.0000
 SC_EEL =         0.0000
 SC_RES_DIST=     0.0000  SC_RES_ANG=       0.0000  SC_RES_TORS=         0.0000
 SC_EEL_DER=      0.9342  SC_VDW_DER=       9.1683  SC_DERIV   =        10.1025
 ------------------------------------------------------------------------------


| TI region  2


 NSTEP =     7000   TIME(PS) =      14.000  TEMP(K) =   228.51  PRESS =     0.0
 Etot   =    -88061.8734  EKtot   =     14163.7470  EPtot      =   -102225.6204
 BOND   =       357.6554  ANGLE   =       897.7845  DIHED      =      1971.0962
 1-4 NB =       599.0948  1-4 EEL =      5957.8875  VDWAALS    =     14722.3908
 EELEC  =   -126933.0116  EHBOND  =         0.0000  RESTRAINT  =       201.4820
 EAMBER (non-restraint)  =   -102427.1024
 DV/DL  =        14.7070
 Ewald error estimate:   0.6233E-04
 ------------------------------------------------------------------------------

  Softcore part of the system:       2 atoms,       TEMP(K)    =         209.58
 SC_Etot=       -36.3543  SC_EKtot=         1.0412  SC_EPtot   =       -37.3955
 SC_BOND=         0.3749  SC_ANGLE=         0.3858  SC_DIHED   =         0.8306
 SC_14NB=         0.2363  SC_14EEL=       -39.2231  SC_VDW     =         0.0000
 SC_EEL =         0.0000
 SC_RES_DIST=     0.0875  SC_RES_ANG=       0.0000  SC_RES_TORS=         0.0000
 SC_EEL_DER=      0.9342  SC_VDW_DER=       9.1683  SC_DERIV   =        10.1025
 ------------------------------------------------------------------------------

 NMR restraints: Bond =    0.000   Angle =     0.000   Torsion =     0.000
===============================================================================

| TI region  1


 NSTEP =     8000   TIME(PS) =      16.000  TEMP(K) =   253.90  PRESS =     0.0
 Etot   =    -82823.5255  EKtot   =     15736.7115  EPtot      =    -98560.2370
 BOND   =       395.2625  ANGLE   =       982.9621  DIHED      =      1990.6438
 1-4 NB =       606.6449  1-4 EEL =      5992.9982  VDWAALS    =     13200.0792
 EELEC  =   -121972.0548  EHBOND  =         0.0000  RESTRAINT  =       243.2270
 EAMBER (non-restraint)  =    -98803.4640
 DV/DL  =        19.7103
 Ewald error estimate:   0.1339E-04
 ------------------------------------------------------------------------------

  Softcore part of the system:       1 atoms,       TEMP(K)    =         189.88
 SC_Etot=         1.8623  SC_EKtot=         0.3773  SC_EPtot   =         1.4850
 SC_BOND=         0.0000  SC_ANGLE=         0.3008  SC_DIHED   =         0.0735
 SC_14NB=         0.0101  SC_14EEL=         1.1005  SC_VDW     =         0.0000
 SC_EEL =         0.0000
 SC_RES_DIST=     0.0000  SC_RES_ANG=       0.0000  SC_RES_TORS=         0.0000
 SC_EEL_DER=      0.9719  SC_VDW_DER=      12.4374  SC_DERIV   =        13.4093
 ------------------------------------------------------------------------------


| TI region  2


 NSTEP =     8000   TIME(PS) =      16.000  TEMP(K) =   253.91  PRESS =     0.0
 Etot   =    -82822.0019  EKtot   =     15738.2351  EPtot      =    -98560.2370
 BOND   =       395.2625  ANGLE   =       982.9621  DIHED      =      1990.6438
 1-4 NB =       606.6449  1-4 EEL =      5992.9982  VDWAALS    =     13200.0792
 EELEC  =   -121972.0548  EHBOND  =         0.0000  RESTRAINT  =       243.2270
 EAMBER (non-restraint)  =    -98803.4640
 DV/DL  =        19.7103
 Ewald error estimate:   0.1339E-04
 ------------------------------------------------------------------------------

  Softcore part of the system:       2 atoms,       TEMP(K)    =         382.63
 SC_Etot=       -36.1200  SC_EKtot=         1.9009  SC_EPtot   =       -38.0209
 SC_BOND=         0.0542  SC_ANGLE=         0.2240  SC_DIHED   =         0.7426
 SC_14NB=         0.1550  SC_14EEL=       -39.1968  SC_VDW     =         0.0000
 SC_EEL =         0.0000
 SC_RES_DIST=     0.9596  SC_RES_ANG=       0.0000  SC_RES_TORS=         0.0000
 SC_EEL_DER=      0.9719  SC_VDW_DER=      12.4374  SC_DERIV   =        13.4093
 ------------------------------------------------------------------------------

 NMR restraints: Bond =    0.000   Angle =     0.000   Torsion =     0.000
===============================================================================

| TI region  1


 NSTEP =     9000   TIME(PS) =      18.000  TEMP(K) =   273.79  PRESS =     0.0
 Etot   =    -78589.8867  EKtot   =     16969.4418  EPtot      =    -95559.3285
 BOND   =       447.2871  ANGLE   =      1129.0241  DIHED      =      2020.3439
 1-4 NB =       601.1287  1-4 EEL =      5966.1766  VDWAALS    =     12236.5276
 EELEC  =   -118210.2910  EHBOND  =         0.0000  RESTRAINT  =       250.4744
 EAMBER (non-restraint)  =    -95809.8029
 DV/DL  =         7.9050
 Ewald error estimate:   0.3984E-04
 ------------------------------------------------------------------------------

  Softcore part of the system:       1 atoms,       TEMP(K)    =         158.03
 SC_Etot=         1.9427  SC_EKtot=         0.3140  SC_EPtot   =         1.6287
 SC_BOND=         0.0000  SC_ANGLE=         0.0705  SC_DIHED   =         0.4885
 SC_14NB=         0.0041  SC_14EEL=         1.0656  SC_VDW     =         0.0000
 SC_EEL =         0.0000
 SC_RES_DIST=     0.0000  SC_RES_ANG=       0.0000  SC_RES_TORS=         0.0000
 SC_EEL_DER=      1.3686  SC_VDW_DER=       3.5837  SC_DERIV   =         4.9522
 ------------------------------------------------------------------------------


| TI region  2


 NSTEP =     9000   TIME(PS) =      18.000  TEMP(K) =   273.78  PRESS =     0.0
 Etot   =    -78589.3575  EKtot   =     16969.9710  EPtot      =    -95559.3285
 BOND   =       447.2871  ANGLE   =      1129.0241  DIHED      =      2020.3439
 1-4 NB =       601.1287  1-4 EEL =      5966.1766  VDWAALS    =     12236.5276
 EELEC  =   -118210.2910  EHBOND  =         0.0000  RESTRAINT  =       250.4744
 EAMBER (non-restraint)  =    -95809.8029
 DV/DL  =         7.9050
 Ewald error estimate:   0.3984E-04
 ------------------------------------------------------------------------------

  Softcore part of the system:       2 atoms,       TEMP(K)    =         169.74
 SC_Etot=       -34.7581  SC_EKtot=         0.8433  SC_EPtot   =       -35.6014
 SC_BOND=         1.1493  SC_ANGLE=         1.8775  SC_DIHED   =         1.4611
 SC_14NB=         0.2073  SC_14EEL=       -40.2966  SC_VDW     =         0.0000
 SC_EEL =         0.0000
 SC_RES_DIST=     0.7125  SC_RES_ANG=       0.0000  SC_RES_TORS=         0.0000
 SC_EEL_DER=      1.3686  SC_VDW_DER=       3.5837  SC_DERIV   =         4.9522
 ------------------------------------------------------------------------------

 NMR restraints: Bond =    0.000   Angle =     0.000   Torsion =     0.000
===============================================================================

| TI region  1


 NSTEP =    10000   TIME(PS) =      20.000  TEMP(K) =   284.30  PRESS =     0.0
 Etot   =    -76147.8034  EKtot   =     17620.8156  EPtot      =    -93768.6191
 BOND   =       488.9191  ANGLE   =      1148.2366  DIHED      =      2049.8593
 1-4 NB =       608.7514  1-4 EEL =      5935.3558  VDWAALS    =     11837.0589
 EELEC  =   -116078.8866  EHBOND  =         0.0000  RESTRAINT  =       242.0865
 EAMBER (non-restraint)  =    -94010.7055
 DV/DL  =         8.7637
 Ewald error estimate:   0.1259E-04
 ------------------------------------------------------------------------------

  Softcore part of the system:       1 atoms,       TEMP(K)    =         180.63
 SC_Etot=         1.9647  SC_EKtot=         0.3589  SC_EPtot   =         1.6057
 SC_BOND=         0.0000  SC_ANGLE=         0.1128  SC_DIHED   =         0.4789
 SC_14NB=        -0.0160  SC_14EEL=         1.0300  SC_VDW     =         0.0000
 SC_EEL =         0.0000
 SC_RES_DIST=     0.0000  SC_RES_ANG=       0.0000  SC_RES_TORS=         0.0000
 SC_EEL_DER=      1.2814  SC_VDW_DER=       3.8091  SC_DERIV   =         5.0904
 ------------------------------------------------------------------------------


| TI region  2


 NSTEP =    10000   TIME(PS) =      20.000  TEMP(K) =   284.31  PRESS =     0.0
 Etot   =    -76146.0012  EKtot   =     17622.6179  EPtot      =    -93768.6191
 BOND   =       488.9191  ANGLE   =      1148.2366  DIHED      =      2049.8593
 1-4 NB =       608.7514  1-4 EEL =      5935.3558  VDWAALS    =     11837.0589
 EELEC  =   -116078.8866  EHBOND  =         0.0000  RESTRAINT  =       242.0865
 EAMBER (non-restraint)  =    -94010.7055
 DV/DL  =         8.7637
 Ewald error estimate:   0.1259E-04
 ------------------------------------------------------------------------------

  Softcore part of the system:       2 atoms,       TEMP(K)    =         435.02
 SC_Etot=       -34.9175  SC_EKtot=         2.1612  SC_EPtot   =       -37.0787
 SC_BOND=         0.2254  SC_ANGLE=         0.0977  SC_DIHED   =         0.9466
 SC_14NB=         0.0571  SC_14EEL=       -38.4056  SC_VDW     =         0.0000
 SC_EEL =         0.0000
 SC_RES_DIST=     0.3707  SC_RES_ANG=       0.0000  SC_RES_TORS=         0.0000
 SC_EEL_DER=      1.2814  SC_VDW_DER=       3.8091  SC_DERIV   =         5.0904
 ------------------------------------------------------------------------------

 NMR restraints: Bond =    0.000   Angle =     0.000   Torsion =     0.000
===============================================================================

| TI region  1


      A V E R A G E S   O V E R      10 S T E P S


 NSTEP =    10000   TIME(PS) =      20.000  TEMP(K) =   194.90  PRESS =     0.0
 Etot   =    -92330.9922  EKtot   =     12080.0254  EPtot      =   -104411.0176
 BOND   =       307.2279  ANGLE   =       775.1792  DIHED      =      1941.2074
 1-4 NB =       581.9398  1-4 EEL =      5963.6052  VDWAALS    =     15080.9147
 EELEC  =   -129251.9553  EHBOND  =         0.0000  RESTRAINT  =       190.8634
 EAMBER (non-restraint)  =   -104601.8810
 DV/DL  =        13.3704
 Ewald error estimate:   0.1429E-03
 ------------------------------------------------------------------------------

 NMR restraints: Bond =    0.000   Angle =     0.000   Torsion =     0.000
===============================================================================
  Softcore part of the system:       1 atoms,       TEMP(K)    =         141.09
 SC_Etot=         1.6403  SC_EKtot=         0.2804  SC_EPtot   =         1.3599
 SC_BOND=         0.0000  SC_ANGLE=         0.0668  SC_DIHED   =         0.2484
 SC_14NB=        -0.0048  SC_14EEL=         1.0496  SC_VDW     =         0.0000
 SC_EEL =         0.0000
 SC_RES_DIST=     0.0000  SC_RES_ANG=       0.0000  SC_RES_TORS=         0.0000
 SC_EEL_DER=      1.1478  SC_VDW_DER=       7.8022  SC_DERIV   =         8.9500
 ------------------------------------------------------------------------------


      R M S  F L U C T U A T I O N S


 NSTEP =    10000   TIME(PS) =      20.000  TEMP(K) =    59.24  PRESS =     0.0
 Etot   =      9831.2956  EKtot   =      3671.9039  EPtot      =      6192.3600
 BOND   =       102.8378  ANGLE   =       238.9962  DIHED      =        60.8712
 1-4 NB =        20.0526  1-4 EEL =        13.6628  VDWAALS    =      1874.0520
 EELEC  =      7582.0149  EHBOND  =         0.0000  RESTRAINT  =        40.5081
 EAMBER (non-restraint)  =      6151.8519
 DV/DL  =         3.5454
 Ewald error estimate:   0.9734E-04
 ------------------------------------------------------------------------------

  Softcore part of the system:       1 atoms,       TEMP(K)    =          97.73
 SC_Etot=         0.3271  SC_EKtot=         0.1942  SC_EPtot   =         0.2245
 SC_BOND=         0.0000  SC_ANGLE=         0.0860  SC_DIHED   =         0.2116
 SC_14NB=         0.0099  SC_14EEL=         0.0383  SC_VDW     =         0.0000
 SC_EEL =         0.0000
 SC_RES_DIST=     0.0000  SC_RES_ANG=       0.0000  SC_RES_TORS=         0.0000
 SC_EEL_DER=      0.1607  SC_VDW_DER=       2.8713  SC_DERIV   =         2.7479
 ------------------------------------------------------------------------------


| TI region  2


      A V E R A G E S   O V E R      10 S T E P S


 NSTEP =    10000   TIME(PS) =      20.000  TEMP(K) =   194.90  PRESS =     0.0
 Etot   =    -92330.3314  EKtot   =     12080.6862  EPtot      =   -104411.0176
 BOND   =       307.2279  ANGLE   =       775.1792  DIHED      =      1941.2074
 1-4 NB =       581.9398  1-4 EEL =      5963.6052  VDWAALS    =     15080.9147
 EELEC  =   -129251.9553  EHBOND  =         0.0000  RESTRAINT  =       190.8634
 EAMBER (non-restraint)  =   -104601.8810
 DV/DL  =        13.3704
 Ewald error estimate:   0.1429E-03
 ------------------------------------------------------------------------------

 NMR restraints: Bond =    0.000   Angle =     0.000   Torsion =     0.000
===============================================================================
  Softcore part of the system:       2 atoms,       TEMP(K)    =         189.45
 SC_Etot=       -36.7202  SC_EKtot=         0.9412  SC_EPtot   =       -37.6614
 SC_BOND=         0.2665  SC_ANGLE=         0.4700  SC_DIHED   =         0.6139
 SC_14NB=         0.1139  SC_14EEL=       -39.1257  SC_VDW     =         0.0000
 SC_EEL =         0.0000
 SC_RES_DIST=     0.3743  SC_RES_ANG=       0.0000  SC_RES_TORS=         0.0000
 SC_EEL_DER=      1.1478  SC_VDW_DER=       7.8022  SC_DERIV   =         8.9500
 ------------------------------------------------------------------------------


      R M S  F L U C T U A T I O N S


 NSTEP =    10000   TIME(PS) =      20.000  TEMP(K) =    59.25  PRESS =     0.0
 Etot   =      9831.6629  EKtot   =      3672.2411  EPtot      =      6192.3600
 BOND   =       102.8378  ANGLE   =       238.9962  DIHED      =        60.8712
 1-4 NB =        20.0526  1-4 EEL =        13.6628  VDWAALS    =      1874.0520
 EELEC  =      7582.0149  EHBOND  =         0.0000  RESTRAINT  =        40.5081
 EAMBER (non-restraint)  =      6151.8519
 DV/DL  =         3.5454
 Ewald error estimate:   0.9734E-04
 ------------------------------------------------------------------------------

  Softcore part of the system:       2 atoms,       TEMP(K)    =         130.15
 SC_Etot=         1.1146  SC_EKtot=         0.6466  SC_EPtot   =         0.8251
 SC_BOND=         0.3135  SC_ANGLE=         0.5280  SC_DIHED   =         0.4308
 SC_14NB=         0.0646  SC_14EEL=         0.5792  SC_VDW     =         0.0000
 SC_EEL =         0.0000
 SC_RES_DIST=     0.2945  SC_RES_ANG=       0.0000  SC_RES_TORS=         0.0000
 SC_EEL_DER=      0.1607  SC_VDW_DER=       2.8713  SC_DERIV   =         2.7479
 ------------------------------------------------------------------------------


      DV/DL, AVERAGES OVER      10 STEPS


 NSTEP =    10000   TIME(PS) =      20.000  TEMP(K) =    59.25  PRESS =     0.0
 Etot   =         0.0000  EKtot   =         0.0000  EPtot      =        13.3704
 BOND   =        -0.0000  ANGLE   =        -0.0000  DIHED      =         0.0000
 1-4 NB =         0.0000  1-4 EEL =        -8.0704  VDWAALS    =         7.6554
 EELEC  =        13.7854  EHBOND  =         0.0000  RESTRAINT  =         0.0000
 EAMBER (non-restraint)  =        13.3704
 DV/DL  =        13.3704
 Ewald error estimate:   0.0000E+00
 ------------------------------------------------------------------------------


 NMR restraints on final step:

--------------------------------------------------------------------------------
   5.  TIMINGS
--------------------------------------------------------------------------------

|  NonSetup CPU Time in Major Routines, Average for All Tasks:
|
|     Routine           Sec        %
|     ------------------------------
|     DataDistrib      16.47    3.64
|     Nonbond         416.31   91.96
|     Bond              1.69    0.37
|     Angle             1.49    0.33
|     Dihedral          7.89    1.74
|     Shake             3.85    0.85
|     RunMD             4.99    1.10
|     Other             0.01    0.00
|     ------------------------------
|     Total           452.71

|  PME Nonbond Pairlist CPU Time, Average for All Tasks:
|
|     Routine              Sec        %
|     ---------------------------------
|     Set Up Cit           0.73    0.16
|     Build List          35.31    7.80
|     ---------------------------------
|     Total               36.04    7.96

|  PME Direct Force CPU Time, Average for All Tasks:
|
|     Routine              Sec        %
|     ---------------------------------
|     NonBonded Calc     204.19   45.10
|     Exclude Masked      10.17    2.25
|     Other               12.88    2.85
|     ---------------------------------
|     Total              227.24   50.20

|  PME Reciprocal Force CPU Time, Average for All Tasks:
|
|     Routine              Sec        %
|     ---------------------------------
|     1D bspline          12.13    2.68
|     Grid Charges        18.38    4.06
|     Scalar Sum           5.56    1.23
|     Gradient Sum        27.12    5.99
|     FFT                 89.82   19.84
|     ---------------------------------
|     Total              153.01   33.80

|  PME Load Balancing CPU Time, Average for All Tasks:
|
|     Routine                 Sec        %
|     ------------------------------------
|     Atom Reassign           0.00    0.00
|     Image Reassign          0.00    0.00
|     FFT Reassign            0.00    0.00
|     ------------------------------------
|     Total                   0.01    0.00

|  Final Performance Info:
|     -----------------------------------------------------
|     Average timings for last       1 steps:
|     Elapsed(s) =       0.00 Per Step(ms) =       0.84
|         ns/day =     204.74   seconds/ns =     422.00
|
|     Average timings for all steps:
|     Elapsed(s) =     452.80 Per Step(ms) =      45.28
|         ns/day =       3.82   seconds/ns =   22640.01
|     -----------------------------------------------------

|  Master Setup CPU time:            0.24 seconds
|  Master NonSetup CPU time:       452.82 seconds
|  Master Total CPU time:          453.05 seconds     0.13 hours

|  Master Setup wall time:           0    seconds
|  Master NonSetup wall time:      453    seconds
|  Master Total wall time:         453    seconds     0.13 hours
