
Static FFT Slab Distribution:

  FFT slabs assigned to    4 tasks
  Maximum of    8 xy slabs per task
  Maximum of    8 zx slabs per task
  Count of FFT xy slabs assigned to each task:
       8   8   8   8
  Count of FFT xz slabs assigned to each task:
       8   8   8   8

Atom Distribution No.     2 at run step    6476:

  Count of atoms assigned to each task:
          571      690      762      609

Major Routine Parallel Profiling - NonSetup CPU Seconds:

           D                                                              
           a                                                              
           t                                                              
           a                              D                               
           D         N                    i                               
           i         o                    h                               
           s         n             A      e      S      R      O         T
   T       t         B      B      n      d      h      u      t         o
   a       r         o      o      g      r      a      n      h         t
   s       i         n      n      l      a      k      M      e         a
   k       b         d      d      e      l      e      D      r         l
------------------------------------------------------------------------------
   0     4.3      37.4    0.2    0.1    0.1    0.4    0.6    0.0      43.1
   1     3.6      38.3    0.1    0.0    0.0    0.4    0.6    0.0      43.1
   2     3.4      38.6    0.2    0.0    0.0    0.4    0.6    0.0      43.1
   3     4.6      37.2    0.2    0.0    0.2    0.3    0.6    0.0      43.1
------------------------------------------------------------------------------
 avg     4.0      37.9    0.2    0.0    0.1    0.4    0.6    0.0      43.1
 min     3.4      37.2    0.1    0.0    0.0    0.3    0.6    0.0      43.1
 max     4.6      38.6    0.2    0.1    0.2    0.4    0.6    0.0      43.1
 std     0.5       0.6    0.0    0.0    0.1    0.0    0.0    0.0       0.0
------------------------------------------------------------------------------

PME NonBond Parallel Profiling - NonSetup CPU Seconds:

                     D                           
           P         i         R                 
           a         r         e      L          
           i         e         c      o          
           r         c         i      a         T
   T       l         t         p      d         o
   a       i         F         F      B         t
   s       s         r         r      a         a
   k       t         c         c      l         l
-------------------------------------------------
   0     2.3      19.3      15.8    0.0      37.4
   1     2.6      20.6      15.1    0.0      38.3
   2     2.8      20.7      15.1    0.0      38.6
   3     2.4      19.1      15.7    0.0      37.2
-------------------------------------------------
 avg     2.5      19.9      15.4    0.0      37.9
-------------------------------------------------
