
          -------------------------------------------------------
          Amber 18 PMEMD                              2018
          -------------------------------------------------------

| PMEMD implementation of SANDER, Release 18

| Run on 06/20/2018 at 17:45:13

|   Executable path: /home/uv10/amber/bin/pmemd
| Working directory: /home/uv10/tutorials-amber/A9/ligand/pmemd/free_energy/ligands/decharge/0.5
|          Hostname: Unknown
  [-O]verwriting output

File Assignments:
|   MDIN: heat.in                                                               
|  MDOUT: heat.out                                                              
| INPCRD: ti.rst7                                                               
|   PARM: ti.parm7                                                              
| RESTRT: heat.rst7                                                             
|   REFC: ti.rst7                                                               
|  MDVEL: mdvel                                                                 
|   MDEN: heat.en                                                               
|  MDCRD: heat.nc                                                               
| MDINFO: heat.info                                                             
|  MDFRC: mdfrc                                                                 


 Here is the input file:

heating                                                                        
 &cntrl                                                                        
   imin = 0, nstlim = 10000, irest = 0, ntx = 1, dt = 0.002,                   
   ntt = 1, temp0 = 300.0, tempi = 50.0, tautp = 1.0,                          
   ntc = 2, ntf = 1,                                                           
   ntb = 1,                                                                    
   ioutfm = 1, iwrap = 1,                                                      
   ntwe = 1000, ntwx = 1000, ntpr = 1000, ntwr = 5000,                         
                                                                               
   nmropt = 1,                                                                 
   ntr = 1, restraint_wt = 5.00,                                               
   restraintmask='!:WAT & !@H=',                                               
                                                                               
   icfe = 1, clambda = 0.5, scalpha = 0.5, scbeta = 12.0,                      
   logdvdl = 0,                                                                
   timask1 = ':1', timask2 = ':2',                                             
   ifsc = 0, crgmask = ':2@H6',                                                
 /                                                                             
                                                                               
 &ewald                                                                        
 /                                                                             
                                                                               
 &wt                                                                           
   type='TEMP0',                                                               
   istep1 = 0, istep2 = 8000,                                                  
   value1 = 50.0, value2 = 300.0                                               
 /                                                                             
                                                                               
 &wt type = 'END'                                                              
 /                                                                             
                                                                               


Note: ig = -1. Setting random seed to    70768 based on wallclock time in 
      microseconds.
| irandom = 1, using AMBER's internal random number generator (default).
 
 
| Conditional Compilation Defines Used:
| PUBFFT
| BINTRAJ
| EMIL

| Largest sphere to fit in unit cell has radius =    16.836

| New format PARM file being parsed.
| Version =    1.000 Date = 06/20/18 Time = 14:05:10

| Note: 1-4 EEL scale factors are being read from the topology file.

| Note: 1-4 VDW scale factors are being read from the topology file.
| Duplicated    0 dihedrals

| Duplicated    0 dihedrals

--------------------------------------------------------------------------------
   1.  RESOURCE   USE: 
--------------------------------------------------------------------------------

 getting new box info from bottom of inpcrd
 NATOM  =    2631 NTYPES =       4 NBONH =    2619 MBONA  =      12
 NTHETH =      24 MTHETA =      12 NPHIH =      48 MPHIA  =      12
 NHPARM =       0 NPARM  =       0 NNB   =    3580 NRES   =     871
 NBONA  =      12 NTHETA =      12 NPHIA =      12 NUMBND =       4
 NUMANG =       2 NPTRA  =       2 NATYP =       4 NPHB   =       1
 IFBOX  =       1 NMXRS  =      12 IFCAP =       0 NEXTRA =       0
 NCOPY  =       0

| Coordinate Index Table dimensions:     7    7    7
| Direct force subcell size =     4.8104    4.9998    5.0941

     BOX TYPE: RECTILINEAR

--------------------------------------------------------------------------------
   2.  CONTROL  DATA  FOR  THE  RUN
--------------------------------------------------------------------------------

default_name                                                                    

General flags:
     imin    =       0, nmropt  =       1

Nature and format of input:
     ntx     =       1, irest   =       0, ntrx    =       1

Nature and format of output:
     ntxo    =       2, ntpr    =    1000, ntrx    =       1, ntwr    =    5000
     iwrap   =       1, ntwx    =    1000, ntwv    =       0, ntwe    =    1000
     ioutfm  =       1, ntwprt  =       0, idecomp =       0, rbornstat=      0

Potential function:
     ntf     =       1, ntb     =       1, igb     =       0, nsnb    =      25
     ipol    =       0, gbsa    =       0, iesp    =       0
     dielc   =   1.00000, cut     =   8.00000, intdiel =   1.00000

Frozen or restrained atoms:
     ibelly  =       0, ntr     =       1
     restraint_wt =   5.00000

Molecular dynamics:
     nstlim  =     10000, nscm    =         0, nrespa  =         1
     t       =   0.00000, dt      =   0.00200, vlimit  =  20.00000

Berendsen (weak-coupling) temperature regulation:
     temp0   = 300.00000, tempi   =  50.00000, tautp   =   1.00000

SHAKE:
     ntc     =       2, jfastw  =       0
     tol     =   0.00001

NMR refinement options:
     iscale  =       0, noeskp  =       1, ipnlty  =       1, mxsub   =       1
     scalm   = 100.00000, pencut  =   0.10000, tausw   =   0.10000

Free energy options:
     icfe    =       1, ifsc    =       0, klambda =       1
     clambda =  0.5000, scalpha =  0.5000, scbeta  = 12.0000
     sceeorder =       2
     dynlmb =  0.0000 logdvdl =       0

| Intermolecular bonds treatment:
|     no_intermolecular_bonds =       1

| Energy averages sample interval:
|     ene_avg_sampling =    1000

Ewald parameters:
     verbose =       0, ew_type =       0, nbflag  =       1, use_pme =       1
     vdwmeth =       1, eedmeth =       1, netfrc  =       1
     Box X =   33.673   Box Y =   34.999   Box Z =   35.659
     Alpha =   90.000   Beta  =   90.000   Gamma =   90.000
     NFFT1 =   36       NFFT2 =   36       NFFT3 =   36
     Cutoff=    8.000   Tol   =0.100E-04
     Ewald Coefficient =  0.34864
     Interpolation order =    4

    LOADING THE CONSTRAINED ATOMS AS GROUPS


   5.  REFERENCE ATOM COORDINATES

  default_name                                                                    
     Mask !:WAT & !@H=; matches    12 atoms
     TI Mask 1 :1; matches     12 atoms
     TI Mask 2 :2; matches     12 atoms
     TI region 1:    2619 atoms
     TI region 2:    2619 atoms
Removing charge of       0.1305 from atom      24
Total charge of   0.13052100 removed from       1 atoms
     Checking for mismatched coordinates.

--------------------------------------------------------------------------------
   3.  ATOMIC COORDINATES AND VELOCITIES
--------------------------------------------------------------------------------

default_name                                                                    
 begin time read from input coords =     0.000 ps



           Begin reading energy term weight changes/NMR restraints
 WEIGHT CHANGES:
 TEMP0         0   8000   50.000000  300.000000      0      0

 RESTRAINTS:
                          ** No restraint defined **

                  Done reading weight changes/NMR restraints


 
 Number of triangulated 3-point waters found:      869

     Sum of charges for TI region  1 =   0.00000000
     Forcing neutrality...


     Sum of charges for TI region  2 =  -0.13052100
     Assuming uniform neutralizing plasma

| Dynamic Memory, Types Used:
| Reals              230831
| Integers           100744

| Nonbonded Pairs Initial Allocation:      439442

--------------------------------------------------------------------------------
   4.  RESULTS
--------------------------------------------------------------------------------

 ---------------------------------------------------
 APPROXIMATING switch and d/dx switch using CUBIC SPLINE INTERPOLATION
 using   5000.0 points per unit in tabled values
 TESTING RELATIVE ERROR over r ranging from 0.0 to cutoff
| CHECK switch(x): max rel err =   0.2738E-14   at   2.422500
| CHECK d/dx switch(x): max rel err =   0.8332E-11   at   2.782960
 ---------------------------------------------------
|---------------------------------------------------
| APPROXIMATING direct energy using CUBIC SPLINE INTERPOLATION
|  with   50.0 points per unit in tabled values
| Relative Error Limit not exceeded for r .gt.   2.47
| APPROXIMATING direct force using CUBIC SPLINE INTERPOLATION
|  with   50.0 points per unit in tabled values
| Relative Error Limit not exceeded for r .gt.   2.89
|---------------------------------------------------

| TI region  1


 NSTEP =        0   TIME(PS) =       0.000  TEMP(K) =    74.65  PRESS =     0.0
 Etot   =     -6463.4491  EKtot   =       388.9572  EPtot      =     -6852.4063
 BOND   =         2.0830  ANGLE   =         2.5561  DIHED      =         1.9213
 1-4 NB =         3.5320  1-4 EEL =        -0.7083  VDWAALS    =      1126.3686
 EELEC  =     -7988.1590  EHBOND  =         0.0000  RESTRAINT  =         0.0000
 DV/DL  =        -4.4912
 Ewald error estimate:   0.4175E-03
 ------------------------------------------------------------------------------


| TI region  2


 NSTEP =        0   TIME(PS) =       0.000  TEMP(K) =    74.65  PRESS =     0.0
 Etot   =     -6463.4491  EKtot   =       388.9572  EPtot      =     -6852.4063
 BOND   =         2.0830  ANGLE   =         2.5561  DIHED      =         1.9213
 1-4 NB =         3.5320  1-4 EEL =        -0.7083  VDWAALS    =      1126.3686
 EELEC  =     -7988.1590  EHBOND  =         0.0000  RESTRAINT  =         0.0000
 DV/DL  =        -4.4912
 Ewald error estimate:   0.4175E-03
 ------------------------------------------------------------------------------

 NMR restraints: Bond =    0.000   Angle =     0.000   Torsion =     0.000
===============================================================================

| TI region  1


 NSTEP =     1000   TIME(PS) =       2.000  TEMP(K) =   171.36  PRESS =     0.0
 Etot   =     -8022.2361  EKtot   =       892.8346  EPtot      =     -8915.0707
 BOND   =         0.4502  ANGLE   =         1.1358  DIHED      =         0.5434
 1-4 NB =         3.2609  1-4 EEL =        -0.6751  VDWAALS    =      1588.8116
 EELEC  =    -10509.6679  EHBOND  =         0.0000  RESTRAINT  =         1.0706
 EAMBER (non-restraint)  =     -8916.1412
 DV/DL  =        -7.5776
 Ewald error estimate:   0.3258E-03
 ------------------------------------------------------------------------------


| TI region  2


 NSTEP =     1000   TIME(PS) =       2.000  TEMP(K) =   171.36  PRESS =     0.0
 Etot   =     -8022.2361  EKtot   =       892.8346  EPtot      =     -8915.0707
 BOND   =         0.4502  ANGLE   =         1.1358  DIHED      =         0.5434
 1-4 NB =         3.2609  1-4 EEL =        -0.6751  VDWAALS    =      1588.8116
 EELEC  =    -10509.6679  EHBOND  =         0.0000  RESTRAINT  =         1.0706
 EAMBER (non-restraint)  =     -8916.1412
 DV/DL  =        -7.5776
 Ewald error estimate:   0.3258E-03
 ------------------------------------------------------------------------------

 NMR restraints: Bond =    0.000   Angle =     0.000   Torsion =     0.000
===============================================================================

| TI region  1


 NSTEP =     2000   TIME(PS) =       4.000  TEMP(K) =   142.24  PRESS =     0.0
 Etot   =     -8605.7195  EKtot   =       741.1551  EPtot      =     -9346.8746
 BOND   =         1.0593  ANGLE   =         0.3038  DIHED      =         0.2768
 1-4 NB =         3.2517  1-4 EEL =        -0.7085  VDWAALS    =      1735.0326
 EELEC  =    -11087.3920  EHBOND  =         0.0000  RESTRAINT  =         1.3017
 EAMBER (non-restraint)  =     -9348.1763
 DV/DL  =        -6.0457
 Ewald error estimate:   0.3687E-03
 ------------------------------------------------------------------------------


| TI region  2


 NSTEP =     2000   TIME(PS) =       4.000  TEMP(K) =   142.24  PRESS =     0.0
 Etot   =     -8605.7195  EKtot   =       741.1551  EPtot      =     -9346.8746
 BOND   =         1.0593  ANGLE   =         0.3038  DIHED      =         0.2768
 1-4 NB =         3.2517  1-4 EEL =        -0.7085  VDWAALS    =      1735.0326
 EELEC  =    -11087.3920  EHBOND  =         0.0000  RESTRAINT  =         1.3017
 EAMBER (non-restraint)  =     -9348.1763
 DV/DL  =        -6.0457
 Ewald error estimate:   0.3687E-03
 ------------------------------------------------------------------------------

 NMR restraints: Bond =    0.000   Angle =     0.000   Torsion =     0.000
===============================================================================

| TI region  1


 NSTEP =     3000   TIME(PS) =       6.000  TEMP(K) =   133.07  PRESS =     0.0
 Etot   =     -8707.6353  EKtot   =       693.3601  EPtot      =     -9400.9954
 BOND   =         0.7667  ANGLE   =         0.3099  DIHED      =         0.6888
 1-4 NB =         3.4766  1-4 EEL =        -0.6821  VDWAALS    =      1798.0567
 EELEC  =    -11205.0248  EHBOND  =         0.0000  RESTRAINT  =         1.4128
 EAMBER (non-restraint)  =     -9402.4081
 DV/DL  =        -5.8784
 Ewald error estimate:   0.2980E-03
 ------------------------------------------------------------------------------


| TI region  2


 NSTEP =     3000   TIME(PS) =       6.000  TEMP(K) =   133.07  PRESS =     0.0
 Etot   =     -8707.6353  EKtot   =       693.3601  EPtot      =     -9400.9954
 BOND   =         0.7667  ANGLE   =         0.3099  DIHED      =         0.6888
 1-4 NB =         3.4766  1-4 EEL =        -0.6821  VDWAALS    =      1798.0567
 EELEC  =    -11205.0248  EHBOND  =         0.0000  RESTRAINT  =         1.4128
 EAMBER (non-restraint)  =     -9402.4081
 DV/DL  =        -5.8784
 Ewald error estimate:   0.2980E-03
 ------------------------------------------------------------------------------

 NMR restraints: Bond =    0.000   Angle =     0.000   Torsion =     0.000
===============================================================================

| TI region  1


 NSTEP =     4000   TIME(PS) =       8.000  TEMP(K) =   155.29  PRESS =     0.0
 Etot   =     -8559.7947  EKtot   =       809.1222  EPtot      =     -9368.9169
 BOND   =         0.8899  ANGLE   =         0.3147  DIHED      =         0.3102
 1-4 NB =         3.2823  1-4 EEL =        -0.6775  VDWAALS    =      1774.6930
 EELEC  =    -11149.0748  EHBOND  =         0.0000  RESTRAINT  =         1.3454
 EAMBER (non-restraint)  =     -9370.2623
 DV/DL  =        -4.5824
 Ewald error estimate:   0.1314E-03
 ------------------------------------------------------------------------------


| TI region  2


 NSTEP =     4000   TIME(PS) =       8.000  TEMP(K) =   155.29  PRESS =     0.0
 Etot   =     -8559.7947  EKtot   =       809.1222  EPtot      =     -9368.9169
 BOND   =         0.8899  ANGLE   =         0.3147  DIHED      =         0.3102
 1-4 NB =         3.2823  1-4 EEL =        -0.6775  VDWAALS    =      1774.6930
 EELEC  =    -11149.0748  EHBOND  =         0.0000  RESTRAINT  =         1.3454
 EAMBER (non-restraint)  =     -9370.2623
 DV/DL  =        -4.5824
 Ewald error estimate:   0.1314E-03
 ------------------------------------------------------------------------------

 NMR restraints: Bond =    0.000   Angle =     0.000   Torsion =     0.000
===============================================================================

| TI region  1


 NSTEP =     5000   TIME(PS) =      10.000  TEMP(K) =   175.85  PRESS =     0.0
 Etot   =     -8292.7348  EKtot   =       916.2545  EPtot      =     -9208.9893
 BOND   =         0.4080  ANGLE   =         0.8493  DIHED      =         1.1390
 1-4 NB =         3.4593  1-4 EEL =        -0.6954  VDWAALS    =      1667.7918
 EELEC  =    -10883.9637  EHBOND  =         0.0000  RESTRAINT  =         2.0224
 EAMBER (non-restraint)  =     -9211.0116
 DV/DL  =        -4.3641
 Ewald error estimate:   0.2617E-03
 ------------------------------------------------------------------------------


| TI region  2


 NSTEP =     5000   TIME(PS) =      10.000  TEMP(K) =   175.85  PRESS =     0.0
 Etot   =     -8292.7348  EKtot   =       916.2545  EPtot      =     -9208.9893
 BOND   =         0.4080  ANGLE   =         0.8493  DIHED      =         1.1390
 1-4 NB =         3.4593  1-4 EEL =        -0.6954  VDWAALS    =      1667.7918
 EELEC  =    -10883.9637  EHBOND  =         0.0000  RESTRAINT  =         2.0224
 EAMBER (non-restraint)  =     -9211.0116
 DV/DL  =        -4.3641
 Ewald error estimate:   0.2617E-03
 ------------------------------------------------------------------------------

 NMR restraints: Bond =    0.000   Angle =     0.000   Torsion =     0.000
===============================================================================

| TI region  1


 NSTEP =     6000   TIME(PS) =      12.000  TEMP(K) =   204.72  PRESS =     0.0
 Etot   =     -7947.3343  EKtot   =      1066.6521  EPtot      =     -9013.9864
 BOND   =         0.3018  ANGLE   =         0.5341  DIHED      =         1.0659
 1-4 NB =         3.3222  1-4 EEL =        -0.6918  VDWAALS    =      1698.7204
 EELEC  =    -10717.8896  EHBOND  =         0.0000  RESTRAINT  =         0.6507
 EAMBER (non-restraint)  =     -9014.6370
 DV/DL  =        -3.9594
 Ewald error estimate:   0.3531E-03
 ------------------------------------------------------------------------------


| TI region  2


 NSTEP =     6000   TIME(PS) =      12.000  TEMP(K) =   204.72  PRESS =     0.0
 Etot   =     -7947.3343  EKtot   =      1066.6521  EPtot      =     -9013.9864
 BOND   =         0.3018  ANGLE   =         0.5341  DIHED      =         1.0659
 1-4 NB =         3.3222  1-4 EEL =        -0.6918  VDWAALS    =      1698.7204
 EELEC  =    -10717.8896  EHBOND  =         0.0000  RESTRAINT  =         0.6507
 EAMBER (non-restraint)  =     -9014.6370
 DV/DL  =        -3.9594
 Ewald error estimate:   0.3531E-03
 ------------------------------------------------------------------------------

 NMR restraints: Bond =    0.000   Angle =     0.000   Torsion =     0.000
===============================================================================

| TI region  1


 NSTEP =     7000   TIME(PS) =      14.000  TEMP(K) =   227.51  PRESS =     0.0
 Etot   =     -7548.7238  EKtot   =      1185.4445  EPtot      =     -8734.1683
 BOND   =         0.1317  ANGLE   =         1.0160  DIHED      =         0.6508
 1-4 NB =         3.6314  1-4 EEL =        -0.6728  VDWAALS    =      1494.4433
 EELEC  =    -10233.9776  EHBOND  =         0.0000  RESTRAINT  =         0.6090
 EAMBER (non-restraint)  =     -8734.7773
 DV/DL  =        -5.3447
 Ewald error estimate:   0.1220E-03
 ------------------------------------------------------------------------------


| TI region  2


 NSTEP =     7000   TIME(PS) =      14.000  TEMP(K) =   227.51  PRESS =     0.0
 Etot   =     -7548.7238  EKtot   =      1185.4445  EPtot      =     -8734.1683
 BOND   =         0.1317  ANGLE   =         1.0160  DIHED      =         0.6508
 1-4 NB =         3.6314  1-4 EEL =        -0.6728  VDWAALS    =      1494.4433
 EELEC  =    -10233.9776  EHBOND  =         0.0000  RESTRAINT  =         0.6090
 EAMBER (non-restraint)  =     -8734.7773
 DV/DL  =        -5.3447
 Ewald error estimate:   0.1220E-03
 ------------------------------------------------------------------------------

 NMR restraints: Bond =    0.000   Angle =     0.000   Torsion =     0.000
===============================================================================

| TI region  1


 NSTEP =     8000   TIME(PS) =      16.000  TEMP(K) =   261.25  PRESS =     0.0
 Etot   =     -7098.1489  EKtot   =      1361.2104  EPtot      =     -8459.3593
 BOND   =         0.9774  ANGLE   =         1.2940  DIHED      =         1.1970
 1-4 NB =         3.1854  1-4 EEL =        -0.6611  VDWAALS    =      1403.9649
 EELEC  =     -9869.7417  EHBOND  =         0.0000  RESTRAINT  =         0.4248
 EAMBER (non-restraint)  =     -8459.7841
 DV/DL  =        -4.7417
 Ewald error estimate:   0.1937E-03
 ------------------------------------------------------------------------------


| TI region  2


 NSTEP =     8000   TIME(PS) =      16.000  TEMP(K) =   261.25  PRESS =     0.0
 Etot   =     -7098.1489  EKtot   =      1361.2104  EPtot      =     -8459.3593
 BOND   =         0.9774  ANGLE   =         1.2940  DIHED      =         1.1970
 1-4 NB =         3.1854  1-4 EEL =        -0.6611  VDWAALS    =      1403.9649
 EELEC  =     -9869.7417  EHBOND  =         0.0000  RESTRAINT  =         0.4248
 EAMBER (non-restraint)  =     -8459.7841
 DV/DL  =        -4.7417
 Ewald error estimate:   0.1937E-03
 ------------------------------------------------------------------------------

 NMR restraints: Bond =    0.000   Angle =     0.000   Torsion =     0.000
===============================================================================

| TI region  1


 NSTEP =     9000   TIME(PS) =      18.000  TEMP(K) =   275.41  PRESS =     0.0
 Etot   =     -6741.4345  EKtot   =      1435.0119  EPtot      =     -8176.4464
 BOND   =         0.4111  ANGLE   =         1.7099  DIHED      =         4.2628
 1-4 NB =         3.7866  1-4 EEL =        -0.6275  VDWAALS    =      1328.4300
 EELEC  =     -9515.5867  EHBOND  =         0.0000  RESTRAINT  =         1.1673
 EAMBER (non-restraint)  =     -8177.6137
 DV/DL  =        -8.7851
 Ewald error estimate:   0.6249E-04
 ------------------------------------------------------------------------------


| TI region  2


 NSTEP =     9000   TIME(PS) =      18.000  TEMP(K) =   275.41  PRESS =     0.0
 Etot   =     -6741.4345  EKtot   =      1435.0119  EPtot      =     -8176.4464
 BOND   =         0.4111  ANGLE   =         1.7099  DIHED      =         4.2628
 1-4 NB =         3.7866  1-4 EEL =        -0.6275  VDWAALS    =      1328.4300
 EELEC  =     -9515.5867  EHBOND  =         0.0000  RESTRAINT  =         1.1673
 EAMBER (non-restraint)  =     -8177.6137
 DV/DL  =        -8.7851
 Ewald error estimate:   0.6249E-04
 ------------------------------------------------------------------------------

 NMR restraints: Bond =    0.000   Angle =     0.000   Torsion =     0.000
===============================================================================

| TI region  1


 NSTEP =    10000   TIME(PS) =      20.000  TEMP(K) =   289.45  PRESS =     0.0
 Etot   =     -6549.4931  EKtot   =      1508.1727  EPtot      =     -8057.6658
 BOND   =         0.4611  ANGLE   =         1.1966  DIHED      =         1.9931
 1-4 NB =         3.5882  1-4 EEL =        -0.6847  VDWAALS    =      1278.3157
 EELEC  =     -9343.6702  EHBOND  =         0.0000  RESTRAINT  =         1.1343
 EAMBER (non-restraint)  =     -8058.8001
 DV/DL  =        -4.2051
 Ewald error estimate:   0.2019E-03
 ------------------------------------------------------------------------------


| TI region  2


 NSTEP =    10000   TIME(PS) =      20.000  TEMP(K) =   289.45  PRESS =     0.0
 Etot   =     -6549.4931  EKtot   =      1508.1727  EPtot      =     -8057.6658
 BOND   =         0.4611  ANGLE   =         1.1966  DIHED      =         1.9931
 1-4 NB =         3.5882  1-4 EEL =        -0.6847  VDWAALS    =      1278.3157
 EELEC  =     -9343.6702  EHBOND  =         0.0000  RESTRAINT  =         1.1343
 EAMBER (non-restraint)  =     -8058.8001
 DV/DL  =        -4.2051
 Ewald error estimate:   0.2019E-03
 ------------------------------------------------------------------------------

 NMR restraints: Bond =    0.000   Angle =     0.000   Torsion =     0.000
===============================================================================

| TI region  1


      A V E R A G E S   O V E R      10 S T E P S


 NSTEP =    10000   TIME(PS) =      20.000  TEMP(K) =   203.62  PRESS =     0.0
 Etot   =     -7807.3255  EKtot   =      1060.9218  EPtot      =     -8868.2473
 BOND   =         0.5857  ANGLE   =         0.8664  DIHED      =         1.2128
 1-4 NB =         3.4245  1-4 EEL =        -0.6777  VDWAALS    =      1576.8260
 EELEC  =    -10451.5989  EHBOND  =         0.0000  RESTRAINT  =         1.1139
 EAMBER (non-restraint)  =     -8869.3612
 DV/DL  =        -5.5484
 Ewald error estimate:   0.2319E-03
 ------------------------------------------------------------------------------

 NMR restraints: Bond =    0.000   Angle =     0.000   Torsion =     0.000
===============================================================================

      R M S  F L U C T U A T I O N S


 NSTEP =    10000   TIME(PS) =      20.000  TEMP(K) =    54.14  PRESS =     0.0
 Etot   =       748.5776  EKtot   =       282.0684  EPtot      =       471.5834
 BOND   =         0.2976  ANGLE   =         0.4626  DIHED      =         1.1255
 1-4 NB =         0.1868  1-4 EEL =         0.0209  VDWAALS    =       179.9659
 EELEC  =       648.7773  EHBOND  =         0.0000  RESTRAINT  =         0.4419
 EAMBER (non-restraint)  =       471.1415
 DV/DL  =         1.4936
 Ewald error estimate:   0.1004E-03
 ------------------------------------------------------------------------------


| TI region  2


      A V E R A G E S   O V E R      10 S T E P S


 NSTEP =    10000   TIME(PS) =      20.000  TEMP(K) =   203.62  PRESS =     0.0
 Etot   =     -7807.3255  EKtot   =      1060.9218  EPtot      =     -8868.2473
 BOND   =         0.5857  ANGLE   =         0.8664  DIHED      =         1.2128
 1-4 NB =         3.4245  1-4 EEL =        -0.6777  VDWAALS    =      1576.8260
 EELEC  =    -10451.5989  EHBOND  =         0.0000  RESTRAINT  =         1.1139
 EAMBER (non-restraint)  =     -8869.3612
 DV/DL  =        -5.5484
 Ewald error estimate:   0.2319E-03
 ------------------------------------------------------------------------------

 NMR restraints: Bond =    0.000   Angle =     0.000   Torsion =     0.000
===============================================================================

      R M S  F L U C T U A T I O N S


 NSTEP =    10000   TIME(PS) =      20.000  TEMP(K) =    54.14  PRESS =     0.0
 Etot   =       748.5776  EKtot   =       282.0684  EPtot      =       471.5834
 BOND   =         0.2976  ANGLE   =         0.4626  DIHED      =         1.1255
 1-4 NB =         0.1868  1-4 EEL =         0.0209  VDWAALS    =       179.9659
 EELEC  =       648.7773  EHBOND  =         0.0000  RESTRAINT  =         0.4419
 EAMBER (non-restraint)  =       471.1415
 DV/DL  =         1.4936
 Ewald error estimate:   0.1004E-03
 ------------------------------------------------------------------------------


      DV/DL, AVERAGES OVER      10 STEPS


 NSTEP =    10000   TIME(PS) =      20.000  TEMP(K) =    54.14  PRESS =     0.0
 Etot   =         0.0000  EKtot   =         0.0000  EPtot      =        -5.5484
 BOND   =        -0.0000  ANGLE   =        -0.0000  DIHED      =         0.0000
 1-4 NB =        -0.0000  1-4 EEL =        -1.0190  VDWAALS    =         0.0000
 EELEC  =        -4.5294  EHBOND  =         0.0000  RESTRAINT  =        -0.0000
 EAMBER (non-restraint)  =        -5.5484
 DV/DL  =        -5.5484
 Ewald error estimate:   0.0000E+00
 ------------------------------------------------------------------------------


 NMR restraints on final step:

--------------------------------------------------------------------------------
   5.  TIMINGS
--------------------------------------------------------------------------------

|  NonSetup CPU Time in Major Routines:
|
|     Routine           Sec        %
|     ------------------------------
|     Nonbond         152.90   97.70
|     Bond              0.64    0.41
|     Angle             0.10    0.07
|     Dihedral          0.27    0.17
|     Shake             1.35    0.86
|     RunMD             1.22    0.78
|     Other             0.03    0.02
|     ------------------------------
|     Total           156.50

|  PME Nonbond Pairlist CPU Time:
|
|     Routine              Sec        %
|     ---------------------------------
|     Set Up Cit           0.21    0.13
|     Build List          19.10   12.20
|     ---------------------------------
|     Total               19.30   12.33

|  PME Direct Force CPU Time:
|
|     Routine              Sec        %
|     ---------------------------------
|     NonBonded Calc      63.50   40.57
|     Exclude Masked       2.36    1.51
|     Other                2.51    1.61
|     ---------------------------------
|     Total               68.37   43.69

|  PME Reciprocal Force CPU Time:
|
|     Routine              Sec        %
|     ---------------------------------
|     1D bspline           2.51    1.60
|     Grid Charges         6.18    3.95
|     Scalar Sum           2.54    1.63
|     Gradient Sum         9.08    5.80
|     FFT                 44.94   28.71
|     ---------------------------------
|     Total               65.26   41.70

|  Final Performance Info:
|     -----------------------------------------------------
|     Average timings for last    2000 steps:
|     Elapsed(s) =      32.21 Per Step(ms) =      16.11
|         ns/day =      10.73   seconds/ns =    8053.10
|
|     Average timings for all steps:
|     Elapsed(s) =     156.63 Per Step(ms) =      15.66
|         ns/day =      11.03   seconds/ns =    7831.66
|     -----------------------------------------------------

|  Setup CPU time:            0.05 seconds
|  NonSetup CPU time:       156.50 seconds
|  Total CPU time:          156.55 seconds     0.04 hours

|  Setup wall time:           0    seconds
|  NonSetup wall time:      157    seconds
|  Total wall time:         157    seconds     0.04 hours
