
Static FFT Slab Distribution:

  FFT slabs assigned to    4 tasks
  Maximum of    8 xy slabs per task
  Maximum of    8 zx slabs per task
  Count of FFT xy slabs assigned to each task:
       8   8   8   8
  Count of FFT xz slabs assigned to each task:
       8   8   8   8

Atom Distribution No.     2 at run step    6423:

  Count of atoms assigned to each task:
          595      720      684      633

Major Routine Parallel Profiling - NonSetup CPU Seconds:

           D                                                              
           a                                                              
           t                                                              
           a                              D                               
           D         N                    i                               
           i         o                    h                               
           s         n             A      e      S      R      O         T
   T       t         B      B      n      d      h      u      t         o
   a       r         o      o      g      r      a      n      h         t
   s       i         n      n      l      a      k      M      e         a
   k       b         d      d      e      l      e      D      r         l
------------------------------------------------------------------------------
   0     4.6      37.7    0.2    0.0    0.1    0.4    0.5    0.0      43.5
   1     4.1      38.4    0.2    0.0    0.0    0.3    0.5    0.0      43.5
   2     3.9      38.5    0.2    0.0    0.0    0.4    0.6    0.0      43.5
   3     5.0      37.1    0.2    0.1    0.2    0.4    0.5    0.0      43.4
------------------------------------------------------------------------------
 avg     4.4      37.9    0.2    0.0    0.1    0.4    0.5    0.0      43.5
 min     3.9      37.1    0.2    0.0    0.0    0.3    0.5    0.0      43.4
 max     5.0      38.5    0.2    0.1    0.2    0.4    0.6    0.0      43.5
 std     0.5       0.6    0.0    0.0    0.1    0.0    0.0    0.0       0.1
------------------------------------------------------------------------------

PME NonBond Parallel Profiling - NonSetup CPU Seconds:

                     D                           
           P         i         R                 
           a         r         e      L          
           i         e         c      o          
           r         c         i      a         T
   T       l         t         p      d         o
   a       i         F         F      B         t
   s       s         r         r      a         a
   k       t         c         c      l         l
-------------------------------------------------
   0     2.3      19.8      15.6    0.0      37.7
   1     2.7      20.6      15.1    0.0      38.4
   2     2.7      20.5      15.3    0.0      38.5
   3     2.4      19.2      15.5    0.0      37.1
-------------------------------------------------
 avg     2.5      20.0      15.4    0.0      37.9
-------------------------------------------------
