
Static FFT Slab Distribution:

  FFT slabs assigned to    4 tasks
  Maximum of   19 xy slabs per task
  Maximum of   18 zx slabs per task
  Count of FFT xy slabs assigned to each task:
      18  19  19  19
  Count of FFT xz slabs assigned to each task:
      18  18  18  18

Atom Distribution No.     2 at run step    2938:

  Count of atoms assigned to each task:
         7961     8133     8023     6436

Atom Distribution No.     3 at run step    5846:

  Count of atoms assigned to each task:
         8051     8127     7849     6526

Atom Distribution No.     4 at run step    8758:

  Count of atoms assigned to each task:
         8030     8118     7918     6487

Atom Distribution No.     5 at run step   11698:

  Count of atoms assigned to each task:
         7763     7737     7993     7060

Atom Distribution No.     6 at run step   14648:

  Count of atoms assigned to each task:
         7769     7762     8043     6979

Atom Distribution No.     7 at run step   17555:

  Count of atoms assigned to each task:
         7592     8436     7816     6709

Atom Distribution No.     8 at run step   20474:

  Count of atoms assigned to each task:
         7616     8419     7821     6697

Atom Distribution No.     9 at run step   23409:

  Count of atoms assigned to each task:
         7682     8328     7894     6649

Atom Distribution No.    10 at run step   26313:

  Count of atoms assigned to each task:
         7628     8415     7792     6718

Atom Distribution No.    11 at run step   29231:

  Count of atoms assigned to each task:
         7802     8241     7972     6538

Atom Distribution No.    12 at run step   32169:

  Count of atoms assigned to each task:
         7700     8331     7951     6571

Atom Distribution No.    13 at run step   35088:

  Count of atoms assigned to each task:
         7715     8361     7897     6580

Atom Distribution No.    14 at run step   38005:

  Count of atoms assigned to each task:
         8041     7843     8118     6551

Atom Distribution No.    15 at run step   40954:

  Count of atoms assigned to each task:
         6723     8006     7788     8036

Atom Distribution No.    16 at run step   43873:

  Count of atoms assigned to each task:
         6472     7748     7974     8359

Atom Distribution No.    17 at run step   46806:

  Count of atoms assigned to each task:
         7789     7741     7962     7061

Atom Distribution No.    18 at run step   49720:

  Count of atoms assigned to each task:
         6394     7841     7977     8341

Atom Distribution No.    19 at run step   52635:

  Count of atoms assigned to each task:
         7687     7804     8028     7034

Atom Distribution No.    20 at run step   55578:

  Count of atoms assigned to each task:
         6292     7712     7938     8611

Atom Distribution No.    21 at run step   58524:

  Count of atoms assigned to each task:
         7804     7918     7884     6947

Atom Distribution No.    22 at run step   61441:

  Count of atoms assigned to each task:
         6414     7823     7953     8363

Atom Distribution No.    23 at run step   64371:

  Count of atoms assigned to each task:
         6883     7700     7800     8170

Atom Distribution No.    24 at run step   67301:

  Count of atoms assigned to each task:
         8345     7645     7749     6814

Atom Distribution No.    25 at run step   70212:

  Count of atoms assigned to each task:
         8033     8155     7794     6571

Atom Distribution No.    26 at run step   73147:

  Count of atoms assigned to each task:
         7955     8143     7959     6496

Atom Distribution No.    27 at run step   76090:

  Count of atoms assigned to each task:
         7964     8107     7920     6562

Atom Distribution No.    28 at run step   79029:

  Count of atoms assigned to each task:
         8077     8224     7656     6596

Atom Distribution No.    29 at run step   81950:

  Count of atoms assigned to each task:
         6723     8174     7683     7973

Atom Distribution No.    30 at run step   84875:

  Count of atoms assigned to each task:
         6465     8162     8109     7817

Atom Distribution No.    31 at run step   87806:

  Count of atoms assigned to each task:
         6453     8105     8079     7916

Atom Distribution No.    32 at run step   90750:

  Count of atoms assigned to each task:
         6367     8183     8073     7930

Atom Distribution No.    33 at run step   93695:

  Count of atoms assigned to each task:
         7636     8326     7956     6635

Atom Distribution No.    34 at run step   96608:

  Count of atoms assigned to each task:
         6189     8351     7743     8270

Atom Distribution No.    35 at run step   99528:

  Count of atoms assigned to each task:
         6282     8240     8040     7991

Major Routine Parallel Profiling - NonSetup CPU Seconds:

           D                                                              
           a                                                              
           t                                                              
           a                              D                               
           D         N                    i                               
           i         o                    h                               
           s         n             A      e      S      R      O         T
   T       t         B      B      n      d      h      u      t         o
   a       r         o      o      g      r      a      n      h         t
   s       i         n      n      l      a      k      M      e         a
   k       b         d      d      e      l      e      D      r         l
------------------------------------------------------------------------------
   0   189.7    5708.5   21.8   19.6  101.7   37.6  311.0    0.1    6389.9
   1   156.1    5860.5   22.6    0.1    0.1   42.1  306.5    0.2    6388.1
   2   150.5    5860.0   25.4    0.1    0.1   42.1  309.5    0.2    6387.8
   3   237.1    5575.1   16.2   35.3  182.3   34.4  309.6    0.2    6390.3
------------------------------------------------------------------------------
 avg   183.4    5751.0   21.5   13.8   71.0   39.0  309.1    0.2    6389.0
 min   150.5    5575.1   16.2    0.1    0.1   34.4  306.5    0.1    6387.8
 max   237.1    5860.5   25.4   35.3  182.3   42.1  311.0    0.2    6390.3
 std    34.4     119.0    3.3   14.8   76.4    3.2    1.6    0.0       1.1
------------------------------------------------------------------------------

PME NonBond Parallel Profiling - NonSetup CPU Seconds:

                     D                           
           P         i         R                 
           a         r         e      L          
           i         e         c      o          
           r         c         i      a         T
   T       l         t         p      d         o
   a       i         F         F      B         t
   s       s         r         r      a         a
   k       t         c         c      l         l
-------------------------------------------------
   0   505.5    3490.9    1711.7    0.1    5708.3
   1   543.3    3620.0    1696.8    0.2    5860.3
   2   541.1    3631.5    1687.2    0.1    5859.9
   3   483.8    3304.8    1786.2    0.1    5575.0
-------------------------------------------------
 avg   518.4    3511.8    1720.5    0.1    5750.9
-------------------------------------------------
