
Static FFT Slab Distribution:

  FFT slabs assigned to    4 tasks
  Maximum of    8 xy slabs per task
  Maximum of    8 zx slabs per task
  Count of FFT xy slabs assigned to each task:
       8   8   8   8
  Count of FFT xz slabs assigned to each task:
       8   8   8   8

Atom Distribution No.     2 at run step    3484:

  Count of atoms assigned to each task:
          640      636      732      624

Atom Distribution No.     3 at run step    6969:

  Count of atoms assigned to each task:
          642      639      699      652

Atom Distribution No.     4 at run step   10502:

  Count of atoms assigned to each task:
          651      645      705      631

Atom Distribution No.     5 at run step   14037:

  Count of atoms assigned to each task:
          690      669      687      586

Atom Distribution No.     6 at run step   17533:

  Count of atoms assigned to each task:
          651      684      664      633

Atom Distribution No.     7 at run step   21022:

  Count of atoms assigned to each task:
          702      678      622      630

Atom Distribution No.     8 at run step   24502:

  Count of atoms assigned to each task:
          720      702      664      546

Atom Distribution No.     9 at run step   28005:

  Count of atoms assigned to each task:
          702      693      607      630

Atom Distribution No.    10 at run step   31440:

  Count of atoms assigned to each task:
          654      684      657      637

Atom Distribution No.    11 at run step   34942:

  Count of atoms assigned to each task:
          654      693      663      622

Atom Distribution No.    12 at run step   38421:

  Count of atoms assigned to each task:
          696      705      609      622

Atom Distribution No.    13 at run step   41900:

  Count of atoms assigned to each task:
          675      675      655      627

Atom Distribution No.    14 at run step   45375:

  Count of atoms assigned to each task:
          714      705      586      627

Atom Distribution No.    15 at run step   48830:

  Count of atoms assigned to each task:
          678      678      640      636

Atom Distribution No.    16 at run step   52292:

  Count of atoms assigned to each task:
          687      717      643      585

Atom Distribution No.    17 at run step   55732:

  Count of atoms assigned to each task:
          690      675      598      669

Atom Distribution No.    18 at run step   59226:

  Count of atoms assigned to each task:
          684      690      604      654

Atom Distribution No.    19 at run step   62736:

  Count of atoms assigned to each task:
          672      687      637      636

Atom Distribution No.    20 at run step   66284:

  Count of atoms assigned to each task:
          633      699      631      669

Atom Distribution No.    21 at run step   69783:

  Count of atoms assigned to each task:
          645      705      618      664

Atom Distribution No.    22 at run step   73248:

  Count of atoms assigned to each task:
          660      735      601      636

Atom Distribution No.    23 at run step   76771:

  Count of atoms assigned to each task:
          576      702      699      655

Atom Distribution No.    24 at run step   80260:

  Count of atoms assigned to each task:
          603      723      687      619

Atom Distribution No.    25 at run step   83714:

  Count of atoms assigned to each task:
          612      678      712      630

Atom Distribution No.    26 at run step   87213:

  Count of atoms assigned to each task:
          570      702      700      660

Atom Distribution No.    27 at run step   90698:

  Count of atoms assigned to each task:
          567      714      678      673

Atom Distribution No.    28 at run step   94179:

  Count of atoms assigned to each task:
          525      723      735      649

Atom Distribution No.    29 at run step   97692:

  Count of atoms assigned to each task:
          549      690      726      667

Major Routine Parallel Profiling - NonSetup CPU Seconds:

           D                                                              
           a                                                              
           t                                                              
           a                              D                               
           D         N                    i                               
           i         o                    h                               
           s         n             A      e      S      R      O         T
   T       t         B      B      n      d      h      u      t         o
   a       r         o      o      g      r      a      n      h         t
   s       i         n      n      l      a      k      M      e         a
   k       b         d      d      e      l      e      D      r         l
------------------------------------------------------------------------------
   0    44.6     519.8    1.7    0.1    0.2    3.6   30.1    0.1     600.2
   1    41.7     523.4    1.6    0.1    0.1    3.9   29.4    0.1     600.2
   2    46.6     517.2    1.5    0.4    1.1    3.6   29.5    0.1     600.1
   3    45.8     516.9    1.5    0.3    0.8    3.4   30.1    0.1     599.0
------------------------------------------------------------------------------
 avg    44.7     519.3    1.6    0.2    0.5    3.6   29.8    0.1     599.9
 min    41.7     516.9    1.5    0.1    0.1    3.4   29.4    0.1     599.0
 max    46.6     523.4    1.7    0.4    1.1    3.9   30.1    0.1     600.2
 std     1.9       2.6    0.1    0.1    0.4    0.2    0.3    0.0       0.5
------------------------------------------------------------------------------

PME NonBond Parallel Profiling - NonSetup CPU Seconds:

                     D                           
           P         i         R                 
           a         r         e      L          
           i         e         c      o          
           r         c         i      a         T
   T       l         t         p      d         o
   a       i         F         F      B         t
   s       s         r         r      a         a
   k       t         c         c      l         l
-------------------------------------------------
   0    41.1     314.4     164.2    0.0     519.6
   1    43.2     318.1     162.0    0.0     523.3
   2    41.3     311.3     164.5    0.0     517.1
   3    40.4     311.7     164.6    0.0     516.8
-------------------------------------------------
 avg    41.5     313.9     163.8    0.0     519.2
-------------------------------------------------
