
Static FFT Slab Distribution:

  FFT slabs assigned to    4 tasks
  Maximum of    8 xy slabs per task
  Maximum of    8 zx slabs per task
  Count of FFT xy slabs assigned to each task:
       8   8   8   8
  Count of FFT xz slabs assigned to each task:
       8   8   8   8

Atom Distribution No.     2 at run step    6446:

  Count of atoms assigned to each task:
          559      678      747      648

Major Routine Parallel Profiling - NonSetup CPU Seconds:

           D                                                              
           a                                                              
           t                                                              
           a                              D                               
           D         N                    i                               
           i         o                    h                               
           s         n             A      e      S      R      O         T
   T       t         B      B      n      d      h      u      t         o
   a       r         o      o      g      r      a      n      h         t
   s       i         n      n      l      a      k      M      e         a
   k       b         d      d      e      l      e      D      r         l
------------------------------------------------------------------------------
   0     4.5      38.3    0.1    0.1    0.2    0.3    0.6    0.0      44.0
   1     4.2      38.8    0.2    0.0    0.0    0.4    0.5    0.0      44.1
   2     4.3      38.7    0.2    0.0    0.0    0.4    0.6    0.0      44.1
   3     5.1      37.6    0.2    0.1    0.2    0.3    0.6    0.0      44.1
------------------------------------------------------------------------------
 avg     4.5      38.3    0.2    0.0    0.1    0.4    0.6    0.0      44.1
 min     4.2      37.6    0.1    0.0    0.0    0.3    0.5    0.0      44.0
 max     5.1      38.8    0.2    0.1    0.2    0.4    0.6    0.0      44.1
 std     0.3       0.4    0.0    0.0    0.1    0.0    0.0    0.0       0.0
------------------------------------------------------------------------------

PME NonBond Parallel Profiling - NonSetup CPU Seconds:

                     D                           
           P         i         R                 
           a         r         e      L          
           i         e         c      o          
           r         c         i      a         T
   T       l         t         p      d         o
   a       i         F         F      B         t
   s       s         r         r      a         a
   k       t         c         c      l         l
-------------------------------------------------
   0     2.4      20.1      15.8    0.0      38.3
   1     2.6      20.4      15.7    0.0      38.7
   2     2.8      20.4      15.5    0.0      38.7
   3     2.5      19.3      15.9    0.0      37.6
-------------------------------------------------
 avg     2.6      20.0      15.7    0.0      38.3
-------------------------------------------------
