
Static FFT Slab Distribution:

  FFT slabs assigned to    4 tasks
  Maximum of   20 xy slabs per task
  Maximum of   18 zx slabs per task
  Count of FFT xy slabs assigned to each task:
      20  20  20  20
  Count of FFT xz slabs assigned to each task:
      18  18  18  18

Atom Distribution No.     2 at run step    5029:

  Count of atoms assigned to each task:
         6740     8591     8481     6741

Atom Distribution No.     3 at run step    8609:

  Count of atoms assigned to each task:
         6777     8567     8360     6849

Major Routine Parallel Profiling - NonSetup CPU Seconds:

           D                                                              
           a                                                              
           t                                                              
           a                              D                               
           D         N                    i                               
           i         o                    h                               
           s         n             A      e      S      R      O         T
   T       t         B      B      n      d      h      u      t         o
   a       r         o      o      g      r      a      n      h         t
   s       i         n      n      l      a      k      M      e         a
   k       b         d      d      e      l      e      D      r         l
------------------------------------------------------------------------------
   0    31.3     620.0    2.5    2.8   15.3    4.1   16.0    0.1     691.9
   1    25.8     649.7    3.1    0.3    1.6    4.6   15.2    0.1     700.3
   2    27.8     642.8    3.1    0.5    3.1    4.4   15.1    0.0     696.8
   3    33.7     622.9    2.8    3.2   18.3    3.9   15.7    0.1     700.6
------------------------------------------------------------------------------
 avg    29.7     633.8    2.9    1.7    9.6    4.2   15.5    0.1     697.4
 min    25.8     620.0    2.5    0.3    1.6    3.9   15.1    0.0     691.9
 max    33.7     649.7    3.1    3.2   18.3    4.6   16.0    0.1     700.6
 std     3.1      12.7    0.3    1.3    7.3    0.3    0.4    0.0       3.5
------------------------------------------------------------------------------

PME NonBond Parallel Profiling - NonSetup CPU Seconds:

                     D                           
           P         i         R                 
           a         r         e      L          
           i         e         c      o          
           r         c         i      a         T
   T       l         t         p      d         o
   a       i         F         F      B         t
   s       s         r         r      a         a
   k       t         c         c      l         l
-------------------------------------------------
   0    40.8     293.3     285.8    0.0     619.9
   1    48.1     317.5     284.0    0.0     649.7
   2    47.2     307.5     288.1    0.0     642.8
   3    40.8     284.3     297.8    0.0     622.9
-------------------------------------------------
 avg    44.2     300.7     288.9    0.0     633.8
-------------------------------------------------
