
          -------------------------------------------------------
          Amber 18 PMEMD                              2018
          -------------------------------------------------------

| PMEMD implementation of SANDER, Release 18

| Run on 06/21/2018 at 10:06:26

|   Executable path: /home/uv10/amber/bin/pmemd
| Working directory: /home/uv10/tutorials-amber/A9/ligand/pmemd/free_energy/ligands/recharge/0.8
|          Hostname: Unknown
  [-O]verwriting output

File Assignments:
|   MDIN: heat.in                                                               
|  MDOUT: heat.out                                                              
| INPCRD: ti.rst7                                                               
|   PARM: ti.parm7                                                              
| RESTRT: heat.rst7                                                             
|   REFC: ti.rst7                                                               
|  MDVEL: mdvel                                                                 
|   MDEN: heat.en                                                               
|  MDCRD: heat.nc                                                               
| MDINFO: heat.info                                                             
|  MDFRC: mdfrc                                                                 


 Here is the input file:

heating                                                                        
 &cntrl                                                                        
   imin = 0, nstlim = 10000, irest = 0, ntx = 1, dt = 0.002,                   
   ntt = 1, temp0 = 300.0, tempi = 50.0, tautp = 1.0,                          
   ntc = 2, ntf = 1,                                                           
   ntb = 1,                                                                    
   ioutfm = 1, iwrap = 1,                                                      
   ntwe = 1000, ntwx = 1000, ntpr = 1000, ntwr = 5000,                         
                                                                               
   nmropt = 1,                                                                 
   ntr = 1, restraint_wt = 5.00,                                               
   restraintmask='!:WAT & !@H=',                                               
                                                                               
   icfe = 1, clambda = 0.8, scalpha = 0.5, scbeta = 12.0,                      
   logdvdl = 0,                                                                
   timask1 = ':1', timask2 = ':2',                                             
   ifsc = 0, crgmask = ':1@O1,H6',                                             
 /                                                                             
                                                                               
 &ewald                                                                        
 /                                                                             
                                                                               
 &wt                                                                           
   type='TEMP0',                                                               
   istep1 = 0, istep2 = 8000,                                                  
   value1 = 50.0, value2 = 300.0                                               
 /                                                                             
                                                                               
 &wt type = 'END'                                                              
 /                                                                             
                                                                               


Note: ig = -1. Setting random seed to    36212 based on wallclock time in 
      microseconds.
| irandom = 1, using AMBER's internal random number generator (default).
 
 
| Conditional Compilation Defines Used:
| PUBFFT
| BINTRAJ
| EMIL

| Largest sphere to fit in unit cell has radius =    16.836

| New format PARM file being parsed.
| Version =    1.000 Date = 06/20/18 Time = 14:05:12

| Note: 1-4 EEL scale factors are being read from the topology file.

| Note: 1-4 VDW scale factors are being read from the topology file.
| Duplicated    0 dihedrals

| Duplicated    0 dihedrals

--------------------------------------------------------------------------------
   1.  RESOURCE   USE: 
--------------------------------------------------------------------------------

 getting new box info from bottom of inpcrd
 NATOM  =    2633 NTYPES =       6 NBONH =    2619 MBONA  =      14
 NTHETH =      22 MTHETA =      16 NPHIH =      46 MPHIA  =      16
 NHPARM =       0 NPARM  =       0 NNB   =    3588 NRES   =     871
 NBONA  =      14 NTHETA =      16 NPHIA =      16 NUMBND =       6
 NUMANG =       4 NPTRA  =       3 NATYP =       6 NPHB   =       1
 IFBOX  =       1 NMXRS  =      13 IFCAP =       0 NEXTRA =       0
 NCOPY  =       0

| Coordinate Index Table dimensions:     7    7    7
| Direct force subcell size =     4.8104    4.9998    5.0941

     BOX TYPE: RECTILINEAR

--------------------------------------------------------------------------------
   2.  CONTROL  DATA  FOR  THE  RUN
--------------------------------------------------------------------------------

default_name                                                                    

General flags:
     imin    =       0, nmropt  =       1

Nature and format of input:
     ntx     =       1, irest   =       0, ntrx    =       1

Nature and format of output:
     ntxo    =       2, ntpr    =    1000, ntrx    =       1, ntwr    =    5000
     iwrap   =       1, ntwx    =    1000, ntwv    =       0, ntwe    =    1000
     ioutfm  =       1, ntwprt  =       0, idecomp =       0, rbornstat=      0

Potential function:
     ntf     =       1, ntb     =       1, igb     =       0, nsnb    =      25
     ipol    =       0, gbsa    =       0, iesp    =       0
     dielc   =   1.00000, cut     =   8.00000, intdiel =   1.00000

Frozen or restrained atoms:
     ibelly  =       0, ntr     =       1
     restraint_wt =   5.00000

Molecular dynamics:
     nstlim  =     10000, nscm    =         0, nrespa  =         1
     t       =   0.00000, dt      =   0.00200, vlimit  =  20.00000

Berendsen (weak-coupling) temperature regulation:
     temp0   = 300.00000, tempi   =  50.00000, tautp   =   1.00000

SHAKE:
     ntc     =       2, jfastw  =       0
     tol     =   0.00001

NMR refinement options:
     iscale  =       0, noeskp  =       1, ipnlty  =       1, mxsub   =       1
     scalm   = 100.00000, pencut  =   0.10000, tausw   =   0.10000

Free energy options:
     icfe    =       1, ifsc    =       0, klambda =       1
     clambda =  0.8000, scalpha =  0.5000, scbeta  = 12.0000
     sceeorder =       2
     dynlmb =  0.0000 logdvdl =       0

| Intermolecular bonds treatment:
|     no_intermolecular_bonds =       1

| Energy averages sample interval:
|     ene_avg_sampling =    1000

Ewald parameters:
     verbose =       0, ew_type =       0, nbflag  =       1, use_pme =       1
     vdwmeth =       1, eedmeth =       1, netfrc  =       1
     Box X =   33.673   Box Y =   34.999   Box Z =   35.659
     Alpha =   90.000   Beta  =   90.000   Gamma =   90.000
     NFFT1 =   36       NFFT2 =   36       NFFT3 =   36
     Cutoff=    8.000   Tol   =0.100E-04
     Ewald Coefficient =  0.34864
     Interpolation order =    4

    LOADING THE CONSTRAINED ATOMS AS GROUPS


   5.  REFERENCE ATOM COORDINATES

  default_name                                                                    
     Mask !:WAT & !@H=; matches    14 atoms
     TI Mask 1 :1; matches     13 atoms
     TI Mask 2 :2; matches     13 atoms
     TI region 1:    2620 atoms
     TI region 2:    2620 atoms
Removing charge of      -0.5539 from atom      12
Removing charge of       0.3791 from atom      13
Total charge of  -0.17486000 removed from       2 atoms
     Checking for mismatched coordinates.

--------------------------------------------------------------------------------
   3.  ATOMIC COORDINATES AND VELOCITIES
--------------------------------------------------------------------------------

default_name                                                                    
 begin time read from input coords =     0.000 ps



           Begin reading energy term weight changes/NMR restraints
 WEIGHT CHANGES:
 TEMP0         0   8000   50.000000  300.000000      0      0

 RESTRAINTS:
                          ** No restraint defined **

                  Done reading weight changes/NMR restraints


 
 Number of triangulated 3-point waters found:      869

     Sum of charges for TI region  1 =   0.17486100
     Assuming uniform neutralizing plasma


     Sum of charges for TI region  2 =   0.00000100
     Forcing neutrality...

| Dynamic Memory, Types Used:
| Reals              231002
| Integers           100935

| Nonbonded Pairs Initial Allocation:      439776

--------------------------------------------------------------------------------
   4.  RESULTS
--------------------------------------------------------------------------------

 ---------------------------------------------------
 APPROXIMATING switch and d/dx switch using CUBIC SPLINE INTERPOLATION
 using   5000.0 points per unit in tabled values
 TESTING RELATIVE ERROR over r ranging from 0.0 to cutoff
| CHECK switch(x): max rel err =   0.2738E-14   at   2.422500
| CHECK d/dx switch(x): max rel err =   0.8332E-11   at   2.782960
 ---------------------------------------------------
|---------------------------------------------------
| APPROXIMATING direct energy using CUBIC SPLINE INTERPOLATION
|  with   50.0 points per unit in tabled values
| Relative Error Limit not exceeded for r .gt.   2.47
| APPROXIMATING direct force using CUBIC SPLINE INTERPOLATION
|  with   50.0 points per unit in tabled values
| Relative Error Limit not exceeded for r .gt.   2.89
|---------------------------------------------------

| TI region  1


 NSTEP =        0   TIME(PS) =       0.000  TEMP(K) =    75.29  PRESS =     0.0
 Etot   =     -6485.2590  EKtot   =       392.5134  EPtot      =     -6877.7724
 BOND   =         2.2487  ANGLE   =         4.3515  DIHED      =         1.0131
 1-4 NB =         3.7427  1-4 EEL =       -40.6403  VDWAALS    =      1126.6119
 EELEC  =     -7975.1000  EHBOND  =         0.0000  RESTRAINT  =         0.0000
 DV/DL  =       -33.2147
 Ewald error estimate:   0.4239E-03
 ------------------------------------------------------------------------------


| TI region  2


 NSTEP =        0   TIME(PS) =       0.000  TEMP(K) =    75.29  PRESS =     0.0
 Etot   =     -6485.2590  EKtot   =       392.5134  EPtot      =     -6877.7724
 BOND   =         2.2487  ANGLE   =         4.3515  DIHED      =         1.0131
 1-4 NB =         3.7427  1-4 EEL =       -40.6403  VDWAALS    =      1126.6119
 EELEC  =     -7975.1000  EHBOND  =         0.0000  RESTRAINT  =         0.0000
 DV/DL  =       -33.2147
 Ewald error estimate:   0.4239E-03
 ------------------------------------------------------------------------------

 NMR restraints: Bond =    0.000   Angle =     0.000   Torsion =     0.000
===============================================================================

| TI region  1


 NSTEP =     1000   TIME(PS) =       2.000  TEMP(K) =   176.07  PRESS =     0.0
 Etot   =     -8055.8785  EKtot   =       917.9309  EPtot      =     -8973.8094
 BOND   =         0.4960  ANGLE   =         1.8623  DIHED      =         1.6070
 1-4 NB =         3.5133  1-4 EEL =       -39.2306  VDWAALS    =      1617.0771
 EELEC  =    -10559.9982  EHBOND  =         0.0000  RESTRAINT  =         0.8637
 EAMBER (non-restraint)  =     -8974.6731
 DV/DL  =       -36.0859
 Ewald error estimate:   0.2859E-03
 ------------------------------------------------------------------------------


| TI region  2


 NSTEP =     1000   TIME(PS) =       2.000  TEMP(K) =   176.07  PRESS =     0.0
 Etot   =     -8055.8785  EKtot   =       917.9309  EPtot      =     -8973.8094
 BOND   =         0.4960  ANGLE   =         1.8623  DIHED      =         1.6070
 1-4 NB =         3.5133  1-4 EEL =       -39.2306  VDWAALS    =      1617.0771
 EELEC  =    -10559.9982  EHBOND  =         0.0000  RESTRAINT  =         0.8637
 EAMBER (non-restraint)  =     -8974.6731
 DV/DL  =       -36.0859
 Ewald error estimate:   0.2859E-03
 ------------------------------------------------------------------------------

 NMR restraints: Bond =    0.000   Angle =     0.000   Torsion =     0.000
===============================================================================

| TI region  1


 NSTEP =     2000   TIME(PS) =       4.000  TEMP(K) =   138.53  PRESS =     0.0
 Etot   =     -8657.2920  EKtot   =       722.1963  EPtot      =     -9379.4883
 BOND   =         0.2249  ANGLE   =         1.1174  DIHED      =         0.8186
 1-4 NB =         3.9187  1-4 EEL =       -40.7030  VDWAALS    =      1757.6037
 EELEC  =    -11103.0575  EHBOND  =         0.0000  RESTRAINT  =         0.5888
 EAMBER (non-restraint)  =     -9380.0772
 DV/DL  =       -39.5118
 Ewald error estimate:   0.3949E-03
 ------------------------------------------------------------------------------


| TI region  2


 NSTEP =     2000   TIME(PS) =       4.000  TEMP(K) =   138.53  PRESS =     0.0
 Etot   =     -8657.2920  EKtot   =       722.1963  EPtot      =     -9379.4883
 BOND   =         0.2249  ANGLE   =         1.1174  DIHED      =         0.8186
 1-4 NB =         3.9187  1-4 EEL =       -40.7030  VDWAALS    =      1757.6037
 EELEC  =    -11103.0575  EHBOND  =         0.0000  RESTRAINT  =         0.5888
 EAMBER (non-restraint)  =     -9380.0772
 DV/DL  =       -39.5118
 Ewald error estimate:   0.3949E-03
 ------------------------------------------------------------------------------

 NMR restraints: Bond =    0.000   Angle =     0.000   Torsion =     0.000
===============================================================================

| TI region  1


 NSTEP =     3000   TIME(PS) =       6.000  TEMP(K) =   135.21  PRESS =     0.0
 Etot   =     -8744.0364  EKtot   =       704.9101  EPtot      =     -9448.9465
 BOND   =         0.3872  ANGLE   =         0.6610  DIHED      =         0.8627
 1-4 NB =         3.4212  1-4 EEL =       -39.7652  VDWAALS    =      1884.5617
 EELEC  =    -11299.5439  EHBOND  =         0.0000  RESTRAINT  =         0.4688
 EAMBER (non-restraint)  =     -9449.4153
 DV/DL  =       -35.5029
 Ewald error estimate:   0.2097E-03
 ------------------------------------------------------------------------------


| TI region  2


 NSTEP =     3000   TIME(PS) =       6.000  TEMP(K) =   135.21  PRESS =     0.0
 Etot   =     -8744.0364  EKtot   =       704.9101  EPtot      =     -9448.9465
 BOND   =         0.3872  ANGLE   =         0.6610  DIHED      =         0.8627
 1-4 NB =         3.4212  1-4 EEL =       -39.7652  VDWAALS    =      1884.5617
 EELEC  =    -11299.5439  EHBOND  =         0.0000  RESTRAINT  =         0.4688
 EAMBER (non-restraint)  =     -9449.4153
 DV/DL  =       -35.5029
 Ewald error estimate:   0.2097E-03
 ------------------------------------------------------------------------------

 NMR restraints: Bond =    0.000   Angle =     0.000   Torsion =     0.000
===============================================================================

| TI region  1


 NSTEP =     4000   TIME(PS) =       8.000  TEMP(K) =   151.14  PRESS =     0.0
 Etot   =     -8583.1391  EKtot   =       787.9411  EPtot      =     -9371.0802
 BOND   =         0.6043  ANGLE   =         1.0688  DIHED      =         1.4668
 1-4 NB =         3.7293  1-4 EEL =       -40.1595  VDWAALS    =      1724.2905
 EELEC  =    -11062.8151  EHBOND  =         0.0000  RESTRAINT  =         0.7348
 EAMBER (non-restraint)  =     -9371.8150
 DV/DL  =       -41.6203
 Ewald error estimate:   0.6006E-03
 ------------------------------------------------------------------------------


| TI region  2


 NSTEP =     4000   TIME(PS) =       8.000  TEMP(K) =   151.14  PRESS =     0.0
 Etot   =     -8583.1391  EKtot   =       787.9411  EPtot      =     -9371.0802
 BOND   =         0.6043  ANGLE   =         1.0688  DIHED      =         1.4668
 1-4 NB =         3.7293  1-4 EEL =       -40.1595  VDWAALS    =      1724.2905
 EELEC  =    -11062.8151  EHBOND  =         0.0000  RESTRAINT  =         0.7348
 EAMBER (non-restraint)  =     -9371.8150
 DV/DL  =       -41.6203
 Ewald error estimate:   0.6006E-03
 ------------------------------------------------------------------------------

 NMR restraints: Bond =    0.000   Angle =     0.000   Torsion =     0.000
===============================================================================

| TI region  1


 NSTEP =     5000   TIME(PS) =      10.000  TEMP(K) =   178.88  PRESS =     0.0
 Etot   =     -8312.5538  EKtot   =       932.5949  EPtot      =     -9245.1487
 BOND   =         0.7410  ANGLE   =         1.5596  DIHED      =         1.3003
 1-4 NB =         3.5625  1-4 EEL =       -40.3123  VDWAALS    =      1698.3738
 EELEC  =    -10911.4832  EHBOND  =         0.0000  RESTRAINT  =         1.1097
 EAMBER (non-restraint)  =     -9246.2584
 DV/DL  =       -44.9830
 Ewald error estimate:   0.8248E-04
 ------------------------------------------------------------------------------


| TI region  2


 NSTEP =     5000   TIME(PS) =      10.000  TEMP(K) =   178.88  PRESS =     0.0
 Etot   =     -8312.5538  EKtot   =       932.5949  EPtot      =     -9245.1487
 BOND   =         0.7410  ANGLE   =         1.5596  DIHED      =         1.3003
 1-4 NB =         3.5625  1-4 EEL =       -40.3123  VDWAALS    =      1698.3738
 EELEC  =    -10911.4832  EHBOND  =         0.0000  RESTRAINT  =         1.1097
 EAMBER (non-restraint)  =     -9246.2584
 DV/DL  =       -44.9830
 Ewald error estimate:   0.8248E-04
 ------------------------------------------------------------------------------

 NMR restraints: Bond =    0.000   Angle =     0.000   Torsion =     0.000
===============================================================================

| TI region  1


 NSTEP =     6000   TIME(PS) =      12.000  TEMP(K) =   204.74  PRESS =     0.0
 Etot   =     -7994.7120  EKtot   =      1067.4027  EPtot      =     -9062.1147
 BOND   =         2.2641  ANGLE   =         1.3832  DIHED      =         1.3111
 1-4 NB =         3.4311  1-4 EEL =       -39.2905  VDWAALS    =      1671.0438
 EELEC  =    -10702.7505  EHBOND  =         0.0000  RESTRAINT  =         0.4929
 EAMBER (non-restraint)  =     -9062.6076
 DV/DL  =       -45.1174
 Ewald error estimate:   0.2822E-03
 ------------------------------------------------------------------------------


| TI region  2


 NSTEP =     6000   TIME(PS) =      12.000  TEMP(K) =   204.74  PRESS =     0.0
 Etot   =     -7994.7120  EKtot   =      1067.4027  EPtot      =     -9062.1147
 BOND   =         2.2641  ANGLE   =         1.3832  DIHED      =         1.3111
 1-4 NB =         3.4311  1-4 EEL =       -39.2905  VDWAALS    =      1671.0438
 EELEC  =    -10702.7505  EHBOND  =         0.0000  RESTRAINT  =         0.4929
 EAMBER (non-restraint)  =     -9062.6076
 DV/DL  =       -45.1174
 Ewald error estimate:   0.2822E-03
 ------------------------------------------------------------------------------

 NMR restraints: Bond =    0.000   Angle =     0.000   Torsion =     0.000
===============================================================================

| TI region  1


 NSTEP =     7000   TIME(PS) =      14.000  TEMP(K) =   238.47  PRESS =     0.0
 Etot   =     -7619.9766  EKtot   =      1243.2342  EPtot      =     -8863.2109
 BOND   =         2.8355  ANGLE   =         2.9020  DIHED      =         1.5511
 1-4 NB =         3.6770  1-4 EEL =       -40.2970  VDWAALS    =      1559.6609
 EELEC  =    -10395.0992  EHBOND  =         0.0000  RESTRAINT  =         1.5589
 EAMBER (non-restraint)  =     -8864.7697
 DV/DL  =       -36.8868
 Ewald error estimate:   0.1792E-03
 ------------------------------------------------------------------------------


| TI region  2


 NSTEP =     7000   TIME(PS) =      14.000  TEMP(K) =   238.47  PRESS =     0.0
 Etot   =     -7619.9766  EKtot   =      1243.2342  EPtot      =     -8863.2109
 BOND   =         2.8355  ANGLE   =         2.9020  DIHED      =         1.5511
 1-4 NB =         3.6770  1-4 EEL =       -40.2970  VDWAALS    =      1559.6609
 EELEC  =    -10395.0992  EHBOND  =         0.0000  RESTRAINT  =         1.5589
 EAMBER (non-restraint)  =     -8864.7697
 DV/DL  =       -36.8868
 Ewald error estimate:   0.1792E-03
 ------------------------------------------------------------------------------

 NMR restraints: Bond =    0.000   Angle =     0.000   Torsion =     0.000
===============================================================================

| TI region  1


 NSTEP =     8000   TIME(PS) =      16.000  TEMP(K) =   252.91  PRESS =     0.0
 Etot   =     -7193.2926  EKtot   =      1318.5306  EPtot      =     -8511.8232
 BOND   =         2.0761  ANGLE   =         4.5093  DIHED      =         1.6413
 1-4 NB =         3.2612  1-4 EEL =       -40.9291  VDWAALS    =      1470.3343
 EELEC  =     -9954.4547  EHBOND  =         0.0000  RESTRAINT  =         1.7384
 EAMBER (non-restraint)  =     -8513.5616
 DV/DL  =       -36.6689
 Ewald error estimate:   0.5798E-04
 ------------------------------------------------------------------------------


| TI region  2


 NSTEP =     8000   TIME(PS) =      16.000  TEMP(K) =   252.91  PRESS =     0.0
 Etot   =     -7193.2926  EKtot   =      1318.5306  EPtot      =     -8511.8232
 BOND   =         2.0761  ANGLE   =         4.5093  DIHED      =         1.6413
 1-4 NB =         3.2612  1-4 EEL =       -40.9291  VDWAALS    =      1470.3343
 EELEC  =     -9954.4547  EHBOND  =         0.0000  RESTRAINT  =         1.7384
 EAMBER (non-restraint)  =     -8513.5616
 DV/DL  =       -36.6689
 Ewald error estimate:   0.5798E-04
 ------------------------------------------------------------------------------

 NMR restraints: Bond =    0.000   Angle =     0.000   Torsion =     0.000
===============================================================================

| TI region  1


 NSTEP =     9000   TIME(PS) =      18.000  TEMP(K) =   268.16  PRESS =     0.0
 Etot   =     -6821.6875  EKtot   =      1398.0501  EPtot      =     -8219.7376
 BOND   =         0.5855  ANGLE   =         6.2101  DIHED      =         2.9559
 1-4 NB =         3.6034  1-4 EEL =       -39.9891  VDWAALS    =      1274.6031
 EELEC  =     -9468.9260  EHBOND  =         0.0000  RESTRAINT  =         1.2195
 EAMBER (non-restraint)  =     -8220.9571
 DV/DL  =       -37.1145
 Ewald error estimate:   0.1988E-03
 ------------------------------------------------------------------------------


| TI region  2


 NSTEP =     9000   TIME(PS) =      18.000  TEMP(K) =   268.16  PRESS =     0.0
 Etot   =     -6821.6875  EKtot   =      1398.0501  EPtot      =     -8219.7376
 BOND   =         0.5855  ANGLE   =         6.2101  DIHED      =         2.9559
 1-4 NB =         3.6034  1-4 EEL =       -39.9891  VDWAALS    =      1274.6031
 EELEC  =     -9468.9260  EHBOND  =         0.0000  RESTRAINT  =         1.2195
 EAMBER (non-restraint)  =     -8220.9571
 DV/DL  =       -37.1145
 Ewald error estimate:   0.1988E-03
 ------------------------------------------------------------------------------

 NMR restraints: Bond =    0.000   Angle =     0.000   Torsion =     0.000
===============================================================================

| TI region  1


 NSTEP =    10000   TIME(PS) =      20.000  TEMP(K) =   284.37  PRESS =     0.0
 Etot   =     -6597.8121  EKtot   =      1482.5538  EPtot      =     -8080.3659
 BOND   =         2.0001  ANGLE   =         1.3799  DIHED      =         4.0808
 1-4 NB =         3.1049  1-4 EEL =       -39.4193  VDWAALS    =      1233.3527
 EELEC  =     -9286.2905  EHBOND  =         0.0000  RESTRAINT  =         1.4255
 EAMBER (non-restraint)  =     -8081.7914
 DV/DL  =       -35.7382
 Ewald error estimate:   0.1048E-03
 ------------------------------------------------------------------------------


| TI region  2


 NSTEP =    10000   TIME(PS) =      20.000  TEMP(K) =   284.37  PRESS =     0.0
 Etot   =     -6597.8121  EKtot   =      1482.5538  EPtot      =     -8080.3659
 BOND   =         2.0001  ANGLE   =         1.3799  DIHED      =         4.0808
 1-4 NB =         3.1049  1-4 EEL =       -39.4193  VDWAALS    =      1233.3527
 EELEC  =     -9286.2905  EHBOND  =         0.0000  RESTRAINT  =         1.4255
 EAMBER (non-restraint)  =     -8081.7914
 DV/DL  =       -35.7382
 Ewald error estimate:   0.1048E-03
 ------------------------------------------------------------------------------

 NMR restraints: Bond =    0.000   Angle =     0.000   Torsion =     0.000
===============================================================================

| TI region  1


      A V E R A G E S   O V E R      10 S T E P S


 NSTEP =    10000   TIME(PS) =      20.000  TEMP(K) =   202.85  PRESS =     0.0
 Etot   =     -7858.0381  EKtot   =      1057.5345  EPtot      =     -8915.5725
 BOND   =         1.2215  ANGLE   =         2.2653  DIHED      =         1.7596
 1-4 NB =         3.5223  1-4 EEL =       -40.0096  VDWAALS    =      1589.0902
 EELEC  =    -10474.4419  EHBOND  =         0.0000  RESTRAINT  =         1.0201
 EAMBER (non-restraint)  =     -8916.5926
 DV/DL  =       -38.9230
 Ewald error estimate:   0.2397E-03
 ------------------------------------------------------------------------------

 NMR restraints: Bond =    0.000   Angle =     0.000   Torsion =     0.000
===============================================================================

      R M S  F L U C T U A T I O N S


 NSTEP =    10000   TIME(PS) =      20.000  TEMP(K) =    52.32  PRESS =     0.0
 Etot   =       733.1254  EKtot   =       272.7395  EPtot      =       467.7811
 BOND   =         0.9089  ANGLE   =         1.6896  DIHED      =         0.9533
 1-4 NB =         0.2221  1-4 EEL =         0.5528  VDWAALS    =       198.4546
 EELEC  =       661.2134  EHBOND  =         0.0000  RESTRAINT  =         0.4350
 EAMBER (non-restraint)  =       467.3461
 DV/DL  =         3.5370
 Ewald error estimate:   0.1550E-03
 ------------------------------------------------------------------------------


| TI region  2


      A V E R A G E S   O V E R      10 S T E P S


 NSTEP =    10000   TIME(PS) =      20.000  TEMP(K) =   202.85  PRESS =     0.0
 Etot   =     -7858.0381  EKtot   =      1057.5345  EPtot      =     -8915.5725
 BOND   =         1.2215  ANGLE   =         2.2653  DIHED      =         1.7596
 1-4 NB =         3.5223  1-4 EEL =       -40.0096  VDWAALS    =      1589.0902
 EELEC  =    -10474.4419  EHBOND  =         0.0000  RESTRAINT  =         1.0201
 EAMBER (non-restraint)  =     -8916.5926
 DV/DL  =       -38.9230
 Ewald error estimate:   0.2397E-03
 ------------------------------------------------------------------------------

 NMR restraints: Bond =    0.000   Angle =     0.000   Torsion =     0.000
===============================================================================

      R M S  F L U C T U A T I O N S


 NSTEP =    10000   TIME(PS) =      20.000  TEMP(K) =    52.32  PRESS =     0.0
 Etot   =       733.1254  EKtot   =       272.7395  EPtot      =       467.7811
 BOND   =         0.9089  ANGLE   =         1.6896  DIHED      =         0.9533
 1-4 NB =         0.2221  1-4 EEL =         0.5528  VDWAALS    =       198.4546
 EELEC  =       661.2134  EHBOND  =         0.0000  RESTRAINT  =         0.4350
 EAMBER (non-restraint)  =       467.3461
 DV/DL  =         3.5370
 Ewald error estimate:   0.1550E-03
 ------------------------------------------------------------------------------


      DV/DL, AVERAGES OVER      10 STEPS


 NSTEP =    10000   TIME(PS) =      20.000  TEMP(K) =    52.32  PRESS =     0.0
 Etot   =         0.0000  EKtot   =         0.0000  EPtot      =       -38.9230
 BOND   =        -0.0000  ANGLE   =        -0.0000  DIHED      =         0.0000
 1-4 NB =         0.0000  1-4 EEL =       -38.3982  VDWAALS    =         0.0000
 EELEC  =        -0.5248  EHBOND  =         0.0000  RESTRAINT  =        -0.0000
 EAMBER (non-restraint)  =       -38.9230
 DV/DL  =       -38.9230
 Ewald error estimate:   0.0000E+00
 ------------------------------------------------------------------------------


 NMR restraints on final step:

--------------------------------------------------------------------------------
   5.  TIMINGS
--------------------------------------------------------------------------------

|  NonSetup CPU Time in Major Routines:
|
|     Routine           Sec        %
|     ------------------------------
|     Nonbond         153.61   97.67
|     Bond              0.62    0.40
|     Angle             0.14    0.09
|     Dihedral          0.27    0.17
|     Shake             1.50    0.95
|     RunMD             1.08    0.69
|     Other             0.05    0.03
|     ------------------------------
|     Total           157.28

|  PME Nonbond Pairlist CPU Time:
|
|     Routine              Sec        %
|     ---------------------------------
|     Set Up Cit           0.16    0.10
|     Build List          19.05   12.11
|     ---------------------------------
|     Total               19.20   12.21

|  PME Direct Force CPU Time:
|
|     Routine              Sec        %
|     ---------------------------------
|     NonBonded Calc      63.61   40.45
|     Exclude Masked       2.47    1.57
|     Other                2.60    1.65
|     ---------------------------------
|     Total               68.68   43.67

|  PME Reciprocal Force CPU Time:
|
|     Routine              Sec        %
|     ---------------------------------
|     1D bspline           2.64    1.68
|     Grid Charges         6.00    3.82
|     Scalar Sum           2.70    1.72
|     Gradient Sum         9.23    5.87
|     FFT                 45.21   28.75
|     ---------------------------------
|     Total               65.78   41.83

|  Final Performance Info:
|     -----------------------------------------------------
|     Average timings for last    2000 steps:
|     Elapsed(s) =      32.28 Per Step(ms) =      16.14
|         ns/day =      10.71   seconds/ns =    8070.85
|
|     Average timings for all steps:
|     Elapsed(s) =     157.41 Per Step(ms) =      15.74
|         ns/day =      10.98   seconds/ns =    7870.50
|     -----------------------------------------------------

|  Setup CPU time:            0.05 seconds
|  NonSetup CPU time:       157.28 seconds
|  Total CPU time:          157.33 seconds     0.04 hours

|  Setup wall time:           0    seconds
|  NonSetup wall time:      157    seconds
|  Total wall time:         157    seconds     0.04 hours
