
          -------------------------------------------------------
          Amber 18 PMEMD                              2018
          -------------------------------------------------------

| PMEMD implementation of SANDER, Release 18

| Run on 06/26/2018 at 01:23:42

|   Executable path: /home/uv10/amber/bin/pmemd.MPI
| Working directory: /home/uv10/tutorials-amber/A9/ligand/pmemd/free_energy/complex/recharge/0.5
|          Hostname: Unknown
  [-O]verwriting output

File Assignments:
|   MDIN: heat.in                                                               
|  MDOUT: heat.out                                                              
| INPCRD: ti.rst7                                                               
|   PARM: ti.parm7                                                              
| RESTRT: heat.rst7                                                             
|   REFC: ti.rst7                                                               
|  MDVEL: mdvel                                                                 
|   MDEN: heat.en                                                               
|  MDCRD: heat.nc                                                               
| MDINFO: heat.info                                                             
|LOGFILE: heat.log                                                              
|  MDFRC: mdfrc                                                                 


 Here is the input file:

heating                                                                        
 &cntrl                                                                        
   imin = 0, nstlim = 10000, irest = 0, ntx = 1, dt = 0.002,                   
   ntt = 1, temp0 = 300.0, tempi = 50.0, tautp = 1.0,                          
   ntc = 2, ntf = 1,                                                           
   ntb = 1,                                                                    
   ioutfm = 1, iwrap = 1,                                                      
   ntwe = 1000, ntwx = 1000, ntpr = 1000, ntwr = 5000,                         
                                                                               
   nmropt = 1,                                                                 
   ntr = 1, restraint_wt = 5.00,                                               
   restraintmask='!:WAT & !@H=',                                               
                                                                               
   icfe = 1, clambda = 0.5, scalpha = 0.5, scbeta = 12.0,                      
   logdvdl = 0,                                                                
   timask1 = ':1', timask2 = ':2',                                             
   ifsc = 0, crgmask = ':1@O1,H6',                                             
 /                                                                             
                                                                               
 &ewald                                                                        
 /                                                                             
                                                                               
 &wt                                                                           
   type='TEMP0',                                                               
   istep1 = 0, istep2 = 8000,                                                  
   value1 = 50.0, value2 = 300.0                                               
 /                                                                             
                                                                               
 &wt type = 'END'                                                              
 /                                                                             
                                                                               


Note: ig = -1. Setting random seed to   536704 based on wallclock time in
      microseconds and disabling the synchronization of random numbers 
      between tasks to improve performance.
| irandom = 1, using AMBER's internal random number generator (default).
 
 
| Conditional Compilation Defines Used:
| MPI
| PUBFFT
| BINTRAJ
| EMIL

| Largest sphere to fit in unit cell has radius =    34.263

| New format PARM file being parsed.
| Version =    1.000 Date = 06/20/18 Time = 14:05:14

| Note: 1-4 EEL scale factors are being read from the topology file.

| Note: 1-4 VDW scale factors are being read from the topology file.
| Duplicated    0 dihedrals

| Duplicated    0 dihedrals

--------------------------------------------------------------------------------
   1.  RESOURCE   USE: 
--------------------------------------------------------------------------------

 getting new box info from bottom of inpcrd
 NATOM  =   30554 NTYPES =      17 NBONH =   29246 MBONA  =    1324
 NTHETH =    2991 MTHETA =    1781 NPHIH =    6074 MPHIA  =    5537
 NHPARM =       0 NPARM  =       0 NNB   =   51648 NRES   =    9475
 NBONA  =    1324 NTHETA =    1781 NPHIA =    5537 NUMBND =      69
 NUMANG =     153 NPTRA  =     180 NATYP =      38 NPHB   =       1
 IFBOX  =       1 NMXRS  =      24 IFCAP =       0 NEXTRA =       0
 NCOPY  =       0

| Coordinate Index Table dimensions:    13   14   16
| Direct force subcell size =     5.2712    5.2028    5.0854

     BOX TYPE: RECTILINEAR

--------------------------------------------------------------------------------
   2.  CONTROL  DATA  FOR  THE  RUN
--------------------------------------------------------------------------------

default_name                                                                    

General flags:
     imin    =       0, nmropt  =       1

Nature and format of input:
     ntx     =       1, irest   =       0, ntrx    =       1

Nature and format of output:
     ntxo    =       2, ntpr    =    1000, ntrx    =       1, ntwr    =    5000
     iwrap   =       1, ntwx    =    1000, ntwv    =       0, ntwe    =    1000
     ioutfm  =       1, ntwprt  =       0, idecomp =       0, rbornstat=      0

Potential function:
     ntf     =       1, ntb     =       1, igb     =       0, nsnb    =      25
     ipol    =       0, gbsa    =       0, iesp    =       0
     dielc   =   1.00000, cut     =   8.00000, intdiel =   1.00000

Frozen or restrained atoms:
     ibelly  =       0, ntr     =       1
     restraint_wt =   5.00000

Molecular dynamics:
     nstlim  =     10000, nscm    =         0, nrespa  =         1
     t       =   0.00000, dt      =   0.00200, vlimit  =  20.00000

Berendsen (weak-coupling) temperature regulation:
     temp0   = 300.00000, tempi   =  50.00000, tautp   =   1.00000

SHAKE:
     ntc     =       2, jfastw  =       0
     tol     =   0.00001

NMR refinement options:
     iscale  =       0, noeskp  =       1, ipnlty  =       1, mxsub   =       1
     scalm   = 100.00000, pencut  =   0.10000, tausw   =   0.10000

Free energy options:
     icfe    =       1, ifsc    =       0, klambda =       1
     clambda =  0.5000, scalpha =  0.5000, scbeta  = 12.0000
     sceeorder =       2
     dynlmb =  0.0000 logdvdl =       0

| Intermolecular bonds treatment:
|     no_intermolecular_bonds =       1

| Energy averages sample interval:
|     ene_avg_sampling =    1000

Ewald parameters:
     verbose =       0, ew_type =       0, nbflag  =       1, use_pme =       1
     vdwmeth =       1, eedmeth =       1, netfrc  =       1
     Box X =   68.526   Box Y =   72.839   Box Z =   81.366
     Alpha =   90.000   Beta  =   90.000   Gamma =   90.000
     NFFT1 =   72       NFFT2 =   75       NFFT3 =   90
     Cutoff=    8.000   Tol   =0.100E-04
     Ewald Coefficient =  0.34864
     Interpolation order =    4

| PMEMD ewald parallel performance parameters:
|     block_fft =    0
|     fft_blk_y_divisor =    2
|     excl_recip =    0
|     excl_master =    0
|     atm_redist_freq =  320

    LOADING THE CONSTRAINED ATOMS AS GROUPS


   5.  REFERENCE ATOM COORDINATES

  default_name                                                                    
     Mask !:WAT & !@H=; matches  1308 atoms
     TI Mask 1 :1; matches     13 atoms
     TI Mask 2 :2; matches     13 atoms
     TI region 1:   30541 atoms
     TI region 2:   30541 atoms
Removing charge of      -0.5539 from atom      12
Removing charge of       0.3791 from atom      13
Total charge of  -0.17486000 removed from       2 atoms
     Checking for mismatched coordinates.

--------------------------------------------------------------------------------
   3.  ATOMIC COORDINATES AND VELOCITIES
--------------------------------------------------------------------------------

default_name                                                                    
 begin time read from input coords =     0.000 ps



           Begin reading energy term weight changes/NMR restraints
 WEIGHT CHANGES:
 TEMP0         0   8000   50.000000  300.000000      0      0

 RESTRAINTS:
                          ** No restraint defined **

                  Done reading weight changes/NMR restraints


 
 Number of triangulated 3-point waters found:     9307

     Sum of charges for TI region  1 =   0.17526093
     Assuming uniform neutralizing plasma


     Sum of charges for TI region  2 =   0.00040093
     Forcing neutrality...

| Dynamic Memory, Types Used:
| Reals             1929170
| Integers          1696152

| Nonbonded Pairs Initial Allocation:     1741578

| Running AMBER/MPI version on    4 MPI task

 
--------------------------------------------------------------------------------
   4.  RESULTS
--------------------------------------------------------------------------------

 ---------------------------------------------------
 APPROXIMATING switch and d/dx switch using CUBIC SPLINE INTERPOLATION
 using   5000.0 points per unit in tabled values
 TESTING RELATIVE ERROR over r ranging from 0.0 to cutoff
| CHECK switch(x): max rel err =   0.2738E-14   at   2.422500
| CHECK d/dx switch(x): max rel err =   0.8332E-11   at   2.782960
 ---------------------------------------------------
|---------------------------------------------------
| APPROXIMATING direct energy using CUBIC SPLINE INTERPOLATION
|  with   50.0 points per unit in tabled values
| Relative Error Limit not exceeded for r .gt.   2.47
| APPROXIMATING direct force using CUBIC SPLINE INTERPOLATION
|  with   50.0 points per unit in tabled values
| Relative Error Limit not exceeded for r .gt.   2.89
|---------------------------------------------------

| TI region  1


 NSTEP =        0   TIME(PS) =       0.000  TEMP(K) =    73.05  PRESS =     0.0
 Etot   =    -81474.3200  EKtot   =      4527.9934  EPtot      =    -86002.3133
 BOND   =       394.1853  ANGLE   =      1084.4836  DIHED      =      2037.1346
 1-4 NB =       613.1242  1-4 EEL =      5989.0016  VDWAALS    =     11024.3192
 EELEC  =   -107144.5618  EHBOND  =         0.0000  RESTRAINT  =         0.0000
 DV/DL  =       -33.9324
 Ewald error estimate:   0.4262E-04
 ------------------------------------------------------------------------------


| TI region  2


 NSTEP =        0   TIME(PS) =       0.000  TEMP(K) =    73.05  PRESS =     0.0
 Etot   =    -81474.3200  EKtot   =      4527.9934  EPtot      =    -86002.3133
 BOND   =       394.1853  ANGLE   =      1084.4836  DIHED      =      2037.1346
 1-4 NB =       613.1242  1-4 EEL =      5989.0016  VDWAALS    =     11024.3192
 EELEC  =   -107144.5618  EHBOND  =         0.0000  RESTRAINT  =         0.0000
 DV/DL  =       -33.9324
 Ewald error estimate:   0.4262E-04
 ------------------------------------------------------------------------------

 NMR restraints: Bond =    0.000   Angle =     0.000   Torsion =     0.000
===============================================================================

| TI region  1


 NSTEP =     1000   TIME(PS) =       2.000  TEMP(K) =   147.38  PRESS =     0.0
 Etot   =    -96384.7741  EKtot   =      9134.8371  EPtot      =   -105519.6112
 BOND   =       204.7542  ANGLE   =       523.5869  DIHED      =      1882.9887
 1-4 NB =       553.1686  1-4 EEL =      5941.5578  VDWAALS    =     16905.4732
 EELEC  =   -131664.5962  EHBOND  =         0.0000  RESTRAINT  =       133.4557
 EAMBER (non-restraint)  =   -105653.0668
 DV/DL  =       -32.7994
 Ewald error estimate:   0.8658E-04
 ------------------------------------------------------------------------------


| TI region  2


 NSTEP =     1000   TIME(PS) =       2.000  TEMP(K) =   147.38  PRESS =     0.0
 Etot   =    -96384.7741  EKtot   =      9134.8371  EPtot      =   -105519.6112
 BOND   =       204.7542  ANGLE   =       523.5869  DIHED      =      1882.9887
 1-4 NB =       553.1686  1-4 EEL =      5941.5578  VDWAALS    =     16905.4732
 EELEC  =   -131664.5962  EHBOND  =         0.0000  RESTRAINT  =       133.4557
 EAMBER (non-restraint)  =   -105653.0668
 DV/DL  =       -32.7994
 Ewald error estimate:   0.8658E-04
 ------------------------------------------------------------------------------

 NMR restraints: Bond =    0.000   Angle =     0.000   Torsion =     0.000
===============================================================================

| TI region  1


 NSTEP =     2000   TIME(PS) =       4.000  TEMP(K) =   123.04  PRESS =     0.0
 Etot   =   -100797.2508  EKtot   =      7626.6777  EPtot      =   -108423.9285
 BOND   =       167.4949  ANGLE   =       486.1703  DIHED      =      1871.0091
 1-4 NB =       572.7965  1-4 EEL =      5949.4424  VDWAALS    =     17867.3086
 EELEC  =   -135474.6965  EHBOND  =         0.0000  RESTRAINT  =       136.5462
 EAMBER (non-restraint)  =   -108560.4747
 DV/DL  =       -31.4093
 Ewald error estimate:   0.2385E-03
 ------------------------------------------------------------------------------


| TI region  2


 NSTEP =     2000   TIME(PS) =       4.000  TEMP(K) =   123.04  PRESS =     0.0
 Etot   =   -100797.2508  EKtot   =      7626.6777  EPtot      =   -108423.9285
 BOND   =       167.4949  ANGLE   =       486.1703  DIHED      =      1871.0091
 1-4 NB =       572.7965  1-4 EEL =      5949.4424  VDWAALS    =     17867.3086
 EELEC  =   -135474.6965  EHBOND  =         0.0000  RESTRAINT  =       136.5462
 EAMBER (non-restraint)  =   -108560.4747
 DV/DL  =       -31.4093
 Ewald error estimate:   0.2385E-03
 ------------------------------------------------------------------------------

 NMR restraints: Bond =    0.000   Angle =     0.000   Torsion =     0.000
===============================================================================

| TI region  1


 NSTEP =     3000   TIME(PS) =       6.000  TEMP(K) =   130.21  PRESS =     0.0
 Etot   =   -100468.4287  EKtot   =      8070.6369  EPtot      =   -108539.0656
 BOND   =       179.4803  ANGLE   =       486.9932  DIHED      =      1868.3708
 1-4 NB =       578.9900  1-4 EEL =      5980.9818  VDWAALS    =     17899.9462
 EELEC  =   -135682.8832  EHBOND  =         0.0000  RESTRAINT  =       149.0553
 EAMBER (non-restraint)  =   -108688.1209
 DV/DL  =       -31.9655
 Ewald error estimate:   0.2048E-03
 ------------------------------------------------------------------------------


| TI region  2


 NSTEP =     3000   TIME(PS) =       6.000  TEMP(K) =   130.21  PRESS =     0.0
 Etot   =   -100468.4287  EKtot   =      8070.6369  EPtot      =   -108539.0656
 BOND   =       179.4803  ANGLE   =       486.9932  DIHED      =      1868.3708
 1-4 NB =       578.9900  1-4 EEL =      5980.9818  VDWAALS    =     17899.9462
 EELEC  =   -135682.8832  EHBOND  =         0.0000  RESTRAINT  =       149.0553
 EAMBER (non-restraint)  =   -108688.1209
 DV/DL  =       -31.9655
 Ewald error estimate:   0.2048E-03
 ------------------------------------------------------------------------------

 NMR restraints: Bond =    0.000   Angle =     0.000   Torsion =     0.000
===============================================================================

| TI region  1


 NSTEP =     4000   TIME(PS) =       8.000  TEMP(K) =   150.26  PRESS =     0.0
 Etot   =    -97984.0462  EKtot   =      9313.8402  EPtot      =   -107297.8864
 BOND   =       214.6315  ANGLE   =       566.4697  DIHED      =      1897.2646
 1-4 NB =       558.9835  1-4 EEL =      5944.4881  VDWAALS    =     17239.3833
 EELEC  =   -133868.4161  EHBOND  =         0.0000  RESTRAINT  =       149.3090
 EAMBER (non-restraint)  =   -107447.1954
 DV/DL  =       -30.9860
 Ewald error estimate:   0.2227E-03
 ------------------------------------------------------------------------------


| TI region  2


 NSTEP =     4000   TIME(PS) =       8.000  TEMP(K) =   150.26  PRESS =     0.0
 Etot   =    -97984.0462  EKtot   =      9313.8402  EPtot      =   -107297.8864
 BOND   =       214.6315  ANGLE   =       566.4697  DIHED      =      1897.2646
 1-4 NB =       558.9835  1-4 EEL =      5944.4881  VDWAALS    =     17239.3833
 EELEC  =   -133868.4161  EHBOND  =         0.0000  RESTRAINT  =       149.3090
 EAMBER (non-restraint)  =   -107447.1954
 DV/DL  =       -30.9860
 Ewald error estimate:   0.2227E-03
 ------------------------------------------------------------------------------

 NMR restraints: Bond =    0.000   Angle =     0.000   Torsion =     0.000
===============================================================================

| TI region  1


 NSTEP =     5000   TIME(PS) =      10.000  TEMP(K) =   175.01  PRESS =     0.0
 Etot   =    -94470.2974  EKtot   =     10847.6833  EPtot      =   -105317.9807
 BOND   =       255.8068  ANGLE   =       633.4443  DIHED      =      1921.7844
 1-4 NB =       581.3130  1-4 EEL =      5943.8236  VDWAALS    =     16820.4357
 EELEC  =   -131649.3499  EHBOND  =         0.0000  RESTRAINT  =       174.7615
 EAMBER (non-restraint)  =   -105492.7422
 DV/DL  =       -32.0937
 Ewald error estimate:   0.1684E-03
 ------------------------------------------------------------------------------


| TI region  2


 NSTEP =     5000   TIME(PS) =      10.000  TEMP(K) =   175.01  PRESS =     0.0
 Etot   =    -94470.2974  EKtot   =     10847.6833  EPtot      =   -105317.9807
 BOND   =       255.8068  ANGLE   =       633.4443  DIHED      =      1921.7844
 1-4 NB =       581.3130  1-4 EEL =      5943.8236  VDWAALS    =     16820.4357
 EELEC  =   -131649.3499  EHBOND  =         0.0000  RESTRAINT  =       174.7615
 EAMBER (non-restraint)  =   -105492.7422
 DV/DL  =       -32.0937
 Ewald error estimate:   0.1684E-03
 ------------------------------------------------------------------------------

 NMR restraints: Bond =    0.000   Angle =     0.000   Torsion =     0.000
===============================================================================

| TI region  1


 NSTEP =     6000   TIME(PS) =      12.000  TEMP(K) =   201.95  PRESS =     0.0
 Etot   =    -90320.2197  EKtot   =     12517.3458  EPtot      =   -102837.5655
 BOND   =       287.0744  ANGLE   =       747.9438  DIHED      =      1941.9682
 1-4 NB =       577.9939  1-4 EEL =      5925.3150  VDWAALS    =     15653.8053
 EELEC  =   -128147.1192  EHBOND  =         0.0000  RESTRAINT  =       175.4530
 EAMBER (non-restraint)  =   -103013.0185
 DV/DL  =       -32.0646
 Ewald error estimate:   0.1982E-03
 ------------------------------------------------------------------------------


| TI region  2


 NSTEP =     6000   TIME(PS) =      12.000  TEMP(K) =   201.95  PRESS =     0.0
 Etot   =    -90320.2197  EKtot   =     12517.3458  EPtot      =   -102837.5655
 BOND   =       287.0744  ANGLE   =       747.9438  DIHED      =      1941.9682
 1-4 NB =       577.9939  1-4 EEL =      5925.3150  VDWAALS    =     15653.8053
 EELEC  =   -128147.1192  EHBOND  =         0.0000  RESTRAINT  =       175.4530
 EAMBER (non-restraint)  =   -103013.0185
 DV/DL  =       -32.0646
 Ewald error estimate:   0.1982E-03
 ------------------------------------------------------------------------------

 NMR restraints: Bond =    0.000   Angle =     0.000   Torsion =     0.000
===============================================================================

| TI region  1


 NSTEP =     7000   TIME(PS) =      14.000  TEMP(K) =   229.12  PRESS =     0.0
 Etot   =    -85657.3328  EKtot   =     14201.5064  EPtot      =    -99858.8392
 BOND   =       347.2193  ANGLE   =       831.2097  DIHED      =      1964.4611
 1-4 NB =       576.6996  1-4 EEL =      5917.9549  VDWAALS    =     15000.3123
 EELEC  =   -124697.6448  EHBOND  =         0.0000  RESTRAINT  =       200.9486
 EAMBER (non-restraint)  =   -100059.7878
 DV/DL  =       -32.0526
 Ewald error estimate:   0.4990E-04
 ------------------------------------------------------------------------------


| TI region  2


 NSTEP =     7000   TIME(PS) =      14.000  TEMP(K) =   229.12  PRESS =     0.0
 Etot   =    -85657.3328  EKtot   =     14201.5064  EPtot      =    -99858.8392
 BOND   =       347.2193  ANGLE   =       831.2097  DIHED      =      1964.4611
 1-4 NB =       576.6996  1-4 EEL =      5917.9549  VDWAALS    =     15000.3123
 EELEC  =   -124697.6448  EHBOND  =         0.0000  RESTRAINT  =       200.9486
 EAMBER (non-restraint)  =   -100059.7878
 DV/DL  =       -32.0526
 Ewald error estimate:   0.4990E-04
 ------------------------------------------------------------------------------

 NMR restraints: Bond =    0.000   Angle =     0.000   Torsion =     0.000
===============================================================================

| TI region  1


 NSTEP =     8000   TIME(PS) =      16.000  TEMP(K) =   256.21  PRESS =     0.0
 Etot   =    -80409.1041  EKtot   =     15880.9152  EPtot      =    -96290.0193
 BOND   =       407.5052  ANGLE   =       978.8305  DIHED      =      1992.9777
 1-4 NB =       590.6732  1-4 EEL =      5940.8016  VDWAALS    =     13457.8132
 EELEC  =   -119866.2702  EHBOND  =         0.0000  RESTRAINT  =       207.6495
 EAMBER (non-restraint)  =    -96497.6688
 DV/DL  =       -33.0390
 Ewald error estimate:   0.6546E-05
 ------------------------------------------------------------------------------


| TI region  2


 NSTEP =     8000   TIME(PS) =      16.000  TEMP(K) =   256.21  PRESS =     0.0
 Etot   =    -80409.1041  EKtot   =     15880.9152  EPtot      =    -96290.0193
 BOND   =       407.5052  ANGLE   =       978.8305  DIHED      =      1992.9777
 1-4 NB =       590.6732  1-4 EEL =      5940.8016  VDWAALS    =     13457.8132
 EELEC  =   -119866.2702  EHBOND  =         0.0000  RESTRAINT  =       207.6495
 EAMBER (non-restraint)  =    -96497.6688
 DV/DL  =       -33.0390
 Ewald error estimate:   0.6546E-05
 ------------------------------------------------------------------------------

 NMR restraints: Bond =    0.000   Angle =     0.000   Torsion =     0.000
===============================================================================

| TI region  1


 NSTEP =     9000   TIME(PS) =      18.000  TEMP(K) =   275.64  PRESS =     0.0
 Etot   =    -76328.7760  EKtot   =     17085.1276  EPtot      =    -93413.9037
 BOND   =       440.4162  ANGLE   =      1076.3122  DIHED      =      2017.3224
 1-4 NB =       616.8707  1-4 EEL =      5950.7866  VDWAALS    =     12199.8520
 EELEC  =   -115950.1630  EHBOND  =         0.0000  RESTRAINT  =       234.6992
 EAMBER (non-restraint)  =    -93648.6029
 DV/DL  =       -33.3966
 Ewald error estimate:   0.4593E-04
 ------------------------------------------------------------------------------


| TI region  2


 NSTEP =     9000   TIME(PS) =      18.000  TEMP(K) =   275.64  PRESS =     0.0
 Etot   =    -76328.7760  EKtot   =     17085.1276  EPtot      =    -93413.9037
 BOND   =       440.4162  ANGLE   =      1076.3122  DIHED      =      2017.3224
 1-4 NB =       616.8707  1-4 EEL =      5950.7866  VDWAALS    =     12199.8520
 EELEC  =   -115950.1630  EHBOND  =         0.0000  RESTRAINT  =       234.6992
 EAMBER (non-restraint)  =    -93648.6029
 DV/DL  =       -33.3966
 Ewald error estimate:   0.4593E-04
 ------------------------------------------------------------------------------

 NMR restraints: Bond =    0.000   Angle =     0.000   Torsion =     0.000
===============================================================================

| TI region  1


 NSTEP =    10000   TIME(PS) =      20.000  TEMP(K) =   287.94  PRESS =     0.0
 Etot   =    -74131.3405  EKtot   =     17847.5250  EPtot      =    -91978.8655
 BOND   =       461.4606  ANGLE   =      1164.1583  DIHED      =      2053.6030
 1-4 NB =       606.6781  1-4 EEL =      5931.1428  VDWAALS    =     12098.2480
 EELEC  =   -114545.7406  EHBOND  =         0.0000  RESTRAINT  =       251.5843
 EAMBER (non-restraint)  =    -92230.4498
 DV/DL  =       -31.4461
 Ewald error estimate:   0.3145E-04
 ------------------------------------------------------------------------------


| TI region  2


 NSTEP =    10000   TIME(PS) =      20.000  TEMP(K) =   287.94  PRESS =     0.0
 Etot   =    -74131.3405  EKtot   =     17847.5250  EPtot      =    -91978.8655
 BOND   =       461.4606  ANGLE   =      1164.1583  DIHED      =      2053.6030
 1-4 NB =       606.6781  1-4 EEL =      5931.1428  VDWAALS    =     12098.2480
 EELEC  =   -114545.7406  EHBOND  =         0.0000  RESTRAINT  =       251.5843
 EAMBER (non-restraint)  =    -92230.4498
 DV/DL  =       -31.4461
 Ewald error estimate:   0.3145E-04
 ------------------------------------------------------------------------------

 NMR restraints: Bond =    0.000   Angle =     0.000   Torsion =     0.000
===============================================================================

| TI region  1


      A V E R A G E S   O V E R      10 S T E P S


 NSTEP =    10000   TIME(PS) =      20.000  TEMP(K) =   197.68  PRESS =     0.0
 Etot   =    -89695.1570  EKtot   =     12252.6095  EPtot      =   -101947.7666
 BOND   =       296.5844  ANGLE   =       749.5119  DIHED      =      1941.1750
 1-4 NB =       581.4167  1-4 EEL =      5942.6295  VDWAALS    =     15514.2578
 EELEC  =   -127154.6880  EHBOND  =         0.0000  RESTRAINT  =       181.3462
 EAMBER (non-restraint)  =   -102129.1128
 DV/DL  =       -32.1253
 Ewald error estimate:   0.1253E-03
 ------------------------------------------------------------------------------

 NMR restraints: Bond =    0.000   Angle =     0.000   Torsion =     0.000
===============================================================================

      R M S  F L U C T U A T I O N S


 NSTEP =    10000   TIME(PS) =      20.000  TEMP(K) =    58.37  PRESS =     0.0
 Etot   =      9483.6519  EKtot   =      3618.1214  EPtot      =      5894.8907
 BOND   =       104.8899  ANGLE   =       239.6408  DIHED      =        61.3012
 1-4 NB =        18.4288  1-4 EEL =        16.2290  VDWAALS    =      2121.6263
 EELEC  =      7564.6415  EHBOND  =         0.0000  RESTRAINT  =        39.1200
 EAMBER (non-restraint)  =      5855.7707
 DV/DL  =         0.7220
 Ewald error estimate:   0.8496E-04
 ------------------------------------------------------------------------------


| TI region  2


      A V E R A G E S   O V E R      10 S T E P S


 NSTEP =    10000   TIME(PS) =      20.000  TEMP(K) =   197.68  PRESS =     0.0
 Etot   =    -89695.1570  EKtot   =     12252.6095  EPtot      =   -101947.7666
 BOND   =       296.5844  ANGLE   =       749.5119  DIHED      =      1941.1750
 1-4 NB =       581.4167  1-4 EEL =      5942.6295  VDWAALS    =     15514.2578
 EELEC  =   -127154.6880  EHBOND  =         0.0000  RESTRAINT  =       181.3462
 EAMBER (non-restraint)  =   -102129.1128
 DV/DL  =       -32.1253
 Ewald error estimate:   0.1253E-03
 ------------------------------------------------------------------------------

 NMR restraints: Bond =    0.000   Angle =     0.000   Torsion =     0.000
===============================================================================

      R M S  F L U C T U A T I O N S


 NSTEP =    10000   TIME(PS) =      20.000  TEMP(K) =    58.37  PRESS =     0.0
 Etot   =      9483.6519  EKtot   =      3618.1214  EPtot      =      5894.8907
 BOND   =       104.8899  ANGLE   =       239.6408  DIHED      =        61.3012
 1-4 NB =        18.4288  1-4 EEL =        16.2290  VDWAALS    =      2121.6263
 EELEC  =      7564.6415  EHBOND  =         0.0000  RESTRAINT  =        39.1200
 EAMBER (non-restraint)  =      5855.7707
 DV/DL  =         0.7220
 Ewald error estimate:   0.8496E-04
 ------------------------------------------------------------------------------


      DV/DL, AVERAGES OVER      10 STEPS


 NSTEP =    10000   TIME(PS) =      20.000  TEMP(K) =    58.37  PRESS =     0.0
 Etot   =         0.0000  EKtot   =         0.0000  EPtot      =       -32.1253
 BOND   =         0.0000  ANGLE   =         0.0000  DIHED      =         0.0000
 1-4 NB =        -0.0000  1-4 EEL =       -38.3283  VDWAALS    =         0.0000
 EELEC  =         6.2030  EHBOND  =         0.0000  RESTRAINT  =        -0.0000
 EAMBER (non-restraint)  =       -32.1253
 DV/DL  =       -32.1253
 Ewald error estimate:   0.0000E+00
 ------------------------------------------------------------------------------


 NMR restraints on final step:

--------------------------------------------------------------------------------
   5.  TIMINGS
--------------------------------------------------------------------------------

|  NonSetup CPU Time in Major Routines, Average for All Tasks:
|
|     Routine           Sec        %
|     ------------------------------
|     DataDistrib      30.14    4.09
|     Nonbond         672.11   91.11
|     Bond              2.84    0.38
|     Angle             1.71    0.23
|     Dihedral          9.64    1.31
|     Shake             4.10    0.56
|     RunMD            16.98    2.30
|     Other             0.16    0.02
|     ------------------------------
|     Total           737.68

|  PME Nonbond Pairlist CPU Time, Average for All Tasks:
|
|     Routine              Sec        %
|     ---------------------------------
|     Set Up Cit           1.29    0.18
|     Build List          42.32    5.74
|     ---------------------------------
|     Total               43.62    5.91

|  PME Direct Force CPU Time, Average for All Tasks:
|
|     Routine              Sec        %
|     ---------------------------------
|     NonBonded Calc     243.80   33.05
|     Exclude Masked      13.67    1.85
|     Other               31.09    4.21
|     ---------------------------------
|     Total              288.57   39.12

|  PME Reciprocal Force CPU Time, Average for All Tasks:
|
|     Routine              Sec        %
|     ---------------------------------
|     1D bspline          27.45    3.72
|     Grid Charges        40.53    5.49
|     Scalar Sum           6.94    0.94
|     Gradient Sum        49.56    6.72
|     FFT                215.40   29.20
|     ---------------------------------
|     Total              339.89   46.08

|  PME Load Balancing CPU Time, Average for All Tasks:
|
|     Routine                 Sec        %
|     ------------------------------------
|     Atom Reassign           0.01    0.00
|     Image Reassign          0.00    0.00
|     FFT Reassign            0.00    0.00
|     ------------------------------------
|     Total                   0.01    0.00

|  Final Performance Info:
|     -----------------------------------------------------
|     Average timings for last       1 steps:
|     Elapsed(s) =       0.00 Per Step(ms) =       0.57
|         ns/day =     303.64   seconds/ns =     284.55
|
|     Average timings for all steps:
|     Elapsed(s) =     739.99 Per Step(ms) =      74.00
|         ns/day =       2.34   seconds/ns =   36999.43
|     -----------------------------------------------------

|  Master Setup CPU time:            0.32 seconds
|  Master NonSetup CPU time:       738.97 seconds
|  Master Total CPU time:          739.29 seconds     0.21 hours

|  Master Setup wall time:           0    seconds
|  Master NonSetup wall time:      740    seconds
|  Master Total wall time:         740    seconds     0.21 hours
