
Static FFT Slab Distribution:

  FFT slabs assigned to    4 tasks
  Maximum of   23 xy slabs per task
  Maximum of   19 zx slabs per task
  Count of FFT xy slabs assigned to each task:
      22  22  23  23
  Count of FFT xz slabs assigned to each task:
      19  19  19  18

Atom Distribution No.     2 at run step    2916:

  Count of atoms assigned to each task:
         7904     8274     8347     6029

Atom Distribution No.     3 at run step    5836:

  Count of atoms assigned to each task:
         7970     8319     8200     6065

Atom Distribution No.     4 at run step    8747:

  Count of atoms assigned to each task:
         8030     8274     8104     6146

Atom Distribution No.     5 at run step   11669:

  Count of atoms assigned to each task:
         8018     8331     8068     6137

Atom Distribution No.     6 at run step   14570:

  Count of atoms assigned to each task:
         8018     8268     8104     6164

Atom Distribution No.     7 at run step   17494:

  Count of atoms assigned to each task:
         8018     8268     8104     6164

Atom Distribution No.     8 at run step   20442:

  Count of atoms assigned to each task:
         8036     8325     8029     6164

Atom Distribution No.     9 at run step   23358:

  Count of atoms assigned to each task:
         8027     8304     8020     6203

Atom Distribution No.    10 at run step   26276:

  Count of atoms assigned to each task:
         8093     8259     7948     6254

Atom Distribution No.    11 at run step   29200:

  Count of atoms assigned to each task:
         8042     8082     8074     6356

Atom Distribution No.    12 at run step   32140:

  Count of atoms assigned to each task:
         8141     8088     7966     6359

Atom Distribution No.    13 at run step   35062:

  Count of atoms assigned to each task:
         8141     8088     7966     6359

Atom Distribution No.    14 at run step   37986:

  Count of atoms assigned to each task:
         8132     8031     7999     6392

Atom Distribution No.    15 at run step   40898:

  Count of atoms assigned to each task:
         8081     8088     7975     6410

Atom Distribution No.    16 at run step   43803:

  Count of atoms assigned to each task:
         8081     8088     7975     6410

Atom Distribution No.    17 at run step   46713:

  Count of atoms assigned to each task:
         8114     8085     7984     6371

Atom Distribution No.    18 at run step   49628:

  Count of atoms assigned to each task:
         8114     8085     7984     6371

Atom Distribution No.    19 at run step   52576:

  Count of atoms assigned to each task:
         8114     8085     7984     6371

Atom Distribution No.    20 at run step   55535:

  Count of atoms assigned to each task:
         8075     8088     7975     6416

Atom Distribution No.    21 at run step   58467:

  Count of atoms assigned to each task:
         8072     8046     7959     6477

Atom Distribution No.    22 at run step   61370:

  Count of atoms assigned to each task:
         8072     8046     7959     6477

Atom Distribution No.    23 at run step   64314:

  Count of atoms assigned to each task:
         8000     8097     7959     6498

Atom Distribution No.    24 at run step   67244:

  Count of atoms assigned to each task:
         8078     8052     8004     6420

Atom Distribution No.    25 at run step   70194:

  Count of atoms assigned to each task:
         8078     8055     8001     6420

Atom Distribution No.    26 at run step   73110:

  Count of atoms assigned to each task:
         8078     8055     8002     6419

Atom Distribution No.    27 at run step   76037:

  Count of atoms assigned to each task:
         8078     8055     8002     6419

Atom Distribution No.    28 at run step   78965:

  Count of atoms assigned to each task:
         8069     8007     8014     6464

Atom Distribution No.    29 at run step   81862:

  Count of atoms assigned to each task:
         8069     8007     8014     6464

Atom Distribution No.    30 at run step   84789:

  Count of atoms assigned to each task:
         8117     7998     7981     6458

Atom Distribution No.    31 at run step   87707:

  Count of atoms assigned to each task:
         8117     7998     7981     6458

Atom Distribution No.    32 at run step   90667:

  Count of atoms assigned to each task:
         8039     8103     7948     6464

Atom Distribution No.    33 at run step   93582:

  Count of atoms assigned to each task:
         8006     8082     8008     6458

Atom Distribution No.    34 at run step   96507:

  Count of atoms assigned to each task:
         8072     8043     7972     6467

Atom Distribution No.    35 at run step   99423:

  Count of atoms assigned to each task:
         7986     8094     7993     6481

Major Routine Parallel Profiling - NonSetup CPU Seconds:

           D                                                              
           a                                                              
           t                                                              
           a                              D                               
           D         N                    i                               
           i         o                    h                               
           s         n             A      e      S      R      O         T
   T       t         B      B      n      d      h      u      t         o
   a       r         o      o      g      r      a      n      h         t
   s       i         n      n      l      a      k      M      e         a
   k       b         d      d      e      l      e      D      r         l
------------------------------------------------------------------------------
   0   225.7    8365.5   40.4    0.1    0.0   44.6  438.3    0.4    9115.1
   1   232.1    8347.0   41.3    0.1    0.1   44.7  436.5    0.4    9102.1
   2   245.8    8340.6   40.1    0.1    0.1   43.9  435.9    0.4    9106.9
   3   415.2    7801.1   22.6   61.2  337.6   33.8  427.7    3.0    9102.1
------------------------------------------------------------------------------
 avg   279.7    8213.5   36.1   15.4   84.4   41.8  434.6    1.1    9106.6
 min   225.7    7801.1   22.6    0.1    0.0   33.8  427.7    0.4    9102.1
 max   415.2    8365.5   41.3   61.2  337.6   44.7  438.3    3.0    9115.1
 std    78.6     238.3    7.8   26.5  146.1    4.6    4.1    1.1       5.3
------------------------------------------------------------------------------

PME NonBond Parallel Profiling - NonSetup CPU Seconds:

                     D                           
           P         i         R                 
           a         r         e      L          
           i         e         c      o          
           r         c         i      a         T
   T       l         t         p      d         o
   a       i         F         F      B         t
   s       s         r         r      a         a
   k       t         c         c      l         l
-------------------------------------------------
   0   679.4    4174.2    3511.2    0.3    8365.2
   1   664.9    4199.0    3482.6    0.2    8346.7
   2   655.0    4132.8    3552.4    0.2    8340.4
   3   535.7    3561.8    3703.1    0.2    7800.8
-------------------------------------------------
 avg   633.7    4017.0    3562.3    0.2    8213.3
-------------------------------------------------
