
          -------------------------------------------------------
          Amber 18 PMEMD                              2018
          -------------------------------------------------------

| PMEMD implementation of SANDER, Release 18

| Run on 07/18/2018 at 11:00:52

|   Executable path: /home/case/amber18/bin/pmemd.MPI
| Working directory: /home/uv10/T4-lysozyme/one-step/free_energy/ligands/vdw_bonded/0.3
|          Hostname: casegroup4.rutgers.edu

  [-O]verwriting output

File Assignments:
|   MDIN: heat.in                                                               
|  MDOUT: heat.out                                                              
| INPCRD: ti.rst7                                                               
|   PARM: ti.parm7                                                              
| RESTRT: heat.rst7                                                             
|   REFC: ti.rst7                                                               
|  MDVEL: mdvel                                                                 
|   MDEN: heat.en                                                               
|  MDCRD: heat.nc                                                               
| MDINFO: heat.info                                                             
|LOGFILE: heat.log                                                              
|  MDFRC: mdfrc                                                                 


 Here is the input file:

heating                                                                        
 &cntrl                                                                        
   imin = 0, nstlim = 10000, irest = 0, ntx = 1, dt = 0.002,                   
   ntt = 1, temp0 = 300.0, tempi = 50.0, tautp = 1.0,                          
   ntc = 2, ntf = 1,                                                           
   ntb = 1,                                                                    
   ioutfm = 1, iwrap = 1,                                                      
   ntwe = 1000, ntwx = 1000, ntpr = 1000, ntwr = 5000,                         
                                                                               
   nmropt = 1,                                                                 
   ntr = 1, restraint_wt = 5.00,                                               
   restraintmask='!:WAT & !@H=',                                               
                                                                               
   icfe = 1, clambda = 0.3, scalpha = 0.5, scbeta = 12.0,                      
   logdvdl = 0,                                                                
   timask1 = ':1', timask2 = ':2',                                             
   ifsc=1, scmask1=':1@H6', scmask2=':2@O1,H6'                                 
 /                                                                             
                                                                               
 &ewald                                                                        
 /                                                                             
                                                                               
 &wt                                                                           
   type='TEMP0',                                                               
   istep1 = 0, istep2 = 8000,                                                  
   value1 = 50.0, value2 = 300.0                                               
 /                                                                             
                                                                               
 &wt type = 'END'                                                              
 /                                                                             
                                                                               


Note: ig = -1. Setting random seed to   112434 based on wallclock time in
      microseconds and disabling the synchronization of random numbers 
      between tasks to improve performance.
| irandom = 1, using AMBER's internal random number generator (default).
 
 
| Conditional Compilation Defines Used:
| MPI
| PUBFFT
| BINTRAJ
| EMIL

| Largest sphere to fit in unit cell has radius =    14.956

| New format PARM file being parsed.
| Version =    1.000 Date = 07/16/18 Time = 16:53:51

| Note: 1-4 EEL scale factors are being read from the topology file.

| Note: 1-4 VDW scale factors are being read from the topology file.
| Duplicated    0 dihedrals

| Duplicated    0 dihedrals

--------------------------------------------------------------------------------
   1.  RESOURCE   USE: 
--------------------------------------------------------------------------------

 getting box info from netcdf restart file
 NATOM  =    2632 NTYPES =       6 NBONH =    2619 MBONA  =      13
 NTHETH =      23 MTHETA =      14 NPHIH =      47 MPHIA  =      14
 NHPARM =       0 NPARM  =       0 NNB   =    3584 NRES   =     871
 NBONA  =      13 NTHETA =      14 NPHIA =      14 NUMBND =       6
 NUMANG =       4 NPTRA  =       3 NATYP =       6 NPHB   =       1
 IFBOX  =       1 NMXRS  =      13 IFCAP =       0 NEXTRA =       0
 NCOPY  =       0

| Coordinate Index Table dimensions:     5    6    6
| Direct force subcell size =     5.9824    5.1585    5.2876

     BOX TYPE: RECTILINEAR

--------------------------------------------------------------------------------
   2.  CONTROL  DATA  FOR  THE  RUN
--------------------------------------------------------------------------------

default_name                                                                    

General flags:
     imin    =       0, nmropt  =       1

Nature and format of input:
     ntx     =       1, irest   =       0, ntrx    =       1

Nature and format of output:
     ntxo    =       2, ntpr    =    1000, ntrx    =       1, ntwr    =    5000
     iwrap   =       1, ntwx    =    1000, ntwv    =       0, ntwe    =    1000
     ioutfm  =       1, ntwprt  =       0, idecomp =       0, rbornstat=      0

Potential function:
     ntf     =       1, ntb     =       1, igb     =       0, nsnb    =      25
     ipol    =       0, gbsa    =       0, iesp    =       0
     dielc   =   1.00000, cut     =   8.00000, intdiel =   1.00000

Frozen or restrained atoms:
     ibelly  =       0, ntr     =       1
     restraint_wt =   5.00000

Molecular dynamics:
     nstlim  =     10000, nscm    =         0, nrespa  =         1
     t       =   0.00000, dt      =   0.00200, vlimit  =  20.00000

Berendsen (weak-coupling) temperature regulation:
     temp0   = 300.00000, tempi   =  50.00000, tautp   =   1.00000

SHAKE:
     ntc     =       2, jfastw  =       0
     tol     =   0.00001

NMR refinement options:
     iscale  =       0, noeskp  =       1, ipnlty  =       1, mxsub   =       1
     scalm   = 100.00000, pencut  =   0.10000, tausw   =   0.10000

Free energy options:
     icfe    =       1, ifsc    =       1, klambda =       1
     clambda =  0.3000, scalpha =  0.5000, scbeta  = 12.0000
     sceeorder =       2
     dynlmb =  0.0000 logdvdl =       0

| Intermolecular bonds treatment:
|     no_intermolecular_bonds =       1

| Energy averages sample interval:
|     ene_avg_sampling =    1000

Ewald parameters:
     verbose =       0, ew_type =       0, nbflag  =       1, use_pme =       1
     vdwmeth =       1, eedmeth =       1, netfrc  =       1
     Box X =   29.912   Box Y =   30.951   Box Z =   31.726
     Alpha =   90.000   Beta  =   90.000   Gamma =   90.000
     NFFT1 =   30       NFFT2 =   32       NFFT3 =   32
     Cutoff=    8.000   Tol   =0.100E-04
     Ewald Coefficient =  0.34864
     Interpolation order =    4

| PMEMD ewald parallel performance parameters:
|     block_fft =    0
|     fft_blk_y_divisor =    2
|     excl_recip =    0
|     excl_master =    0
|     atm_redist_freq =  320

    LOADING THE CONSTRAINED ATOMS AS GROUPS


   5.  REFERENCE ATOM COORDINATES

  default_name                                                                    
     Mask !:WAT & !@H=; matches    13 atoms
     TI Mask 1 :1; matches     12 atoms
     TI Mask 2 :2; matches     13 atoms
     TI region 1:    2619 atoms
     TI region 2:    2620 atoms
     SC Mask 1 :1@H6; matches      1 atoms
     SC Mask 2 :2@O1,H6; matches      2 atoms

--------------------------------------------------------------------------------
   3.  ATOMIC COORDINATES AND VELOCITIES
--------------------------------------------------------------------------------

default_name                                                                    
 begin time read from input coords =    40.000 ps



           Begin reading energy term weight changes/NMR restraints
 WEIGHT CHANGES:
 TEMP0         0   8000   50.000000  300.000000      0      0

 RESTRAINTS:
                          ** No restraint defined **

                  Done reading weight changes/NMR restraints


 
 Number of triangulated 3-point waters found:      869
 WARNING: SHAKEn bond for atoms       11       12 is partially softcore.
 Coordinates for common atoms will be synchronized from V0. 
 Consider using noshake mask or disabling SHAKE.

 Number of shake restraints removed in TI region  1 :        0
 Number of shake restraints removed in TI region  2 :        0

     Sum of charges for TI region  1 =   0.00000000
     Forcing neutrality...


     Sum of charges for TI region  2 =   0.00000100
     Forcing neutrality...

| Dynamic Memory, Types Used:
| Reals              278311
| Integers           216398

| Nonbonded Pairs Initial Allocation:      150024

| Running AMBER/MPI version on    4 MPI task

 
--------------------------------------------------------------------------------
   4.  RESULTS
--------------------------------------------------------------------------------

 ---------------------------------------------------
 APPROXIMATING switch and d/dx switch using CUBIC SPLINE INTERPOLATION
 using   5000.0 points per unit in tabled values
 TESTING RELATIVE ERROR over r ranging from 0.0 to cutoff
| CHECK switch(x): max rel err =   0.2738E-14   at   2.422500
| CHECK d/dx switch(x): max rel err =   0.8332E-11   at   2.782960
 ---------------------------------------------------
|---------------------------------------------------
| APPROXIMATING direct energy using CUBIC SPLINE INTERPOLATION
|  with   50.0 points per unit in tabled values
| Relative Error Limit not exceeded for r .gt.   2.47
| APPROXIMATING direct force using CUBIC SPLINE INTERPOLATION
|  with   50.0 points per unit in tabled values
| Relative Error Limit not exceeded for r .gt.   2.89
|---------------------------------------------------
   DOF for the SC part  1 of the system:    2
   SHAKE constraints in the SC region:    1
   DOF for the SC part  2 of the system:    5
   SHAKE constraints in the SC region:    1

| TI region  1


 NSTEP =        0   TIME(PS) =       0.000  TEMP(K) =    76.83  PRESS =     0.0
 Etot   =     -7696.2710  EKtot   =       400.3306  EPtot      =     -8096.6016
 BOND   =         1.8190  ANGLE   =         2.5202  DIHED      =         0.8551
 1-4 NB =         3.5333  1-4 EEL =        -3.6481  VDWAALS    =      1237.0926
 EELEC  =     -9338.7735  EHBOND  =         0.0000  RESTRAINT  =         0.0000
 DV/DL  =         2.8477
 Ewald error estimate:   0.4313E-03
 ------------------------------------------------------------------------------

  Softcore part of the system:       1 atoms,       TEMP(K)    =          43.25
 SC_Etot=         2.2660  SC_EKtot=         0.0860  SC_EPtot   =         2.1800
 SC_BOND=         0.0000  SC_ANGLE=         0.0327  SC_DIHED   =         1.0667
 SC_14NB=         0.0046  SC_14EEL=         1.0760  SC_VDW     =         0.0000
 SC_EEL =         0.0000
 SC_RES_DIST=     0.0000  SC_RES_ANG=       0.0000  SC_RES_TORS=         0.0000
 SC_EEL_DER=     -0.0269  SC_VDW_DER=       0.0707  SC_DERIV   =         0.0438
 ------------------------------------------------------------------------------


| TI region  2


 NSTEP =        0   TIME(PS) =       0.000  TEMP(K) =    76.95  PRESS =     0.0
 Etot   =     -7695.4522  EKtot   =       401.1494  EPtot      =     -8096.6016
 BOND   =         1.8190  ANGLE   =         2.5202  DIHED      =         0.8551
 1-4 NB =         3.5333  1-4 EEL =        -3.6481  VDWAALS    =      1237.0926
 EELEC  =     -9338.7735  EHBOND  =         0.0000  RESTRAINT  =         0.0000
 DV/DL  =         2.8477
 Ewald error estimate:   0.4313E-03
 ------------------------------------------------------------------------------

  Softcore part of the system:       2 atoms,       TEMP(K)    =         179.44
 SC_Etot=       -35.9614  SC_EKtot=         0.8915  SC_EPtot   =       -36.8529
 SC_BOND=         0.1714  SC_ANGLE=         1.8427  SC_DIHED   =         0.1522
 SC_14NB=         0.2159  SC_14EEL=       -39.2351  SC_VDW     =         0.0000
 SC_EEL =         0.0000
 SC_RES_DIST=     0.0000  SC_RES_ANG=       0.0000  SC_RES_TORS=         0.0000
 SC_EEL_DER=     -0.0269  SC_VDW_DER=       0.0707  SC_DERIV   =         0.0438
 ------------------------------------------------------------------------------

 NMR restraints: Bond =    0.000   Angle =     0.000   Torsion =     0.000
===============================================================================

| TI region  1


 NSTEP =     1000   TIME(PS) =       2.000  TEMP(K) =   137.92  PRESS =     0.0
 Etot   =     -8854.2597  EKtot   =       718.6393  EPtot      =     -9572.8989
 BOND   =         1.3132  ANGLE   =         0.3595  DIHED      =         1.1340
 1-4 NB =         3.2646  1-4 EEL =        -3.6618  VDWAALS    =      1672.6983
 EELEC  =    -11249.1534  EHBOND  =         0.0000  RESTRAINT  =         1.1465
 EAMBER (non-restraint)  =     -9574.0454
 DV/DL  =         2.5822
 Ewald error estimate:   0.5540E-04
 ------------------------------------------------------------------------------

  Softcore part of the system:       1 atoms,       TEMP(K)    =          71.81
 SC_Etot=         1.4102  SC_EKtot=         0.1427  SC_EPtot   =         1.2675
 SC_BOND=         0.0000  SC_ANGLE=         0.0958  SC_DIHED   =         0.1244
 SC_14NB=        -0.0112  SC_14EEL=         1.0584  SC_VDW     =         0.0000
 SC_EEL =         0.0000
 SC_RES_DIST=     0.0000  SC_RES_ANG=       0.0000  SC_RES_TORS=         0.0000
 SC_EEL_DER=     -0.4214  SC_VDW_DER=       0.6518  SC_DERIV   =         0.2304
 ------------------------------------------------------------------------------


| TI region  2


 NSTEP =     1000   TIME(PS) =       2.000  TEMP(K) =   137.86  PRESS =     0.0
 Etot   =     -8854.1767  EKtot   =       718.7222  EPtot      =     -9572.8989
 BOND   =         1.3132  ANGLE   =         0.3595  DIHED      =         1.1340
 1-4 NB =         3.2646  1-4 EEL =        -3.6618  VDWAALS    =      1672.6983
 EELEC  =    -11249.1534  EHBOND  =         0.0000  RESTRAINT  =         1.1465
 EAMBER (non-restraint)  =     -9574.0454
 DV/DL  =         2.5822
 Ewald error estimate:   0.5540E-04
 ------------------------------------------------------------------------------

  Softcore part of the system:       2 atoms,       TEMP(K)    =          45.42
 SC_Etot=       -37.1909  SC_EKtot=         0.2256  SC_EPtot   =       -37.4165
 SC_BOND=         0.0064  SC_ANGLE=         0.1437  SC_DIHED   =         0.5129
 SC_14NB=         0.0695  SC_14EEL=       -38.1489  SC_VDW     =         0.0000
 SC_EEL =         0.0000
 SC_RES_DIST=     0.3662  SC_RES_ANG=       0.0000  SC_RES_TORS=         0.0000
 SC_EEL_DER=     -0.4214  SC_VDW_DER=       0.6518  SC_DERIV   =         0.2304
 ------------------------------------------------------------------------------

 NMR restraints: Bond =    0.000   Angle =     0.000   Torsion =     0.000
===============================================================================

| TI region  1


 NSTEP =     2000   TIME(PS) =       4.000  TEMP(K) =   123.13  PRESS =     0.0
 Etot   =     -9168.1880  EKtot   =       641.5801  EPtot      =     -9809.7681
 BOND   =         0.6792  ANGLE   =         0.7393  DIHED      =         0.4430
 1-4 NB =         3.4786  1-4 EEL =        -3.6108  VDWAALS    =      1723.6750
 EELEC  =    -11536.1164  EHBOND  =         0.0000  RESTRAINT  =         0.9441
 EAMBER (non-restraint)  =     -9810.7121
 DV/DL  =         2.6972
 Ewald error estimate:   0.1750E-04
 ------------------------------------------------------------------------------

  Softcore part of the system:       1 atoms,       TEMP(K)    =          20.51
 SC_Etot=         1.7233  SC_EKtot=         0.0408  SC_EPtot   =         1.6825
 SC_BOND=         0.0000  SC_ANGLE=         0.3522  SC_DIHED   =         0.2687
 SC_14NB=        -0.0025  SC_14EEL=         1.0641  SC_VDW     =         0.0000
 SC_EEL =         0.0000
 SC_RES_DIST=     0.0000  SC_RES_ANG=       0.0000  SC_RES_TORS=         0.0000
 SC_EEL_DER=     -0.1298  SC_VDW_DER=       0.4225  SC_DERIV   =         0.2927
 ------------------------------------------------------------------------------


| TI region  2


 NSTEP =     2000   TIME(PS) =       4.000  TEMP(K) =   123.19  PRESS =     0.0
 Etot   =     -9167.5515  EKtot   =       642.2166  EPtot      =     -9809.7681
 BOND   =         0.6792  ANGLE   =         0.7393  DIHED      =         0.4430
 1-4 NB =         3.4786  1-4 EEL =        -3.6108  VDWAALS    =      1723.6750
 EELEC  =    -11536.1164  EHBOND  =         0.0000  RESTRAINT  =         0.9441
 EAMBER (non-restraint)  =     -9810.7121
 DV/DL  =         2.6972
 Ewald error estimate:   0.1750E-04
 ------------------------------------------------------------------------------

  Softcore part of the system:       2 atoms,       TEMP(K)    =         136.32
 SC_Etot=       -37.6008  SC_EKtot=         0.6773  SC_EPtot   =       -38.2781
 SC_BOND=         0.0075  SC_ANGLE=         0.6927  SC_DIHED   =         0.1034
 SC_14NB=         0.1738  SC_14EEL=       -39.2554  SC_VDW     =         0.0000
 SC_EEL =         0.0000
 SC_RES_DIST=     0.0371  SC_RES_ANG=       0.0000  SC_RES_TORS=         0.0000
 SC_EEL_DER=     -0.1298  SC_VDW_DER=       0.4225  SC_DERIV   =         0.2927
 ------------------------------------------------------------------------------

 NMR restraints: Bond =    0.000   Angle =     0.000   Torsion =     0.000
===============================================================================

| TI region  1


 NSTEP =     3000   TIME(PS) =       6.000  TEMP(K) =   129.22  PRESS =     0.0
 Etot   =     -9128.2330  EKtot   =       673.3057  EPtot      =     -9801.5387
 BOND   =         1.2764  ANGLE   =         0.3206  DIHED      =         0.2545
 1-4 NB =         3.2023  1-4 EEL =        -3.6353  VDWAALS    =      1705.2876
 EELEC  =    -11508.9327  EHBOND  =         0.0000  RESTRAINT  =         0.6880
 EAMBER (non-restraint)  =     -9802.2266
 DV/DL  =         3.6657
 Ewald error estimate:   0.1104E-03
 ------------------------------------------------------------------------------

  Softcore part of the system:       1 atoms,       TEMP(K)    =         120.91
 SC_Etot=         1.3612  SC_EKtot=         0.2403  SC_EPtot   =         1.1209
 SC_BOND=         0.0000  SC_ANGLE=         0.0316  SC_DIHED   =         0.0529
 SC_14NB=        -0.0129  SC_14EEL=         1.0493  SC_VDW     =         0.0000
 SC_EEL =         0.0000
 SC_RES_DIST=     0.0000  SC_RES_ANG=       0.0000  SC_RES_TORS=         0.0000
 SC_EEL_DER=     -0.0787  SC_VDW_DER=       0.8025  SC_DERIV   =         0.7238
 ------------------------------------------------------------------------------


| TI region  2


 NSTEP =     3000   TIME(PS) =       6.000  TEMP(K) =   129.36  PRESS =     0.0
 Etot   =     -9127.1276  EKtot   =       674.4111  EPtot      =     -9801.5387
 BOND   =         1.2764  ANGLE   =         0.3206  DIHED      =         0.2545
 1-4 NB =         3.2023  1-4 EEL =        -3.6353  VDWAALS    =      1705.2876
 EELEC  =    -11508.9327  EHBOND  =         0.0000  RESTRAINT  =         0.6880
 EAMBER (non-restraint)  =     -9802.2266
 DV/DL  =         3.6657
 Ewald error estimate:   0.1104E-03
 ------------------------------------------------------------------------------

  Softcore part of the system:       2 atoms,       TEMP(K)    =         270.87
 SC_Etot=       -37.0624  SC_EKtot=         1.3457  SC_EPtot   =       -38.4080
 SC_BOND=         0.0497  SC_ANGLE=         0.2022  SC_DIHED   =         0.0680
 SC_14NB=         0.0574  SC_14EEL=       -38.7853  SC_VDW     =         0.0000
 SC_EEL =         0.0000
 SC_RES_DIST=     0.0386  SC_RES_ANG=       0.0000  SC_RES_TORS=         0.0000
 SC_EEL_DER=     -0.0787  SC_VDW_DER=       0.8025  SC_DERIV   =         0.7238
 ------------------------------------------------------------------------------

 NMR restraints: Bond =    0.000   Angle =     0.000   Torsion =     0.000
===============================================================================

| TI region  1


 NSTEP =     4000   TIME(PS) =       8.000  TEMP(K) =   151.24  PRESS =     0.0
 Etot   =     -8908.9064  EKtot   =       788.0302  EPtot      =     -9696.9366
 BOND   =         0.4525  ANGLE   =         0.7019  DIHED      =         0.6264
 1-4 NB =         3.4646  1-4 EEL =        -3.5306  VDWAALS    =      1755.4722
 EELEC  =    -11455.1668  EHBOND  =         0.0000  RESTRAINT  =         1.0431
 EAMBER (non-restraint)  =     -9697.9798
 DV/DL  =         3.9918
 Ewald error estimate:   0.2541E-03
 ------------------------------------------------------------------------------

  Softcore part of the system:       1 atoms,       TEMP(K)    =          70.31
 SC_Etot=         1.4969  SC_EKtot=         0.1397  SC_EPtot   =         1.3572
 SC_BOND=         0.0000  SC_ANGLE=         0.0007  SC_DIHED   =         0.3782
 SC_14NB=        -0.0160  SC_14EEL=         0.9943  SC_VDW     =         0.0000
 SC_EEL =         0.0000
 SC_RES_DIST=     0.0000  SC_RES_ANG=       0.0000  SC_RES_TORS=         0.0000
 SC_EEL_DER=     -0.4059  SC_VDW_DER=       0.7411  SC_DERIV   =         0.3352
 ------------------------------------------------------------------------------


| TI region  2


 NSTEP =     4000   TIME(PS) =       8.000  TEMP(K) =   151.20  PRESS =     0.0
 Etot   =     -8908.6626  EKtot   =       788.2740  EPtot      =     -9696.9366
 BOND   =         0.4525  ANGLE   =         0.7019  DIHED      =         0.6264
 1-4 NB =         3.4646  1-4 EEL =        -3.5306  VDWAALS    =      1755.4722
 EELEC  =    -11455.1668  EHBOND  =         0.0000  RESTRAINT  =         1.0431
 EAMBER (non-restraint)  =     -9697.9798
 DV/DL  =         3.9918
 Ewald error estimate:   0.2541E-03
 ------------------------------------------------------------------------------

  Softcore part of the system:       2 atoms,       TEMP(K)    =          77.20
 SC_Etot=       -37.5391  SC_EKtot=         0.3835  SC_EPtot   =       -37.9226
 SC_BOND=         0.0063  SC_ANGLE=         0.4384  SC_DIHED   =         0.5319
 SC_14NB=         0.0230  SC_14EEL=       -38.9221  SC_VDW     =         0.0000
 SC_EEL =         0.0000
 SC_RES_DIST=     0.0721  SC_RES_ANG=       0.0000  SC_RES_TORS=         0.0000
 SC_EEL_DER=     -0.4059  SC_VDW_DER=       0.7411  SC_DERIV   =         0.3352
 ------------------------------------------------------------------------------

 NMR restraints: Bond =    0.000   Angle =     0.000   Torsion =     0.000
===============================================================================

| TI region  1


 NSTEP =     5000   TIME(PS) =      10.000  TEMP(K) =   173.89  PRESS =     0.0
 Etot   =     -8612.8697  EKtot   =       906.0295  EPtot      =     -9518.8993
 BOND   =         0.6377  ANGLE   =         1.3501  DIHED      =         0.6828
 1-4 NB =         3.2414  1-4 EEL =        -3.6346  VDWAALS    =      1744.4709
 EELEC  =    -11266.9087  EHBOND  =         0.0000  RESTRAINT  =         1.2611
 EAMBER (non-restraint)  =     -9520.1604
 DV/DL  =         1.2675
 Ewald error estimate:   0.5052E-03
 ------------------------------------------------------------------------------

  Softcore part of the system:       1 atoms,       TEMP(K)    =          55.35
 SC_Etot=         1.2313  SC_EKtot=         0.1100  SC_EPtot   =         1.1213
 SC_BOND=         0.0000  SC_ANGLE=         0.0558  SC_DIHED   =         0.0427
 SC_14NB=        -0.0135  SC_14EEL=         1.0363  SC_VDW     =         0.0000
 SC_EEL =         0.0000
 SC_RES_DIST=     0.0000  SC_RES_ANG=       0.0000  SC_RES_TORS=         0.0000
 SC_EEL_DER=     -0.0349  SC_VDW_DER=       0.0187  SC_DERIV   =        -0.0163
 ------------------------------------------------------------------------------


| TI region  2


 NSTEP =     5000   TIME(PS) =      10.000  TEMP(K) =   174.05  PRESS =     0.0
 Etot   =     -8611.4825  EKtot   =       907.4168  EPtot      =     -9518.8993
 BOND   =         0.6377  ANGLE   =         1.3501  DIHED      =         0.6828
 1-4 NB =         3.2414  1-4 EEL =        -3.6346  VDWAALS    =      1744.4709
 EELEC  =    -11266.9087  EHBOND  =         0.0000  RESTRAINT  =         1.2611
 EAMBER (non-restraint)  =     -9520.1604
 DV/DL  =         1.2675
 Ewald error estimate:   0.5052E-03
 ------------------------------------------------------------------------------

  Softcore part of the system:       2 atoms,       TEMP(K)    =         301.37
 SC_Etot=       -36.2611  SC_EKtot=         1.4972  SC_EPtot   =       -37.7583
 SC_BOND=         0.0537  SC_ANGLE=         0.1896  SC_DIHED   =         0.0667
 SC_14NB=         0.0588  SC_14EEL=       -38.1272  SC_VDW     =         0.0000
 SC_EEL =         0.0000
 SC_RES_DIST=     0.3860  SC_RES_ANG=       0.0000  SC_RES_TORS=         0.0000
 SC_EEL_DER=     -0.0349  SC_VDW_DER=       0.0187  SC_DERIV   =        -0.0163
 ------------------------------------------------------------------------------

 NMR restraints: Bond =    0.000   Angle =     0.000   Torsion =     0.000
===============================================================================

| TI region  1


 NSTEP =     6000   TIME(PS) =      12.000  TEMP(K) =   205.12  PRESS =     0.0
 Etot   =     -8274.8773  EKtot   =      1068.7609  EPtot      =     -9343.6382
 BOND   =         0.5442  ANGLE   =         1.6109  DIHED      =         0.5760
 1-4 NB =         3.6211  1-4 EEL =        -3.6208  VDWAALS    =      1636.1372
 EELEC  =    -10985.6687  EHBOND  =         0.0000  RESTRAINT  =         3.1619
 EAMBER (non-restraint)  =     -9346.8001
 DV/DL  =         1.8972
 Ewald error estimate:   0.5888E-03
 ------------------------------------------------------------------------------

  Softcore part of the system:       1 atoms,       TEMP(K)    =           5.57
 SC_Etot=         1.9183  SC_EKtot=         0.0111  SC_EPtot   =         1.9072
 SC_BOND=         0.0000  SC_ANGLE=         0.2684  SC_DIHED   =         0.5393
 SC_14NB=         0.0115  SC_14EEL=         1.0881  SC_VDW     =         0.0000
 SC_EEL =         0.0000
 SC_RES_DIST=     0.0000  SC_RES_ANG=       0.0000  SC_RES_TORS=         0.0000
 SC_EEL_DER=     -0.2301  SC_VDW_DER=       0.1688  SC_DERIV   =        -0.0613
 ------------------------------------------------------------------------------


| TI region  2


 NSTEP =     6000   TIME(PS) =      12.000  TEMP(K) =   205.12  PRESS =     0.0
 Etot   =     -8274.2552  EKtot   =      1069.3830  EPtot      =     -9343.6382
 BOND   =         0.5442  ANGLE   =         1.6109  DIHED      =         0.5760
 1-4 NB =         3.6211  1-4 EEL =        -3.6208  VDWAALS    =      1636.1372
 EELEC  =    -10985.6687  EHBOND  =         0.0000  RESTRAINT  =         3.1619
 EAMBER (non-restraint)  =     -9346.8001
 DV/DL  =         1.8972
 Ewald error estimate:   0.5888E-03
 ------------------------------------------------------------------------------

  Softcore part of the system:       2 atoms,       TEMP(K)    =         127.45
 SC_Etot=       -36.9803  SC_EKtot=         0.6332  SC_EPtot   =       -37.6135
 SC_BOND=         0.1321  SC_ANGLE=         0.2551  SC_DIHED   =         0.6934
 SC_14NB=         0.1187  SC_14EEL=       -38.8129  SC_VDW     =         0.0000
 SC_EEL =         0.0000
 SC_RES_DIST=     0.3690  SC_RES_ANG=       0.0000  SC_RES_TORS=         0.0000
 SC_EEL_DER=     -0.2301  SC_VDW_DER=       0.1688  SC_DERIV   =        -0.0613
 ------------------------------------------------------------------------------

 NMR restraints: Bond =    0.000   Angle =     0.000   Torsion =     0.000
===============================================================================

| TI region  1


 NSTEP =     7000   TIME(PS) =      14.000  TEMP(K) =   228.40  PRESS =     0.0
 Etot   =     -7885.1502  EKtot   =      1190.0785  EPtot      =     -9075.2287
 BOND   =         0.9797  ANGLE   =         0.8991  DIHED      =         1.1682
 1-4 NB =         3.6129  1-4 EEL =        -3.6711  VDWAALS    =      1505.0216
 EELEC  =    -10584.0708  EHBOND  =         0.0000  RESTRAINT  =         0.8317
 EAMBER (non-restraint)  =     -9076.0604
 DV/DL  =         2.0811
 Ewald error estimate:   0.2647E-03
 ------------------------------------------------------------------------------

  Softcore part of the system:       1 atoms,       TEMP(K)    =         399.26
 SC_Etot=         2.2458  SC_EKtot=         0.7934  SC_EPtot   =         1.4524
 SC_BOND=         0.0000  SC_ANGLE=         0.3779  SC_DIHED   =         0.0445
 SC_14NB=        -0.0044  SC_14EEL=         1.0344  SC_VDW     =         0.0000
 SC_EEL =         0.0000
 SC_RES_DIST=     0.0000  SC_RES_ANG=       0.0000  SC_RES_TORS=         0.0000
 SC_EEL_DER=     -0.0471  SC_VDW_DER=       0.1388  SC_DERIV   =         0.0916
 ------------------------------------------------------------------------------


| TI region  2


 NSTEP =     7000   TIME(PS) =      14.000  TEMP(K) =   228.34  PRESS =     0.0
 Etot   =     -7884.8190  EKtot   =      1190.4097  EPtot      =     -9075.2287
 BOND   =         0.9797  ANGLE   =         0.8991  DIHED      =         1.1682
 1-4 NB =         3.6129  1-4 EEL =        -3.6711  VDWAALS    =      1505.0216
 EELEC  =    -10584.0708  EHBOND  =         0.0000  RESTRAINT  =         0.8317
 EAMBER (non-restraint)  =     -9076.0604
 DV/DL  =         2.0811
 Ewald error estimate:   0.2647E-03
 ------------------------------------------------------------------------------

  Softcore part of the system:       2 atoms,       TEMP(K)    =         226.37
 SC_Etot=       -33.6297  SC_EKtot=         1.1246  SC_EPtot   =       -34.7544
 SC_BOND=         1.1065  SC_ANGLE=         1.2241  SC_DIHED   =         0.8110
 SC_14NB=         0.1594  SC_14EEL=       -38.0554  SC_VDW     =         0.0000
 SC_EEL =         0.0000
 SC_RES_DIST=     0.3094  SC_RES_ANG=       0.0000  SC_RES_TORS=         0.0000
 SC_EEL_DER=     -0.0471  SC_VDW_DER=       0.1388  SC_DERIV   =         0.0916
 ------------------------------------------------------------------------------

 NMR restraints: Bond =    0.000   Angle =     0.000   Torsion =     0.000
===============================================================================

| TI region  1


 NSTEP =     8000   TIME(PS) =      16.000  TEMP(K) =   259.90  PRESS =     0.0
 Etot   =     -7420.1469  EKtot   =      1354.1834  EPtot      =     -8774.3304
 BOND   =         0.8456  ANGLE   =         1.5348  DIHED      =         1.3346
 1-4 NB =         3.7461  1-4 EEL =        -3.6748  VDWAALS    =      1442.2176
 EELEC  =    -10221.4984  EHBOND  =         0.0000  RESTRAINT  =         1.1641
 EAMBER (non-restraint)  =     -8775.4945
 DV/DL  =         7.6690
 Ewald error estimate:   0.2611E-03
 ------------------------------------------------------------------------------

  Softcore part of the system:       1 atoms,       TEMP(K)    =         235.06
 SC_Etot=         2.1289  SC_EKtot=         0.4671  SC_EPtot   =         1.6618
 SC_BOND=         0.0000  SC_ANGLE=         0.1696  SC_DIHED   =         0.4239
 SC_14NB=         0.0042  SC_14EEL=         1.0640  SC_VDW     =         0.0000
 SC_EEL =         0.0000
 SC_RES_DIST=     0.0000  SC_RES_ANG=       0.0000  SC_RES_TORS=         0.0000
 SC_EEL_DER=      0.5257  SC_VDW_DER=       1.1218  SC_DERIV   =         1.6474
 ------------------------------------------------------------------------------


| TI region  2


 NSTEP =     8000   TIME(PS) =      16.000  TEMP(K) =   260.13  PRESS =     0.0
 Etot   =     -7418.1873  EKtot   =      1356.1430  EPtot      =     -8774.3304
 BOND   =         0.8456  ANGLE   =         1.5348  DIHED      =         1.3346
 1-4 NB =         3.7461  1-4 EEL =        -3.6748  VDWAALS    =      1442.2176
 EELEC  =    -10221.4984  EHBOND  =         0.0000  RESTRAINT  =         1.1641
 EAMBER (non-restraint)  =     -8775.4945
 DV/DL  =         7.6690
 Ewald error estimate:   0.2611E-03
 ------------------------------------------------------------------------------

  Softcore part of the system:       2 atoms,       TEMP(K)    =         488.46
 SC_Etot=       -35.8814  SC_EKtot=         2.4267  SC_EPtot   =       -38.3081
 SC_BOND=         0.1477  SC_ANGLE=         0.7923  SC_DIHED   =         0.5154
 SC_14NB=         0.1757  SC_14EEL=       -39.9391  SC_VDW     =         0.0000
 SC_EEL =         0.0000
 SC_RES_DIST=     0.3131  SC_RES_ANG=       0.0000  SC_RES_TORS=         0.0000
 SC_EEL_DER=      0.5257  SC_VDW_DER=       1.1218  SC_DERIV   =         1.6474
 ------------------------------------------------------------------------------

 NMR restraints: Bond =    0.000   Angle =     0.000   Torsion =     0.000
===============================================================================

| TI region  1


 NSTEP =     9000   TIME(PS) =      18.000  TEMP(K) =   267.00  PRESS =     0.0
 Etot   =     -7047.4061  EKtot   =      1391.2046  EPtot      =     -8438.6107
 BOND   =         1.3769  ANGLE   =         1.3702  DIHED      =         3.4184
 1-4 NB =         2.9251  1-4 EEL =        -3.5846  VDWAALS    =      1228.3761
 EELEC  =     -9672.7795  EHBOND  =         0.0000  RESTRAINT  =         0.2867
 EAMBER (non-restraint)  =     -8438.8974
 DV/DL  =         1.5730
 Ewald error estimate:   0.1816E-03
 ------------------------------------------------------------------------------

  Softcore part of the system:       1 atoms,       TEMP(K)    =         170.16
 SC_Etot=         1.9261  SC_EKtot=         0.3381  SC_EPtot   =         1.5879
 SC_BOND=         0.0000  SC_ANGLE=         0.0101  SC_DIHED   =         0.5899
 SC_14NB=        -0.0175  SC_14EEL=         1.0055  SC_VDW     =         0.0000
 SC_EEL =         0.0000
 SC_RES_DIST=     0.0000  SC_RES_ANG=       0.0000  SC_RES_TORS=         0.0000
 SC_EEL_DER=     -0.9771  SC_VDW_DER=       0.3614  SC_DERIV   =        -0.6157
 ------------------------------------------------------------------------------


| TI region  2


 NSTEP =     9000   TIME(PS) =      18.000  TEMP(K) =   267.06  PRESS =     0.0
 Etot   =     -7046.3200  EKtot   =      1392.2907  EPtot      =     -8438.6107
 BOND   =         1.3769  ANGLE   =         1.3702  DIHED      =         3.4184
 1-4 NB =         2.9251  1-4 EEL =        -3.5846  VDWAALS    =      1228.3761
 EELEC  =     -9672.7795  EHBOND  =         0.0000  RESTRAINT  =         0.2867
 EAMBER (non-restraint)  =     -8438.8974
 DV/DL  =         1.5730
 Ewald error estimate:   0.1816E-03
 ------------------------------------------------------------------------------

  Softcore part of the system:       2 atoms,       TEMP(K)    =         286.69
 SC_Etot=       -35.9917  SC_EKtot=         1.4243  SC_EPtot   =       -37.4160
 SC_BOND=         0.0036  SC_ANGLE=         1.2239  SC_DIHED   =         0.6281
 SC_14NB=         0.1116  SC_14EEL=       -39.3832  SC_VDW     =         0.0000
 SC_EEL =         0.0000
 SC_RES_DIST=     0.7086  SC_RES_ANG=       0.0000  SC_RES_TORS=         0.0000
 SC_EEL_DER=     -0.9771  SC_VDW_DER=       0.3614  SC_DERIV   =        -0.6157
 ------------------------------------------------------------------------------

 NMR restraints: Bond =    0.000   Angle =     0.000   Torsion =     0.000
===============================================================================

| TI region  1


 NSTEP =    10000   TIME(PS) =      20.000  TEMP(K) =   285.68  PRESS =     0.0
 Etot   =     -6804.2547  EKtot   =      1488.5072  EPtot      =     -8292.7619
 BOND   =         2.2007  ANGLE   =         2.2092  DIHED      =         3.2335
 1-4 NB =         3.5114  1-4 EEL =        -3.8394  VDWAALS    =      1255.5501
 EELEC  =     -9557.6764  EHBOND  =         0.0000  RESTRAINT  =         2.0491
 EAMBER (non-restraint)  =     -8294.8109
 DV/DL  =         3.6100
 Ewald error estimate:   0.5617E-04
 ------------------------------------------------------------------------------

  Softcore part of the system:       1 atoms,       TEMP(K)    =         103.60
 SC_Etot=         1.9799  SC_EKtot=         0.2059  SC_EPtot   =         1.7740
 SC_BOND=         0.0000  SC_ANGLE=         0.4220  SC_DIHED   =         0.2497
 SC_14NB=         0.0079  SC_14EEL=         1.0945  SC_VDW     =         0.0000
 SC_EEL =         0.0000
 SC_RES_DIST=     0.0000  SC_RES_ANG=       0.0000  SC_RES_TORS=         0.0000
 SC_EEL_DER=     -0.2549  SC_VDW_DER=       0.1226  SC_DERIV   =        -0.1322
 ------------------------------------------------------------------------------


| TI region  2


 NSTEP =    10000   TIME(PS) =      20.000  TEMP(K) =   285.64  PRESS =     0.0
 Etot   =     -6803.5832  EKtot   =      1489.1786  EPtot      =     -8292.7619
 BOND   =         2.2007  ANGLE   =         2.2092  DIHED      =         3.2335
 1-4 NB =         3.5114  1-4 EEL =        -3.8394  VDWAALS    =      1255.5501
 EELEC  =     -9557.6764  EHBOND  =         0.0000  RESTRAINT  =         2.0491
 EAMBER (non-restraint)  =     -8294.8109
 DV/DL  =         3.6100
 Ewald error estimate:   0.5617E-04
 ------------------------------------------------------------------------------

  Softcore part of the system:       2 atoms,       TEMP(K)    =         176.59
 SC_Etot=       -36.8949  SC_EKtot=         0.8773  SC_EPtot   =       -37.7722
 SC_BOND=         0.4413  SC_ANGLE=         0.7410  SC_DIHED   =         0.1344
 SC_14NB=         0.1353  SC_14EEL=       -39.2243  SC_VDW     =         0.0000
 SC_EEL =         0.0000
 SC_RES_DIST=     0.7448  SC_RES_ANG=       0.0000  SC_RES_TORS=         0.0000
 SC_EEL_DER=     -0.2549  SC_VDW_DER=       0.1226  SC_DERIV   =        -0.1322
 ------------------------------------------------------------------------------

 NMR restraints: Bond =    0.000   Angle =     0.000   Torsion =     0.000
===============================================================================

| TI region  1


      A V E R A G E S   O V E R      10 S T E P S


 NSTEP =    10000   TIME(PS) =      20.000  TEMP(K) =   196.15  PRESS =     0.0
 Etot   =     -8210.4292  EKtot   =      1022.0319  EPtot      =     -9232.4611
 BOND   =         1.0306  ANGLE   =         1.1096  DIHED      =         1.2871
 1-4 NB =         3.4068  1-4 EEL =        -3.6464  VDWAALS    =      1566.8907
 EELEC  =    -10803.7972  EHBOND  =         0.0000  RESTRAINT  =         1.2576
 EAMBER (non-restraint)  =     -9233.7188
 DV/DL  =         3.1035
 Ewald error estimate:   0.2295E-03
 ------------------------------------------------------------------------------

 NMR restraints: Bond =    0.000   Angle =     0.000   Torsion =     0.000
===============================================================================
  Softcore part of the system:       1 atoms,       TEMP(K)    =         125.25
 SC_Etot=         1.7422  SC_EKtot=         0.2489  SC_EPtot   =         1.4933
 SC_BOND=         0.0000  SC_ANGLE=         0.1784  SC_DIHED   =         0.2714
 SC_14NB=        -0.0054  SC_14EEL=         1.0489  SC_VDW     =         0.0000
 SC_EEL =         0.0000
 SC_RES_DIST=     0.0000  SC_RES_ANG=       0.0000  SC_RES_TORS=         0.0000
 SC_EEL_DER=     -0.2054  SC_VDW_DER=       0.4550  SC_DERIV   =         0.2496
 ------------------------------------------------------------------------------


      R M S  F L U C T U A T I O N S


 NSTEP =    10000   TIME(PS) =      20.000  TEMP(K) =    58.25  PRESS =     0.0
 Etot   =       829.9679  EKtot   =       303.5209  EPtot      =       532.0728
 BOND   =         0.5015  ANGLE   =         0.5744  DIHED      =         1.0704
 1-4 NB =         0.2333  1-4 EEL =         0.0764  VDWAALS    =       189.1347
 EELEC  =       715.7549  EHBOND  =         0.0000  RESTRAINT  =         0.7660
 EAMBER (non-restraint)  =       531.3068
 DV/DL  =         1.7566
 Ewald error estimate:   0.1816E-03
 ------------------------------------------------------------------------------

  Softcore part of the system:       1 atoms,       TEMP(K)    =         112.12
 SC_Etot=         0.3319  SC_EKtot=         0.2228  SC_EPtot   =         0.2591
 SC_BOND=         0.0000  SC_ANGLE=         0.1552  SC_DIHED   =         0.1953
 SC_14NB=         0.0099  SC_14EEL=         0.0307  SC_VDW     =         0.0000
 SC_EEL =         0.0000
 SC_RES_DIST=     0.0000  SC_RES_ANG=       0.0000  SC_RES_TORS=         0.0000
 SC_EEL_DER=      0.3600  SC_VDW_DER=       0.3433  SC_DERIV   =         0.5723
 ------------------------------------------------------------------------------


| TI region  2


      A V E R A G E S   O V E R      10 S T E P S


 NSTEP =    10000   TIME(PS) =      20.000  TEMP(K) =   196.20  PRESS =     0.0
 Etot   =     -8209.6166  EKtot   =      1022.8446  EPtot      =     -9232.4611
 BOND   =         1.0306  ANGLE   =         1.1096  DIHED      =         1.2871
 1-4 NB =         3.4068  1-4 EEL =        -3.6464  VDWAALS    =      1566.8907
 EELEC  =    -10803.7972  EHBOND  =         0.0000  RESTRAINT  =         1.2576
 EAMBER (non-restraint)  =     -9233.7188
 DV/DL  =         3.1035
 Ewald error estimate:   0.2295E-03
 ------------------------------------------------------------------------------

 NMR restraints: Bond =    0.000   Angle =     0.000   Torsion =     0.000
===============================================================================
  Softcore part of the system:       2 atoms,       TEMP(K)    =         213.67
 SC_Etot=       -36.5032  SC_EKtot=         1.0615  SC_EPtot   =       -37.5648
 SC_BOND=         0.1955  SC_ANGLE=         0.5903  SC_DIHED   =         0.4065
 SC_14NB=         0.1083  SC_14EEL=       -38.8654  SC_VDW     =         0.0000
 SC_EEL =         0.0000
 SC_RES_DIST=     0.3345  SC_RES_ANG=       0.0000  SC_RES_TORS=         0.0000
 SC_EEL_DER=     -0.2054  SC_VDW_DER=       0.4550  SC_DERIV   =         0.2496
 ------------------------------------------------------------------------------


      R M S  F L U C T U A T I O N S


 NSTEP =    10000   TIME(PS) =      20.000  TEMP(K) =    58.26  PRESS =     0.0
 Etot   =       830.1389  EKtot   =       303.7121  EPtot      =       532.0728
 BOND   =         0.5015  ANGLE   =         0.5744  DIHED      =         1.0704
 1-4 NB =         0.2333  1-4 EEL =         0.0764  VDWAALS    =       189.1347
 EELEC  =       715.7549  EHBOND  =         0.0000  RESTRAINT  =         0.7660
 EAMBER (non-restraint)  =       531.3068
 DV/DL  =         1.7566
 Ewald error estimate:   0.1816E-03
 ------------------------------------------------------------------------------

  Softcore part of the system:       2 atoms,       TEMP(K)    =         123.97
 SC_Etot=         1.1139  SC_EKtot=         0.6159  SC_EPtot   =         0.9963
 SC_BOND=         0.3289  SC_ANGLE=         0.3903  SC_DIHED   =         0.2702
 SC_14NB=         0.0511  SC_14EEL=         0.5855  SC_VDW     =         0.0000
 SC_EEL =         0.0000
 SC_RES_DIST=     0.2365  SC_RES_ANG=       0.0000  SC_RES_TORS=         0.0000
 SC_EEL_DER=      0.3600  SC_VDW_DER=       0.3433  SC_DERIV   =         0.5723
 ------------------------------------------------------------------------------


      DV/DL, AVERAGES OVER      10 STEPS


 NSTEP =    10000   TIME(PS) =      20.000  TEMP(K) =    58.26  PRESS =     0.0
 Etot   =         0.0000  EKtot   =         0.0000  EPtot      =         3.1035
 BOND   =        -0.0000  ANGLE   =        -0.0000  DIHED      =         0.0000
 1-4 NB =         0.0000  1-4 EEL =        -8.0948  VDWAALS    =        -0.4339
 EELEC  =        11.6322  EHBOND  =         0.0000  RESTRAINT  =        -0.0000
 EAMBER (non-restraint)  =         3.1035
 DV/DL  =         3.1035
 Ewald error estimate:   0.0000E+00
 ------------------------------------------------------------------------------


 NMR restraints on final step:

--------------------------------------------------------------------------------
   5.  TIMINGS
--------------------------------------------------------------------------------

|  NonSetup CPU Time in Major Routines, Average for All Tasks:
|
|     Routine           Sec        %
|     ------------------------------
|     DataDistrib       4.41   10.17
|     Nonbond          37.75   87.03
|     Bond              0.16    0.36
|     Angle             0.03    0.07
|     Dihedral          0.09    0.21
|     Shake             0.38    0.89
|     RunMD             0.54    1.24
|     Other             0.01    0.03
|     ------------------------------
|     Total            43.38

|  PME Nonbond Pairlist CPU Time, Average for All Tasks:
|
|     Routine              Sec        %
|     ---------------------------------
|     Set Up Cit           0.06    0.15
|     Build List           2.49    5.75
|     ---------------------------------
|     Total                2.56    5.90

|  PME Direct Force CPU Time, Average for All Tasks:
|
|     Routine              Sec        %
|     ---------------------------------
|     NonBonded Calc      17.91   41.30
|     Exclude Masked       0.67    1.55
|     Other                1.36    3.13
|     ---------------------------------
|     Total               19.94   45.98

|  PME Reciprocal Force CPU Time, Average for All Tasks:
|
|     Routine              Sec        %
|     ---------------------------------
|     1D bspline           1.13    2.61
|     Grid Charges         1.59    3.67
|     Scalar Sum           0.58    1.33
|     Gradient Sum         2.62    6.04
|     FFT                  9.31   21.47
|     ---------------------------------
|     Total               15.23   35.12

|  PME Load Balancing CPU Time, Average for All Tasks:
|
|     Routine                 Sec        %
|     ------------------------------------
|     Atom Reassign           0.00    0.00
|     Image Reassign          0.00    0.00
|     FFT Reassign            0.00    0.00
|     ------------------------------------
|     Total                   0.00    0.00

|  Final Performance Info:
|     -----------------------------------------------------
|     Average timings for last   10000 steps:
|     Elapsed(s) =      43.51 Per Step(ms) =       4.35
|         ns/day =      39.72   seconds/ns =    2175.28
|
|     Average timings for all steps:
|     Elapsed(s) =      43.51 Per Step(ms) =       4.35
|         ns/day =      39.72   seconds/ns =    2175.28
|     -----------------------------------------------------

|  Master Setup CPU time:            0.06 seconds
|  Master NonSetup CPU time:        43.50 seconds
|  Master Total CPU time:           43.56 seconds     0.01 hours

|  Master Setup wall time:           0    seconds
|  Master NonSetup wall time:       44    seconds
|  Master Total wall time:          44    seconds     0.01 hours
