
          -------------------------------------------------------
          Amber 18 PMEMD                              2018
          -------------------------------------------------------

| PMEMD implementation of SANDER, Release 18

| Run on 06/24/2018 at 01:19:48

|   Executable path: /home/uv10/amber/bin/pmemd
| Working directory: /home/uv10/tutorials-amber/A9/ligand/pmemd/free_energy/complex/decharge/1.0
|          Hostname: Unknown
  [-O]verwriting output

File Assignments:
|   MDIN: heat.in                                                               
|  MDOUT: heat.out                                                              
| INPCRD: ti.rst7                                                               
|   PARM: ti.parm7                                                              
| RESTRT: heat.rst7                                                             
|   REFC: ti.rst7                                                               
|  MDVEL: mdvel                                                                 
|   MDEN: heat.en                                                               
|  MDCRD: heat.nc                                                               
| MDINFO: heat.info                                                             
|  MDFRC: mdfrc                                                                 


 Here is the input file:

heating                                                                        
 &cntrl                                                                        
   imin = 0, nstlim = 10000, irest = 0, ntx = 1, dt = 0.002,                   
   ntt = 1, temp0 = 300.0, tempi = 50.0, tautp = 1.0,                          
   ntc = 2, ntf = 1,                                                           
   ntb = 1,                                                                    
   ioutfm = 1, iwrap = 1,                                                      
   ntwe = 1000, ntwx = 1000, ntpr = 1000, ntwr = 5000,                         
                                                                               
   nmropt = 1,                                                                 
   ntr = 1, restraint_wt = 5.00,                                               
   restraintmask='!:WAT & !@H=',                                               
                                                                               
   icfe = 1, clambda = 1.0, scalpha = 0.5, scbeta = 12.0,                      
   logdvdl = 0,                                                                
   timask1 = ':1', timask2 = ':2',                                             
   ifsc = 0, crgmask = ':2@H6',                                                
 /                                                                             
                                                                               
 &ewald                                                                        
 /                                                                             
                                                                               
 &wt                                                                           
   type='TEMP0',                                                               
   istep1 = 0, istep2 = 8000,                                                  
   value1 = 50.0, value2 = 300.0                                               
 /                                                                             
                                                                               
 &wt type = 'END'                                                              
 /                                                                             
                                                                               


Note: ig = -1. Setting random seed to   888451 based on wallclock time in 
      microseconds.
| irandom = 1, using AMBER's internal random number generator (default).
 
 
| Conditional Compilation Defines Used:
| PUBFFT
| BINTRAJ
| EMIL

| Largest sphere to fit in unit cell has radius =    34.263

| New format PARM file being parsed.
| Version =    1.000 Date = 06/20/18 Time = 14:05:12

| Note: 1-4 EEL scale factors are being read from the topology file.

| Note: 1-4 VDW scale factors are being read from the topology file.
| Duplicated    0 dihedrals

| Duplicated    0 dihedrals

--------------------------------------------------------------------------------
   1.  RESOURCE   USE: 
--------------------------------------------------------------------------------

 getting new box info from bottom of inpcrd
 NATOM  =   30552 NTYPES =      17 NBONH =   29246 MBONA  =    1322
 NTHETH =    2993 MTHETA =    1777 NPHIH =    6076 MPHIA  =    5533
 NHPARM =       0 NPARM  =       0 NNB   =   51640 NRES   =    9475
 NBONA  =    1322 NTHETA =    1777 NPHIA =    5533 NUMBND =      67
 NUMANG =     151 NPTRA  =     179 NATYP =      36 NPHB   =       1
 IFBOX  =       1 NMXRS  =      24 IFCAP =       0 NEXTRA =       0
 NCOPY  =       0

| Coordinate Index Table dimensions:    15   16   18
| Direct force subcell size =     4.5684    4.5524    4.5203

     BOX TYPE: RECTILINEAR

--------------------------------------------------------------------------------
   2.  CONTROL  DATA  FOR  THE  RUN
--------------------------------------------------------------------------------

default_name                                                                    

General flags:
     imin    =       0, nmropt  =       1

Nature and format of input:
     ntx     =       1, irest   =       0, ntrx    =       1

Nature and format of output:
     ntxo    =       2, ntpr    =    1000, ntrx    =       1, ntwr    =    5000
     iwrap   =       1, ntwx    =    1000, ntwv    =       0, ntwe    =    1000
     ioutfm  =       1, ntwprt  =       0, idecomp =       0, rbornstat=      0

Potential function:
     ntf     =       1, ntb     =       1, igb     =       0, nsnb    =      25
     ipol    =       0, gbsa    =       0, iesp    =       0
     dielc   =   1.00000, cut     =   8.00000, intdiel =   1.00000

Frozen or restrained atoms:
     ibelly  =       0, ntr     =       1
     restraint_wt =   5.00000

Molecular dynamics:
     nstlim  =     10000, nscm    =         0, nrespa  =         1
     t       =   0.00000, dt      =   0.00200, vlimit  =  20.00000

Berendsen (weak-coupling) temperature regulation:
     temp0   = 300.00000, tempi   =  50.00000, tautp   =   1.00000

SHAKE:
     ntc     =       2, jfastw  =       0
     tol     =   0.00001

NMR refinement options:
     iscale  =       0, noeskp  =       1, ipnlty  =       1, mxsub   =       1
     scalm   = 100.00000, pencut  =   0.10000, tausw   =   0.10000

Free energy options:
     icfe    =       1, ifsc    =       0, klambda =       1
     clambda =  1.0000, scalpha =  0.5000, scbeta  = 12.0000
     sceeorder =       2
     dynlmb =  0.0000 logdvdl =       0

| Intermolecular bonds treatment:
|     no_intermolecular_bonds =       1

| Energy averages sample interval:
|     ene_avg_sampling =    1000

Ewald parameters:
     verbose =       0, ew_type =       0, nbflag  =       1, use_pme =       1
     vdwmeth =       1, eedmeth =       1, netfrc  =       1
     Box X =   68.526   Box Y =   72.839   Box Z =   81.366
     Alpha =   90.000   Beta  =   90.000   Gamma =   90.000
     NFFT1 =   72       NFFT2 =   75       NFFT3 =   90
     Cutoff=    8.000   Tol   =0.100E-04
     Ewald Coefficient =  0.34864
     Interpolation order =    4

    LOADING THE CONSTRAINED ATOMS AS GROUPS


   5.  REFERENCE ATOM COORDINATES

  default_name                                                                    
     Mask !:WAT & !@H=; matches  1306 atoms
     TI Mask 1 :1; matches     12 atoms
     TI Mask 2 :2; matches     12 atoms
     TI region 1:   30540 atoms
     TI region 2:   30540 atoms
Removing charge of       0.1305 from atom      24
Total charge of   0.13052100 removed from       1 atoms
     Checking for mismatched coordinates.

--------------------------------------------------------------------------------
   3.  ATOMIC COORDINATES AND VELOCITIES
--------------------------------------------------------------------------------

default_name                                                                    
 begin time read from input coords =     0.000 ps



           Begin reading energy term weight changes/NMR restraints
 WEIGHT CHANGES:
 TEMP0         0   8000   50.000000  300.000000      0      0

 RESTRAINTS:
                          ** No restraint defined **

                  Done reading weight changes/NMR restraints


 
 Number of triangulated 3-point waters found:     9307

     Sum of charges for TI region  1 =   0.00039993
     Forcing neutrality...


     Sum of charges for TI region  2 =  -0.13012107
     Assuming uniform neutralizing plasma

| Dynamic Memory, Types Used:
| Reals             1379885
| Integers          1421324

| Nonbonded Pairs Initial Allocation:     5102947

--------------------------------------------------------------------------------
   4.  RESULTS
--------------------------------------------------------------------------------

 ---------------------------------------------------
 APPROXIMATING switch and d/dx switch using CUBIC SPLINE INTERPOLATION
 using   5000.0 points per unit in tabled values
 TESTING RELATIVE ERROR over r ranging from 0.0 to cutoff
| CHECK switch(x): max rel err =   0.2738E-14   at   2.422500
| CHECK d/dx switch(x): max rel err =   0.8332E-11   at   2.782960
 ---------------------------------------------------
|---------------------------------------------------
| APPROXIMATING direct energy using CUBIC SPLINE INTERPOLATION
|  with   50.0 points per unit in tabled values
| Relative Error Limit not exceeded for r .gt.   2.47
| APPROXIMATING direct force using CUBIC SPLINE INTERPOLATION
|  with   50.0 points per unit in tabled values
| Relative Error Limit not exceeded for r .gt.   2.89
|---------------------------------------------------

| TI region  1


 NSTEP =        0   TIME(PS) =       0.000  TEMP(K) =    73.74  PRESS =     0.0
 Etot   =    -81444.6494  EKtot   =      4570.2954  EPtot      =    -86014.9448
 BOND   =       394.0717  ANGLE   =      1084.1205  DIHED      =      2036.6322
 1-4 NB =       613.0753  1-4 EEL =      6016.4363  VDWAALS    =     11001.5317
 EELEC  =   -107160.8124  EHBOND  =         0.0000  RESTRAINT  =         0.0000
 DV/DL  =        -6.7484
 Ewald error estimate:   0.4251E-04
 ------------------------------------------------------------------------------


| TI region  2


 NSTEP =        0   TIME(PS) =       0.000  TEMP(K) =    73.74  PRESS =     0.0
 Etot   =    -81444.6494  EKtot   =      4570.2954  EPtot      =    -86014.9448
 BOND   =       394.0717  ANGLE   =      1084.1205  DIHED      =      2036.6322
 1-4 NB =       613.0753  1-4 EEL =      6016.4363  VDWAALS    =     11001.5317
 EELEC  =   -107160.8124  EHBOND  =         0.0000  RESTRAINT  =         0.0000
 DV/DL  =        -6.7484
 Ewald error estimate:   0.4251E-04
 ------------------------------------------------------------------------------

 NMR restraints: Bond =    0.000   Angle =     0.000   Torsion =     0.000
===============================================================================

| TI region  1


 NSTEP =     1000   TIME(PS) =       2.000  TEMP(K) =   147.27  PRESS =     0.0
 Etot   =    -96411.7574  EKtot   =      9127.7058  EPtot      =   -105539.4632
 BOND   =       203.7605  ANGLE   =       509.7240  DIHED      =      1884.3517
 1-4 NB =       563.0101  1-4 EEL =      5964.6722  VDWAALS    =     16873.2749
 EELEC  =   -131671.4734  EHBOND  =         0.0000  RESTRAINT  =       133.2167
 EAMBER (non-restraint)  =   -105672.6800
 DV/DL  =        -7.0851
 Ewald error estimate:   0.2029E-03
 ------------------------------------------------------------------------------


| TI region  2


 NSTEP =     1000   TIME(PS) =       2.000  TEMP(K) =   147.27  PRESS =     0.0
 Etot   =    -96411.7574  EKtot   =      9127.7058  EPtot      =   -105539.4632
 BOND   =       203.7605  ANGLE   =       509.7240  DIHED      =      1884.3517
 1-4 NB =       563.0101  1-4 EEL =      5964.6722  VDWAALS    =     16873.2749
 EELEC  =   -131671.4734  EHBOND  =         0.0000  RESTRAINT  =       133.2167
 EAMBER (non-restraint)  =   -105672.6800
 DV/DL  =        -7.0851
 Ewald error estimate:   0.2029E-03
 ------------------------------------------------------------------------------

 NMR restraints: Bond =    0.000   Angle =     0.000   Torsion =     0.000
===============================================================================

| TI region  1


 NSTEP =     2000   TIME(PS) =       4.000  TEMP(K) =   124.18  PRESS =     0.0
 Etot   =   -100827.1880  EKtot   =      7696.5915  EPtot      =   -108523.7795
 BOND   =       176.2452  ANGLE   =       489.6352  DIHED      =      1871.5702
 1-4 NB =       557.5529  1-4 EEL =      5962.1523  VDWAALS    =     17310.4166
 EELEC  =   -135028.3757  EHBOND  =         0.0000  RESTRAINT  =       137.0238
 EAMBER (non-restraint)  =   -108660.8033
 DV/DL  =        -6.9979
 Ewald error estimate:   0.2220E-03
 ------------------------------------------------------------------------------


| TI region  2


 NSTEP =     2000   TIME(PS) =       4.000  TEMP(K) =   124.18  PRESS =     0.0
 Etot   =   -100827.1880  EKtot   =      7696.5915  EPtot      =   -108523.7795
 BOND   =       176.2452  ANGLE   =       489.6352  DIHED      =      1871.5702
 1-4 NB =       557.5529  1-4 EEL =      5962.1523  VDWAALS    =     17310.4166
 EELEC  =   -135028.3757  EHBOND  =         0.0000  RESTRAINT  =       137.0238
 EAMBER (non-restraint)  =   -108660.8033
 DV/DL  =        -6.9979
 Ewald error estimate:   0.2220E-03
 ------------------------------------------------------------------------------

 NMR restraints: Bond =    0.000   Angle =     0.000   Torsion =     0.000
===============================================================================

| TI region  1


 NSTEP =     3000   TIME(PS) =       6.000  TEMP(K) =   130.27  PRESS =     0.0
 Etot   =   -100530.5145  EKtot   =      8074.4613  EPtot      =   -108604.9758
 BOND   =       194.3967  ANGLE   =       498.4328  DIHED      =      1879.5621
 1-4 NB =       566.2146  1-4 EEL =      5966.9530  VDWAALS    =     17764.0156
 EELEC  =   -135616.1739  EHBOND  =         0.0000  RESTRAINT  =       141.6233
 EAMBER (non-restraint)  =   -108746.5990
 DV/DL  =        -6.2311
 Ewald error estimate:   0.2074E-03
 ------------------------------------------------------------------------------


| TI region  2


 NSTEP =     3000   TIME(PS) =       6.000  TEMP(K) =   130.27  PRESS =     0.0
 Etot   =   -100530.5145  EKtot   =      8074.4613  EPtot      =   -108604.9758
 BOND   =       194.3967  ANGLE   =       498.4328  DIHED      =      1879.5621
 1-4 NB =       566.2146  1-4 EEL =      5966.9530  VDWAALS    =     17764.0156
 EELEC  =   -135616.1739  EHBOND  =         0.0000  RESTRAINT  =       141.6233
 EAMBER (non-restraint)  =   -108746.5990
 DV/DL  =        -6.2311
 Ewald error estimate:   0.2074E-03
 ------------------------------------------------------------------------------

 NMR restraints: Bond =    0.000   Angle =     0.000   Torsion =     0.000
===============================================================================

| TI region  1


 NSTEP =     4000   TIME(PS) =       8.000  TEMP(K) =   148.98  PRESS =     0.0
 Etot   =    -98067.0391  EKtot   =      9233.7925  EPtot      =   -107300.8315
 BOND   =       202.8798  ANGLE   =       556.7067  DIHED      =      1893.1898
 1-4 NB =       573.9892  1-4 EEL =      5970.7517  VDWAALS    =     17555.1246
 EELEC  =   -134205.8132  EHBOND  =         0.0000  RESTRAINT  =       152.3398
 EAMBER (non-restraint)  =   -107453.1713
 DV/DL  =        -6.8172
 Ewald error estimate:   0.2253E-03
 ------------------------------------------------------------------------------


| TI region  2


 NSTEP =     4000   TIME(PS) =       8.000  TEMP(K) =   148.98  PRESS =     0.0
 Etot   =    -98067.0391  EKtot   =      9233.7925  EPtot      =   -107300.8315
 BOND   =       202.8798  ANGLE   =       556.7067  DIHED      =      1893.1898
 1-4 NB =       573.9892  1-4 EEL =      5970.7517  VDWAALS    =     17555.1246
 EELEC  =   -134205.8132  EHBOND  =         0.0000  RESTRAINT  =       152.3398
 EAMBER (non-restraint)  =   -107453.1713
 DV/DL  =        -6.8172
 Ewald error estimate:   0.2253E-03
 ------------------------------------------------------------------------------

 NMR restraints: Bond =    0.000   Angle =     0.000   Torsion =     0.000
===============================================================================

| TI region  1


 NSTEP =     5000   TIME(PS) =      10.000  TEMP(K) =   174.74  PRESS =     0.0
 Etot   =    -94525.7097  EKtot   =     10830.7544  EPtot      =   -105356.4641
 BOND   =       231.6467  ANGLE   =       641.7732  DIHED      =      1924.4661
 1-4 NB =       570.5725  1-4 EEL =      5975.6811  VDWAALS    =     16614.6021
 EELEC  =   -131492.2025  EHBOND  =         0.0000  RESTRAINT  =       176.9968
 EAMBER (non-restraint)  =   -105533.4610
 DV/DL  =        -6.7127
 Ewald error estimate:   0.1660E-03
 ------------------------------------------------------------------------------


| TI region  2


 NSTEP =     5000   TIME(PS) =      10.000  TEMP(K) =   174.74  PRESS =     0.0
 Etot   =    -94525.7097  EKtot   =     10830.7544  EPtot      =   -105356.4641
 BOND   =       231.6467  ANGLE   =       641.7732  DIHED      =      1924.4661
 1-4 NB =       570.5725  1-4 EEL =      5975.6811  VDWAALS    =     16614.6021
 EELEC  =   -131492.2025  EHBOND  =         0.0000  RESTRAINT  =       176.9968
 EAMBER (non-restraint)  =   -105533.4610
 DV/DL  =        -6.7127
 Ewald error estimate:   0.1660E-03
 ------------------------------------------------------------------------------

 NMR restraints: Bond =    0.000   Angle =     0.000   Torsion =     0.000
===============================================================================

| TI region  1


 NSTEP =     6000   TIME(PS) =      12.000  TEMP(K) =   201.81  PRESS =     0.0
 Etot   =    -90372.8754  EKtot   =     12508.2421  EPtot      =   -102881.1176
 BOND   =       282.8120  ANGLE   =       708.2317  DIHED      =      1915.3116
 1-4 NB =       586.4277  1-4 EEL =      5979.9767  VDWAALS    =     15653.3989
 EELEC  =   -128193.0827  EHBOND  =         0.0000  RESTRAINT  =       185.8065
 EAMBER (non-restraint)  =   -103066.9241
 DV/DL  =        -6.8326
 Ewald error estimate:   0.1519E-03
 ------------------------------------------------------------------------------


| TI region  2


 NSTEP =     6000   TIME(PS) =      12.000  TEMP(K) =   201.81  PRESS =     0.0
 Etot   =    -90372.8754  EKtot   =     12508.2421  EPtot      =   -102881.1176
 BOND   =       282.8120  ANGLE   =       708.2317  DIHED      =      1915.3116
 1-4 NB =       586.4277  1-4 EEL =      5979.9767  VDWAALS    =     15653.3989
 EELEC  =   -128193.0827  EHBOND  =         0.0000  RESTRAINT  =       185.8065
 EAMBER (non-restraint)  =   -103066.9241
 DV/DL  =        -6.8326
 Ewald error estimate:   0.1519E-03
 ------------------------------------------------------------------------------

 NMR restraints: Bond =    0.000   Angle =     0.000   Torsion =     0.000
===============================================================================

| TI region  1


 NSTEP =     7000   TIME(PS) =      14.000  TEMP(K) =   227.14  PRESS =     0.0
 Etot   =    -85682.7961  EKtot   =     14078.0284  EPtot      =    -99760.8245
 BOND   =       344.7165  ANGLE   =       843.6551  DIHED      =      1966.8935
 1-4 NB =       605.4852  1-4 EEL =      5983.9058  VDWAALS    =     14486.7228
 EELEC  =   -124190.0936  EHBOND  =         0.0000  RESTRAINT  =       197.8902
 EAMBER (non-restraint)  =    -99958.7147
 DV/DL  =        -6.7394
 Ewald error estimate:   0.9976E-04
 ------------------------------------------------------------------------------


| TI region  2


 NSTEP =     7000   TIME(PS) =      14.000  TEMP(K) =   227.14  PRESS =     0.0
 Etot   =    -85682.7961  EKtot   =     14078.0284  EPtot      =    -99760.8245
 BOND   =       344.7165  ANGLE   =       843.6551  DIHED      =      1966.8935
 1-4 NB =       605.4852  1-4 EEL =      5983.9058  VDWAALS    =     14486.7228
 EELEC  =   -124190.0936  EHBOND  =         0.0000  RESTRAINT  =       197.8902
 EAMBER (non-restraint)  =    -99958.7147
 DV/DL  =        -6.7394
 Ewald error estimate:   0.9976E-04
 ------------------------------------------------------------------------------

 NMR restraints: Bond =    0.000   Angle =     0.000   Torsion =     0.000
===============================================================================

| TI region  1


 NSTEP =     8000   TIME(PS) =      16.000  TEMP(K) =   256.73  PRESS =     0.0
 Etot   =    -80509.2347  EKtot   =     15912.3596  EPtot      =    -96421.5943
 BOND   =       345.8729  ANGLE   =       971.4383  DIHED      =      1998.8165
 1-4 NB =       579.6072  1-4 EEL =      6011.5320  VDWAALS    =     13420.7111
 EELEC  =   -119982.5374  EHBOND  =         0.0000  RESTRAINT  =       232.9652
 EAMBER (non-restraint)  =    -96654.5594
 DV/DL  =        -6.2342
 Ewald error estimate:   0.3129E-04
 ------------------------------------------------------------------------------


| TI region  2


 NSTEP =     8000   TIME(PS) =      16.000  TEMP(K) =   256.73  PRESS =     0.0
 Etot   =    -80509.2347  EKtot   =     15912.3596  EPtot      =    -96421.5943
 BOND   =       345.8729  ANGLE   =       971.4383  DIHED      =      1998.8165
 1-4 NB =       579.6072  1-4 EEL =      6011.5320  VDWAALS    =     13420.7111
 EELEC  =   -119982.5374  EHBOND  =         0.0000  RESTRAINT  =       232.9652
 EAMBER (non-restraint)  =    -96654.5594
 DV/DL  =        -6.2342
 Ewald error estimate:   0.3129E-04
 ------------------------------------------------------------------------------

 NMR restraints: Bond =    0.000   Angle =     0.000   Torsion =     0.000
===============================================================================

| TI region  1


 NSTEP =     9000   TIME(PS) =      18.000  TEMP(K) =   276.70  PRESS =     0.0
 Etot   =    -76411.5541  EKtot   =     17150.1753  EPtot      =    -93561.7294
 BOND   =       410.4206  ANGLE   =      1084.4251  DIHED      =      1995.4905
 1-4 NB =       600.6705  1-4 EEL =      5972.0830  VDWAALS    =     12099.8813
 EELEC  =   -115948.6186  EHBOND  =         0.0000  RESTRAINT  =       223.9182
 EAMBER (non-restraint)  =    -93785.6476
 DV/DL  =        -7.2456
 Ewald error estimate:   0.1715E-05
 ------------------------------------------------------------------------------


| TI region  2


 NSTEP =     9000   TIME(PS) =      18.000  TEMP(K) =   276.70  PRESS =     0.0
 Etot   =    -76411.5541  EKtot   =     17150.1753  EPtot      =    -93561.7294
 BOND   =       410.4206  ANGLE   =      1084.4251  DIHED      =      1995.4905
 1-4 NB =       600.6705  1-4 EEL =      5972.0830  VDWAALS    =     12099.8813
 EELEC  =   -115948.6186  EHBOND  =         0.0000  RESTRAINT  =       223.9182
 EAMBER (non-restraint)  =    -93785.6476
 DV/DL  =        -7.2456
 Ewald error estimate:   0.1715E-05
 ------------------------------------------------------------------------------

 NMR restraints: Bond =    0.000   Angle =     0.000   Torsion =     0.000
===============================================================================

| TI region  1


 NSTEP =    10000   TIME(PS) =      20.000  TEMP(K) =   287.63  PRESS =     0.0
 Etot   =    -74190.9972  EKtot   =     17827.7456  EPtot      =    -92018.7428
 BOND   =       433.5084  ANGLE   =      1110.9903  DIHED      =      2026.5284
 1-4 NB =       609.7482  1-4 EEL =      5962.3717  VDWAALS    =     11777.1496
 EELEC  =   -114185.4802  EHBOND  =         0.0000  RESTRAINT  =       246.4408
 EAMBER (non-restraint)  =    -92265.1836
 DV/DL  =        -6.9601
 Ewald error estimate:   0.8112E-04
 ------------------------------------------------------------------------------


| TI region  2


 NSTEP =    10000   TIME(PS) =      20.000  TEMP(K) =   287.63  PRESS =     0.0
 Etot   =    -74190.9972  EKtot   =     17827.7456  EPtot      =    -92018.7428
 BOND   =       433.5084  ANGLE   =      1110.9903  DIHED      =      2026.5284
 1-4 NB =       609.7482  1-4 EEL =      5962.3717  VDWAALS    =     11777.1496
 EELEC  =   -114185.4802  EHBOND  =         0.0000  RESTRAINT  =       246.4408
 EAMBER (non-restraint)  =    -92265.1836
 DV/DL  =        -6.9601
 Ewald error estimate:   0.8112E-04
 ------------------------------------------------------------------------------

 NMR restraints: Bond =    0.000   Angle =     0.000   Torsion =     0.000
===============================================================================

| TI region  1


      A V E R A G E S   O V E R      10 S T E P S


 NSTEP =    10000   TIME(PS) =      20.000  TEMP(K) =   197.55  PRESS =     0.0
 Etot   =    -89752.9666  EKtot   =     12243.9856  EPtot      =   -101996.9523
 BOND   =       282.6259  ANGLE   =       741.5012  DIHED      =      1935.6180
 1-4 NB =       581.3278  1-4 EEL =      5975.0080  VDWAALS    =     15355.5298
 EELEC  =   -127051.3851  EHBOND  =         0.0000  RESTRAINT  =       182.8221
 EAMBER (non-restraint)  =   -102179.7744
 DV/DL  =        -6.7856
 Ewald error estimate:   0.1389E-03
 ------------------------------------------------------------------------------

 NMR restraints: Bond =    0.000   Angle =     0.000   Torsion =     0.000
===============================================================================

      R M S  F L U C T U A T I O N S


 NSTEP =    10000   TIME(PS) =      20.000  TEMP(K) =    58.39  PRESS =     0.0
 Etot   =      9474.1840  EKtot   =      3619.0192  EPtot      =      5880.6170
 BOND   =        90.1287  ANGLE   =       232.1350  DIHED      =        53.8805
 1-4 NB =        17.5873  1-4 EEL =        14.0059  VDWAALS    =      2152.6854
 EELEC  =      7599.3546  EHBOND  =         0.0000  RESTRAINT  =        39.6297
 EAMBER (non-restraint)  =      5840.9873
 DV/DL  =         0.3161
 Ewald error estimate:   0.7703E-04
 ------------------------------------------------------------------------------


| TI region  2


      A V E R A G E S   O V E R      10 S T E P S


 NSTEP =    10000   TIME(PS) =      20.000  TEMP(K) =   197.55  PRESS =     0.0
 Etot   =    -89752.9666  EKtot   =     12243.9856  EPtot      =   -101996.9523
 BOND   =       282.6259  ANGLE   =       741.5012  DIHED      =      1935.6180
 1-4 NB =       581.3278  1-4 EEL =      5975.0080  VDWAALS    =     15355.5298
 EELEC  =   -127051.3851  EHBOND  =         0.0000  RESTRAINT  =       182.8221
 EAMBER (non-restraint)  =   -102179.7744
 DV/DL  =        -6.7856
 Ewald error estimate:   0.1389E-03
 ------------------------------------------------------------------------------

 NMR restraints: Bond =    0.000   Angle =     0.000   Torsion =     0.000
===============================================================================

      R M S  F L U C T U A T I O N S


 NSTEP =    10000   TIME(PS) =      20.000  TEMP(K) =    58.39  PRESS =     0.0
 Etot   =      9474.1840  EKtot   =      3619.0192  EPtot      =      5880.6170
 BOND   =        90.1287  ANGLE   =       232.1350  DIHED      =        53.8805
 1-4 NB =        17.5873  1-4 EEL =        14.0059  VDWAALS    =      2152.6854
 EELEC  =      7599.3546  EHBOND  =         0.0000  RESTRAINT  =        39.6297
 EAMBER (non-restraint)  =      5840.9873
 DV/DL  =         0.3161
 Ewald error estimate:   0.7703E-04
 ------------------------------------------------------------------------------


      DV/DL, AVERAGES OVER      10 STEPS


 NSTEP =    10000   TIME(PS) =      20.000  TEMP(K) =    58.39  PRESS =     0.0
 Etot   =         0.0000  EKtot   =         0.0000  EPtot      =        -6.7856
 BOND   =         0.0000  ANGLE   =         0.0000  DIHED      =         0.0000
 1-4 NB =        -0.0000  1-4 EEL =        -1.0426  VDWAALS    =         0.0000
 EELEC  =        -5.7430  EHBOND  =         0.0000  RESTRAINT  =        -0.0000
 EAMBER (non-restraint)  =        -6.7856
 DV/DL  =        -6.7856
 Ewald error estimate:   0.0000E+00
 ------------------------------------------------------------------------------


 NMR restraints on final step:

--------------------------------------------------------------------------------
   5.  TIMINGS
--------------------------------------------------------------------------------

|  NonSetup CPU Time in Major Routines:
|
|     Routine           Sec        %
|     ------------------------------
|     Nonbond        1960.91   96.21
|     Bond              7.37    0.36
|     Angle             5.96    0.29
|     Dihedral         32.39    1.59
|     Shake            15.60    0.77
|     RunMD            15.95    0.78
|     Other             0.07    0.00
|     ------------------------------
|     Total          2038.25

|  PME Nonbond Pairlist CPU Time:
|
|     Routine              Sec        %
|     ---------------------------------
|     Set Up Cit           2.61    0.13
|     Build List         271.48   13.32
|     ---------------------------------
|     Total              274.08   13.45

|  PME Direct Force CPU Time:
|
|     Routine              Sec        %
|     ---------------------------------
|     NonBonded Calc     818.86   40.17
|     Exclude Masked      38.83    1.91
|     Other               43.79    2.15
|     ---------------------------------
|     Total              901.48   44.23

|  PME Reciprocal Force CPU Time:
|
|     Routine              Sec        %
|     ---------------------------------
|     1D bspline          34.27    1.68
|     Grid Charges        92.58    4.54
|     Scalar Sum          26.62    1.31
|     Gradient Sum       145.74    7.15
|     FFT                485.99   23.84
|     ---------------------------------
|     Total              785.20   38.52

|  Final Performance Info:
|     -----------------------------------------------------
|     Average timings for last       1 steps:
|     Elapsed(s) =       0.00 Per Step(ms) =       0.40
|         ns/day =     434.23   seconds/ns =     198.97
|
|     Average timings for all steps:
|     Elapsed(s) =    2039.40 Per Step(ms) =     203.94
|         ns/day =       0.85   seconds/ns =  101969.90
|     -----------------------------------------------------

|  Setup CPU time:            0.29 seconds
|  NonSetup CPU time:      2038.25 seconds
|  Total CPU time:         2038.54 seconds     0.57 hours

|  Setup wall time:           0    seconds
|  NonSetup wall time:     2040    seconds
|  Total wall time:        2040    seconds     0.57 hours
