
          -------------------------------------------------------
          Amber 16 PMEMD                              2016
          -------------------------------------------------------

| PMEMD implementation of SANDER, Release 16

| Run on 02/28/2019 at 04:27:53

|   Executable path: /opt/amber/bin/pmemd.cuda
| Working directory: /mnt/part2/home/meister/runjobs
|          Hostname: Unknown
  [-O]verwriting output

File Assignments:
|   MDIN: AA-AB/complex/decharge/0.900/heat.in                                  
|  MDOUT: AA-AB/complex/decharge/0.900/heat.out.tmp                             
| INPCRD: AA-AB/complex/decharge/decharge.rst7                                  
|   PARM: AA-AB/complex/decharge/decharge.parm7                                 
| RESTRT: AA-AB/complex/decharge/0.900/heat.rst7.tmp                            
|   REFC: AA-AB/complex/decharge/decharge.rst7                                  
|  MDVEL: mdvel                                                                 
|   MDEN: AA-AB/complex/decharge/0.900/heat.en.tmp                              
|  MDCRD: AA-AB/complex/decharge/0.900/heat.nc.tmp                              
| MDINFO: AA-AB/complex/decharge/0.900/heat.info.tmp                            
|  MDFRC: mdfrc                                                                 


 Here is the input file:

heating                                                                        
 &cntrl                                                                        
   imin = 0, nstlim = 10000, irest = 0, ntx = 1, dt = 0.002,                   
   ntt = 3, temp0 = 300.0, gamma_ln = 2.0, ig = -1,                            
   tempi = 50.0, tautp = 1.0,                                                  
   vlimit = 20,                                                                
   ntc = 2, ntf = 1,                                                           
   ntb = 1,                                                                    
   ioutfm = 1, iwrap = 1,                                                      
   ntwe = 1000, ntwx = 1000, ntpr = 1000, ntwr = 5000,                         
                                                                               
   nmropt = 1,                                                                 
   ntr = 1, restraint_wt = 5.00,                                               
   restraintmask='!:WAT & !@H=',                                               
                                                                               
   icfe = 1, clambda = 0.900, scalpha = 0.5, scbeta = 12.0,                    
   logdvdl = 0,                                                                
   timask1 = ':1', timask2 = ':2',                                             
   ifsc = 0, CRGMASK = ':2@H7,O1'                                              
 /                                                                             
                                                                               
 &ewald                                                                        
 /                                                                             
                                                                               
 &wt                                                                           
   type='TEMP0',                                                               
   istep1 = 0, istep2 = 8000,                                                  
   value1 = 50.0, value2 = 300.0                                               
 /                                                                             
                                                                               
 &wt type = 'END'                                                              
 /                                                                             


Note: ig = -1. Setting random seed to   181995 based on wallclock time in 
      microseconds.
| irandom = 1, using AMBER's internal random number generator (default).
 
|--------------------- INFORMATION ----------------------
| GPU (CUDA) Version of PMEMD in use: NVIDIA GPU IN USE.
|                    Version 18.0.0
| 
|                      03/25/2018
| 
| Implementation by:
|                    Ross C. Walker     (SDSC)
|                    Scott Le Grand     (nVIDIA)
| 
| Version 18 performance extensions by:
|                    David Cerutti     (Rutgers)
| 
| Precision model in use:
|      [SPFP] - Single Precision Forces, 64-bit Fixed Point
|               Accumulation. (Default)
| 
|--------------------------------------------------------
 
|----------------- CITATION INFORMATION -----------------
|
|    When publishing work that utilized the CUDA version
|    of AMBER, please cite the following in addition to
|    the regular AMBER citations:
|
|  - Romelia Salomon-Ferrer; Andreas W. Goetz; Duncan
|    Poole; Scott Le Grand; Ross C. Walker "Routine
|    microsecond molecular dynamics simulations with
|    AMBER - Part II: Particle Mesh Ewald", J. Chem.
|    Theory Comput., 2013, 9 (9), pp3878-3888,
|    DOI: 10.1021/ct400314y.
|
|  - Andreas W. Goetz; Mark J. Williamson; Dong Xu;
|    Duncan Poole; Scott Le Grand; Ross C. Walker
|    "Routine microsecond molecular dynamics simulations
|    with AMBER - Part I: Generalized Born", J. Chem.
|    Theory Comput., 2012, 8 (5), pp1542-1555.
|
|  - Scott Le Grand; Andreas W. Goetz; Ross C. Walker
|    "SPFP: Speed without compromise - a mixed precision
|    model for GPU accelerated molecular dynamics
|    simulations.", Comp. Phys. Comm., 2013, 184
|    pp374-380, DOI: 10.1016/j.cpc.2012.09.022
|
|    When publishing work that utilized the CUDA version
|    of TI, BAR, MBAR or FEP please cite the following 
|    publications in addition to the regular AMBER 
|    GPU citations:
|
|  - Daniel J. Mermelstein; Charles Lin; Gard Nelson; 
|    Rachael Kretsch; J. Andrew McCammon; Ross C. Walker
|    "Fast and Flexible GPU Accelerated Binding 
|    Free Energy Calculations within the AMBER Molecular
|    Dynamics Package" J. Comp. Chem., 2018,
|    DOI: 10.1002/jcc.25187
|
|  - Tai-Sung Lee; Yuan Hu; Brad Sherborne; Zhuyan Guo;
|    Darrin M. York
|    "Toward Fast and Accurate Binding Affinity Prediction with
|    pmemdGTI: An Efficient Implementation of GPU-Accelerated
|    Thermodynamic Integration"
|    J. Chem. Theory Comput., 2017, 13 (7), 3077
|
|
|--------------------------------------------------------
 
|------------------- GPU DEVICE INFO --------------------
|
|            CUDA_VISIBLE_DEVICES: not set
|   CUDA Capable Devices Detected:      1
|           CUDA Device ID in use:      0
|                CUDA Device Name: Tesla K80
|     CUDA Device Global Mem Size:  11441 MB
| CUDA Device Num Multiprocessors:     13
|           CUDA Device Core Freq:   0.82 GHz
|
|--------------------------------------------------------
 
 
| Conditional Compilation Defines Used:
| PUBFFT
| BINTRAJ
| CUDA
| EMIL

| Largest sphere to fit in unit cell has radius =    30.763

| New format PARM file being parsed.
| Version =    1.000 Date = 02/27/19 Time = 22:41:27

| Note: 1-4 EEL scale factors are being read from the topology file.

| Note: 1-4 VDW scale factors are being read from the topology file.
| Duplicated    0 dihedrals

| Duplicated    0 dihedrals

--------------------------------------------------------------------------------
   1.  RESOURCE   USE: 
--------------------------------------------------------------------------------

 getting new box info from bottom of inpcrd
 NATOM  =   24924 NTYPES =      16 NBONH =   23618 MBONA  =    1322
 NTHETH =   25286 MTHETA =    1777 NPHIH =    6059 MPHIA  =    5533
 NHPARM =       0 NPARM  =       0 NNB   =   44138 NRES   =    7599
 NBONA  =    1322 NTHETA =    1777 NPHIA =    5533 NUMBND =      67
 NUMANG =     153 NPTRA  =     185 NATYP =      36 NPHB   =       0
 IFBOX  =       1 NMXRS  =      24 IFCAP =       0 NEXTRA =       0
 NCOPY  =       0

| Coordinate Index Table dimensions:    13   14   16
| Direct force subcell size =     4.7328    4.6773    4.5903

     BOX TYPE: RECTILINEAR

--------------------------------------------------------------------------------
   2.  CONTROL  DATA  FOR  THE  RUN
--------------------------------------------------------------------------------

NIL                                                                             

General flags:
     imin    =       0, nmropt  =       1

Nature and format of input:
     ntx     =       1, irest   =       0, ntrx    =       1

Nature and format of output:
     ntxo    =       2, ntpr    =    1000, ntrx    =       1, ntwr    =    5000
     iwrap   =       1, ntwx    =    1000, ntwv    =       0, ntwe    =    1000
     ioutfm  =       1, ntwprt  =       0, idecomp =       0, rbornstat=      0

Potential function:
     ntf     =       1, ntb     =       1, igb     =       0, nsnb    =      25
     ipol    =       0, gbsa    =       0, iesp    =       0
     dielc   =   1.00000, cut     =   8.00000, intdiel =   1.00000

Frozen or restrained atoms:
     ibelly  =       0, ntr     =       1
     restraint_wt =   5.00000

Molecular dynamics:
     nstlim  =     10000, nscm    =         0, nrespa  =         1
     t       =   0.00000, dt      =   0.00200, vlimit  =  20.00000

Langevin dynamics temperature regulation:
     ig      =  181995
     temp0   = 300.00000, tempi   =  50.00000, gamma_ln=   2.00000

SHAKE:
     ntc     =       2, jfastw  =       0
     tol     =   0.00001

NMR refinement options:
     iscale  =       0, noeskp  =       1, ipnlty  =       1, mxsub   =       1
     scalm   = 100.00000, pencut  =   0.10000, tausw   =   0.10000

Free energy options:
     icfe    =       1, ifsc    =       0, klambda =       1
     clambda =  0.9000, scalpha =  0.5000, scbeta  = 12.0000
     sceeorder =       2
     dynlmb =  0.0000 logdvdl =       0

| Intermolecular bonds treatment:
|     no_intermolecular_bonds =       1

| Energy averages sample interval:
|     ene_avg_sampling =    1000

Ewald parameters:
     verbose =       0, ew_type =       0, nbflag  =       1, use_pme =       1
     vdwmeth =       1, eedmeth =       1, netfrc  =       1
     Box X =   61.526   Box Y =   65.482   Box Z =   73.445
     Alpha =   90.000   Beta  =   90.000   Gamma =   90.000
     NFFT1 =   64       NFFT2 =   64       NFFT3 =   80
     Cutoff=    8.000   Tol   =0.100E-04
     Ewald Coefficient =  0.34864
     Interpolation order =    4

    LOADING THE CONSTRAINED ATOMS AS GROUPS


   5.  REFERENCE ATOM COORDINATES

  NIL                                                                             
     Mask !:WAT & !@H=; matches  1306 atoms
     TI Mask 1 :1; matches     12 atoms
     TI Mask 2 :2; matches     12 atoms
     TI region 1:   24912 atoms
     TI region 2:   24912 atoms
Removing charge of       0.1300 from atom      24
Total charge of   0.13000000 removed from       1 atoms
     Checking for mismatched coordinates.

--------------------------------------------------------------------------------
   3.  ATOMIC COORDINATES AND VELOCITIES
--------------------------------------------------------------------------------

NIL                                                                             
 begin time read from input coords =     0.000 ps



           Begin reading energy term weight changes/NMR restraints
 WEIGHT CHANGES:
 TEMP0         0   8000   50.000000  300.000000      0      0

 RESTRAINTS:
                          ** No restraint defined **

                  Done reading weight changes/NMR restraints


 
 Number of triangulated 3-point waters found:     7431

     Sum of charges for TI region  1 =   0.00041629
     Forcing neutrality...


     Sum of charges for TI region  2 =  -0.12958371
     Assuming uniform neutralizing plasma

| Dynamic Memory, Types Used:
| Reals             1149033
| Integers          1361286

| Nonbonded Pairs Initial Allocation:     4162931

| GPU memory information (estimate):
| KB of GPU memory in use:         0
| KB of CPU memory in use:         0

--------------------------------------------------------------------------------
   4.  RESULTS
--------------------------------------------------------------------------------


| TI region  1


 NSTEP =        0   TIME(PS) =       0.000  TEMP(K) =    74.09  PRESS =     0.0
 Etot   =    -65037.7985  EKtot   =      3763.7440  EPtot      =    -68801.5425
 BOND   =       486.2310  ANGLE   =      1251.9780  DIHED      =      2033.6697
 1-4 NB =       679.0689  1-4 EEL =      6051.4669  VDWAALS    =      8293.8398
 EELEC  =    -87597.7968  EHBOND  =         0.0000  RESTRAINT  =         0.0000
 DV/DL  =        -7.3185
 ------------------------------------------------------------------------------


| TI region  2


 NSTEP =        0   TIME(PS) =       0.000  TEMP(K) =    74.09  PRESS =     0.0
 Etot   =    -65037.7985  EKtot   =      3763.7440  EPtot      =    -68801.5425
 BOND   =       486.2310  ANGLE   =      1251.9780  DIHED      =      2033.6697
 1-4 NB =       679.0689  1-4 EEL =      6051.4669  VDWAALS    =      8293.8398
 EELEC  =    -87597.7968  EHBOND  =         0.0000  RESTRAINT  =         0.0000
 DV/DL  =        -7.3185
 ------------------------------------------------------------------------------

 NMR restraints: Bond =    0.000   Angle =     0.000   Torsion =     0.000
===============================================================================
wrapping first mol.:      -61.52620      -65.48220      -73.44500

| TI region  1


 NSTEP =     1000   TIME(PS) =       2.000  TEMP(K) =    82.89  PRESS =     0.0
 Etot   =    -84663.0683  EKtot   =      4210.4832  EPtot      =    -88873.5515
 BOND   =       202.5105  ANGLE   =       483.3219  DIHED      =      1857.0125
 1-4 NB =       612.6642  1-4 EEL =      6062.0782  VDWAALS    =     13978.2811
 EELEC  =   -112191.5641  EHBOND  =         0.0000  RESTRAINT  =       122.1441
 EAMBER (non-restraint)  =    -88995.6956
 DV/DL  =        -7.0460
 ------------------------------------------------------------------------------


| TI region  2


 NSTEP =     1000   TIME(PS) =       2.000  TEMP(K) =    82.89  PRESS =     0.0
 Etot   =    -84663.0683  EKtot   =      4210.4832  EPtot      =    -88873.5515
 BOND   =       202.5105  ANGLE   =       483.3219  DIHED      =      1857.0125
 1-4 NB =       612.6642  1-4 EEL =      6062.0782  VDWAALS    =     13978.2811
 EELEC  =   -112191.5641  EHBOND  =         0.0000  RESTRAINT  =       122.1441
 EAMBER (non-restraint)  =    -88995.6956
 DV/DL  =        -7.0460
 ------------------------------------------------------------------------------

 NMR restraints: Bond =    0.000   Angle =     0.000   Torsion =     0.000
===============================================================================
wrapping first mol.:      -61.52620      -65.48220      -73.44500

| TI region  1


 NSTEP =     2000   TIME(PS) =       4.000  TEMP(K) =   105.51  PRESS =     0.0
 Etot   =    -82724.2234  EKtot   =      5359.6792  EPtot      =    -88083.9026
 BOND   =       216.0452  ANGLE   =       586.8755  DIHED      =      1883.1514
 1-4 NB =       618.7107  1-4 EEL =      6062.2874  VDWAALS    =     13784.9797
 EELEC  =   -111367.6746  EHBOND  =         0.0000  RESTRAINT  =       131.7222
 EAMBER (non-restraint)  =    -88215.6248
 DV/DL  =        -7.3417
 ------------------------------------------------------------------------------


| TI region  2


 NSTEP =     2000   TIME(PS) =       4.000  TEMP(K) =   105.51  PRESS =     0.0
 Etot   =    -82724.2234  EKtot   =      5359.6792  EPtot      =    -88083.9026
 BOND   =       216.0452  ANGLE   =       586.8755  DIHED      =      1883.1514
 1-4 NB =       618.7107  1-4 EEL =      6062.2874  VDWAALS    =     13784.9797
 EELEC  =   -111367.6746  EHBOND  =         0.0000  RESTRAINT  =       131.7222
 EAMBER (non-restraint)  =    -88215.6248
 DV/DL  =        -7.3417
 ------------------------------------------------------------------------------

 NMR restraints: Bond =    0.000   Angle =     0.000   Torsion =     0.000
===============================================================================
wrapping first mol.:      -61.52620      -65.48220      -73.44500

| TI region  1


 NSTEP =     3000   TIME(PS) =       6.000  TEMP(K) =   135.91  PRESS =     0.0
 Etot   =    -79768.6990  EKtot   =      6903.8981  EPtot      =    -86672.5972
 BOND   =       265.7314  ANGLE   =       666.5249  DIHED      =      1904.8437
 1-4 NB =       644.3466  1-4 EEL =      6083.1075  VDWAALS    =     13301.4016
 EELEC  =   -109695.5260  EHBOND  =         0.0000  RESTRAINT  =       156.9732
 EAMBER (non-restraint)  =    -86829.5703
 DV/DL  =        -6.5985
 ------------------------------------------------------------------------------


| TI region  2


 NSTEP =     3000   TIME(PS) =       6.000  TEMP(K) =   135.91  PRESS =     0.0
 Etot   =    -79768.6990  EKtot   =      6903.8981  EPtot      =    -86672.5972
 BOND   =       265.7314  ANGLE   =       666.5249  DIHED      =      1904.8437
 1-4 NB =       644.3466  1-4 EEL =      6083.1075  VDWAALS    =     13301.4016
 EELEC  =   -109695.5260  EHBOND  =         0.0000  RESTRAINT  =       156.9732
 EAMBER (non-restraint)  =    -86829.5703
 DV/DL  =        -6.5985
 ------------------------------------------------------------------------------

 NMR restraints: Bond =    0.000   Angle =     0.000   Torsion =     0.000
===============================================================================
wrapping first mol.:      -61.52620      -65.48220      -73.44500

| TI region  1


 NSTEP =     4000   TIME(PS) =       8.000  TEMP(K) =   165.38  PRESS =     0.0
 Etot   =    -76465.3828  EKtot   =      8400.9105  EPtot      =    -84866.2934
 BOND   =       314.8525  ANGLE   =       781.6890  DIHED      =      1930.4074
 1-4 NB =       631.3042  1-4 EEL =      6037.8905  VDWAALS    =     12604.5553
 EELEC  =   -107335.5624  EHBOND  =         0.0000  RESTRAINT  =       168.5700
 EAMBER (non-restraint)  =    -85034.8634
 DV/DL  =        -7.2412
 ------------------------------------------------------------------------------


| TI region  2


 NSTEP =     4000   TIME(PS) =       8.000  TEMP(K) =   165.38  PRESS =     0.0
 Etot   =    -76465.3828  EKtot   =      8400.9105  EPtot      =    -84866.2934
 BOND   =       314.8525  ANGLE   =       781.6890  DIHED      =      1930.4074
 1-4 NB =       631.3042  1-4 EEL =      6037.8905  VDWAALS    =     12604.5553
 EELEC  =   -107335.5624  EHBOND  =         0.0000  RESTRAINT  =       168.5700
 EAMBER (non-restraint)  =    -85034.8634
 DV/DL  =        -7.2412
 ------------------------------------------------------------------------------

 NMR restraints: Bond =    0.000   Angle =     0.000   Torsion =     0.000
===============================================================================
wrapping first mol.:      -61.52620      -65.48220      -73.44500
wrapping first mol.:      -61.52620      -65.48220      -73.44500

| TI region  1


 NSTEP =     5000   TIME(PS) =      10.000  TEMP(K) =   197.31  PRESS =     0.0
 Etot   =    -72927.7739  EKtot   =     10022.6194  EPtot      =    -82950.3933
 BOND   =       320.4226  ANGLE   =       888.6898  DIHED      =      1958.7467
 1-4 NB =       641.5340  1-4 EEL =      6068.0115  VDWAALS    =     12023.1099
 EELEC  =   -105045.5089  EHBOND  =         0.0000  RESTRAINT  =       194.6010
 EAMBER (non-restraint)  =    -83144.9943
 DV/DL  =        -6.3779
 ------------------------------------------------------------------------------


| TI region  2


 NSTEP =     5000   TIME(PS) =      10.000  TEMP(K) =   197.31  PRESS =     0.0
 Etot   =    -72927.7739  EKtot   =     10022.6194  EPtot      =    -82950.3933
 BOND   =       320.4226  ANGLE   =       888.6898  DIHED      =      1958.7467
 1-4 NB =       641.5340  1-4 EEL =      6068.0115  VDWAALS    =     12023.1099
 EELEC  =   -105045.5089  EHBOND  =         0.0000  RESTRAINT  =       194.6010
 EAMBER (non-restraint)  =    -83144.9943
 DV/DL  =        -6.3779
 ------------------------------------------------------------------------------

 NMR restraints: Bond =    0.000   Angle =     0.000   Torsion =     0.000
===============================================================================
wrapping first mol.:      -61.52620      -65.48220      -73.44500

| TI region  1


 NSTEP =     6000   TIME(PS) =      12.000  TEMP(K) =   226.10  PRESS =     0.0
 Etot   =    -68951.8603  EKtot   =     11485.0371  EPtot      =    -80436.8974
 BOND   =       377.9754  ANGLE   =       975.2329  DIHED      =      1986.1934
 1-4 NB =       639.6999  1-4 EEL =      6081.8915  VDWAALS    =     11097.1244
 EELEC  =   -101812.6519  EHBOND  =         0.0000  RESTRAINT  =       217.6369
 EAMBER (non-restraint)  =    -80654.5343
 DV/DL  =        -6.9605
 ------------------------------------------------------------------------------


| TI region  2


 NSTEP =     6000   TIME(PS) =      12.000  TEMP(K) =   226.10  PRESS =     0.0
 Etot   =    -68951.8603  EKtot   =     11485.0371  EPtot      =    -80436.8974
 BOND   =       377.9754  ANGLE   =       975.2329  DIHED      =      1986.1934
 1-4 NB =       639.6999  1-4 EEL =      6081.8915  VDWAALS    =     11097.1244
 EELEC  =   -101812.6519  EHBOND  =         0.0000  RESTRAINT  =       217.6369
 EAMBER (non-restraint)  =    -80654.5343
 DV/DL  =        -6.9605
 ------------------------------------------------------------------------------

 NMR restraints: Bond =    0.000   Angle =     0.000   Torsion =     0.000
===============================================================================
wrapping first mol.:      -61.52620      -65.48220      -73.44500

| TI region  1


 NSTEP =     7000   TIME(PS) =      14.000  TEMP(K) =   256.62  PRESS =     0.0
 Etot   =    -64481.1312  EKtot   =     13035.5621  EPtot      =    -77516.6933
 BOND   =       443.3835  ANGLE   =      1072.9176  DIHED      =      1981.6010
 1-4 NB =       672.8206  1-4 EEL =      6124.2040  VDWAALS    =     10101.0582
 EELEC  =    -98141.0731  EHBOND  =         0.0000  RESTRAINT  =       228.3949
 EAMBER (non-restraint)  =    -77745.0882
 DV/DL  =        -6.1561
 ------------------------------------------------------------------------------


| TI region  2


 NSTEP =     7000   TIME(PS) =      14.000  TEMP(K) =   256.62  PRESS =     0.0
 Etot   =    -64481.1312  EKtot   =     13035.5621  EPtot      =    -77516.6933
 BOND   =       443.3835  ANGLE   =      1072.9176  DIHED      =      1981.6010
 1-4 NB =       672.8206  1-4 EEL =      6124.2040  VDWAALS    =     10101.0582
 EELEC  =    -98141.0731  EHBOND  =         0.0000  RESTRAINT  =       228.3949
 EAMBER (non-restraint)  =    -77745.0882
 DV/DL  =        -6.1561
 ------------------------------------------------------------------------------

 NMR restraints: Bond =    0.000   Angle =     0.000   Torsion =     0.000
===============================================================================
wrapping first mol.:      -61.52620      -65.48220      -73.44500

| TI region  1


 NSTEP =     8000   TIME(PS) =      16.000  TEMP(K) =   285.46  PRESS =     0.0
 Etot   =    -59532.0945  EKtot   =     14500.3282  EPtot      =    -74032.4227
 BOND   =       498.1235  ANGLE   =      1181.0892  DIHED      =      2036.6199
 1-4 NB =       661.8577  1-4 EEL =      6033.6026  VDWAALS    =      9105.5389
 EELEC  =    -93807.0462  EHBOND  =         0.0000  RESTRAINT  =       257.7917
 EAMBER (non-restraint)  =    -74290.2144
 DV/DL  =        -7.5178
 ------------------------------------------------------------------------------


| TI region  2


 NSTEP =     8000   TIME(PS) =      16.000  TEMP(K) =   285.46  PRESS =     0.0
 Etot   =    -59532.0945  EKtot   =     14500.3282  EPtot      =    -74032.4227
 BOND   =       498.1235  ANGLE   =      1181.0892  DIHED      =      2036.6199
 1-4 NB =       661.8577  1-4 EEL =      6033.6026  VDWAALS    =      9105.5389
 EELEC  =    -93807.0462  EHBOND  =         0.0000  RESTRAINT  =       257.7917
 EAMBER (non-restraint)  =    -74290.2144
 DV/DL  =        -7.5178
 ------------------------------------------------------------------------------

 NMR restraints: Bond =    0.000   Angle =     0.000   Torsion =     0.000
===============================================================================
wrapping first mol.:      -61.52620      -65.48220      -73.44500

| TI region  1


 NSTEP =     9000   TIME(PS) =      18.000  TEMP(K) =   295.70  PRESS =     0.0
 Etot   =    -57636.2582  EKtot   =     15020.5709  EPtot      =    -72656.8291
 BOND   =       501.5330  ANGLE   =      1232.1845  DIHED      =      2025.0476
 1-4 NB =       652.1490  1-4 EEL =      6018.3439  VDWAALS    =      8344.6397
 EELEC  =    -91669.6989  EHBOND  =         0.0000  RESTRAINT  =       238.9721
 EAMBER (non-restraint)  =    -72895.8012
 DV/DL  =        -6.7096
 ------------------------------------------------------------------------------


| TI region  2


 NSTEP =     9000   TIME(PS) =      18.000  TEMP(K) =   295.70  PRESS =     0.0
 Etot   =    -57636.2582  EKtot   =     15020.5709  EPtot      =    -72656.8291
 BOND   =       501.5330  ANGLE   =      1232.1845  DIHED      =      2025.0476
 1-4 NB =       652.1490  1-4 EEL =      6018.3439  VDWAALS    =      8344.6397
 EELEC  =    -91669.6989  EHBOND  =         0.0000  RESTRAINT  =       238.9721
 EAMBER (non-restraint)  =    -72895.8012
 DV/DL  =        -6.7096
 ------------------------------------------------------------------------------

 NMR restraints: Bond =    0.000   Angle =     0.000   Torsion =     0.000
===============================================================================
wrapping first mol.:      -61.52620      -65.48220      -73.44500
wrapping first mol.:      -61.52620      -65.48220      -73.44500

| TI region  1


 NSTEP =    10000   TIME(PS) =      20.000  TEMP(K) =   302.78  PRESS =     0.0
 Etot   =    -57006.5656  EKtot   =     15380.1416  EPtot      =    -72386.7073
 BOND   =       486.3640  ANGLE   =      1240.2868  DIHED      =      2012.5326
 1-4 NB =       672.3195  1-4 EEL =      6082.8264  VDWAALS    =      8253.2742
 EELEC  =    -91404.8009  EHBOND  =         0.0000  RESTRAINT  =       270.4901
 EAMBER (non-restraint)  =    -72657.1973
 DV/DL  =        -6.6695
 ------------------------------------------------------------------------------


| TI region  2


 NSTEP =    10000   TIME(PS) =      20.000  TEMP(K) =   302.78  PRESS =     0.0
 Etot   =    -57006.5656  EKtot   =     15380.1416  EPtot      =    -72386.7073
 BOND   =       486.3640  ANGLE   =      1240.2868  DIHED      =      2012.5326
 1-4 NB =       672.3195  1-4 EEL =      6082.8264  VDWAALS    =      8253.2742
 EELEC  =    -91404.8009  EHBOND  =         0.0000  RESTRAINT  =       270.4901
 EAMBER (non-restraint)  =    -72657.1973
 DV/DL  =        -6.6695
 ------------------------------------------------------------------------------

 NMR restraints: Bond =    0.000   Angle =     0.000   Torsion =     0.000
===============================================================================

| TI region  1


      A V E R A G E S   O V E R      10 S T E P S


 NSTEP =    10000   TIME(PS) =      20.000  TEMP(K) =   205.37  PRESS =     0.0
 Etot   =    -70415.7057  EKtot   =     10431.9230  EPtot      =    -80847.6288
 BOND   =       362.6942  ANGLE   =       910.8812  DIHED      =      1957.6156
 1-4 NB =       644.7406  1-4 EEL =      6065.4244  VDWAALS    =     11259.3963
 EELEC  =   -102247.1107  EHBOND  =         0.0000  RESTRAINT  =       198.7296
 EAMBER (non-restraint)  =    -81046.3584
 DV/DL  =        -6.8619
 ------------------------------------------------------------------------------

 NMR restraints: Bond =    0.000   Angle =     0.000   Torsion =     0.000
===============================================================================

      R M S  F L U C T U A T I O N S


 NSTEP =    10000   TIME(PS) =      20.000  TEMP(K) =    76.54  PRESS =     0.0
 Etot   =      9918.7138  EKtot   =      3887.8521  EPtot      =      6063.5624
 BOND   =       109.6805  ANGLE   =       260.7361  DIHED      =        58.6421
 1-4 NB =        19.5443  1-4 EEL =        28.9081  VDWAALS    =      2094.5921
 EELEC  =      7674.6297  EHBOND  =         0.0000  RESTRAINT  =        49.5181
 EAMBER (non-restraint)  =      6014.0443
 DV/DL  =         0.4135
 ------------------------------------------------------------------------------


| TI region  2


      A V E R A G E S   O V E R      10 S T E P S


 NSTEP =    10000   TIME(PS) =      20.000  TEMP(K) =   205.37  PRESS =     0.0
 Etot   =    -70415.7057  EKtot   =     10431.9230  EPtot      =    -80847.6288
 BOND   =       362.6942  ANGLE   =       910.8812  DIHED      =      1957.6156
 1-4 NB =       644.7406  1-4 EEL =      6065.4244  VDWAALS    =     11259.3963
 EELEC  =   -102247.1107  EHBOND  =         0.0000  RESTRAINT  =       198.7296
 EAMBER (non-restraint)  =    -81046.3584
 DV/DL  =        -6.8619
 ------------------------------------------------------------------------------

 NMR restraints: Bond =    0.000   Angle =     0.000   Torsion =     0.000
===============================================================================

      R M S  F L U C T U A T I O N S


 NSTEP =    10000   TIME(PS) =      20.000  TEMP(K) =    76.54  PRESS =     0.0
 Etot   =      9918.7138  EKtot   =      3887.8521  EPtot      =      6063.5624
 BOND   =       109.6805  ANGLE   =       260.7361  DIHED      =        58.6421
 1-4 NB =        19.5443  1-4 EEL =        28.9081  VDWAALS    =      2094.5921
 EELEC  =      7674.6297  EHBOND  =         0.0000  RESTRAINT  =        49.5181
 EAMBER (non-restraint)  =      6014.0443
 DV/DL  =         0.4135
 ------------------------------------------------------------------------------


      DV/DL, AVERAGES OVER      10 STEPS


 NSTEP =    10000   TIME(PS) =      20.000  TEMP(K) =    76.54  PRESS =     0.0
 Etot   =         0.0000  EKtot   =         0.0000  EPtot      =        -6.8619
 BOND   =         0.0000  ANGLE   =         0.0000  DIHED      =         0.0000
 1-4 NB =         0.0000  1-4 EEL =        -1.0376  VDWAALS    =         0.0000
 EELEC  =        -5.8243  EHBOND  =         0.0000  RESTRAINT  =         0.0000
 DV/DL  =        -6.8619
 ------------------------------------------------------------------------------


 NMR restraints on final step:

--------------------------------------------------------------------------------
   5.  TIMINGS
--------------------------------------------------------------------------------

|  NonSetup CPU Time in Major Routines:
|
|     Routine           Sec        %
|     ------------------------------
|     Nonbond           7.74   33.47
|     Bond              0.00    0.00
|     Angle             0.00    0.00
|     Dihedral          0.00    0.00
|     Shake             0.06    0.24
|     RunMD            15.30   66.16
|     Other             0.03    0.13
|     ------------------------------
|     Total            23.13

|  PME Nonbond Pairlist CPU Time:
|
|     Routine              Sec        %
|     ---------------------------------
|     Set Up Cit           0.00    0.00
|     Build List           0.00    0.00
|     ---------------------------------
|     Total                0.00    0.00

|  PME Direct Force CPU Time:
|
|     Routine              Sec        %
|     ---------------------------------
|     NonBonded Calc       0.00    0.00
|     Exclude Masked       0.00    0.00
|     Other                0.02    0.08
|     ---------------------------------
|     Total                0.02    0.08

|  PME Reciprocal Force CPU Time:
|
|     Routine              Sec        %
|     ---------------------------------
|     1D bspline           0.00    0.00
|     Grid Charges         0.00    0.00
|     Scalar Sum           0.00    0.00
|     Gradient Sum         0.00    0.00
|     FFT                  0.00    0.00
|     ---------------------------------
|     Total                0.00    0.00

|  Final Performance Info:
|     -----------------------------------------------------
|     Average timings for last   10000 steps:
|     Elapsed(s) =      23.12 Per Step(ms) =       2.31
|         ns/day =      74.73   seconds/ns =    1156.19
|
|     Average timings for all steps:
|     Elapsed(s) =      23.12 Per Step(ms) =       2.31
|         ns/day =      74.73   seconds/ns =    1156.19
|     -----------------------------------------------------

|  Setup CPU time:            1.32 seconds
|  NonSetup CPU time:        23.13 seconds
|  Total CPU time:           24.44 seconds     0.01 hours

|  Setup wall time:           4    seconds
|  NonSetup wall time:       23    seconds
|  Total wall time:          27    seconds     0.01 hours
