
          -------------------------------------------------------
          Amber 16 PMEMD                              2016
          -------------------------------------------------------

| PMEMD implementation of SANDER, Release 16

| Run on 02/28/2019 at 05:42:53

|   Executable path: /opt/amber/bin/pmemd.cuda
| Working directory: /mnt/part2/home/meister/runjobs
|          Hostname: Unknown
  [-O]verwriting output

File Assignments:
|   MDIN: AA-AB/complex/recharge/0.100/heat.in                                  
|  MDOUT: AA-AB/complex/recharge/0.100/heat.out.tmp                             
| INPCRD: AA-AB/complex/recharge/recharge.rst7                                  
|   PARM: AA-AB/complex/recharge/recharge.parm7                                 
| RESTRT: AA-AB/complex/recharge/0.100/heat.rst7.tmp                            
|   REFC: AA-AB/complex/recharge/recharge.rst7                                  
|  MDVEL: mdvel                                                                 
|   MDEN: AA-AB/complex/recharge/0.100/heat.en.tmp                              
|  MDCRD: AA-AB/complex/recharge/0.100/heat.nc.tmp                              
| MDINFO: AA-AB/complex/recharge/0.100/heat.info.tmp                            
|  MDFRC: mdfrc                                                                 


 Here is the input file:

heating                                                                        
 &cntrl                                                                        
   imin = 0, nstlim = 10000, irest = 0, ntx = 1, dt = 0.002,                   
   ntt = 3, temp0 = 300.0, gamma_ln = 2.0, ig = -1,                            
   tempi = 50.0, tautp = 1.0,                                                  
   vlimit = 20,                                                                
   ntc = 2, ntf = 1,                                                           
   ntb = 1,                                                                    
   ioutfm = 1, iwrap = 1,                                                      
   ntwe = 1000, ntwx = 1000, ntpr = 1000, ntwr = 5000,                         
                                                                               
   nmropt = 1,                                                                 
   ntr = 1, restraint_wt = 5.00,                                               
   restraintmask='!:WAT & !@H=',                                               
                                                                               
   icfe = 1, clambda = 0.100, scalpha = 0.5, scbeta = 12.0,                    
   logdvdl = 0,                                                                
   timask1 = ':1', timask2 = ':2',                                             
   ifsc = 0, CRGMASK = ':1@H7'                                                 
 /                                                                             
                                                                               
 &ewald                                                                        
 /                                                                             
                                                                               
 &wt                                                                           
   type='TEMP0',                                                               
   istep1 = 0, istep2 = 8000,                                                  
   value1 = 50.0, value2 = 300.0                                               
 /                                                                             
                                                                               
 &wt type = 'END'                                                              
 /                                                                             


Note: ig = -1. Setting random seed to   459451 based on wallclock time in 
      microseconds.
| irandom = 1, using AMBER's internal random number generator (default).
 
|--------------------- INFORMATION ----------------------
| GPU (CUDA) Version of PMEMD in use: NVIDIA GPU IN USE.
|                    Version 18.0.0
| 
|                      03/25/2018
| 
| Implementation by:
|                    Ross C. Walker     (SDSC)
|                    Scott Le Grand     (nVIDIA)
| 
| Version 18 performance extensions by:
|                    David Cerutti     (Rutgers)
| 
| Precision model in use:
|      [SPFP] - Single Precision Forces, 64-bit Fixed Point
|               Accumulation. (Default)
| 
|--------------------------------------------------------
 
|----------------- CITATION INFORMATION -----------------
|
|    When publishing work that utilized the CUDA version
|    of AMBER, please cite the following in addition to
|    the regular AMBER citations:
|
|  - Romelia Salomon-Ferrer; Andreas W. Goetz; Duncan
|    Poole; Scott Le Grand; Ross C. Walker "Routine
|    microsecond molecular dynamics simulations with
|    AMBER - Part II: Particle Mesh Ewald", J. Chem.
|    Theory Comput., 2013, 9 (9), pp3878-3888,
|    DOI: 10.1021/ct400314y.
|
|  - Andreas W. Goetz; Mark J. Williamson; Dong Xu;
|    Duncan Poole; Scott Le Grand; Ross C. Walker
|    "Routine microsecond molecular dynamics simulations
|    with AMBER - Part I: Generalized Born", J. Chem.
|    Theory Comput., 2012, 8 (5), pp1542-1555.
|
|  - Scott Le Grand; Andreas W. Goetz; Ross C. Walker
|    "SPFP: Speed without compromise - a mixed precision
|    model for GPU accelerated molecular dynamics
|    simulations.", Comp. Phys. Comm., 2013, 184
|    pp374-380, DOI: 10.1016/j.cpc.2012.09.022
|
|    When publishing work that utilized the CUDA version
|    of TI, BAR, MBAR or FEP please cite the following 
|    publications in addition to the regular AMBER 
|    GPU citations:
|
|  - Daniel J. Mermelstein; Charles Lin; Gard Nelson; 
|    Rachael Kretsch; J. Andrew McCammon; Ross C. Walker
|    "Fast and Flexible GPU Accelerated Binding 
|    Free Energy Calculations within the AMBER Molecular
|    Dynamics Package" J. Comp. Chem., 2018,
|    DOI: 10.1002/jcc.25187
|
|  - Tai-Sung Lee; Yuan Hu; Brad Sherborne; Zhuyan Guo;
|    Darrin M. York
|    "Toward Fast and Accurate Binding Affinity Prediction with
|    pmemdGTI: An Efficient Implementation of GPU-Accelerated
|    Thermodynamic Integration"
|    J. Chem. Theory Comput., 2017, 13 (7), 3077
|
|
|--------------------------------------------------------
 
|------------------- GPU DEVICE INFO --------------------
|
|            CUDA_VISIBLE_DEVICES: not set
|   CUDA Capable Devices Detected:      1
|           CUDA Device ID in use:      0
|                CUDA Device Name: Tesla K80
|     CUDA Device Global Mem Size:  11441 MB
| CUDA Device Num Multiprocessors:     13
|           CUDA Device Core Freq:   0.82 GHz
|
|--------------------------------------------------------
 
 
| Conditional Compilation Defines Used:
| PUBFFT
| BINTRAJ
| CUDA
| EMIL

| Largest sphere to fit in unit cell has radius =    30.763

| New format PARM file being parsed.
| Version =    1.000 Date = 02/28/19 Time = 00:37:40

| Note: 1-4 EEL scale factors are being read from the topology file.

| Note: 1-4 VDW scale factors are being read from the topology file.
| Duplicated    0 dihedrals

| Duplicated    0 dihedrals

--------------------------------------------------------------------------------
   1.  RESOURCE   USE: 
--------------------------------------------------------------------------------

 getting new box info from bottom of inpcrd
 NATOM  =   24926 NTYPES =      16 NBONH =   23618 MBONA  =    1324
 NTHETH =   25284 MTHETA =    1781 NPHIH =    6059 MPHIA  =    5537
 NHPARM =       0 NPARM  =       0 NNB   =   44146 NRES   =    7599
 NBONA  =    1324 NTHETA =    1781 NPHIA =    5537 NUMBND =      69
 NUMANG =     155 NPTRA  =     186 NATYP =      38 NPHB   =       0
 IFBOX  =       1 NMXRS  =      24 IFCAP =       0 NEXTRA =       0
 NCOPY  =       0

| Coordinate Index Table dimensions:    13   14   16
| Direct force subcell size =     4.7328    4.6773    4.5903

     BOX TYPE: RECTILINEAR

--------------------------------------------------------------------------------
   2.  CONTROL  DATA  FOR  THE  RUN
--------------------------------------------------------------------------------

NIL                                                                             

General flags:
     imin    =       0, nmropt  =       1

Nature and format of input:
     ntx     =       1, irest   =       0, ntrx    =       1

Nature and format of output:
     ntxo    =       2, ntpr    =    1000, ntrx    =       1, ntwr    =    5000
     iwrap   =       1, ntwx    =    1000, ntwv    =       0, ntwe    =    1000
     ioutfm  =       1, ntwprt  =       0, idecomp =       0, rbornstat=      0

Potential function:
     ntf     =       1, ntb     =       1, igb     =       0, nsnb    =      25
     ipol    =       0, gbsa    =       0, iesp    =       0
     dielc   =   1.00000, cut     =   8.00000, intdiel =   1.00000

Frozen or restrained atoms:
     ibelly  =       0, ntr     =       1
     restraint_wt =   5.00000

Molecular dynamics:
     nstlim  =     10000, nscm    =         0, nrespa  =         1
     t       =   0.00000, dt      =   0.00200, vlimit  =  20.00000

Langevin dynamics temperature regulation:
     ig      =  459451
     temp0   = 300.00000, tempi   =  50.00000, gamma_ln=   2.00000

SHAKE:
     ntc     =       2, jfastw  =       0
     tol     =   0.00001

NMR refinement options:
     iscale  =       0, noeskp  =       1, ipnlty  =       1, mxsub   =       1
     scalm   = 100.00000, pencut  =   0.10000, tausw   =   0.10000

Free energy options:
     icfe    =       1, ifsc    =       0, klambda =       1
     clambda =  0.1000, scalpha =  0.5000, scbeta  = 12.0000
     sceeorder =       2
     dynlmb =  0.0000 logdvdl =       0

| Intermolecular bonds treatment:
|     no_intermolecular_bonds =       1

| Energy averages sample interval:
|     ene_avg_sampling =    1000

Ewald parameters:
     verbose =       0, ew_type =       0, nbflag  =       1, use_pme =       1
     vdwmeth =       1, eedmeth =       1, netfrc  =       1
     Box X =   61.526   Box Y =   65.482   Box Z =   73.445
     Alpha =   90.000   Beta  =   90.000   Gamma =   90.000
     NFFT1 =   64       NFFT2 =   64       NFFT3 =   80
     Cutoff=    8.000   Tol   =0.100E-04
     Ewald Coefficient =  0.34864
     Interpolation order =    4

    LOADING THE CONSTRAINED ATOMS AS GROUPS


   5.  REFERENCE ATOM COORDINATES

  NIL                                                                             
     Mask !:WAT & !@H=; matches  1308 atoms
     TI Mask 1 :1; matches     13 atoms
     TI Mask 2 :2; matches     13 atoms
     TI region 1:   24913 atoms
     TI region 2:   24913 atoms
Removing charge of       0.4181 from atom      13
Total charge of   0.41807699 removed from       1 atoms
     Checking for mismatched coordinates.

--------------------------------------------------------------------------------
   3.  ATOMIC COORDINATES AND VELOCITIES
--------------------------------------------------------------------------------

NIL                                                                             
 begin time read from input coords =     0.000 ps



           Begin reading energy term weight changes/NMR restraints
 WEIGHT CHANGES:
 TEMP0         0   8000   50.000000  300.000000      0      0

 RESTRAINTS:
                          ** No restraint defined **

                  Done reading weight changes/NMR restraints


 
 Number of triangulated 3-point waters found:     7431

     Sum of charges for TI region  1 =  -0.41765970
     Assuming uniform neutralizing plasma


     Sum of charges for TI region  2 =   0.00041729
     Forcing neutrality...

| Dynamic Memory, Types Used:
| Reals             1149131
| Integers          1361487

| Nonbonded Pairs Initial Allocation:     4163265

| GPU memory information (estimate):
| KB of GPU memory in use:         0
| KB of CPU memory in use:         0

--------------------------------------------------------------------------------
   4.  RESULTS
--------------------------------------------------------------------------------


| TI region  1


 NSTEP =        0   TIME(PS) =       0.000  TEMP(K) =    73.08  PRESS =     0.0
 Etot   =    -65101.7733  EKtot   =      3712.4983  EPtot      =    -68814.2715
 BOND   =       486.4148  ANGLE   =      1251.7578  DIHED      =      2033.9541
 1-4 NB =       679.4168  1-4 EEL =      6030.6440  VDWAALS    =      8313.0150
 EELEC  =    -87609.4740  EHBOND  =         0.0000  RESTRAINT  =         0.0000
 DV/DL  =         5.2772
 ------------------------------------------------------------------------------


| TI region  2


 NSTEP =        0   TIME(PS) =       0.000  TEMP(K) =    73.08  PRESS =     0.0
 Etot   =    -65101.7733  EKtot   =      3712.4983  EPtot      =    -68814.2715
 BOND   =       486.4148  ANGLE   =      1251.7578  DIHED      =      2033.9541
 1-4 NB =       679.4168  1-4 EEL =      6030.6440  VDWAALS    =      8313.0150
 EELEC  =    -87609.4740  EHBOND  =         0.0000  RESTRAINT  =         0.0000
 DV/DL  =         5.2772
 ------------------------------------------------------------------------------

 NMR restraints: Bond =    0.000   Angle =     0.000   Torsion =     0.000
===============================================================================
wrapping first mol.:      -61.52620      -65.48220      -73.44500

| TI region  1


 NSTEP =     1000   TIME(PS) =       2.000  TEMP(K) =    81.52  PRESS =     0.0
 Etot   =    -84757.4452  EKtot   =      4141.0300  EPtot      =    -88898.4752
 BOND   =       191.1446  ANGLE   =       487.6991  DIHED      =      1857.7199
 1-4 NB =       615.2367  1-4 EEL =      6027.7543  VDWAALS    =     13990.7989
 EELEC  =   -112188.7021  EHBOND  =         0.0000  RESTRAINT  =       119.8734
 EAMBER (non-restraint)  =    -89018.3485
 DV/DL  =         6.2461
 ------------------------------------------------------------------------------


| TI region  2


 NSTEP =     1000   TIME(PS) =       2.000  TEMP(K) =    81.52  PRESS =     0.0
 Etot   =    -84757.4452  EKtot   =      4141.0300  EPtot      =    -88898.4752
 BOND   =       191.1446  ANGLE   =       487.6991  DIHED      =      1857.7199
 1-4 NB =       615.2367  1-4 EEL =      6027.7543  VDWAALS    =     13990.7989
 EELEC  =   -112188.7021  EHBOND  =         0.0000  RESTRAINT  =       119.8734
 EAMBER (non-restraint)  =    -89018.3485
 DV/DL  =         6.2461
 ------------------------------------------------------------------------------

 NMR restraints: Bond =    0.000   Angle =     0.000   Torsion =     0.000
===============================================================================
wrapping first mol.:      -61.52620      -65.48220      -73.44500

| TI region  1


 NSTEP =     2000   TIME(PS) =       4.000  TEMP(K) =   105.67  PRESS =     0.0
 Etot   =    -82687.6004  EKtot   =      5367.8506  EPtot      =    -88055.4511
 BOND   =       245.0024  ANGLE   =       571.0583  DIHED      =      1876.2213
 1-4 NB =       606.9899  1-4 EEL =      6035.0861  VDWAALS    =     13739.1138
 EELEC  =   -111268.8213  EHBOND  =         0.0000  RESTRAINT  =       139.8984
 EAMBER (non-restraint)  =    -88195.3495
 DV/DL  =         8.4271
 ------------------------------------------------------------------------------


| TI region  2


 NSTEP =     2000   TIME(PS) =       4.000  TEMP(K) =   105.67  PRESS =     0.0
 Etot   =    -82687.6004  EKtot   =      5367.8506  EPtot      =    -88055.4511
 BOND   =       245.0024  ANGLE   =       571.0583  DIHED      =      1876.2213
 1-4 NB =       606.9899  1-4 EEL =      6035.0861  VDWAALS    =     13739.1138
 EELEC  =   -111268.8213  EHBOND  =         0.0000  RESTRAINT  =       139.8984
 EAMBER (non-restraint)  =    -88195.3495
 DV/DL  =         8.4271
 ------------------------------------------------------------------------------

 NMR restraints: Bond =    0.000   Angle =     0.000   Torsion =     0.000
===============================================================================
wrapping first mol.:      -61.52620      -65.48220      -73.44500

| TI region  1


 NSTEP =     3000   TIME(PS) =       6.000  TEMP(K) =   135.91  PRESS =     0.0
 Etot   =    -79787.1083  EKtot   =      6903.9692  EPtot      =    -86691.0775
 BOND   =       261.6753  ANGLE   =       659.0554  DIHED      =      1898.0830
 1-4 NB =       624.6046  1-4 EEL =      6052.2453  VDWAALS    =     13294.8558
 EELEC  =   -109631.7323  EHBOND  =         0.0000  RESTRAINT  =       150.1354
 EAMBER (non-restraint)  =    -86841.2129
 DV/DL  =         8.6279
 ------------------------------------------------------------------------------


| TI region  2


 NSTEP =     3000   TIME(PS) =       6.000  TEMP(K) =   135.91  PRESS =     0.0
 Etot   =    -79787.1083  EKtot   =      6903.9692  EPtot      =    -86691.0775
 BOND   =       261.6753  ANGLE   =       659.0554  DIHED      =      1898.0830
 1-4 NB =       624.6046  1-4 EEL =      6052.2453  VDWAALS    =     13294.8558
 EELEC  =   -109631.7323  EHBOND  =         0.0000  RESTRAINT  =       150.1354
 EAMBER (non-restraint)  =    -86841.2129
 DV/DL  =         8.6279
 ------------------------------------------------------------------------------

 NMR restraints: Bond =    0.000   Angle =     0.000   Torsion =     0.000
===============================================================================
wrapping first mol.:      -61.52620      -65.48220      -73.44500

| TI region  1


 NSTEP =     4000   TIME(PS) =       8.000  TEMP(K) =   167.34  PRESS =     0.0
 Etot   =    -76514.5797  EKtot   =      8500.8185  EPtot      =    -85015.3983
 BOND   =       313.5695  ANGLE   =       790.9712  DIHED      =      1943.4720
 1-4 NB =       643.5795  1-4 EEL =      6015.2793  VDWAALS    =     12686.4889
 EELEC  =   -107578.5319  EHBOND  =         0.0000  RESTRAINT  =       169.7732
 EAMBER (non-restraint)  =    -85185.1715
 DV/DL  =         8.0947
 ------------------------------------------------------------------------------


| TI region  2


 NSTEP =     4000   TIME(PS) =       8.000  TEMP(K) =   167.34  PRESS =     0.0
 Etot   =    -76514.5797  EKtot   =      8500.8185  EPtot      =    -85015.3983
 BOND   =       313.5695  ANGLE   =       790.9712  DIHED      =      1943.4720
 1-4 NB =       643.5795  1-4 EEL =      6015.2793  VDWAALS    =     12686.4889
 EELEC  =   -107578.5319  EHBOND  =         0.0000  RESTRAINT  =       169.7732
 EAMBER (non-restraint)  =    -85185.1715
 DV/DL  =         8.0947
 ------------------------------------------------------------------------------

 NMR restraints: Bond =    0.000   Angle =     0.000   Torsion =     0.000
===============================================================================
wrapping first mol.:      -61.52620      -65.48220      -73.44500
wrapping first mol.:      -61.52620      -65.48220      -73.44500

| TI region  1


 NSTEP =     5000   TIME(PS) =      10.000  TEMP(K) =   198.70  PRESS =     0.0
 Etot   =    -72806.7226  EKtot   =     10093.7819  EPtot      =    -82900.5045
 BOND   =       347.3931  ANGLE   =       853.9485  DIHED      =      1945.2573
 1-4 NB =       646.2336  1-4 EEL =      6013.9078  VDWAALS    =     12110.4995
 EELEC  =   -105005.8225  EHBOND  =         0.0000  RESTRAINT  =       188.0782
 EAMBER (non-restraint)  =    -83088.5827
 DV/DL  =         8.3089
 ------------------------------------------------------------------------------


| TI region  2


 NSTEP =     5000   TIME(PS) =      10.000  TEMP(K) =   198.70  PRESS =     0.0
 Etot   =    -72806.7226  EKtot   =     10093.7819  EPtot      =    -82900.5045
 BOND   =       347.3931  ANGLE   =       853.9485  DIHED      =      1945.2573
 1-4 NB =       646.2336  1-4 EEL =      6013.9078  VDWAALS    =     12110.4995
 EELEC  =   -105005.8225  EHBOND  =         0.0000  RESTRAINT  =       188.0782
 EAMBER (non-restraint)  =    -83088.5827
 DV/DL  =         8.3089
 ------------------------------------------------------------------------------

 NMR restraints: Bond =    0.000   Angle =     0.000   Torsion =     0.000
===============================================================================
wrapping first mol.:      -61.52620      -65.48220      -73.44500

| TI region  1


 NSTEP =     6000   TIME(PS) =      12.000  TEMP(K) =   224.92  PRESS =     0.0
 Etot   =    -68841.1896  EKtot   =     11426.0759  EPtot      =    -80267.2655
 BOND   =       393.0492  ANGLE   =      1005.7196  DIHED      =      1969.0972
 1-4 NB =       645.8779  1-4 EEL =      6026.9347  VDWAALS    =     10956.3631
 EELEC  =   -101473.2099  EHBOND  =         0.0000  RESTRAINT  =       208.9027
 EAMBER (non-restraint)  =    -80476.1681
 DV/DL  =         8.1179
 ------------------------------------------------------------------------------


| TI region  2


 NSTEP =     6000   TIME(PS) =      12.000  TEMP(K) =   224.92  PRESS =     0.0
 Etot   =    -68841.1896  EKtot   =     11426.0759  EPtot      =    -80267.2655
 BOND   =       393.0492  ANGLE   =      1005.7196  DIHED      =      1969.0972
 1-4 NB =       645.8779  1-4 EEL =      6026.9347  VDWAALS    =     10956.3631
 EELEC  =   -101473.2099  EHBOND  =         0.0000  RESTRAINT  =       208.9027
 EAMBER (non-restraint)  =    -80476.1681
 DV/DL  =         8.1179
 ------------------------------------------------------------------------------

 NMR restraints: Bond =    0.000   Angle =     0.000   Torsion =     0.000
===============================================================================
wrapping first mol.:      -61.52620      -65.48220      -73.44500

| TI region  1


 NSTEP =     7000   TIME(PS) =      14.000  TEMP(K) =   261.98  PRESS =     0.0
 Etot   =    -64116.0487  EKtot   =     13308.3485  EPtot      =    -77424.3973
 BOND   =       439.7408  ANGLE   =      1057.0394  DIHED      =      2004.3783
 1-4 NB =       666.9472  1-4 EEL =      6059.2311  VDWAALS    =     10101.5602
 EELEC  =    -97972.3787  EHBOND  =         0.0000  RESTRAINT  =       219.0846
 EAMBER (non-restraint)  =    -77643.4818
 DV/DL  =         7.8741
 ------------------------------------------------------------------------------


| TI region  2


 NSTEP =     7000   TIME(PS) =      14.000  TEMP(K) =   261.98  PRESS =     0.0
 Etot   =    -64116.0487  EKtot   =     13308.3485  EPtot      =    -77424.3973
 BOND   =       439.7408  ANGLE   =      1057.0394  DIHED      =      2004.3783
 1-4 NB =       666.9472  1-4 EEL =      6059.2311  VDWAALS    =     10101.5602
 EELEC  =    -97972.3787  EHBOND  =         0.0000  RESTRAINT  =       219.0846
 EAMBER (non-restraint)  =    -77643.4818
 DV/DL  =         7.8741
 ------------------------------------------------------------------------------

 NMR restraints: Bond =    0.000   Angle =     0.000   Torsion =     0.000
===============================================================================
wrapping first mol.:      -61.52620      -65.48220      -73.44500

| TI region  1


 NSTEP =     8000   TIME(PS) =      16.000  TEMP(K) =   289.55  PRESS =     0.0
 Etot   =    -59323.1537  EKtot   =     14709.1952  EPtot      =    -74032.3488
 BOND   =       479.3339  ANGLE   =      1148.2438  DIHED      =      2006.1115
 1-4 NB =       660.1660  1-4 EEL =      6026.0023  VDWAALS    =      9171.2832
 EELEC  =    -93789.7570  EHBOND  =         0.0000  RESTRAINT  =       266.2675
 EAMBER (non-restraint)  =    -74298.6163
 DV/DL  =         6.8126
 ------------------------------------------------------------------------------


| TI region  2


 NSTEP =     8000   TIME(PS) =      16.000  TEMP(K) =   289.55  PRESS =     0.0
 Etot   =    -59323.1537  EKtot   =     14709.1952  EPtot      =    -74032.3488
 BOND   =       479.3339  ANGLE   =      1148.2438  DIHED      =      2006.1115
 1-4 NB =       660.1660  1-4 EEL =      6026.0023  VDWAALS    =      9171.2832
 EELEC  =    -93789.7570  EHBOND  =         0.0000  RESTRAINT  =       266.2675
 EAMBER (non-restraint)  =    -74298.6163
 DV/DL  =         6.8126
 ------------------------------------------------------------------------------

 NMR restraints: Bond =    0.000   Angle =     0.000   Torsion =     0.000
===============================================================================
wrapping first mol.:      -61.52620      -65.48220      -73.44500

| TI region  1


 NSTEP =     9000   TIME(PS) =      18.000  TEMP(K) =   300.31  PRESS =     0.0
 Etot   =    -57327.8286  EKtot   =     15255.5537  EPtot      =    -72583.3823
 BOND   =       488.6719  ANGLE   =      1186.7212  DIHED      =      2035.7628
 1-4 NB =       659.0977  1-4 EEL =      5989.1890  VDWAALS    =      8704.5418
 EELEC  =    -91913.1817  EHBOND  =         0.0000  RESTRAINT  =       265.8150
 EAMBER (non-restraint)  =    -72849.1973
 DV/DL  =         9.6712
 ------------------------------------------------------------------------------


| TI region  2


 NSTEP =     9000   TIME(PS) =      18.000  TEMP(K) =   300.31  PRESS =     0.0
 Etot   =    -57327.8286  EKtot   =     15255.5537  EPtot      =    -72583.3823
 BOND   =       488.6719  ANGLE   =      1186.7212  DIHED      =      2035.7628
 1-4 NB =       659.0977  1-4 EEL =      5989.1890  VDWAALS    =      8704.5418
 EELEC  =    -91913.1817  EHBOND  =         0.0000  RESTRAINT  =       265.8150
 EAMBER (non-restraint)  =    -72849.1973
 DV/DL  =         9.6712
 ------------------------------------------------------------------------------

 NMR restraints: Bond =    0.000   Angle =     0.000   Torsion =     0.000
===============================================================================
wrapping first mol.:      -61.52620      -65.48220      -73.44500
wrapping first mol.:      -61.52620      -65.48220      -73.44500

| TI region  1


 NSTEP =    10000   TIME(PS) =      20.000  TEMP(K) =   301.09  PRESS =     0.0
 Etot   =    -57325.5122  EKtot   =     15295.4695  EPtot      =    -72620.9817
 BOND   =       474.8782  ANGLE   =      1206.8531  DIHED      =      2009.4653
 1-4 NB =       663.6722  1-4 EEL =      6044.7140  VDWAALS    =      8309.5787
 EELEC  =    -91596.3174  EHBOND  =         0.0000  RESTRAINT  =       266.1743
 EAMBER (non-restraint)  =    -72887.1560
 DV/DL  =         9.4926
 ------------------------------------------------------------------------------


| TI region  2


 NSTEP =    10000   TIME(PS) =      20.000  TEMP(K) =   301.09  PRESS =     0.0
 Etot   =    -57325.5122  EKtot   =     15295.4695  EPtot      =    -72620.9817
 BOND   =       474.8782  ANGLE   =      1206.8531  DIHED      =      2009.4653
 1-4 NB =       663.6722  1-4 EEL =      6044.7140  VDWAALS    =      8309.5787
 EELEC  =    -91596.3174  EHBOND  =         0.0000  RESTRAINT  =       266.1743
 EAMBER (non-restraint)  =    -72887.1560
 DV/DL  =         9.4926
 ------------------------------------------------------------------------------

 NMR restraints: Bond =    0.000   Angle =     0.000   Torsion =     0.000
===============================================================================

| TI region  1


      A V E R A G E S   O V E R      10 S T E P S


 NSTEP =    10000   TIME(PS) =      20.000  TEMP(K) =   206.70  PRESS =     0.0
 Etot   =    -70348.7189  EKtot   =     10500.2093  EPtot      =    -80848.9282
 BOND   =       363.4459  ANGLE   =       896.7309  DIHED      =      1954.5569
 1-4 NB =       643.2405  1-4 EEL =      6029.0344  VDWAALS    =     11306.5084
 EELEC  =   -102241.8455  EHBOND  =         0.0000  RESTRAINT  =       199.4003
 EAMBER (non-restraint)  =    -81048.3285
 DV/DL  =         8.1673
 ------------------------------------------------------------------------------

 NMR restraints: Bond =    0.000   Angle =     0.000   Torsion =     0.000
===============================================================================

      R M S  F L U C T U A T I O N S


 NSTEP =    10000   TIME(PS) =      20.000  TEMP(K) =    77.74  PRESS =     0.0
 Etot   =      9974.1246  EKtot   =      3948.9519  EPtot      =      6057.8724
 BOND   =       102.4916  ANGLE   =       249.7961  DIHED      =        58.2008
 1-4 NB =        19.9475  1-4 EEL =        19.3752  VDWAALS    =      2037.4681
 EELEC  =      7625.1031  EHBOND  =         0.0000  RESTRAINT  =        52.0737
 EAMBER (non-restraint)  =      6005.7987
 DV/DL  =         0.9969
 ------------------------------------------------------------------------------


| TI region  2


      A V E R A G E S   O V E R      10 S T E P S


 NSTEP =    10000   TIME(PS) =      20.000  TEMP(K) =   206.70  PRESS =     0.0
 Etot   =    -70348.7189  EKtot   =     10500.2093  EPtot      =    -80848.9282
 BOND   =       363.4459  ANGLE   =       896.7309  DIHED      =      1954.5569
 1-4 NB =       643.2405  1-4 EEL =      6029.0344  VDWAALS    =     11306.5084
 EELEC  =   -102241.8455  EHBOND  =         0.0000  RESTRAINT  =       199.4003
 EAMBER (non-restraint)  =    -81048.3285
 DV/DL  =         8.1673
 ------------------------------------------------------------------------------

 NMR restraints: Bond =    0.000   Angle =     0.000   Torsion =     0.000
===============================================================================

      R M S  F L U C T U A T I O N S


 NSTEP =    10000   TIME(PS) =      20.000  TEMP(K) =    77.74  PRESS =     0.0
 Etot   =      9974.1246  EKtot   =      3948.9519  EPtot      =      6057.8724
 BOND   =       102.4916  ANGLE   =       249.7961  DIHED      =        58.2008
 1-4 NB =        19.9475  1-4 EEL =        19.3752  VDWAALS    =      2037.4681
 EELEC  =      7625.1031  EHBOND  =         0.0000  RESTRAINT  =        52.0737
 EAMBER (non-restraint)  =      6005.7987
 DV/DL  =         0.9969
 ------------------------------------------------------------------------------


      DV/DL, AVERAGES OVER      10 STEPS


 NSTEP =    10000   TIME(PS) =      20.000  TEMP(K) =    77.74  PRESS =     0.0
 Etot   =         0.0000  EKtot   =         0.0000  EPtot      =         8.1673
 BOND   =         0.0000  ANGLE   =         0.0000  DIHED      =         0.0000
 1-4 NB =         0.0000  1-4 EEL =       -21.9572  VDWAALS    =         0.0000
 EELEC  =        30.1245  EHBOND  =         0.0000  RESTRAINT  =         0.0000
 DV/DL  =         8.1673
 ------------------------------------------------------------------------------


 NMR restraints on final step:

--------------------------------------------------------------------------------
   5.  TIMINGS
--------------------------------------------------------------------------------

|  NonSetup CPU Time in Major Routines:
|
|     Routine           Sec        %
|     ------------------------------
|     Nonbond           6.81   30.33
|     Bond              0.00    0.00
|     Angle             0.00    0.00
|     Dihedral          0.00    0.00
|     Shake             0.06    0.25
|     RunMD            15.55   69.29
|     Other             0.03    0.13
|     ------------------------------
|     Total            22.44

|  PME Nonbond Pairlist CPU Time:
|
|     Routine              Sec        %
|     ---------------------------------
|     Set Up Cit           0.00    0.00
|     Build List           0.00    0.00
|     ---------------------------------
|     Total                0.00    0.00

|  PME Direct Force CPU Time:
|
|     Routine              Sec        %
|     ---------------------------------
|     NonBonded Calc       0.00    0.00
|     Exclude Masked       0.00    0.00
|     Other                0.02    0.08
|     ---------------------------------
|     Total                0.02    0.08

|  PME Reciprocal Force CPU Time:
|
|     Routine              Sec        %
|     ---------------------------------
|     1D bspline           0.00    0.00
|     Grid Charges         0.00    0.00
|     Scalar Sum           0.00    0.00
|     Gradient Sum         0.00    0.00
|     FFT                  0.00    0.00
|     ---------------------------------
|     Total                0.00    0.00

|  Final Performance Info:
|     -----------------------------------------------------
|     Average timings for last   10000 steps:
|     Elapsed(s) =      22.44 Per Step(ms) =       2.24
|         ns/day =      77.01   seconds/ns =    1121.94
|
|     Average timings for all steps:
|     Elapsed(s) =      22.44 Per Step(ms) =       2.24
|         ns/day =      77.01   seconds/ns =    1121.94
|     -----------------------------------------------------

|  Setup CPU time:            1.31 seconds
|  NonSetup CPU time:        22.44 seconds
|  Total CPU time:           23.75 seconds     0.01 hours

|  Setup wall time:           4    seconds
|  NonSetup wall time:       22    seconds
|  Total wall time:          26    seconds     0.01 hours
