
Static FFT Slab Distribution:

  FFT slabs assigned to    4 tasks
  Maximum of   19 xy slabs per task
  Maximum of   18 zx slabs per task
  Count of FFT xy slabs assigned to each task:
      18  19  19  19
  Count of FFT xz slabs assigned to each task:
      18  18  18  18

Atom Distribution No.     2 at run step    5032:

  Count of atoms assigned to each task:
         6717     8642     8233     6961

Atom Distribution No.     3 at run step    8599:

  Count of atoms assigned to each task:
         6489     8691     8278     7095

Major Routine Parallel Profiling - NonSetup CPU Seconds:

           D                                                              
           a                                                              
           t                                                              
           a                              D                               
           D         N                    i                               
           i         o                    h                               
           s         n             A      e      S      R      O         T
   T       t         B      B      n      d      h      u      t         o
   a       r         o      o      g      r      a      n      h         t
   s       i         n      n      l      a      k      M      e         a
   k       b         d      d      e      l      e      D      r         l
------------------------------------------------------------------------------
   0    37.4     446.2    1.6    2.5   12.9    3.7    6.1    0.0     510.4
   1    30.9     466.8    1.8    0.3    1.6    4.4    5.6    0.0     511.4
   2    30.5     465.9    2.2    0.4    1.7    4.3    6.4    0.0     511.3
   3    38.3     440.8    1.6    3.1   16.4    3.7    6.1    0.0     510.0
------------------------------------------------------------------------------
 avg    34.3     454.9    1.8    1.6    8.1    4.0    6.1    0.0     510.8
 min    30.5     440.8    1.6    0.3    1.6    3.7    5.6    0.0     510.0
 max    38.3     466.8    2.2    3.1   16.4    4.4    6.4    0.0     511.4
 std     3.6      11.6    0.3    1.2    6.6    0.3    0.3    0.0       0.6
------------------------------------------------------------------------------

PME NonBond Parallel Profiling - NonSetup CPU Seconds:

                     D                           
           P         i         R                 
           a         r         e      L          
           i         e         c      o          
           r         c         i      a         T
   T       l         t         p      d         o
   a       i         F         F      B         t
   s       s         r         r      a         a
   k       t         c         c      l         l
-------------------------------------------------
   0    35.7     231.2     179.2    0.0     446.2
   1    42.1     250.2     174.5    0.0     466.8
   2    40.8     249.0     176.0    0.0     465.9
   3    34.7     223.8     182.3    0.0     440.8
-------------------------------------------------
 avg    38.3     238.6     178.0    0.0     454.9
-------------------------------------------------
