
          -------------------------------------------------------
          Amber 16 PMEMD                              2016
          -------------------------------------------------------

| PMEMD implementation of SANDER, Release 16

| Run on 02/28/2019 at 02:19:56

|   Executable path: /opt/amber/bin/pmemd.cuda
| Working directory: /mnt/part2/home/meister/runjobs
|          Hostname: Unknown
  [-O]verwriting output

File Assignments:
|   MDIN: AA-AB/ligand/decharge/0.800/heat.in                                   
|  MDOUT: AA-AB/ligand/decharge/0.800/heat.out.tmp                              
| INPCRD: AA-AB/ligand/decharge/decharge.rst7                                   
|   PARM: AA-AB/ligand/decharge/decharge.parm7                                  
| RESTRT: AA-AB/ligand/decharge/0.800/heat.rst7.tmp                             
|   REFC: AA-AB/ligand/decharge/decharge.rst7                                   
|  MDVEL: mdvel                                                                 
|   MDEN: AA-AB/ligand/decharge/0.800/heat.en.tmp                               
|  MDCRD: AA-AB/ligand/decharge/0.800/heat.nc.tmp                               
| MDINFO: AA-AB/ligand/decharge/0.800/heat.info.tmp                             
|  MDFRC: mdfrc                                                                 


 Here is the input file:

heating                                                                        
 &cntrl                                                                        
   imin = 0, nstlim = 10000, irest = 0, ntx = 1, dt = 0.002,                   
   ntt = 3, temp0 = 300.0, gamma_ln = 2.0, ig = -1,                            
   tempi = 50.0, tautp = 1.0,                                                  
   vlimit = 20,                                                                
   ntc = 2, ntf = 1,                                                           
   ntb = 1,                                                                    
   ioutfm = 1, iwrap = 1,                                                      
   ntwe = 1000, ntwx = 1000, ntpr = 1000, ntwr = 5000,                         
                                                                               
   nmropt = 1,                                                                 
   ntr = 1, restraint_wt = 5.00,                                               
   restraintmask='!:WAT & !@H=',                                               
                                                                               
   icfe = 1, clambda = 0.800, scalpha = 0.5, scbeta = 12.0,                    
   logdvdl = 0,                                                                
   timask1 = ':1', timask2 = ':2',                                             
   ifsc = 0, CRGMASK = ':2@H7,O1'                                              
 /                                                                             
                                                                               
 &ewald                                                                        
 /                                                                             
                                                                               
 &wt                                                                           
   type='TEMP0',                                                               
   istep1 = 0, istep2 = 8000,                                                  
   value1 = 50.0, value2 = 300.0                                               
 /                                                                             
                                                                               
 &wt type = 'END'                                                              
 /                                                                             


Note: ig = -1. Setting random seed to   125854 based on wallclock time in 
      microseconds.
| irandom = 1, using AMBER's internal random number generator (default).
 
|--------------------- INFORMATION ----------------------
| GPU (CUDA) Version of PMEMD in use: NVIDIA GPU IN USE.
|                    Version 18.0.0
| 
|                      03/25/2018
| 
| Implementation by:
|                    Ross C. Walker     (SDSC)
|                    Scott Le Grand     (nVIDIA)
| 
| Version 18 performance extensions by:
|                    David Cerutti     (Rutgers)
| 
| Precision model in use:
|      [SPFP] - Single Precision Forces, 64-bit Fixed Point
|               Accumulation. (Default)
| 
|--------------------------------------------------------
 
|----------------- CITATION INFORMATION -----------------
|
|    When publishing work that utilized the CUDA version
|    of AMBER, please cite the following in addition to
|    the regular AMBER citations:
|
|  - Romelia Salomon-Ferrer; Andreas W. Goetz; Duncan
|    Poole; Scott Le Grand; Ross C. Walker "Routine
|    microsecond molecular dynamics simulations with
|    AMBER - Part II: Particle Mesh Ewald", J. Chem.
|    Theory Comput., 2013, 9 (9), pp3878-3888,
|    DOI: 10.1021/ct400314y.
|
|  - Andreas W. Goetz; Mark J. Williamson; Dong Xu;
|    Duncan Poole; Scott Le Grand; Ross C. Walker
|    "Routine microsecond molecular dynamics simulations
|    with AMBER - Part I: Generalized Born", J. Chem.
|    Theory Comput., 2012, 8 (5), pp1542-1555.
|
|  - Scott Le Grand; Andreas W. Goetz; Ross C. Walker
|    "SPFP: Speed without compromise - a mixed precision
|    model for GPU accelerated molecular dynamics
|    simulations.", Comp. Phys. Comm., 2013, 184
|    pp374-380, DOI: 10.1016/j.cpc.2012.09.022
|
|    When publishing work that utilized the CUDA version
|    of TI, BAR, MBAR or FEP please cite the following 
|    publications in addition to the regular AMBER 
|    GPU citations:
|
|  - Daniel J. Mermelstein; Charles Lin; Gard Nelson; 
|    Rachael Kretsch; J. Andrew McCammon; Ross C. Walker
|    "Fast and Flexible GPU Accelerated Binding 
|    Free Energy Calculations within the AMBER Molecular
|    Dynamics Package" J. Comp. Chem., 2018,
|    DOI: 10.1002/jcc.25187
|
|  - Tai-Sung Lee; Yuan Hu; Brad Sherborne; Zhuyan Guo;
|    Darrin M. York
|    "Toward Fast and Accurate Binding Affinity Prediction with
|    pmemdGTI: An Efficient Implementation of GPU-Accelerated
|    Thermodynamic Integration"
|    J. Chem. Theory Comput., 2017, 13 (7), 3077
|
|
|--------------------------------------------------------
 
|------------------- GPU DEVICE INFO --------------------
|
|            CUDA_VISIBLE_DEVICES: not set
|   CUDA Capable Devices Detected:      1
|           CUDA Device ID in use:      0
|                CUDA Device Name: Tesla K80
|     CUDA Device Global Mem Size:  11441 MB
| CUDA Device Num Multiprocessors:     13
|           CUDA Device Core Freq:   0.82 GHz
|
|--------------------------------------------------------
 
 
| Conditional Compilation Defines Used:
| PUBFFT
| BINTRAJ
| CUDA
| EMIL

| Largest sphere to fit in unit cell has radius =    14.610

| New format PARM file being parsed.
| Version =    1.000 Date = 02/27/19 Time = 21:00:36

| Note: 1-4 EEL scale factors are being read from the topology file.

| Note: 1-4 VDW scale factors are being read from the topology file.
| Duplicated    0 dihedrals

| Duplicated    0 dihedrals

--------------------------------------------------------------------------------
   1.  RESOURCE   USE: 
--------------------------------------------------------------------------------

 getting new box info from bottom of inpcrd
 NATOM  =    1830 NTYPES =       4 NBONH =    1818 MBONA  =      12
 NTHETH =    1830 MTHETA =      12 NPHIH =      36 MPHIA  =      12
 NHPARM =       0 NPARM  =       0 NNB   =    2514 NRES   =     604
 NBONA  =      12 NTHETA =      12 NPHIA =      12 NUMBND =       4
 NUMANG =       4 NPTRA  =       1 NATYP =       4 NPHB   =       0
 IFBOX  =       1 NMXRS  =      12 IFCAP =       0 NEXTRA =       0
 NCOPY  =       0

| Coordinate Index Table dimensions:     6    6    6
| Direct force subcell size =     4.8699    4.9024    5.1101

     BOX TYPE: RECTILINEAR

--------------------------------------------------------------------------------
   2.  CONTROL  DATA  FOR  THE  RUN
--------------------------------------------------------------------------------

NIL                                                                             

General flags:
     imin    =       0, nmropt  =       1

Nature and format of input:
     ntx     =       1, irest   =       0, ntrx    =       1

Nature and format of output:
     ntxo    =       2, ntpr    =    1000, ntrx    =       1, ntwr    =    5000
     iwrap   =       1, ntwx    =    1000, ntwv    =       0, ntwe    =    1000
     ioutfm  =       1, ntwprt  =       0, idecomp =       0, rbornstat=      0

Potential function:
     ntf     =       1, ntb     =       1, igb     =       0, nsnb    =      25
     ipol    =       0, gbsa    =       0, iesp    =       0
     dielc   =   1.00000, cut     =   8.00000, intdiel =   1.00000

Frozen or restrained atoms:
     ibelly  =       0, ntr     =       1
     restraint_wt =   5.00000

Molecular dynamics:
     nstlim  =     10000, nscm    =         0, nrespa  =         1
     t       =   0.00000, dt      =   0.00200, vlimit  =  20.00000

Langevin dynamics temperature regulation:
     ig      =  125854
     temp0   = 300.00000, tempi   =  50.00000, gamma_ln=   2.00000

SHAKE:
     ntc     =       2, jfastw  =       0
     tol     =   0.00001

NMR refinement options:
     iscale  =       0, noeskp  =       1, ipnlty  =       1, mxsub   =       1
     scalm   = 100.00000, pencut  =   0.10000, tausw   =   0.10000

Free energy options:
     icfe    =       1, ifsc    =       0, klambda =       1
     clambda =  0.8000, scalpha =  0.5000, scbeta  = 12.0000
     sceeorder =       2
     dynlmb =  0.0000 logdvdl =       0

| Intermolecular bonds treatment:
|     no_intermolecular_bonds =       1

| Energy averages sample interval:
|     ene_avg_sampling =    1000

Ewald parameters:
     verbose =       0, ew_type =       0, nbflag  =       1, use_pme =       1
     vdwmeth =       1, eedmeth =       1, netfrc  =       1
     Box X =   29.219   Box Y =   29.414   Box Z =   30.661
     Alpha =   90.000   Beta  =   90.000   Gamma =   90.000
     NFFT1 =   32       NFFT2 =   32       NFFT3 =   32
     Cutoff=    8.000   Tol   =0.100E-04
     Ewald Coefficient =  0.34864
     Interpolation order =    4

    LOADING THE CONSTRAINED ATOMS AS GROUPS


   5.  REFERENCE ATOM COORDINATES

  NIL                                                                             
     Mask !:WAT & !@H=; matches    12 atoms
     TI Mask 1 :1; matches     12 atoms
     TI Mask 2 :2; matches     12 atoms
     TI region 1:    1818 atoms
     TI region 2:    1818 atoms
Removing charge of       0.1300 from atom      24
Total charge of   0.13000000 removed from       1 atoms
     Checking for mismatched coordinates.

--------------------------------------------------------------------------------
   3.  ATOMIC COORDINATES AND VELOCITIES
--------------------------------------------------------------------------------

NIL                                                                             
 begin time read from input coords =     0.000 ps



           Begin reading energy term weight changes/NMR restraints
 WEIGHT CHANGES:
 TEMP0         0   8000   50.000000  300.000000      0      0

 RESTRAINTS:
                          ** No restraint defined **

                  Done reading weight changes/NMR restraints


 
 Number of triangulated 3-point waters found:      602

     Sum of charges for TI region  1 =   0.00000132
     Forcing neutrality...


     Sum of charges for TI region  2 =  -0.12999868
     Assuming uniform neutralizing plasma

| Dynamic Memory, Types Used:
| Reals              197968
| Integers            82070

| Nonbonded Pairs Initial Allocation:      305655

| GPU memory information (estimate):
| KB of GPU memory in use:         0
| KB of CPU memory in use:         0

--------------------------------------------------------------------------------
   4.  RESULTS
--------------------------------------------------------------------------------


| TI region  1


 NSTEP =        0   TIME(PS) =       0.000  TEMP(K) =    76.89  PRESS =     0.0
 Etot   =     -4503.9633  EKtot   =       278.2504  EPtot      =     -4782.2137
 BOND   =         3.8311  ANGLE   =         3.0333  DIHED      =         2.0154
 1-4 NB =        13.0694  1-4 EEL =         4.2311  VDWAALS    =       697.9500
 EELEC  =     -5506.3441  EHBOND  =         0.0000  RESTRAINT  =         0.0000
 DV/DL  =        -5.9172
 ------------------------------------------------------------------------------


| TI region  2


 NSTEP =        0   TIME(PS) =       0.000  TEMP(K) =    76.89  PRESS =     0.0
 Etot   =     -4503.9633  EKtot   =       278.2504  EPtot      =     -4782.2137
 BOND   =         3.8311  ANGLE   =         3.0333  DIHED      =         2.0154
 1-4 NB =        13.0694  1-4 EEL =         4.2311  VDWAALS    =       697.9500
 EELEC  =     -5506.3441  EHBOND  =         0.0000  RESTRAINT  =         0.0000
 DV/DL  =        -5.9172
 ------------------------------------------------------------------------------

 NMR restraints: Bond =    0.000   Angle =     0.000   Torsion =     0.000
===============================================================================
wrapping first mol.:      -29.21910      -29.41440      -30.66080

| TI region  1


 NSTEP =     1000   TIME(PS) =       2.000  TEMP(K) =    87.35  PRESS =     0.0
 Etot   =     -6260.3254  EKtot   =       316.0899  EPtot      =     -6576.4153
 BOND   =         2.0984  ANGLE   =         1.0336  DIHED      =         0.3981
 1-4 NB =        11.5453  1-4 EEL =         4.1701  VDWAALS    =      1197.6007
 EELEC  =     -7794.2713  EHBOND  =         0.0000  RESTRAINT  =         1.0098
 EAMBER (non-restraint)  =     -6577.4250
 DV/DL  =        -7.2572
 ------------------------------------------------------------------------------


| TI region  2


 NSTEP =     1000   TIME(PS) =       2.000  TEMP(K) =    87.35  PRESS =     0.0
 Etot   =     -6260.3254  EKtot   =       316.0899  EPtot      =     -6576.4153
 BOND   =         2.0984  ANGLE   =         1.0336  DIHED      =         0.3981
 1-4 NB =        11.5453  1-4 EEL =         4.1701  VDWAALS    =      1197.6007
 EELEC  =     -7794.2713  EHBOND  =         0.0000  RESTRAINT  =         1.0098
 EAMBER (non-restraint)  =     -6577.4250
 DV/DL  =        -7.2572
 ------------------------------------------------------------------------------

 NMR restraints: Bond =    0.000   Angle =     0.000   Torsion =     0.000
===============================================================================
wrapping first mol.:      -29.21910      -29.41440      -30.66080

| TI region  1


 NSTEP =     2000   TIME(PS) =       4.000  TEMP(K) =   101.89  PRESS =     0.0
 Etot   =     -6205.3048  EKtot   =       368.6973  EPtot      =     -6574.0021
 BOND   =         2.0508  ANGLE   =         1.5323  DIHED      =         0.6423
 1-4 NB =        11.7469  1-4 EEL =         4.2365  VDWAALS    =      1215.1174
 EELEC  =     -7811.2476  EHBOND  =         0.0000  RESTRAINT  =         1.9196
 EAMBER (non-restraint)  =     -6575.9216
 DV/DL  =        -7.2741
 ------------------------------------------------------------------------------


| TI region  2


 NSTEP =     2000   TIME(PS) =       4.000  TEMP(K) =   101.89  PRESS =     0.0
 Etot   =     -6205.3048  EKtot   =       368.6973  EPtot      =     -6574.0021
 BOND   =         2.0508  ANGLE   =         1.5323  DIHED      =         0.6423
 1-4 NB =        11.7469  1-4 EEL =         4.2365  VDWAALS    =      1215.1174
 EELEC  =     -7811.2476  EHBOND  =         0.0000  RESTRAINT  =         1.9196
 EAMBER (non-restraint)  =     -6575.9216
 DV/DL  =        -7.2741
 ------------------------------------------------------------------------------

 NMR restraints: Bond =    0.000   Angle =     0.000   Torsion =     0.000
===============================================================================
wrapping first mol.:      -29.21910      -29.41440      -30.66080

| TI region  1


 NSTEP =     3000   TIME(PS) =       6.000  TEMP(K) =   142.46  PRESS =     0.0
 Etot   =     -5980.7389  EKtot   =       515.5139  EPtot      =     -6496.2528
 BOND   =         1.6923  ANGLE   =         0.8904  DIHED      =         0.8335
 1-4 NB =        12.1818  1-4 EEL =         4.1967  VDWAALS    =      1172.1377
 EELEC  =     -7689.1904  EHBOND  =         0.0000  RESTRAINT  =         1.0052
 EAMBER (non-restraint)  =     -6497.2579
 DV/DL  =        -6.8277
 ------------------------------------------------------------------------------


| TI region  2


 NSTEP =     3000   TIME(PS) =       6.000  TEMP(K) =   142.46  PRESS =     0.0
 Etot   =     -5980.7389  EKtot   =       515.5139  EPtot      =     -6496.2528
 BOND   =         1.6923  ANGLE   =         0.8904  DIHED      =         0.8335
 1-4 NB =        12.1818  1-4 EEL =         4.1967  VDWAALS    =      1172.1377
 EELEC  =     -7689.1904  EHBOND  =         0.0000  RESTRAINT  =         1.0052
 EAMBER (non-restraint)  =     -6497.2579
 DV/DL  =        -6.8277
 ------------------------------------------------------------------------------

 NMR restraints: Bond =    0.000   Angle =     0.000   Torsion =     0.000
===============================================================================
wrapping first mol.:      -29.21910      -29.41440      -30.66080

| TI region  1


 NSTEP =     4000   TIME(PS) =       8.000  TEMP(K) =   160.21  PRESS =     0.0
 Etot   =     -5807.4277  EKtot   =       579.7300  EPtot      =     -6387.1577
 BOND   =         1.9894  ANGLE   =         2.2258  DIHED      =         1.6088
 1-4 NB =        11.4533  1-4 EEL =         4.1697  VDWAALS    =      1162.2895
 EELEC  =     -7572.1326  EHBOND  =         0.0000  RESTRAINT  =         1.2383
 EAMBER (non-restraint)  =     -6388.3960
 DV/DL  =        -5.8920
 ------------------------------------------------------------------------------


| TI region  2


 NSTEP =     4000   TIME(PS) =       8.000  TEMP(K) =   160.21  PRESS =     0.0
 Etot   =     -5807.4277  EKtot   =       579.7300  EPtot      =     -6387.1577
 BOND   =         1.9894  ANGLE   =         2.2258  DIHED      =         1.6088
 1-4 NB =        11.4533  1-4 EEL =         4.1697  VDWAALS    =      1162.2895
 EELEC  =     -7572.1326  EHBOND  =         0.0000  RESTRAINT  =         1.2383
 EAMBER (non-restraint)  =     -6388.3960
 DV/DL  =        -5.8920
 ------------------------------------------------------------------------------

 NMR restraints: Bond =    0.000   Angle =     0.000   Torsion =     0.000
===============================================================================
wrapping first mol.:      -29.21910      -29.41440      -30.66080
wrapping first mol.:      -29.21910      -29.41440      -30.66080

| TI region  1


 NSTEP =     5000   TIME(PS) =      10.000  TEMP(K) =   198.44  PRESS =     0.0
 Etot   =     -5525.5561  EKtot   =       718.0780  EPtot      =     -6243.6342
 BOND   =         1.4242  ANGLE   =         1.3276  DIHED      =         1.0517
 1-4 NB =        12.5605  1-4 EEL =         4.1745  VDWAALS    =      1154.0708
 EELEC  =     -7419.5612  EHBOND  =         0.0000  RESTRAINT  =         1.3177
 EAMBER (non-restraint)  =     -6244.9519
 DV/DL  =        -6.9835
 ------------------------------------------------------------------------------


| TI region  2


 NSTEP =     5000   TIME(PS) =      10.000  TEMP(K) =   198.44  PRESS =     0.0
 Etot   =     -5525.5561  EKtot   =       718.0780  EPtot      =     -6243.6342
 BOND   =         1.4242  ANGLE   =         1.3276  DIHED      =         1.0517
 1-4 NB =        12.5605  1-4 EEL =         4.1745  VDWAALS    =      1154.0708
 EELEC  =     -7419.5612  EHBOND  =         0.0000  RESTRAINT  =         1.3177
 EAMBER (non-restraint)  =     -6244.9519
 DV/DL  =        -6.9835
 ------------------------------------------------------------------------------

 NMR restraints: Bond =    0.000   Angle =     0.000   Torsion =     0.000
===============================================================================
wrapping first mol.:      -29.21910      -29.41440      -30.66080

| TI region  1


 NSTEP =     6000   TIME(PS) =      12.000  TEMP(K) =   230.00  PRESS =     0.0
 Etot   =     -5199.0256  EKtot   =       832.2927  EPtot      =     -6031.3182
 BOND   =         0.9420  ANGLE   =         1.9260  DIHED      =         0.7453
 1-4 NB =        13.1729  1-4 EEL =         4.2393  VDWAALS    =      1094.0267
 EELEC  =     -7148.0648  EHBOND  =         0.0000  RESTRAINT  =         1.6944
 EAMBER (non-restraint)  =     -6033.0126
 DV/DL  =        -6.4647
 ------------------------------------------------------------------------------


| TI region  2


 NSTEP =     6000   TIME(PS) =      12.000  TEMP(K) =   230.00  PRESS =     0.0
 Etot   =     -5199.0256  EKtot   =       832.2927  EPtot      =     -6031.3182
 BOND   =         0.9420  ANGLE   =         1.9260  DIHED      =         0.7453
 1-4 NB =        13.1729  1-4 EEL =         4.2393  VDWAALS    =      1094.0267
 EELEC  =     -7148.0648  EHBOND  =         0.0000  RESTRAINT  =         1.6944
 EAMBER (non-restraint)  =     -6033.0126
 DV/DL  =        -6.4647
 ------------------------------------------------------------------------------

 NMR restraints: Bond =    0.000   Angle =     0.000   Torsion =     0.000
===============================================================================
wrapping first mol.:      -29.21910      -29.41440      -30.66080

| TI region  1


 NSTEP =     7000   TIME(PS) =      14.000  TEMP(K) =   259.93  PRESS =     0.0
 Etot   =     -4861.5988  EKtot   =       940.6102  EPtot      =     -5802.2090
 BOND   =         3.5169  ANGLE   =         3.8284  DIHED      =         4.0267
 1-4 NB =        10.7893  1-4 EEL =         4.1589  VDWAALS    =      1017.2266
 EELEC  =     -6847.0150  EHBOND  =         0.0000  RESTRAINT  =         1.2592
 EAMBER (non-restraint)  =     -5803.4682
 DV/DL  =        -7.5010
 ------------------------------------------------------------------------------


| TI region  2


 NSTEP =     7000   TIME(PS) =      14.000  TEMP(K) =   259.93  PRESS =     0.0
 Etot   =     -4861.5988  EKtot   =       940.6102  EPtot      =     -5802.2090
 BOND   =         3.5169  ANGLE   =         3.8284  DIHED      =         4.0267
 1-4 NB =        10.7893  1-4 EEL =         4.1589  VDWAALS    =      1017.2266
 EELEC  =     -6847.0150  EHBOND  =         0.0000  RESTRAINT  =         1.2592
 EAMBER (non-restraint)  =     -5803.4682
 DV/DL  =        -7.5010
 ------------------------------------------------------------------------------

 NMR restraints: Bond =    0.000   Angle =     0.000   Torsion =     0.000
===============================================================================
wrapping first mol.:      -29.21910      -29.41440      -30.66080

| TI region  1


 NSTEP =     8000   TIME(PS) =      16.000  TEMP(K) =   288.91  PRESS =     0.0
 Etot   =     -4509.9833  EKtot   =      1045.4685  EPtot      =     -5555.4518
 BOND   =         1.1516  ANGLE   =         2.8070  DIHED      =         2.0067
 1-4 NB =        12.8646  1-4 EEL =         4.1741  VDWAALS    =       871.4105
 EELEC  =     -6451.5349  EHBOND  =         0.0000  RESTRAINT  =         1.6685
 EAMBER (non-restraint)  =     -5557.1204
 DV/DL  =        -7.8878
 ------------------------------------------------------------------------------


| TI region  2


 NSTEP =     8000   TIME(PS) =      16.000  TEMP(K) =   288.91  PRESS =     0.0
 Etot   =     -4509.9833  EKtot   =      1045.4685  EPtot      =     -5555.4518
 BOND   =         1.1516  ANGLE   =         2.8070  DIHED      =         2.0067
 1-4 NB =        12.8646  1-4 EEL =         4.1741  VDWAALS    =       871.4105
 EELEC  =     -6451.5349  EHBOND  =         0.0000  RESTRAINT  =         1.6685
 EAMBER (non-restraint)  =     -5557.1204
 DV/DL  =        -7.8878
 ------------------------------------------------------------------------------

 NMR restraints: Bond =    0.000   Angle =     0.000   Torsion =     0.000
===============================================================================
wrapping first mol.:      -29.21910      -29.41440      -30.66080

| TI region  1


 NSTEP =     9000   TIME(PS) =      18.000  TEMP(K) =   313.51  PRESS =     0.0
 Etot   =     -4340.3630  EKtot   =      1134.4874  EPtot      =     -5474.8504
 BOND   =         2.8058  ANGLE   =         4.5961  DIHED      =         4.4128
 1-4 NB =        11.6761  1-4 EEL =         4.2314  VDWAALS    =       891.3612
 EELEC  =     -6394.6539  EHBOND  =         0.0000  RESTRAINT  =         0.7201
 EAMBER (non-restraint)  =     -5475.5705
 DV/DL  =        -8.5556
 ------------------------------------------------------------------------------


| TI region  2


 NSTEP =     9000   TIME(PS) =      18.000  TEMP(K) =   313.51  PRESS =     0.0
 Etot   =     -4340.3630  EKtot   =      1134.4874  EPtot      =     -5474.8504
 BOND   =         2.8058  ANGLE   =         4.5961  DIHED      =         4.4128
 1-4 NB =        11.6761  1-4 EEL =         4.2314  VDWAALS    =       891.3612
 EELEC  =     -6394.6539  EHBOND  =         0.0000  RESTRAINT  =         0.7201
 EAMBER (non-restraint)  =     -5475.5705
 DV/DL  =        -8.5556
 ------------------------------------------------------------------------------

 NMR restraints: Bond =    0.000   Angle =     0.000   Torsion =     0.000
===============================================================================
wrapping first mol.:      -29.21910      -29.41440      -30.66080
wrapping first mol.:      -29.21910      -29.41440      -30.66080

| TI region  1


 NSTEP =    10000   TIME(PS) =      20.000  TEMP(K) =   296.19  PRESS =     0.0
 Etot   =     -4352.3735  EKtot   =      1071.8135  EPtot      =     -5424.1870
 BOND   =         4.0634  ANGLE   =         2.8949  DIHED      =         2.7201
 1-4 NB =        11.9046  1-4 EEL =         4.1754  VDWAALS    =       747.0207
 EELEC  =     -6197.8694  EHBOND  =         0.0000  RESTRAINT  =         0.9034
 EAMBER (non-restraint)  =     -5425.0904
 DV/DL  =        -7.5561
 ------------------------------------------------------------------------------


| TI region  2


 NSTEP =    10000   TIME(PS) =      20.000  TEMP(K) =   296.19  PRESS =     0.0
 Etot   =     -4352.3735  EKtot   =      1071.8135  EPtot      =     -5424.1870
 BOND   =         4.0634  ANGLE   =         2.8949  DIHED      =         2.7201
 1-4 NB =        11.9046  1-4 EEL =         4.1754  VDWAALS    =       747.0207
 EELEC  =     -6197.8694  EHBOND  =         0.0000  RESTRAINT  =         0.9034
 EAMBER (non-restraint)  =     -5425.0904
 DV/DL  =        -7.5561
 ------------------------------------------------------------------------------

 NMR restraints: Bond =    0.000   Angle =     0.000   Torsion =     0.000
===============================================================================

| TI region  1


      A V E R A G E S   O V E R      10 S T E P S


 NSTEP =    10000   TIME(PS) =      20.000  TEMP(K) =   207.89  PRESS =     0.0
 Etot   =     -5304.2697  EKtot   =       752.2781  EPtot      =     -6056.5478
 BOND   =         2.1735  ANGLE   =         2.3062  DIHED      =         1.8446
 1-4 NB =        11.9895  1-4 EEL =         4.1927  VDWAALS    =      1052.2262
 EELEC  =     -7132.5541  EHBOND  =         0.0000  RESTRAINT  =         1.2736
 EAMBER (non-restraint)  =     -6057.8214
 DV/DL  =        -7.2200
 ------------------------------------------------------------------------------

 NMR restraints: Bond =    0.000   Angle =     0.000   Torsion =     0.000
===============================================================================

      R M S  F L U C T U A T I O N S


 NSTEP =    10000   TIME(PS) =      20.000  TEMP(K) =    78.18  PRESS =     0.0
 Etot   =       718.2479  EKtot   =       282.9157  EPtot      =       439.3563
 BOND   =         0.9584  ANGLE   =         1.1614  DIHED      =         1.3639
 1-4 NB =         0.6796  1-4 EEL =         0.0296  VDWAALS    =       154.6696
 EELEC  =       587.1655  EHBOND  =         0.0000  RESTRAINT  =         0.3659
 EAMBER (non-restraint)  =       438.9904
 DV/DL  =         0.7050
 ------------------------------------------------------------------------------


| TI region  2


      A V E R A G E S   O V E R      10 S T E P S


 NSTEP =    10000   TIME(PS) =      20.000  TEMP(K) =   207.89  PRESS =     0.0
 Etot   =     -5304.2697  EKtot   =       752.2781  EPtot      =     -6056.5478
 BOND   =         2.1735  ANGLE   =         2.3062  DIHED      =         1.8446
 1-4 NB =        11.9895  1-4 EEL =         4.1927  VDWAALS    =      1052.2262
 EELEC  =     -7132.5541  EHBOND  =         0.0000  RESTRAINT  =         1.2736
 EAMBER (non-restraint)  =     -6057.8214
 DV/DL  =        -7.2200
 ------------------------------------------------------------------------------

 NMR restraints: Bond =    0.000   Angle =     0.000   Torsion =     0.000
===============================================================================

      R M S  F L U C T U A T I O N S


 NSTEP =    10000   TIME(PS) =      20.000  TEMP(K) =    78.18  PRESS =     0.0
 Etot   =       718.2479  EKtot   =       282.9157  EPtot      =       439.3563
 BOND   =         0.9584  ANGLE   =         1.1614  DIHED      =         1.3639
 1-4 NB =         0.6796  1-4 EEL =         0.0296  VDWAALS    =       154.6696
 EELEC  =       587.1655  EHBOND  =         0.0000  RESTRAINT  =         0.3659
 EAMBER (non-restraint)  =       438.9904
 DV/DL  =         0.7050
 ------------------------------------------------------------------------------


      DV/DL, AVERAGES OVER      10 STEPS


 NSTEP =    10000   TIME(PS) =      20.000  TEMP(K) =    78.18  PRESS =     0.0
 Etot   =         0.0000  EKtot   =         0.0000  EPtot      =        -7.2200
 BOND   =         0.0000  ANGLE   =         0.0000  DIHED      =         0.0000
 1-4 NB =         0.0000  1-4 EEL =        -1.0342  VDWAALS    =         0.0000
 EELEC  =        -6.1858  EHBOND  =         0.0000  RESTRAINT  =         0.0000
 DV/DL  =        -7.2200
 ------------------------------------------------------------------------------


 NMR restraints on final step:

--------------------------------------------------------------------------------
   5.  TIMINGS
--------------------------------------------------------------------------------

|  NonSetup CPU Time in Major Routines:
|
|     Routine           Sec        %
|     ------------------------------
|     Nonbond           3.17   45.51
|     Bond              0.00    0.00
|     Angle             0.00    0.00
|     Dihedral          0.00    0.00
|     Shake             0.05    0.75
|     RunMD             3.72   53.38
|     Other             0.02    0.36
|     ------------------------------
|     Total             6.97

|  PME Nonbond Pairlist CPU Time:
|
|     Routine              Sec        %
|     ---------------------------------
|     Set Up Cit           0.00    0.00
|     Build List           0.00    0.00
|     ---------------------------------
|     Total                0.00    0.00

|  PME Direct Force CPU Time:
|
|     Routine              Sec        %
|     ---------------------------------
|     NonBonded Calc       0.00    0.00
|     Exclude Masked       0.00    0.00
|     Other                0.02    0.24
|     ---------------------------------
|     Total                0.02    0.24

|  PME Reciprocal Force CPU Time:
|
|     Routine              Sec        %
|     ---------------------------------
|     1D bspline           0.00    0.00
|     Grid Charges         0.00    0.00
|     Scalar Sum           0.00    0.00
|     Gradient Sum         0.00    0.00
|     FFT                  0.00    0.00
|     ---------------------------------
|     Total                0.00    0.00

|  Final Performance Info:
|     -----------------------------------------------------
|     Average timings for last   10000 steps:
|     Elapsed(s) =       6.97 Per Step(ms) =       0.70
|         ns/day =     248.01   seconds/ns =     348.38
|
|     Average timings for all steps:
|     Elapsed(s) =       6.97 Per Step(ms) =       0.70
|         ns/day =     248.01   seconds/ns =     348.38
|     -----------------------------------------------------

|  Setup CPU time:            1.12 seconds
|  NonSetup CPU time:         6.97 seconds
|  Total CPU time:            8.09 seconds     0.00 hours

|  Setup wall time:           3    seconds
|  NonSetup wall time:        7    seconds
|  Total wall time:          10    seconds     0.00 hours
