
Static FFT Slab Distribution:

  FFT slabs assigned to    4 tasks
  Maximum of   19 xy slabs per task
  Maximum of   18 zx slabs per task
  Count of FFT xy slabs assigned to each task:
      18  19  19  19
  Count of FFT xz slabs assigned to each task:
      18  18  18  18

Atom Distribution No.     2 at run step    5094:

  Count of atoms assigned to each task:
         6876     8337     8644     6696

Atom Distribution No.     3 at run step    8625:

  Count of atoms assigned to each task:
         6811     8438     8434     6870

Major Routine Parallel Profiling - NonSetup CPU Seconds:

           D                                                              
           a                                                              
           t                                                              
           a                              D                               
           D         N                    i                               
           i         o                    h                               
           s         n             A      e      S      R      O         T
   T       t         B      B      n      d      h      u      t         o
   a       r         o      o      g      r      a      n      h         t
   s       i         n      n      l      a      k      M      e         a
   k       b         d      d      e      l      e      D      r         l
------------------------------------------------------------------------------
   0    21.6     414.5    1.7    2.7   12.9    3.5    6.0    0.0     463.0
   1    14.1     436.5    1.8    0.2    1.3    4.0    5.0    0.0     463.0
   2    13.8     436.7    1.7    0.4    2.0    4.1    4.7    0.0     463.3
   3    21.3     412.1    1.7    2.9   15.4    3.5    5.3    0.0     462.3
------------------------------------------------------------------------------
 avg    17.7     425.0    1.7    1.6    7.9    3.8    5.3    0.0     462.9
 min    13.8     412.1    1.7    0.2    1.3    3.5    4.7    0.0     462.3
 max    21.6     436.7    1.8    2.9   15.4    4.1    6.0    0.0     463.3
 std     3.7      11.7    0.0    1.3    6.3    0.3    0.5    0.0       0.4
------------------------------------------------------------------------------

PME NonBond Parallel Profiling - NonSetup CPU Seconds:

                     D                           
           P         i         R                 
           a         r         e      L          
           i         e         c      o          
           r         c         i      a         T
   T       l         t         p      d         o
   a       i         F         F      B         t
   s       s         r         r      a         a
   k       t         c         c      l         l
-------------------------------------------------
   0    33.0     220.9     160.6    0.0     414.5
   1    39.7     241.7     155.1    0.0     436.5
   2    40.0     240.9     155.7    0.0     436.6
   3    32.8     215.1     164.2    0.0     412.1
-------------------------------------------------
 avg    36.4     229.7     158.9    0.0     424.9
-------------------------------------------------
