
          -------------------------------------------------------
          Amber 18 PMEMD                              2018
          -------------------------------------------------------

| PMEMD implementation of SANDER, Release 18

| Run on 07/18/2018 at 11:11:30

|   Executable path: /home/case/amber18/bin/pmemd.MPI
| Working directory: /home/uv10/T4-lysozyme/one-step/free_energy/ligands/vdw_bonded/0.4
|          Hostname: casegroup4.rutgers.edu

  [-O]verwriting output

File Assignments:
|   MDIN: heat.in                                                               
|  MDOUT: heat.out                                                              
| INPCRD: ti.rst7                                                               
|   PARM: ti.parm7                                                              
| RESTRT: heat.rst7                                                             
|   REFC: ti.rst7                                                               
|  MDVEL: mdvel                                                                 
|   MDEN: heat.en                                                               
|  MDCRD: heat.nc                                                               
| MDINFO: heat.info                                                             
|LOGFILE: heat.log                                                              
|  MDFRC: mdfrc                                                                 


 Here is the input file:

heating                                                                        
 &cntrl                                                                        
   imin = 0, nstlim = 10000, irest = 0, ntx = 1, dt = 0.002,                   
   ntt = 1, temp0 = 300.0, tempi = 50.0, tautp = 1.0,                          
   ntc = 2, ntf = 1,                                                           
   ntb = 1,                                                                    
   ioutfm = 1, iwrap = 1,                                                      
   ntwe = 1000, ntwx = 1000, ntpr = 1000, ntwr = 5000,                         
                                                                               
   nmropt = 1,                                                                 
   ntr = 1, restraint_wt = 5.00,                                               
   restraintmask='!:WAT & !@H=',                                               
                                                                               
   icfe = 1, clambda = 0.4, scalpha = 0.5, scbeta = 12.0,                      
   logdvdl = 0,                                                                
   timask1 = ':1', timask2 = ':2',                                             
   ifsc=1, scmask1=':1@H6', scmask2=':2@O1,H6'                                 
 /                                                                             
                                                                               
 &ewald                                                                        
 /                                                                             
                                                                               
 &wt                                                                           
   type='TEMP0',                                                               
   istep1 = 0, istep2 = 8000,                                                  
   value1 = 50.0, value2 = 300.0                                               
 /                                                                             
                                                                               
 &wt type = 'END'                                                              
 /                                                                             
                                                                               


Note: ig = -1. Setting random seed to   112606 based on wallclock time in
      microseconds and disabling the synchronization of random numbers 
      between tasks to improve performance.
| irandom = 1, using AMBER's internal random number generator (default).
 
 
| Conditional Compilation Defines Used:
| MPI
| PUBFFT
| BINTRAJ
| EMIL

| Largest sphere to fit in unit cell has radius =    14.956

| New format PARM file being parsed.
| Version =    1.000 Date = 07/16/18 Time = 16:53:51

| Note: 1-4 EEL scale factors are being read from the topology file.

| Note: 1-4 VDW scale factors are being read from the topology file.
| Duplicated    0 dihedrals

| Duplicated    0 dihedrals

--------------------------------------------------------------------------------
   1.  RESOURCE   USE: 
--------------------------------------------------------------------------------

 getting box info from netcdf restart file
 NATOM  =    2632 NTYPES =       6 NBONH =    2619 MBONA  =      13
 NTHETH =      23 MTHETA =      14 NPHIH =      47 MPHIA  =      14
 NHPARM =       0 NPARM  =       0 NNB   =    3584 NRES   =     871
 NBONA  =      13 NTHETA =      14 NPHIA =      14 NUMBND =       6
 NUMANG =       4 NPTRA  =       3 NATYP =       6 NPHB   =       1
 IFBOX  =       1 NMXRS  =      13 IFCAP =       0 NEXTRA =       0
 NCOPY  =       0

| Coordinate Index Table dimensions:     5    6    6
| Direct force subcell size =     5.9824    5.1585    5.2876

     BOX TYPE: RECTILINEAR

--------------------------------------------------------------------------------
   2.  CONTROL  DATA  FOR  THE  RUN
--------------------------------------------------------------------------------

default_name                                                                    

General flags:
     imin    =       0, nmropt  =       1

Nature and format of input:
     ntx     =       1, irest   =       0, ntrx    =       1

Nature and format of output:
     ntxo    =       2, ntpr    =    1000, ntrx    =       1, ntwr    =    5000
     iwrap   =       1, ntwx    =    1000, ntwv    =       0, ntwe    =    1000
     ioutfm  =       1, ntwprt  =       0, idecomp =       0, rbornstat=      0

Potential function:
     ntf     =       1, ntb     =       1, igb     =       0, nsnb    =      25
     ipol    =       0, gbsa    =       0, iesp    =       0
     dielc   =   1.00000, cut     =   8.00000, intdiel =   1.00000

Frozen or restrained atoms:
     ibelly  =       0, ntr     =       1
     restraint_wt =   5.00000

Molecular dynamics:
     nstlim  =     10000, nscm    =         0, nrespa  =         1
     t       =   0.00000, dt      =   0.00200, vlimit  =  20.00000

Berendsen (weak-coupling) temperature regulation:
     temp0   = 300.00000, tempi   =  50.00000, tautp   =   1.00000

SHAKE:
     ntc     =       2, jfastw  =       0
     tol     =   0.00001

NMR refinement options:
     iscale  =       0, noeskp  =       1, ipnlty  =       1, mxsub   =       1
     scalm   = 100.00000, pencut  =   0.10000, tausw   =   0.10000

Free energy options:
     icfe    =       1, ifsc    =       1, klambda =       1
     clambda =  0.4000, scalpha =  0.5000, scbeta  = 12.0000
     sceeorder =       2
     dynlmb =  0.0000 logdvdl =       0

| Intermolecular bonds treatment:
|     no_intermolecular_bonds =       1

| Energy averages sample interval:
|     ene_avg_sampling =    1000

Ewald parameters:
     verbose =       0, ew_type =       0, nbflag  =       1, use_pme =       1
     vdwmeth =       1, eedmeth =       1, netfrc  =       1
     Box X =   29.912   Box Y =   30.951   Box Z =   31.726
     Alpha =   90.000   Beta  =   90.000   Gamma =   90.000
     NFFT1 =   30       NFFT2 =   32       NFFT3 =   32
     Cutoff=    8.000   Tol   =0.100E-04
     Ewald Coefficient =  0.34864
     Interpolation order =    4

| PMEMD ewald parallel performance parameters:
|     block_fft =    0
|     fft_blk_y_divisor =    2
|     excl_recip =    0
|     excl_master =    0
|     atm_redist_freq =  320

    LOADING THE CONSTRAINED ATOMS AS GROUPS


   5.  REFERENCE ATOM COORDINATES

  default_name                                                                    
     Mask !:WAT & !@H=; matches    13 atoms
     TI Mask 1 :1; matches     12 atoms
     TI Mask 2 :2; matches     13 atoms
     TI region 1:    2619 atoms
     TI region 2:    2620 atoms
     SC Mask 1 :1@H6; matches      1 atoms
     SC Mask 2 :2@O1,H6; matches      2 atoms

--------------------------------------------------------------------------------
   3.  ATOMIC COORDINATES AND VELOCITIES
--------------------------------------------------------------------------------

default_name                                                                    
 begin time read from input coords =    40.000 ps



           Begin reading energy term weight changes/NMR restraints
 WEIGHT CHANGES:
 TEMP0         0   8000   50.000000  300.000000      0      0

 RESTRAINTS:
                          ** No restraint defined **

                  Done reading weight changes/NMR restraints


 
 Number of triangulated 3-point waters found:      869
 WARNING: SHAKEn bond for atoms       11       12 is partially softcore.
 Coordinates for common atoms will be synchronized from V0. 
 Consider using noshake mask or disabling SHAKE.

 Number of shake restraints removed in TI region  1 :        0
 Number of shake restraints removed in TI region  2 :        0

     Sum of charges for TI region  1 =   0.00000000
     Forcing neutrality...


     Sum of charges for TI region  2 =   0.00000100
     Forcing neutrality...

| Dynamic Memory, Types Used:
| Reals              278311
| Integers           216398

| Nonbonded Pairs Initial Allocation:      150024

| Running AMBER/MPI version on    4 MPI task

 
--------------------------------------------------------------------------------
   4.  RESULTS
--------------------------------------------------------------------------------

 ---------------------------------------------------
 APPROXIMATING switch and d/dx switch using CUBIC SPLINE INTERPOLATION
 using   5000.0 points per unit in tabled values
 TESTING RELATIVE ERROR over r ranging from 0.0 to cutoff
| CHECK switch(x): max rel err =   0.2738E-14   at   2.422500
| CHECK d/dx switch(x): max rel err =   0.8332E-11   at   2.782960
 ---------------------------------------------------
|---------------------------------------------------
| APPROXIMATING direct energy using CUBIC SPLINE INTERPOLATION
|  with   50.0 points per unit in tabled values
| Relative Error Limit not exceeded for r .gt.   2.47
| APPROXIMATING direct force using CUBIC SPLINE INTERPOLATION
|  with   50.0 points per unit in tabled values
| Relative Error Limit not exceeded for r .gt.   2.89
|---------------------------------------------------
   DOF for the SC part  1 of the system:    2
   SHAKE constraints in the SC region:    1
   DOF for the SC part  2 of the system:    5
   SHAKE constraints in the SC region:    1

| TI region  1


 NSTEP =        0   TIME(PS) =       0.000  TEMP(K) =    72.91  PRESS =     0.0
 Etot   =     -7716.4235  EKtot   =       379.8739  EPtot      =     -8096.2974
 BOND   =         1.8190  ANGLE   =         2.5202  DIHED      =         0.8551
 1-4 NB =         3.5333  1-4 EEL =        -4.4487  VDWAALS    =      1236.9624
 EELEC  =     -9337.5385  EHBOND  =         0.0000  RESTRAINT  =         0.0000
 DV/DL  =         3.2452
 Ewald error estimate:   0.4291E-03
 ------------------------------------------------------------------------------

  Softcore part of the system:       1 atoms,       TEMP(K)    =          31.07
 SC_Etot=         2.2418  SC_EKtot=         0.0618  SC_EPtot   =         2.1800
 SC_BOND=         0.0000  SC_ANGLE=         0.0327  SC_DIHED   =         1.0667
 SC_14NB=         0.0046  SC_14EEL=         1.0760  SC_VDW     =         0.0000
 SC_EEL =         0.0000
 SC_RES_DIST=     0.0000  SC_RES_ANG=       0.0000  SC_RES_TORS=         0.0000
 SC_EEL_DER=     -0.0295  SC_VDW_DER=       0.3340  SC_DERIV   =         0.3045
 ------------------------------------------------------------------------------


| TI region  2


 NSTEP =        0   TIME(PS) =       0.000  TEMP(K) =    72.90  PRESS =     0.0
 Etot   =     -7716.2267  EKtot   =       380.0707  EPtot      =     -8096.2974
 BOND   =         1.8190  ANGLE   =         2.5202  DIHED      =         0.8551
 1-4 NB =         3.5333  1-4 EEL =        -4.4487  VDWAALS    =      1236.9624
 EELEC  =     -9337.5385  EHBOND  =         0.0000  RESTRAINT  =         0.0000
 DV/DL  =         3.2452
 Ewald error estimate:   0.4291E-03
 ------------------------------------------------------------------------------

  Softcore part of the system:       2 atoms,       TEMP(K)    =          50.87
 SC_Etot=       -36.6002  SC_EKtot=         0.2527  SC_EPtot   =       -36.8529
 SC_BOND=         0.1714  SC_ANGLE=         1.8427  SC_DIHED   =         0.1522
 SC_14NB=         0.2159  SC_14EEL=       -39.2351  SC_VDW     =         0.0000
 SC_EEL =         0.0000
 SC_RES_DIST=     0.0000  SC_RES_ANG=       0.0000  SC_RES_TORS=         0.0000
 SC_EEL_DER=     -0.0295  SC_VDW_DER=       0.3340  SC_DERIV   =         0.3045
 ------------------------------------------------------------------------------

 NMR restraints: Bond =    0.000   Angle =     0.000   Torsion =     0.000
===============================================================================

| TI region  1


 NSTEP =     1000   TIME(PS) =       2.000  TEMP(K) =   143.81  PRESS =     0.0
 Etot   =     -8880.7581  EKtot   =       749.3153  EPtot      =     -9630.0734
 BOND   =         0.5030  ANGLE   =         0.4088  DIHED      =         0.5815
 1-4 NB =         3.3766  1-4 EEL =        -4.4366  VDWAALS    =      1627.4288
 EELEC  =    -11258.3950  EHBOND  =         0.0000  RESTRAINT  =         0.4595
 EAMBER (non-restraint)  =     -9630.5329
 DV/DL  =         4.1649
 Ewald error estimate:   0.3485E-04
 ------------------------------------------------------------------------------

  Softcore part of the system:       1 atoms,       TEMP(K)    =         115.88
 SC_Etot=         1.4324  SC_EKtot=         0.2303  SC_EPtot   =         1.2021
 SC_BOND=         0.0000  SC_ANGLE=         0.0826  SC_DIHED   =         0.0958
 SC_14NB=        -0.0098  SC_14EEL=         1.0336  SC_VDW     =         0.0000
 SC_EEL =         0.0000
 SC_RES_DIST=     0.0000  SC_RES_ANG=       0.0000  SC_RES_TORS=         0.0000
 SC_EEL_DER=     -0.2899  SC_VDW_DER=       1.2368  SC_DERIV   =         0.9470
 ------------------------------------------------------------------------------


| TI region  2


 NSTEP =     1000   TIME(PS) =       2.000  TEMP(K) =   143.84  PRESS =     0.0
 Etot   =     -8880.1834  EKtot   =       749.8901  EPtot      =     -9630.0734
 BOND   =         0.5030  ANGLE   =         0.4088  DIHED      =         0.5815
 1-4 NB =         3.3766  1-4 EEL =        -4.4366  VDWAALS    =      1627.4288
 EELEC  =    -11258.3950  EHBOND  =         0.0000  RESTRAINT  =         0.4595
 EAMBER (non-restraint)  =     -9630.5329
 DV/DL  =         4.1649
 Ewald error estimate:   0.3485E-04
 ------------------------------------------------------------------------------

  Softcore part of the system:       2 atoms,       TEMP(K)    =         162.04
 SC_Etot=       -37.4800  SC_EKtot=         0.8050  SC_EPtot   =       -38.2851
 SC_BOND=         0.1033  SC_ANGLE=         0.2273  SC_DIHED   =         0.1335
 SC_14NB=         0.0780  SC_14EEL=       -38.8272  SC_VDW     =         0.0000
 SC_EEL =         0.0000
 SC_RES_DIST=     0.2104  SC_RES_ANG=       0.0000  SC_RES_TORS=         0.0000
 SC_EEL_DER=     -0.2899  SC_VDW_DER=       1.2368  SC_DERIV   =         0.9470
 ------------------------------------------------------------------------------

 NMR restraints: Bond =    0.000   Angle =     0.000   Torsion =     0.000
===============================================================================

| TI region  1


 NSTEP =     2000   TIME(PS) =       4.000  TEMP(K) =   124.19  PRESS =     0.0
 Etot   =     -9213.1510  EKtot   =       647.0863  EPtot      =     -9860.2373
 BOND   =         0.5190  ANGLE   =         0.3927  DIHED      =         0.3440
 1-4 NB =         3.4318  1-4 EEL =        -4.4224  VDWAALS    =      1722.1327
 EELEC  =    -11583.9764  EHBOND  =         0.0000  RESTRAINT  =         1.3413
 EAMBER (non-restraint)  =     -9861.5786
 DV/DL  =         1.0175
 Ewald error estimate:   0.9617E-04
 ------------------------------------------------------------------------------

  Softcore part of the system:       1 atoms,       TEMP(K)    =         158.39
 SC_Etot=         1.6806  SC_EKtot=         0.3147  SC_EPtot   =         1.3658
 SC_BOND=         0.0000  SC_ANGLE=         0.0203  SC_DIHED   =         0.3349
 SC_14NB=        -0.0123  SC_14EEL=         1.0228  SC_VDW     =         0.0000
 SC_EEL =         0.0000
 SC_RES_DIST=     0.0000  SC_RES_ANG=       0.0000  SC_RES_TORS=         0.0000
 SC_EEL_DER=     -0.4227  SC_VDW_DER=       0.1976  SC_DERIV   =        -0.2251
 ------------------------------------------------------------------------------


| TI region  2


 NSTEP =     2000   TIME(PS) =       4.000  TEMP(K) =   124.16  PRESS =     0.0
 Etot   =     -9212.9626  EKtot   =       647.2746  EPtot      =     -9860.2373
 BOND   =         0.5190  ANGLE   =         0.3927  DIHED      =         0.3440
 1-4 NB =         3.4318  1-4 EEL =        -4.4224  VDWAALS    =      1722.1327
 EELEC  =    -11583.9764  EHBOND  =         0.0000  RESTRAINT  =         1.3413
 EAMBER (non-restraint)  =     -9861.5786
 DV/DL  =         1.0175
 Ewald error estimate:   0.9617E-04
 ------------------------------------------------------------------------------

  Softcore part of the system:       2 atoms,       TEMP(K)    =         101.27
 SC_Etot=       -37.8216  SC_EKtot=         0.5031  SC_EPtot   =       -38.3247
 SC_BOND=         0.0539  SC_ANGLE=         0.1020  SC_DIHED   =         0.2326
 SC_14NB=         0.0528  SC_14EEL=       -38.7660  SC_VDW     =         0.0000
 SC_EEL =         0.0000
 SC_RES_DIST=     0.0286  SC_RES_ANG=       0.0000  SC_RES_TORS=         0.0000
 SC_EEL_DER=     -0.4227  SC_VDW_DER=       0.1976  SC_DERIV   =        -0.2251
 ------------------------------------------------------------------------------

 NMR restraints: Bond =    0.000   Angle =     0.000   Torsion =     0.000
===============================================================================

| TI region  1


 NSTEP =     3000   TIME(PS) =       6.000  TEMP(K) =   128.61  PRESS =     0.0
 Etot   =     -9155.4330  EKtot   =       670.1291  EPtot      =     -9825.5621
 BOND   =         0.3606  ANGLE   =         0.6736  DIHED      =         0.5222
 1-4 NB =         3.2861  1-4 EEL =        -4.4245  VDWAALS    =      1729.4958
 EELEC  =    -11555.5736  EHBOND  =         0.0000  RESTRAINT  =         0.0978
 EAMBER (non-restraint)  =     -9825.6599
 DV/DL  =         5.0309
 Ewald error estimate:   0.5393E-04
 ------------------------------------------------------------------------------

  Softcore part of the system:       1 atoms,       TEMP(K)    =          55.37
 SC_Etot=         1.3906  SC_EKtot=         0.1100  SC_EPtot   =         1.2805
 SC_BOND=         0.0000  SC_ANGLE=         0.0705  SC_DIHED   =         0.1574
 SC_14NB=        -0.0036  SC_14EEL=         1.0562  SC_VDW     =         0.0000
 SC_EEL =         0.0000
 SC_RES_DIST=     0.0000  SC_RES_ANG=       0.0000  SC_RES_TORS=         0.0000
 SC_EEL_DER=     -0.3528  SC_VDW_DER=       1.8291  SC_DERIV   =         1.4762
 ------------------------------------------------------------------------------


| TI region  2


 NSTEP =     3000   TIME(PS) =       6.000  TEMP(K) =   128.54  PRESS =     0.0
 Etot   =     -9155.4496  EKtot   =       670.1126  EPtot      =     -9825.5621
 BOND   =         0.3606  ANGLE   =         0.6736  DIHED      =         0.5222
 1-4 NB =         3.2861  1-4 EEL =        -4.4245  VDWAALS    =      1729.4958
 EELEC  =    -11555.5736  EHBOND  =         0.0000  RESTRAINT  =         0.0978
 EAMBER (non-restraint)  =     -9825.6599
 DV/DL  =         5.0309
 Ewald error estimate:   0.5393E-04
 ------------------------------------------------------------------------------

  Softcore part of the system:       2 atoms,       TEMP(K)    =          18.82
 SC_Etot=       -38.5541  SC_EKtot=         0.0935  SC_EPtot   =       -38.6476
 SC_BOND=         0.0001  SC_ANGLE=         0.4149  SC_DIHED   =         0.2069
 SC_14NB=         0.0960  SC_14EEL=       -39.3655  SC_VDW     =         0.0000
 SC_EEL =         0.0000
 SC_RES_DIST=     0.2127  SC_RES_ANG=       0.0000  SC_RES_TORS=         0.0000
 SC_EEL_DER=     -0.3528  SC_VDW_DER=       1.8291  SC_DERIV   =         1.4762
 ------------------------------------------------------------------------------

 NMR restraints: Bond =    0.000   Angle =     0.000   Torsion =     0.000
===============================================================================

| TI region  1


 NSTEP =     4000   TIME(PS) =       8.000  TEMP(K) =   149.91  PRESS =     0.0
 Etot   =     -8931.4092  EKtot   =       781.0973  EPtot      =     -9712.5065
 BOND   =         0.6288  ANGLE   =         0.5517  DIHED      =         0.4113
 1-4 NB =         3.5778  1-4 EEL =        -4.4548  VDWAALS    =      1746.0356
 EELEC  =    -11459.5274  EHBOND  =         0.0000  RESTRAINT  =         0.2705
 EAMBER (non-restraint)  =     -9712.7770
 DV/DL  =         3.2241
 Ewald error estimate:   0.3342E-03
 ------------------------------------------------------------------------------

  Softcore part of the system:       1 atoms,       TEMP(K)    =          11.96
 SC_Etot=         1.1817  SC_EKtot=         0.0238  SC_EPtot   =         1.1580
 SC_BOND=         0.0000  SC_ANGLE=         0.0572  SC_DIHED   =         0.0579
 SC_14NB=        -0.0052  SC_14EEL=         1.0481  SC_VDW     =         0.0000
 SC_EEL =         0.0000
 SC_RES_DIST=     0.0000  SC_RES_ANG=       0.0000  SC_RES_TORS=         0.0000
 SC_EEL_DER=     -0.4166  SC_VDW_DER=       1.0774  SC_DERIV   =         0.6608
 ------------------------------------------------------------------------------


| TI region  2


 NSTEP =     4000   TIME(PS) =       8.000  TEMP(K) =   149.88  PRESS =     0.0
 Etot   =     -8931.1184  EKtot   =       781.3881  EPtot      =     -9712.5065
 BOND   =         0.6288  ANGLE   =         0.5517  DIHED      =         0.4113
 1-4 NB =         3.5778  1-4 EEL =        -4.4548  VDWAALS    =      1746.0356
 EELEC  =    -11459.5274  EHBOND  =         0.0000  RESTRAINT  =         0.2705
 EAMBER (non-restraint)  =     -9712.7770
 DV/DL  =         3.2241
 Ewald error estimate:   0.3342E-03
 ------------------------------------------------------------------------------

  Softcore part of the system:       2 atoms,       TEMP(K)    =          63.31
 SC_Etot=       -37.8645  SC_EKtot=         0.3145  SC_EPtot   =       -38.1790
 SC_BOND=         0.0174  SC_ANGLE=         0.4054  SC_DIHED   =         0.5343
 SC_14NB=         0.0739  SC_14EEL=       -39.2100  SC_VDW     =         0.0000
 SC_EEL =         0.0000
 SC_RES_DIST=     0.0906  SC_RES_ANG=       0.0000  SC_RES_TORS=         0.0000
 SC_EEL_DER=     -0.4166  SC_VDW_DER=       1.0774  SC_DERIV   =         0.6608
 ------------------------------------------------------------------------------

 NMR restraints: Bond =    0.000   Angle =     0.000   Torsion =     0.000
===============================================================================

| TI region  1


 NSTEP =     5000   TIME(PS) =      10.000  TEMP(K) =   178.49  PRESS =     0.0
 Etot   =     -8639.4923  EKtot   =       930.0000  EPtot      =     -9569.4924
 BOND   =         1.3703  ANGLE   =         1.0446  DIHED      =         0.8648
 1-4 NB =         3.2507  1-4 EEL =        -4.3906  VDWAALS    =      1676.1511
 EELEC  =    -11249.8094  EHBOND  =         0.0000  RESTRAINT  =         2.0261
 EAMBER (non-restraint)  =     -9571.5184
 DV/DL  =         3.8136
 Ewald error estimate:   0.4701E-03
 ------------------------------------------------------------------------------

  Softcore part of the system:       1 atoms,       TEMP(K)    =          10.24
 SC_Etot=         1.1257  SC_EKtot=         0.0204  SC_EPtot   =         1.1054
 SC_BOND=         0.0000  SC_ANGLE=         0.0313  SC_DIHED   =         0.0745
 SC_14NB=        -0.0061  SC_14EEL=         1.0057  SC_VDW     =         0.0000
 SC_EEL =         0.0000
 SC_RES_DIST=     0.0000  SC_RES_ANG=       0.0000  SC_RES_TORS=         0.0000
 SC_EEL_DER=     -0.5752  SC_VDW_DER=       2.1396  SC_DERIV   =         1.5644
 ------------------------------------------------------------------------------


| TI region  2


 NSTEP =     5000   TIME(PS) =      10.000  TEMP(K) =   178.65  PRESS =     0.0
 Etot   =     -8638.1395  EKtot   =       931.3529  EPtot      =     -9569.4924
 BOND   =         1.3703  ANGLE   =         1.0446  DIHED      =         0.8648
 1-4 NB =         3.2507  1-4 EEL =        -4.3906  VDWAALS    =      1676.1511
 EELEC  =    -11249.8094  EHBOND  =         0.0000  RESTRAINT  =         2.0261
 EAMBER (non-restraint)  =     -9571.5184
 DV/DL  =         3.8136
 Ewald error estimate:   0.4701E-03
 ------------------------------------------------------------------------------

  Softcore part of the system:       2 atoms,       TEMP(K)    =         276.41
 SC_Etot=       -35.9396  SC_EKtot=         1.3732  SC_EPtot   =       -37.3128
 SC_BOND=         0.0185  SC_ANGLE=         0.0418  SC_DIHED   =         0.9408
 SC_14NB=         0.0628  SC_14EEL=       -38.3768  SC_VDW     =         0.0000
 SC_EEL =         0.0000
 SC_RES_DIST=     0.6475  SC_RES_ANG=       0.0000  SC_RES_TORS=         0.0000
 SC_EEL_DER=     -0.5752  SC_VDW_DER=       2.1396  SC_DERIV   =         1.5644
 ------------------------------------------------------------------------------

 NMR restraints: Bond =    0.000   Angle =     0.000   Torsion =     0.000
===============================================================================

| TI region  1


 NSTEP =     6000   TIME(PS) =      12.000  TEMP(K) =   200.36  PRESS =     0.0
 Etot   =     -8290.5005  EKtot   =      1043.9415  EPtot      =     -9334.4420
 BOND   =         1.0511  ANGLE   =         1.2916  DIHED      =         2.0445
 1-4 NB =         4.1224  1-4 EEL =        -4.5702  VDWAALS    =      1652.2667
 EELEC  =    -10991.8075  EHBOND  =         0.0000  RESTRAINT  =         1.1595
 EAMBER (non-restraint)  =     -9335.6015
 DV/DL  =         3.7708
 Ewald error estimate:   0.1648E-03
 ------------------------------------------------------------------------------

  Softcore part of the system:       1 atoms,       TEMP(K)    =          99.03
 SC_Etot=         1.8316  SC_EKtot=         0.1968  SC_EPtot   =         1.6348
 SC_BOND=         0.0000  SC_ANGLE=         0.2967  SC_DIHED   =         0.1812
 SC_14NB=         0.0396  SC_14EEL=         1.1173  SC_VDW     =         0.0000
 SC_EEL =         0.0000
 SC_RES_DIST=     0.0000  SC_RES_ANG=       0.0000  SC_RES_TORS=         0.0000
 SC_EEL_DER=     -0.8583  SC_VDW_DER=       2.9357  SC_DERIV   =         2.0774
 ------------------------------------------------------------------------------


| TI region  2


 NSTEP =     6000   TIME(PS) =      12.000  TEMP(K) =   200.40  PRESS =     0.0
 Etot   =     -8289.6626  EKtot   =      1044.7794  EPtot      =     -9334.4420
 BOND   =         1.0511  ANGLE   =         1.2916  DIHED      =         2.0445
 1-4 NB =         4.1224  1-4 EEL =        -4.5702  VDWAALS    =      1652.2667
 EELEC  =    -10991.8075  EHBOND  =         0.0000  RESTRAINT  =         1.1595
 EAMBER (non-restraint)  =     -9335.6015
 DV/DL  =         3.7708
 Ewald error estimate:   0.1648E-03
 ------------------------------------------------------------------------------

  Softcore part of the system:       2 atoms,       TEMP(K)    =         208.27
 SC_Etot=       -36.5081  SC_EKtot=         1.0347  SC_EPtot   =       -37.5428
 SC_BOND=         0.0782  SC_ANGLE=         0.7164  SC_DIHED   =         0.9298
 SC_14NB=         0.2907  SC_14EEL=       -39.5580  SC_VDW     =         0.0000
 SC_EEL =         0.0000
 SC_RES_DIST=     0.1677  SC_RES_ANG=       0.0000  SC_RES_TORS=         0.0000
 SC_EEL_DER=     -0.8583  SC_VDW_DER=       2.9357  SC_DERIV   =         2.0774
 ------------------------------------------------------------------------------

 NMR restraints: Bond =    0.000   Angle =     0.000   Torsion =     0.000
===============================================================================

| TI region  1


 NSTEP =     7000   TIME(PS) =      14.000  TEMP(K) =   232.35  PRESS =     0.0
 Etot   =     -7909.5982  EKtot   =      1210.6573  EPtot      =     -9120.2555
 BOND   =         1.2261  ANGLE   =         1.4177  DIHED      =         1.7239
 1-4 NB =         3.7398  1-4 EEL =        -4.4572  VDWAALS    =      1565.7196
 EELEC  =    -10692.3143  EHBOND  =         0.0000  RESTRAINT  =         2.6890
 EAMBER (non-restraint)  =     -9122.9445
 DV/DL  =         4.6483
 Ewald error estimate:   0.6027E-03
 ------------------------------------------------------------------------------

  Softcore part of the system:       1 atoms,       TEMP(K)    =          90.47
 SC_Etot=         1.7083  SC_EKtot=         0.1798  SC_EPtot   =         1.5286
 SC_BOND=         0.0000  SC_ANGLE=         0.1150  SC_DIHED   =         0.4344
 SC_14NB=        -0.0187  SC_14EEL=         0.9978  SC_VDW     =         0.0000
 SC_EEL =         0.0000
 SC_RES_DIST=     0.0000  SC_RES_ANG=       0.0000  SC_RES_TORS=         0.0000
 SC_EEL_DER=      0.3187  SC_VDW_DER=       0.7511  SC_DERIV   =         1.0698
 ------------------------------------------------------------------------------


| TI region  2


 NSTEP =     7000   TIME(PS) =      14.000  TEMP(K) =   232.43  PRESS =     0.0
 Etot   =     -7908.4955  EKtot   =      1211.7600  EPtot      =     -9120.2555
 BOND   =         1.2261  ANGLE   =         1.4177  DIHED      =         1.7239
 1-4 NB =         3.7398  1-4 EEL =        -4.4572  VDWAALS    =      1565.7196
 EELEC  =    -10692.3143  EHBOND  =         0.0000  RESTRAINT  =         2.6890
 EAMBER (non-restraint)  =     -9122.9445
 DV/DL  =         4.6483
 Ewald error estimate:   0.6027E-03
 ------------------------------------------------------------------------------

  Softcore part of the system:       2 atoms,       TEMP(K)    =         258.15
 SC_Etot=       -34.6029  SC_EKtot=         1.2825  SC_EPtot   =       -35.8854
 SC_BOND=         0.3171  SC_ANGLE=         0.3892  SC_DIHED   =         1.3848
 SC_14NB=         0.0472  SC_14EEL=       -38.0237  SC_VDW     =         0.0000
 SC_EEL =         0.0000
 SC_RES_DIST=     0.3920  SC_RES_ANG=       0.0000  SC_RES_TORS=         0.0000
 SC_EEL_DER=      0.3187  SC_VDW_DER=       0.7511  SC_DERIV   =         1.0698
 ------------------------------------------------------------------------------

 NMR restraints: Bond =    0.000   Angle =     0.000   Torsion =     0.000
===============================================================================

| TI region  1


 NSTEP =     8000   TIME(PS) =      16.000  TEMP(K) =   255.51  PRESS =     0.0
 Etot   =     -7446.0891  EKtot   =      1331.3070  EPtot      =     -8777.3961
 BOND   =         0.5093  ANGLE   =         3.0402  DIHED      =         2.8482
 1-4 NB =         3.4332  1-4 EEL =        -4.5684  VDWAALS    =      1363.2422
 EELEC  =    -10146.6581  EHBOND  =         0.0000  RESTRAINT  =         0.7574
 EAMBER (non-restraint)  =     -8778.1535
 DV/DL  =         2.6677
 Ewald error estimate:   0.7677E-04
 ------------------------------------------------------------------------------

  Softcore part of the system:       1 atoms,       TEMP(K)    =          84.57
 SC_Etot=         2.1708  SC_EKtot=         0.1680  SC_EPtot   =         2.0028
 SC_BOND=         0.0000  SC_ANGLE=         0.3261  SC_DIHED   =         0.6197
 SC_14NB=         0.0005  SC_14EEL=         1.0565  SC_VDW     =         0.0000
 SC_EEL =         0.0000
 SC_RES_DIST=     0.0000  SC_RES_ANG=       0.0000  SC_RES_TORS=         0.0000
 SC_EEL_DER=     -0.0863  SC_VDW_DER=       0.3898  SC_DERIV   =         0.3035
 ------------------------------------------------------------------------------


| TI region  2


 NSTEP =     8000   TIME(PS) =      16.000  TEMP(K) =   255.55  PRESS =     0.0
 Etot   =     -7445.1300  EKtot   =      1332.2661  EPtot      =     -8777.3961
 BOND   =         0.5093  ANGLE   =         3.0402  DIHED      =         2.8482
 1-4 NB =         3.4332  1-4 EEL =        -4.5684  VDWAALS    =      1363.2422
 EELEC  =    -10146.6581  EHBOND  =         0.0000  RESTRAINT  =         0.7574
 EAMBER (non-restraint)  =     -8778.1535
 DV/DL  =         2.6677
 Ewald error estimate:   0.7677E-04
 ------------------------------------------------------------------------------

  Softcore part of the system:       2 atoms,       TEMP(K)    =         226.87
 SC_Etot=       -36.8196  SC_EKtot=         1.1271  SC_EPtot   =       -37.9467
 SC_BOND=         0.0709  SC_ANGLE=         0.8900  SC_DIHED   =         0.6176
 SC_14NB=         0.1049  SC_14EEL=       -39.6301  SC_VDW     =         0.0000
 SC_EEL =         0.0000
 SC_RES_DIST=     0.1034  SC_RES_ANG=       0.0000  SC_RES_TORS=         0.0000
 SC_EEL_DER=     -0.0863  SC_VDW_DER=       0.3898  SC_DERIV   =         0.3035
 ------------------------------------------------------------------------------

 NMR restraints: Bond =    0.000   Angle =     0.000   Torsion =     0.000
===============================================================================

| TI region  1


 NSTEP =     9000   TIME(PS) =      18.000  TEMP(K) =   268.20  PRESS =     0.0
 Etot   =     -7065.5267  EKtot   =      1397.4428  EPtot      =     -8462.9694
 BOND   =         1.9481  ANGLE   =         2.8079  DIHED      =         2.0927
 1-4 NB =         3.1826  1-4 EEL =        -4.3264  VDWAALS    =      1264.7321
 EELEC  =     -9734.7543  EHBOND  =         0.0000  RESTRAINT  =         1.3477
 EAMBER (non-restraint)  =     -8464.3171
 DV/DL  =         3.3115
 Ewald error estimate:   0.5122E-04
 ------------------------------------------------------------------------------

  Softcore part of the system:       1 atoms,       TEMP(K)    =         357.01
 SC_Etot=         2.5728  SC_EKtot=         0.7095  SC_EPtot   =         1.8633
 SC_BOND=         0.0000  SC_ANGLE=         0.3851  SC_DIHED   =         0.4969
 SC_14NB=        -0.0144  SC_14EEL=         0.9958  SC_VDW     =         0.0000
 SC_EEL =         0.0000
 SC_RES_DIST=     0.0000  SC_RES_ANG=       0.0000  SC_RES_TORS=         0.0000
 SC_EEL_DER=      0.0105  SC_VDW_DER=       0.4942  SC_DERIV   =         0.5047
 ------------------------------------------------------------------------------


| TI region  2


 NSTEP =     9000   TIME(PS) =      18.000  TEMP(K) =   267.99  PRESS =     0.0
 Etot   =     -7065.8154  EKtot   =      1397.1541  EPtot      =     -8462.9694
 BOND   =         1.9481  ANGLE   =         2.8079  DIHED      =         2.0927
 1-4 NB =         3.1826  1-4 EEL =        -4.3264  VDWAALS    =      1264.7321
 EELEC  =     -9734.7543  EHBOND  =         0.0000  RESTRAINT  =         1.3477
 EAMBER (non-restraint)  =     -8464.3171
 DV/DL  =         3.3115
 Ewald error estimate:   0.5122E-04
 ------------------------------------------------------------------------------

  Softcore part of the system:       2 atoms,       TEMP(K)    =          84.69
 SC_Etot=       -36.1110  SC_EKtot=         0.4207  SC_EPtot   =       -36.5318
 SC_BOND=         0.0515  SC_ANGLE=         0.5798  SC_DIHED   =         1.0978
 SC_14NB=         0.0845  SC_14EEL=       -38.3454  SC_VDW     =         0.0000
 SC_EEL =         0.0000
 SC_RES_DIST=     0.0855  SC_RES_ANG=       0.0000  SC_RES_TORS=         0.0000
 SC_EEL_DER=      0.0105  SC_VDW_DER=       0.4942  SC_DERIV   =         0.5047
 ------------------------------------------------------------------------------

 NMR restraints: Bond =    0.000   Angle =     0.000   Torsion =     0.000
===============================================================================

| TI region  1


 NSTEP =    10000   TIME(PS) =      20.000  TEMP(K) =   277.03  PRESS =     0.0
 Etot   =     -6839.3670  EKtot   =      1443.4660  EPtot      =     -8282.8330
 BOND   =         1.4850  ANGLE   =         4.7576  DIHED      =         1.4944
 1-4 NB =         3.6679  1-4 EEL =        -4.4757  VDWAALS    =      1201.1973
 EELEC  =     -9491.8706  EHBOND  =         0.0000  RESTRAINT  =         0.9111
 EAMBER (non-restraint)  =     -8283.7441
 DV/DL  =         2.3328
 Ewald error estimate:   0.1414E-03
 ------------------------------------------------------------------------------

  Softcore part of the system:       1 atoms,       TEMP(K)    =         529.45
 SC_Etot=         2.9613  SC_EKtot=         1.0521  SC_EPtot   =         1.9092
 SC_BOND=         0.0000  SC_ANGLE=         0.0223  SC_DIHED   =         0.9082
 SC_14NB=        -0.0182  SC_14EEL=         0.9969  SC_VDW     =         0.0000
 SC_EEL =         0.0000
 SC_RES_DIST=     0.0000  SC_RES_ANG=       0.0000  SC_RES_TORS=         0.0000
 SC_EEL_DER=      0.1346  SC_VDW_DER=      -0.0228  SC_DERIV   =         0.1118
 ------------------------------------------------------------------------------


| TI region  2


 NSTEP =    10000   TIME(PS) =      20.000  TEMP(K) =   276.87  PRESS =     0.0
 Etot   =     -6839.3811  EKtot   =      1443.4519  EPtot      =     -8282.8330
 BOND   =         1.4850  ANGLE   =         4.7576  DIHED      =         1.4944
 1-4 NB =         3.6679  1-4 EEL =        -4.4757  VDWAALS    =      1201.1973
 EELEC  =     -9491.8706  EHBOND  =         0.0000  RESTRAINT  =         0.9111
 EAMBER (non-restraint)  =     -8283.7441
 DV/DL  =         2.3328
 Ewald error estimate:   0.1414E-03
 ------------------------------------------------------------------------------

  Softcore part of the system:       2 atoms,       TEMP(K)    =         208.94
 SC_Etot=       -36.1691  SC_EKtot=         1.0380  SC_EPtot   =       -37.2071
 SC_BOND=         0.1001  SC_ANGLE=         0.0326  SC_DIHED   =         0.6881
 SC_14NB=         0.0254  SC_14EEL=       -38.0534  SC_VDW     =         0.0000
 SC_EEL =         0.0000
 SC_RES_DIST=     0.6000  SC_RES_ANG=       0.0000  SC_RES_TORS=         0.0000
 SC_EEL_DER=      0.1346  SC_VDW_DER=      -0.0228  SC_DERIV   =         0.1118
 ------------------------------------------------------------------------------

 NMR restraints: Bond =    0.000   Angle =     0.000   Torsion =     0.000
===============================================================================

| TI region  1


      A V E R A G E S   O V E R      10 S T E P S


 NSTEP =    10000   TIME(PS) =      20.000  TEMP(K) =   195.85  PRESS =     0.0
 Etot   =     -8237.1325  EKtot   =      1020.4443  EPtot      =     -9257.5768
 BOND   =         0.9601  ANGLE   =         1.6386  DIHED      =         1.2927
 1-4 NB =         3.5069  1-4 EEL =        -4.4527  VDWAALS    =      1554.8402
 EELEC  =    -10816.4687  EHBOND  =         0.0000  RESTRAINT  =         1.1060
 EAMBER (non-restraint)  =     -9258.6828
 DV/DL  =         3.3982
 Ewald error estimate:   0.2026E-03
 ------------------------------------------------------------------------------

 NMR restraints: Bond =    0.000   Angle =     0.000   Torsion =     0.000
===============================================================================
  Softcore part of the system:       1 atoms,       TEMP(K)    =         151.24
 SC_Etot=         1.8056  SC_EKtot=         0.3005  SC_EPtot   =         1.5051
 SC_BOND=         0.0000  SC_ANGLE=         0.1407  SC_DIHED   =         0.3361
 SC_14NB=        -0.0048  SC_14EEL=         1.0331  SC_VDW     =         0.0000
 SC_EEL =         0.0000
 SC_RES_DIST=     0.0000  SC_RES_ANG=       0.0000  SC_RES_TORS=         0.0000
 SC_EEL_DER=     -0.2538  SC_VDW_DER=       1.1029  SC_DERIV   =         0.8491
 ------------------------------------------------------------------------------


      R M S  F L U C T U A T I O N S


 NSTEP =    10000   TIME(PS) =      20.000  TEMP(K) =    56.14  PRESS =     0.0
 Etot   =       831.6454  EKtot   =       292.4960  EPtot      =       544.5804
 BOND   =         0.5074  ANGLE   =         1.3696  DIHED      =         0.8253
 1-4 NB =         0.2668  1-4 EEL =         0.0704  VDWAALS    =       192.5042
 EELEC  =       731.5341  EHBOND  =         0.0000  RESTRAINT  =         0.7590
 EAMBER (non-restraint)  =       543.8214
 DV/DL  =         1.1181
 Ewald error estimate:   0.1883E-03
 ------------------------------------------------------------------------------

  Softcore part of the system:       1 atoms,       TEMP(K)    =         156.85
 SC_Etot=         0.5698  SC_EKtot=         0.3117  SC_EPtot   =         0.3160
 SC_BOND=         0.0000  SC_ANGLE=         0.1322  SC_DIHED   =         0.2651
 SC_14NB=         0.0160  SC_14EEL=         0.0363  SC_VDW     =         0.0000
 SC_EEL =         0.0000
 SC_RES_DIST=     0.0000  SC_RES_ANG=       0.0000  SC_RES_TORS=         0.0000
 SC_EEL_DER=      0.3334  SC_VDW_DER=       0.8983  SC_DERIV   =         0.6798
 ------------------------------------------------------------------------------


| TI region  2


      A V E R A G E S   O V E R      10 S T E P S


 NSTEP =    10000   TIME(PS) =      20.000  TEMP(K) =   195.83  PRESS =     0.0
 Etot   =     -8236.6338  EKtot   =      1020.9430  EPtot      =     -9257.5768
 BOND   =         0.9601  ANGLE   =         1.6386  DIHED      =         1.2927
 1-4 NB =         3.5069  1-4 EEL =        -4.4527  VDWAALS    =      1554.8402
 EELEC  =    -10816.4687  EHBOND  =         0.0000  RESTRAINT  =         1.1060
 EAMBER (non-restraint)  =     -9258.6828
 DV/DL  =         3.3982
 Ewald error estimate:   0.2026E-03
 ------------------------------------------------------------------------------

 NMR restraints: Bond =    0.000   Angle =     0.000   Torsion =     0.000
===============================================================================
  Softcore part of the system:       2 atoms,       TEMP(K)    =         160.88
 SC_Etot=       -36.7871  SC_EKtot=         0.7992  SC_EPtot   =       -37.5863
 SC_BOND=         0.0811  SC_ANGLE=         0.3799  SC_DIHED   =         0.6766
 SC_14NB=         0.0916  SC_14EEL=       -38.8156  SC_VDW     =         0.0000
 SC_EEL =         0.0000
 SC_RES_DIST=     0.2538  SC_RES_ANG=       0.0000  SC_RES_TORS=         0.0000
 SC_EEL_DER=     -0.2538  SC_VDW_DER=       1.1029  SC_DERIV   =         0.8491
 ------------------------------------------------------------------------------


      R M S  F L U C T U A T I O N S


 NSTEP =    10000   TIME(PS) =      20.000  TEMP(K) =    56.10  PRESS =     0.0
 Etot   =       831.5773  EKtot   =       292.4966  EPtot      =       544.5804
 BOND   =         0.5074  ANGLE   =         1.3696  DIHED      =         0.8253
 1-4 NB =         0.2668  1-4 EEL =         0.0704  VDWAALS    =       192.5042
 EELEC  =       731.5341  EHBOND  =         0.0000  RESTRAINT  =         0.7590
 EAMBER (non-restraint)  =       543.8214
 DV/DL  =         1.1181
 Ewald error estimate:   0.1883E-03
 ------------------------------------------------------------------------------

  Softcore part of the system:       2 atoms,       TEMP(K)    =          84.13
 SC_Etot=         1.1064  SC_EKtot=         0.4180  SC_EPtot   =         0.8287
 SC_BOND=         0.0853  SC_ANGLE=         0.2740  SC_DIHED   =         0.3936
 SC_14NB=         0.0701  SC_14EEL=         0.5742  SC_VDW     =         0.0000
 SC_EEL =         0.0000
 SC_RES_DIST=     0.2081  SC_RES_ANG=       0.0000  SC_RES_TORS=         0.0000
 SC_EEL_DER=      0.3334  SC_VDW_DER=       0.8983  SC_DERIV   =         0.6798
 ------------------------------------------------------------------------------


      DV/DL, AVERAGES OVER      10 STEPS


 NSTEP =    10000   TIME(PS) =      20.000  TEMP(K) =    56.10  PRESS =     0.0
 Etot   =         0.0000  EKtot   =         0.0000  EPtot      =         3.3982
 BOND   =         0.0000  ANGLE   =         0.0000  DIHED      =         0.0000
 1-4 NB =         0.0000  1-4 EEL =        -8.1401  VDWAALS    =         0.5503
 EELEC  =        10.9879  EHBOND  =         0.0000  RESTRAINT  =         0.0000
 EAMBER (non-restraint)  =         3.3982
 DV/DL  =         3.3982
 Ewald error estimate:   0.0000E+00
 ------------------------------------------------------------------------------


 NMR restraints on final step:

--------------------------------------------------------------------------------
   5.  TIMINGS
--------------------------------------------------------------------------------

|  NonSetup CPU Time in Major Routines, Average for All Tasks:
|
|     Routine           Sec        %
|     ------------------------------
|     DataDistrib       4.51   10.23
|     Nonbond          38.34   86.97
|     Bond              0.16    0.37
|     Angle             0.03    0.07
|     Dihedral          0.09    0.20
|     Shake             0.36    0.82
|     RunMD             0.58    1.31
|     Other             0.01    0.02
|     ------------------------------
|     Total            44.09

|  PME Nonbond Pairlist CPU Time, Average for All Tasks:
|
|     Routine              Sec        %
|     ---------------------------------
|     Set Up Cit           0.06    0.13
|     Build List           2.51    5.70
|     ---------------------------------
|     Total                2.57    5.84

|  PME Direct Force CPU Time, Average for All Tasks:
|
|     Routine              Sec        %
|     ---------------------------------
|     NonBonded Calc      17.99   40.80
|     Exclude Masked       0.68    1.54
|     Other                1.36    3.09
|     ---------------------------------
|     Total               20.03   45.44

|  PME Reciprocal Force CPU Time, Average for All Tasks:
|
|     Routine              Sec        %
|     ---------------------------------
|     1D bspline           1.32    3.00
|     Grid Charges         1.57    3.56
|     Scalar Sum           0.59    1.33
|     Gradient Sum         2.61    5.93
|     FFT                  9.63   21.84
|     ---------------------------------
|     Total               15.72   35.67

|  PME Load Balancing CPU Time, Average for All Tasks:
|
|     Routine                 Sec        %
|     ------------------------------------
|     Atom Reassign           0.00    0.00
|     Image Reassign          0.00    0.00
|     FFT Reassign            0.00    0.00
|     ------------------------------------
|     Total                   0.00    0.00

|  Final Performance Info:
|     -----------------------------------------------------
|     Average timings for last   10000 steps:
|     Elapsed(s) =      44.12 Per Step(ms) =       4.41
|         ns/day =      39.16   seconds/ns =    2206.18
|
|     Average timings for all steps:
|     Elapsed(s) =      44.12 Per Step(ms) =       4.41
|         ns/day =      39.16   seconds/ns =    2206.18
|     -----------------------------------------------------

|  Master Setup CPU time:            0.05 seconds
|  Master NonSetup CPU time:        44.03 seconds
|  Master Total CPU time:           44.09 seconds     0.01 hours

|  Master Setup wall time:           0    seconds
|  Master NonSetup wall time:       44    seconds
|  Master Total wall time:          44    seconds     0.01 hours
