
          -------------------------------------------------------
          Amber 18 PMEMD                              2018
          -------------------------------------------------------

| PMEMD implementation of SANDER, Release 18

| Run on 06/21/2018 at 09:25:32

|   Executable path: /home/uv10/amber/bin/pmemd
| Working directory: /home/uv10/tutorials-amber/A9/ligand/pmemd/free_energy/ligands/recharge/0.7
|          Hostname: Unknown
  [-O]verwriting output

File Assignments:
|   MDIN: heat.in                                                               
|  MDOUT: heat.out                                                              
| INPCRD: ti.rst7                                                               
|   PARM: ti.parm7                                                              
| RESTRT: heat.rst7                                                             
|   REFC: ti.rst7                                                               
|  MDVEL: mdvel                                                                 
|   MDEN: heat.en                                                               
|  MDCRD: heat.nc                                                               
| MDINFO: heat.info                                                             
|  MDFRC: mdfrc                                                                 


 Here is the input file:

heating                                                                        
 &cntrl                                                                        
   imin = 0, nstlim = 10000, irest = 0, ntx = 1, dt = 0.002,                   
   ntt = 1, temp0 = 300.0, tempi = 50.0, tautp = 1.0,                          
   ntc = 2, ntf = 1,                                                           
   ntb = 1,                                                                    
   ioutfm = 1, iwrap = 1,                                                      
   ntwe = 1000, ntwx = 1000, ntpr = 1000, ntwr = 5000,                         
                                                                               
   nmropt = 1,                                                                 
   ntr = 1, restraint_wt = 5.00,                                               
   restraintmask='!:WAT & !@H=',                                               
                                                                               
   icfe = 1, clambda = 0.7, scalpha = 0.5, scbeta = 12.0,                      
   logdvdl = 0,                                                                
   timask1 = ':1', timask2 = ':2',                                             
   ifsc = 0, crgmask = ':1@O1,H6',                                             
 /                                                                             
                                                                               
 &ewald                                                                        
 /                                                                             
                                                                               
 &wt                                                                           
   type='TEMP0',                                                               
   istep1 = 0, istep2 = 8000,                                                  
   value1 = 50.0, value2 = 300.0                                               
 /                                                                             
                                                                               
 &wt type = 'END'                                                              
 /                                                                             
                                                                               


Note: ig = -1. Setting random seed to   117637 based on wallclock time in 
      microseconds.
| irandom = 1, using AMBER's internal random number generator (default).
 
 
| Conditional Compilation Defines Used:
| PUBFFT
| BINTRAJ
| EMIL

| Largest sphere to fit in unit cell has radius =    16.836

| New format PARM file being parsed.
| Version =    1.000 Date = 06/20/18 Time = 14:05:12

| Note: 1-4 EEL scale factors are being read from the topology file.

| Note: 1-4 VDW scale factors are being read from the topology file.
| Duplicated    0 dihedrals

| Duplicated    0 dihedrals

--------------------------------------------------------------------------------
   1.  RESOURCE   USE: 
--------------------------------------------------------------------------------

 getting new box info from bottom of inpcrd
 NATOM  =    2633 NTYPES =       6 NBONH =    2619 MBONA  =      14
 NTHETH =      22 MTHETA =      16 NPHIH =      46 MPHIA  =      16
 NHPARM =       0 NPARM  =       0 NNB   =    3588 NRES   =     871
 NBONA  =      14 NTHETA =      16 NPHIA =      16 NUMBND =       6
 NUMANG =       4 NPTRA  =       3 NATYP =       6 NPHB   =       1
 IFBOX  =       1 NMXRS  =      13 IFCAP =       0 NEXTRA =       0
 NCOPY  =       0

| Coordinate Index Table dimensions:     7    7    7
| Direct force subcell size =     4.8104    4.9998    5.0941

     BOX TYPE: RECTILINEAR

--------------------------------------------------------------------------------
   2.  CONTROL  DATA  FOR  THE  RUN
--------------------------------------------------------------------------------

default_name                                                                    

General flags:
     imin    =       0, nmropt  =       1

Nature and format of input:
     ntx     =       1, irest   =       0, ntrx    =       1

Nature and format of output:
     ntxo    =       2, ntpr    =    1000, ntrx    =       1, ntwr    =    5000
     iwrap   =       1, ntwx    =    1000, ntwv    =       0, ntwe    =    1000
     ioutfm  =       1, ntwprt  =       0, idecomp =       0, rbornstat=      0

Potential function:
     ntf     =       1, ntb     =       1, igb     =       0, nsnb    =      25
     ipol    =       0, gbsa    =       0, iesp    =       0
     dielc   =   1.00000, cut     =   8.00000, intdiel =   1.00000

Frozen or restrained atoms:
     ibelly  =       0, ntr     =       1
     restraint_wt =   5.00000

Molecular dynamics:
     nstlim  =     10000, nscm    =         0, nrespa  =         1
     t       =   0.00000, dt      =   0.00200, vlimit  =  20.00000

Berendsen (weak-coupling) temperature regulation:
     temp0   = 300.00000, tempi   =  50.00000, tautp   =   1.00000

SHAKE:
     ntc     =       2, jfastw  =       0
     tol     =   0.00001

NMR refinement options:
     iscale  =       0, noeskp  =       1, ipnlty  =       1, mxsub   =       1
     scalm   = 100.00000, pencut  =   0.10000, tausw   =   0.10000

Free energy options:
     icfe    =       1, ifsc    =       0, klambda =       1
     clambda =  0.7000, scalpha =  0.5000, scbeta  = 12.0000
     sceeorder =       2
     dynlmb =  0.0000 logdvdl =       0

| Intermolecular bonds treatment:
|     no_intermolecular_bonds =       1

| Energy averages sample interval:
|     ene_avg_sampling =    1000

Ewald parameters:
     verbose =       0, ew_type =       0, nbflag  =       1, use_pme =       1
     vdwmeth =       1, eedmeth =       1, netfrc  =       1
     Box X =   33.673   Box Y =   34.999   Box Z =   35.659
     Alpha =   90.000   Beta  =   90.000   Gamma =   90.000
     NFFT1 =   36       NFFT2 =   36       NFFT3 =   36
     Cutoff=    8.000   Tol   =0.100E-04
     Ewald Coefficient =  0.34864
     Interpolation order =    4

    LOADING THE CONSTRAINED ATOMS AS GROUPS


   5.  REFERENCE ATOM COORDINATES

  default_name                                                                    
     Mask !:WAT & !@H=; matches    14 atoms
     TI Mask 1 :1; matches     13 atoms
     TI Mask 2 :2; matches     13 atoms
     TI region 1:    2620 atoms
     TI region 2:    2620 atoms
Removing charge of      -0.5539 from atom      12
Removing charge of       0.3791 from atom      13
Total charge of  -0.17486000 removed from       2 atoms
     Checking for mismatched coordinates.

--------------------------------------------------------------------------------
   3.  ATOMIC COORDINATES AND VELOCITIES
--------------------------------------------------------------------------------

default_name                                                                    
 begin time read from input coords =     0.000 ps



           Begin reading energy term weight changes/NMR restraints
 WEIGHT CHANGES:
 TEMP0         0   8000   50.000000  300.000000      0      0

 RESTRAINTS:
                          ** No restraint defined **

                  Done reading weight changes/NMR restraints


 
 Number of triangulated 3-point waters found:      869

     Sum of charges for TI region  1 =   0.17486100
     Assuming uniform neutralizing plasma


     Sum of charges for TI region  2 =   0.00000100
     Forcing neutrality...

| Dynamic Memory, Types Used:
| Reals              231002
| Integers           100935

| Nonbonded Pairs Initial Allocation:      439776

--------------------------------------------------------------------------------
   4.  RESULTS
--------------------------------------------------------------------------------

 ---------------------------------------------------
 APPROXIMATING switch and d/dx switch using CUBIC SPLINE INTERPOLATION
 using   5000.0 points per unit in tabled values
 TESTING RELATIVE ERROR over r ranging from 0.0 to cutoff
| CHECK switch(x): max rel err =   0.2738E-14   at   2.422500
| CHECK d/dx switch(x): max rel err =   0.8332E-11   at   2.782960
 ---------------------------------------------------
|---------------------------------------------------
| APPROXIMATING direct energy using CUBIC SPLINE INTERPOLATION
|  with   50.0 points per unit in tabled values
| Relative Error Limit not exceeded for r .gt.   2.47
| APPROXIMATING direct force using CUBIC SPLINE INTERPOLATION
|  with   50.0 points per unit in tabled values
| Relative Error Limit not exceeded for r .gt.   2.89
|---------------------------------------------------

| TI region  1


 NSTEP =        0   TIME(PS) =       0.000  TEMP(K) =    75.43  PRESS =     0.0
 Etot   =     -6481.2110  EKtot   =       393.2399  EPtot      =     -6874.4509
 BOND   =         2.2487  ANGLE   =         4.3515  DIHED      =         1.0131
 1-4 NB =         3.7427  1-4 EEL =       -36.7167  VDWAALS    =      1126.6119
 EELEC  =     -7975.7020  EHBOND  =         0.0000  RESTRAINT  =         0.0000
 DV/DL  =       -33.2147
 Ewald error estimate:   0.4241E-03
 ------------------------------------------------------------------------------


| TI region  2


 NSTEP =        0   TIME(PS) =       0.000  TEMP(K) =    75.43  PRESS =     0.0
 Etot   =     -6481.2110  EKtot   =       393.2399  EPtot      =     -6874.4509
 BOND   =         2.2487  ANGLE   =         4.3515  DIHED      =         1.0131
 1-4 NB =         3.7427  1-4 EEL =       -36.7167  VDWAALS    =      1126.6119
 EELEC  =     -7975.7020  EHBOND  =         0.0000  RESTRAINT  =         0.0000
 DV/DL  =       -33.2147
 Ewald error estimate:   0.4241E-03
 ------------------------------------------------------------------------------

 NMR restraints: Bond =    0.000   Angle =     0.000   Torsion =     0.000
===============================================================================

| TI region  1


 NSTEP =     1000   TIME(PS) =       2.000  TEMP(K) =   179.07  PRESS =     0.0
 Etot   =     -8055.4141  EKtot   =       933.5431  EPtot      =     -8988.9573
 BOND   =         0.7806  ANGLE   =         0.8936  DIHED      =         1.2787
 1-4 NB =         3.4167  1-4 EEL =       -35.5723  VDWAALS    =      1644.4638
 EELEC  =    -10605.1444  EHBOND  =         0.0000  RESTRAINT  =         0.9260
 EAMBER (non-restraint)  =     -8989.8832
 DV/DL  =       -33.7244
 Ewald error estimate:   0.1174E-03
 ------------------------------------------------------------------------------


| TI region  2


 NSTEP =     1000   TIME(PS) =       2.000  TEMP(K) =   179.07  PRESS =     0.0
 Etot   =     -8055.4141  EKtot   =       933.5431  EPtot      =     -8988.9573
 BOND   =         0.7806  ANGLE   =         0.8936  DIHED      =         1.2787
 1-4 NB =         3.4167  1-4 EEL =       -35.5723  VDWAALS    =      1644.4638
 EELEC  =    -10605.1444  EHBOND  =         0.0000  RESTRAINT  =         0.9260
 EAMBER (non-restraint)  =     -8989.8832
 DV/DL  =       -33.7244
 Ewald error estimate:   0.1174E-03
 ------------------------------------------------------------------------------

 NMR restraints: Bond =    0.000   Angle =     0.000   Torsion =     0.000
===============================================================================

| TI region  1


 NSTEP =     2000   TIME(PS) =       4.000  TEMP(K) =   137.81  PRESS =     0.0
 Etot   =     -8644.4710  EKtot   =       718.4535  EPtot      =     -9362.9245
 BOND   =         1.1736  ANGLE   =         1.1606  DIHED      =         1.3736
 1-4 NB =         3.6386  1-4 EEL =       -37.0288  VDWAALS    =      1751.4867
 EELEC  =    -11085.6479  EHBOND  =         0.0000  RESTRAINT  =         0.9189
 EAMBER (non-restraint)  =     -9363.8434
 DV/DL  =       -33.7209
 Ewald error estimate:   0.1264E-03
 ------------------------------------------------------------------------------


| TI region  2


 NSTEP =     2000   TIME(PS) =       4.000  TEMP(K) =   137.81  PRESS =     0.0
 Etot   =     -8644.4710  EKtot   =       718.4535  EPtot      =     -9362.9245
 BOND   =         1.1736  ANGLE   =         1.1606  DIHED      =         1.3736
 1-4 NB =         3.6386  1-4 EEL =       -37.0288  VDWAALS    =      1751.4867
 EELEC  =    -11085.6479  EHBOND  =         0.0000  RESTRAINT  =         0.9189
 EAMBER (non-restraint)  =     -9363.8434
 DV/DL  =       -33.7209
 Ewald error estimate:   0.1264E-03
 ------------------------------------------------------------------------------

 NMR restraints: Bond =    0.000   Angle =     0.000   Torsion =     0.000
===============================================================================

| TI region  1


 NSTEP =     3000   TIME(PS) =       6.000  TEMP(K) =   138.23  PRESS =     0.0
 Etot   =     -8733.4615  EKtot   =       720.6651  EPtot      =     -9454.1267
 BOND   =         0.5426  ANGLE   =         0.6757  DIHED      =         0.9755
 1-4 NB =         3.4794  1-4 EEL =       -35.7733  VDWAALS    =      1827.9272
 EELEC  =    -11252.5343  EHBOND  =         0.0000  RESTRAINT  =         0.5804
 EAMBER (non-restraint)  =     -9454.7071
 DV/DL  =       -36.3087
 Ewald error estimate:   0.1167E-03
 ------------------------------------------------------------------------------


| TI region  2


 NSTEP =     3000   TIME(PS) =       6.000  TEMP(K) =   138.23  PRESS =     0.0
 Etot   =     -8733.4615  EKtot   =       720.6651  EPtot      =     -9454.1267
 BOND   =         0.5426  ANGLE   =         0.6757  DIHED      =         0.9755
 1-4 NB =         3.4794  1-4 EEL =       -35.7733  VDWAALS    =      1827.9272
 EELEC  =    -11252.5343  EHBOND  =         0.0000  RESTRAINT  =         0.5804
 EAMBER (non-restraint)  =     -9454.7071
 DV/DL  =       -36.3087
 Ewald error estimate:   0.1167E-03
 ------------------------------------------------------------------------------

 NMR restraints: Bond =    0.000   Angle =     0.000   Torsion =     0.000
===============================================================================

| TI region  1


 NSTEP =     4000   TIME(PS) =       8.000  TEMP(K) =   148.47  PRESS =     0.0
 Etot   =     -8571.6580  EKtot   =       774.0107  EPtot      =     -9345.6688
 BOND   =         0.7853  ANGLE   =         0.5498  DIHED      =         1.4671
 1-4 NB =         3.1816  1-4 EEL =       -36.3146  VDWAALS    =      1769.4442
 EELEC  =    -11085.6824  EHBOND  =         0.0000  RESTRAINT  =         0.9002
 EAMBER (non-restraint)  =     -9346.5689
 DV/DL  =       -35.9331
 Ewald error estimate:   0.5132E-04
 ------------------------------------------------------------------------------


| TI region  2


 NSTEP =     4000   TIME(PS) =       8.000  TEMP(K) =   148.47  PRESS =     0.0
 Etot   =     -8571.6580  EKtot   =       774.0107  EPtot      =     -9345.6688
 BOND   =         0.7853  ANGLE   =         0.5498  DIHED      =         1.4671
 1-4 NB =         3.1816  1-4 EEL =       -36.3146  VDWAALS    =      1769.4442
 EELEC  =    -11085.6824  EHBOND  =         0.0000  RESTRAINT  =         0.9002
 EAMBER (non-restraint)  =     -9346.5689
 DV/DL  =       -35.9331
 Ewald error estimate:   0.5132E-04
 ------------------------------------------------------------------------------

 NMR restraints: Bond =    0.000   Angle =     0.000   Torsion =     0.000
===============================================================================

| TI region  1


 NSTEP =     5000   TIME(PS) =      10.000  TEMP(K) =   177.10  PRESS =     0.0
 Etot   =     -8296.4811  EKtot   =       923.2771  EPtot      =     -9219.7582
 BOND   =         0.9663  ANGLE   =         1.2241  DIHED      =         1.7789
 1-4 NB =         3.6997  1-4 EEL =       -36.7034  VDWAALS    =      1747.1614
 EELEC  =    -10939.2383  EHBOND  =         0.0000  RESTRAINT  =         1.3532
 EAMBER (non-restraint)  =     -9221.1114
 DV/DL  =       -33.6393
 Ewald error estimate:   0.6501E-04
 ------------------------------------------------------------------------------


| TI region  2


 NSTEP =     5000   TIME(PS) =      10.000  TEMP(K) =   177.10  PRESS =     0.0
 Etot   =     -8296.4811  EKtot   =       923.2771  EPtot      =     -9219.7582
 BOND   =         0.9663  ANGLE   =         1.2241  DIHED      =         1.7789
 1-4 NB =         3.6997  1-4 EEL =       -36.7034  VDWAALS    =      1747.1614
 EELEC  =    -10939.2383  EHBOND  =         0.0000  RESTRAINT  =         1.3532
 EAMBER (non-restraint)  =     -9221.1114
 DV/DL  =       -33.6393
 Ewald error estimate:   0.6501E-04
 ------------------------------------------------------------------------------

 NMR restraints: Bond =    0.000   Angle =     0.000   Torsion =     0.000
===============================================================================

| TI region  1


 NSTEP =     6000   TIME(PS) =      12.000  TEMP(K) =   200.20  PRESS =     0.0
 Etot   =     -7958.5428  EKtot   =      1043.7370  EPtot      =     -9002.2798
 BOND   =         1.7541  ANGLE   =         2.8531  DIHED      =         2.1186
 1-4 NB =         3.6858  1-4 EEL =       -36.2129  VDWAALS    =      1636.9438
 EELEC  =    -10614.7104  EHBOND  =         0.0000  RESTRAINT  =         1.2881
 EAMBER (non-restraint)  =     -9003.5679
 DV/DL  =       -38.9539
 Ewald error estimate:   0.8199E-04
 ------------------------------------------------------------------------------


| TI region  2


 NSTEP =     6000   TIME(PS) =      12.000  TEMP(K) =   200.20  PRESS =     0.0
 Etot   =     -7958.5428  EKtot   =      1043.7370  EPtot      =     -9002.2798
 BOND   =         1.7541  ANGLE   =         2.8531  DIHED      =         2.1186
 1-4 NB =         3.6858  1-4 EEL =       -36.2129  VDWAALS    =      1636.9438
 EELEC  =    -10614.7104  EHBOND  =         0.0000  RESTRAINT  =         1.2881
 EAMBER (non-restraint)  =     -9003.5679
 DV/DL  =       -38.9539
 Ewald error estimate:   0.8199E-04
 ------------------------------------------------------------------------------

 NMR restraints: Bond =    0.000   Angle =     0.000   Torsion =     0.000
===============================================================================

| TI region  1


 NSTEP =     7000   TIME(PS) =      14.000  TEMP(K) =   229.50  PRESS =     0.0
 Etot   =     -7567.5554  EKtot   =      1196.4551  EPtot      =     -8764.0105
 BOND   =         0.9416  ANGLE   =         1.9514  DIHED      =         0.8013
 1-4 NB =         3.4223  1-4 EEL =       -36.0813  VDWAALS    =      1521.6199
 EELEC  =    -10257.4817  EHBOND  =         0.0000  RESTRAINT  =         0.8161
 EAMBER (non-restraint)  =     -8764.8266
 DV/DL  =       -33.9076
 Ewald error estimate:   0.1000E-03
 ------------------------------------------------------------------------------


| TI region  2


 NSTEP =     7000   TIME(PS) =      14.000  TEMP(K) =   229.50  PRESS =     0.0
 Etot   =     -7567.5554  EKtot   =      1196.4551  EPtot      =     -8764.0105
 BOND   =         0.9416  ANGLE   =         1.9514  DIHED      =         0.8013
 1-4 NB =         3.4223  1-4 EEL =       -36.0813  VDWAALS    =      1521.6199
 EELEC  =    -10257.4817  EHBOND  =         0.0000  RESTRAINT  =         0.8161
 EAMBER (non-restraint)  =     -8764.8266
 DV/DL  =       -33.9076
 Ewald error estimate:   0.1000E-03
 ------------------------------------------------------------------------------

 NMR restraints: Bond =    0.000   Angle =     0.000   Torsion =     0.000
===============================================================================

| TI region  1


 NSTEP =     8000   TIME(PS) =      16.000  TEMP(K) =   253.54  PRESS =     0.0
 Etot   =     -7125.3361  EKtot   =      1321.7958  EPtot      =     -8447.1320
 BOND   =         3.6696  ANGLE   =         1.6003  DIHED      =         3.0687
 1-4 NB =         4.1943  1-4 EEL =       -36.9509  VDWAALS    =      1364.3410
 EELEC  =     -9788.9342  EHBOND  =         0.0000  RESTRAINT  =         1.8793
 EAMBER (non-restraint)  =     -8449.0113
 DV/DL  =       -31.2837
 Ewald error estimate:   0.1435E-03
 ------------------------------------------------------------------------------


| TI region  2


 NSTEP =     8000   TIME(PS) =      16.000  TEMP(K) =   253.54  PRESS =     0.0
 Etot   =     -7125.3361  EKtot   =      1321.7958  EPtot      =     -8447.1320
 BOND   =         3.6696  ANGLE   =         1.6003  DIHED      =         3.0687
 1-4 NB =         4.1943  1-4 EEL =       -36.9509  VDWAALS    =      1364.3410
 EELEC  =     -9788.9342  EHBOND  =         0.0000  RESTRAINT  =         1.8793
 EAMBER (non-restraint)  =     -8449.0113
 DV/DL  =       -31.2837
 Ewald error estimate:   0.1435E-03
 ------------------------------------------------------------------------------

 NMR restraints: Bond =    0.000   Angle =     0.000   Torsion =     0.000
===============================================================================

| TI region  1


 NSTEP =     9000   TIME(PS) =      18.000  TEMP(K) =   277.21  PRESS =     0.0
 Etot   =     -6761.9396  EKtot   =      1445.1929  EPtot      =     -8207.1325
 BOND   =         0.4279  ANGLE   =         2.6487  DIHED      =         3.2695
 1-4 NB =         3.6480  1-4 EEL =       -35.7413  VDWAALS    =      1225.3189
 EELEC  =     -9407.9346  EHBOND  =         0.0000  RESTRAINT  =         1.2303
 EAMBER (non-restraint)  =     -8208.3629
 DV/DL  =       -36.4251
 Ewald error estimate:   0.1398E-03
 ------------------------------------------------------------------------------


| TI region  2


 NSTEP =     9000   TIME(PS) =      18.000  TEMP(K) =   277.21  PRESS =     0.0
 Etot   =     -6761.9396  EKtot   =      1445.1929  EPtot      =     -8207.1325
 BOND   =         0.4279  ANGLE   =         2.6487  DIHED      =         3.2695
 1-4 NB =         3.6480  1-4 EEL =       -35.7413  VDWAALS    =      1225.3189
 EELEC  =     -9407.9346  EHBOND  =         0.0000  RESTRAINT  =         1.2303
 EAMBER (non-restraint)  =     -8208.3629
 DV/DL  =       -36.4251
 Ewald error estimate:   0.1398E-03
 ------------------------------------------------------------------------------

 NMR restraints: Bond =    0.000   Angle =     0.000   Torsion =     0.000
===============================================================================

| TI region  1


 NSTEP =    10000   TIME(PS) =      20.000  TEMP(K) =   285.08  PRESS =     0.0
 Etot   =     -6555.7606  EKtot   =      1486.2474  EPtot      =     -8042.0081
 BOND   =         2.1365  ANGLE   =         1.8690  DIHED      =         4.9666
 1-4 NB =         3.9573  1-4 EEL =       -36.3988  VDWAALS    =      1226.4484
 EELEC  =     -9245.4258  EHBOND  =         0.0000  RESTRAINT  =         0.4387
 EAMBER (non-restraint)  =     -8042.4468
 DV/DL  =       -31.1558
 Ewald error estimate:   0.1591E-03
 ------------------------------------------------------------------------------


| TI region  2


 NSTEP =    10000   TIME(PS) =      20.000  TEMP(K) =   285.08  PRESS =     0.0
 Etot   =     -6555.7606  EKtot   =      1486.2474  EPtot      =     -8042.0081
 BOND   =         2.1365  ANGLE   =         1.8690  DIHED      =         4.9666
 1-4 NB =         3.9573  1-4 EEL =       -36.3988  VDWAALS    =      1226.4484
 EELEC  =     -9245.4258  EHBOND  =         0.0000  RESTRAINT  =         0.4387
 EAMBER (non-restraint)  =     -8042.4468
 DV/DL  =       -31.1558
 Ewald error estimate:   0.1591E-03
 ------------------------------------------------------------------------------

 NMR restraints: Bond =    0.000   Angle =     0.000   Torsion =     0.000
===============================================================================

| TI region  1


      A V E R A G E S   O V E R      10 S T E P S


 NSTEP =    10000   TIME(PS) =      20.000  TEMP(K) =   202.62  PRESS =     0.0
 Etot   =     -7827.0620  EKtot   =      1056.3378  EPtot      =     -8883.3998
 BOND   =         1.3178  ANGLE   =         1.5426  DIHED      =         2.1099
 1-4 NB =         3.6324  1-4 EEL =       -36.2778  VDWAALS    =      1571.5155
 EELEC  =    -10428.2734  EHBOND  =         0.0000  RESTRAINT  =         1.0331
 EAMBER (non-restraint)  =     -8884.4329
 DV/DL  =       -34.5052
 Ewald error estimate:   0.1101E-03
 ------------------------------------------------------------------------------

 NMR restraints: Bond =    0.000   Angle =     0.000   Torsion =     0.000
===============================================================================

      R M S  F L U C T U A T I O N S


 NSTEP =    10000   TIME(PS) =      20.000  TEMP(K) =    53.07  PRESS =     0.0
 Etot   =       751.2911  EKtot   =       276.6992  EPtot      =       477.2461
 BOND   =         0.9296  ANGLE   =         0.7499  DIHED      =         1.2321
 1-4 NB =         0.2732  1-4 EEL =         0.4793  VDWAALS    =       214.9652
 EELEC  =       689.1303  EHBOND  =         0.0000  RESTRAINT  =         0.3962
 EAMBER (non-restraint)  =       476.8499
 DV/DL  =         2.2956
 Ewald error estimate:   0.3338E-04
 ------------------------------------------------------------------------------


| TI region  2


      A V E R A G E S   O V E R      10 S T E P S


 NSTEP =    10000   TIME(PS) =      20.000  TEMP(K) =   202.62  PRESS =     0.0
 Etot   =     -7827.0620  EKtot   =      1056.3378  EPtot      =     -8883.3998
 BOND   =         1.3178  ANGLE   =         1.5426  DIHED      =         2.1099
 1-4 NB =         3.6324  1-4 EEL =       -36.2778  VDWAALS    =      1571.5155
 EELEC  =    -10428.2734  EHBOND  =         0.0000  RESTRAINT  =         1.0331
 EAMBER (non-restraint)  =     -8884.4329
 DV/DL  =       -34.5052
 Ewald error estimate:   0.1101E-03
 ------------------------------------------------------------------------------

 NMR restraints: Bond =    0.000   Angle =     0.000   Torsion =     0.000
===============================================================================

      R M S  F L U C T U A T I O N S


 NSTEP =    10000   TIME(PS) =      20.000  TEMP(K) =    53.07  PRESS =     0.0
 Etot   =       751.2911  EKtot   =       276.6992  EPtot      =       477.2461
 BOND   =         0.9296  ANGLE   =         0.7499  DIHED      =         1.2321
 1-4 NB =         0.2732  1-4 EEL =         0.4793  VDWAALS    =       214.9652
 EELEC  =       689.1303  EHBOND  =         0.0000  RESTRAINT  =         0.3962
 EAMBER (non-restraint)  =       476.8499
 DV/DL  =         2.2956
 Ewald error estimate:   0.3338E-04
 ------------------------------------------------------------------------------


      DV/DL, AVERAGES OVER      10 STEPS


 NSTEP =    10000   TIME(PS) =      20.000  TEMP(K) =    53.07  PRESS =     0.0
 Etot   =         0.0000  EKtot   =         0.0000  EPtot      =       -34.5052
 BOND   =         0.0000  ANGLE   =         0.0000  DIHED      =         0.0000
 1-4 NB =         0.0000  1-4 EEL =       -38.5460  VDWAALS    =         0.0000
 EELEC  =         4.0408  EHBOND  =         0.0000  RESTRAINT  =        -0.0000
 EAMBER (non-restraint)  =       -34.5052
 DV/DL  =       -34.5052
 Ewald error estimate:   0.0000E+00
 ------------------------------------------------------------------------------


 NMR restraints on final step:

--------------------------------------------------------------------------------
   5.  TIMINGS
--------------------------------------------------------------------------------

|  NonSetup CPU Time in Major Routines:
|
|     Routine           Sec        %
|     ------------------------------
|     Nonbond         153.24   97.88
|     Bond              0.56    0.36
|     Angle             0.14    0.09
|     Dihedral          0.28    0.18
|     Shake             1.18    0.76
|     RunMD             1.13    0.72
|     Other             0.04    0.02
|     ------------------------------
|     Total           156.56

|  PME Nonbond Pairlist CPU Time:
|
|     Routine              Sec        %
|     ---------------------------------
|     Set Up Cit           0.22    0.14
|     Build List          19.03   12.15
|     ---------------------------------
|     Total               19.25   12.29

|  PME Direct Force CPU Time:
|
|     Routine              Sec        %
|     ---------------------------------
|     NonBonded Calc      63.12   40.32
|     Exclude Masked       2.64    1.68
|     Other                2.69    1.72
|     ---------------------------------
|     Total               68.45   43.72

|  PME Reciprocal Force CPU Time:
|
|     Routine              Sec        %
|     ---------------------------------
|     1D bspline           2.61    1.67
|     Grid Charges         6.01    3.84
|     Scalar Sum           2.78    1.78
|     Gradient Sum         9.17    5.86
|     FFT                 45.01   28.75
|     ---------------------------------
|     Total               65.58   41.89

|  Final Performance Info:
|     -----------------------------------------------------
|     Average timings for last    2000 steps:
|     Elapsed(s) =      32.41 Per Step(ms) =      16.20
|         ns/day =      10.66   seconds/ns =    8101.47
|
|     Average timings for all steps:
|     Elapsed(s) =     156.69 Per Step(ms) =      15.67
|         ns/day =      11.03   seconds/ns =    7834.65
|     -----------------------------------------------------

|  Setup CPU time:            0.05 seconds
|  NonSetup CPU time:       156.56 seconds
|  Total CPU time:          156.61 seconds     0.04 hours

|  Setup wall time:           0    seconds
|  NonSetup wall time:      157    seconds
|  Total wall time:         157    seconds     0.04 hours
