
          -------------------------------------------------------
          Amber 16 PMEMD                              2016
          -------------------------------------------------------

| PMEMD implementation of SANDER, Release 16

| Run on 02/28/2019 at 02:44:43

|   Executable path: /opt/amber/bin/pmemd.cuda
| Working directory: /mnt/part2/home/meister/runjobs
|          Hostname: Unknown
  [-O]verwriting output

File Assignments:
|   MDIN: AA-AB/ligand/vdw-bonded/0.700/heat.in                                 
|  MDOUT: AA-AB/ligand/vdw-bonded/0.700/heat.out.tmp                            
| INPCRD: AA-AB/ligand/press.rst7                                               
|   PARM: AA-AB/ligand/ligand-vdw-bonded.parm7                                  
| RESTRT: AA-AB/ligand/vdw-bonded/0.700/heat.rst7.tmp                           
|   REFC: AA-AB/ligand/press.rst7                                               
|  MDVEL: mdvel                                                                 
|   MDEN: AA-AB/ligand/vdw-bonded/0.700/heat.en.tmp                             
|  MDCRD: AA-AB/ligand/vdw-bonded/0.700/heat.nc.tmp                             
| MDINFO: AA-AB/ligand/vdw-bonded/0.700/heat.info.tmp                           
|  MDFRC: mdfrc                                                                 


 Here is the input file:

heating                                                                        
 &cntrl                                                                        
   imin = 0, nstlim = 10000, irest = 0, ntx = 1, dt = 0.002,                   
   ntt = 3, temp0 = 300.0, gamma_ln = 2.0, ig = -1,                            
   tempi = 50.0, tautp = 1.0,                                                  
   vlimit = 20,                                                                
   ntc = 2, ntf = 1,                                                           
   ntb = 1,                                                                    
   ioutfm = 1, iwrap = 1,                                                      
   ntwe = 1000, ntwx = 1000, ntpr = 1000, ntwr = 5000,                         
                                                                               
   nmropt = 1,                                                                 
   ntr = 1, restraint_wt = 5.00,                                               
   restraintmask='!:WAT & !@H=',                                               
                                                                               
   icfe = 1, clambda = 0.700, scalpha = 0.5, scbeta = 12.0,                    
   logdvdl = 0,                                                                
   timask1 = ':1', timask2 = ':2',                                             
   ifsc = 1, scmask1=':1@H7', scmask2=':2@H7,O1', crgmask = ':1@H7|:2@H7,O1'   
 /                                                                             
                                                                               
 &ewald                                                                        
 /                                                                             
                                                                               
 &wt                                                                           
   type='TEMP0',                                                               
   istep1 = 0, istep2 = 8000,                                                  
   value1 = 50.0, value2 = 300.0                                               
 /                                                                             
                                                                               
 &wt type = 'END'                                                              
 /                                                                             


Note: ig = -1. Setting random seed to   541103 based on wallclock time in 
      microseconds.
| irandom = 1, using AMBER's internal random number generator (default).
 
|--------------------- INFORMATION ----------------------
| GPU (CUDA) Version of PMEMD in use: NVIDIA GPU IN USE.
|                    Version 18.0.0
| 
|                      03/25/2018
| 
| Implementation by:
|                    Ross C. Walker     (SDSC)
|                    Scott Le Grand     (nVIDIA)
| 
| Version 18 performance extensions by:
|                    David Cerutti     (Rutgers)
| 
| Precision model in use:
|      [SPFP] - Single Precision Forces, 64-bit Fixed Point
|               Accumulation. (Default)
| 
|--------------------------------------------------------
 
|----------------- CITATION INFORMATION -----------------
|
|    When publishing work that utilized the CUDA version
|    of AMBER, please cite the following in addition to
|    the regular AMBER citations:
|
|  - Romelia Salomon-Ferrer; Andreas W. Goetz; Duncan
|    Poole; Scott Le Grand; Ross C. Walker "Routine
|    microsecond molecular dynamics simulations with
|    AMBER - Part II: Particle Mesh Ewald", J. Chem.
|    Theory Comput., 2013, 9 (9), pp3878-3888,
|    DOI: 10.1021/ct400314y.
|
|  - Andreas W. Goetz; Mark J. Williamson; Dong Xu;
|    Duncan Poole; Scott Le Grand; Ross C. Walker
|    "Routine microsecond molecular dynamics simulations
|    with AMBER - Part I: Generalized Born", J. Chem.
|    Theory Comput., 2012, 8 (5), pp1542-1555.
|
|  - Scott Le Grand; Andreas W. Goetz; Ross C. Walker
|    "SPFP: Speed without compromise - a mixed precision
|    model for GPU accelerated molecular dynamics
|    simulations.", Comp. Phys. Comm., 2013, 184
|    pp374-380, DOI: 10.1016/j.cpc.2012.09.022
|
|    When publishing work that utilized the CUDA version
|    of TI, BAR, MBAR or FEP please cite the following 
|    publications in addition to the regular AMBER 
|    GPU citations:
|
|  - Daniel J. Mermelstein; Charles Lin; Gard Nelson; 
|    Rachael Kretsch; J. Andrew McCammon; Ross C. Walker
|    "Fast and Flexible GPU Accelerated Binding 
|    Free Energy Calculations within the AMBER Molecular
|    Dynamics Package" J. Comp. Chem., 2018,
|    DOI: 10.1002/jcc.25187
|
|  - Tai-Sung Lee; Yuan Hu; Brad Sherborne; Zhuyan Guo;
|    Darrin M. York
|    "Toward Fast and Accurate Binding Affinity Prediction with
|    pmemdGTI: An Efficient Implementation of GPU-Accelerated
|    Thermodynamic Integration"
|    J. Chem. Theory Comput., 2017, 13 (7), 3077
|
|
|--------------------------------------------------------
 
|------------------- GPU DEVICE INFO --------------------
|
|            CUDA_VISIBLE_DEVICES: not set
|   CUDA Capable Devices Detected:      1
|           CUDA Device ID in use:      0
|                CUDA Device Name: Tesla K80
|     CUDA Device Global Mem Size:  11441 MB
| CUDA Device Num Multiprocessors:     13
|           CUDA Device Core Freq:   0.82 GHz
|
|--------------------------------------------------------
 
 
| Conditional Compilation Defines Used:
| PUBFFT
| BINTRAJ
| CUDA
| EMIL

| Largest sphere to fit in unit cell has radius =    12.877

| New format PARM file being parsed.
| Version =    1.000 Date = 02/27/19 Time = 20:53:33

| Note: 1-4 EEL scale factors are being read from the topology file.

| Note: 1-4 VDW scale factors are being read from the topology file.
| Duplicated    0 dihedrals

| Duplicated    0 dihedrals

--------------------------------------------------------------------------------
   1.  RESOURCE   USE: 
--------------------------------------------------------------------------------

 getting box info from netcdf restart file
 NATOM  =    1831 NTYPES =       5 NBONH =    1818 MBONA  =      13
 NTHETH =    1829 MTHETA =      14 NPHIH =      36 MPHIA  =      14
 NHPARM =       0 NPARM  =       0 NNB   =    2518 NRES   =     604
 NBONA  =      13 NTHETA =      14 NPHIA =      14 NUMBND =       6
 NUMANG =       6 NPTRA  =       2 NATYP =       6 NPHB   =       0
 IFBOX  =       1 NMXRS  =      13 IFCAP =       0 NEXTRA =       0
 NCOPY  =       0

| Coordinate Index Table dimensions:     5    5    6
| Direct force subcell size =     5.1507    5.2427    4.5620

     BOX TYPE: RECTILINEAR

--------------------------------------------------------------------------------
   2.  CONTROL  DATA  FOR  THE  RUN
--------------------------------------------------------------------------------

NIL                                                                             

General flags:
     imin    =       0, nmropt  =       1

Nature and format of input:
     ntx     =       1, irest   =       0, ntrx    =       1

Nature and format of output:
     ntxo    =       2, ntpr    =    1000, ntrx    =       1, ntwr    =    5000
     iwrap   =       1, ntwx    =    1000, ntwv    =       0, ntwe    =    1000
     ioutfm  =       1, ntwprt  =       0, idecomp =       0, rbornstat=      0

Potential function:
     ntf     =       1, ntb     =       1, igb     =       0, nsnb    =      25
     ipol    =       0, gbsa    =       0, iesp    =       0
     dielc   =   1.00000, cut     =   8.00000, intdiel =   1.00000

Frozen or restrained atoms:
     ibelly  =       0, ntr     =       1
     restraint_wt =   5.00000

Molecular dynamics:
     nstlim  =     10000, nscm    =         0, nrespa  =         1
     t       =   0.00000, dt      =   0.00200, vlimit  =  20.00000

Langevin dynamics temperature regulation:
     ig      =  541103
     temp0   = 300.00000, tempi   =  50.00000, gamma_ln=   2.00000

SHAKE:
     ntc     =       2, jfastw  =       0
     tol     =   0.00001

NMR refinement options:
     iscale  =       0, noeskp  =       1, ipnlty  =       1, mxsub   =       1
     scalm   = 100.00000, pencut  =   0.10000, tausw   =   0.10000

Free energy options:
     icfe    =       1, ifsc    =       1, klambda =       1
     clambda =  0.7000, scalpha =  0.5000, scbeta  = 12.0000
     sceeorder =       2
     dynlmb =  0.0000 logdvdl =       0

| Intermolecular bonds treatment:
|     no_intermolecular_bonds =       1

| Energy averages sample interval:
|     ene_avg_sampling =    1000

Ewald parameters:
     verbose =       0, ew_type =       0, nbflag  =       1, use_pme =       1
     vdwmeth =       1, eedmeth =       1, netfrc  =       1
     Box X =   25.754   Box Y =   26.213   Box Z =   27.372
     Alpha =   90.000   Beta  =   90.000   Gamma =   90.000
     NFFT1 =   28       NFFT2 =   28       NFFT3 =   28
     Cutoff=    8.000   Tol   =0.100E-04
     Ewald Coefficient =  0.34864
     Interpolation order =    4

    LOADING THE CONSTRAINED ATOMS AS GROUPS


   5.  REFERENCE ATOM COORDINATES

  NIL                                                                             
     Mask !:WAT & !@H=; matches    13 atoms
     TI Mask 1 :1; matches     12 atoms
     TI Mask 2 :2; matches     13 atoms
     TI region 1:    1818 atoms
     TI region 2:    1819 atoms
     SC Mask 1 :1@H7; matches      1 atoms
     SC Mask 2 :2@H7,O1; matches      2 atoms
Removing charge of       0.1300 from atom      12
Removing charge of      -0.6242 from atom      24
Removing charge of       0.4181 from atom      25
Total charge of  -0.07614616 removed from       3 atoms

--------------------------------------------------------------------------------
   3.  ATOMIC COORDINATES AND VELOCITIES
--------------------------------------------------------------------------------

NIL                                                                             
 begin time read from input coords =    40.000 ps



           Begin reading energy term weight changes/NMR restraints
 WEIGHT CHANGES:
 TEMP0         0   8000   50.000000  300.000000      0      0

 RESTRAINTS:
                          ** No restraint defined **

                  Done reading weight changes/NMR restraints


 
 Number of triangulated 3-point waters found:      602
   Removing shake constraints from H7    COR   1 -- C_12  COR   1
 Number of shake restraints removed in TI region  1 :        1
 Number of shake restraints removed in TI region  2 :        0

     Sum of charges for TI region  1 =  -0.13000066
     Assuming uniform neutralizing plasma


     Sum of charges for TI region  2 =   0.20614550
     Assuming uniform neutralizing plasma

| Dynamic Memory, Types Used:
| Reals              198041
| Integers            85178

| Nonbonded Pairs Initial Allocation:      305822

| GPU memory information (estimate):
| KB of GPU memory in use:         0
| KB of CPU memory in use:         0

--------------------------------------------------------------------------------
   4.  RESULTS
--------------------------------------------------------------------------------

   DOF for the SC part  1 of the system:    3
   DOF for the SC part  2 of the system:    5
   SHAKE constraints in the SC region:    1

| TI region  1


 NSTEP =        0   TIME(PS) =       0.000  TEMP(K) =    73.29  PRESS =     0.0
 Etot   =     -5491.7498  EKtot   =       265.2811  EPtot      =     -5757.0309
 BOND   =         3.8258  ANGLE   =         2.6090  DIHED      =         1.7878
 1-4 NB =        13.0360  1-4 EEL =        -1.5987  VDWAALS    =       763.7978
 EELEC  =     -6540.4885  EHBOND  =         0.0000  RESTRAINT  =         0.0000
 DV/DL  =         2.9463
 ------------------------------------------------------------------------------

  Softcore part of the system:       1 atoms,       TEMP(K)    =         790.61
 SC_Etot=         3.0463  SC_EKtot=         2.3566  SC_EPtot   =         0.6896
 SC_BOND=         0.0000  SC_ANGLE=         0.4280  SC_DIHED   =         0.2278
 SC_14NB=         0.0338  SC_14EEL=         0.0000  SC_VDW     =         0.0000
 SC_EEL =         0.0000
 SC_RES_DIST=     0.0000  SC_RES_ANG=       0.0000  SC_RES_TORS=         0.0000
 SC_EEL_DER=      0.0000  SC_VDW_DER=       0.0126  SC_DERIV   =         0.0126
 ------------------------------------------------------------------------------


| TI region  2


 NSTEP =        0   TIME(PS) =       0.000  TEMP(K) =    73.34  PRESS =     0.0
 Etot   =     -5491.4339  EKtot   =       265.5969  EPtot      =     -5757.0309
 BOND   =         3.8258  ANGLE   =         2.6090  DIHED      =         1.7878
 1-4 NB =        13.0360  1-4 EEL =        -1.5987  VDWAALS    =       763.7978
 EELEC  =     -6540.4885  EHBOND  =         0.0000  RESTRAINT  =         0.0000
 DV/DL  =         2.9463
 ------------------------------------------------------------------------------

  Softcore part of the system:       2 atoms,       TEMP(K)    =         539.72
 SC_Etot=         4.4532  SC_EKtot=         2.6813  SC_EPtot   =         1.7718
 SC_BOND=         0.0571  SC_ANGLE=         1.1995  SC_DIHED   =         0.2205
 SC_14NB=         0.2948  SC_14EEL=         0.0000  SC_VDW     =         0.0000
 SC_EEL =         0.0000
 SC_RES_DIST=     0.0000  SC_RES_ANG=       0.0000  SC_RES_TORS=         0.0000
 SC_EEL_DER=      0.0000  SC_VDW_DER=       0.0126  SC_DERIV   =         0.0126
 ------------------------------------------------------------------------------

 NMR restraints: Bond =    0.000   Angle =     0.000   Torsion =     0.000
===============================================================================

| TI region  1


 NSTEP =     1000   TIME(PS) =       2.000  TEMP(K) =    82.11  PRESS =     0.0
 Etot   =     -6690.5551  EKtot   =       297.2122  EPtot      =     -6987.7673
 BOND   =         2.2663  ANGLE   =         0.8731  DIHED      =         0.1927
 1-4 NB =        11.4154  1-4 EEL =        -1.5159  VDWAALS    =      1211.0927
 EELEC  =     -8212.4632  EHBOND  =         0.0000  RESTRAINT  =         0.3716
 EAMBER (non-restraint)  =     -6988.1389
 DV/DL  =        -0.5509
 ------------------------------------------------------------------------------

  Softcore part of the system:       1 atoms,       TEMP(K)    =          34.35
 SC_Etot=         0.3712  SC_EKtot=         0.1024  SC_EPtot   =         0.2688
 SC_BOND=         0.1024  SC_ANGLE=         0.0103  SC_DIHED   =         0.1533
 SC_14NB=         0.0029  SC_14EEL=         0.0000  SC_VDW     =         0.0000
 SC_EEL =         0.0000
 SC_RES_DIST=     0.0000  SC_RES_ANG=       0.0000  SC_RES_TORS=         0.0000
 SC_EEL_DER=      0.0000  SC_VDW_DER=      -0.0622  SC_DERIV   =        -0.0622
 ------------------------------------------------------------------------------


| TI region  2


 NSTEP =     1000   TIME(PS) =       2.000  TEMP(K) =    82.13  PRESS =     0.0
 Etot   =     -6690.3139  EKtot   =       297.4533  EPtot      =     -6987.7673
 BOND   =         2.2663  ANGLE   =         0.8731  DIHED      =         0.1927
 1-4 NB =        11.4154  1-4 EEL =        -1.5159  VDWAALS    =      1211.0927
 EELEC  =     -8212.4632  EHBOND  =         0.0000  RESTRAINT  =         0.3716
 EAMBER (non-restraint)  =     -6988.1389
 DV/DL  =        -0.5509
 ------------------------------------------------------------------------------

  Softcore part of the system:       2 atoms,       TEMP(K)    =          69.16
 SC_Etot=         0.9443  SC_EKtot=         0.3436  SC_EPtot   =         0.6007
 SC_BOND=         0.0103  SC_ANGLE=         0.3289  SC_DIHED   =         0.0835
 SC_14NB=         0.1779  SC_14EEL=         0.0000  SC_VDW     =         0.0000
 SC_EEL =         0.0000
 SC_RES_DIST=     0.0000  SC_RES_ANG=       0.0000  SC_RES_TORS=         0.0000
 SC_EEL_DER=      0.0000  SC_VDW_DER=      -0.0622  SC_DERIV   =        -0.0622
 ------------------------------------------------------------------------------

 NMR restraints: Bond =    0.000   Angle =     0.000   Torsion =     0.000
===============================================================================

| TI region  1


 NSTEP =     2000   TIME(PS) =       4.000  TEMP(K) =   110.62  PRESS =     0.0
 Etot   =     -6544.1862  EKtot   =       400.3939  EPtot      =     -6944.5801
 BOND   =         1.2164  ANGLE   =         1.3941  DIHED      =         0.7076
 1-4 NB =        12.3507  1-4 EEL =        -1.4124  VDWAALS    =      1223.5598
 EELEC  =     -8183.2183  EHBOND  =         0.0000  RESTRAINT  =         0.8221
 EAMBER (non-restraint)  =     -6945.4022
 DV/DL  =        -2.9648
 ------------------------------------------------------------------------------

  Softcore part of the system:       1 atoms,       TEMP(K)    =         115.21
 SC_Etot=         0.7736  SC_EKtot=         0.3434  SC_EPtot   =         0.4301
 SC_BOND=         0.0630  SC_ANGLE=         0.1175  SC_DIHED   =         0.2495
 SC_14NB=         0.0002  SC_14EEL=         0.0000  SC_VDW     =         0.0000
 SC_EEL =         0.0000
 SC_RES_DIST=     0.0000  SC_RES_ANG=       0.0000  SC_RES_TORS=         0.0000
 SC_EEL_DER=      0.0000  SC_VDW_DER=       0.1980  SC_DERIV   =         0.1980
 ------------------------------------------------------------------------------


| TI region  2


 NSTEP =     2000   TIME(PS) =       4.000  TEMP(K) =   110.63  PRESS =     0.0
 Etot   =     -6543.9131  EKtot   =       400.6670  EPtot      =     -6944.5801
 BOND   =         1.2164  ANGLE   =         1.3941  DIHED      =         0.7076
 1-4 NB =        12.3507  1-4 EEL =        -1.4124  VDWAALS    =      1223.5598
 EELEC  =     -8183.2183  EHBOND  =         0.0000  RESTRAINT  =         0.8221
 EAMBER (non-restraint)  =     -6945.4022
 DV/DL  =        -2.9648
 ------------------------------------------------------------------------------

  Softcore part of the system:       2 atoms,       TEMP(K)    =         124.09
 SC_Etot=         1.3600  SC_EKtot=         0.6165  SC_EPtot   =         0.7435
 SC_BOND=         0.0970  SC_ANGLE=         0.2086  SC_DIHED   =         0.2547
 SC_14NB=         0.1831  SC_14EEL=         0.0000  SC_VDW     =         0.0000
 SC_EEL =         0.0000
 SC_RES_DIST=     0.0000  SC_RES_ANG=       0.0000  SC_RES_TORS=         0.0000
 SC_EEL_DER=      0.0000  SC_VDW_DER=       0.1980  SC_DERIV   =         0.1980
 ------------------------------------------------------------------------------

 NMR restraints: Bond =    0.000   Angle =     0.000   Torsion =     0.000
===============================================================================

| TI region  1


 NSTEP =     3000   TIME(PS) =       6.000  TEMP(K) =   136.68  PRESS =     0.0
 Etot   =     -6337.0700  EKtot   =       494.7345  EPtot      =     -6831.8045
 BOND   =         1.2822  ANGLE   =         1.8774  DIHED      =         1.2368
 1-4 NB =        12.7669  1-4 EEL =        -1.4178  VDWAALS    =      1293.4621
 EELEC  =     -8141.4746  EHBOND  =         0.0000  RESTRAINT  =         0.4625
 EAMBER (non-restraint)  =     -6832.2671
 DV/DL  =        -0.2919
 ------------------------------------------------------------------------------

  Softcore part of the system:       1 atoms,       TEMP(K)    =         116.32
 SC_Etot=         1.0282  SC_EKtot=         0.3467  SC_EPtot   =         0.6815
 SC_BOND=         0.0020  SC_ANGLE=         0.6386  SC_DIHED   =         0.0466
 SC_14NB=        -0.0058  SC_14EEL=         0.0000  SC_VDW     =         0.0000
 SC_EEL =         0.0000
 SC_RES_DIST=     0.0000  SC_RES_ANG=       0.0000  SC_RES_TORS=         0.0000
 SC_EEL_DER=      0.0000  SC_VDW_DER=      -0.0619  SC_DERIV   =        -0.0619
 ------------------------------------------------------------------------------


| TI region  2


 NSTEP =     3000   TIME(PS) =       6.000  TEMP(K) =   136.63  PRESS =     0.0
 Etot   =     -6336.9794  EKtot   =       494.8252  EPtot      =     -6831.8045
 BOND   =         1.2822  ANGLE   =         1.8774  DIHED      =         1.2368
 1-4 NB =        12.7669  1-4 EEL =        -1.4178  VDWAALS    =      1293.4621
 EELEC  =     -8141.4746  EHBOND  =         0.0000  RESTRAINT  =         0.4625
 EAMBER (non-restraint)  =     -6832.2671
 DV/DL  =        -0.2919
 ------------------------------------------------------------------------------

  Softcore part of the system:       2 atoms,       TEMP(K)    =          88.03
 SC_Etot=         1.0971  SC_EKtot=         0.4373  SC_EPtot   =         0.6597
 SC_BOND=         0.3845  SC_ANGLE=         0.1076  SC_DIHED   =         0.0404
 SC_14NB=         0.1272  SC_14EEL=         0.0000  SC_VDW     =         0.0000
 SC_EEL =         0.0000
 SC_RES_DIST=     0.0000  SC_RES_ANG=       0.0000  SC_RES_TORS=         0.0000
 SC_EEL_DER=      0.0000  SC_VDW_DER=      -0.0619  SC_DERIV   =        -0.0619
 ------------------------------------------------------------------------------

 NMR restraints: Bond =    0.000   Angle =     0.000   Torsion =     0.000
===============================================================================

| TI region  1


 NSTEP =     4000   TIME(PS) =       8.000  TEMP(K) =   169.68  PRESS =     0.0
 Etot   =     -6069.7311  EKtot   =       614.1939  EPtot      =     -6683.9250
 BOND   =         0.7664  ANGLE   =         1.3918  DIHED      =         0.4631
 1-4 NB =        12.9415  1-4 EEL =        -1.6540  VDWAALS    =      1213.0443
 EELEC  =     -7912.3769  EHBOND  =         0.0000  RESTRAINT  =         1.4987
 EAMBER (non-restraint)  =     -6685.4237
 DV/DL  =         0.2009
 ------------------------------------------------------------------------------

  Softcore part of the system:       1 atoms,       TEMP(K)    =         194.40
 SC_Etot=         0.7903  SC_EKtot=         0.5795  SC_EPtot   =         0.2108
 SC_BOND=         0.0661  SC_ANGLE=         0.1094  SC_DIHED   =         0.0274
 SC_14NB=         0.0079  SC_14EEL=         0.0000  SC_VDW     =         0.0000
 SC_EEL =         0.0000
 SC_RES_DIST=     0.0000  SC_RES_ANG=       0.0000  SC_RES_TORS=         0.0000
 SC_EEL_DER=      0.0000  SC_VDW_DER=      -0.0581  SC_DERIV   =        -0.0581
 ------------------------------------------------------------------------------


| TI region  2


 NSTEP =     4000   TIME(PS) =       8.000  TEMP(K) =   169.57  PRESS =     0.0
 Etot   =     -6069.7929  EKtot   =       614.1321  EPtot      =     -6683.9250
 BOND   =         0.7664  ANGLE   =         1.3918  DIHED      =         0.4631
 1-4 NB =        12.9415  1-4 EEL =        -1.6540  VDWAALS    =      1213.0443
 EELEC  =     -7912.3769  EHBOND  =         0.0000  RESTRAINT  =         1.4987
 EAMBER (non-restraint)  =     -6685.4237
 DV/DL  =         0.2009
 ------------------------------------------------------------------------------

  Softcore part of the system:       2 atoms,       TEMP(K)    =         104.19
 SC_Etot=         1.5786  SC_EKtot=         0.5176  SC_EPtot   =         1.0610
 SC_BOND=         0.1323  SC_ANGLE=         0.5940  SC_DIHED   =         0.1730
 SC_14NB=         0.1616  SC_14EEL=         0.0000  SC_VDW     =         0.0000
 SC_EEL =         0.0000
 SC_RES_DIST=     0.0000  SC_RES_ANG=       0.0000  SC_RES_TORS=         0.0000
 SC_EEL_DER=      0.0000  SC_VDW_DER=      -0.0581  SC_DERIV   =        -0.0581
 ------------------------------------------------------------------------------

 NMR restraints: Bond =    0.000   Angle =     0.000   Torsion =     0.000
===============================================================================

| TI region  1


 NSTEP =     5000   TIME(PS) =      10.000  TEMP(K) =   196.24  PRESS =     0.0
 Etot   =     -5813.1453  EKtot   =       710.3220  EPtot      =     -6523.4673
 BOND   =         2.6979  ANGLE   =         1.6131  DIHED      =         0.6937
 1-4 NB =        11.0870  1-4 EEL =        -1.6131  VDWAALS    =      1166.2524
 EELEC  =     -7704.6989  EHBOND  =         0.0000  RESTRAINT  =         0.5006
 EAMBER (non-restraint)  =     -6523.9679
 DV/DL  =        -1.7881
 ------------------------------------------------------------------------------

  Softcore part of the system:       1 atoms,       TEMP(K)    =         286.21
 SC_Etot=         1.0781  SC_EKtot=         0.8531  SC_EPtot   =         0.2250
 SC_BOND=         0.0320  SC_ANGLE=         0.1443  SC_DIHED   =         0.0469
 SC_14NB=         0.0017  SC_14EEL=         0.0000  SC_VDW     =         0.0000
 SC_EEL =         0.0000
 SC_RES_DIST=     0.0000  SC_RES_ANG=       0.0000  SC_RES_TORS=         0.0000
 SC_EEL_DER=      0.0000  SC_VDW_DER=      -0.0311  SC_DERIV   =        -0.0311
 ------------------------------------------------------------------------------


| TI region  2


 NSTEP =     5000   TIME(PS) =      10.000  TEMP(K) =   196.07  PRESS =     0.0
 Etot   =     -5813.3733  EKtot   =       710.0940  EPtot      =     -6523.4673
 BOND   =         2.6979  ANGLE   =         1.6131  DIHED      =         0.6937
 1-4 NB =        11.0870  1-4 EEL =        -1.6131  VDWAALS    =      1166.2524
 EELEC  =     -7704.6989  EHBOND  =         0.0000  RESTRAINT  =         0.5006
 EAMBER (non-restraint)  =     -6523.9679
 DV/DL  =        -1.7881
 ------------------------------------------------------------------------------

  Softcore part of the system:       2 atoms,       TEMP(K)    =         125.84
 SC_Etot=         2.3533  SC_EKtot=         0.6252  SC_EPtot   =         1.7281
 SC_BOND=         0.7584  SC_ANGLE=         0.2145  SC_DIHED   =         0.6578
 SC_14NB=         0.0974  SC_14EEL=         0.0000  SC_VDW     =         0.0000
 SC_EEL =         0.0000
 SC_RES_DIST=     0.0000  SC_RES_ANG=       0.0000  SC_RES_TORS=         0.0000
 SC_EEL_DER=      0.0000  SC_VDW_DER=      -0.0311  SC_DERIV   =        -0.0311
 ------------------------------------------------------------------------------

 NMR restraints: Bond =    0.000   Angle =     0.000   Torsion =     0.000
===============================================================================

| TI region  1


 NSTEP =     6000   TIME(PS) =      12.000  TEMP(K) =   228.46  PRESS =     0.0
 Etot   =     -5549.8859  EKtot   =       826.9403  EPtot      =     -6376.8262
 BOND   =         1.5369  ANGLE   =         1.6904  DIHED      =         0.8348
 1-4 NB =        13.0150  1-4 EEL =        -1.7342  VDWAALS    =      1117.5412
 EELEC  =     -7511.2809  EHBOND  =         0.0000  RESTRAINT  =         1.5706
 EAMBER (non-restraint)  =     -6378.3968
 DV/DL  =        -3.8481
 ------------------------------------------------------------------------------

  Softcore part of the system:       1 atoms,       TEMP(K)    =         305.19
 SC_Etot=         1.0255  SC_EKtot=         0.9097  SC_EPtot   =         0.1158
 SC_BOND=         0.0400  SC_ANGLE=         0.0325  SC_DIHED   =         0.0305
 SC_14NB=         0.0129  SC_14EEL=         0.0000  SC_VDW     =         0.0000
 SC_EEL =         0.0000
 SC_RES_DIST=     0.0000  SC_RES_ANG=       0.0000  SC_RES_TORS=         0.0000
 SC_EEL_DER=      0.0000  SC_VDW_DER=      -0.0595  SC_DERIV   =        -0.0595
 ------------------------------------------------------------------------------


| TI region  2


 NSTEP =     6000   TIME(PS) =      12.000  TEMP(K) =   228.29  PRESS =     0.0
 Etot   =     -5550.0269  EKtot   =       826.7993  EPtot      =     -6376.8262
 BOND   =         1.5369  ANGLE   =         1.6904  DIHED      =         0.8348
 1-4 NB =        13.0150  1-4 EEL =        -1.7342  VDWAALS    =      1117.5412
 EELEC  =     -7511.2809  EHBOND  =         0.0000  RESTRAINT  =         1.5706
 EAMBER (non-restraint)  =     -6378.3968
 DV/DL  =        -3.8481
 ------------------------------------------------------------------------------

  Softcore part of the system:       2 atoms,       TEMP(K)    =         154.74
 SC_Etot=         3.7178  SC_EKtot=         0.7687  SC_EPtot   =         2.9491
 SC_BOND=         0.0036  SC_ANGLE=         1.7734  SC_DIHED   =         0.9232
 SC_14NB=         0.2489  SC_14EEL=         0.0000  SC_VDW     =         0.0000
 SC_EEL =         0.0000
 SC_RES_DIST=     0.0000  SC_RES_ANG=       0.0000  SC_RES_TORS=         0.0000
 SC_EEL_DER=      0.0000  SC_VDW_DER=      -0.0595  SC_DERIV   =        -0.0595
 ------------------------------------------------------------------------------

 NMR restraints: Bond =    0.000   Angle =     0.000   Torsion =     0.000
===============================================================================

| TI region  1


 NSTEP =     7000   TIME(PS) =      14.000  TEMP(K) =   256.81  PRESS =     0.0
 Etot   =     -5207.5381  EKtot   =       929.5633  EPtot      =     -6137.1014
 BOND   =         1.2582  ANGLE   =         1.3213  DIHED      =         0.8529
 1-4 NB =        12.4165  1-4 EEL =        -1.6945  VDWAALS    =      1023.2661
 EELEC  =     -7176.0719  EHBOND  =         0.0000  RESTRAINT  =         1.5500
 EAMBER (non-restraint)  =     -6138.6514
 DV/DL  =        -4.0563
 ------------------------------------------------------------------------------

  Softcore part of the system:       1 atoms,       TEMP(K)    =         394.72
 SC_Etot=         1.5263  SC_EKtot=         1.1766  SC_EPtot   =         0.3497
 SC_BOND=         0.0004  SC_ANGLE=         0.1713  SC_DIHED   =         0.1524
 SC_14NB=         0.0257  SC_14EEL=         0.0000  SC_VDW     =         0.0000
 SC_EEL =         0.0000
 SC_RES_DIST=     0.0000  SC_RES_ANG=       0.0000  SC_RES_TORS=         0.0000
 SC_EEL_DER=      0.0000  SC_VDW_DER=       0.3143  SC_DERIV   =         0.3143
 ------------------------------------------------------------------------------


| TI region  2


 NSTEP =     7000   TIME(PS) =      14.000  TEMP(K) =   256.56  PRESS =     0.0
 Etot   =     -5207.9142  EKtot   =       929.1872  EPtot      =     -6137.1014
 BOND   =         1.2582  ANGLE   =         1.3213  DIHED      =         0.8529
 1-4 NB =        12.4165  1-4 EEL =        -1.6945  VDWAALS    =      1023.2661
 EELEC  =     -7176.0719  EHBOND  =         0.0000  RESTRAINT  =         1.5500
 EAMBER (non-restraint)  =     -6138.6514
 DV/DL  =        -4.0563
 ------------------------------------------------------------------------------

  Softcore part of the system:       2 atoms,       TEMP(K)    =         161.12
 SC_Etot=         2.9757  SC_EKtot=         0.8004  SC_EPtot   =         2.1752
 SC_BOND=         0.0647  SC_ANGLE=         1.0272  SC_DIHED   =         0.7933
 SC_14NB=         0.2900  SC_14EEL=         0.0000  SC_VDW     =         0.0000
 SC_EEL =         0.0000
 SC_RES_DIST=     0.0000  SC_RES_ANG=       0.0000  SC_RES_TORS=         0.0000
 SC_EEL_DER=      0.0000  SC_VDW_DER=       0.3143  SC_DERIV   =         0.3143
 ------------------------------------------------------------------------------

 NMR restraints: Bond =    0.000   Angle =     0.000   Torsion =     0.000
===============================================================================

| TI region  1


 NSTEP =     8000   TIME(PS) =      16.000  TEMP(K) =   284.87  PRESS =     0.0
 Etot   =     -4835.8371  EKtot   =      1031.1217  EPtot      =     -5866.9588
 BOND   =         1.6365  ANGLE   =         2.9011  DIHED      =         1.6553
 1-4 NB =        12.0469  1-4 EEL =        -1.4767  VDWAALS    =       956.8498
 EELEC  =     -6843.8457  EHBOND  =         0.0000  RESTRAINT  =         3.2739
 EAMBER (non-restraint)  =     -5870.2327
 DV/DL  =        -1.5903
 ------------------------------------------------------------------------------

  Softcore part of the system:       1 atoms,       TEMP(K)    =         325.79
 SC_Etot=         1.5530  SC_EKtot=         0.9711  SC_EPtot   =         0.5819
 SC_BOND=         0.3442  SC_ANGLE=         0.0711  SC_DIHED   =         0.1716
 SC_14NB=        -0.0051  SC_14EEL=         0.0000  SC_VDW     =         0.0000
 SC_EEL =         0.0000
 SC_RES_DIST=     0.0000  SC_RES_ANG=       0.0000  SC_RES_TORS=         0.0000
 SC_EEL_DER=      0.0000  SC_VDW_DER=       0.3100  SC_DERIV   =         0.3100
 ------------------------------------------------------------------------------


| TI region  2


 NSTEP =     8000   TIME(PS) =      16.000  TEMP(K) =   284.90  PRESS =     0.0
 Etot   =     -4835.1424  EKtot   =      1031.8164  EPtot      =     -5866.9588
 BOND   =         1.6365  ANGLE   =         2.9011  DIHED      =         1.6553
 1-4 NB =        12.0469  1-4 EEL =        -1.4767  VDWAALS    =       956.8498
 EELEC  =     -6843.8457  EHBOND  =         0.0000  RESTRAINT  =         3.2739
 EAMBER (non-restraint)  =     -5870.2327
 DV/DL  =        -1.5903
 ------------------------------------------------------------------------------

  Softcore part of the system:       2 atoms,       TEMP(K)    =         335.31
 SC_Etot=         4.2013  SC_EKtot=         1.6658  SC_EPtot   =         2.5355
 SC_BOND=         0.0033  SC_ANGLE=         0.2438  SC_DIHED   =         2.2141
 SC_14NB=         0.0742  SC_14EEL=         0.0000  SC_VDW     =         0.0000
 SC_EEL =         0.0000
 SC_RES_DIST=     0.0000  SC_RES_ANG=       0.0000  SC_RES_TORS=         0.0000
 SC_EEL_DER=      0.0000  SC_VDW_DER=       0.3100  SC_DERIV   =         0.3100
 ------------------------------------------------------------------------------

 NMR restraints: Bond =    0.000   Angle =     0.000   Torsion =     0.000
===============================================================================

| TI region  1


 NSTEP =     9000   TIME(PS) =      18.000  TEMP(K) =   307.28  PRESS =     0.0
 Etot   =     -4626.5996  EKtot   =      1112.2411  EPtot      =     -5738.8407
 BOND   =         0.7458  ANGLE   =         2.2202  DIHED      =         0.6311
 1-4 NB =        13.7026  1-4 EEL =        -1.4410  VDWAALS    =       877.2635
 EELEC  =     -6632.9247  EHBOND  =         0.0000  RESTRAINT  =         0.9618
 EAMBER (non-restraint)  =     -5739.8026
 DV/DL  =        -5.9276
 ------------------------------------------------------------------------------

  Softcore part of the system:       1 atoms,       TEMP(K)    =         210.29
 SC_Etot=         1.6189  SC_EKtot=         0.6268  SC_EPtot   =         0.9921
 SC_BOND=         0.1405  SC_ANGLE=         0.2787  SC_DIHED   =         0.5770
 SC_14NB=        -0.0041  SC_14EEL=         0.0000  SC_VDW     =         0.0000
 SC_EEL =         0.0000
 SC_RES_DIST=     0.0000  SC_RES_ANG=       0.0000  SC_RES_TORS=         0.0000
 SC_EEL_DER=      0.0000  SC_VDW_DER=       0.0043  SC_DERIV   =         0.0043
 ------------------------------------------------------------------------------


| TI region  2


 NSTEP =     9000   TIME(PS) =      18.000  TEMP(K) =   307.20  PRESS =     0.0
 Etot   =     -4626.2790  EKtot   =      1112.5617  EPtot      =     -5738.8407
 BOND   =         0.7458  ANGLE   =         2.2202  DIHED      =         0.6311
 1-4 NB =        13.7026  1-4 EEL =        -1.4410  VDWAALS    =       877.2635
 EELEC  =     -6632.9247  EHBOND  =         0.0000  RESTRAINT  =         0.9618
 EAMBER (non-restraint)  =     -5739.8026
 DV/DL  =        -5.9276
 ------------------------------------------------------------------------------

  Softcore part of the system:       2 atoms,       TEMP(K)    =         190.71
 SC_Etot=         4.5338  SC_EKtot=         0.9474  SC_EPtot   =         3.5864
 SC_BOND=         0.3725  SC_ANGLE=         1.3643  SC_DIHED   =         1.7399
 SC_14NB=         0.1097  SC_14EEL=         0.0000  SC_VDW     =         0.0000
 SC_EEL =         0.0000
 SC_RES_DIST=     0.0000  SC_RES_ANG=       0.0000  SC_RES_TORS=         0.0000
 SC_EEL_DER=      0.0000  SC_VDW_DER=       0.0043  SC_DERIV   =         0.0043
 ------------------------------------------------------------------------------

 NMR restraints: Bond =    0.000   Angle =     0.000   Torsion =     0.000
===============================================================================

| TI region  1


 NSTEP =    10000   TIME(PS) =      20.000  TEMP(K) =   287.07  PRESS =     0.0
 Etot   =     -4700.4697  EKtot   =      1039.1162  EPtot      =     -5739.5859
 BOND   =         1.5834  ANGLE   =         3.0899  DIHED      =         0.8506
 1-4 NB =        12.0552  1-4 EEL =        -1.7789  VDWAALS    =       824.9307
 EELEC  =     -6583.0258  EHBOND  =         0.0000  RESTRAINT  =         2.7089
 EAMBER (non-restraint)  =     -5742.2948
 DV/DL  =         2.2560
 ------------------------------------------------------------------------------

  Softcore part of the system:       1 atoms,       TEMP(K)    =         317.58
 SC_Etot=         1.6987  SC_EKtot=         0.9466  SC_EPtot   =         0.7521
 SC_BOND=         0.4740  SC_ANGLE=         0.0609  SC_DIHED   =         0.1927
 SC_14NB=         0.0245  SC_14EEL=         0.0000  SC_VDW     =         0.0000
 SC_EEL =         0.0000
 SC_RES_DIST=     0.0000  SC_RES_ANG=       0.0000  SC_RES_TORS=         0.0000
 SC_EEL_DER=      0.0000  SC_VDW_DER=       1.7801  SC_DERIV   =         1.7801
 ------------------------------------------------------------------------------


| TI region  2


 NSTEP =    10000   TIME(PS) =      20.000  TEMP(K) =   287.19  PRESS =     0.0
 Etot   =     -4699.4813  EKtot   =      1040.1046  EPtot      =     -5739.5859
 BOND   =         1.5834  ANGLE   =         3.0899  DIHED      =         0.8506
 1-4 NB =        12.0552  1-4 EEL =        -1.7789  VDWAALS    =       824.9307
 EELEC  =     -6583.0258  EHBOND  =         0.0000  RESTRAINT  =         2.7089
 EAMBER (non-restraint)  =     -5742.2948
 DV/DL  =         2.2560
 ------------------------------------------------------------------------------

  Softcore part of the system:       2 atoms,       TEMP(K)    =         389.50
 SC_Etot=         4.1571  SC_EKtot=         1.9350  SC_EPtot   =         2.2221
 SC_BOND=         0.8053  SC_ANGLE=         0.8077  SC_DIHED   =         0.3452
 SC_14NB=         0.2638  SC_14EEL=         0.0000  SC_VDW     =         0.0000
 SC_EEL =         0.0000
 SC_RES_DIST=     0.0000  SC_RES_ANG=       0.0000  SC_RES_TORS=         0.0000
 SC_EEL_DER=      0.0000  SC_VDW_DER=       1.7801  SC_DERIV   =         1.7801
 ------------------------------------------------------------------------------

 NMR restraints: Bond =    0.000   Angle =     0.000   Torsion =     0.000
===============================================================================

| TI region  1


      A V E R A G E S   O V E R      10 S T E P S


 NSTEP =    10000   TIME(PS) =      20.000  TEMP(K) =   205.98  PRESS =     0.0
 Etot   =     -5637.5018  EKtot   =       745.5839  EPtot      =     -6383.0857
 BOND   =         1.4990  ANGLE   =         1.8372  DIHED      =         0.8119
 1-4 NB =        12.3798  1-4 EEL =        -1.5739  VDWAALS    =      1090.7262
 EELEC  =     -7490.1381  EHBOND  =         0.0000  RESTRAINT  =         1.3721
 EAMBER (non-restraint)  =     -6384.4578
 DV/DL  =        -1.8561
 ------------------------------------------------------------------------------

 NMR restraints: Bond =    0.000   Angle =     0.000   Torsion =     0.000
===============================================================================
  Softcore part of the system:       1 atoms,       TEMP(K)    =         230.00
 SC_Etot=         1.1464  SC_EKtot=         0.6856  SC_EPtot   =         0.4608
 SC_BOND=         0.1265  SC_ANGLE=         0.1635  SC_DIHED   =         0.1648
 SC_14NB=         0.0061  SC_14EEL=         0.0000  SC_VDW     =         0.0000
 SC_EEL =         0.0000
 SC_RES_DIST=     0.0000  SC_RES_ANG=       0.0000  SC_RES_TORS=         0.0000
 SC_EEL_DER=      0.0000  SC_VDW_DER=       0.2334  SC_DERIV   =         0.2334
 ------------------------------------------------------------------------------


      R M S  F L U C T U A T I O N S


 NSTEP =    10000   TIME(PS) =      20.000  TEMP(K) =    75.37  PRESS =     0.0
 Etot   =       733.0232  EKtot   =       272.8046  EPtot      =       463.5249
 BOND   =         0.5781  ANGLE   =         0.6717  DIHED      =         0.3819
 1-4 NB =         0.7375  1-4 EEL =         0.1308  VDWAALS    =       152.7439
 EELEC  =       610.3377  EHBOND  =         0.0000  RESTRAINT  =         0.9246
 EAMBER (non-restraint)  =       462.6003
 DV/DL  =         2.2799
 ------------------------------------------------------------------------------

  Softcore part of the system:       1 atoms,       TEMP(K)    =         109.01
 SC_Etot=         0.4169  SC_EKtot=         0.3249  SC_EPtot   =         0.2679
 SC_BOND=         0.1498  SC_ANGLE=         0.1744  SC_DIHED   =         0.1559
 SC_14NB=         0.0110  SC_14EEL=         0.0000  SC_VDW     =         0.0000
 SC_EEL =         0.0000
 SC_RES_DIST=     0.0000  SC_RES_ANG=       0.0000  SC_RES_TORS=         0.0000
 SC_EEL_DER=      0.0000  SC_VDW_DER=       0.5361  SC_DERIV   =         0.5361
 ------------------------------------------------------------------------------


| TI region  2


      A V E R A G E S   O V E R      10 S T E P S


 NSTEP =    10000   TIME(PS) =      20.000  TEMP(K) =   205.92  PRESS =     0.0
 Etot   =     -5637.3216  EKtot   =       745.7641  EPtot      =     -6383.0857
 BOND   =         1.4990  ANGLE   =         1.8372  DIHED      =         0.8119
 1-4 NB =        12.3798  1-4 EEL =        -1.5739  VDWAALS    =      1090.7262
 EELEC  =     -7490.1381  EHBOND  =         0.0000  RESTRAINT  =         1.3721
 EAMBER (non-restraint)  =     -6384.4578
 DV/DL  =        -1.8561
 ------------------------------------------------------------------------------

 NMR restraints: Bond =    0.000   Angle =     0.000   Torsion =     0.000
===============================================================================
  Softcore part of the system:       2 atoms,       TEMP(K)    =         174.27
 SC_Etot=         2.6919  SC_EKtot=         0.8658  SC_EPtot   =         1.8261
 SC_BOND=         0.2632  SC_ANGLE=         0.6670  SC_DIHED   =         0.7225
 SC_14NB=         0.1734  SC_14EEL=         0.0000  SC_VDW     =         0.0000
 SC_EEL =         0.0000
 SC_RES_DIST=     0.0000  SC_RES_ANG=       0.0000  SC_RES_TORS=         0.0000
 SC_EEL_DER=      0.0000  SC_VDW_DER=       0.2334  SC_DERIV   =         0.2334
 ------------------------------------------------------------------------------


      R M S  F L U C T U A T I O N S


 NSTEP =    10000   TIME(PS) =      20.000  TEMP(K) =    75.36  PRESS =     0.0
 Etot   =       733.1781  EKtot   =       272.9208  EPtot      =       463.5249
 BOND   =         0.5781  ANGLE   =         0.6717  DIHED      =         0.3819
 1-4 NB =         0.7375  1-4 EEL =         0.1308  VDWAALS    =       152.7439
 EELEC  =       610.3377  EHBOND  =         0.0000  RESTRAINT  =         0.9246
 EAMBER (non-restraint)  =       462.6003
 DV/DL  =         2.2799
 ------------------------------------------------------------------------------

  Softcore part of the system:       2 atoms,       TEMP(K)    =         100.67
 SC_Etot=         1.3295  SC_EKtot=         0.5001  SC_EPtot   =         0.9885
 SC_BOND=         0.2913  SC_ANGLE=         0.5372  SC_DIHED   =         0.6961
 SC_14NB=         0.0704  SC_14EEL=         0.0000  SC_VDW     =         0.0000
 SC_EEL =         0.0000
 SC_RES_DIST=     0.0000  SC_RES_ANG=       0.0000  SC_RES_TORS=         0.0000
 SC_EEL_DER=      0.0000  SC_VDW_DER=       0.5361  SC_DERIV   =         0.5361
 ------------------------------------------------------------------------------


      DV/DL, AVERAGES OVER      10 STEPS


 NSTEP =    10000   TIME(PS) =      20.000  TEMP(K) =    75.36  PRESS =     0.0
 Etot   =         0.0000  EKtot   =         0.0000  EPtot      =        -1.8561
 BOND   =         0.0000  ANGLE   =         0.0000  DIHED      =         0.0000
 1-4 NB =         0.0000  1-4 EEL =        -7.9860  VDWAALS    =        -1.6188
 EELEC  =         7.5152  EHBOND  =         0.0000  RESTRAINT  =         0.0000
 DV/DL  =        -1.8561
 ------------------------------------------------------------------------------


 NMR restraints on final step:

--------------------------------------------------------------------------------
   5.  TIMINGS
--------------------------------------------------------------------------------

|  NonSetup CPU Time in Major Routines:
|
|     Routine           Sec        %
|     ------------------------------
|     Nonbond           3.64   43.89
|     Bond              0.00    0.00
|     Angle             0.00    0.00
|     Dihedral          0.00    0.00
|     Shake             0.05    0.64
|     RunMD             4.57   55.16
|     Other             0.03    0.31
|     ------------------------------
|     Total             8.29

|  PME Nonbond Pairlist CPU Time:
|
|     Routine              Sec        %
|     ---------------------------------
|     Set Up Cit           0.00    0.00
|     Build List           0.00    0.00
|     ---------------------------------
|     Total                0.00    0.00

|  PME Direct Force CPU Time:
|
|     Routine              Sec        %
|     ---------------------------------
|     NonBonded Calc       0.00    0.00
|     Exclude Masked       0.00    0.00
|     Other                0.02    0.21
|     ---------------------------------
|     Total                0.02    0.21

|  PME Reciprocal Force CPU Time:
|
|     Routine              Sec        %
|     ---------------------------------
|     1D bspline           0.00    0.00
|     Grid Charges         0.00    0.00
|     Scalar Sum           0.00    0.00
|     Gradient Sum         0.00    0.00
|     FFT                  0.00    0.00
|     ---------------------------------
|     Total                0.00    0.00

|  Final Performance Info:
|     -----------------------------------------------------
|     Average timings for last   10000 steps:
|     Elapsed(s) =       8.29 Per Step(ms) =       0.83
|         ns/day =     208.42   seconds/ns =     414.55
|
|     Average timings for all steps:
|     Elapsed(s) =       8.29 Per Step(ms) =       0.83
|         ns/day =     208.42   seconds/ns =     414.55
|     -----------------------------------------------------

|  Setup CPU time:            1.11 seconds
|  NonSetup CPU time:         8.29 seconds
|  Total CPU time:            9.40 seconds     0.00 hours

|  Setup wall time:           3    seconds
|  NonSetup wall time:        8    seconds
|  Total wall time:          11    seconds     0.00 hours
