
          -------------------------------------------------------
          Amber 18 PMEMD                              2018
          -------------------------------------------------------

| PMEMD implementation of SANDER, Release 18

| Run on 06/25/2018 at 17:09:28

|   Executable path: /home/uv10/amber/bin/pmemd.MPI
| Working directory: /home/uv10/tutorials-amber/A9/ligand/pmemd/free_energy/complex/recharge/0.2
|          Hostname: Unknown
  [-O]verwriting output

File Assignments:
|   MDIN: heat.in                                                               
|  MDOUT: heat.out                                                              
| INPCRD: ti.rst7                                                               
|   PARM: ti.parm7                                                              
| RESTRT: heat.rst7                                                             
|   REFC: ti.rst7                                                               
|  MDVEL: mdvel                                                                 
|   MDEN: heat.en                                                               
|  MDCRD: heat.nc                                                               
| MDINFO: heat.info                                                             
|LOGFILE: heat.log                                                              
|  MDFRC: mdfrc                                                                 


 Here is the input file:

heating                                                                        
 &cntrl                                                                        
   imin = 0, nstlim = 10000, irest = 0, ntx = 1, dt = 0.002,                   
   ntt = 1, temp0 = 300.0, tempi = 50.0, tautp = 1.0,                          
   ntc = 2, ntf = 1,                                                           
   ntb = 1,                                                                    
   ioutfm = 1, iwrap = 1,                                                      
   ntwe = 1000, ntwx = 1000, ntpr = 1000, ntwr = 5000,                         
                                                                               
   nmropt = 1,                                                                 
   ntr = 1, restraint_wt = 5.00,                                               
   restraintmask='!:WAT & !@H=',                                               
                                                                               
   icfe = 1, clambda = 0.2, scalpha = 0.5, scbeta = 12.0,                      
   logdvdl = 0,                                                                
   timask1 = ':1', timask2 = ':2',                                             
   ifsc = 0, crgmask = ':1@O1,H6',                                             
 /                                                                             
                                                                               
 &ewald                                                                        
 /                                                                             
                                                                               
 &wt                                                                           
   type='TEMP0',                                                               
   istep1 = 0, istep2 = 8000,                                                  
   value1 = 50.0, value2 = 300.0                                               
 /                                                                             
                                                                               
 &wt type = 'END'                                                              
 /                                                                             
                                                                               


Note: ig = -1. Setting random seed to    78258 based on wallclock time in
      microseconds and disabling the synchronization of random numbers 
      between tasks to improve performance.
| irandom = 1, using AMBER's internal random number generator (default).
 
 
| Conditional Compilation Defines Used:
| MPI
| PUBFFT
| BINTRAJ
| EMIL

| Largest sphere to fit in unit cell has radius =    34.263

| New format PARM file being parsed.
| Version =    1.000 Date = 06/20/18 Time = 14:05:14

| Note: 1-4 EEL scale factors are being read from the topology file.

| Note: 1-4 VDW scale factors are being read from the topology file.
| Duplicated    0 dihedrals

| Duplicated    0 dihedrals

--------------------------------------------------------------------------------
   1.  RESOURCE   USE: 
--------------------------------------------------------------------------------

 getting new box info from bottom of inpcrd
 NATOM  =   30554 NTYPES =      17 NBONH =   29246 MBONA  =    1324
 NTHETH =    2991 MTHETA =    1781 NPHIH =    6074 MPHIA  =    5537
 NHPARM =       0 NPARM  =       0 NNB   =   51648 NRES   =    9475
 NBONA  =    1324 NTHETA =    1781 NPHIA =    5537 NUMBND =      69
 NUMANG =     153 NPTRA  =     180 NATYP =      38 NPHB   =       1
 IFBOX  =       1 NMXRS  =      24 IFCAP =       0 NEXTRA =       0
 NCOPY  =       0

| Coordinate Index Table dimensions:    13   14   16
| Direct force subcell size =     5.2712    5.2028    5.0854

     BOX TYPE: RECTILINEAR

--------------------------------------------------------------------------------
   2.  CONTROL  DATA  FOR  THE  RUN
--------------------------------------------------------------------------------

default_name                                                                    

General flags:
     imin    =       0, nmropt  =       1

Nature and format of input:
     ntx     =       1, irest   =       0, ntrx    =       1

Nature and format of output:
     ntxo    =       2, ntpr    =    1000, ntrx    =       1, ntwr    =    5000
     iwrap   =       1, ntwx    =    1000, ntwv    =       0, ntwe    =    1000
     ioutfm  =       1, ntwprt  =       0, idecomp =       0, rbornstat=      0

Potential function:
     ntf     =       1, ntb     =       1, igb     =       0, nsnb    =      25
     ipol    =       0, gbsa    =       0, iesp    =       0
     dielc   =   1.00000, cut     =   8.00000, intdiel =   1.00000

Frozen or restrained atoms:
     ibelly  =       0, ntr     =       1
     restraint_wt =   5.00000

Molecular dynamics:
     nstlim  =     10000, nscm    =         0, nrespa  =         1
     t       =   0.00000, dt      =   0.00200, vlimit  =  20.00000

Berendsen (weak-coupling) temperature regulation:
     temp0   = 300.00000, tempi   =  50.00000, tautp   =   1.00000

SHAKE:
     ntc     =       2, jfastw  =       0
     tol     =   0.00001

NMR refinement options:
     iscale  =       0, noeskp  =       1, ipnlty  =       1, mxsub   =       1
     scalm   = 100.00000, pencut  =   0.10000, tausw   =   0.10000

Free energy options:
     icfe    =       1, ifsc    =       0, klambda =       1
     clambda =  0.2000, scalpha =  0.5000, scbeta  = 12.0000
     sceeorder =       2
     dynlmb =  0.0000 logdvdl =       0

| Intermolecular bonds treatment:
|     no_intermolecular_bonds =       1

| Energy averages sample interval:
|     ene_avg_sampling =    1000

Ewald parameters:
     verbose =       0, ew_type =       0, nbflag  =       1, use_pme =       1
     vdwmeth =       1, eedmeth =       1, netfrc  =       1
     Box X =   68.526   Box Y =   72.839   Box Z =   81.366
     Alpha =   90.000   Beta  =   90.000   Gamma =   90.000
     NFFT1 =   72       NFFT2 =   75       NFFT3 =   90
     Cutoff=    8.000   Tol   =0.100E-04
     Ewald Coefficient =  0.34864
     Interpolation order =    4

| PMEMD ewald parallel performance parameters:
|     block_fft =    0
|     fft_blk_y_divisor =    2
|     excl_recip =    0
|     excl_master =    0
|     atm_redist_freq =  320

    LOADING THE CONSTRAINED ATOMS AS GROUPS


   5.  REFERENCE ATOM COORDINATES

  default_name                                                                    
     Mask !:WAT & !@H=; matches  1308 atoms
     TI Mask 1 :1; matches     13 atoms
     TI Mask 2 :2; matches     13 atoms
     TI region 1:   30541 atoms
     TI region 2:   30541 atoms
Removing charge of      -0.5539 from atom      12
Removing charge of       0.3791 from atom      13
Total charge of  -0.17486000 removed from       2 atoms
     Checking for mismatched coordinates.

--------------------------------------------------------------------------------
   3.  ATOMIC COORDINATES AND VELOCITIES
--------------------------------------------------------------------------------

default_name                                                                    
 begin time read from input coords =     0.000 ps



           Begin reading energy term weight changes/NMR restraints
 WEIGHT CHANGES:
 TEMP0         0   8000   50.000000  300.000000      0      0

 RESTRAINTS:
                          ** No restraint defined **

                  Done reading weight changes/NMR restraints


 
 Number of triangulated 3-point waters found:     9307

     Sum of charges for TI region  1 =   0.17526093
     Assuming uniform neutralizing plasma


     Sum of charges for TI region  2 =   0.00040093
     Forcing neutrality...

| Dynamic Memory, Types Used:
| Reals             1929170
| Integers          1696152

| Nonbonded Pairs Initial Allocation:     1741578

| Running AMBER/MPI version on    4 MPI task

 
--------------------------------------------------------------------------------
   4.  RESULTS
--------------------------------------------------------------------------------

 ---------------------------------------------------
 APPROXIMATING switch and d/dx switch using CUBIC SPLINE INTERPOLATION
 using   5000.0 points per unit in tabled values
 TESTING RELATIVE ERROR over r ranging from 0.0 to cutoff
| CHECK switch(x): max rel err =   0.2738E-14   at   2.422500
| CHECK d/dx switch(x): max rel err =   0.8332E-11   at   2.782960
 ---------------------------------------------------
|---------------------------------------------------
| APPROXIMATING direct energy using CUBIC SPLINE INTERPOLATION
|  with   50.0 points per unit in tabled values
| Relative Error Limit not exceeded for r .gt.   2.47
| APPROXIMATING direct force using CUBIC SPLINE INTERPOLATION
|  with   50.0 points per unit in tabled values
| Relative Error Limit not exceeded for r .gt.   2.89
|---------------------------------------------------

| TI region  1


 NSTEP =        0   TIME(PS) =       0.000  TEMP(K) =    73.97  PRESS =     0.0
 Etot   =    -81407.4621  EKtot   =      4584.6715  EPtot      =    -85992.1336
 BOND   =       394.1853  ANGLE   =      1084.4836  DIHED      =      2037.1346
 1-4 NB =       613.1242  1-4 EEL =      6000.6207  VDWAALS    =     11024.3192
 EELEC  =   -107146.0012  EHBOND  =         0.0000  RESTRAINT  =         0.0000
 DV/DL  =       -33.9324
 Ewald error estimate:   0.4266E-04
 ------------------------------------------------------------------------------


| TI region  2


 NSTEP =        0   TIME(PS) =       0.000  TEMP(K) =    73.97  PRESS =     0.0
 Etot   =    -81407.4621  EKtot   =      4584.6715  EPtot      =    -85992.1336
 BOND   =       394.1853  ANGLE   =      1084.4836  DIHED      =      2037.1346
 1-4 NB =       613.1242  1-4 EEL =      6000.6207  VDWAALS    =     11024.3192
 EELEC  =   -107146.0012  EHBOND  =         0.0000  RESTRAINT  =         0.0000
 DV/DL  =       -33.9324
 Ewald error estimate:   0.4266E-04
 ------------------------------------------------------------------------------

 NMR restraints: Bond =    0.000   Angle =     0.000   Torsion =     0.000
===============================================================================

| TI region  1


 NSTEP =     1000   TIME(PS) =       2.000  TEMP(K) =   148.14  PRESS =     0.0
 Etot   =    -96391.9007  EKtot   =      9182.1385  EPtot      =   -105574.0392
 BOND   =       203.6309  ANGLE   =       515.3244  DIHED      =      1881.9044
 1-4 NB =       566.2964  1-4 EEL =      5959.3477  VDWAALS    =     16984.5824
 EELEC  =   -131817.2131  EHBOND  =         0.0000  RESTRAINT  =       132.0878
 EAMBER (non-restraint)  =   -105706.1270
 DV/DL  =       -32.1714
 Ewald error estimate:   0.9451E-04
 ------------------------------------------------------------------------------


| TI region  2


 NSTEP =     1000   TIME(PS) =       2.000  TEMP(K) =   148.14  PRESS =     0.0
 Etot   =    -96391.9007  EKtot   =      9182.1385  EPtot      =   -105574.0392
 BOND   =       203.6309  ANGLE   =       515.3244  DIHED      =      1881.9044
 1-4 NB =       566.2964  1-4 EEL =      5959.3477  VDWAALS    =     16984.5824
 EELEC  =   -131817.2131  EHBOND  =         0.0000  RESTRAINT  =       132.0878
 EAMBER (non-restraint)  =   -105706.1270
 DV/DL  =       -32.1714
 Ewald error estimate:   0.9451E-04
 ------------------------------------------------------------------------------

 NMR restraints: Bond =    0.000   Angle =     0.000   Torsion =     0.000
===============================================================================

| TI region  1


 NSTEP =     2000   TIME(PS) =       4.000  TEMP(K) =   124.40  PRESS =     0.0
 Etot   =   -100817.9654  EKtot   =      7710.4779  EPtot      =   -108528.4434
 BOND   =       173.5854  ANGLE   =       479.7736  DIHED      =      1863.7303
 1-4 NB =       561.5356  1-4 EEL =      5983.6102  VDWAALS    =     17634.1543
 EELEC  =   -135360.8070  EHBOND  =         0.0000  RESTRAINT  =       135.9742
 EAMBER (non-restraint)  =   -108664.4175
 DV/DL  =       -31.3640
 Ewald error estimate:   0.1861E-03
 ------------------------------------------------------------------------------


| TI region  2


 NSTEP =     2000   TIME(PS) =       4.000  TEMP(K) =   124.40  PRESS =     0.0
 Etot   =   -100817.9654  EKtot   =      7710.4779  EPtot      =   -108528.4434
 BOND   =       173.5854  ANGLE   =       479.7736  DIHED      =      1863.7303
 1-4 NB =       561.5356  1-4 EEL =      5983.6102  VDWAALS    =     17634.1543
 EELEC  =   -135360.8070  EHBOND  =         0.0000  RESTRAINT  =       135.9742
 EAMBER (non-restraint)  =   -108664.4175
 DV/DL  =       -31.3640
 Ewald error estimate:   0.1861E-03
 ------------------------------------------------------------------------------

 NMR restraints: Bond =    0.000   Angle =     0.000   Torsion =     0.000
===============================================================================

| TI region  1


 NSTEP =     3000   TIME(PS) =       6.000  TEMP(K) =   130.37  PRESS =     0.0
 Etot   =   -100482.1146  EKtot   =      8080.9072  EPtot      =   -108563.0218
 BOND   =       174.0220  ANGLE   =       502.9410  DIHED      =      1877.1315
 1-4 NB =       567.3448  1-4 EEL =      5983.0892  VDWAALS    =     17555.2250
 EELEC  =   -135359.8490  EHBOND  =         0.0000  RESTRAINT  =       137.0737
 EAMBER (non-restraint)  =   -108700.0955
 DV/DL  =       -32.5324
 Ewald error estimate:   0.2238E-03
 ------------------------------------------------------------------------------


| TI region  2


 NSTEP =     3000   TIME(PS) =       6.000  TEMP(K) =   130.37  PRESS =     0.0
 Etot   =   -100482.1146  EKtot   =      8080.9072  EPtot      =   -108563.0218
 BOND   =       174.0220  ANGLE   =       502.9410  DIHED      =      1877.1315
 1-4 NB =       567.3448  1-4 EEL =      5983.0892  VDWAALS    =     17555.2250
 EELEC  =   -135359.8490  EHBOND  =         0.0000  RESTRAINT  =       137.0737
 EAMBER (non-restraint)  =   -108700.0955
 DV/DL  =       -32.5324
 Ewald error estimate:   0.2238E-03
 ------------------------------------------------------------------------------

 NMR restraints: Bond =    0.000   Angle =     0.000   Torsion =     0.000
===============================================================================

| TI region  1


 NSTEP =     4000   TIME(PS) =       8.000  TEMP(K) =   150.44  PRESS =     0.0
 Etot   =    -97992.8600  EKtot   =      9324.4893  EPtot      =   -107317.3493
 BOND   =       211.9304  ANGLE   =       568.3241  DIHED      =      1896.7410
 1-4 NB =       563.0708  1-4 EEL =      5949.3529  VDWAALS    =     17360.7759
 EELEC  =   -134035.7701  EHBOND  =         0.0000  RESTRAINT  =       168.2256
 EAMBER (non-restraint)  =   -107485.5749
 DV/DL  =       -32.5258
 Ewald error estimate:   0.1786E-03
 ------------------------------------------------------------------------------


| TI region  2


 NSTEP =     4000   TIME(PS) =       8.000  TEMP(K) =   150.44  PRESS =     0.0
 Etot   =    -97992.8600  EKtot   =      9324.4893  EPtot      =   -107317.3493
 BOND   =       211.9304  ANGLE   =       568.3241  DIHED      =      1896.7410
 1-4 NB =       563.0708  1-4 EEL =      5949.3529  VDWAALS    =     17360.7759
 EELEC  =   -134035.7701  EHBOND  =         0.0000  RESTRAINT  =       168.2256
 EAMBER (non-restraint)  =   -107485.5749
 DV/DL  =       -32.5258
 Ewald error estimate:   0.1786E-03
 ------------------------------------------------------------------------------

 NMR restraints: Bond =    0.000   Angle =     0.000   Torsion =     0.000
===============================================================================

| TI region  1


 NSTEP =     5000   TIME(PS) =      10.000  TEMP(K) =   174.94  PRESS =     0.0
 Etot   =    -94448.6635  EKtot   =     10843.6318  EPtot      =   -105292.2953
 BOND   =       224.0543  ANGLE   =       649.4256  DIHED      =      1917.8390
 1-4 NB =       572.6464  1-4 EEL =      5982.0697  VDWAALS    =     16578.7598
 EELEC  =   -131383.3124  EHBOND  =         0.0000  RESTRAINT  =       166.2225
 EAMBER (non-restraint)  =   -105458.5177
 DV/DL  =       -32.7216
 Ewald error estimate:   0.1926E-03
 ------------------------------------------------------------------------------


| TI region  2


 NSTEP =     5000   TIME(PS) =      10.000  TEMP(K) =   174.94  PRESS =     0.0
 Etot   =    -94448.6635  EKtot   =     10843.6318  EPtot      =   -105292.2953
 BOND   =       224.0543  ANGLE   =       649.4256  DIHED      =      1917.8390
 1-4 NB =       572.6464  1-4 EEL =      5982.0697  VDWAALS    =     16578.7598
 EELEC  =   -131383.3124  EHBOND  =         0.0000  RESTRAINT  =       166.2225
 EAMBER (non-restraint)  =   -105458.5177
 DV/DL  =       -32.7216
 Ewald error estimate:   0.1926E-03
 ------------------------------------------------------------------------------

 NMR restraints: Bond =    0.000   Angle =     0.000   Torsion =     0.000
===============================================================================

| TI region  1


 NSTEP =     6000   TIME(PS) =      12.000  TEMP(K) =   201.64  PRESS =     0.0
 Etot   =    -90279.8873  EKtot   =     12498.1834  EPtot      =   -102778.0706
 BOND   =       298.0301  ANGLE   =       746.5140  DIHED      =      1948.2377
 1-4 NB =       579.4463  1-4 EEL =      5959.5404  VDWAALS    =     15670.1222
 EELEC  =   -128174.3891  EHBOND  =         0.0000  RESTRAINT  =       194.4278
 EAMBER (non-restraint)  =   -102972.4984
 DV/DL  =       -30.8373
 Ewald error estimate:   0.7162E-04
 ------------------------------------------------------------------------------


| TI region  2


 NSTEP =     6000   TIME(PS) =      12.000  TEMP(K) =   201.64  PRESS =     0.0
 Etot   =    -90279.8873  EKtot   =     12498.1834  EPtot      =   -102778.0706
 BOND   =       298.0301  ANGLE   =       746.5140  DIHED      =      1948.2377
 1-4 NB =       579.4463  1-4 EEL =      5959.5404  VDWAALS    =     15670.1222
 EELEC  =   -128174.3891  EHBOND  =         0.0000  RESTRAINT  =       194.4278
 EAMBER (non-restraint)  =   -102972.4984
 DV/DL  =       -30.8373
 Ewald error estimate:   0.7162E-04
 ------------------------------------------------------------------------------

 NMR restraints: Bond =    0.000   Angle =     0.000   Torsion =     0.000
===============================================================================

| TI region  1


 NSTEP =     7000   TIME(PS) =      14.000  TEMP(K) =   227.22  PRESS =     0.0
 Etot   =    -85637.8413  EKtot   =     14083.9894  EPtot      =    -99721.8307
 BOND   =       321.1139  ANGLE   =       884.9943  DIHED      =      1985.8818
 1-4 NB =       592.3916  1-4 EEL =      5949.8589  VDWAALS    =     14757.3777
 EELEC  =   -124432.8702  EHBOND  =         0.0000  RESTRAINT  =       219.4214
 EAMBER (non-restraint)  =    -99941.2522
 DV/DL  =       -31.8344
 Ewald error estimate:   0.1656E-05
 ------------------------------------------------------------------------------


| TI region  2


 NSTEP =     7000   TIME(PS) =      14.000  TEMP(K) =   227.22  PRESS =     0.0
 Etot   =    -85637.8413  EKtot   =     14083.9894  EPtot      =    -99721.8307
 BOND   =       321.1139  ANGLE   =       884.9943  DIHED      =      1985.8818
 1-4 NB =       592.3916  1-4 EEL =      5949.8589  VDWAALS    =     14757.3777
 EELEC  =   -124432.8702  EHBOND  =         0.0000  RESTRAINT  =       219.4214
 EAMBER (non-restraint)  =    -99941.2522
 DV/DL  =       -31.8344
 Ewald error estimate:   0.1656E-05
 ------------------------------------------------------------------------------

 NMR restraints: Bond =    0.000   Angle =     0.000   Torsion =     0.000
===============================================================================

| TI region  1


 NSTEP =     8000   TIME(PS) =      16.000  TEMP(K) =   255.66  PRESS =     0.0
 Etot   =    -80453.9713  EKtot   =     15846.4462  EPtot      =    -96300.4176
 BOND   =       389.6014  ANGLE   =       953.8538  DIHED      =      1992.6284
 1-4 NB =       605.6861  1-4 EEL =      5977.2379  VDWAALS    =     13457.5191
 EELEC  =   -119924.8169  EHBOND  =         0.0000  RESTRAINT  =       247.8727
 EAMBER (non-restraint)  =    -96548.2903
 DV/DL  =       -31.5469
 Ewald error estimate:   0.1114E-03
 ------------------------------------------------------------------------------


| TI region  2


 NSTEP =     8000   TIME(PS) =      16.000  TEMP(K) =   255.66  PRESS =     0.0
 Etot   =    -80453.9713  EKtot   =     15846.4462  EPtot      =    -96300.4176
 BOND   =       389.6014  ANGLE   =       953.8538  DIHED      =      1992.6284
 1-4 NB =       605.6861  1-4 EEL =      5977.2379  VDWAALS    =     13457.5191
 EELEC  =   -119924.8169  EHBOND  =         0.0000  RESTRAINT  =       247.8727
 EAMBER (non-restraint)  =    -96548.2903
 DV/DL  =       -31.5469
 Ewald error estimate:   0.1114E-03
 ------------------------------------------------------------------------------

 NMR restraints: Bond =    0.000   Angle =     0.000   Torsion =     0.000
===============================================================================

| TI region  1


 NSTEP =     9000   TIME(PS) =      18.000  TEMP(K) =   274.64  PRESS =     0.0
 Etot   =    -76312.0378  EKtot   =     17022.8887  EPtot      =    -93334.9265
 BOND   =       432.4491  ANGLE   =      1066.4228  DIHED      =      2006.8346
 1-4 NB =       599.7977  1-4 EEL =      5926.0643  VDWAALS    =     12198.8547
 EELEC  =   -115815.6668  EHBOND  =         0.0000  RESTRAINT  =       250.3172
 EAMBER (non-restraint)  =    -93585.2437
 DV/DL  =       -32.2140
 Ewald error estimate:   0.3817E-04
 ------------------------------------------------------------------------------


| TI region  2


 NSTEP =     9000   TIME(PS) =      18.000  TEMP(K) =   274.64  PRESS =     0.0
 Etot   =    -76312.0378  EKtot   =     17022.8887  EPtot      =    -93334.9265
 BOND   =       432.4491  ANGLE   =      1066.4228  DIHED      =      2006.8346
 1-4 NB =       599.7977  1-4 EEL =      5926.0643  VDWAALS    =     12198.8547
 EELEC  =   -115815.6668  EHBOND  =         0.0000  RESTRAINT  =       250.3172
 EAMBER (non-restraint)  =    -93585.2437
 DV/DL  =       -32.2140
 Ewald error estimate:   0.3817E-04
 ------------------------------------------------------------------------------

 NMR restraints: Bond =    0.000   Angle =     0.000   Torsion =     0.000
===============================================================================

| TI region  1


 NSTEP =    10000   TIME(PS) =      20.000  TEMP(K) =   285.83  PRESS =     0.0
 Etot   =    -74126.8969  EKtot   =     17716.8321  EPtot      =    -91843.7290
 BOND   =       427.4955  ANGLE   =      1173.9731  DIHED      =      2032.4281
 1-4 NB =       628.2647  1-4 EEL =      5965.2693  VDWAALS    =     11971.8559
 EELEC  =   -114289.2602  EHBOND  =         0.0000  RESTRAINT  =       246.2447
 EAMBER (non-restraint)  =    -92089.9737
 DV/DL  =       -31.7383
 Ewald error estimate:   0.9248E-04
 ------------------------------------------------------------------------------


| TI region  2


 NSTEP =    10000   TIME(PS) =      20.000  TEMP(K) =   285.83  PRESS =     0.0
 Etot   =    -74126.8969  EKtot   =     17716.8321  EPtot      =    -91843.7290
 BOND   =       427.4955  ANGLE   =      1173.9731  DIHED      =      2032.4281
 1-4 NB =       628.2647  1-4 EEL =      5965.2693  VDWAALS    =     11971.8559
 EELEC  =   -114289.2602  EHBOND  =         0.0000  RESTRAINT  =       246.2447
 EAMBER (non-restraint)  =    -92089.9737
 DV/DL  =       -31.7383
 Ewald error estimate:   0.9248E-04
 ------------------------------------------------------------------------------

 NMR restraints: Bond =    0.000   Angle =     0.000   Torsion =     0.000
===============================================================================

| TI region  1


      A V E R A G E S   O V E R      10 S T E P S


 NSTEP =    10000   TIME(PS) =      20.000  TEMP(K) =   197.33  PRESS =     0.0
 Etot   =    -89694.4139  EKtot   =     12230.9985  EPtot      =   -101925.4123
 BOND   =       285.5913  ANGLE   =       754.1547  DIHED      =      1940.3357
 1-4 NB =       583.6480  1-4 EEL =      5963.5440  VDWAALS    =     15416.9227
 EELEC  =   -127059.3955  EHBOND  =         0.0000  RESTRAINT  =       189.7868
 EAMBER (non-restraint)  =   -102115.1991
 DV/DL  =       -31.9486
 Ewald error estimate:   0.1191E-03
 ------------------------------------------------------------------------------

 NMR restraints: Bond =    0.000   Angle =     0.000   Torsion =     0.000
===============================================================================

      R M S  F L U C T U A T I O N S


 NSTEP =    10000   TIME(PS) =      20.000  TEMP(K) =    57.49  PRESS =     0.0
 Etot   =      9487.1030  EKtot   =      3563.1377  EPtot      =      5950.1209
 BOND   =        97.3971  ANGLE   =       239.1130  DIHED      =        57.8433
 1-4 NB =        21.0512  1-4 EEL =        17.7353  VDWAALS    =      2088.9533
 EELEC  =      7591.8094  EHBOND  =         0.0000  RESTRAINT  =        45.9880
 EAMBER (non-restraint)  =      5904.1329
 DV/DL  =         0.5645
 Ewald error estimate:   0.6954E-04
 ------------------------------------------------------------------------------


| TI region  2


      A V E R A G E S   O V E R      10 S T E P S


 NSTEP =    10000   TIME(PS) =      20.000  TEMP(K) =   197.33  PRESS =     0.0
 Etot   =    -89694.4139  EKtot   =     12230.9985  EPtot      =   -101925.4123
 BOND   =       285.5913  ANGLE   =       754.1547  DIHED      =      1940.3357
 1-4 NB =       583.6480  1-4 EEL =      5963.5440  VDWAALS    =     15416.9227
 EELEC  =   -127059.3955  EHBOND  =         0.0000  RESTRAINT  =       189.7868
 EAMBER (non-restraint)  =   -102115.1991
 DV/DL  =       -31.9486
 Ewald error estimate:   0.1191E-03
 ------------------------------------------------------------------------------

 NMR restraints: Bond =    0.000   Angle =     0.000   Torsion =     0.000
===============================================================================

      R M S  F L U C T U A T I O N S


 NSTEP =    10000   TIME(PS) =      20.000  TEMP(K) =    57.49  PRESS =     0.0
 Etot   =      9487.1030  EKtot   =      3563.1377  EPtot      =      5950.1209
 BOND   =        97.3971  ANGLE   =       239.1130  DIHED      =        57.8433
 1-4 NB =        21.0512  1-4 EEL =        17.7353  VDWAALS    =      2088.9533
 EELEC  =      7591.8094  EHBOND  =         0.0000  RESTRAINT  =        45.9880
 EAMBER (non-restraint)  =      5904.1329
 DV/DL  =         0.5645
 Ewald error estimate:   0.6954E-04
 ------------------------------------------------------------------------------


      DV/DL, AVERAGES OVER      10 STEPS


 NSTEP =    10000   TIME(PS) =      20.000  TEMP(K) =    57.49  PRESS =     0.0
 Etot   =         0.0000  EKtot   =         0.0000  EPtot      =       -31.9486
 BOND   =        -0.0000  ANGLE   =         0.0000  DIHED      =        -0.0000
 1-4 NB =        -0.0000  1-4 EEL =       -38.7263  VDWAALS    =         0.0000
 EELEC  =         6.7777  EHBOND  =         0.0000  RESTRAINT  =         0.0000
 EAMBER (non-restraint)  =       -31.9486
 DV/DL  =       -31.9486
 Ewald error estimate:   0.0000E+00
 ------------------------------------------------------------------------------


 NMR restraints on final step:

--------------------------------------------------------------------------------
   5.  TIMINGS
--------------------------------------------------------------------------------

|  NonSetup CPU Time in Major Routines, Average for All Tasks:
|
|     Routine           Sec        %
|     ------------------------------
|     DataDistrib      35.31    4.74
|     Nonbond         674.30   90.61
|     Bond              2.75    0.37
|     Angle             1.71    0.23
|     Dihedral          9.72    1.31
|     Shake             4.15    0.56
|     RunMD            16.16    2.17
|     Other             0.09    0.01
|     ------------------------------
|     Total           744.17

|  PME Nonbond Pairlist CPU Time, Average for All Tasks:
|
|     Routine              Sec        %
|     ---------------------------------
|     Set Up Cit           1.28    0.17
|     Build List          42.34    5.69
|     ---------------------------------
|     Total               43.63    5.86

|  PME Direct Force CPU Time, Average for All Tasks:
|
|     Routine              Sec        %
|     ---------------------------------
|     NonBonded Calc     244.28   32.83
|     Exclude Masked      13.55    1.82
|     Other               30.86    4.15
|     ---------------------------------
|     Total              288.69   38.79

|  PME Reciprocal Force CPU Time, Average for All Tasks:
|
|     Routine              Sec        %
|     ---------------------------------
|     1D bspline          26.57    3.57
|     Grid Charges        39.88    5.36
|     Scalar Sum           6.68    0.90
|     Gradient Sum        49.74    6.68
|     FFT                219.08   29.44
|     ---------------------------------
|     Total              341.95   45.95

|  PME Load Balancing CPU Time, Average for All Tasks:
|
|     Routine                 Sec        %
|     ------------------------------------
|     Atom Reassign           0.00    0.00
|     Image Reassign          0.01    0.00
|     FFT Reassign            0.00    0.00
|     ------------------------------------
|     Total                   0.02    0.00

|  Final Performance Info:
|     -----------------------------------------------------
|     Average timings for last       1 steps:
|     Elapsed(s) =       0.00 Per Step(ms) =       0.57
|         ns/day =     305.34   seconds/ns =     282.96
|
|     Average timings for all steps:
|     Elapsed(s) =     753.21 Per Step(ms) =      75.32
|         ns/day =       2.29   seconds/ns =   37660.50
|     -----------------------------------------------------

|  Master Setup CPU time:            0.32 seconds
|  Master NonSetup CPU time:       738.52 seconds
|  Master Total CPU time:          738.84 seconds     0.21 hours

|  Master Setup wall time:           0    seconds
|  Master NonSetup wall time:      754    seconds
|  Master Total wall time:         754    seconds     0.21 hours
