
          -------------------------------------------------------
          Amber 16 PMEMD                              2016
          -------------------------------------------------------

| PMEMD implementation of SANDER, Release 16

| Run on 02/28/2019 at 05:58:17

|   Executable path: /opt/amber/bin/pmemd.cuda
| Working directory: /mnt/part2/home/meister/runjobs
|          Hostname: Unknown
  [-O]verwriting output

File Assignments:
|   MDIN: AA-AB/complex/recharge/0.400/heat.in                                  
|  MDOUT: AA-AB/complex/recharge/0.400/heat.out.tmp                             
| INPCRD: AA-AB/complex/recharge/recharge.rst7                                  
|   PARM: AA-AB/complex/recharge/recharge.parm7                                 
| RESTRT: AA-AB/complex/recharge/0.400/heat.rst7.tmp                            
|   REFC: AA-AB/complex/recharge/recharge.rst7                                  
|  MDVEL: mdvel                                                                 
|   MDEN: AA-AB/complex/recharge/0.400/heat.en.tmp                              
|  MDCRD: AA-AB/complex/recharge/0.400/heat.nc.tmp                              
| MDINFO: AA-AB/complex/recharge/0.400/heat.info.tmp                            
|  MDFRC: mdfrc                                                                 


 Here is the input file:

heating                                                                        
 &cntrl                                                                        
   imin = 0, nstlim = 10000, irest = 0, ntx = 1, dt = 0.002,                   
   ntt = 3, temp0 = 300.0, gamma_ln = 2.0, ig = -1,                            
   tempi = 50.0, tautp = 1.0,                                                  
   vlimit = 20,                                                                
   ntc = 2, ntf = 1,                                                           
   ntb = 1,                                                                    
   ioutfm = 1, iwrap = 1,                                                      
   ntwe = 1000, ntwx = 1000, ntpr = 1000, ntwr = 5000,                         
                                                                               
   nmropt = 1,                                                                 
   ntr = 1, restraint_wt = 5.00,                                               
   restraintmask='!:WAT & !@H=',                                               
                                                                               
   icfe = 1, clambda = 0.400, scalpha = 0.5, scbeta = 12.0,                    
   logdvdl = 0,                                                                
   timask1 = ':1', timask2 = ':2',                                             
   ifsc = 0, CRGMASK = ':1@H7'                                                 
 /                                                                             
                                                                               
 &ewald                                                                        
 /                                                                             
                                                                               
 &wt                                                                           
   type='TEMP0',                                                               
   istep1 = 0, istep2 = 8000,                                                  
   value1 = 50.0, value2 = 300.0                                               
 /                                                                             
                                                                               
 &wt type = 'END'                                                              
 /                                                                             


Note: ig = -1. Setting random seed to   596181 based on wallclock time in 
      microseconds.
| irandom = 1, using AMBER's internal random number generator (default).
 
|--------------------- INFORMATION ----------------------
| GPU (CUDA) Version of PMEMD in use: NVIDIA GPU IN USE.
|                    Version 18.0.0
| 
|                      03/25/2018
| 
| Implementation by:
|                    Ross C. Walker     (SDSC)
|                    Scott Le Grand     (nVIDIA)
| 
| Version 18 performance extensions by:
|                    David Cerutti     (Rutgers)
| 
| Precision model in use:
|      [SPFP] - Single Precision Forces, 64-bit Fixed Point
|               Accumulation. (Default)
| 
|--------------------------------------------------------
 
|----------------- CITATION INFORMATION -----------------
|
|    When publishing work that utilized the CUDA version
|    of AMBER, please cite the following in addition to
|    the regular AMBER citations:
|
|  - Romelia Salomon-Ferrer; Andreas W. Goetz; Duncan
|    Poole; Scott Le Grand; Ross C. Walker "Routine
|    microsecond molecular dynamics simulations with
|    AMBER - Part II: Particle Mesh Ewald", J. Chem.
|    Theory Comput., 2013, 9 (9), pp3878-3888,
|    DOI: 10.1021/ct400314y.
|
|  - Andreas W. Goetz; Mark J. Williamson; Dong Xu;
|    Duncan Poole; Scott Le Grand; Ross C. Walker
|    "Routine microsecond molecular dynamics simulations
|    with AMBER - Part I: Generalized Born", J. Chem.
|    Theory Comput., 2012, 8 (5), pp1542-1555.
|
|  - Scott Le Grand; Andreas W. Goetz; Ross C. Walker
|    "SPFP: Speed without compromise - a mixed precision
|    model for GPU accelerated molecular dynamics
|    simulations.", Comp. Phys. Comm., 2013, 184
|    pp374-380, DOI: 10.1016/j.cpc.2012.09.022
|
|    When publishing work that utilized the CUDA version
|    of TI, BAR, MBAR or FEP please cite the following 
|    publications in addition to the regular AMBER 
|    GPU citations:
|
|  - Daniel J. Mermelstein; Charles Lin; Gard Nelson; 
|    Rachael Kretsch; J. Andrew McCammon; Ross C. Walker
|    "Fast and Flexible GPU Accelerated Binding 
|    Free Energy Calculations within the AMBER Molecular
|    Dynamics Package" J. Comp. Chem., 2018,
|    DOI: 10.1002/jcc.25187
|
|  - Tai-Sung Lee; Yuan Hu; Brad Sherborne; Zhuyan Guo;
|    Darrin M. York
|    "Toward Fast and Accurate Binding Affinity Prediction with
|    pmemdGTI: An Efficient Implementation of GPU-Accelerated
|    Thermodynamic Integration"
|    J. Chem. Theory Comput., 2017, 13 (7), 3077
|
|
|--------------------------------------------------------
 
|------------------- GPU DEVICE INFO --------------------
|
|            CUDA_VISIBLE_DEVICES: not set
|   CUDA Capable Devices Detected:      1
|           CUDA Device ID in use:      0
|                CUDA Device Name: Tesla K80
|     CUDA Device Global Mem Size:  11441 MB
| CUDA Device Num Multiprocessors:     13
|           CUDA Device Core Freq:   0.82 GHz
|
|--------------------------------------------------------
 
 
| Conditional Compilation Defines Used:
| PUBFFT
| BINTRAJ
| CUDA
| EMIL

| Largest sphere to fit in unit cell has radius =    30.763

| New format PARM file being parsed.
| Version =    1.000 Date = 02/28/19 Time = 00:37:40

| Note: 1-4 EEL scale factors are being read from the topology file.

| Note: 1-4 VDW scale factors are being read from the topology file.
| Duplicated    0 dihedrals

| Duplicated    0 dihedrals

--------------------------------------------------------------------------------
   1.  RESOURCE   USE: 
--------------------------------------------------------------------------------

 getting new box info from bottom of inpcrd
 NATOM  =   24926 NTYPES =      16 NBONH =   23618 MBONA  =    1324
 NTHETH =   25284 MTHETA =    1781 NPHIH =    6059 MPHIA  =    5537
 NHPARM =       0 NPARM  =       0 NNB   =   44146 NRES   =    7599
 NBONA  =    1324 NTHETA =    1781 NPHIA =    5537 NUMBND =      69
 NUMANG =     155 NPTRA  =     186 NATYP =      38 NPHB   =       0
 IFBOX  =       1 NMXRS  =      24 IFCAP =       0 NEXTRA =       0
 NCOPY  =       0

| Coordinate Index Table dimensions:    13   14   16
| Direct force subcell size =     4.7328    4.6773    4.5903

     BOX TYPE: RECTILINEAR

--------------------------------------------------------------------------------
   2.  CONTROL  DATA  FOR  THE  RUN
--------------------------------------------------------------------------------

NIL                                                                             

General flags:
     imin    =       0, nmropt  =       1

Nature and format of input:
     ntx     =       1, irest   =       0, ntrx    =       1

Nature and format of output:
     ntxo    =       2, ntpr    =    1000, ntrx    =       1, ntwr    =    5000
     iwrap   =       1, ntwx    =    1000, ntwv    =       0, ntwe    =    1000
     ioutfm  =       1, ntwprt  =       0, idecomp =       0, rbornstat=      0

Potential function:
     ntf     =       1, ntb     =       1, igb     =       0, nsnb    =      25
     ipol    =       0, gbsa    =       0, iesp    =       0
     dielc   =   1.00000, cut     =   8.00000, intdiel =   1.00000

Frozen or restrained atoms:
     ibelly  =       0, ntr     =       1
     restraint_wt =   5.00000

Molecular dynamics:
     nstlim  =     10000, nscm    =         0, nrespa  =         1
     t       =   0.00000, dt      =   0.00200, vlimit  =  20.00000

Langevin dynamics temperature regulation:
     ig      =  596181
     temp0   = 300.00000, tempi   =  50.00000, gamma_ln=   2.00000

SHAKE:
     ntc     =       2, jfastw  =       0
     tol     =   0.00001

NMR refinement options:
     iscale  =       0, noeskp  =       1, ipnlty  =       1, mxsub   =       1
     scalm   = 100.00000, pencut  =   0.10000, tausw   =   0.10000

Free energy options:
     icfe    =       1, ifsc    =       0, klambda =       1
     clambda =  0.4000, scalpha =  0.5000, scbeta  = 12.0000
     sceeorder =       2
     dynlmb =  0.0000 logdvdl =       0

| Intermolecular bonds treatment:
|     no_intermolecular_bonds =       1

| Energy averages sample interval:
|     ene_avg_sampling =    1000

Ewald parameters:
     verbose =       0, ew_type =       0, nbflag  =       1, use_pme =       1
     vdwmeth =       1, eedmeth =       1, netfrc  =       1
     Box X =   61.526   Box Y =   65.482   Box Z =   73.445
     Alpha =   90.000   Beta  =   90.000   Gamma =   90.000
     NFFT1 =   64       NFFT2 =   64       NFFT3 =   80
     Cutoff=    8.000   Tol   =0.100E-04
     Ewald Coefficient =  0.34864
     Interpolation order =    4

    LOADING THE CONSTRAINED ATOMS AS GROUPS


   5.  REFERENCE ATOM COORDINATES

  NIL                                                                             
     Mask !:WAT & !@H=; matches  1308 atoms
     TI Mask 1 :1; matches     13 atoms
     TI Mask 2 :2; matches     13 atoms
     TI region 1:   24913 atoms
     TI region 2:   24913 atoms
Removing charge of       0.4181 from atom      13
Total charge of   0.41807699 removed from       1 atoms
     Checking for mismatched coordinates.

--------------------------------------------------------------------------------
   3.  ATOMIC COORDINATES AND VELOCITIES
--------------------------------------------------------------------------------

NIL                                                                             
 begin time read from input coords =     0.000 ps



           Begin reading energy term weight changes/NMR restraints
 WEIGHT CHANGES:
 TEMP0         0   8000   50.000000  300.000000      0      0

 RESTRAINTS:
                          ** No restraint defined **

                  Done reading weight changes/NMR restraints


 
 Number of triangulated 3-point waters found:     7431

     Sum of charges for TI region  1 =  -0.41765970
     Assuming uniform neutralizing plasma


     Sum of charges for TI region  2 =   0.00041729
     Forcing neutrality...

| Dynamic Memory, Types Used:
| Reals             1149131
| Integers          1361487

| Nonbonded Pairs Initial Allocation:     4163265

| GPU memory information (estimate):
| KB of GPU memory in use:         0
| KB of CPU memory in use:         0

--------------------------------------------------------------------------------
   4.  RESULTS
--------------------------------------------------------------------------------


| TI region  1


 NSTEP =        0   TIME(PS) =       0.000  TEMP(K) =    73.22  PRESS =     0.0
 Etot   =    -65092.9326  EKtot   =      3719.7558  EPtot      =    -68812.6884
 BOND   =       486.4148  ANGLE   =      1251.7578  DIHED      =      2033.9541
 1-4 NB =       679.4168  1-4 EEL =      6023.8735  VDWAALS    =      8313.0150
 EELEC  =    -87601.1204  EHBOND  =         0.0000  RESTRAINT  =         0.0000
 DV/DL  =         5.2772
 ------------------------------------------------------------------------------


| TI region  2


 NSTEP =        0   TIME(PS) =       0.000  TEMP(K) =    73.22  PRESS =     0.0
 Etot   =    -65092.9326  EKtot   =      3719.7558  EPtot      =    -68812.6884
 BOND   =       486.4148  ANGLE   =      1251.7578  DIHED      =      2033.9541
 1-4 NB =       679.4168  1-4 EEL =      6023.8735  VDWAALS    =      8313.0150
 EELEC  =    -87601.1204  EHBOND  =         0.0000  RESTRAINT  =         0.0000
 DV/DL  =         5.2772
 ------------------------------------------------------------------------------

 NMR restraints: Bond =    0.000   Angle =     0.000   Torsion =     0.000
===============================================================================
wrapping first mol.:      -61.52620      -65.48220      -73.44500

| TI region  1


 NSTEP =     1000   TIME(PS) =       2.000  TEMP(K) =    82.66  PRESS =     0.0
 Etot   =    -84672.5741  EKtot   =      4199.0829  EPtot      =    -88871.6570
 BOND   =       187.8667  ANGLE   =       487.7449  DIHED      =      1851.8191
 1-4 NB =       617.6443  1-4 EEL =      6023.9191  VDWAALS    =     14032.5076
 EELEC  =   -112195.5995  EHBOND  =         0.0000  RESTRAINT  =       122.4407
 EAMBER (non-restraint)  =    -88994.0977
 DV/DL  =         7.2728
 ------------------------------------------------------------------------------


| TI region  2


 NSTEP =     1000   TIME(PS) =       2.000  TEMP(K) =    82.66  PRESS =     0.0
 Etot   =    -84672.5741  EKtot   =      4199.0829  EPtot      =    -88871.6570
 BOND   =       187.8667  ANGLE   =       487.7449  DIHED      =      1851.8191
 1-4 NB =       617.6443  1-4 EEL =      6023.9191  VDWAALS    =     14032.5076
 EELEC  =   -112195.5995  EHBOND  =         0.0000  RESTRAINT  =       122.4407
 EAMBER (non-restraint)  =    -88994.0977
 DV/DL  =         7.2728
 ------------------------------------------------------------------------------

 NMR restraints: Bond =    0.000   Angle =     0.000   Torsion =     0.000
===============================================================================
wrapping first mol.:      -61.52620      -65.48220      -73.44500

| TI region  1


 NSTEP =     2000   TIME(PS) =       4.000  TEMP(K) =   103.96  PRESS =     0.0
 Etot   =    -82919.1963  EKtot   =      5281.2587  EPtot      =    -88200.4550
 BOND   =       244.1090  ANGLE   =       572.6404  DIHED      =      1875.3586
 1-4 NB =       621.6089  1-4 EEL =      6015.7912  VDWAALS    =     13792.7455
 EELEC  =   -111455.8809  EHBOND  =         0.0000  RESTRAINT  =       133.1723
 EAMBER (non-restraint)  =    -88333.6273
 DV/DL  =         5.4865
 ------------------------------------------------------------------------------


| TI region  2


 NSTEP =     2000   TIME(PS) =       4.000  TEMP(K) =   103.96  PRESS =     0.0
 Etot   =    -82919.1963  EKtot   =      5281.2587  EPtot      =    -88200.4550
 BOND   =       244.1090  ANGLE   =       572.6404  DIHED      =      1875.3586
 1-4 NB =       621.6089  1-4 EEL =      6015.7912  VDWAALS    =     13792.7455
 EELEC  =   -111455.8809  EHBOND  =         0.0000  RESTRAINT  =       133.1723
 EAMBER (non-restraint)  =    -88333.6273
 DV/DL  =         5.4865
 ------------------------------------------------------------------------------

 NMR restraints: Bond =    0.000   Angle =     0.000   Torsion =     0.000
===============================================================================
wrapping first mol.:      -61.52620      -65.48220      -73.44500

| TI region  1


 NSTEP =     3000   TIME(PS) =       6.000  TEMP(K) =   135.90  PRESS =     0.0
 Etot   =    -79811.6698  EKtot   =      6903.6434  EPtot      =    -86715.3131
 BOND   =       271.9975  ANGLE   =       669.3864  DIHED      =      1895.2976
 1-4 NB =       633.1156  1-4 EEL =      6037.7299  VDWAALS    =     13340.0780
 EELEC  =   -109716.0575  EHBOND  =         0.0000  RESTRAINT  =       153.1393
 EAMBER (non-restraint)  =    -86868.4524
 DV/DL  =         5.8984
 ------------------------------------------------------------------------------


| TI region  2


 NSTEP =     3000   TIME(PS) =       6.000  TEMP(K) =   135.90  PRESS =     0.0
 Etot   =    -79811.6698  EKtot   =      6903.6434  EPtot      =    -86715.3131
 BOND   =       271.9975  ANGLE   =       669.3864  DIHED      =      1895.2976
 1-4 NB =       633.1156  1-4 EEL =      6037.7299  VDWAALS    =     13340.0780
 EELEC  =   -109716.0575  EHBOND  =         0.0000  RESTRAINT  =       153.1393
 EAMBER (non-restraint)  =    -86868.4524
 DV/DL  =         5.8984
 ------------------------------------------------------------------------------

 NMR restraints: Bond =    0.000   Angle =     0.000   Torsion =     0.000
===============================================================================
wrapping first mol.:      -61.52620      -65.48220      -73.44500

| TI region  1


 NSTEP =     4000   TIME(PS) =       8.000  TEMP(K) =   166.65  PRESS =     0.0
 Etot   =    -76487.6636  EKtot   =      8465.5395  EPtot      =    -84953.2031
 BOND   =       302.4620  ANGLE   =       779.9307  DIHED      =      1923.0991
 1-4 NB =       636.0085  1-4 EEL =      6020.2384  VDWAALS    =     12887.2022
 EELEC  =   -107674.7310  EHBOND  =         0.0000  RESTRAINT  =       172.5870
 EAMBER (non-restraint)  =    -85125.7901
 DV/DL  =         5.3124
 ------------------------------------------------------------------------------


| TI region  2


 NSTEP =     4000   TIME(PS) =       8.000  TEMP(K) =   166.65  PRESS =     0.0
 Etot   =    -76487.6636  EKtot   =      8465.5395  EPtot      =    -84953.2031
 BOND   =       302.4620  ANGLE   =       779.9307  DIHED      =      1923.0991
 1-4 NB =       636.0085  1-4 EEL =      6020.2384  VDWAALS    =     12887.2022
 EELEC  =   -107674.7310  EHBOND  =         0.0000  RESTRAINT  =       172.5870
 EAMBER (non-restraint)  =    -85125.7901
 DV/DL  =         5.3124
 ------------------------------------------------------------------------------

 NMR restraints: Bond =    0.000   Angle =     0.000   Torsion =     0.000
===============================================================================
wrapping first mol.:      -61.52620      -65.48220      -73.44500
wrapping first mol.:      -61.52620      -65.48220      -73.44500

| TI region  1


 NSTEP =     5000   TIME(PS) =      10.000  TEMP(K) =   196.95  PRESS =     0.0
 Etot   =    -72850.5335  EKtot   =     10005.0494  EPtot      =    -82855.5829
 BOND   =       347.1144  ANGLE   =       880.8639  DIHED      =      1945.9760
 1-4 NB =       644.1253  1-4 EEL =      6011.5865  VDWAALS    =     11999.9829
 EELEC  =   -104878.6425  EHBOND  =         0.0000  RESTRAINT  =       193.4106
 EAMBER (non-restraint)  =    -83048.9935
 DV/DL  =         7.9719
 ------------------------------------------------------------------------------


| TI region  2


 NSTEP =     5000   TIME(PS) =      10.000  TEMP(K) =   196.95  PRESS =     0.0
 Etot   =    -72850.5335  EKtot   =     10005.0494  EPtot      =    -82855.5829
 BOND   =       347.1144  ANGLE   =       880.8639  DIHED      =      1945.9760
 1-4 NB =       644.1253  1-4 EEL =      6011.5865  VDWAALS    =     11999.9829
 EELEC  =   -104878.6425  EHBOND  =         0.0000  RESTRAINT  =       193.4106
 EAMBER (non-restraint)  =    -83048.9935
 DV/DL  =         7.9719
 ------------------------------------------------------------------------------

 NMR restraints: Bond =    0.000   Angle =     0.000   Torsion =     0.000
===============================================================================
wrapping first mol.:      -61.52620      -65.48220      -73.44500

| TI region  1


 NSTEP =     6000   TIME(PS) =      12.000  TEMP(K) =   229.32  PRESS =     0.0
 Etot   =    -68955.9285  EKtot   =     11649.1414  EPtot      =    -80605.0699
 BOND   =       405.6020  ANGLE   =       949.9392  DIHED      =      1967.1075
 1-4 NB =       654.4274  1-4 EEL =      5983.7468  VDWAALS    =     11485.3499
 EELEC  =   -102264.3890  EHBOND  =         0.0000  RESTRAINT  =       213.1463
 EAMBER (non-restraint)  =    -80818.2162
 DV/DL  =         6.5281
 ------------------------------------------------------------------------------


| TI region  2


 NSTEP =     6000   TIME(PS) =      12.000  TEMP(K) =   229.32  PRESS =     0.0
 Etot   =    -68955.9285  EKtot   =     11649.1414  EPtot      =    -80605.0699
 BOND   =       405.6020  ANGLE   =       949.9392  DIHED      =      1967.1075
 1-4 NB =       654.4274  1-4 EEL =      5983.7468  VDWAALS    =     11485.3499
 EELEC  =   -102264.3890  EHBOND  =         0.0000  RESTRAINT  =       213.1463
 EAMBER (non-restraint)  =    -80818.2162
 DV/DL  =         6.5281
 ------------------------------------------------------------------------------

 NMR restraints: Bond =    0.000   Angle =     0.000   Torsion =     0.000
===============================================================================
wrapping first mol.:      -61.52620      -65.48220      -73.44500

| TI region  1


 NSTEP =     7000   TIME(PS) =      14.000  TEMP(K) =   257.12  PRESS =     0.0
 Etot   =    -64391.3043  EKtot   =     13061.3499  EPtot      =    -77452.6542
 BOND   =       447.9751  ANGLE   =      1075.7706  DIHED      =      2006.4718
 1-4 NB =       644.6914  1-4 EEL =      5992.0510  VDWAALS    =     10221.9278
 EELEC  =    -98083.7547  EHBOND  =         0.0000  RESTRAINT  =       242.2127
 EAMBER (non-restraint)  =    -77694.8670
 DV/DL  =         3.4979
 ------------------------------------------------------------------------------


| TI region  2


 NSTEP =     7000   TIME(PS) =      14.000  TEMP(K) =   257.12  PRESS =     0.0
 Etot   =    -64391.3043  EKtot   =     13061.3499  EPtot      =    -77452.6542
 BOND   =       447.9751  ANGLE   =      1075.7706  DIHED      =      2006.4718
 1-4 NB =       644.6914  1-4 EEL =      5992.0510  VDWAALS    =     10221.9278
 EELEC  =    -98083.7547  EHBOND  =         0.0000  RESTRAINT  =       242.2127
 EAMBER (non-restraint)  =    -77694.8670
 DV/DL  =         3.4979
 ------------------------------------------------------------------------------

 NMR restraints: Bond =    0.000   Angle =     0.000   Torsion =     0.000
===============================================================================
wrapping first mol.:      -61.52620      -65.48220      -73.44500

| TI region  1


 NSTEP =     8000   TIME(PS) =      16.000  TEMP(K) =   286.15  PRESS =     0.0
 Etot   =    -59574.3976  EKtot   =     14536.3889  EPtot      =    -74110.7865
 BOND   =       484.4008  ANGLE   =      1217.4140  DIHED      =      2020.8145
 1-4 NB =       644.9793  1-4 EEL =      5988.8941  VDWAALS    =      8894.4747
 EELEC  =    -93595.5454  EHBOND  =         0.0000  RESTRAINT  =       233.7814
 EAMBER (non-restraint)  =    -74344.5679
 DV/DL  =         4.5601
 ------------------------------------------------------------------------------


| TI region  2


 NSTEP =     8000   TIME(PS) =      16.000  TEMP(K) =   286.15  PRESS =     0.0
 Etot   =    -59574.3976  EKtot   =     14536.3889  EPtot      =    -74110.7865
 BOND   =       484.4008  ANGLE   =      1217.4140  DIHED      =      2020.8145
 1-4 NB =       644.9793  1-4 EEL =      5988.8941  VDWAALS    =      8894.4747
 EELEC  =    -93595.5454  EHBOND  =         0.0000  RESTRAINT  =       233.7814
 EAMBER (non-restraint)  =    -74344.5679
 DV/DL  =         4.5601
 ------------------------------------------------------------------------------

 NMR restraints: Bond =    0.000   Angle =     0.000   Torsion =     0.000
===============================================================================
wrapping first mol.:      -61.52620      -65.48220      -73.44500

| TI region  1


 NSTEP =     9000   TIME(PS) =      18.000  TEMP(K) =   300.84  PRESS =     0.0
 Etot   =    -57283.3670  EKtot   =     15282.3199  EPtot      =    -72565.6870
 BOND   =       476.1442  ANGLE   =      1243.8569  DIHED      =      2040.1374
 1-4 NB =       665.9148  1-4 EEL =      6026.2546  VDWAALS    =      8375.8039
 EELEC  =    -91667.1370  EHBOND  =         0.0000  RESTRAINT  =       273.3382
 EAMBER (non-restraint)  =    -72839.0252
 DV/DL  =         6.5771
 ------------------------------------------------------------------------------


| TI region  2


 NSTEP =     9000   TIME(PS) =      18.000  TEMP(K) =   300.84  PRESS =     0.0
 Etot   =    -57283.3670  EKtot   =     15282.3199  EPtot      =    -72565.6870
 BOND   =       476.1442  ANGLE   =      1243.8569  DIHED      =      2040.1374
 1-4 NB =       665.9148  1-4 EEL =      6026.2546  VDWAALS    =      8375.8039
 EELEC  =    -91667.1370  EHBOND  =         0.0000  RESTRAINT  =       273.3382
 EAMBER (non-restraint)  =    -72839.0252
 DV/DL  =         6.5771
 ------------------------------------------------------------------------------

 NMR restraints: Bond =    0.000   Angle =     0.000   Torsion =     0.000
===============================================================================
wrapping first mol.:      -61.52620      -65.48220      -73.44500
wrapping first mol.:      -61.52620      -65.48220      -73.44500

| TI region  1


 NSTEP =    10000   TIME(PS) =      20.000  TEMP(K) =   299.87  PRESS =     0.0
 Etot   =    -57058.7718  EKtot   =     15233.4879  EPtot      =    -72292.2597
 BOND   =       483.9441  ANGLE   =      1246.2153  DIHED      =      2056.3233
 1-4 NB =       652.6118  1-4 EEL =      5989.9489  VDWAALS    =      8293.1350
 EELEC  =    -91306.7721  EHBOND  =         0.0000  RESTRAINT  =       292.3340
 EAMBER (non-restraint)  =    -72584.5937
 DV/DL  =         9.2904
 ------------------------------------------------------------------------------


| TI region  2


 NSTEP =    10000   TIME(PS) =      20.000  TEMP(K) =   299.87  PRESS =     0.0
 Etot   =    -57058.7718  EKtot   =     15233.4879  EPtot      =    -72292.2597
 BOND   =       483.9441  ANGLE   =      1246.2153  DIHED      =      2056.3233
 1-4 NB =       652.6118  1-4 EEL =      5989.9489  VDWAALS    =      8293.1350
 EELEC  =    -91306.7721  EHBOND  =         0.0000  RESTRAINT  =       292.3340
 EAMBER (non-restraint)  =    -72584.5937
 DV/DL  =         9.2904
 ------------------------------------------------------------------------------

 NMR restraints: Bond =    0.000   Angle =     0.000   Torsion =     0.000
===============================================================================

| TI region  1


      A V E R A G E S   O V E R      10 S T E P S


 NSTEP =    10000   TIME(PS) =      20.000  TEMP(K) =   205.94  PRESS =     0.0
 Etot   =    -70400.5407  EKtot   =     10461.7262  EPtot      =    -80862.2668
 BOND   =       365.1616  ANGLE   =       912.3762  DIHED      =      1958.2405
 1-4 NB =       641.5127  1-4 EEL =      6009.0161  VDWAALS    =     11332.3208
 EELEC  =   -102283.8509  EHBOND  =         0.0000  RESTRAINT  =       202.9563
 EAMBER (non-restraint)  =    -81065.2231
 DV/DL  =         6.2396
 ------------------------------------------------------------------------------

 NMR restraints: Bond =    0.000   Angle =     0.000   Torsion =     0.000
===============================================================================

      R M S  F L U C T U A T I O N S


 NSTEP =    10000   TIME(PS) =      20.000  TEMP(K) =    77.17  PRESS =     0.0
 Etot   =      9987.4862  EKtot   =      3920.3306  EPtot      =      6103.4327
 BOND   =       104.0008  ANGLE   =       267.5436  DIHED      =        67.9631
 1-4 NB =        14.0750  1-4 EEL =        17.9360  VDWAALS    =      2131.1111
 EELEC  =      7744.2872  EHBOND  =         0.0000  RESTRAINT  =        55.1224
 EAMBER (non-restraint)  =      6048.3103
 DV/DL  =         1.5954
 ------------------------------------------------------------------------------


| TI region  2


      A V E R A G E S   O V E R      10 S T E P S


 NSTEP =    10000   TIME(PS) =      20.000  TEMP(K) =   205.94  PRESS =     0.0
 Etot   =    -70400.5407  EKtot   =     10461.7262  EPtot      =    -80862.2668
 BOND   =       365.1616  ANGLE   =       912.3762  DIHED      =      1958.2405
 1-4 NB =       641.5127  1-4 EEL =      6009.0161  VDWAALS    =     11332.3208
 EELEC  =   -102283.8509  EHBOND  =         0.0000  RESTRAINT  =       202.9563
 EAMBER (non-restraint)  =    -81065.2231
 DV/DL  =         6.2396
 ------------------------------------------------------------------------------

 NMR restraints: Bond =    0.000   Angle =     0.000   Torsion =     0.000
===============================================================================

      R M S  F L U C T U A T I O N S


 NSTEP =    10000   TIME(PS) =      20.000  TEMP(K) =    77.17  PRESS =     0.0
 Etot   =      9987.4862  EKtot   =      3920.3306  EPtot      =      6103.4327
 BOND   =       104.0008  ANGLE   =       267.5436  DIHED      =        67.9631
 1-4 NB =        14.0750  1-4 EEL =        17.9360  VDWAALS    =      2131.1111
 EELEC  =      7744.2872  EHBOND  =         0.0000  RESTRAINT  =        55.1224
 EAMBER (non-restraint)  =      6048.3103
 DV/DL  =         1.5954
 ------------------------------------------------------------------------------


      DV/DL, AVERAGES OVER      10 STEPS


 NSTEP =    10000   TIME(PS) =      20.000  TEMP(K) =    77.17  PRESS =     0.0
 Etot   =         0.0000  EKtot   =         0.0000  EPtot      =         6.2396
 BOND   =         0.0000  ANGLE   =         0.0000  DIHED      =         0.0000
 1-4 NB =         0.0000  1-4 EEL =       -22.2604  VDWAALS    =         0.0000
 EELEC  =        28.5000  EHBOND  =         0.0000  RESTRAINT  =         0.0000
 DV/DL  =         6.2396
 ------------------------------------------------------------------------------


 NMR restraints on final step:

--------------------------------------------------------------------------------
   5.  TIMINGS
--------------------------------------------------------------------------------

|  NonSetup CPU Time in Major Routines:
|
|     Routine           Sec        %
|     ------------------------------
|     Nonbond           6.79   30.19
|     Bond              0.00    0.00
|     Angle             0.00    0.00
|     Dihedral          0.00    0.00
|     Shake             0.05    0.24
|     RunMD            15.63   69.44
|     Other             0.03    0.14
|     ------------------------------
|     Total            22.50

|  PME Nonbond Pairlist CPU Time:
|
|     Routine              Sec        %
|     ---------------------------------
|     Set Up Cit           0.00    0.00
|     Build List           0.00    0.00
|     ---------------------------------
|     Total                0.00    0.00

|  PME Direct Force CPU Time:
|
|     Routine              Sec        %
|     ---------------------------------
|     NonBonded Calc       0.00    0.00
|     Exclude Masked       0.00    0.00
|     Other                0.02    0.08
|     ---------------------------------
|     Total                0.02    0.08

|  PME Reciprocal Force CPU Time:
|
|     Routine              Sec        %
|     ---------------------------------
|     1D bspline           0.00    0.00
|     Grid Charges         0.00    0.00
|     Scalar Sum           0.00    0.00
|     Gradient Sum         0.00    0.00
|     FFT                  0.00    0.00
|     ---------------------------------
|     Total                0.00    0.00

|  Final Performance Info:
|     -----------------------------------------------------
|     Average timings for last   10000 steps:
|     Elapsed(s) =      22.50 Per Step(ms) =       2.25
|         ns/day =      76.80   seconds/ns =    1125.04
|
|     Average timings for all steps:
|     Elapsed(s) =      22.50 Per Step(ms) =       2.25
|         ns/day =      76.80   seconds/ns =    1125.04
|     -----------------------------------------------------

|  Setup CPU time:            1.31 seconds
|  NonSetup CPU time:        22.50 seconds
|  Total CPU time:           23.82 seconds     0.01 hours

|  Setup wall time:           3    seconds
|  NonSetup wall time:       23    seconds
|  Total wall time:          26    seconds     0.01 hours
