
Static FFT Slab Distribution:

  FFT slabs assigned to    4 tasks
  Maximum of    8 xy slabs per task
  Maximum of    8 zx slabs per task
  Count of FFT xy slabs assigned to each task:
       8   8   8   8
  Count of FFT xz slabs assigned to each task:
       8   8   8   8

Atom Distribution No.     2 at run step    6397:

  Count of atoms assigned to each task:
          589      720      744      579

Major Routine Parallel Profiling - NonSetup CPU Seconds:

           D                                                              
           a                                                              
           t                                                              
           a                              D                               
           D         N                    i                               
           i         o                    h                               
           s         n             A      e      S      R      O         T
   T       t         B      B      n      d      h      u      t         o
   a       r         o      o      g      r      a      n      h         t
   s       i         n      n      l      a      k      M      e         a
   k       b         d      d      e      l      e      D      r         l
------------------------------------------------------------------------------
   0     4.1      36.9    0.2    0.1    0.2    0.3    0.5    0.0      42.2
   1     3.8      37.6    0.1    0.0    0.0    0.4    0.5    0.0      42.4
   2     3.4      38.1    0.1    0.0    0.0    0.4    0.5    0.0      42.6
   3     4.7      36.7    0.2    0.0    0.2    0.4    0.5    0.0      42.6
------------------------------------------------------------------------------
 avg     4.0      37.3    0.2    0.0    0.1    0.4    0.5    0.0      42.5
 min     3.4      36.7    0.1    0.0    0.0    0.3    0.5    0.0      42.2
 max     4.7      38.1    0.2    0.1    0.2    0.4    0.5    0.0      42.6
 std     0.5       0.6    0.0    0.0    0.1    0.0    0.0    0.0       0.1
------------------------------------------------------------------------------

PME NonBond Parallel Profiling - NonSetup CPU Seconds:

                     D                           
           P         i         R                 
           a         r         e      L          
           i         e         c      o          
           r         c         i      a         T
   T       l         t         p      d         o
   a       i         F         F      B         t
   s       s         r         r      a         a
   k       t         c         c      l         l
-------------------------------------------------
   0     2.3      19.2      15.4    0.0      36.9
   1     2.7      20.0      15.0    0.0      37.6
   2     2.8      20.4      14.9    0.0      38.1
   3     2.4      18.7      15.6    0.0      36.7
-------------------------------------------------
 avg     2.5      19.6      15.2    0.0      37.3
-------------------------------------------------
