
          -------------------------------------------------------
          Amber 18 PMEMD                              2018
          -------------------------------------------------------

| PMEMD implementation of SANDER, Release 18

| Run on 06/21/2018 at 04:02:30

|   Executable path: /home/uv10/amber/bin/pmemd
| Working directory: /home/uv10/tutorials-amber/A9/ligand/pmemd/free_energy/ligands/vdw_bonded/1.0
|          Hostname: Unknown
  [-O]verwriting output

File Assignments:
|   MDIN: heat.in                                                               
|  MDOUT: heat.out                                                              
| INPCRD: ti.rst7                                                               
|   PARM: ti.parm7                                                              
| RESTRT: heat.rst7                                                             
|   REFC: ti.rst7                                                               
|  MDVEL: mdvel                                                                 
|   MDEN: heat.en                                                               
|  MDCRD: heat.nc                                                               
| MDINFO: heat.info                                                             
|  MDFRC: mdfrc                                                                 


 Here is the input file:

heating                                                                        
 &cntrl                                                                        
   imin = 0, nstlim = 10000, irest = 0, ntx = 1, dt = 0.002,                   
   ntt = 1, temp0 = 300.0, tempi = 50.0, tautp = 1.0,                          
   ntc = 2, ntf = 1,                                                           
   ntb = 1,                                                                    
   ioutfm = 1, iwrap = 1,                                                      
   ntwe = 1000, ntwx = 1000, ntpr = 1000, ntwr = 5000,                         
                                                                               
   nmropt = 1,                                                                 
   ntr = 1, restraint_wt = 5.00,                                               
   restraintmask='!:WAT & !@H=',                                               
                                                                               
   icfe = 1, clambda = 1.0, scalpha = 0.5, scbeta = 12.0,                      
   logdvdl = 0,                                                                
   timask1 = ':1', timask2 = ':2',                                             
   ifsc=1, scmask1=':1@H6', scmask2=':2@O1,H6', crgmask=':1@H6 | :2@O1,H6'     
 /                                                                             
                                                                               
 &ewald                                                                        
 /                                                                             
                                                                               
 &wt                                                                           
   type='TEMP0',                                                               
   istep1 = 0, istep2 = 8000,                                                  
   value1 = 50.0, value2 = 300.0                                               
 /                                                                             
                                                                               
 &wt type = 'END'                                                              
 /                                                                             
                                                                               


Note: ig = -1. Setting random seed to    32024 based on wallclock time in 
      microseconds.
| irandom = 1, using AMBER's internal random number generator (default).
 
 
| Conditional Compilation Defines Used:
| PUBFFT
| BINTRAJ
| EMIL

| Largest sphere to fit in unit cell has radius =    14.956

| New format PARM file being parsed.
| Version =    1.000 Date = 06/20/18 Time = 12:53:56

| Note: 1-4 EEL scale factors are being read from the topology file.

| Note: 1-4 VDW scale factors are being read from the topology file.
| Duplicated    0 dihedrals

| Duplicated    0 dihedrals

--------------------------------------------------------------------------------
   1.  RESOURCE   USE: 
--------------------------------------------------------------------------------

 getting box info from netcdf restart file
 NATOM  =    2632 NTYPES =       6 NBONH =    2619 MBONA  =      13
 NTHETH =      23 MTHETA =      14 NPHIH =      47 MPHIA  =      14
 NHPARM =       0 NPARM  =       0 NNB   =    3584 NRES   =     871
 NBONA  =      13 NTHETA =      14 NPHIA =      14 NUMBND =       6
 NUMANG =       4 NPTRA  =       3 NATYP =       6 NPHB   =       1
 IFBOX  =       1 NMXRS  =      13 IFCAP =       0 NEXTRA =       0
 NCOPY  =       0

| Coordinate Index Table dimensions:     6    6    7
| Direct force subcell size =     4.9853    5.1585    4.5323

     BOX TYPE: RECTILINEAR

--------------------------------------------------------------------------------
   2.  CONTROL  DATA  FOR  THE  RUN
--------------------------------------------------------------------------------

default_name                                                                    

General flags:
     imin    =       0, nmropt  =       1

Nature and format of input:
     ntx     =       1, irest   =       0, ntrx    =       1

Nature and format of output:
     ntxo    =       2, ntpr    =    1000, ntrx    =       1, ntwr    =    5000
     iwrap   =       1, ntwx    =    1000, ntwv    =       0, ntwe    =    1000
     ioutfm  =       1, ntwprt  =       0, idecomp =       0, rbornstat=      0

Potential function:
     ntf     =       1, ntb     =       1, igb     =       0, nsnb    =      25
     ipol    =       0, gbsa    =       0, iesp    =       0
     dielc   =   1.00000, cut     =   8.00000, intdiel =   1.00000

Frozen or restrained atoms:
     ibelly  =       0, ntr     =       1
     restraint_wt =   5.00000

Molecular dynamics:
     nstlim  =     10000, nscm    =         0, nrespa  =         1
     t       =   0.00000, dt      =   0.00200, vlimit  =  20.00000

Berendsen (weak-coupling) temperature regulation:
     temp0   = 300.00000, tempi   =  50.00000, tautp   =   1.00000

SHAKE:
     ntc     =       2, jfastw  =       0
     tol     =   0.00001

NMR refinement options:
     iscale  =       0, noeskp  =       1, ipnlty  =       1, mxsub   =       1
     scalm   = 100.00000, pencut  =   0.10000, tausw   =   0.10000

Free energy options:
     icfe    =       1, ifsc    =       1, klambda =       1
     clambda =  1.0000, scalpha =  0.5000, scbeta  = 12.0000
     sceeorder =       2
     dynlmb =  0.0000 logdvdl =       0

| Intermolecular bonds treatment:
|     no_intermolecular_bonds =       1

| Energy averages sample interval:
|     ene_avg_sampling =    1000

Ewald parameters:
     verbose =       0, ew_type =       0, nbflag  =       1, use_pme =       1
     vdwmeth =       1, eedmeth =       1, netfrc  =       1
     Box X =   29.912   Box Y =   30.951   Box Z =   31.726
     Alpha =   90.000   Beta  =   90.000   Gamma =   90.000
     NFFT1 =   30       NFFT2 =   32       NFFT3 =   32
     Cutoff=    8.000   Tol   =0.100E-04
     Ewald Coefficient =  0.34864
     Interpolation order =    4

    LOADING THE CONSTRAINED ATOMS AS GROUPS


   5.  REFERENCE ATOM COORDINATES

  default_name                                                                    
     Mask !:WAT & !@H=; matches    13 atoms
     TI Mask 1 :1; matches     12 atoms
     TI Mask 2 :2; matches     13 atoms
     TI region 1:    2619 atoms
     TI region 2:    2620 atoms
     SC Mask 1 :1@H6; matches      1 atoms
     SC Mask 2 :2@O1,H6; matches      2 atoms
Removing charge of       0.1305 from atom      12
Removing charge of      -0.5539 from atom      24
Removing charge of       0.3791 from atom      25
Total charge of  -0.04433900 removed from       3 atoms

--------------------------------------------------------------------------------
   3.  ATOMIC COORDINATES AND VELOCITIES
--------------------------------------------------------------------------------

default_name                                                                    
 begin time read from input coords =    40.000 ps



           Begin reading energy term weight changes/NMR restraints
 WEIGHT CHANGES:
 TEMP0         0   8000   50.000000  300.000000      0      0

 RESTRAINTS:
                          ** No restraint defined **

                  Done reading weight changes/NMR restraints


 
 Number of triangulated 3-point waters found:      869
 WARNING: SHAKEn bond for atoms       11       12 is partially softcore.
 Coordinates for common atoms will be synchronized from V0. 
 Consider using noshake mask or disabling SHAKE.

 Number of shake restraints removed in TI region  1 :        0
 Number of shake restraints removed in TI region  2 :        0

     Sum of charges for TI region  1 =  -0.13052100
     Assuming uniform neutralizing plasma


     Sum of charges for TI region  2 =   0.17486100
     Assuming uniform neutralizing plasma

| Dynamic Memory, Types Used:
| Reals              230941
| Integers           100851

| Nonbonded Pairs Initial Allocation:      439609

--------------------------------------------------------------------------------
   4.  RESULTS
--------------------------------------------------------------------------------

 ---------------------------------------------------
 APPROXIMATING switch and d/dx switch using CUBIC SPLINE INTERPOLATION
 using   5000.0 points per unit in tabled values
 TESTING RELATIVE ERROR over r ranging from 0.0 to cutoff
| CHECK switch(x): max rel err =   0.2738E-14   at   2.422500
| CHECK d/dx switch(x): max rel err =   0.8332E-11   at   2.782960
 ---------------------------------------------------
|---------------------------------------------------
| APPROXIMATING direct energy using CUBIC SPLINE INTERPOLATION
|  with   50.0 points per unit in tabled values
| Relative Error Limit not exceeded for r .gt.   2.47
| APPROXIMATING direct force using CUBIC SPLINE INTERPOLATION
|  with   50.0 points per unit in tabled values
| Relative Error Limit not exceeded for r .gt.   2.89
|---------------------------------------------------
   DOF for the SC part  1 of the system:    2
   SHAKE constraints in the SC region:    1
   DOF for the SC part  2 of the system:    5
   SHAKE constraints in the SC region:    1

| TI region  1


 NSTEP =        0   TIME(PS) =       0.000  TEMP(K) =    74.96  PRESS =     0.0
 Etot   =     -7707.6044  EKtot   =       390.5966  EPtot      =     -8098.2011
 BOND   =         1.8190  ANGLE   =         2.5212  DIHED      =         0.8551
 1-4 NB =         3.5333  1-4 EEL =        -9.2522  VDWAALS    =      1237.9019
 EELEC  =     -9335.5793  EHBOND  =         0.0000  RESTRAINT  =         0.0000
 DV/DL  =         9.7602
 Ewald error estimate:   0.4712E-03
 ------------------------------------------------------------------------------

  Softcore part of the system:       1 atoms,       TEMP(K)    =          20.52
 SC_Etot=         1.1448  SC_EKtot=         0.0408  SC_EPtot   =         1.1040
 SC_BOND=         0.0000  SC_ANGLE=         0.0327  SC_DIHED   =         1.0667
 SC_14NB=         0.0046  SC_14EEL=         0.0000  SC_VDW     =         0.0000
 SC_EEL =         0.0000
 SC_RES_DIST=     0.0000  SC_RES_ANG=       0.0000  SC_RES_TORS=         0.0000
 SC_EEL_DER=      0.0000  SC_VDW_DER=       6.6441  SC_DERIV   =         6.6441
 ------------------------------------------------------------------------------


| TI region  2


 NSTEP =        0   TIME(PS) =       0.000  TEMP(K) =    74.96  PRESS =     0.0
 Etot   =     -7707.4015  EKtot   =       390.7996  EPtot      =     -8098.2011
 BOND   =         1.8190  ANGLE   =         2.5212  DIHED      =         0.8551
 1-4 NB =         3.5333  1-4 EEL =        -9.2522  VDWAALS    =      1237.9019
 EELEC  =     -9335.5793  EHBOND  =         0.0000  RESTRAINT  =         0.0000
 DV/DL  =         9.7602
 Ewald error estimate:   0.4712E-03
 ------------------------------------------------------------------------------

  Softcore part of the system:       2 atoms,       TEMP(K)    =          50.57
 SC_Etot=         2.6331  SC_EKtot=         0.2512  SC_EPtot   =         2.3819
 SC_BOND=         0.1714  SC_ANGLE=         1.8424  SC_DIHED   =         0.1522
 SC_14NB=         0.2159  SC_14EEL=         0.0000  SC_VDW     =         0.0000
 SC_EEL =         0.0000
 SC_RES_DIST=     0.0000  SC_RES_ANG=       0.0000  SC_RES_TORS=         0.0000
 SC_EEL_DER=      0.0000  SC_VDW_DER=       6.6441  SC_DERIV   =         6.6441
 ------------------------------------------------------------------------------

 NMR restraints: Bond =    0.000   Angle =     0.000   Torsion =     0.000
===============================================================================

| TI region  1


 NSTEP =     1000   TIME(PS) =       2.000  TEMP(K) =   143.66  PRESS =     0.0
 Etot   =     -8878.2681  EKtot   =       748.5099  EPtot      =     -9626.7780
 BOND   =         0.1947  ANGLE   =         0.8754  DIHED      =         0.5754
 1-4 NB =         3.4407  1-4 EEL =        -9.3638  VDWAALS    =      1675.9306
 EELEC  =    -11299.3028  EHBOND  =         0.0000  RESTRAINT  =         0.8719
 EAMBER (non-restraint)  =     -9627.6498
 DV/DL  =        -5.1177
 Ewald error estimate:   0.1326E-03
 ------------------------------------------------------------------------------

  Softcore part of the system:       1 atoms,       TEMP(K)    =         186.25
 SC_Etot=         0.5744  SC_EKtot=         0.3701  SC_EPtot   =         0.2043
 SC_BOND=         0.0000  SC_ANGLE=         0.0172  SC_DIHED   =         0.2010
 SC_14NB=        -0.0139  SC_14EEL=         0.0000  SC_VDW     =         0.0000
 SC_EEL =         0.0000
 SC_RES_DIST=     0.0000  SC_RES_ANG=       0.0000  SC_RES_TORS=         0.0000
 SC_EEL_DER=      0.0000  SC_VDW_DER=       0.0315  SC_DERIV   =         0.0315
 ------------------------------------------------------------------------------


| TI region  2


 NSTEP =     1000   TIME(PS) =       2.000  TEMP(K) =   143.63  PRESS =     0.0
 Etot   =     -8877.9601  EKtot   =       748.8179  EPtot      =     -9626.7780
 BOND   =         0.1947  ANGLE   =         0.8754  DIHED      =         0.5754
 1-4 NB =         3.4407  1-4 EEL =        -9.3638  VDWAALS    =      1675.9306
 EELEC  =    -11299.3028  EHBOND  =         0.0000  RESTRAINT  =         0.8719
 EAMBER (non-restraint)  =     -9627.6498
 DV/DL  =        -5.1177
 Ewald error estimate:   0.1326E-03
 ------------------------------------------------------------------------------

  Softcore part of the system:       2 atoms,       TEMP(K)    =         136.49
 SC_Etot=         1.3860  SC_EKtot=         0.6781  SC_EPtot   =         0.7079
 SC_BOND=         0.3026  SC_ANGLE=         0.2771  SC_DIHED   =         0.1138
 SC_14NB=         0.0144  SC_14EEL=         0.0000  SC_VDW     =         0.0000
 SC_EEL =         0.0000
 SC_RES_DIST=     0.1054  SC_RES_ANG=       0.0000  SC_RES_TORS=         0.0000
 SC_EEL_DER=      0.0000  SC_VDW_DER=       0.0315  SC_DERIV   =         0.0315
 ------------------------------------------------------------------------------

 NMR restraints: Bond =    0.000   Angle =     0.000   Torsion =     0.000
===============================================================================

| TI region  1


 NSTEP =     2000   TIME(PS) =       4.000  TEMP(K) =   119.56  PRESS =     0.0
 Etot   =     -9193.1801  EKtot   =       622.9653  EPtot      =     -9816.1454
 BOND   =         0.1239  ANGLE   =         1.2472  DIHED      =         0.8481
 1-4 NB =         3.4565  1-4 EEL =        -9.3803  VDWAALS    =      1683.7270
 EELEC  =    -11496.6081  EHBOND  =         0.0000  RESTRAINT  =         0.4401
 EAMBER (non-restraint)  =     -9816.5855
 DV/DL  =        -2.6083
 Ewald error estimate:   0.2940E-03
 ------------------------------------------------------------------------------

  Softcore part of the system:       1 atoms,       TEMP(K)    =           2.59
 SC_Etot=         0.3799  SC_EKtot=         0.0051  SC_EPtot   =         0.3747
 SC_BOND=         0.0000  SC_ANGLE=         0.3327  SC_DIHED   =         0.0425
 SC_14NB=        -0.0005  SC_14EEL=         0.0000  SC_VDW     =         0.0000
 SC_EEL =         0.0000
 SC_RES_DIST=     0.0000  SC_RES_ANG=       0.0000  SC_RES_TORS=         0.0000
 SC_EEL_DER=      0.0000  SC_VDW_DER=       1.3569  SC_DERIV   =         1.3569
 ------------------------------------------------------------------------------


| TI region  2


 NSTEP =     2000   TIME(PS) =       4.000  TEMP(K) =   119.67  PRESS =     0.0
 Etot   =     -9192.2396  EKtot   =       623.9058  EPtot      =     -9816.1454
 BOND   =         0.1239  ANGLE   =         1.2472  DIHED      =         0.8481
 1-4 NB =         3.4565  1-4 EEL =        -9.3803  VDWAALS    =      1683.7270
 EELEC  =    -11496.6081  EHBOND  =         0.0000  RESTRAINT  =         0.4401
 EAMBER (non-restraint)  =     -9816.5855
 DV/DL  =        -2.6083
 Ewald error estimate:   0.2940E-03
 ------------------------------------------------------------------------------

  Softcore part of the system:       2 atoms,       TEMP(K)    =         190.34
 SC_Etot=         1.7782  SC_EKtot=         0.9456  SC_EPtot   =         0.8326
 SC_BOND=         0.0038  SC_ANGLE=         0.6752  SC_DIHED   =         0.0364
 SC_14NB=         0.1172  SC_14EEL=         0.0000  SC_VDW     =         0.0000
 SC_EEL =         0.0000
 SC_RES_DIST=     0.0362  SC_RES_ANG=       0.0000  SC_RES_TORS=         0.0000
 SC_EEL_DER=      0.0000  SC_VDW_DER=       1.3569  SC_DERIV   =         1.3569
 ------------------------------------------------------------------------------

 NMR restraints: Bond =    0.000   Angle =     0.000   Torsion =     0.000
===============================================================================

| TI region  1


 NSTEP =     3000   TIME(PS) =       6.000  TEMP(K) =   132.96  PRESS =     0.0
 Etot   =     -9141.1181  EKtot   =       692.7938  EPtot      =     -9833.9119
 BOND   =         0.2575  ANGLE   =         0.2945  DIHED      =         0.5201
 1-4 NB =         3.2718  1-4 EEL =        -9.3804  VDWAALS    =      1693.0266
 EELEC  =    -11522.8941  EHBOND  =         0.0000  RESTRAINT  =         0.9920
 EAMBER (non-restraint)  =     -9834.9039
 DV/DL  =        -3.9723
 Ewald error estimate:   0.2288E-04
 ------------------------------------------------------------------------------

  Softcore part of the system:       1 atoms,       TEMP(K)    =           4.94
 SC_Etot=         0.1223  SC_EKtot=         0.0098  SC_EPtot   =         0.1125
 SC_BOND=         0.0000  SC_ANGLE=         0.0273  SC_DIHED   =         0.0911
 SC_14NB=        -0.0059  SC_14EEL=         0.0000  SC_VDW     =         0.0000
 SC_EEL =         0.0000
 SC_RES_DIST=     0.0000  SC_RES_ANG=       0.0000  SC_RES_TORS=         0.0000
 SC_EEL_DER=      0.0000  SC_VDW_DER=       2.1963  SC_DERIV   =         2.1963
 ------------------------------------------------------------------------------


| TI region  2


 NSTEP =     3000   TIME(PS) =       6.000  TEMP(K) =   133.03  PRESS =     0.0
 Etot   =     -9140.3763  EKtot   =       693.5356  EPtot      =     -9833.9119
 BOND   =         0.2575  ANGLE   =         0.2945  DIHED      =         0.5201
 1-4 NB =         3.2718  1-4 EEL =        -9.3804  VDWAALS    =      1693.0266
 EELEC  =    -11522.8941  EHBOND  =         0.0000  RESTRAINT  =         0.9920
 EAMBER (non-restraint)  =     -9834.9039
 DV/DL  =        -3.9723
 Ewald error estimate:   0.2288E-04
 ------------------------------------------------------------------------------

  Softcore part of the system:       2 atoms,       TEMP(K)    =         151.30
 SC_Etot=         1.0280  SC_EKtot=         0.7517  SC_EPtot   =         0.2764
 SC_BOND=         0.0450  SC_ANGLE=         0.0968  SC_DIHED   =         0.0527
 SC_14NB=         0.0818  SC_14EEL=         0.0000  SC_VDW     =         0.0000
 SC_EEL =         0.0000
 SC_RES_DIST=     0.0117  SC_RES_ANG=       0.0000  SC_RES_TORS=         0.0000
 SC_EEL_DER=      0.0000  SC_VDW_DER=       2.1963  SC_DERIV   =         2.1963
 ------------------------------------------------------------------------------

 NMR restraints: Bond =    0.000   Angle =     0.000   Torsion =     0.000
===============================================================================

| TI region  1


 NSTEP =     4000   TIME(PS) =       8.000  TEMP(K) =   151.15  PRESS =     0.0
 Etot   =     -8927.0454  EKtot   =       787.5750  EPtot      =     -9714.6203
 BOND   =         0.2925  ANGLE   =         0.5104  DIHED      =         0.4083
 1-4 NB =         3.5507  1-4 EEL =        -9.2217  VDWAALS    =      1690.2103
 EELEC  =    -11400.4933  EHBOND  =         0.0000  RESTRAINT  =         0.1224
 EAMBER (non-restraint)  =     -9714.7428
 DV/DL  =        -5.6007
 Ewald error estimate:   0.4686E-04
 ------------------------------------------------------------------------------

  Softcore part of the system:       1 atoms,       TEMP(K)    =          44.56
 SC_Etot=         0.3456  SC_EKtot=         0.0885  SC_EPtot   =         0.2570
 SC_BOND=         0.0000  SC_ANGLE=         0.0311  SC_DIHED   =         0.2377
 SC_14NB=        -0.0118  SC_14EEL=         0.0000  SC_VDW     =         0.0000
 SC_EEL =         0.0000
 SC_RES_DIST=     0.0000  SC_RES_ANG=       0.0000  SC_RES_TORS=         0.0000
 SC_EEL_DER=      0.0000  SC_VDW_DER=       1.6930  SC_DERIV   =         1.6930
 ------------------------------------------------------------------------------


| TI region  2


 NSTEP =     4000   TIME(PS) =       8.000  TEMP(K) =   151.09  PRESS =     0.0
 Etot   =     -8926.9482  EKtot   =       787.6722  EPtot      =     -9714.6203
 BOND   =         0.2925  ANGLE   =         0.5104  DIHED      =         0.4083
 1-4 NB =         3.5507  1-4 EEL =        -9.2217  VDWAALS    =      1690.2103
 EELEC  =    -11400.4933  EHBOND  =         0.0000  RESTRAINT  =         0.1224
 EAMBER (non-restraint)  =     -9714.7428
 DV/DL  =        -5.6007
 Ewald error estimate:   0.4686E-04
 ------------------------------------------------------------------------------

  Softcore part of the system:       2 atoms,       TEMP(K)    =          37.39
 SC_Etot=         0.7756  SC_EKtot=         0.1858  SC_EPtot   =         0.5898
 SC_BOND=         0.0042  SC_ANGLE=         0.4848  SC_DIHED   =         0.0409
 SC_14NB=         0.0600  SC_14EEL=         0.0000  SC_VDW     =         0.0000
 SC_EEL =         0.0000
 SC_RES_DIST=     0.0284  SC_RES_ANG=       0.0000  SC_RES_TORS=         0.0000
 SC_EEL_DER=      0.0000  SC_VDW_DER=       1.6930  SC_DERIV   =         1.6930
 ------------------------------------------------------------------------------

 NMR restraints: Bond =    0.000   Angle =     0.000   Torsion =     0.000
===============================================================================

| TI region  1


 NSTEP =     5000   TIME(PS) =      10.000  TEMP(K) =   171.49  PRESS =     0.0
 Etot   =     -8634.3691  EKtot   =       893.5098  EPtot      =     -9527.8789
 BOND   =         0.8259  ANGLE   =         0.6964  DIHED      =         0.2521
 1-4 NB =         3.4486  1-4 EEL =        -9.3227  VDWAALS    =      1711.6320
 EELEC  =    -11236.4334  EHBOND  =         0.0000  RESTRAINT  =         1.0223
 EAMBER (non-restraint)  =     -9528.9012
 DV/DL  =        -6.6687
 Ewald error estimate:   0.4525E-03
 ------------------------------------------------------------------------------

  Softcore part of the system:       1 atoms,       TEMP(K)    =           6.62
 SC_Etot=         0.0617  SC_EKtot=         0.0132  SC_EPtot   =         0.0485
 SC_BOND=         0.0000  SC_ANGLE=         0.0037  SC_DIHED   =         0.0592
 SC_14NB=        -0.0143  SC_14EEL=         0.0000  SC_VDW     =         0.0000
 SC_EEL =         0.0000
 SC_RES_DIST=     0.0000  SC_RES_ANG=       0.0000  SC_RES_TORS=         0.0000
 SC_EEL_DER=      0.0000  SC_VDW_DER=       0.4135  SC_DERIV   =         0.4135
 ------------------------------------------------------------------------------


| TI region  2


 NSTEP =     5000   TIME(PS) =      10.000  TEMP(K) =   171.53  PRESS =     0.0
 Etot   =     -8633.6436  EKtot   =       894.2353  EPtot      =     -9527.8789
 BOND   =         0.8259  ANGLE   =         0.6964  DIHED      =         0.2521
 1-4 NB =         3.4486  1-4 EEL =        -9.3227  VDWAALS    =      1711.6320
 EELEC  =    -11236.4334  EHBOND  =         0.0000  RESTRAINT  =         1.0223
 EAMBER (non-restraint)  =     -9528.9012
 DV/DL  =        -6.6687
 Ewald error estimate:   0.4525E-03
 ------------------------------------------------------------------------------

  Softcore part of the system:       2 atoms,       TEMP(K)    =         148.68
 SC_Etot=         1.6489  SC_EKtot=         0.7387  SC_EPtot   =         0.9102
 SC_BOND=         0.0358  SC_ANGLE=         0.4997  SC_DIHED   =         0.3294
 SC_14NB=         0.0453  SC_14EEL=         0.0000  SC_VDW     =         0.0000
 SC_EEL =         0.0000
 SC_RES_DIST=     0.0441  SC_RES_ANG=       0.0000  SC_RES_TORS=         0.0000
 SC_EEL_DER=      0.0000  SC_VDW_DER=       0.4135  SC_DERIV   =         0.4135
 ------------------------------------------------------------------------------

 NMR restraints: Bond =    0.000   Angle =     0.000   Torsion =     0.000
===============================================================================

| TI region  1


 NSTEP =     6000   TIME(PS) =      12.000  TEMP(K) =   201.67  PRESS =     0.0
 Etot   =     -8293.0821  EKtot   =      1050.7841  EPtot      =     -9343.8662
 BOND   =         0.8932  ANGLE   =         1.8773  DIHED      =         0.4230
 1-4 NB =         3.1971  1-4 EEL =        -9.4743  VDWAALS    =      1615.9208
 EELEC  =    -10957.4083  EHBOND  =         0.0000  RESTRAINT  =         0.7051
 EAMBER (non-restraint)  =     -9344.5713
 DV/DL  =        -8.3162
 Ewald error estimate:   0.5974E-03
 ------------------------------------------------------------------------------

  Softcore part of the system:       1 atoms,       TEMP(K)    =         125.19
 SC_Etot=         0.3469  SC_EKtot=         0.2488  SC_EPtot   =         0.0981
 SC_BOND=         0.0000  SC_ANGLE=         0.0065  SC_DIHED   =         0.1072
 SC_14NB=        -0.0156  SC_14EEL=         0.0000  SC_VDW     =         0.0000
 SC_EEL =         0.0000
 SC_RES_DIST=     0.0000  SC_RES_ANG=       0.0000  SC_RES_TORS=         0.0000
 SC_EEL_DER=      0.0000  SC_VDW_DER=       0.6678  SC_DERIV   =         0.6678
 ------------------------------------------------------------------------------


| TI region  2


 NSTEP =     6000   TIME(PS) =      12.000  TEMP(K) =   201.63  PRESS =     0.0
 Etot   =     -8292.6920  EKtot   =      1051.1742  EPtot      =     -9343.8662
 BOND   =         0.8932  ANGLE   =         1.8773  DIHED      =         0.4230
 1-4 NB =         3.1971  1-4 EEL =        -9.4743  VDWAALS    =      1615.9208
 EELEC  =    -10957.4083  EHBOND  =         0.0000  RESTRAINT  =         0.7051
 EAMBER (non-restraint)  =     -9344.5713
 DV/DL  =        -8.3162
 Ewald error estimate:   0.5974E-03
 ------------------------------------------------------------------------------

  Softcore part of the system:       2 atoms,       TEMP(K)    =         128.61
 SC_Etot=         2.2114  SC_EKtot=         0.6389  SC_EPtot   =         1.5725
 SC_BOND=         0.1397  SC_ANGLE=         0.5451  SC_DIHED   =         0.7962
 SC_14NB=         0.0914  SC_14EEL=         0.0000  SC_VDW     =         0.0000
 SC_EEL =         0.0000
 SC_RES_DIST=     0.3694  SC_RES_ANG=       0.0000  SC_RES_TORS=         0.0000
 SC_EEL_DER=      0.0000  SC_VDW_DER=       0.6678  SC_DERIV   =         0.6678
 ------------------------------------------------------------------------------

 NMR restraints: Bond =    0.000   Angle =     0.000   Torsion =     0.000
===============================================================================

| TI region  1


 NSTEP =     7000   TIME(PS) =      14.000  TEMP(K) =   230.62  PRESS =     0.0
 Etot   =     -7895.9574  EKtot   =      1201.6263  EPtot      =     -9097.5837
 BOND   =         1.2717  ANGLE   =         1.5827  DIHED      =         1.8996
 1-4 NB =         3.7430  1-4 EEL =        -9.1239  VDWAALS    =      1485.7303
 EELEC  =    -10583.8033  EHBOND  =         0.0000  RESTRAINT  =         1.1163
 EAMBER (non-restraint)  =     -9098.7000
 DV/DL  =        -2.8137
 Ewald error estimate:   0.2667E-04
 ------------------------------------------------------------------------------

  Softcore part of the system:       1 atoms,       TEMP(K)    =         165.21
 SC_Etot=         0.6368  SC_EKtot=         0.3283  SC_EPtot   =         0.3085
 SC_BOND=         0.0000  SC_ANGLE=         0.2685  SC_DIHED   =         0.0539
 SC_14NB=        -0.0138  SC_14EEL=         0.0000  SC_VDW     =         0.0000
 SC_EEL =         0.0000
 SC_RES_DIST=     0.0000  SC_RES_ANG=       0.0000  SC_RES_TORS=         0.0000
 SC_EEL_DER=      0.0000  SC_VDW_DER=       1.0778  SC_DERIV   =         1.0778
 ------------------------------------------------------------------------------


| TI region  2


 NSTEP =     7000   TIME(PS) =      14.000  TEMP(K) =   230.54  PRESS =     0.0
 Etot   =     -7895.6898  EKtot   =      1201.8939  EPtot      =     -9097.5837
 BOND   =         1.2717  ANGLE   =         1.5827  DIHED      =         1.8996
 1-4 NB =         3.7430  1-4 EEL =        -9.1239  VDWAALS    =      1485.7303
 EELEC  =    -10583.8033  EHBOND  =         0.0000  RESTRAINT  =         1.1163
 EAMBER (non-restraint)  =     -9098.7000
 DV/DL  =        -2.8137
 Ewald error estimate:   0.2667E-04
 ------------------------------------------------------------------------------

  Softcore part of the system:       2 atoms,       TEMP(K)    =         119.94
 SC_Etot=         1.8828  SC_EKtot=         0.5959  SC_EPtot   =         1.2869
 SC_BOND=         0.8774  SC_ANGLE=         0.0435  SC_DIHED   =         0.2688
 SC_14NB=         0.0972  SC_14EEL=         0.0000  SC_VDW     =         0.0000
 SC_EEL =         0.0000
 SC_RES_DIST=     0.1180  SC_RES_ANG=       0.0000  SC_RES_TORS=         0.0000
 SC_EEL_DER=      0.0000  SC_VDW_DER=       1.0778  SC_DERIV   =         1.0778
 ------------------------------------------------------------------------------

 NMR restraints: Bond =    0.000   Angle =     0.000   Torsion =     0.000
===============================================================================

| TI region  1


 NSTEP =     8000   TIME(PS) =      16.000  TEMP(K) =   259.89  PRESS =     0.0
 Etot   =     -7455.4340  EKtot   =      1354.1537  EPtot      =     -8809.5876
 BOND   =         0.6157  ANGLE   =         1.7509  DIHED      =         1.1874
 1-4 NB =         3.5974  1-4 EEL =        -9.4121  VDWAALS    =      1355.7126
 EELEC  =    -10163.5950  EHBOND  =         0.0000  RESTRAINT  =         0.5555
 EAMBER (non-restraint)  =     -8810.1432
 DV/DL  =        -4.3020
 Ewald error estimate:   0.1941E-03
 ------------------------------------------------------------------------------

  Softcore part of the system:       1 atoms,       TEMP(K)    =           7.91
 SC_Etot=         0.4189  SC_EKtot=         0.0157  SC_EPtot   =         0.4032
 SC_BOND=         0.0000  SC_ANGLE=         0.1498  SC_DIHED   =         0.2656
 SC_14NB=        -0.0123  SC_14EEL=         0.0000  SC_VDW     =         0.0000
 SC_EEL =         0.0000
 SC_RES_DIST=     0.0000  SC_RES_ANG=       0.0000  SC_RES_TORS=         0.0000
 SC_EEL_DER=      0.0000  SC_VDW_DER=       0.7267  SC_DERIV   =         0.7267
 ------------------------------------------------------------------------------


| TI region  2


 NSTEP =     8000   TIME(PS) =      16.000  TEMP(K) =   260.15  PRESS =     0.0
 Etot   =     -7453.3471  EKtot   =      1356.2406  EPtot      =     -8809.5876
 BOND   =         0.6157  ANGLE   =         1.7509  DIHED      =         1.1874
 1-4 NB =         3.5974  1-4 EEL =        -9.4121  VDWAALS    =      1355.7126
 EELEC  =    -10163.5950  EHBOND  =         0.0000  RESTRAINT  =         0.5555
 EAMBER (non-restraint)  =     -8810.1432
 DV/DL  =        -4.3020
 Ewald error estimate:   0.1941E-03
 ------------------------------------------------------------------------------

  Softcore part of the system:       2 atoms,       TEMP(K)    =         423.23
 SC_Etot=         3.2446  SC_EKtot=         2.1026  SC_EPtot   =         1.1419
 SC_BOND=         0.2253  SC_ANGLE=         0.5679  SC_DIHED   =         0.3193
 SC_14NB=         0.0294  SC_14EEL=         0.0000  SC_VDW     =         0.0000
 SC_EEL =         0.0000
 SC_RES_DIST=     0.0781  SC_RES_ANG=       0.0000  SC_RES_TORS=         0.0000
 SC_EEL_DER=      0.0000  SC_VDW_DER=       0.7267  SC_DERIV   =         0.7267
 ------------------------------------------------------------------------------

 NMR restraints: Bond =    0.000   Angle =     0.000   Torsion =     0.000
===============================================================================

| TI region  1


 NSTEP =     9000   TIME(PS) =      18.000  TEMP(K) =   277.63  PRESS =     0.0
 Etot   =     -7065.7789  EKtot   =      1446.5450  EPtot      =     -8512.3239
 BOND   =         1.6906  ANGLE   =         2.2263  DIHED      =         0.8319
 1-4 NB =         3.7094  1-4 EEL =        -9.3226  VDWAALS    =      1309.8005
 EELEC  =     -9823.9173  EHBOND  =         0.0000  RESTRAINT  =         2.6573
 EAMBER (non-restraint)  =     -8514.9812
 DV/DL  =        -3.8215
 Ewald error estimate:   0.2812E-03
 ------------------------------------------------------------------------------

  Softcore part of the system:       1 atoms,       TEMP(K)    =         369.13
 SC_Etot=         1.0072  SC_EKtot=         0.7335  SC_EPtot   =         0.2737
 SC_BOND=         0.0000  SC_ANGLE=         0.0218  SC_DIHED   =         0.2549
 SC_14NB=        -0.0030  SC_14EEL=         0.0000  SC_VDW     =         0.0000
 SC_EEL =         0.0000
 SC_RES_DIST=     0.0000  SC_RES_ANG=       0.0000  SC_RES_TORS=         0.0000
 SC_EEL_DER=      0.0000  SC_VDW_DER=       0.1579  SC_DERIV   =         0.1579
 ------------------------------------------------------------------------------


| TI region  2


 NSTEP =     9000   TIME(PS) =      18.000  TEMP(K) =   277.68  PRESS =     0.0
 Etot   =     -7064.6891  EKtot   =      1447.6348  EPtot      =     -8512.3239
 BOND   =         1.6906  ANGLE   =         2.2263  DIHED      =         0.8319
 1-4 NB =         3.7094  1-4 EEL =        -9.3226  VDWAALS    =      1309.8005
 EELEC  =     -9823.9173  EHBOND  =         0.0000  RESTRAINT  =         2.6573
 EAMBER (non-restraint)  =     -8514.9812
 DV/DL  =        -3.8215
 Ewald error estimate:   0.2812E-03
 ------------------------------------------------------------------------------

  Softcore part of the system:       2 atoms,       TEMP(K)    =         367.02
 SC_Etot=         2.5617  SC_EKtot=         1.8234  SC_EPtot   =         0.7383
 SC_BOND=         0.1984  SC_ANGLE=         0.3105  SC_DIHED   =         0.1363
 SC_14NB=         0.0931  SC_14EEL=         0.0000  SC_VDW     =         0.0000
 SC_EEL =         0.0000
 SC_RES_DIST=     1.1845  SC_RES_ANG=       0.0000  SC_RES_TORS=         0.0000
 SC_EEL_DER=      0.0000  SC_VDW_DER=       0.1579  SC_DERIV   =         0.1579
 ------------------------------------------------------------------------------

 NMR restraints: Bond =    0.000   Angle =     0.000   Torsion =     0.000
===============================================================================

| TI region  1


 NSTEP =    10000   TIME(PS) =      20.000  TEMP(K) =   280.61  PRESS =     0.0
 Etot   =     -6842.5355  EKtot   =      1462.1025  EPtot      =     -8304.6380
 BOND   =         1.9103  ANGLE   =         2.2724  DIHED      =         1.1536
 1-4 NB =         4.0479  1-4 EEL =        -8.7727  VDWAALS    =      1258.5038
 EELEC  =     -9565.5678  EHBOND  =         0.0000  RESTRAINT  =         1.8145
 EAMBER (non-restraint)  =     -8306.4525
 DV/DL  =        -5.7727
 Ewald error estimate:   0.2782E-03
 ------------------------------------------------------------------------------

  Softcore part of the system:       1 atoms,       TEMP(K)    =          98.59
 SC_Etot=         0.6122  SC_EKtot=         0.1959  SC_EPtot   =         0.4163
 SC_BOND=         0.0000  SC_ANGLE=         0.0650  SC_DIHED   =         0.3618
 SC_14NB=        -0.0106  SC_14EEL=         0.0000  SC_VDW     =         0.0000
 SC_EEL =         0.0000
 SC_RES_DIST=     0.0000  SC_RES_ANG=       0.0000  SC_RES_TORS=         0.0000
 SC_EEL_DER=      0.0000  SC_VDW_DER=       0.2835  SC_DERIV   =         0.2835
 ------------------------------------------------------------------------------


| TI region  2


 NSTEP =    10000   TIME(PS) =      20.000  TEMP(K) =   280.57  PRESS =     0.0
 Etot   =     -6841.9043  EKtot   =      1462.7337  EPtot      =     -8304.6380
 BOND   =         1.9103  ANGLE   =         2.2724  DIHED      =         1.1536
 1-4 NB =         4.0479  1-4 EEL =        -8.7727  VDWAALS    =      1258.5038
 EELEC  =     -9565.5678  EHBOND  =         0.0000  RESTRAINT  =         1.8145
 EAMBER (non-restraint)  =     -8306.4525
 DV/DL  =        -5.7727
 Ewald error estimate:   0.2782E-03
 ------------------------------------------------------------------------------

  Softcore part of the system:       2 atoms,       TEMP(K)    =         166.49
 SC_Etot=         4.1747  SC_EKtot=         0.8271  SC_EPtot   =         3.3475
 SC_BOND=         0.2928  SC_ANGLE=         0.0080  SC_DIHED   =         3.0369
 SC_14NB=         0.0098  SC_14EEL=         0.0000  SC_VDW     =         0.0000
 SC_EEL =         0.0000
 SC_RES_DIST=     0.9727  SC_RES_ANG=       0.0000  SC_RES_TORS=         0.0000
 SC_EEL_DER=      0.0000  SC_VDW_DER=       0.2835  SC_DERIV   =         0.2835
 ------------------------------------------------------------------------------

 NMR restraints: Bond =    0.000   Angle =     0.000   Torsion =     0.000
===============================================================================

| TI region  1


      A V E R A G E S   O V E R      10 S T E P S


 NSTEP =    10000   TIME(PS) =      20.000  TEMP(K) =   196.92  PRESS =     0.0
 Etot   =     -8232.6769  EKtot   =      1026.0565  EPtot      =     -9258.7334
 BOND   =         0.8076  ANGLE   =         1.3333  DIHED      =         0.8099
 1-4 NB =         3.5463  1-4 EEL =        -9.2774  VDWAALS    =      1548.0194
 EELEC  =    -10805.0023  EHBOND  =         0.0000  RESTRAINT  =         1.0297
 EAMBER (non-restraint)  =     -9259.7631
 DV/DL  =        -4.8994
 Ewald error estimate:   0.2326E-03
 ------------------------------------------------------------------------------

 NMR restraints: Bond =    0.000   Angle =     0.000   Torsion =     0.000
===============================================================================
  Softcore part of the system:       1 atoms,       TEMP(K)    =         101.10
 SC_Etot=         0.4506  SC_EKtot=         0.2009  SC_EPtot   =         0.2497
 SC_BOND=         0.0000  SC_ANGLE=         0.0924  SC_DIHED   =         0.1675
 SC_14NB=        -0.0102  SC_14EEL=         0.0000  SC_VDW     =         0.0000
 SC_EEL =         0.0000
 SC_RES_DIST=     0.0000  SC_RES_ANG=       0.0000  SC_RES_TORS=         0.0000
 SC_EEL_DER=      0.0000  SC_VDW_DER=       0.8605  SC_DERIV   =         0.8605
 ------------------------------------------------------------------------------


      R M S  F L U C T U A T I O N S


 NSTEP =    10000   TIME(PS) =      20.000  TEMP(K) =    58.56  PRESS =     0.0
 Etot   =       826.0389  EKtot   =       305.1313  EPtot      =       525.3229
 BOND   =         0.6055  ANGLE   =         0.6776  DIHED      =         0.4702
 1-4 NB =         0.2336  1-4 EEL =         0.1926  VDWAALS    =       169.9507
 EELEC  =       690.0035  EHBOND  =         0.0000  RESTRAINT  =         0.6928
 EAMBER (non-restraint)  =       524.6301
 DV/DL  =         1.6758
 Ewald error estimate:   0.1794E-03
 ------------------------------------------------------------------------------

  Softcore part of the system:       1 atoms,       TEMP(K)    =         111.15
 SC_Etot=         0.2594  SC_EKtot=         0.2209  SC_EPtot   =         0.1246
 SC_BOND=         0.0000  SC_ANGLE=         0.1125  SC_DIHED   =         0.1053
 SC_14NB=         0.0049  SC_14EEL=         0.0000  SC_VDW     =         0.0000
 SC_EEL =         0.0000
 SC_RES_DIST=     0.0000  SC_RES_ANG=       0.0000  SC_RES_TORS=         0.0000
 SC_EEL_DER=      0.0000  SC_VDW_DER=       0.6738  SC_DERIV   =         0.6738
 ------------------------------------------------------------------------------


| TI region  2


      A V E R A G E S   O V E R      10 S T E P S


 NSTEP =    10000   TIME(PS) =      20.000  TEMP(K) =   196.95  PRESS =     0.0
 Etot   =     -8231.9490  EKtot   =      1026.7844  EPtot      =     -9258.7334
 BOND   =         0.8076  ANGLE   =         1.3333  DIHED      =         0.8099
 1-4 NB =         3.5463  1-4 EEL =        -9.2774  VDWAALS    =      1548.0194
 EELEC  =    -10805.0023  EHBOND  =         0.0000  RESTRAINT  =         1.0297
 EAMBER (non-restraint)  =     -9259.7631
 DV/DL  =        -4.8994
 Ewald error estimate:   0.2326E-03
 ------------------------------------------------------------------------------

 NMR restraints: Bond =    0.000   Angle =     0.000   Torsion =     0.000
===============================================================================
  Softcore part of the system:       2 atoms,       TEMP(K)    =         186.95
 SC_Etot=         2.0692  SC_EKtot=         0.9288  SC_EPtot   =         1.1404
 SC_BOND=         0.2125  SC_ANGLE=         0.3509  SC_DIHED   =         0.5131
 SC_14NB=         0.0640  SC_14EEL=         0.0000  SC_VDW     =         0.0000
 SC_EEL =         0.0000
 SC_RES_DIST=     0.2949  SC_RES_ANG=       0.0000  SC_RES_TORS=         0.0000
 SC_EEL_DER=      0.0000  SC_VDW_DER=       0.8605  SC_DERIV   =         0.8605
 ------------------------------------------------------------------------------


      R M S  F L U C T U A T I O N S


 NSTEP =    10000   TIME(PS) =      20.000  TEMP(K) =    58.57  PRESS =     0.0
 Etot   =       826.2452  EKtot   =       305.3427  EPtot      =       525.3229
 BOND   =         0.6055  ANGLE   =         0.6776  DIHED      =         0.4702
 1-4 NB =         0.2336  1-4 EEL =         0.1926  VDWAALS    =       169.9507
 EELEC  =       690.0035  EHBOND  =         0.0000  RESTRAINT  =         0.6928
 EAMBER (non-restraint)  =       524.6301
 DV/DL  =         1.6758
 Ewald error estimate:   0.1794E-03
 ------------------------------------------------------------------------------

  Softcore part of the system:       2 atoms,       TEMP(K)    =         111.46
 SC_Etot=         0.9797  SC_EKtot=         0.5537  SC_EPtot   =         0.8140
 SC_BOND=         0.2467  SC_ANGLE=         0.2267  SC_DIHED   =         0.8686
 SC_14NB=         0.0358  SC_14EEL=         0.0000  SC_VDW     =         0.0000
 SC_EEL =         0.0000
 SC_RES_DIST=     0.4064  SC_RES_ANG=       0.0000  SC_RES_TORS=         0.0000
 SC_EEL_DER=      0.0000  SC_VDW_DER=       0.6738  SC_DERIV   =         0.6738
 ------------------------------------------------------------------------------


      DV/DL, AVERAGES OVER      10 STEPS


 NSTEP =    10000   TIME(PS) =      20.000  TEMP(K) =    58.57  PRESS =     0.0
 Etot   =         0.0000  EKtot   =         0.0000  EPtot      =        -4.8994
 BOND   =        -0.0000  ANGLE   =        -0.0000  DIHED      =         0.0000
 1-4 NB =         0.0000  1-4 EEL =        -8.0861  VDWAALS    =        -0.5681
 EELEC  =         3.7547  EHBOND  =         0.0000  RESTRAINT  =         0.0000
 EAMBER (non-restraint)  =        -4.8994
 DV/DL  =        -4.8994
 Ewald error estimate:   0.0000E+00
 ------------------------------------------------------------------------------


 NMR restraints on final step:

--------------------------------------------------------------------------------
   5.  TIMINGS
--------------------------------------------------------------------------------

|  NonSetup CPU Time in Major Routines:
|
|     Routine           Sec        %
|     ------------------------------
|     Nonbond         144.41   97.68
|     Bond              0.65    0.44
|     Angle             0.11    0.08
|     Dihedral          0.23    0.16
|     Shake             1.37    0.93
|     RunMD             1.04    0.70
|     Other             0.04    0.02
|     ------------------------------
|     Total           147.84

|  PME Nonbond Pairlist CPU Time:
|
|     Routine              Sec        %
|     ---------------------------------
|     Set Up Cit           0.16    0.11
|     Build List          21.55   14.57
|     ---------------------------------
|     Total               21.71   14.68

|  PME Direct Force CPU Time:
|
|     Routine              Sec        %
|     ---------------------------------
|     NonBonded Calc      73.10   49.44
|     Exclude Masked       2.58    1.75
|     Other                2.57    1.74
|     ---------------------------------
|     Total               78.25   52.93

|  PME Reciprocal Force CPU Time:
|
|     Routine              Sec        %
|     ---------------------------------
|     1D bspline           2.64    1.79
|     Grid Charges         5.28    3.57
|     Scalar Sum           1.98    1.34
|     Gradient Sum         8.66    5.86
|     FFT                 25.94   17.55
|     ---------------------------------
|     Total               44.52   30.11

|  Final Performance Info:
|     -----------------------------------------------------
|     Average timings for last    1000 steps:
|     Elapsed(s) =      15.33 Per Step(ms) =      15.33
|         ns/day =      11.27   seconds/ns =    7664.59
|
|     Average timings for all steps:
|     Elapsed(s) =     147.97 Per Step(ms) =      14.80
|         ns/day =      11.68   seconds/ns =    7398.32
|     -----------------------------------------------------

|  Setup CPU time:            0.04 seconds
|  NonSetup CPU time:       147.84 seconds
|  Total CPU time:          147.89 seconds     0.04 hours

|  Setup wall time:           0    seconds
|  NonSetup wall time:      148    seconds
|  Total wall time:         148    seconds     0.04 hours
