
          -------------------------------------------------------
          Amber 18 PMEMD                              2018
          -------------------------------------------------------

| PMEMD implementation of SANDER, Release 18

| Run on 06/27/2018 at 09:13:45

|   Executable path: /home/uv10/amber/bin/pmemd.MPI
| Working directory: /home/uv10/tutorials-amber/A9/ligand/pmemd/free_energy/complex/vdw_bonded/0.0
|          Hostname: Unknown
  [-O]verwriting output

File Assignments:
|   MDIN: heat.in                                                               
|  MDOUT: heat.out                                                              
| INPCRD: ti.rst7                                                               
|   PARM: ti.parm7                                                              
| RESTRT: heat.rst7                                                             
|   REFC: ti.rst7                                                               
|  MDVEL: mdvel                                                                 
|   MDEN: heat.en                                                               
|  MDCRD: heat.nc                                                               
| MDINFO: heat.info                                                             
|LOGFILE: heat.log                                                              
|  MDFRC: mdfrc                                                                 


 Here is the input file:

heating                                                                        
 &cntrl                                                                        
   imin = 0, nstlim = 10000, irest = 0, ntx = 1, dt = 0.002,                   
   ntt = 1, temp0 = 300.0, tempi = 50.0, tautp = 1.0,                          
   ntc = 2, ntf = 1,                                                           
   ntb = 1,                                                                    
   ioutfm = 1, iwrap = 1,                                                      
   ntwe = 1000, ntwx = 1000, ntpr = 1000, ntwr = 5000,                         
                                                                               
   nmropt = 1,                                                                 
   ntr = 1, restraint_wt = 5.00,                                               
   restraintmask='!:WAT & !@H=',                                               
                                                                               
   icfe = 1, clambda = 0.0, scalpha = 0.5, scbeta = 12.0,                      
   logdvdl = 0,                                                                
   timask1 = ':1', timask2 = ':2',                                             
   ifsc=1, scmask1=':1@H6', scmask2=':2@O1,H6', crgmask=':1@H6 | :2@O1,H6'     
 /                                                                             
                                                                               
 &ewald                                                                        
 /                                                                             
                                                                               
 &wt                                                                           
   type='TEMP0',                                                               
   istep1 = 0, istep2 = 8000,                                                  
   value1 = 50.0, value2 = 300.0                                               
 /                                                                             
                                                                               
 &wt type = 'END'                                                              
 /                                                                             
                                                                               


Note: ig = -1. Setting random seed to   874886 based on wallclock time in
      microseconds and disabling the synchronization of random numbers 
      between tasks to improve performance.
| irandom = 1, using AMBER's internal random number generator (default).
 
 
| Conditional Compilation Defines Used:
| MPI
| PUBFFT
| BINTRAJ
| EMIL

| Largest sphere to fit in unit cell has radius =    32.216

| New format PARM file being parsed.
| Version =    1.000 Date = 06/20/18 Time = 12:54:01

| Note: 1-4 EEL scale factors are being read from the topology file.

| Note: 1-4 VDW scale factors are being read from the topology file.
| Duplicated    0 dihedrals

| Duplicated    0 dihedrals

--------------------------------------------------------------------------------
   1.  RESOURCE   USE: 
--------------------------------------------------------------------------------

 getting box info from netcdf restart file
 NATOM  =   30553 NTYPES =      17 NBONH =   29246 MBONA  =    1323
 NTHETH =    2992 MTHETA =    1779 NPHIH =    6075 MPHIA  =    5535
 NHPARM =       0 NPARM  =       0 NNB   =   51644 NRES   =    9475
 NBONA  =    1323 NTHETA =    1779 NPHIA =    5535 NUMBND =      69
 NUMANG =     153 NPTRA  =     180 NATYP =      38 NPHB   =       1
 IFBOX  =       1 NMXRS  =      24 IFCAP =       0 NEXTRA =       0
 NCOPY  =       0

| Coordinate Index Table dimensions:    12   13   15
| Direct force subcell size =     5.3693    5.2846    5.1419

     BOX TYPE: RECTILINEAR

--------------------------------------------------------------------------------
   2.  CONTROL  DATA  FOR  THE  RUN
--------------------------------------------------------------------------------

default_name                                                                    

General flags:
     imin    =       0, nmropt  =       1

Nature and format of input:
     ntx     =       1, irest   =       0, ntrx    =       1

Nature and format of output:
     ntxo    =       2, ntpr    =    1000, ntrx    =       1, ntwr    =    5000
     iwrap   =       1, ntwx    =    1000, ntwv    =       0, ntwe    =    1000
     ioutfm  =       1, ntwprt  =       0, idecomp =       0, rbornstat=      0

Potential function:
     ntf     =       1, ntb     =       1, igb     =       0, nsnb    =      25
     ipol    =       0, gbsa    =       0, iesp    =       0
     dielc   =   1.00000, cut     =   8.00000, intdiel =   1.00000

Frozen or restrained atoms:
     ibelly  =       0, ntr     =       1
     restraint_wt =   5.00000

Molecular dynamics:
     nstlim  =     10000, nscm    =         0, nrespa  =         1
     t       =   0.00000, dt      =   0.00200, vlimit  =  20.00000

Berendsen (weak-coupling) temperature regulation:
     temp0   = 300.00000, tempi   =  50.00000, tautp   =   1.00000

SHAKE:
     ntc     =       2, jfastw  =       0
     tol     =   0.00001

NMR refinement options:
     iscale  =       0, noeskp  =       1, ipnlty  =       1, mxsub   =       1
     scalm   = 100.00000, pencut  =   0.10000, tausw   =   0.10000

Free energy options:
     icfe    =       1, ifsc    =       1, klambda =       1
     clambda =  0.0000, scalpha =  0.5000, scbeta  = 12.0000
     sceeorder =       2
     dynlmb =  0.0000 logdvdl =       0

| Intermolecular bonds treatment:
|     no_intermolecular_bonds =       1

| Energy averages sample interval:
|     ene_avg_sampling =    1000

Ewald parameters:
     verbose =       0, ew_type =       0, nbflag  =       1, use_pme =       1
     vdwmeth =       1, eedmeth =       1, netfrc  =       1
     Box X =   64.432   Box Y =   68.700   Box Z =   77.129
     Alpha =   90.000   Beta  =   90.000   Gamma =   90.000
     NFFT1 =   72       NFFT2 =   72       NFFT3 =   80
     Cutoff=    8.000   Tol   =0.100E-04
     Ewald Coefficient =  0.34864
     Interpolation order =    4

| PMEMD ewald parallel performance parameters:
|     block_fft =    0
|     fft_blk_y_divisor =    2
|     excl_recip =    0
|     excl_master =    0
|     atm_redist_freq =  320

    LOADING THE CONSTRAINED ATOMS AS GROUPS


   5.  REFERENCE ATOM COORDINATES

  default_name                                                                    
     Mask !:WAT & !@H=; matches  1307 atoms
     TI Mask 1 :1; matches     12 atoms
     TI Mask 2 :2; matches     13 atoms
     TI region 1:   30540 atoms
     TI region 2:   30541 atoms
     SC Mask 1 :1@H6; matches      1 atoms
     SC Mask 2 :2@O1,H6; matches      2 atoms
Removing charge of       0.1305 from atom      12
Removing charge of      -0.5539 from atom      24
Removing charge of       0.3791 from atom      25
Total charge of  -0.04433900 removed from       3 atoms

--------------------------------------------------------------------------------
   3.  ATOMIC COORDINATES AND VELOCITIES
--------------------------------------------------------------------------------

default_name                                                                    
 begin time read from input coords =    30.000 ps



           Begin reading energy term weight changes/NMR restraints
 WEIGHT CHANGES:
 TEMP0         0   8000   50.000000  300.000000      0      0

 RESTRAINTS:
                          ** No restraint defined **

                  Done reading weight changes/NMR restraints


 
 Number of triangulated 3-point waters found:     9307
 WARNING: SHAKEn bond for atoms       12       11 is partially softcore.
 Coordinates for common atoms will be synchronized from V0. 
 Consider using noshake mask or disabling SHAKE.

 Number of shake restraints removed in TI region  1 :        0
 Number of shake restraints removed in TI region  2 :        0

     Sum of charges for TI region  1 =  -0.13012107
     Assuming uniform neutralizing plasma


     Sum of charges for TI region  2 =   0.17526093
     Assuming uniform neutralizing plasma

| Dynamic Memory, Types Used:
| Reals             1929097
| Integers          1696061

| Nonbonded Pairs Initial Allocation:     1741521

| Running AMBER/MPI version on    4 MPI task

 
--------------------------------------------------------------------------------
   4.  RESULTS
--------------------------------------------------------------------------------

 ---------------------------------------------------
 APPROXIMATING switch and d/dx switch using CUBIC SPLINE INTERPOLATION
 using   5000.0 points per unit in tabled values
 TESTING RELATIVE ERROR over r ranging from 0.0 to cutoff
| CHECK switch(x): max rel err =   0.2738E-14   at   2.422500
| CHECK d/dx switch(x): max rel err =   0.8332E-11   at   2.782960
 ---------------------------------------------------
|---------------------------------------------------
| APPROXIMATING direct energy using CUBIC SPLINE INTERPOLATION
|  with   50.0 points per unit in tabled values
| Relative Error Limit not exceeded for r .gt.   2.47
| APPROXIMATING direct force using CUBIC SPLINE INTERPOLATION
|  with   50.0 points per unit in tabled values
| Relative Error Limit not exceeded for r .gt.   2.89
|---------------------------------------------------
   DOF for the SC part  1 of the system:    2
   SHAKE constraints in the SC region:    1
   DOF for the SC part  2 of the system:    5
   SHAKE constraints in the SC region:    1

| TI region  1


 NSTEP =        0   TIME(PS) =       0.000  TEMP(K) =    73.42  PRESS =     0.0
 Etot   =    -86689.6986  EKtot   =      4550.5554  EPtot      =    -91240.2540
 BOND   =       391.7053  ANGLE   =      1084.2361  DIHED      =      2036.5436
 1-4 NB =       613.0702  1-4 EEL =      6016.4293  VDWAALS    =     11367.2152
 EELEC  =   -112749.4537  EHBOND  =         0.0000  RESTRAINT  =         0.0000
 DV/DL  =         2.1361
 Ewald error estimate:   0.1060E-04
 ------------------------------------------------------------------------------

  Softcore part of the system:       1 atoms,       TEMP(K)    =          72.47
 SC_Etot=         0.1900  SC_EKtot=         0.1440  SC_EPtot   =         0.0460
 SC_BOND=         0.0000  SC_ANGLE=         0.0369  SC_DIHED   =         0.0210
 SC_14NB=        -0.0119  SC_14EEL=         0.0000  SC_VDW     =         0.0000
 SC_EEL =         0.0000
 SC_RES_DIST=     0.0000  SC_RES_ANG=       0.0000  SC_RES_TORS=         0.0000
 SC_EEL_DER=      0.0000  SC_VDW_DER=      -0.9165  SC_DERIV   =        -0.9165
 ------------------------------------------------------------------------------


| TI region  2


 NSTEP =        0   TIME(PS) =       0.000  TEMP(K) =    73.42  PRESS =     0.0
 Etot   =    -86689.3923  EKtot   =      4550.8618  EPtot      =    -91240.2540
 BOND   =       391.7053  ANGLE   =      1084.2361  DIHED      =      2036.5436
 1-4 NB =       613.0702  1-4 EEL =      6016.4293  VDWAALS    =     11367.2152
 EELEC  =   -112749.4537  EHBOND  =         0.0000  RESTRAINT  =         0.0000
 DV/DL  =         2.1361
 Ewald error estimate:   0.1060E-04
 ------------------------------------------------------------------------------

  Softcore part of the system:       2 atoms,       TEMP(K)    =         128.86
 SC_Etot=         1.7254  SC_EKtot=         0.6402  SC_EPtot   =         1.0853
 SC_BOND=         0.1234  SC_ANGLE=         0.4059  SC_DIHED   =         0.5192
 SC_14NB=         0.0367  SC_14EEL=         0.0000  SC_VDW     =         0.0000
 SC_EEL =         0.0000
 SC_RES_DIST=     0.0000  SC_RES_ANG=       0.0000  SC_RES_TORS=         0.0000
 SC_EEL_DER=      0.0000  SC_VDW_DER=      -0.9165  SC_DERIV   =        -0.9165
 ------------------------------------------------------------------------------

 NMR restraints: Bond =    0.000   Angle =     0.000   Torsion =     0.000
===============================================================================

| TI region  1


 NSTEP =     1000   TIME(PS) =       2.000  TEMP(K) =   135.00  PRESS =     0.0
 Etot   =    -99926.1597  EKtot   =      8367.6754  EPtot      =   -108293.8351
 BOND   =       203.6010  ANGLE   =       510.0996  DIHED      =      1880.2780
 1-4 NB =       567.7462  1-4 EEL =      5969.3507  VDWAALS    =     16370.9910
 EELEC  =   -133937.7405  EHBOND  =         0.0000  RESTRAINT  =       141.8389
 EAMBER (non-restraint)  =   -108435.6740
 DV/DL  =         0.4314
 Ewald error estimate:   0.1827E-03
 ------------------------------------------------------------------------------

  Softcore part of the system:       1 atoms,       TEMP(K)    =          31.53
 SC_Etot=         0.3185  SC_EKtot=         0.0626  SC_EPtot   =         0.2558
 SC_BOND=         0.0000  SC_ANGLE=         0.1008  SC_DIHED   =         0.1695
 SC_14NB=        -0.0145  SC_14EEL=         0.0000  SC_VDW     =         0.0000
 SC_EEL =         0.0000
 SC_RES_DIST=     0.0000  SC_RES_ANG=       0.0000  SC_RES_TORS=         0.0000
 SC_EEL_DER=      0.0000  SC_VDW_DER=      -3.1815  SC_DERIV   =        -3.1815
 ------------------------------------------------------------------------------


| TI region  2


 NSTEP =     1000   TIME(PS) =       2.000  TEMP(K) =   135.00  PRESS =     0.0
 Etot   =    -99926.0471  EKtot   =      8367.7880  EPtot      =   -108293.8351
 BOND   =       203.6010  ANGLE   =       510.0996  DIHED      =      1880.2780
 1-4 NB =       567.7462  1-4 EEL =      5969.3507  VDWAALS    =     16370.9910
 EELEC  =   -133937.7405  EHBOND  =         0.0000  RESTRAINT  =       141.8389
 EAMBER (non-restraint)  =   -108435.6740
 DV/DL  =         0.4314
 Ewald error estimate:   0.1827E-03
 ------------------------------------------------------------------------------

  Softcore part of the system:       2 atoms,       TEMP(K)    =          35.28
 SC_Etot=         0.5444  SC_EKtot=         0.1753  SC_EPtot   =         0.3691
 SC_BOND=         0.0894  SC_ANGLE=         0.0645  SC_DIHED   =         0.1819
 SC_14NB=         0.0333  SC_14EEL=         0.0000  SC_VDW     =         0.0000
 SC_EEL =         0.0000
 SC_RES_DIST=     0.1476  SC_RES_ANG=       0.0000  SC_RES_TORS=         0.0000
 SC_EEL_DER=      0.0000  SC_VDW_DER=      -3.1815  SC_DERIV   =        -3.1815
 ------------------------------------------------------------------------------

 NMR restraints: Bond =    0.000   Angle =     0.000   Torsion =     0.000
===============================================================================

| TI region  1


 NSTEP =     2000   TIME(PS) =       4.000  TEMP(K) =   117.66  PRESS =     0.0
 Etot   =   -103319.1171  EKtot   =      7292.7137  EPtot      =   -110611.8309
 BOND   =       173.4359  ANGLE   =       491.4219  DIHED      =      1867.4581
 1-4 NB =       564.1505  1-4 EEL =      5987.0329  VDWAALS    =     17204.9015
 EELEC  =   -137029.7368  EHBOND  =         0.0000  RESTRAINT  =       129.5052
 EAMBER (non-restraint)  =   -110741.3361
 DV/DL  =         3.3949
 Ewald error estimate:   0.2789E-03
 ------------------------------------------------------------------------------

  Softcore part of the system:       1 atoms,       TEMP(K)    =          11.88
 SC_Etot=         0.0633  SC_EKtot=         0.0236  SC_EPtot   =         0.0397
 SC_BOND=         0.0000  SC_ANGLE=         0.0514  SC_DIHED   =         0.0096
 SC_14NB=        -0.0213  SC_14EEL=         0.0000  SC_VDW     =         0.0000
 SC_EEL =         0.0000
 SC_RES_DIST=     0.0000  SC_RES_ANG=       0.0000  SC_RES_TORS=         0.0000
 SC_EEL_DER=      0.0000  SC_VDW_DER=      -0.2998  SC_DERIV   =        -0.2998
 ------------------------------------------------------------------------------


| TI region  2


 NSTEP =     2000   TIME(PS) =       4.000  TEMP(K) =   117.66  PRESS =     0.0
 Etot   =   -103318.9735  EKtot   =      7292.8574  EPtot      =   -110611.8309
 BOND   =       173.4359  ANGLE   =       491.4219  DIHED      =      1867.4581
 1-4 NB =       564.1505  1-4 EEL =      5987.0329  VDWAALS    =     17204.9015
 EELEC  =   -137029.7368  EHBOND  =         0.0000  RESTRAINT  =       129.5052
 EAMBER (non-restraint)  =   -110741.3361
 DV/DL  =         3.3949
 Ewald error estimate:   0.2789E-03
 ------------------------------------------------------------------------------

  Softcore part of the system:       2 atoms,       TEMP(K)    =          33.67
 SC_Etot=         0.7600  SC_EKtot=         0.1673  SC_EPtot   =         0.5928
 SC_BOND=         0.4193  SC_ANGLE=         0.0814  SC_DIHED   =         0.0724
 SC_14NB=         0.0196  SC_14EEL=         0.0000  SC_VDW     =         0.0000
 SC_EEL =         0.0000
 SC_RES_DIST=     0.0874  SC_RES_ANG=       0.0000  SC_RES_TORS=         0.0000
 SC_EEL_DER=      0.0000  SC_VDW_DER=      -0.2998  SC_DERIV   =        -0.2998
 ------------------------------------------------------------------------------

 NMR restraints: Bond =    0.000   Angle =     0.000   Torsion =     0.000
===============================================================================

| TI region  1


 NSTEP =     3000   TIME(PS) =       6.000  TEMP(K) =   128.57  PRESS =     0.0
 Etot   =   -102489.2502  EKtot   =      7969.0099  EPtot      =   -110458.2601
 BOND   =       198.8875  ANGLE   =       525.8979  DIHED      =      1863.7232
 1-4 NB =       553.9748  1-4 EEL =      5974.8565  VDWAALS    =     17510.7871
 EELEC  =   -137224.7583  EHBOND  =         0.0000  RESTRAINT  =       138.3712
 EAMBER (non-restraint)  =   -110596.6313
 DV/DL  =         2.4680
 Ewald error estimate:   0.2935E-03
 ------------------------------------------------------------------------------

  Softcore part of the system:       1 atoms,       TEMP(K)    =         132.82
 SC_Etot=         0.4594  SC_EKtot=         0.2639  SC_EPtot   =         0.1954
 SC_BOND=         0.0000  SC_ANGLE=         0.0830  SC_DIHED   =         0.1275
 SC_14NB=        -0.0150  SC_14EEL=         0.0000  SC_VDW     =         0.0000
 SC_EEL =         0.0000
 SC_RES_DIST=     0.0000  SC_RES_ANG=       0.0000  SC_RES_TORS=         0.0000
 SC_EEL_DER=      0.0000  SC_VDW_DER=      -1.3473  SC_DERIV   =        -1.3473
 ------------------------------------------------------------------------------


| TI region  2


 NSTEP =     3000   TIME(PS) =       6.000  TEMP(K) =   128.57  PRESS =     0.0
 Etot   =   -102489.2479  EKtot   =      7969.0122  EPtot      =   -110458.2601
 BOND   =       198.8875  ANGLE   =       525.8979  DIHED      =      1863.7232
 1-4 NB =       553.9748  1-4 EEL =      5974.8565  VDWAALS    =     17510.7871
 EELEC  =   -137224.7583  EHBOND  =         0.0000  RESTRAINT  =       138.3712
 EAMBER (non-restraint)  =   -110596.6313
 DV/DL  =         2.4680
 Ewald error estimate:   0.2935E-03
 ------------------------------------------------------------------------------

  Softcore part of the system:       2 atoms,       TEMP(K)    =          53.57
 SC_Etot=         0.7190  SC_EKtot=         0.2662  SC_EPtot   =         0.4528
 SC_BOND=         0.0140  SC_ANGLE=         0.1791  SC_DIHED   =         0.2301
 SC_14NB=         0.0297  SC_14EEL=         0.0000  SC_VDW     =         0.0000
 SC_EEL =         0.0000
 SC_RES_DIST=     0.0614  SC_RES_ANG=       0.0000  SC_RES_TORS=         0.0000
 SC_EEL_DER=      0.0000  SC_VDW_DER=      -1.3473  SC_DERIV   =        -1.3473
 ------------------------------------------------------------------------------

 NMR restraints: Bond =    0.000   Angle =     0.000   Torsion =     0.000
===============================================================================

| TI region  1


 NSTEP =     4000   TIME(PS) =       8.000  TEMP(K) =   147.74  PRESS =     0.0
 Etot   =    -99774.4871  EKtot   =      9157.1562  EPtot      =   -108931.6433
 BOND   =       227.6878  ANGLE   =       586.2043  DIHED      =      1898.2415
 1-4 NB =       554.5299  1-4 EEL =      5987.8717  VDWAALS    =     17273.9077
 EELEC  =   -135618.3144  EHBOND  =         0.0000  RESTRAINT  =       158.2282
 EAMBER (non-restraint)  =   -109089.8715
 DV/DL  =         3.2180
 Ewald error estimate:   0.2421E-03
 ------------------------------------------------------------------------------

  Softcore part of the system:       1 atoms,       TEMP(K)    =          97.75
 SC_Etot=         0.2701  SC_EKtot=         0.1943  SC_EPtot   =         0.0759
 SC_BOND=         0.0000  SC_ANGLE=         0.0786  SC_DIHED   =         0.0183
 SC_14NB=        -0.0211  SC_14EEL=         0.0000  SC_VDW     =         0.0000
 SC_EEL =         0.0000
 SC_RES_DIST=     0.0000  SC_RES_ANG=       0.0000  SC_RES_TORS=         0.0000
 SC_EEL_DER=      0.0000  SC_VDW_DER=      -0.8061  SC_DERIV   =        -0.8061
 ------------------------------------------------------------------------------


| TI region  2


 NSTEP =     4000   TIME(PS) =       8.000  TEMP(K) =   147.74  PRESS =     0.0
 Etot   =    -99774.3805  EKtot   =      9157.2628  EPtot      =   -108931.6433
 BOND   =       227.6878  ANGLE   =       586.2043  DIHED      =      1898.2415
 1-4 NB =       554.5299  1-4 EEL =      5987.8717  VDWAALS    =     17273.9077
 EELEC  =   -135618.3144  EHBOND  =         0.0000  RESTRAINT  =       158.2282
 EAMBER (non-restraint)  =   -109089.8715
 DV/DL  =         3.2180
 Ewald error estimate:   0.2421E-03
 ------------------------------------------------------------------------------

  Softcore part of the system:       2 atoms,       TEMP(K)    =          60.56
 SC_Etot=         0.6061  SC_EKtot=         0.3008  SC_EPtot   =         0.3053
 SC_BOND=         0.0706  SC_ANGLE=         0.1463  SC_DIHED   =         0.0727
 SC_14NB=         0.0156  SC_14EEL=         0.0000  SC_VDW     =         0.0000
 SC_EEL =         0.0000
 SC_RES_DIST=     0.3244  SC_RES_ANG=       0.0000  SC_RES_TORS=         0.0000
 SC_EEL_DER=      0.0000  SC_VDW_DER=      -0.8061  SC_DERIV   =        -0.8061
 ------------------------------------------------------------------------------

 NMR restraints: Bond =    0.000   Angle =     0.000   Torsion =     0.000
===============================================================================

| TI region  1


 NSTEP =     5000   TIME(PS) =      10.000  TEMP(K) =   176.31  PRESS =     0.0
 Etot   =    -96174.2068  EKtot   =     10927.7900  EPtot      =   -107101.9967
 BOND   =       238.5587  ANGLE   =       657.5961  DIHED      =      1915.4035
 1-4 NB =       577.6987  1-4 EEL =      5989.4732  VDWAALS    =     16597.7595
 EELEC  =   -133255.1597  EHBOND  =         0.0000  RESTRAINT  =       176.6732
 EAMBER (non-restraint)  =   -107278.6699
 DV/DL  =         2.9581
 Ewald error estimate:   0.1890E-03
 ------------------------------------------------------------------------------

  Softcore part of the system:       1 atoms,       TEMP(K)    =         110.12
 SC_Etot=         0.3549  SC_EKtot=         0.2188  SC_EPtot   =         0.1361
 SC_BOND=         0.0000  SC_ANGLE=         0.0465  SC_DIHED   =         0.1072
 SC_14NB=        -0.0176  SC_14EEL=         0.0000  SC_VDW     =         0.0000
 SC_EEL =         0.0000
 SC_RES_DIST=     0.0000  SC_RES_ANG=       0.0000  SC_RES_TORS=         0.0000
 SC_EEL_DER=      0.0000  SC_VDW_DER=      -1.2546  SC_DERIV   =        -1.2546
 ------------------------------------------------------------------------------


| TI region  2


 NSTEP =     5000   TIME(PS) =      10.000  TEMP(K) =   176.30  PRESS =     0.0
 Etot   =    -96174.2197  EKtot   =     10927.7770  EPtot      =   -107101.9967
 BOND   =       238.5587  ANGLE   =       657.5961  DIHED      =      1915.4035
 1-4 NB =       577.6987  1-4 EEL =      5989.4732  VDWAALS    =     16597.7595
 EELEC  =   -133255.1597  EHBOND  =         0.0000  RESTRAINT  =       176.6732
 EAMBER (non-restraint)  =   -107278.6699
 DV/DL  =         2.9581
 Ewald error estimate:   0.1890E-03
 ------------------------------------------------------------------------------

  Softcore part of the system:       2 atoms,       TEMP(K)    =          41.45
 SC_Etot=         0.4585  SC_EKtot=         0.2059  SC_EPtot   =         0.2526
 SC_BOND=         0.0674  SC_ANGLE=         0.0655  SC_DIHED   =         0.0929
 SC_14NB=         0.0268  SC_14EEL=         0.0000  SC_VDW     =         0.0000
 SC_EEL =         0.0000
 SC_RES_DIST=     0.1357  SC_RES_ANG=       0.0000  SC_RES_TORS=         0.0000
 SC_EEL_DER=      0.0000  SC_VDW_DER=      -1.2546  SC_DERIV   =        -1.2546
 ------------------------------------------------------------------------------

 NMR restraints: Bond =    0.000   Angle =     0.000   Torsion =     0.000
===============================================================================

| TI region  1


 NSTEP =     6000   TIME(PS) =      12.000  TEMP(K) =   203.60  PRESS =     0.0
 Etot   =    -92014.7512  EKtot   =     12619.3111  EPtot      =   -104634.0624
 BOND   =       305.4768  ANGLE   =       770.3744  DIHED      =      1938.1821
 1-4 NB =       577.6768  1-4 EEL =      5980.2019  VDWAALS    =     16115.6530
 EELEC  =   -130514.1470  EHBOND  =         0.0000  RESTRAINT  =       192.5198
 EAMBER (non-restraint)  =   -104826.5821
 DV/DL  =         1.6327
 Ewald error estimate:   0.2597E-03
 ------------------------------------------------------------------------------

  Softcore part of the system:       1 atoms,       TEMP(K)    =          68.48
 SC_Etot=         0.5918  SC_EKtot=         0.1361  SC_EPtot   =         0.4557
 SC_BOND=         0.0000  SC_ANGLE=         0.0773  SC_DIHED   =         0.3937
 SC_14NB=        -0.0152  SC_14EEL=         0.0000  SC_VDW     =         0.0000
 SC_EEL =         0.0000
 SC_RES_DIST=     0.0000  SC_RES_ANG=       0.0000  SC_RES_TORS=         0.0000
 SC_EEL_DER=      0.0000  SC_VDW_DER=      -2.5107  SC_DERIV   =        -2.5107
 ------------------------------------------------------------------------------


| TI region  2


 NSTEP =     6000   TIME(PS) =      12.000  TEMP(K) =   203.61  PRESS =     0.0
 Etot   =    -92013.8290  EKtot   =     12620.2334  EPtot      =   -104634.0624
 BOND   =       305.4768  ANGLE   =       770.3744  DIHED      =      1938.1821
 1-4 NB =       577.6768  1-4 EEL =      5980.2019  VDWAALS    =     16115.6530
 EELEC  =   -130514.1470  EHBOND  =         0.0000  RESTRAINT  =       192.5198
 EAMBER (non-restraint)  =   -104826.5821
 DV/DL  =         1.6327
 Ewald error estimate:   0.2597E-03
 ------------------------------------------------------------------------------

  Softcore part of the system:       2 atoms,       TEMP(K)    =         213.03
 SC_Etot=         2.8849  SC_EKtot=         1.0583  SC_EPtot   =         1.8266
 SC_BOND=         0.0002  SC_ANGLE=         0.4706  SC_DIHED   =         1.3178
 SC_14NB=         0.0381  SC_14EEL=         0.0000  SC_VDW     =         0.0000
 SC_EEL =         0.0000
 SC_RES_DIST=     0.0465  SC_RES_ANG=       0.0000  SC_RES_TORS=         0.0000
 SC_EEL_DER=      0.0000  SC_VDW_DER=      -2.5107  SC_DERIV   =        -2.5107
 ------------------------------------------------------------------------------

 NMR restraints: Bond =    0.000   Angle =     0.000   Torsion =     0.000
===============================================================================

| TI region  1


 NSTEP =     7000   TIME(PS) =      14.000  TEMP(K) =   231.09  PRESS =     0.0
 Etot   =    -87331.8741  EKtot   =     14323.3736  EPtot      =   -101655.2477
 BOND   =       342.0357  ANGLE   =       885.9525  DIHED      =      1976.6901
 1-4 NB =       569.0090  1-4 EEL =      5915.5159  VDWAALS    =     14786.2918
 EELEC  =   -126328.6718  EHBOND  =         0.0000  RESTRAINT  =       197.9290
 EAMBER (non-restraint)  =   -101853.1767
 DV/DL  =        -0.2047
 Ewald error estimate:   0.1049E-03
 ------------------------------------------------------------------------------

  Softcore part of the system:       1 atoms,       TEMP(K)    =         306.11
 SC_Etot=         1.4930  SC_EKtot=         0.6083  SC_EPtot   =         0.8847
 SC_BOND=         0.0000  SC_ANGLE=         0.8134  SC_DIHED   =         0.0857
 SC_14NB=        -0.0144  SC_14EEL=         0.0000  SC_VDW     =         0.0000
 SC_EEL =         0.0000
 SC_RES_DIST=     0.0000  SC_RES_ANG=       0.0000  SC_RES_TORS=         0.0000
 SC_EEL_DER=      0.0000  SC_VDW_DER=      -2.0954  SC_DERIV   =        -2.0954
 ------------------------------------------------------------------------------


| TI region  2


 NSTEP =     7000   TIME(PS) =      14.000  TEMP(K) =   231.09  PRESS =     0.0
 Etot   =    -87331.7794  EKtot   =     14323.4683  EPtot      =   -101655.2477
 BOND   =       342.0357  ANGLE   =       885.9525  DIHED      =      1976.6901
 1-4 NB =       569.0090  1-4 EEL =      5915.5159  VDWAALS    =     14786.2918
 EELEC  =   -126328.6718  EHBOND  =         0.0000  RESTRAINT  =       197.9290
 EAMBER (non-restraint)  =   -101853.1767
 DV/DL  =        -0.2047
 Ewald error estimate:   0.1049E-03
 ------------------------------------------------------------------------------

  Softcore part of the system:       2 atoms,       TEMP(K)    =         141.51
 SC_Etot=         1.9492  SC_EKtot=         0.7030  SC_EPtot   =         1.2462
 SC_BOND=         0.3156  SC_ANGLE=         0.2849  SC_DIHED   =         0.6324
 SC_14NB=         0.0133  SC_14EEL=         0.0000  SC_VDW     =         0.0000
 SC_EEL =         0.0000
 SC_RES_DIST=     0.4254  SC_RES_ANG=       0.0000  SC_RES_TORS=         0.0000
 SC_EEL_DER=      0.0000  SC_VDW_DER=      -2.0954  SC_DERIV   =        -2.0954
 ------------------------------------------------------------------------------

 NMR restraints: Bond =    0.000   Angle =     0.000   Torsion =     0.000
===============================================================================

| TI region  1


 NSTEP =     8000   TIME(PS) =      16.000  TEMP(K) =   251.07  PRESS =     0.0
 Etot   =    -81972.0337  EKtot   =     15561.2722  EPtot      =    -97533.3059
 BOND   =       390.4489  ANGLE   =      1013.2339  DIHED      =      1991.6228
 1-4 NB =       605.0814  1-4 EEL =      5985.8774  VDWAALS    =     13273.9631
 EELEC  =   -121011.9956  EHBOND  =         0.0000  RESTRAINT  =       218.4620
 EAMBER (non-restraint)  =    -97751.7679
 DV/DL  =         2.5806
 Ewald error estimate:   0.1117E-03
 ------------------------------------------------------------------------------

  Softcore part of the system:       1 atoms,       TEMP(K)    =         121.97
 SC_Etot=         0.5012  SC_EKtot=         0.2424  SC_EPtot   =         0.2588
 SC_BOND=         0.0000  SC_ANGLE=         0.0917  SC_DIHED   =         0.1861
 SC_14NB=        -0.0190  SC_14EEL=         0.0000  SC_VDW     =         0.0000
 SC_EEL =         0.0000
 SC_RES_DIST=     0.0000  SC_RES_ANG=       0.0000  SC_RES_TORS=         0.0000
 SC_EEL_DER=      0.0000  SC_VDW_DER=      -1.1976  SC_DERIV   =        -1.1976
 ------------------------------------------------------------------------------


| TI region  2


 NSTEP =     8000   TIME(PS) =      16.000  TEMP(K) =   251.05  PRESS =     0.0
 Etot   =    -81972.0727  EKtot   =     15561.2332  EPtot      =    -97533.3059
 BOND   =       390.4489  ANGLE   =      1013.2339  DIHED      =      1991.6228
 1-4 NB =       605.0814  1-4 EEL =      5985.8774  VDWAALS    =     13273.9631
 EELEC  =   -121011.9956  EHBOND  =         0.0000  RESTRAINT  =       218.4620
 EAMBER (non-restraint)  =    -97751.7679
 DV/DL  =         2.5806
 Ewald error estimate:   0.1117E-03
 ------------------------------------------------------------------------------

  Softcore part of the system:       2 atoms,       TEMP(K)    =          40.95
 SC_Etot=         1.1418  SC_EKtot=         0.2034  SC_EPtot   =         0.9384
 SC_BOND=         0.0099  SC_ANGLE=         0.6652  SC_DIHED   =         0.1833
 SC_14NB=         0.0801  SC_14EEL=         0.0000  SC_VDW     =         0.0000
 SC_EEL =         0.0000
 SC_RES_DIST=     0.3683  SC_RES_ANG=       0.0000  SC_RES_TORS=         0.0000
 SC_EEL_DER=      0.0000  SC_VDW_DER=      -1.1976  SC_DERIV   =        -1.1976
 ------------------------------------------------------------------------------

 NMR restraints: Bond =    0.000   Angle =     0.000   Torsion =     0.000
===============================================================================

| TI region  1


 NSTEP =     9000   TIME(PS) =      18.000  TEMP(K) =   276.16  PRESS =     0.0
 Etot   =    -77673.0310  EKtot   =     17116.5081  EPtot      =    -94789.5391
 BOND   =       443.9058  ANGLE   =      1119.2024  DIHED      =      2021.3805
 1-4 NB =       598.1797  1-4 EEL =      5963.9855  VDWAALS    =     12278.6841
 EELEC  =   -117470.4118  EHBOND  =         0.0000  RESTRAINT  =       255.5346
 EAMBER (non-restraint)  =    -95045.0737
 DV/DL  =         3.2936
 Ewald error estimate:   0.4641E-04
 ------------------------------------------------------------------------------

  Softcore part of the system:       1 atoms,       TEMP(K)    =         381.94
 SC_Etot=         1.2011  SC_EKtot=         0.7590  SC_EPtot   =         0.4421
 SC_BOND=         0.0000  SC_ANGLE=         0.1880  SC_DIHED   =         0.2734
 SC_14NB=        -0.0193  SC_14EEL=         0.0000  SC_VDW     =         0.0000
 SC_EEL =         0.0000
 SC_RES_DIST=     0.0000  SC_RES_ANG=       0.0000  SC_RES_TORS=         0.0000
 SC_EEL_DER=      0.0000  SC_VDW_DER=      -0.3687  SC_DERIV   =        -0.3687
 ------------------------------------------------------------------------------


| TI region  2


 NSTEP =     9000   TIME(PS) =      18.000  TEMP(K) =   276.16  PRESS =     0.0
 Etot   =    -77672.1037  EKtot   =     17117.4354  EPtot      =    -94789.5391
 BOND   =       443.9058  ANGLE   =      1119.2024  DIHED      =      2021.3805
 1-4 NB =       598.1797  1-4 EEL =      5963.9855  VDWAALS    =     12278.6841
 EELEC  =   -117470.4118  EHBOND  =         0.0000  RESTRAINT  =       255.5346
 EAMBER (non-restraint)  =    -95045.0737
 DV/DL  =         3.2936
 Ewald error estimate:   0.4641E-04
 ------------------------------------------------------------------------------

  Softcore part of the system:       2 atoms,       TEMP(K)    =         339.42
 SC_Etot=         2.3437  SC_EKtot=         1.6862  SC_EPtot   =         0.6575
 SC_BOND=         0.0044  SC_ANGLE=         0.0530  SC_DIHED   =         0.5790
 SC_14NB=         0.0212  SC_14EEL=         0.0000  SC_VDW     =         0.0000
 SC_EEL =         0.0000
 SC_RES_DIST=     0.4729  SC_RES_ANG=       0.0000  SC_RES_TORS=         0.0000
 SC_EEL_DER=      0.0000  SC_VDW_DER=      -0.3687  SC_DERIV   =        -0.3687
 ------------------------------------------------------------------------------

 NMR restraints: Bond =    0.000   Angle =     0.000   Torsion =     0.000
===============================================================================

| TI region  1


 NSTEP =    10000   TIME(PS) =      20.000  TEMP(K) =   286.49  PRESS =     0.0
 Etot   =    -75312.9537  EKtot   =     17757.1010  EPtot      =    -93070.0547
 BOND   =       462.2010  ANGLE   =      1170.4493  DIHED      =      2034.2794
 1-4 NB =       618.0145  1-4 EEL =      5949.9466  VDWAALS    =     11864.3256
 EELEC  =   -115421.1735  EHBOND  =         0.0000  RESTRAINT  =       251.9023
 EAMBER (non-restraint)  =    -93321.9570
 DV/DL  =         2.0637
 Ewald error estimate:   0.4124E-05
 ------------------------------------------------------------------------------

  Softcore part of the system:       1 atoms,       TEMP(K)    =         186.83
 SC_Etot=         0.7742  SC_EKtot=         0.3713  SC_EPtot   =         0.4030
 SC_BOND=         0.0000  SC_ANGLE=         0.1091  SC_DIHED   =         0.3065
 SC_14NB=        -0.0126  SC_14EEL=         0.0000  SC_VDW     =         0.0000
 SC_EEL =         0.0000
 SC_RES_DIST=     0.0000  SC_RES_ANG=       0.0000  SC_RES_TORS=         0.0000
 SC_EEL_DER=      0.0000  SC_VDW_DER=      -0.7492  SC_DERIV   =        -0.7492
 ------------------------------------------------------------------------------


| TI region  2


 NSTEP =    10000   TIME(PS) =      20.000  TEMP(K) =   286.48  PRESS =     0.0
 Etot   =    -75312.8291  EKtot   =     17757.2256  EPtot      =    -93070.0547
 BOND   =       462.2010  ANGLE   =      1170.4493  DIHED      =      2034.2794
 1-4 NB =       618.0145  1-4 EEL =      5949.9466  VDWAALS    =     11864.3256
 EELEC  =   -115421.1735  EHBOND  =         0.0000  RESTRAINT  =       251.9023
 EAMBER (non-restraint)  =    -93321.9570
 DV/DL  =         2.0637
 Ewald error estimate:   0.4124E-05
 ------------------------------------------------------------------------------

  Softcore part of the system:       2 atoms,       TEMP(K)    =          99.81
 SC_Etot=         2.0410  SC_EKtot=         0.4959  SC_EPtot   =         1.5452
 SC_BOND=         0.3274  SC_ANGLE=         0.8565  SC_DIHED   =         0.3660
 SC_14NB=        -0.0048  SC_14EEL=         0.0000  SC_VDW     =         0.0000
 SC_EEL =         0.0000
 SC_RES_DIST=     0.0882  SC_RES_ANG=       0.0000  SC_RES_TORS=         0.0000
 SC_EEL_DER=      0.0000  SC_VDW_DER=      -0.7492  SC_DERIV   =        -0.7492
 ------------------------------------------------------------------------------

 NMR restraints: Bond =    0.000   Angle =     0.000   Torsion =     0.000
===============================================================================

| TI region  1


      A V E R A G E S   O V E R      10 S T E P S


 NSTEP =    10000   TIME(PS) =      20.000  TEMP(K) =   195.37  PRESS =     0.0
 Etot   =    -91598.7865  EKtot   =     12109.1911  EPtot      =   -103707.9776
 BOND   =       298.6239  ANGLE   =       773.0432  DIHED      =      1938.7259
 1-4 NB =       578.6062  1-4 EEL =      5970.4112  VDWAALS    =     15327.7264
 EELEC  =   -128781.2109  EHBOND  =         0.0000  RESTRAINT  =       186.0964
 EAMBER (non-restraint)  =   -103894.0740
 DV/DL  =         2.1836
 Ewald error estimate:   0.1713E-03
 ------------------------------------------------------------------------------

 NMR restraints: Bond =    0.000   Angle =     0.000   Torsion =     0.000
===============================================================================
  Softcore part of the system:       1 atoms,       TEMP(K)    =         144.94
 SC_Etot=         0.6027  SC_EKtot=         0.2880  SC_EPtot   =         0.3147
 SC_BOND=         0.0000  SC_ANGLE=         0.1640  SC_DIHED   =         0.1677
 SC_14NB=        -0.0170  SC_14EEL=         0.0000  SC_VDW     =         0.0000
 SC_EEL =         0.0000
 SC_RES_DIST=     0.0000  SC_RES_ANG=       0.0000  SC_RES_TORS=         0.0000
 SC_EEL_DER=      0.0000  SC_VDW_DER=      -1.3811  SC_DERIV   =        -1.3811
 ------------------------------------------------------------------------------


      R M S  F L U C T U A T I O N S


 NSTEP =    10000   TIME(PS) =      20.000  TEMP(K) =    60.04  PRESS =     0.0
 Etot   =      9916.1434  EKtot   =      3721.5657  EPtot      =      6236.7259
 BOND   =       100.7552  ANGLE   =       246.1651  DIHED      =        60.4198
 1-4 NB =        20.6013  1-4 EEL =        21.8496  VDWAALS    =      2029.8343
 EELEC  =      7800.5588  EHBOND  =         0.0000  RESTRAINT  =        43.2265
 EAMBER (non-restraint)  =      6193.4994
 DV/DL  =         1.1704
 Ewald error estimate:   0.9555E-04
 ------------------------------------------------------------------------------

  Softcore part of the system:       1 atoms,       TEMP(K)    =         111.55
 SC_Etot=         0.4189  SC_EKtot=         0.2217  SC_EPtot   =         0.2354
 SC_BOND=         0.0000  SC_ANGLE=         0.2196  SC_DIHED   =         0.1188
 SC_14NB=         0.0029  SC_14EEL=         0.0000  SC_VDW     =         0.0000
 SC_EEL =         0.0000
 SC_RES_DIST=     0.0000  SC_RES_ANG=       0.0000  SC_RES_TORS=         0.0000
 SC_EEL_DER=      0.0000  SC_VDW_DER=       0.8946  SC_DERIV   =         0.8946
 ------------------------------------------------------------------------------


| TI region  2


      A V E R A G E S   O V E R      10 S T E P S


 NSTEP =    10000   TIME(PS) =      20.000  TEMP(K) =   195.37  PRESS =     0.0
 Etot   =    -91598.5483  EKtot   =     12109.4293  EPtot      =   -103707.9776
 BOND   =       298.6239  ANGLE   =       773.0432  DIHED      =      1938.7259
 1-4 NB =       578.6062  1-4 EEL =      5970.4112  VDWAALS    =     15327.7264
 EELEC  =   -128781.2109  EHBOND  =         0.0000  RESTRAINT  =       186.0964
 EAMBER (non-restraint)  =   -103894.0740
 DV/DL  =         2.1836
 Ewald error estimate:   0.1713E-03
 ------------------------------------------------------------------------------

 NMR restraints: Bond =    0.000   Angle =     0.000   Torsion =     0.000
===============================================================================
  Softcore part of the system:       2 atoms,       TEMP(K)    =         105.92
 SC_Etot=         1.3449  SC_EKtot=         0.5262  SC_EPtot   =         0.8186
 SC_BOND=         0.1318  SC_ANGLE=         0.2867  SC_DIHED   =         0.3729
 SC_14NB=         0.0273  SC_14EEL=         0.0000  SC_VDW     =         0.0000
 SC_EEL =         0.0000
 SC_RES_DIST=     0.2158  SC_RES_ANG=       0.0000  SC_RES_TORS=         0.0000
 SC_EEL_DER=      0.0000  SC_VDW_DER=      -1.3811  SC_DERIV   =        -1.3811
 ------------------------------------------------------------------------------


      R M S  F L U C T U A T I O N S


 NSTEP =    10000   TIME(PS) =      20.000  TEMP(K) =    60.04  PRESS =     0.0
 Etot   =      9916.2556  EKtot   =      3721.6859  EPtot      =      6236.7259
 BOND   =       100.7552  ANGLE   =       246.1651  DIHED      =        60.4198
 1-4 NB =        20.6013  1-4 EEL =        21.8496  VDWAALS    =      2029.8343
 EELEC  =      7800.5588  EHBOND  =         0.0000  RESTRAINT  =        43.2265
 EAMBER (non-restraint)  =      6193.4994
 DV/DL  =         1.1704
 Ewald error estimate:   0.9555E-04
 ------------------------------------------------------------------------------

  Softcore part of the system:       2 atoms,       TEMP(K)    =          95.23
 SC_Etot=         0.8347  SC_EKtot=         0.4731  SC_EPtot   =         0.5232
 SC_BOND=         0.1506  SC_ANGLE=         0.2698  SC_DIHED   =         0.3680
 SC_14NB=         0.0210  SC_14EEL=         0.0000  SC_VDW     =         0.0000
 SC_EEL =         0.0000
 SC_RES_DIST=     0.1554  SC_RES_ANG=       0.0000  SC_RES_TORS=         0.0000
 SC_EEL_DER=      0.0000  SC_VDW_DER=       0.8946  SC_DERIV   =         0.8946
 ------------------------------------------------------------------------------


      DV/DL, AVERAGES OVER      10 STEPS


 NSTEP =    10000   TIME(PS) =      20.000  TEMP(K) =    60.04  PRESS =     0.0
 Etot   =         0.0000  EKtot   =         0.0000  EPtot      =         2.1836
 BOND   =        -0.0000  ANGLE   =        -0.0000  DIHED      =         0.0000
 1-4 NB =         0.0000  1-4 EEL =        -8.0340  VDWAALS    =        -4.3128
 EELEC  =        14.5304  EHBOND  =         0.0000  RESTRAINT  =         0.0000
 EAMBER (non-restraint)  =         2.1836
 DV/DL  =         2.1836
 Ewald error estimate:   0.0000E+00
 ------------------------------------------------------------------------------


 NMR restraints on final step:

--------------------------------------------------------------------------------
   5.  TIMINGS
--------------------------------------------------------------------------------

|  NonSetup CPU Time in Major Routines, Average for All Tasks:
|
|     Routine           Sec        %
|     ------------------------------
|     DataDistrib      30.49    4.36
|     Nonbond         634.58   90.80
|     Bond              2.77    0.40
|     Angle             1.69    0.24
|     Dihedral          9.53    1.36
|     Shake             4.11    0.59
|     RunMD            15.71    2.25
|     Other             0.04    0.01
|     ------------------------------
|     Total           698.91

|  PME Nonbond Pairlist CPU Time, Average for All Tasks:
|
|     Routine              Sec        %
|     ---------------------------------
|     Set Up Cit           1.18    0.17
|     Build List          43.35    6.20
|     ---------------------------------
|     Total               44.53    6.37

|  PME Direct Force CPU Time, Average for All Tasks:
|
|     Routine              Sec        %
|     ---------------------------------
|     NonBonded Calc     255.48   36.55
|     Exclude Masked      13.82    1.98
|     Other               31.52    4.51
|     ---------------------------------
|     Total              300.82   43.04

|  PME Reciprocal Force CPU Time, Average for All Tasks:
|
|     Routine              Sec        %
|     ---------------------------------
|     1D bspline          27.01    3.86
|     Grid Charges        38.72    5.54
|     Scalar Sum           5.74    0.82
|     Gradient Sum        49.08    7.02
|     FFT                168.62   24.13
|     ---------------------------------
|     Total              289.18   41.38

|  PME Load Balancing CPU Time, Average for All Tasks:
|
|     Routine                 Sec        %
|     ------------------------------------
|     Atom Reassign           0.00    0.00
|     Image Reassign          0.01    0.00
|     FFT Reassign            0.00    0.00
|     ------------------------------------
|     Total                   0.01    0.00

|  Final Performance Info:
|     -----------------------------------------------------
|     Average timings for last       1 steps:
|     Elapsed(s) =       0.00 Per Step(ms) =       0.88
|         ns/day =     195.47   seconds/ns =     442.02
|
|     Average timings for all steps:
|     Elapsed(s) =     701.90 Per Step(ms) =      70.19
|         ns/day =       2.46   seconds/ns =   35094.77
|     -----------------------------------------------------

|  Master Setup CPU time:            0.28 seconds
|  Master NonSetup CPU time:       698.02 seconds
|  Master Total CPU time:          698.30 seconds     0.19 hours

|  Master Setup wall time:           0    seconds
|  Master NonSetup wall time:      702    seconds
|  Master Total wall time:         702    seconds     0.20 hours
