
Static FFT Slab Distribution:

  FFT slabs assigned to    4 tasks
  Maximum of   20 xy slabs per task
  Maximum of   18 zx slabs per task
  Count of FFT xy slabs assigned to each task:
      20  20  20  20
  Count of FFT xz slabs assigned to each task:
      18  18  18  18

Atom Distribution No.     2 at run step    4995:

  Count of atoms assigned to each task:
         6713     8663     8502     6675

Atom Distribution No.     3 at run step    8578:

  Count of atoms assigned to each task:
         6712     8706     8357     6778

Major Routine Parallel Profiling - NonSetup CPU Seconds:

           D                                                              
           a                                                              
           t                                                              
           a                              D                               
           D         N                    i                               
           i         o                    h                               
           s         n             A      e      S      R      O         T
   T       t         B      B      n      d      h      u      t         o
   a       r         o      o      g      r      a      n      h         t
   s       i         n      n      l      a      k      M      e         a
   k       b         d      d      e      l      e      D      r         l
------------------------------------------------------------------------------
   0    34.9     623.1    2.4    2.7   15.1    3.9   15.9    0.0     698.0
   1    26.0     647.1    3.1    0.3    1.6    4.5   15.8    0.1     698.4
   2    26.4     647.2    3.0    0.6    3.1    4.4   15.5    0.0     700.2
   3    34.6     620.8    2.6    3.2   18.4    3.8   15.7    0.0     699.0
------------------------------------------------------------------------------
 avg    30.5     634.6    2.8    1.7    9.5    4.1   15.7    0.0     698.9
 min    26.0     620.8    2.4    0.3    1.6    3.8   15.5    0.0     698.0
 max    34.9     647.2    3.1    3.2   18.4    4.5   15.9    0.1     700.2
 std     4.3      12.6    0.3    1.3    7.3    0.3    0.2    0.0       0.8
------------------------------------------------------------------------------

PME NonBond Parallel Profiling - NonSetup CPU Seconds:

                     D                           
           P         i         R                 
           a         r         e      L          
           i         e         c      o          
           r         c         i      a         T
   T       l         t         p      d         o
   a       i         F         F      B         t
   s       s         r         r      a         a
   k       t         c         c      l         l
-------------------------------------------------
   0    40.6     292.4     290.1    0.0     623.1
   1    48.3     317.1     281.6    0.0     647.1
   2    48.3     310.8     288.0    0.0     647.2
   3    40.9     282.9     297.0    0.0     620.8
-------------------------------------------------
 avg    44.5     300.8     289.2    0.0     634.5
-------------------------------------------------
