
          -------------------------------------------------------
          Amber 18 PMEMD                              2018
          -------------------------------------------------------

| PMEMD implementation of SANDER, Release 18

| Run on 06/20/2018 at 23:41:46

|   Executable path: /home/uv10/amber/bin/pmemd
| Working directory: /home/uv10/tutorials-amber/A9/ligand/pmemd/free_energy/ligands/vdw_bonded/0.3
|          Hostname: Unknown
  [-O]verwriting output

File Assignments:
|   MDIN: heat.in                                                               
|  MDOUT: heat.out                                                              
| INPCRD: ti.rst7                                                               
|   PARM: ti.parm7                                                              
| RESTRT: heat.rst7                                                             
|   REFC: ti.rst7                                                               
|  MDVEL: mdvel                                                                 
|   MDEN: heat.en                                                               
|  MDCRD: heat.nc                                                               
| MDINFO: heat.info                                                             
|  MDFRC: mdfrc                                                                 


 Here is the input file:

heating                                                                        
 &cntrl                                                                        
   imin = 0, nstlim = 10000, irest = 0, ntx = 1, dt = 0.002,                   
   ntt = 1, temp0 = 300.0, tempi = 50.0, tautp = 1.0,                          
   ntc = 2, ntf = 1,                                                           
   ntb = 1,                                                                    
   ioutfm = 1, iwrap = 1,                                                      
   ntwe = 1000, ntwx = 1000, ntpr = 1000, ntwr = 5000,                         
                                                                               
   nmropt = 1,                                                                 
   ntr = 1, restraint_wt = 5.00,                                               
   restraintmask='!:WAT & !@H=',                                               
                                                                               
   icfe = 1, clambda = 0.3, scalpha = 0.5, scbeta = 12.0,                      
   logdvdl = 0,                                                                
   timask1 = ':1', timask2 = ':2',                                             
   ifsc=1, scmask1=':1@H6', scmask2=':2@O1,H6', crgmask=':1@H6 | :2@O1,H6'     
 /                                                                             
                                                                               
 &ewald                                                                        
 /                                                                             
                                                                               
 &wt                                                                           
   type='TEMP0',                                                               
   istep1 = 0, istep2 = 8000,                                                  
   value1 = 50.0, value2 = 300.0                                               
 /                                                                             
                                                                               
 &wt type = 'END'                                                              
 /                                                                             
                                                                               


Note: ig = -1. Setting random seed to   114511 based on wallclock time in 
      microseconds.
| irandom = 1, using AMBER's internal random number generator (default).
 
 
| Conditional Compilation Defines Used:
| PUBFFT
| BINTRAJ
| EMIL

| Largest sphere to fit in unit cell has radius =    14.956

| New format PARM file being parsed.
| Version =    1.000 Date = 06/20/18 Time = 12:53:56

| Note: 1-4 EEL scale factors are being read from the topology file.

| Note: 1-4 VDW scale factors are being read from the topology file.
| Duplicated    0 dihedrals

| Duplicated    0 dihedrals

--------------------------------------------------------------------------------
   1.  RESOURCE   USE: 
--------------------------------------------------------------------------------

 getting box info from netcdf restart file
 NATOM  =    2632 NTYPES =       6 NBONH =    2619 MBONA  =      13
 NTHETH =      23 MTHETA =      14 NPHIH =      47 MPHIA  =      14
 NHPARM =       0 NPARM  =       0 NNB   =    3584 NRES   =     871
 NBONA  =      13 NTHETA =      14 NPHIA =      14 NUMBND =       6
 NUMANG =       4 NPTRA  =       3 NATYP =       6 NPHB   =       1
 IFBOX  =       1 NMXRS  =      13 IFCAP =       0 NEXTRA =       0
 NCOPY  =       0

| Coordinate Index Table dimensions:     6    6    7
| Direct force subcell size =     4.9853    5.1585    4.5323

     BOX TYPE: RECTILINEAR

--------------------------------------------------------------------------------
   2.  CONTROL  DATA  FOR  THE  RUN
--------------------------------------------------------------------------------

default_name                                                                    

General flags:
     imin    =       0, nmropt  =       1

Nature and format of input:
     ntx     =       1, irest   =       0, ntrx    =       1

Nature and format of output:
     ntxo    =       2, ntpr    =    1000, ntrx    =       1, ntwr    =    5000
     iwrap   =       1, ntwx    =    1000, ntwv    =       0, ntwe    =    1000
     ioutfm  =       1, ntwprt  =       0, idecomp =       0, rbornstat=      0

Potential function:
     ntf     =       1, ntb     =       1, igb     =       0, nsnb    =      25
     ipol    =       0, gbsa    =       0, iesp    =       0
     dielc   =   1.00000, cut     =   8.00000, intdiel =   1.00000

Frozen or restrained atoms:
     ibelly  =       0, ntr     =       1
     restraint_wt =   5.00000

Molecular dynamics:
     nstlim  =     10000, nscm    =         0, nrespa  =         1
     t       =   0.00000, dt      =   0.00200, vlimit  =  20.00000

Berendsen (weak-coupling) temperature regulation:
     temp0   = 300.00000, tempi   =  50.00000, tautp   =   1.00000

SHAKE:
     ntc     =       2, jfastw  =       0
     tol     =   0.00001

NMR refinement options:
     iscale  =       0, noeskp  =       1, ipnlty  =       1, mxsub   =       1
     scalm   = 100.00000, pencut  =   0.10000, tausw   =   0.10000

Free energy options:
     icfe    =       1, ifsc    =       1, klambda =       1
     clambda =  0.3000, scalpha =  0.5000, scbeta  = 12.0000
     sceeorder =       2
     dynlmb =  0.0000 logdvdl =       0

| Intermolecular bonds treatment:
|     no_intermolecular_bonds =       1

| Energy averages sample interval:
|     ene_avg_sampling =    1000

Ewald parameters:
     verbose =       0, ew_type =       0, nbflag  =       1, use_pme =       1
     vdwmeth =       1, eedmeth =       1, netfrc  =       1
     Box X =   29.912   Box Y =   30.951   Box Z =   31.726
     Alpha =   90.000   Beta  =   90.000   Gamma =   90.000
     NFFT1 =   30       NFFT2 =   32       NFFT3 =   32
     Cutoff=    8.000   Tol   =0.100E-04
     Ewald Coefficient =  0.34864
     Interpolation order =    4

    LOADING THE CONSTRAINED ATOMS AS GROUPS


   5.  REFERENCE ATOM COORDINATES

  default_name                                                                    
     Mask !:WAT & !@H=; matches    13 atoms
     TI Mask 1 :1; matches     12 atoms
     TI Mask 2 :2; matches     13 atoms
     TI region 1:    2619 atoms
     TI region 2:    2620 atoms
     SC Mask 1 :1@H6; matches      1 atoms
     SC Mask 2 :2@O1,H6; matches      2 atoms
Removing charge of       0.1305 from atom      12
Removing charge of      -0.5539 from atom      24
Removing charge of       0.3791 from atom      25
Total charge of  -0.04433900 removed from       3 atoms

--------------------------------------------------------------------------------
   3.  ATOMIC COORDINATES AND VELOCITIES
--------------------------------------------------------------------------------

default_name                                                                    
 begin time read from input coords =    40.000 ps



           Begin reading energy term weight changes/NMR restraints
 WEIGHT CHANGES:
 TEMP0         0   8000   50.000000  300.000000      0      0

 RESTRAINTS:
                          ** No restraint defined **

                  Done reading weight changes/NMR restraints


 
 Number of triangulated 3-point waters found:      869
 WARNING: SHAKEn bond for atoms       11       12 is partially softcore.
 Coordinates for common atoms will be synchronized from V0. 
 Consider using noshake mask or disabling SHAKE.

 Number of shake restraints removed in TI region  1 :        0
 Number of shake restraints removed in TI region  2 :        0

     Sum of charges for TI region  1 =  -0.13052100
     Assuming uniform neutralizing plasma


     Sum of charges for TI region  2 =   0.17486100
     Assuming uniform neutralizing plasma

| Dynamic Memory, Types Used:
| Reals              230941
| Integers           100851

| Nonbonded Pairs Initial Allocation:      439609

--------------------------------------------------------------------------------
   4.  RESULTS
--------------------------------------------------------------------------------

 ---------------------------------------------------
 APPROXIMATING switch and d/dx switch using CUBIC SPLINE INTERPOLATION
 using   5000.0 points per unit in tabled values
 TESTING RELATIVE ERROR over r ranging from 0.0 to cutoff
| CHECK switch(x): max rel err =   0.2738E-14   at   2.422500
| CHECK d/dx switch(x): max rel err =   0.8332E-11   at   2.782960
 ---------------------------------------------------
|---------------------------------------------------
| APPROXIMATING direct energy using CUBIC SPLINE INTERPOLATION
|  with   50.0 points per unit in tabled values
| Relative Error Limit not exceeded for r .gt.   2.47
| APPROXIMATING direct force using CUBIC SPLINE INTERPOLATION
|  with   50.0 points per unit in tabled values
| Relative Error Limit not exceeded for r .gt.   2.89
|---------------------------------------------------
   DOF for the SC part  1 of the system:    2
   SHAKE constraints in the SC region:    1
   DOF for the SC part  2 of the system:    5
   SHAKE constraints in the SC region:    1

| TI region  1


 NSTEP =        0   TIME(PS) =       0.000  TEMP(K) =    76.22  PRESS =     0.0
 Etot   =     -7703.7511  EKtot   =       397.1351  EPtot      =     -8100.8861
 BOND   =         1.8190  ANGLE   =         2.5212  DIHED      =         0.8551
 1-4 NB =         3.5333  1-4 EEL =        -3.6481  VDWAALS    =      1237.0926
 EELEC  =     -9343.0591  EHBOND  =         0.0000  RESTRAINT  =         0.0000
 DV/DL  =         1.1868
 Ewald error estimate:   0.4657E-03
 ------------------------------------------------------------------------------

  Softcore part of the system:       1 atoms,       TEMP(K)    =         147.02
 SC_Etot=         1.3962  SC_EKtot=         0.2922  SC_EPtot   =         1.1040
 SC_BOND=         0.0000  SC_ANGLE=         0.0327  SC_DIHED   =         1.0667
 SC_14NB=         0.0046  SC_14EEL=         0.0000  SC_VDW     =         0.0000
 SC_EEL =         0.0000
 SC_RES_DIST=     0.0000  SC_RES_ANG=       0.0000  SC_RES_TORS=         0.0000
 SC_EEL_DER=      0.0000  SC_VDW_DER=       0.0707  SC_DERIV   =         0.0707
 ------------------------------------------------------------------------------


| TI region  2


 NSTEP =        0   TIME(PS) =       0.000  TEMP(K) =    76.22  PRESS =     0.0
 Etot   =     -7703.5374  EKtot   =       397.3487  EPtot      =     -8100.8861
 BOND   =         1.8190  ANGLE   =         2.5212  DIHED      =         0.8551
 1-4 NB =         3.5333  1-4 EEL =        -3.6481  VDWAALS    =      1237.0926
 EELEC  =     -9343.0591  EHBOND  =         0.0000  RESTRAINT  =         0.0000
 DV/DL  =         1.1868
 Ewald error estimate:   0.4657E-03
 ------------------------------------------------------------------------------

  Softcore part of the system:       2 atoms,       TEMP(K)    =          91.26
 SC_Etot=         2.8353  SC_EKtot=         0.4534  SC_EPtot   =         2.3819
 SC_BOND=         0.1714  SC_ANGLE=         1.8424  SC_DIHED   =         0.1522
 SC_14NB=         0.2159  SC_14EEL=         0.0000  SC_VDW     =         0.0000
 SC_EEL =         0.0000
 SC_RES_DIST=     0.0000  SC_RES_ANG=       0.0000  SC_RES_TORS=         0.0000
 SC_EEL_DER=      0.0000  SC_VDW_DER=       0.0707  SC_DERIV   =         0.0707
 ------------------------------------------------------------------------------

 NMR restraints: Bond =    0.000   Angle =     0.000   Torsion =     0.000
===============================================================================

| TI region  1


 NSTEP =     1000   TIME(PS) =       2.000  TEMP(K) =   141.22  PRESS =     0.0
 Etot   =     -8872.0885  EKtot   =       735.8149  EPtot      =     -9607.9034
 BOND   =         0.5934  ANGLE   =         0.9740  DIHED      =         0.4438
 1-4 NB =         3.2358  1-4 EEL =        -3.6263  VDWAALS    =      1605.2253
 EELEC  =    -11216.0956  EHBOND  =         0.0000  RESTRAINT  =         1.3463
 EAMBER (non-restraint)  =     -9609.2497
 DV/DL  =         5.7277
 Ewald error estimate:   0.1338E-03
 ------------------------------------------------------------------------------

  Softcore part of the system:       1 atoms,       TEMP(K)    =          54.35
 SC_Etot=         0.2403  SC_EKtot=         0.1080  SC_EPtot   =         0.1323
 SC_BOND=         0.0000  SC_ANGLE=         0.0717  SC_DIHED   =         0.0705
 SC_14NB=        -0.0099  SC_14EEL=         0.0000  SC_VDW     =         0.0000
 SC_EEL =         0.0000
 SC_RES_DIST=     0.0000  SC_RES_ANG=       0.0000  SC_RES_TORS=         0.0000
 SC_EEL_DER=      0.0000  SC_VDW_DER=       0.3564  SC_DERIV   =         0.3564
 ------------------------------------------------------------------------------


| TI region  2


 NSTEP =     1000   TIME(PS) =       2.000  TEMP(K) =   141.27  PRESS =     0.0
 Etot   =     -8871.3861  EKtot   =       736.5173  EPtot      =     -9607.9034
 BOND   =         0.5934  ANGLE   =         0.9740  DIHED      =         0.4438
 1-4 NB =         3.2358  1-4 EEL =        -3.6263  VDWAALS    =      1605.2253
 EELEC  =    -11216.0956  EHBOND  =         0.0000  RESTRAINT  =         1.3463
 EAMBER (non-restraint)  =     -9609.2497
 DV/DL  =         5.7277
 Ewald error estimate:   0.1338E-03
 ------------------------------------------------------------------------------

  Softcore part of the system:       2 atoms,       TEMP(K)    =         163.12
 SC_Etot=         1.3529  SC_EKtot=         0.8104  SC_EPtot   =         0.5426
 SC_BOND=         0.1070  SC_ANGLE=         0.2866  SC_DIHED   =         0.0828
 SC_14NB=         0.0662  SC_14EEL=         0.0000  SC_VDW     =         0.0000
 SC_EEL =         0.0000
 SC_RES_DIST=     0.2262  SC_RES_ANG=       0.0000  SC_RES_TORS=         0.0000
 SC_EEL_DER=      0.0000  SC_VDW_DER=       0.3564  SC_DERIV   =         0.3564
 ------------------------------------------------------------------------------

 NMR restraints: Bond =    0.000   Angle =     0.000   Torsion =     0.000
===============================================================================

| TI region  1


 NSTEP =     2000   TIME(PS) =       4.000  TEMP(K) =   122.14  PRESS =     0.0
 Etot   =     -9198.4375  EKtot   =       636.3984  EPtot      =     -9834.8359
 BOND   =         0.2267  ANGLE   =         0.8606  DIHED      =         1.1017
 1-4 NB =         3.5221  1-4 EEL =        -3.6373  VDWAALS    =      1728.1140
 EELEC  =    -11565.7320  EHBOND  =         0.0000  RESTRAINT  =         0.7084
 EAMBER (non-restraint)  =     -9835.5443
 DV/DL  =         0.7230
 Ewald error estimate:   0.1151E-04
 ------------------------------------------------------------------------------

  Softcore part of the system:       1 atoms,       TEMP(K)    =         165.36
 SC_Etot=         1.1843  SC_EKtot=         0.3286  SC_EPtot   =         0.8556
 SC_BOND=         0.0000  SC_ANGLE=         0.0200  SC_DIHED   =         0.8436
 SC_14NB=        -0.0080  SC_14EEL=         0.0000  SC_VDW     =         0.0000
 SC_EEL =         0.0000
 SC_RES_DIST=     0.0000  SC_RES_ANG=       0.0000  SC_RES_TORS=         0.0000
 SC_EEL_DER=      0.0000  SC_VDW_DER=       0.3203  SC_DERIV   =         0.3203
 ------------------------------------------------------------------------------


| TI region  2


 NSTEP =     2000   TIME(PS) =       4.000  TEMP(K) =   122.03  PRESS =     0.0
 Etot   =     -9198.6237  EKtot   =       636.2122  EPtot      =     -9834.8359
 BOND   =         0.2267  ANGLE   =         0.8606  DIHED      =         1.1017
 1-4 NB =         3.5221  1-4 EEL =        -3.6373  VDWAALS    =      1728.1140
 EELEC  =    -11565.7320  EHBOND  =         0.0000  RESTRAINT  =         0.7084
 EAMBER (non-restraint)  =     -9835.5443
 DV/DL  =         0.7230
 Ewald error estimate:   0.1151E-04
 ------------------------------------------------------------------------------

  Softcore part of the system:       2 atoms,       TEMP(K)    =          28.67
 SC_Etot=         1.0006  SC_EKtot=         0.1424  SC_EPtot   =         0.8582
 SC_BOND=         0.0058  SC_ANGLE=         0.5161  SC_DIHED   =         0.2806
 SC_14NB=         0.0557  SC_14EEL=         0.0000  SC_VDW     =         0.0000
 SC_EEL =         0.0000
 SC_RES_DIST=     0.2767  SC_RES_ANG=       0.0000  SC_RES_TORS=         0.0000
 SC_EEL_DER=      0.0000  SC_VDW_DER=       0.3203  SC_DERIV   =         0.3203
 ------------------------------------------------------------------------------

 NMR restraints: Bond =    0.000   Angle =     0.000   Torsion =     0.000
===============================================================================

| TI region  1


 NSTEP =     3000   TIME(PS) =       6.000  TEMP(K) =   125.19  PRESS =     0.0
 Etot   =     -9150.9863  EKtot   =       652.3054  EPtot      =     -9803.2917
 BOND   =         0.5883  ANGLE   =         0.3578  DIHED      =         0.1955
 1-4 NB =         3.5716  1-4 EEL =        -3.6297  VDWAALS    =      1680.2957
 EELEC  =    -11485.4562  EHBOND  =         0.0000  RESTRAINT  =         0.7853
 EAMBER (non-restraint)  =     -9804.0770
 DV/DL  =        -0.3535
 Ewald error estimate:   0.1522E-03
 ------------------------------------------------------------------------------

  Softcore part of the system:       1 atoms,       TEMP(K)    =          55.24
 SC_Etot=         0.6076  SC_EKtot=         0.1098  SC_EPtot   =         0.4978
 SC_BOND=         0.0000  SC_ANGLE=         0.4805  SC_DIHED   =         0.0200
 SC_14NB=        -0.0026  SC_14EEL=         0.0000  SC_VDW     =         0.0000
 SC_EEL =         0.0000
 SC_RES_DIST=     0.0000  SC_RES_ANG=       0.0000  SC_RES_TORS=         0.0000
 SC_EEL_DER=      0.0000  SC_VDW_DER=       0.3955  SC_DERIV   =         0.3955
 ------------------------------------------------------------------------------


| TI region  2


 NSTEP =     3000   TIME(PS) =       6.000  TEMP(K) =   125.15  PRESS =     0.0
 Etot   =     -9150.8194  EKtot   =       652.4723  EPtot      =     -9803.2917
 BOND   =         0.5883  ANGLE   =         0.3578  DIHED      =         0.1955
 1-4 NB =         3.5716  1-4 EEL =        -3.6297  VDWAALS    =      1680.2957
 EELEC  =    -11485.4562  EHBOND  =         0.0000  RESTRAINT  =         0.7853
 EAMBER (non-restraint)  =     -9804.0770
 DV/DL  =        -0.3535
 Ewald error estimate:   0.1522E-03
 ------------------------------------------------------------------------------

  Softcore part of the system:       2 atoms,       TEMP(K)    =          55.68
 SC_Etot=         1.2050  SC_EKtot=         0.2766  SC_EPtot   =         0.9284
 SC_BOND=         0.0274  SC_ANGLE=         0.5945  SC_DIHED   =         0.2091
 SC_14NB=         0.0974  SC_14EEL=         0.0000  SC_VDW     =         0.0000
 SC_EEL =         0.0000
 SC_RES_DIST=     0.3329  SC_RES_ANG=       0.0000  SC_RES_TORS=         0.0000
 SC_EEL_DER=      0.0000  SC_VDW_DER=       0.3955  SC_DERIV   =         0.3955
 ------------------------------------------------------------------------------

 NMR restraints: Bond =    0.000   Angle =     0.000   Torsion =     0.000
===============================================================================

| TI region  1


 NSTEP =     4000   TIME(PS) =       8.000  TEMP(K) =   151.88  PRESS =     0.0
 Etot   =     -8935.8406  EKtot   =       791.3771  EPtot      =     -9727.2177
 BOND   =         0.7412  ANGLE   =         0.8521  DIHED      =         0.7974
 1-4 NB =         3.6175  1-4 EEL =        -3.6620  VDWAALS    =      1707.9775
 EELEC  =    -11438.2214  EHBOND  =         0.0000  RESTRAINT  =         0.6800
 EAMBER (non-restraint)  =     -9727.8977
 DV/DL  =        -2.6593
 Ewald error estimate:   0.3945E-04
 ------------------------------------------------------------------------------

  Softcore part of the system:       1 atoms,       TEMP(K)    =          39.69
 SC_Etot=         0.1685  SC_EKtot=         0.0789  SC_EPtot   =         0.0897
 SC_BOND=         0.0000  SC_ANGLE=         0.0508  SC_DIHED   =         0.0378
 SC_14NB=         0.0010  SC_14EEL=         0.0000  SC_VDW     =         0.0000
 SC_EEL =         0.0000
 SC_RES_DIST=     0.0000  SC_RES_ANG=       0.0000  SC_RES_TORS=         0.0000
 SC_EEL_DER=      0.0000  SC_VDW_DER=       0.2185  SC_DERIV   =         0.2185
 ------------------------------------------------------------------------------


| TI region  2


 NSTEP =     4000   TIME(PS) =       8.000  TEMP(K) =   151.98  PRESS =     0.0
 Etot   =     -8934.8630  EKtot   =       792.3547  EPtot      =     -9727.2177
 BOND   =         0.7412  ANGLE   =         0.8521  DIHED      =         0.7974
 1-4 NB =         3.6175  1-4 EEL =        -3.6620  VDWAALS    =      1707.9775
 EELEC  =    -11438.2214  EHBOND  =         0.0000  RESTRAINT  =         0.6800
 EAMBER (non-restraint)  =     -9727.8977
 DV/DL  =        -2.6593
 Ewald error estimate:   0.3945E-04
 ------------------------------------------------------------------------------

  Softcore part of the system:       2 atoms,       TEMP(K)    =         212.65
 SC_Etot=         1.7110  SC_EKtot=         1.0564  SC_EPtot   =         0.6546
 SC_BOND=         0.0071  SC_ANGLE=         0.3302  SC_DIHED   =         0.1724
 SC_14NB=         0.1449  SC_14EEL=         0.0000  SC_VDW     =         0.0000
 SC_EEL =         0.0000
 SC_RES_DIST=     0.1937  SC_RES_ANG=       0.0000  SC_RES_TORS=         0.0000
 SC_EEL_DER=      0.0000  SC_VDW_DER=       0.2185  SC_DERIV   =         0.2185
 ------------------------------------------------------------------------------

 NMR restraints: Bond =    0.000   Angle =     0.000   Torsion =     0.000
===============================================================================

| TI region  1


 NSTEP =     5000   TIME(PS) =      10.000  TEMP(K) =   176.90  PRESS =     0.0
 Etot   =     -8637.2757  EKtot   =       921.7194  EPtot      =     -9558.9951
 BOND   =         0.5859  ANGLE   =         0.7794  DIHED      =         0.5284
 1-4 NB =         3.3262  1-4 EEL =        -3.6585  VDWAALS    =      1669.7057
 EELEC  =    -11230.8443  EHBOND  =         0.0000  RESTRAINT  =         0.5821
 EAMBER (non-restraint)  =     -9559.5773
 DV/DL  =         0.0235
 Ewald error estimate:   0.2595E-03
 ------------------------------------------------------------------------------

  Softcore part of the system:       1 atoms,       TEMP(K)    =          16.94
 SC_Etot=         0.1199  SC_EKtot=         0.0337  SC_EPtot   =         0.0862
 SC_BOND=         0.0000  SC_ANGLE=         0.0648  SC_DIHED   =         0.0336
 SC_14NB=        -0.0122  SC_14EEL=         0.0000  SC_VDW     =         0.0000
 SC_EEL =         0.0000
 SC_RES_DIST=     0.0000  SC_RES_ANG=       0.0000  SC_RES_TORS=         0.0000
 SC_EEL_DER=      0.0000  SC_VDW_DER=       0.1229  SC_DERIV   =         0.1229
 ------------------------------------------------------------------------------


| TI region  2


 NSTEP =     5000   TIME(PS) =      10.000  TEMP(K) =   176.90  PRESS =     0.0
 Etot   =     -8636.7430  EKtot   =       922.2521  EPtot      =     -9558.9951
 BOND   =         0.5859  ANGLE   =         0.7794  DIHED      =         0.5284
 1-4 NB =         3.3262  1-4 EEL =        -3.6585  VDWAALS    =      1669.7057
 EELEC  =    -11230.8443  EHBOND  =         0.0000  RESTRAINT  =         0.5821
 EAMBER (non-restraint)  =     -9559.5773
 DV/DL  =         0.0235
 Ewald error estimate:   0.2595E-03
 ------------------------------------------------------------------------------

  Softcore part of the system:       2 atoms,       TEMP(K)    =         114.01
 SC_Etot=         0.7261  SC_EKtot=         0.5664  SC_EPtot   =         0.1597
 SC_BOND=         0.0026  SC_ANGLE=         0.0735  SC_DIHED   =         0.0292
 SC_14NB=         0.0544  SC_14EEL=         0.0000  SC_VDW     =         0.0000
 SC_EEL =         0.0000
 SC_RES_DIST=     0.4334  SC_RES_ANG=       0.0000  SC_RES_TORS=         0.0000
 SC_EEL_DER=      0.0000  SC_VDW_DER=       0.1229  SC_DERIV   =         0.1229
 ------------------------------------------------------------------------------

 NMR restraints: Bond =    0.000   Angle =     0.000   Torsion =     0.000
===============================================================================

| TI region  1


 NSTEP =     6000   TIME(PS) =      12.000  TEMP(K) =   200.94  PRESS =     0.0
 Etot   =     -8286.5069  EKtot   =      1047.0069  EPtot      =     -9333.5138
 BOND   =         2.6139  ANGLE   =         0.4070  DIHED      =         0.7168
 1-4 NB =         2.8738  1-4 EEL =        -3.6288  VDWAALS    =      1622.2396
 EELEC  =    -10959.3768  EHBOND  =         0.0000  RESTRAINT  =         0.6408
 EAMBER (non-restraint)  =     -9334.1546
 DV/DL  =         2.0570
 Ewald error estimate:   0.3096E-03
 ------------------------------------------------------------------------------

  Softcore part of the system:       1 atoms,       TEMP(K)    =          56.52
 SC_Etot=         0.4971  SC_EKtot=         0.1123  SC_EPtot   =         0.3847
 SC_BOND=         0.0000  SC_ANGLE=         0.0072  SC_DIHED   =         0.3900
 SC_14NB=        -0.0124  SC_14EEL=         0.0000  SC_VDW     =         0.0000
 SC_EEL =         0.0000
 SC_RES_DIST=     0.0000  SC_RES_ANG=       0.0000  SC_RES_TORS=         0.0000
 SC_EEL_DER=      0.0000  SC_VDW_DER=       0.7730  SC_DERIV   =         0.7730
 ------------------------------------------------------------------------------


| TI region  2


 NSTEP =     6000   TIME(PS) =      12.000  TEMP(K) =   201.09  PRESS =     0.0
 Etot   =     -8285.1551  EKtot   =      1048.3587  EPtot      =     -9333.5138
 BOND   =         2.6139  ANGLE   =         0.4070  DIHED      =         0.7168
 1-4 NB =         2.8738  1-4 EEL =        -3.6288  VDWAALS    =      1622.2396
 EELEC  =    -10959.3768  EHBOND  =         0.0000  RESTRAINT  =         0.6408
 EAMBER (non-restraint)  =     -9334.1546
 DV/DL  =         2.0570
 Ewald error estimate:   0.3096E-03
 ------------------------------------------------------------------------------

  Softcore part of the system:       2 atoms,       TEMP(K)    =         294.71
 SC_Etot=         2.1231  SC_EKtot=         1.4641  SC_EPtot   =         0.6590
 SC_BOND=         0.1301  SC_ANGLE=         0.2187  SC_DIHED   =         0.2828
 SC_14NB=         0.0274  SC_14EEL=         0.0000  SC_VDW     =         0.0000
 SC_EEL =         0.0000
 SC_RES_DIST=     0.2211  SC_RES_ANG=       0.0000  SC_RES_TORS=         0.0000
 SC_EEL_DER=      0.0000  SC_VDW_DER=       0.7730  SC_DERIV   =         0.7730
 ------------------------------------------------------------------------------

 NMR restraints: Bond =    0.000   Angle =     0.000   Torsion =     0.000
===============================================================================

| TI region  1


 NSTEP =     7000   TIME(PS) =      14.000  TEMP(K) =   223.93  PRESS =     0.0
 Etot   =     -7889.8468  EKtot   =      1166.7565  EPtot      =     -9056.6032
 BOND   =         1.3578  ANGLE   =         0.9700  DIHED      =         2.3660
 1-4 NB =         3.6853  1-4 EEL =        -3.6520  VDWAALS    =      1439.4050
 EELEC  =    -10502.5697  EHBOND  =         0.0000  RESTRAINT  =         1.8343
 EAMBER (non-restraint)  =     -9058.4375
 DV/DL  =         3.9485
 Ewald error estimate:   0.4438E-04
 ------------------------------------------------------------------------------

  Softcore part of the system:       1 atoms,       TEMP(K)    =         398.78
 SC_Etot=         1.7092  SC_EKtot=         0.7925  SC_EPtot   =         0.9168
 SC_BOND=         0.0000  SC_ANGLE=         0.5683  SC_DIHED   =         0.3618
 SC_14NB=        -0.0133  SC_14EEL=         0.0000  SC_VDW     =         0.0000
 SC_EEL =         0.0000
 SC_RES_DIST=     0.0000  SC_RES_ANG=       0.0000  SC_RES_TORS=         0.0000
 SC_EEL_DER=      0.0000  SC_VDW_DER=       0.6176  SC_DERIV   =         0.6176
 ------------------------------------------------------------------------------


| TI region  2


 NSTEP =     7000   TIME(PS) =      14.000  TEMP(K) =   224.15  PRESS =     0.0
 Etot   =     -7888.0148  EKtot   =      1168.5885  EPtot      =     -9056.6032
 BOND   =         1.3578  ANGLE   =         0.9700  DIHED      =         2.3660
 1-4 NB =         3.6853  1-4 EEL =        -3.6520  VDWAALS    =      1439.4050
 EELEC  =    -10502.5697  EHBOND  =         0.0000  RESTRAINT  =         1.8343
 EAMBER (non-restraint)  =     -9058.4375
 DV/DL  =         3.9485
 Ewald error estimate:   0.4438E-04
 ------------------------------------------------------------------------------

  Softcore part of the system:       2 atoms,       TEMP(K)    =         528.27
 SC_Etot=         3.4993  SC_EKtot=         2.6244  SC_EPtot   =         0.8749
 SC_BOND=         0.0542  SC_ANGLE=         0.1220  SC_DIHED   =         0.6756
 SC_14NB=         0.0231  SC_14EEL=         0.0000  SC_VDW     =         0.0000
 SC_EEL =         0.0000
 SC_RES_DIST=     0.9406  SC_RES_ANG=       0.0000  SC_RES_TORS=         0.0000
 SC_EEL_DER=      0.0000  SC_VDW_DER=       0.6176  SC_DERIV   =         0.6176
 ------------------------------------------------------------------------------

 NMR restraints: Bond =    0.000   Angle =     0.000   Torsion =     0.000
===============================================================================

| TI region  1


 NSTEP =     8000   TIME(PS) =      16.000  TEMP(K) =   260.14  PRESS =     0.0
 Etot   =     -7435.4100  EKtot   =      1355.4497  EPtot      =     -8790.8597
 BOND   =         2.3818  ANGLE   =         3.3200  DIHED      =         1.5514
 1-4 NB =         3.2418  1-4 EEL =        -3.6459  VDWAALS    =      1407.0648
 EELEC  =    -10206.0101  EHBOND  =         0.0000  RESTRAINT  =         1.2365
 EAMBER (non-restraint)  =     -8792.0962
 DV/DL  =         1.0171
 Ewald error estimate:   0.2714E-04
 ------------------------------------------------------------------------------

  Softcore part of the system:       1 atoms,       TEMP(K)    =          58.81
 SC_Etot=         0.5286  SC_EKtot=         0.1169  SC_EPtot   =         0.4118
 SC_BOND=         0.0000  SC_ANGLE=         0.2423  SC_DIHED   =         0.1745
 SC_14NB=        -0.0050  SC_14EEL=         0.0000  SC_VDW     =         0.0000
 SC_EEL =         0.0000
 SC_RES_DIST=     0.0000  SC_RES_ANG=       0.0000  SC_RES_TORS=         0.0000
 SC_EEL_DER=      0.0000  SC_VDW_DER=      -0.0206  SC_DERIV   =        -0.0206
 ------------------------------------------------------------------------------


| TI region  2


 NSTEP =     8000   TIME(PS) =      16.000  TEMP(K) =   260.11  PRESS =     0.0
 Etot   =     -7434.8044  EKtot   =      1356.0553  EPtot      =     -8790.8597
 BOND   =         2.3818  ANGLE   =         3.3200  DIHED      =         1.5514
 1-4 NB =         3.2418  1-4 EEL =        -3.6459  VDWAALS    =      1407.0648
 EELEC  =    -10206.0101  EHBOND  =         0.0000  RESTRAINT  =         1.2365
 EAMBER (non-restraint)  =     -8792.0962
 DV/DL  =         1.0171
 Ewald error estimate:   0.2714E-04
 ------------------------------------------------------------------------------

  Softcore part of the system:       2 atoms,       TEMP(K)    =         145.43
 SC_Etot=         2.0337  SC_EKtot=         0.7225  SC_EPtot   =         1.3112
 SC_BOND=         0.0727  SC_ANGLE=         0.0972  SC_DIHED   =         1.0230
 SC_14NB=         0.1183  SC_14EEL=         0.0000  SC_VDW     =         0.0000
 SC_EEL =         0.0000
 SC_RES_DIST=     0.0588  SC_RES_ANG=       0.0000  SC_RES_TORS=         0.0000
 SC_EEL_DER=      0.0000  SC_VDW_DER=      -0.0206  SC_DERIV   =        -0.0206
 ------------------------------------------------------------------------------

 NMR restraints: Bond =    0.000   Angle =     0.000   Torsion =     0.000
===============================================================================

| TI region  1


 NSTEP =     9000   TIME(PS) =      18.000  TEMP(K) =   268.54  PRESS =     0.0
 Etot   =     -7062.6217  EKtot   =      1399.2259  EPtot      =     -8461.8476
 BOND   =         2.9132  ANGLE   =         1.3933  DIHED      =         1.1873
 1-4 NB =         2.9222  1-4 EEL =        -3.6362  VDWAALS    =      1233.9419
 EELEC  =     -9701.2868  EHBOND  =         0.0000  RESTRAINT  =         0.7174
 EAMBER (non-restraint)  =     -8462.5651
 DV/DL  =        -4.9881
 Ewald error estimate:   0.3946E-03
 ------------------------------------------------------------------------------

  Softcore part of the system:       1 atoms,       TEMP(K)    =         562.27
 SC_Etot=         1.5284  SC_EKtot=         1.1173  SC_EPtot   =         0.4111
 SC_BOND=         0.0000  SC_ANGLE=         0.3014  SC_DIHED   =         0.1160
 SC_14NB=        -0.0064  SC_14EEL=         0.0000  SC_VDW     =         0.0000
 SC_EEL =         0.0000
 SC_RES_DIST=     0.0000  SC_RES_ANG=       0.0000  SC_RES_TORS=         0.0000
 SC_EEL_DER=      0.0000  SC_VDW_DER=       0.0776  SC_DERIV   =         0.0776
 ------------------------------------------------------------------------------


| TI region  2


 NSTEP =     9000   TIME(PS) =      18.000  TEMP(K) =   268.24  PRESS =     0.0
 Etot   =     -7063.4231  EKtot   =      1398.4245  EPtot      =     -8461.8476
 BOND   =         2.9132  ANGLE   =         1.3933  DIHED      =         1.1873
 1-4 NB =         2.9222  1-4 EEL =        -3.6362  VDWAALS    =      1233.9419
 EELEC  =     -9701.2868  EHBOND  =         0.0000  RESTRAINT  =         0.7174
 EAMBER (non-restraint)  =     -8462.5651
 DV/DL  =        -4.9881
 Ewald error estimate:   0.3946E-03
 ------------------------------------------------------------------------------

  Softcore part of the system:       2 atoms,       TEMP(K)    =          63.58
 SC_Etot=         2.9314  SC_EKtot=         0.3159  SC_EPtot   =         2.6155
 SC_BOND=         0.0242  SC_ANGLE=         0.5724  SC_DIHED   =         1.9384
 SC_14NB=         0.0806  SC_14EEL=         0.0000  SC_VDW     =         0.0000
 SC_EEL =         0.0000
 SC_RES_DIST=     0.4222  SC_RES_ANG=       0.0000  SC_RES_TORS=         0.0000
 SC_EEL_DER=      0.0000  SC_VDW_DER=       0.0776  SC_DERIV   =         0.0776
 ------------------------------------------------------------------------------

 NMR restraints: Bond =    0.000   Angle =     0.000   Torsion =     0.000
===============================================================================

| TI region  1


 NSTEP =    10000   TIME(PS) =      20.000  TEMP(K) =   282.36  PRESS =     0.0
 Etot   =     -6834.7671  EKtot   =      1471.2195  EPtot      =     -8305.9866
 BOND   =         1.6545  ANGLE   =         3.1364  DIHED      =         2.2675
 1-4 NB =         3.4862  1-4 EEL =        -3.4017  VDWAALS    =      1225.7955
 EELEC  =     -9543.1310  EHBOND  =         0.0000  RESTRAINT  =         4.2062
 EAMBER (non-restraint)  =     -8310.1928
 DV/DL  =         0.7014
 Ewald error estimate:   0.1286E-03
 ------------------------------------------------------------------------------

  Softcore part of the system:       1 atoms,       TEMP(K)    =         291.46
 SC_Etot=         1.0651  SC_EKtot=         0.5792  SC_EPtot   =         0.4860
 SC_BOND=         0.0000  SC_ANGLE=         0.2002  SC_DIHED   =         0.3010
 SC_14NB=        -0.0153  SC_14EEL=         0.0000  SC_VDW     =         0.0000
 SC_EEL =         0.0000
 SC_RES_DIST=     0.0000  SC_RES_ANG=       0.0000  SC_RES_TORS=         0.0000
 SC_EEL_DER=      0.0000  SC_VDW_DER=      -0.2940  SC_DERIV   =        -0.2940
 ------------------------------------------------------------------------------


| TI region  2


 NSTEP =    10000   TIME(PS) =      20.000  TEMP(K) =   282.14  PRESS =     0.0
 Etot   =     -6835.0555  EKtot   =      1470.9311  EPtot      =     -8305.9866
 BOND   =         1.6545  ANGLE   =         3.1364  DIHED      =         2.2675
 1-4 NB =         3.4862  1-4 EEL =        -3.4017  VDWAALS    =      1225.7955
 EELEC  =     -9543.1310  EHBOND  =         0.0000  RESTRAINT  =         4.2062
 EAMBER (non-restraint)  =     -8310.1928
 DV/DL  =         0.7014
 Ewald error estimate:   0.1286E-03
 ------------------------------------------------------------------------------

  Softcore part of the system:       2 atoms,       TEMP(K)    =          58.54
 SC_Etot=         2.1980  SC_EKtot=         0.2908  SC_EPtot   =         1.9072
 SC_BOND=         0.3161  SC_ANGLE=         0.8982  SC_DIHED   =         0.6833
 SC_14NB=         0.0096  SC_14EEL=         0.0000  SC_VDW     =         0.0000
 SC_EEL =         0.0000
 SC_RES_DIST=     0.2997  SC_RES_ANG=       0.0000  SC_RES_TORS=         0.0000
 SC_EEL_DER=      0.0000  SC_VDW_DER=      -0.2940  SC_DERIV   =        -0.2940
 ------------------------------------------------------------------------------

 NMR restraints: Bond =    0.000   Angle =     0.000   Torsion =     0.000
===============================================================================

| TI region  1


      A V E R A G E S   O V E R      10 S T E P S


 NSTEP =    10000   TIME(PS) =      20.000  TEMP(K) =   195.33  PRESS =     0.0
 Etot   =     -8230.3781  EKtot   =      1017.7274  EPtot      =     -9248.1055
 BOND   =         1.3657  ANGLE   =         1.3051  DIHED      =         1.1156
 1-4 NB =         3.3482  1-4 EEL =        -3.6179  VDWAALS    =      1531.9765
 EELEC  =    -10784.8724  EHBOND  =         0.0000  RESTRAINT  =         1.2737
 EAMBER (non-restraint)  =     -9249.3792
 DV/DL  =         0.6197
 Ewald error estimate:   0.1501E-03
 ------------------------------------------------------------------------------

 NMR restraints: Bond =    0.000   Angle =     0.000   Torsion =     0.000
===============================================================================
  Softcore part of the system:       1 atoms,       TEMP(K)    =         169.94
 SC_Etot=         0.7649  SC_EKtot=         0.3377  SC_EPtot   =         0.4272
 SC_BOND=         0.0000  SC_ANGLE=         0.2007  SC_DIHED   =         0.2349
 SC_14NB=        -0.0084  SC_14EEL=         0.0000  SC_VDW     =         0.0000
 SC_EEL =         0.0000
 SC_RES_DIST=     0.0000  SC_RES_ANG=       0.0000  SC_RES_TORS=         0.0000
 SC_EEL_DER=      0.0000  SC_VDW_DER=       0.2567  SC_DERIV   =         0.2567
 ------------------------------------------------------------------------------


      R M S  F L U C T U A T I O N S


 NSTEP =    10000   TIME(PS) =      20.000  TEMP(K) =    57.81  PRESS =     0.0
 Etot   =       831.9955  EKtot   =       301.1961  EPtot      =       535.4410
 BOND   =         0.9255  ANGLE   =         1.0013  DIHED      =         0.7063
 1-4 NB =         0.2676  1-4 EEL =         0.0730  VDWAALS    =       181.8436
 EELEC  =       712.2904  EHBOND  =         0.0000  RESTRAINT  =         1.0497
 EAMBER (non-restraint)  =       534.3913
 DV/DL  =         2.8795
 Ewald error estimate:   0.1248E-03
 ------------------------------------------------------------------------------

  Softcore part of the system:       1 atoms,       TEMP(K)    =         176.97
 SC_Etot=         0.5422  SC_EKtot=         0.3517  SC_EPtot   =         0.2741
 SC_BOND=         0.0000  SC_ANGLE=         0.1879  SC_DIHED   =         0.2420
 SC_14NB=         0.0049  SC_14EEL=         0.0000  SC_VDW     =         0.0000
 SC_EEL =         0.0000
 SC_RES_DIST=     0.0000  SC_RES_ANG=       0.0000  SC_RES_TORS=         0.0000
 SC_EEL_DER=      0.0000  SC_VDW_DER=       0.2936  SC_DERIV   =         0.2936
 ------------------------------------------------------------------------------


| TI region  2


      A V E R A G E S   O V E R      10 S T E P S


 NSTEP =    10000   TIME(PS) =      20.000  TEMP(K) =   195.31  PRESS =     0.0
 Etot   =     -8229.8888  EKtot   =      1018.2167  EPtot      =     -9248.1055
 BOND   =         1.3657  ANGLE   =         1.3051  DIHED      =         1.1156
 1-4 NB =         3.3482  1-4 EEL =        -3.6179  VDWAALS    =      1531.9765
 EELEC  =    -10784.8724  EHBOND  =         0.0000  RESTRAINT  =         1.2737
 EAMBER (non-restraint)  =     -9249.3792
 DV/DL  =         0.6197
 Ewald error estimate:   0.1501E-03
 ------------------------------------------------------------------------------

 NMR restraints: Bond =    0.000   Angle =     0.000   Torsion =     0.000
===============================================================================
  Softcore part of the system:       2 atoms,       TEMP(K)    =         166.46
 SC_Etot=         1.8781  SC_EKtot=         0.8270  SC_EPtot   =         1.0511
 SC_BOND=         0.0747  SC_ANGLE=         0.3709  SC_DIHED   =         0.5377
 SC_14NB=         0.0678  SC_14EEL=         0.0000  SC_VDW     =         0.0000
 SC_EEL =         0.0000
 SC_RES_DIST=     0.3405  SC_RES_ANG=       0.0000  SC_RES_TORS=         0.0000
 SC_EEL_DER=      0.0000  SC_VDW_DER=       0.2567  SC_DERIV   =         0.2567
 ------------------------------------------------------------------------------


      R M S  F L U C T U A T I O N S


 NSTEP =    10000   TIME(PS) =      20.000  TEMP(K) =    57.75  PRESS =     0.0
 Etot   =       831.7988  EKtot   =       301.0710  EPtot      =       535.4410
 BOND   =         0.9255  ANGLE   =         1.0013  DIHED      =         0.7063
 1-4 NB =         0.2676  1-4 EEL =         0.0730  VDWAALS    =       181.8436
 EELEC  =       712.2904  EHBOND  =         0.0000  RESTRAINT  =         1.0497
 EAMBER (non-restraint)  =       534.3913
 DV/DL  =         2.8795
 Ewald error estimate:   0.1248E-03
 ------------------------------------------------------------------------------

  Softcore part of the system:       2 atoms,       TEMP(K)    =         143.59
 SC_Etot=         0.8233  SC_EKtot=         0.7134  SC_EPtot   =         0.6852
 SC_BOND=         0.0906  SC_ANGLE=         0.2544  SC_DIHED   =         0.5546
 SC_14NB=         0.0411  SC_14EEL=         0.0000  SC_VDW     =         0.0000
 SC_EEL =         0.0000
 SC_RES_DIST=     0.2257  SC_RES_ANG=       0.0000  SC_RES_TORS=         0.0000
 SC_EEL_DER=      0.0000  SC_VDW_DER=       0.2936  SC_DERIV   =         0.2936
 ------------------------------------------------------------------------------


      DV/DL, AVERAGES OVER      10 STEPS


 NSTEP =    10000   TIME(PS) =      20.000  TEMP(K) =    57.75  PRESS =     0.0
 Etot   =         0.0000  EKtot   =         0.0000  EPtot      =         0.6197
 BOND   =        -0.0000  ANGLE   =        -0.0000  DIHED      =         0.0000
 1-4 NB =        -0.0000  1-4 EEL =        -8.0213  VDWAALS    =        -1.0445
 EELEC  =         9.6855  EHBOND  =         0.0000  RESTRAINT  =        -0.0000
 EAMBER (non-restraint)  =         0.6197
 DV/DL  =         0.6197
 Ewald error estimate:   0.0000E+00
 ------------------------------------------------------------------------------


 NMR restraints on final step:

--------------------------------------------------------------------------------
   5.  TIMINGS
--------------------------------------------------------------------------------

|  NonSetup CPU Time in Major Routines:
|
|     Routine           Sec        %
|     ------------------------------
|     Nonbond         144.40   97.59
|     Bond              0.66    0.44
|     Angle             0.10    0.06
|     Dihedral          0.21    0.14
|     Shake             1.39    0.94
|     RunMD             1.20    0.81
|     Other             0.02    0.01
|     ------------------------------
|     Total           147.97

|  PME Nonbond Pairlist CPU Time:
|
|     Routine              Sec        %
|     ---------------------------------
|     Set Up Cit           0.16    0.11
|     Build List          21.19   14.32
|     ---------------------------------
|     Total               21.35   14.43

|  PME Direct Force CPU Time:
|
|     Routine              Sec        %
|     ---------------------------------
|     NonBonded Calc      73.05   49.37
|     Exclude Masked       2.52    1.71
|     Other                2.77    1.87
|     ---------------------------------
|     Total               78.34   52.95

|  PME Reciprocal Force CPU Time:
|
|     Routine              Sec        %
|     ---------------------------------
|     1D bspline           2.58    1.75
|     Grid Charges         5.38    3.64
|     Scalar Sum           1.78    1.20
|     Gradient Sum         8.54    5.77
|     FFT                 26.45   17.87
|     ---------------------------------
|     Total               44.72   30.22

|  Final Performance Info:
|     -----------------------------------------------------
|     Average timings for last    1000 steps:
|     Elapsed(s) =      15.36 Per Step(ms) =      15.36
|         ns/day =      11.25   seconds/ns =    7682.24
|
|     Average timings for all steps:
|     Elapsed(s) =     148.10 Per Step(ms) =      14.81
|         ns/day =      11.67   seconds/ns =    7405.11
|     -----------------------------------------------------

|  Setup CPU time:            0.04 seconds
|  NonSetup CPU time:       147.97 seconds
|  Total CPU time:          148.02 seconds     0.04 hours

|  Setup wall time:           0    seconds
|  NonSetup wall time:      148    seconds
|  Total wall time:         148    seconds     0.04 hours
