
          -------------------------------------------------------
          Amber 18 SANDER                              2018
          -------------------------------------------------------

| Run on 10/02/2018 at 15:11:16

|   Executable path: /Users/shiho/Development/amber18/bin/sander
| Working directory: /Users/shiho/Development/verify-cando/peptide-strings-CANDO
|          Hostname: Unknown
  [-O]verwriting output

File Assignments:
|  MDIN: md.in                                                                 
| MDOUT: md-four-leap.out                                                      
|INPCRD: solvated_four_leap.crd                                                
|  PARM: solvated_four_leap.top                                                
|RESTRT: restrt                                                                
|  REFC: refc                                                                  
| MDVEL: mdvel                                                                 
| MDFRC: mdfrc                                                                 
|  MDEN: mden                                                                  
| MDCRD: mdcrd                                                                 
|MDINFO: mdinfo                                                                
|  MTMD: mtmd                                                                  
|INPDIP: inpdip                                                                
|RSTDIP: rstdip                                                                
|INPTRA: inptraj                                                               


 Here is the input file:

# check                                                                        
 &cntrl                                                                        
 imin=1                                                                        
 maxcyc=1                                                                      
 ntb=0                                                                         
 cut=99                                                                        
 /                                                                             

--------------------------------------------------------------------------------
   1.  RESOURCE   USE: 
--------------------------------------------------------------------------------

| Flags:                                                                        
|    NONPERIODIC   ntb=0 and igb=0: Setting up nonperiodic simulation
|  *** cutoff > system size, list only builds once
|Largest sphere to fit in unit cell has radius =    41.886
| New format PARM file being parsed.
| Version =    1.000 Date = 10/02/18 Time = 14:58:39
 NATOM  =    1475 NTYPES =      11 NBONH =    1460 MBONA  =      15
 NTHETH =      30 MTHETA =      19 NPHIH =      57 MPHIA  =      45
 NHPARM =       0 NPARM  =       0 NNB   =    2066 NRES   =     485
 NBONA  =      15 NTHETA =      19 NPHIA =      45 NUMBND =      22
 NUMANG =      36 NPTRA  =      37 NATYP =      17 NPHB   =       1
 IFBOX  =       0 NMXRS  =      17 IFCAP =       0 NEXTRA =       0
 NCOPY  =       0


|     Memory Use     Allocated
|     Real              119729
|     Hollerith           4912
|     Integer            58520
|     Max Pairs        1087075
|     nblistReal         17700
|     nblist Int       2193342
|       Total            14135 kbytes

| Note: 1-4 EEL scale factors are being read from the topology file.

| Note: 1-4 VDW scale factors are being read from the topology file.
| Duplicated    0 dihedrals
| Duplicated    0 dihedrals

--------------------------------------------------------------------------------
   2.  CONTROL  DATA  FOR  THE  RUN
--------------------------------------------------------------------------------

ACE                                                                             

General flags:
     imin    =       1, nmropt  =       0

Nature and format of input:
     ntx     =       1, irest   =       0, ntrx    =       1

Nature and format of output:
     ntxo    =       2, ntpr    =      50, ntrx    =       1, ntwr    =       1
     iwrap   =       0, ntwx    =       0, ntwv    =       0, ntwe    =       0
     ioutfm  =       1, ntwprt  =       0, idecomp =       0, rbornstat=      0

Potential function:
     ntf     =       1, ntb     =       0, igb     =       0, nsnb    =      25
     ipol    =       0, gbsa    =       0, iesp    =       0
     dielc   =   1.00000, cut     =  99.00000, intdiel =   1.00000

Frozen or restrained atoms:
     ibelly  =       0, ntr     =       0

Energy minimization:
     maxcyc  =       1, ncyc    =      10, ntmin   =       1
     dx0     =   0.01000, drms    =   0.00010
|  INFO: Old style inpcrd file read


--------------------------------------------------------------------------------
   3.  ATOMIC COORDINATES AND VELOCITIES
--------------------------------------------------------------------------------

ACE                                                                             
 begin time read from input coords =     0.000 ps

 Number of triangulated 3-point waters found:        0

     Sum of charges from parm topology file =   0.00000000
     Forcing neutrality...

--------------------------------------------------------------------------------
   4.  RESULTS
--------------------------------------------------------------------------------

 ---------------------------------------------------

     eedmeth=4: Setting switch to one everywhere

 ---------------------------------------------------
| Local SIZE OF NONBOND LIST =    1085493
| TOTAL SIZE OF NONBOND LIST =    1085493


   NSTEP       ENERGY          RMS            GMAX         NAME    NUMBER
      1      -2.4596E+03     1.7508E+02     7.1833E+03     H          25

 BOND    =        1.1599  ANGLE   =       23.1882  DIHED      =       11.2675
 VDWAALS =     1245.3125  EEL     =    -3796.8941  HBOND      =        0.0000
 1-4 VDW =        5.4205  1-4 EEL =       50.9906  RESTRAINT  =        0.0000


  Maximum number of minimization cycles reached.


                    FINAL RESULTS



   NSTEP       ENERGY          RMS            GMAX         NAME    NUMBER
      1      -2.4596E+03     1.7508E+02     7.1833E+03     H          25

 BOND    =        1.1599  ANGLE   =       23.1882  DIHED      =       11.2675
 VDWAALS =     1245.3125  EEL     =    -3796.8941  HBOND      =        0.0000
 1-4 VDW =        5.4205  1-4 EEL =       50.9906  RESTRAINT  =        0.0000

--------------------------------------------------------------------------------
   5.  TIMINGS
--------------------------------------------------------------------------------

|    Read coords time           0.00 ( 1.45% of Total)
|    Fast Water setup           0.00 ( 0.02% of Total)
|                Build the list             0.02 (99.49% of List )
|                Other                      0.00 ( 0.51% of List )
|             List time                  0.02 (22.48% of Nonbo)
|                   Short_ene time             0.06 (100.0% of Direc)
|                   Other                      0.00 ( 0.06% of Direc)
|                Direct Ewald time          0.06 (100.0% of Ewald)
|                Other                      0.00 ( 0.04% of Ewald)
|             Ewald time                 0.06 (77.51% of Nonbo)
|          Nonbond force              0.08 (99.79% of Force)
|          Bond/Angle/Dihedral        0.00 ( 0.16% of Force)
|          Other                      0.00 ( 0.05% of Force)
|       Force time                 0.08 (100.0% of Runmd)
|    Runmd Time                 0.08 (79.33% of Total)
|    Other                      0.02 (19.20% of Total)
| Total time                 0.10 (100.0% of ALL  )

| Number of list builds   :          1

| Highest rstack allocated:       4955
| Highest istack allocated:        991
|           Job began  at 15:11:16.502  on 10/02/2018
|           Setup done at 15:11:16.515  on 10/02/2018
|           Run   done at 15:11:16.602  on 10/02/2018
|     wallclock() was called      58 times

|3D-RISM memory allocation summary
|Type          Maximum        Current   
|Integer       0.00000 GB     0.00000 GB
|Real          0.00000 GB     0.00000 GB
|Logical       0.00000 GB     0.00000 GB
|Character     0.00000 GB     0.00000 GB
|---------------------------------------
|Total         0.00000 GB     0.00000 GB
