
          -------------------------------------------------------
          Amber 18 SANDER                              2018
          -------------------------------------------------------

| Run on 07/24/2018 at 15:28:08

|   Executable path: /Users/tuj24515/Development/amber18/bin/sander
| Working directory: /Users/tuj24515/Downloads/peptide-strings/peptide-strings-CANDO
|          Hostname: Unknown
  [-O]verwriting output

File Assignments:
|  MDIN: md.in                                                                 
| MDOUT: md-four1-leap.out                                                     
|INPCRD: inpcrd                                                                
|  PARM: prmtop                                                                
|RESTRT: restrt                                                                
|  REFC: refc                                                                  
| MDVEL: mdvel                                                                 
| MDFRC: mdfrc                                                                 
|  MDEN: mden                                                                  
| MDCRD: mdcrd                                                                 
|MDINFO: mdinfo                                                                
|  MTMD: mtmd                                                                  
|INPDIP: inpdip                                                                
|RSTDIP: rstdip                                                                
|INPTRA: inptraj                                                               


 Here is the input file:

# check                                                                        
 &cntrl                                                                        
 imin=1                                                                        
 maxcyc=1                                                                      
 ntb=0                                                                         
 cut=99                                                                        
 /                                                                             

--------------------------------------------------------------------------------
   1.  RESOURCE   USE: 
--------------------------------------------------------------------------------

| Flags:                                                                        
|    NONPERIODIC   ntb=0 and igb=0: Setting up nonperiodic simulation
|  *** cutoff > system size, list only builds once
|Largest sphere to fit in unit cell has radius =    31.897
| New format PARM file being parsed.
| Version =    1.000 Date = 07/24/18 Time = 13:56:15
 NATOM  =      29 NTYPES =       9 NBONH =      14 MBONA  =      15
 NTHETH =      30 MTHETA =      19 NPHIH =      57 MPHIA  =      45
 NHPARM =       0 NPARM  =       0 NNB   =     138 NRES   =       3
 NBONA  =      15 NTHETA =      19 NPHIA =      45 NUMBND =      20
 NUMANG =      36 NPTRA  =      37 NATYP =      15 NPHB   =       0
 IFBOX  =       0 NMXRS  =      17 IFCAP =       0 NEXTRA =       0
 NCOPY  =       0


|     Memory Use     Allocated
|     Real                6621
|     Hollerith             92
|     Integer            25704
|     Max Pairs            406
|     nblistReal           348
|     nblist Int        968513
|       Total             3940 kbytes

| Note: 1-4 EEL scale factors are being read from the topology file.

| Note: 1-4 VDW scale factors are being read from the topology file.
| Duplicated    0 dihedrals
| Duplicated    0 dihedrals

--------------------------------------------------------------------------------
   2.  CONTROL  DATA  FOR  THE  RUN
--------------------------------------------------------------------------------

ACE                                                                             

General flags:
     imin    =       1, nmropt  =       0

Nature and format of input:
     ntx     =       1, irest   =       0, ntrx    =       1

Nature and format of output:
     ntxo    =       2, ntpr    =      50, ntrx    =       1, ntwr    =       1
     iwrap   =       0, ntwx    =       0, ntwv    =       0, ntwe    =       0
     ioutfm  =       1, ntwprt  =       0, idecomp =       0, rbornstat=      0

Potential function:
     ntf     =       1, ntb     =       0, igb     =       0, nsnb    =      25
     ipol    =       0, gbsa    =       0, iesp    =       0
     dielc   =   1.00000, cut     =  99.00000, intdiel =   1.00000

Frozen or restrained atoms:
     ibelly  =       0, ntr     =       0

Energy minimization:
     maxcyc  =       1, ncyc    =      10, ntmin   =       1
     dx0     =   0.01000, drms    =   0.00010
|  INFO: Old style inpcrd file read


--------------------------------------------------------------------------------
   3.  ATOMIC COORDINATES AND VELOCITIES
--------------------------------------------------------------------------------

ACE                                                                             
 begin time read from input coords =     0.000 ps

 Number of triangulated 3-point waters found:        0

     Sum of charges from parm topology file =  -0.00000000
     Forcing neutrality...

--------------------------------------------------------------------------------
   4.  RESULTS
--------------------------------------------------------------------------------

 ---------------------------------------------------

     eedmeth=4: Setting switch to one everywhere

 ---------------------------------------------------
| Local SIZE OF NONBOND LIST =        270
| TOTAL SIZE OF NONBOND LIST =        270


   NSTEP       ENERGY          RMS            GMAX         NAME    NUMBER
      1       7.9502E+02     1.2365E+03     7.1276E+03     H          25

 BOND    =        0.9938  ANGLE   =       23.1725  DIHED      =       11.2707
 VDWAALS =      792.0251  EEL     =      -88.7399  HBOND      =        0.0000
 1-4 VDW =        5.4199  1-4 EEL =       50.8777  RESTRAINT  =        0.0000


  Maximum number of minimization cycles reached.


                    FINAL RESULTS



   NSTEP       ENERGY          RMS            GMAX         NAME    NUMBER
      1       7.9502E+02     1.2365E+03     7.1276E+03     H          25

 BOND    =        0.9938  ANGLE   =       23.1725  DIHED      =       11.2707
 VDWAALS =      792.0251  EEL     =      -88.7399  HBOND      =        0.0000
 1-4 VDW =        5.4199  1-4 EEL =       50.8777  RESTRAINT  =        0.0000

--------------------------------------------------------------------------------
   5.  TIMINGS
--------------------------------------------------------------------------------

|    Read coords time           0.00 ( 0.33% of Total)
|    Fast Water setup           0.00 ( 0.02% of Total)
|                Build the list             0.00 (93.57% of List )
|                Other                      0.00 ( 6.43% of List )
|             List time                  0.00 (72.91% of Nonbo)
|                Direct Ewald time          0.00 (87.03% of Ewald)
|                Virial junk                0.00 ( 2.00% of Ewald)
|                Other                      0.00 (10.97% of Ewald)
|             Ewald time                 0.00 (26.32% of Nonbo)
|             IPS excludes               0.00 ( 0.53% of Nonbo)
|             Other                      0.00 ( 0.25% of Nonbo)
|          Nonbond force              0.00 (82.59% of Force)
|          Bond/Angle/Dihedral        0.00 (15.48% of Force)
|          Other                      0.00 ( 1.92% of Force)
|       Force time                 0.00 (100.0% of Runmd)
|    Runmd Time                 0.00 ( 0.98% of Total)
|    Other                      0.05 (98.67% of Total)
| Total time                 0.05 (100.0% of ALL  )

| Number of list builds   :          1

| Highest rstack allocated:        110
| Highest istack allocated:         22
|           Job began  at 15:28:08.903  on 07/24/2018
|           Setup done at 15:28:08.950  on 07/24/2018
|           Run   done at 15:28:08.951  on 07/24/2018
|     wallclock() was called      58 times

|3D-RISM memory allocation summary
|Type          Maximum        Current   
|Integer       0.00000 GB     0.00000 GB
|Real          0.00000 GB     0.00000 GB
|Logical       0.00000 GB     0.00000 GB
|Character     0.00000 GB     0.00000 GB
|---------------------------------------
|Total         0.00000 GB     0.00000 GB
