
          -------------------------------------------------------
          Amber 18 SANDER                              2018
          -------------------------------------------------------

| Run on 07/27/2018 at 09:53:09

|   Executable path: /Users/tuj24515/Development/amber18/bin/sander
| Working directory: /Users/tuj24515/Downloads/peptide-strings/peptide-strings-CANDO
|          Hostname: Unknown
  [-O]verwriting output

File Assignments:
|  MDIN: md.in                                                                 
| MDOUT: md-one9.out                                                           
|INPCRD: nine1.crd                                                             
|  PARM: nine1.top                                                             
|RESTRT: restrt                                                                
|  REFC: refc                                                                  
| MDVEL: mdvel                                                                 
| MDFRC: mdfrc                                                                 
|  MDEN: mden                                                                  
| MDCRD: mdcrd                                                                 
|MDINFO: mdinfo                                                                
|  MTMD: mtmd                                                                  
|INPDIP: inpdip                                                                
|RSTDIP: rstdip                                                                
|INPTRA: inptraj                                                               


 Here is the input file:

# check                                                                        
 &cntrl                                                                        
 imin=1                                                                        
 maxcyc=1                                                                      
 ntb=0                                                                         
 cut=99                                                                        
 /                                                                             

--------------------------------------------------------------------------------
   1.  RESOURCE   USE: 
--------------------------------------------------------------------------------

| Flags:                                                                        
|    NONPERIODIC   ntb=0 and igb=0: Setting up nonperiodic simulation
|  *** cutoff > system size, list only builds once
|Largest sphere to fit in unit cell has radius =    36.768
| New format PARM file being parsed.
| Version =    1.000 Date = 07/27/18 Time = 10:43:36
 NATOM  =     173 NTYPES =      11 NBONH =      89 MBONA  =      85
 NTHETH =     203 MTHETA =     114 NPHIH =     391 MPHIA  =     346
 NHPARM =       0 NPARM  =       0 NNB   =     950 NRES   =      12
 NBONA  =      85 NTHETA =     114 NPHIA =     346 NUMBND =      35
 NUMANG =      82 NPTRA  =      91 NATYP =      19 NPHB   =       0
 IFBOX  =       0 NMXRS  =      22 IFCAP =       0 NEXTRA =       0
 NCOPY  =       0


|     Memory Use     Allocated
|     Real               18231
|     Hollerith            533
|     Integer            59762
|     Max Pairs          14878
|     nblistReal          2076
|     nblist Int       1777140
|       Total             7394 kbytes

| Note: 1-4 EEL scale factors are being read from the topology file.

| Note: 1-4 VDW scale factors are being read from the topology file.
| Duplicated    0 dihedrals
| Duplicated    0 dihedrals

--------------------------------------------------------------------------------
   2.  CONTROL  DATA  FOR  THE  RUN
--------------------------------------------------------------------------------

NIL                                                                             

General flags:
     imin    =       1, nmropt  =       0

Nature and format of input:
     ntx     =       1, irest   =       0, ntrx    =       1

Nature and format of output:
     ntxo    =       2, ntpr    =      50, ntrx    =       1, ntwr    =       1
     iwrap   =       0, ntwx    =       0, ntwv    =       0, ntwe    =       0
     ioutfm  =       1, ntwprt  =       0, idecomp =       0, rbornstat=      0

Potential function:
     ntf     =       1, ntb     =       0, igb     =       0, nsnb    =      25
     ipol    =       0, gbsa    =       0, iesp    =       0
     dielc   =   1.00000, cut     =  99.00000, intdiel =   1.00000

Frozen or restrained atoms:
     ibelly  =       0, ntr     =       0

Energy minimization:
     maxcyc  =       1, ncyc    =      10, ntmin   =       1
     dx0     =   0.01000, drms    =   0.00010
|  INFO: Old style inpcrd file read


--------------------------------------------------------------------------------
   3.  ATOMIC COORDINATES AND VELOCITIES
--------------------------------------------------------------------------------

NIL                                                                             
 begin time read from input coords =     0.000 ps

 Number of triangulated 3-point waters found:        0

     Sum of charges from parm topology file =   0.99999989

--------------------------------------------------------------------------------
   4.  RESULTS
--------------------------------------------------------------------------------

 ---------------------------------------------------

     eedmeth=4: Setting switch to one everywhere

 ---------------------------------------------------
| Local SIZE OF NONBOND LIST =      13937
| TOTAL SIZE OF NONBOND LIST =      13937


   NSTEP       ENERGY          RMS            GMAX         NAME    NUMBER
      1       3.7881E+06     4.8147E+06     7.2504E+07     HD2        96

 BOND    =        1.1137  ANGLE   =        9.4977  DIHED      =      115.1339
 VDWAALS =  3788076.8648  EEL     =     -725.1331  HBOND      =        0.0000
 1-4 VDW =       59.2684  1-4 EEL =      606.6590  RESTRAINT  =        0.0000


  Maximum number of minimization cycles reached.


                    FINAL RESULTS



   NSTEP       ENERGY          RMS            GMAX         NAME    NUMBER
      1       3.7881E+06     4.8147E+06     7.2504E+07     HD2        96

 BOND    =        1.1137  ANGLE   =        9.4977  DIHED      =      115.1339
 VDWAALS =  3788076.8648  EEL     =     -725.1331  HBOND      =        0.0000
 1-4 VDW =       59.2684  1-4 EEL =      606.6590  RESTRAINT  =        0.0000

--------------------------------------------------------------------------------
   5.  TIMINGS
--------------------------------------------------------------------------------

|    Read coords time           0.00 ( 3.77% of Total)
|    Fast Water setup           0.00 ( 0.13% of Total)
|                Build the list             0.00 (96.99% of List )
|                Other                      0.00 ( 3.01% of List )
|             List time                  0.00 (46.28% of Nonbo)
|                   Short_ene time             0.00 (99.50% of Direc)
|                   Other                      0.00 ( 0.50% of Direc)
|                Direct Ewald time          0.00 (96.35% of Ewald)
|                Virial junk                0.00 ( 0.15% of Ewald)
|                Start synchronizatio       0.00 ( 0.08% of Ewald)
|                Other                      0.00 ( 3.42% of Ewald)
|             Ewald time                 0.00 (53.54% of Nonbo)
|             IPS excludes               0.00 ( 0.09% of Nonbo)
|             Other                      0.00 ( 0.08% of Nonbo)
|          Nonbond force              0.00 (87.85% of Force)
|          Bond/Angle/Dihedral        0.00 (11.81% of Force)
|          Other                      0.00 ( 0.34% of Force)
|       Force time                 0.00 (100.0% of Runmd)
|    Runmd Time                 0.00 (37.69% of Total)
|    Other                      0.00 (58.41% of Total)
| Total time                 0.01 (99.46% of ALL  )

| Number of list builds   :          1

| Highest rstack allocated:        830
| Highest istack allocated:        166
|           Job began  at 09:53:09.636  on 07/27/2018
|           Setup done at 09:53:09.640  on 07/27/2018
|           Run   done at 09:53:09.643  on 07/27/2018
|     wallclock() was called      58 times

|3D-RISM memory allocation summary
|Type          Maximum        Current   
|Integer       0.00000 GB     0.00000 GB
|Real          0.00000 GB     0.00000 GB
|Logical       0.00000 GB     0.00000 GB
|Character     0.00000 GB     0.00000 GB
|---------------------------------------
|Total         0.00000 GB     0.00000 GB
