
          -------------------------------------------------------
          Amber 18 SANDER                              2018
          -------------------------------------------------------

| Run on 07/27/2018 at 09:51:47

|   Executable path: /Users/tuj24515/Development/amber18/bin/sander
| Working directory: /Users/tuj24515/Downloads/peptide-strings/peptide-strings-CANDO
|          Hostname: Unknown
  [-O]verwriting output

File Assignments:
|  MDIN: md.in                                                                 
| MDOUT: md-one12.out                                                          
|INPCRD: twelve1.crd                                                           
|  PARM: twelve1.top                                                           
|RESTRT: restrt                                                                
|  REFC: refc                                                                  
| MDVEL: mdvel                                                                 
| MDFRC: mdfrc                                                                 
|  MDEN: mden                                                                  
| MDCRD: mdcrd                                                                 
|MDINFO: mdinfo                                                                
|  MTMD: mtmd                                                                  
|INPDIP: inpdip                                                                
|RSTDIP: rstdip                                                                
|INPTRA: inptraj                                                               


 Here is the input file:

# check                                                                        
 &cntrl                                                                        
 imin=1                                                                        
 maxcyc=1                                                                      
 ntb=0                                                                         
 cut=99                                                                        
 /                                                                             

--------------------------------------------------------------------------------
   1.  RESOURCE   USE: 
--------------------------------------------------------------------------------

| Flags:                                                                        
|    NONPERIODIC   ntb=0 and igb=0: Setting up nonperiodic simulation
|  *** cutoff > system size, list only builds once
|Largest sphere to fit in unit cell has radius =    34.244
| New format PARM file being parsed.
| Version =    1.000 Date = 07/27/18 Time = 10:43:39
 NATOM  =     164 NTYPES =      11 NBONH =      84 MBONA  =      80
 NTHETH =     185 MTHETA =     106 NPHIH =     377 MPHIA  =     328
 NHPARM =       0 NPARM  =       0 NNB   =     869 NRES   =      12
 NBONA  =      80 NTHETA =     106 NPHIA =     328 NUMBND =      36
 NUMANG =      84 NPTRA  =     109 NATYP =      17 NPHB   =       0
 IFBOX  =       0 NMXRS  =      24 IFCAP =       0 NEXTRA =       0
 NCOPY  =       0


|     Memory Use     Allocated
|     Real               17583
|     Hollerith            506
|     Integer            57729
|     Max Pairs          13366
|     nblistReal          1968
|     nblist Int       1882521
|       Total             7786 kbytes

| Note: 1-4 EEL scale factors are being read from the topology file.

| Note: 1-4 VDW scale factors are being read from the topology file.
| Duplicated    0 dihedrals
| Duplicated    0 dihedrals

--------------------------------------------------------------------------------
   2.  CONTROL  DATA  FOR  THE  RUN
--------------------------------------------------------------------------------

NIL                                                                             

General flags:
     imin    =       1, nmropt  =       0

Nature and format of input:
     ntx     =       1, irest   =       0, ntrx    =       1

Nature and format of output:
     ntxo    =       2, ntpr    =      50, ntrx    =       1, ntwr    =       1
     iwrap   =       0, ntwx    =       0, ntwv    =       0, ntwe    =       0
     ioutfm  =       1, ntwprt  =       0, idecomp =       0, rbornstat=      0

Potential function:
     ntf     =       1, ntb     =       0, igb     =       0, nsnb    =      25
     ipol    =       0, gbsa    =       0, iesp    =       0
     dielc   =   1.00000, cut     =  99.00000, intdiel =   1.00000

Frozen or restrained atoms:
     ibelly  =       0, ntr     =       0

Energy minimization:
     maxcyc  =       1, ncyc    =      10, ntmin   =       1
     dx0     =   0.01000, drms    =   0.00010
|  INFO: Old style inpcrd file read


--------------------------------------------------------------------------------
   3.  ATOMIC COORDINATES AND VELOCITIES
--------------------------------------------------------------------------------

NIL                                                                             
 begin time read from input coords =     0.000 ps

 Number of triangulated 3-point waters found:        0

     Sum of charges from parm topology file =   1.00000003

--------------------------------------------------------------------------------
   4.  RESULTS
--------------------------------------------------------------------------------

 ---------------------------------------------------

     eedmeth=4: Setting switch to one everywhere

 ---------------------------------------------------
| Local SIZE OF NONBOND LIST =      12506
| TOTAL SIZE OF NONBOND LIST =      12506


   NSTEP       ENERGY          RMS            GMAX         NAME    NUMBER
      1       1.4486E+04     9.7635E+03     1.1615E+05     HD2        57

 BOND    =        0.9124  ANGLE   =        3.6840  DIHED      =       99.7927
 VDWAALS =    14684.4220  EEL     =     -564.2942  HBOND      =        0.0000
 1-4 VDW =       56.0743  1-4 EEL =      204.9812  RESTRAINT  =        0.0000


  Maximum number of minimization cycles reached.


                    FINAL RESULTS



   NSTEP       ENERGY          RMS            GMAX         NAME    NUMBER
      1       1.4486E+04     9.7635E+03     1.1615E+05     HD2        57

 BOND    =        0.9124  ANGLE   =        3.6840  DIHED      =       99.7927
 VDWAALS =    14684.4220  EEL     =     -564.2942  HBOND      =        0.0000
 1-4 VDW =       56.0743  1-4 EEL =      204.9812  RESTRAINT  =        0.0000

--------------------------------------------------------------------------------
   5.  TIMINGS
--------------------------------------------------------------------------------

|    Read coords time           0.00 ( 4.26% of Total)
|    Fast Water setup           0.00 ( 0.14% of Total)
|                Build the list             0.00 (96.69% of List )
|                Other                      0.00 ( 3.31% of List )
|             List time                  0.00 (47.62% of Nonbo)
|                   Short_ene time             0.00 (99.40% of Direc)
|                   Other                      0.00 ( 0.60% of Direc)
|                Direct Ewald time          0.00 (96.31% of Ewald)
|                Other                      0.00 ( 3.69% of Ewald)
|             Ewald time                 0.00 (52.28% of Nonbo)
|             IPS excludes               0.00 ( 0.10% of Nonbo)
|          Nonbond force              0.00 (87.69% of Force)
|          Bond/Angle/Dihedral        0.00 (11.87% of Force)
|          Other                      0.00 ( 0.44% of Force)
|       Force time                 0.00 (100.0% of Runmd)
|    Runmd Time                 0.00 (34.46% of Total)
|    Other                      0.00 (61.15% of Total)
| Total time                 0.01 (99.36% of ALL  )

| Number of list builds   :          1

| Highest rstack allocated:        790
| Highest istack allocated:        158
|           Job began  at 09:51:47.085  on 07/27/2018
|           Setup done at 09:51:47.090  on 07/27/2018
|           Run   done at 09:51:47.093  on 07/27/2018
|     wallclock() was called      58 times

|3D-RISM memory allocation summary
|Type          Maximum        Current   
|Integer       0.00000 GB     0.00000 GB
|Real          0.00000 GB     0.00000 GB
|Logical       0.00000 GB     0.00000 GB
|Character     0.00000 GB     0.00000 GB
|---------------------------------------
|Total         0.00000 GB     0.00000 GB
