
          -------------------------------------------------------
          Amber 18 SANDER                              2018
          -------------------------------------------------------

| Run on 07/27/2018 at 09:44:54

|   Executable path: /Users/tuj24515/Development/amber18/bin/sander
| Working directory: /Users/tuj24515/Downloads/peptide-strings/peptide-strings-CANDO
|          Hostname: Unknown
  [-O]verwriting output

File Assignments:
|  MDIN: md.in                                                                 
| MDOUT: md-one2.out                                                           
|INPCRD: two1.crd                                                              
|  PARM: two1.top                                                              
|RESTRT: restrt                                                                
|  REFC: refc                                                                  
| MDVEL: mdvel                                                                 
| MDFRC: mdfrc                                                                 
|  MDEN: mden                                                                  
| MDCRD: mdcrd                                                                 
|MDINFO: mdinfo                                                                
|  MTMD: mtmd                                                                  
|INPDIP: inpdip                                                                
|RSTDIP: rstdip                                                                
|INPTRA: inptraj                                                               


 Here is the input file:

# check                                                                        
 &cntrl                                                                        
 imin=1                                                                        
 maxcyc=1                                                                      
 ntb=0                                                                         
 cut=99                                                                        
 /                                                                             

--------------------------------------------------------------------------------
   1.  RESOURCE   USE: 
--------------------------------------------------------------------------------

| Flags:                                                                        
|    NONPERIODIC   ntb=0 and igb=0: Setting up nonperiodic simulation
|  *** cutoff > system size, list only builds once
|Largest sphere to fit in unit cell has radius =    34.779
| New format PARM file being parsed.
| Version =    1.000 Date = 07/27/18 Time = 10:43:22
 NATOM  =     192 NTYPES =      11 NBONH =     101 MBONA  =      91
 NTHETH =     230 MTHETA =     119 NPHIH =     439 MPHIA  =     353
 NHPARM =       0 NPARM  =       0 NNB   =    1047 NRES   =      12
 NBONA  =      91 NTHETA =     119 NPHIA =     353 NUMBND =      37
 NUMANG =      83 NPTRA  =      93 NATYP =      20 NPHB   =       0
 IFBOX  =       0 NMXRS  =      24 IFCAP =       0 NEXTRA =       0
 NCOPY  =       0


|     Memory Use     Allocated
|     Real               19715
|     Hollerith            590
|     Integer            62988
|     Max Pairs          18336
|     nblistReal          2304
|     nblist Int       1907621
|       Total             7943 kbytes

| Note: 1-4 EEL scale factors are being read from the topology file.

| Note: 1-4 VDW scale factors are being read from the topology file.
| Duplicated    0 dihedrals
| Duplicated    0 dihedrals

--------------------------------------------------------------------------------
   2.  CONTROL  DATA  FOR  THE  RUN
--------------------------------------------------------------------------------

NIL                                                                             

General flags:
     imin    =       1, nmropt  =       0

Nature and format of input:
     ntx     =       1, irest   =       0, ntrx    =       1

Nature and format of output:
     ntxo    =       2, ntpr    =      50, ntrx    =       1, ntwr    =       1
     iwrap   =       0, ntwx    =       0, ntwv    =       0, ntwe    =       0
     ioutfm  =       1, ntwprt  =       0, idecomp =       0, rbornstat=      0

Potential function:
     ntf     =       1, ntb     =       0, igb     =       0, nsnb    =      25
     ipol    =       0, gbsa    =       0, iesp    =       0
     dielc   =   1.00000, cut     =  99.00000, intdiel =   1.00000

Frozen or restrained atoms:
     ibelly  =       0, ntr     =       0

Energy minimization:
     maxcyc  =       1, ncyc    =      10, ntmin   =       1
     dx0     =   0.01000, drms    =   0.00010
|  INFO: Old style inpcrd file read


--------------------------------------------------------------------------------
   3.  ATOMIC COORDINATES AND VELOCITIES
--------------------------------------------------------------------------------

NIL                                                                             
 begin time read from input coords =     0.000 ps

 Number of triangulated 3-point waters found:        0

     Sum of charges from parm topology file =   1.00000002

--------------------------------------------------------------------------------
   4.  RESULTS
--------------------------------------------------------------------------------

 ---------------------------------------------------

     eedmeth=4: Setting switch to one everywhere

 ---------------------------------------------------
| Local SIZE OF NONBOND LIST =      17299
| TOTAL SIZE OF NONBOND LIST =      17299


   NSTEP       ENERGY          RMS            GMAX         NAME    NUMBER
      1       2.1728E+04     1.3343E+04     2.1360E+05     H         154

 BOND    =        0.8727  ANGLE   =        3.5089  DIHED      =      100.4674
 VDWAALS =    21770.6311  EEL     =     -635.2395  HBOND      =        0.0000
 1-4 VDW =       63.5232  1-4 EEL =      424.0552  RESTRAINT  =        0.0000


  Maximum number of minimization cycles reached.


                    FINAL RESULTS



   NSTEP       ENERGY          RMS            GMAX         NAME    NUMBER
      1       2.1728E+04     1.3343E+04     2.1360E+05     H         154

 BOND    =        0.8727  ANGLE   =        3.5089  DIHED      =      100.4674
 VDWAALS =    21770.6311  EEL     =     -635.2395  HBOND      =        0.0000
 1-4 VDW =       63.5232  1-4 EEL =      424.0552  RESTRAINT  =        0.0000

--------------------------------------------------------------------------------
   5.  TIMINGS
--------------------------------------------------------------------------------

|    Read coords time           0.00 ( 3.45% of Total)
|    Fast Water setup           0.00 ( 0.10% of Total)
|                Build the list             0.00 (97.21% of List )
|                Other                      0.00 ( 2.79% of List )
|             List time                  0.00 (41.27% of Nonbo)
|                   Short_ene time             0.00 (99.55% of Direc)
|                   Other                      0.00 ( 0.45% of Direc)
|                Direct Ewald time          0.00 (97.03% of Ewald)
|                Virial junk                0.00 ( 0.07% of Ewald)
|                Other                      0.00 ( 2.91% of Ewald)
|             Ewald time                 0.00 (58.65% of Nonbo)
|             IPS excludes               0.00 ( 0.08% of Nonbo)
|          Nonbond force              0.00 (89.32% of Force)
|          Bond/Angle/Dihedral        0.00 (10.32% of Force)
|          Other                      0.00 ( 0.36% of Force)
|       Force time                 0.00 (100.0% of Runmd)
|    Runmd Time                 0.00 (36.50% of Total)
|    Other                      0.00 (59.96% of Total)
| Total time                 0.01 (99.53% of ALL  )

| Number of list builds   :          1

| Highest rstack allocated:        920
| Highest istack allocated:        184
|           Job began  at 09:44:54.675  on 07/27/2018
|           Setup done at 09:44:54.681  on 07/27/2018
|           Run   done at 09:44:54.684  on 07/27/2018
|     wallclock() was called      58 times

|3D-RISM memory allocation summary
|Type          Maximum        Current   
|Integer       0.00000 GB     0.00000 GB
|Real          0.00000 GB     0.00000 GB
|Logical       0.00000 GB     0.00000 GB
|Character     0.00000 GB     0.00000 GB
|---------------------------------------
|Total         0.00000 GB     0.00000 GB
