
          -------------------------------------------------------
          Amber 18 SANDER                              2018
          -------------------------------------------------------

| Run on 06/27/2018 at 12:51:26

|   Executable path: /home/uv10/amber/bin/sander
| Working directory: /home/uv10/cando/test-CANDO-amber/peptide-string-CANDO
|          Hostname: Unknown
  [-O]verwriting output

File Assignments:
|  MDIN: md.in                                                                 
| MDOUT: md-three.out                                                          
|INPCRD: three.crd                                                             
|  PARM: three.top                                                             
|RESTRT: restrt                                                                
|  REFC: refc                                                                  
| MDVEL: mdvel                                                                 
| MDFRC: mdfrc                                                                 
|  MDEN: mden                                                                  
| MDCRD: mdcrd                                                                 
|MDINFO: mdinfo                                                                
|  MTMD: mtmd                                                                  
|INPDIP: inpdip                                                                
|RSTDIP: rstdip                                                                
|INPTRA: inptraj                                                               


 Here is the input file:

# check                                                                        
 &cntrl                                                                        
 imin=1                                                                        
 maxcyc=1                                                                      
 ntb=0                                                                         
 cut=99                                                                        
 /                                                                             

--------------------------------------------------------------------------------
   1.  RESOURCE   USE: 
--------------------------------------------------------------------------------

| Flags:                                                                        
|    NONPERIODIC   ntb=0 and igb=0: Setting up nonperiodic simulation
|  *** cutoff > system size, list only builds once
|Largest sphere to fit in unit cell has radius =    33.417
| New format PARM file being parsed.
| Version =    1.000 Date = 06/27/18 Time = 16:41:17
 NATOM  =     156 NTYPES =      10 NBONH =      76 MBONA  =      81
 NTHETH =     168 MTHETA =     109 NPHIH =     364 MPHIA  =     339
 NHPARM =       0 NPARM  =       0 NNB   =     832 NRES   =      12
 NBONA  =      81 NTHETA =     109 NPHIA =     339 NUMBND =      29
 NUMANG =      63 NPTRA  =      88 NATYP =       0 NPHB   =       0
 IFBOX  =       0 NMXRS  =      21 IFCAP =       0 NEXTRA =       0
 NCOPY  =       0


|     Memory Use     Allocated
|     Real               16890
|     Hollerith            482
|     Integer            57241
|     Max Pairs          12090
|     nblistReal          1872
|     nblist Int       1758668
|       Total             7289 kbytes

| Note: 1-4 EEL scale factors are being read from the topology file.

| Note: 1-4 VDW scale factors are being read from the topology file.
| Duplicated    0 dihedrals
| Duplicated    0 dihedrals

--------------------------------------------------------------------------------
   2.  CONTROL  DATA  FOR  THE  RUN
--------------------------------------------------------------------------------

NIL                                                                             

General flags:
     imin    =       1, nmropt  =       0

Nature and format of input:
     ntx     =       1, irest   =       0, ntrx    =       1

Nature and format of output:
     ntxo    =       2, ntpr    =      50, ntrx    =       1, ntwr    =       1
     iwrap   =       0, ntwx    =       0, ntwv    =       0, ntwe    =       0
     ioutfm  =       1, ntwprt  =       0, idecomp =       0, rbornstat=      0

Potential function:
     ntf     =       1, ntb     =       0, igb     =       0, nsnb    =      25
     ipol    =       0, gbsa    =       0, iesp    =       0
     dielc   =   1.00000, cut     =  99.00000, intdiel =   1.00000

Frozen or restrained atoms:
     ibelly  =       0, ntr     =       0

Energy minimization:
     maxcyc  =       1, ncyc    =      10, ntmin   =       1
     dx0     =   0.01000, drms    =   0.00010
|  INFO: Old style inpcrd file read


--------------------------------------------------------------------------------
   3.  ATOMIC COORDINATES AND VELOCITIES
--------------------------------------------------------------------------------

NIL                                                                             
 begin time read from input coords =     0.000 ps

 Number of triangulated 3-point waters found:        0

     Sum of charges from parm topology file =  -1.00003843

--------------------------------------------------------------------------------
   4.  RESULTS
--------------------------------------------------------------------------------

 ---------------------------------------------------

     eedmeth=4: Setting switch to one everywhere

 ---------------------------------------------------
| Local SIZE OF NONBOND LIST =      11266
| TOTAL SIZE OF NONBOND LIST =      11266


   NSTEP       ENERGY          RMS            GMAX         NAME    NUMBER
      1       9.8389E+03     2.5370E+03     2.0326E+04     HD2        82

 BOND    =        0.9724  ANGLE   =        2.7569  DIHED      =       92.2043
 VDWAALS =     9863.9166  EEL     =     -687.8646  HBOND      =        0.0000
 1-4 VDW =       38.6637  1-4 EEL =      528.2477  RESTRAINT  =        0.0000


  Maximum number of minimization cycles reached.


                    FINAL RESULTS



   NSTEP       ENERGY          RMS            GMAX         NAME    NUMBER
      1       9.8389E+03     2.5370E+03     2.0326E+04     HD2        82

 BOND    =        0.9724  ANGLE   =        2.7569  DIHED      =       92.2043
 VDWAALS =     9863.9166  EEL     =     -687.8646  HBOND      =        0.0000
 1-4 VDW =       38.6637  1-4 EEL =      528.2477  RESTRAINT  =        0.0000

--------------------------------------------------------------------------------
   5.  TIMINGS
--------------------------------------------------------------------------------

|    Read coords time           0.00 ( 2.17% of Total)
|    Fast Water setup           0.00 ( 0.04% of Total)
|                Build the list             0.00 (97.93% of List )
|                Other                      0.00 ( 2.07% of List )
|             List time                  0.00 (49.37% of Nonbo)
|                   Short_ene time             0.00 (99.16% of Direc)
|                   Other                      0.00 ( 0.84% of Direc)
|                Direct Ewald time          0.00 (96.68% of Ewald)
|                Virial junk                0.00 ( 0.08% of Ewald)
|                Start synchronizatio       0.00 ( 0.09% of Ewald)
|                Other                      0.00 ( 3.16% of Ewald)
|             Ewald time                 0.00 (50.59% of Nonbo)
|             Other                      0.00 ( 0.04% of Nonbo)
|          Nonbond force              0.00 (78.31% of Force)
|          Bond/Angle/Dihedral        0.00 (21.57% of Force)
|          Other                      0.00 ( 0.13% of Force)
|       Force time                 0.00 (100.0% of Runmd)
|    Runmd Time                 0.00 (20.87% of Total)
|    Other                      0.01 (76.91% of Total)
| Total time                 0.01 (99.03% of ALL  )

| Number of list builds   :          1

| Highest rstack allocated:        750
| Highest istack allocated:        150
|           Job began  at 12:51:26.402  on 06/27/2018
|           Setup done at 12:51:26.414  on 06/27/2018
|           Run   done at 12:51:26.417  on 06/27/2018
|     wallclock() was called      58 times

|3D-RISM memory allocation summary
|Type          Maximum        Current   
|Integer       0.00000 GB     0.00000 GB
|Real          0.00000 GB     0.00000 GB
|Logical       0.00000 GB     0.00000 GB
|Character     0.00000 GB     0.00000 GB
|---------------------------------------
|Total         0.00000 GB     0.00000 GB
