
Static FFT Slab Distribution:

  FFT slabs assigned to    4 tasks
  Maximum of   23 xy slabs per task
  Maximum of   19 zx slabs per task
  Count of FFT xy slabs assigned to each task:
      22  22  23  23
  Count of FFT xz slabs assigned to each task:
      19  19  19  18

Atom Distribution No.     2 at run step    4575:

  Count of atoms assigned to each task:
         6689     8388     8801     6676

Atom Distribution No.     3 at run step    8187:

  Count of atoms assigned to each task:
         5616     8227     9309     7402

Major Routine Parallel Profiling - NonSetup CPU Seconds:

           D                                                              
           a                                                              
           t                                                              
           a                              D                               
           D         N                    i                               
           i         o                    h                               
           s         n             A      e      S      R      O         T
   T       t         B      B      n      d      h      u      t         o
   a       r         o      o      g      r      a      n      h         t
   s       i         n      n      l      a      k      M      e         a
   k       b         d      d      e      l      e      D      r         l
------------------------------------------------------------------------------
   0   431.4     904.3    2.2    2.6   14.8    3.5   89.7    0.0    1448.6
   1   425.7     908.4    2.8    0.4    2.2    4.4   94.5    0.3    1438.7
   2   425.9     919.4    2.8    0.5    3.0    4.6   91.5    0.2    1447.9
   3   438.5     895.7    2.7    3.3   18.8    4.0   90.9    0.0    1454.0
------------------------------------------------------------------------------
 avg   430.4     907.0    2.6    1.7    9.7    4.1   91.6    0.2    1447.3
 min   425.7     895.7    2.2    0.4    2.2    3.5   89.7    0.0    1438.7
 max   438.5     919.4    2.8    3.3   18.8    4.6   94.5    0.3    1454.0
 std     5.2       8.5    0.2    1.3    7.3    0.4    1.8    0.1       5.5
------------------------------------------------------------------------------

PME NonBond Parallel Profiling - NonSetup CPU Seconds:

                     D                           
           P         i         R                 
           a         r         e      L          
           i         e         c      o          
           r         c         i      a         T
   T       l         t         p      d         o
   a       i         F         F      B         t
   s       s         r         r      a         a
   k       t         c         c      l         l
-------------------------------------------------
   0    39.7     276.8     587.7    0.1     904.3
   1    47.8     301.4     558.9    0.3     908.3
   2    47.5     301.4     570.3    0.2     919.4
   3    41.5     275.1     578.9    0.2     895.7
-------------------------------------------------
 avg    44.1     288.7     574.0    0.2     907.0
-------------------------------------------------
