
          -------------------------------------------------------
          Amber 18 PMEMD                              2018
          -------------------------------------------------------

| PMEMD implementation of SANDER, Release 18

| Run on 07/18/2018 at 21:41:13

|   Executable path: /home/case/amber18/bin/pmemd.MPI
| Working directory: /home/uv10/T4-lysozyme/one-step/free_energy/complex/vdw_bonded/0.5
|          Hostname: casegroup4.rutgers.edu

  [-O]verwriting output

File Assignments:
|   MDIN: heat.in                                                               
|  MDOUT: heat.out                                                              
| INPCRD: ti.rst7                                                               
|   PARM: ti.parm7                                                              
| RESTRT: heat.rst7                                                             
|   REFC: ti.rst7                                                               
|  MDVEL: mdvel                                                                 
|   MDEN: heat.en                                                               
|  MDCRD: heat.nc                                                               
| MDINFO: heat.info                                                             
|LOGFILE: heat.log                                                              
|  MDFRC: mdfrc                                                                 


 Here is the input file:

heating                                                                        
 &cntrl                                                                        
   imin = 0, nstlim = 10000, irest = 0, ntx = 1, dt = 0.002,                   
   ntt = 1, temp0 = 300.0, tempi = 50.0, tautp = 1.0,                          
   ntc = 2, ntf = 1,                                                           
   ntb = 1,                                                                    
   ioutfm = 1, iwrap = 1,                                                      
   ntwe = 1000, ntwx = 1000, ntpr = 1000, ntwr = 5000,                         
                                                                               
   nmropt = 1,                                                                 
   ntr = 1, restraint_wt = 5.00,                                               
   restraintmask='!:WAT & !@H=',                                               
                                                                               
   icfe = 1, clambda = 0.5, scalpha = 0.5, scbeta = 12.0,                      
   logdvdl = 0,                                                                
   timask1 = ':1', timask2 = ':2',                                             
   ifsc=1, scmask1=':1@H6', scmask2=':2@O1,H6'                                 
 /                                                                             
                                                                               
 &ewald                                                                        
 /                                                                             
                                                                               
 &wt                                                                           
   type='TEMP0',                                                               
   istep1 = 0, istep2 = 8000,                                                  
   value1 = 50.0, value2 = 300.0                                               
 /                                                                             
                                                                               
 &wt type = 'END'                                                              
 /                                                                             
                                                                               


Note: ig = -1. Setting random seed to   348307 based on wallclock time in
      microseconds and disabling the synchronization of random numbers 
      between tasks to improve performance.
| irandom = 1, using AMBER's internal random number generator (default).
 
 
| Conditional Compilation Defines Used:
| MPI
| PUBFFT
| BINTRAJ
| EMIL

| Largest sphere to fit in unit cell has radius =    31.244

| New format PARM file being parsed.
| Version =    1.000 Date = 07/16/18 Time = 16:53:54

| Note: 1-4 EEL scale factors are being read from the topology file.

| Note: 1-4 VDW scale factors are being read from the topology file.
| Duplicated    0 dihedrals

| Duplicated    0 dihedrals

--------------------------------------------------------------------------------
   1.  RESOURCE   USE: 
--------------------------------------------------------------------------------

 getting box info from netcdf restart file
 NATOM  =   30553 NTYPES =      17 NBONH =   29246 MBONA  =    1323
 NTHETH =    2992 MTHETA =    1779 NPHIH =    6075 MPHIA  =    5535
 NHPARM =       0 NPARM  =       0 NNB   =   51644 NRES   =    9475
 NBONA  =    1323 NTHETA =    1779 NPHIA =    5535 NUMBND =      69
 NUMANG =     153 NPTRA  =     180 NATYP =      38 NPHB   =       1
 IFBOX  =       1 NMXRS  =      24 IFCAP =       0 NEXTRA =       0
 NCOPY  =       0

| Coordinate Index Table dimensions:    12   13   14
| Direct force subcell size =     5.2074    5.1252    5.3431

     BOX TYPE: RECTILINEAR

--------------------------------------------------------------------------------
   2.  CONTROL  DATA  FOR  THE  RUN
--------------------------------------------------------------------------------

default_name                                                                    

General flags:
     imin    =       0, nmropt  =       1

Nature and format of input:
     ntx     =       1, irest   =       0, ntrx    =       1

Nature and format of output:
     ntxo    =       2, ntpr    =    1000, ntrx    =       1, ntwr    =    5000
     iwrap   =       1, ntwx    =    1000, ntwv    =       0, ntwe    =    1000
     ioutfm  =       1, ntwprt  =       0, idecomp =       0, rbornstat=      0

Potential function:
     ntf     =       1, ntb     =       1, igb     =       0, nsnb    =      25
     ipol    =       0, gbsa    =       0, iesp    =       0
     dielc   =   1.00000, cut     =   8.00000, intdiel =   1.00000

Frozen or restrained atoms:
     ibelly  =       0, ntr     =       1
     restraint_wt =   5.00000

Molecular dynamics:
     nstlim  =     10000, nscm    =         0, nrespa  =         1
     t       =   0.00000, dt      =   0.00200, vlimit  =  20.00000

Berendsen (weak-coupling) temperature regulation:
     temp0   = 300.00000, tempi   =  50.00000, tautp   =   1.00000

SHAKE:
     ntc     =       2, jfastw  =       0
     tol     =   0.00001

NMR refinement options:
     iscale  =       0, noeskp  =       1, ipnlty  =       1, mxsub   =       1
     scalm   = 100.00000, pencut  =   0.10000, tausw   =   0.10000

Free energy options:
     icfe    =       1, ifsc    =       1, klambda =       1
     clambda =  0.5000, scalpha =  0.5000, scbeta  = 12.0000
     sceeorder =       2
     dynlmb =  0.0000 logdvdl =       0

| Intermolecular bonds treatment:
|     no_intermolecular_bonds =       1

| Energy averages sample interval:
|     ene_avg_sampling =    1000

Ewald parameters:
     verbose =       0, ew_type =       0, nbflag  =       1, use_pme =       1
     vdwmeth =       1, eedmeth =       1, netfrc  =       1
     Box X =   62.489   Box Y =   66.628   Box Z =   74.803
     Alpha =   90.000   Beta  =   90.000   Gamma =   90.000
     NFFT1 =   64       NFFT2 =   72       NFFT3 =   75
     Cutoff=    8.000   Tol   =0.100E-04
     Ewald Coefficient =  0.34864
     Interpolation order =    4

| PMEMD ewald parallel performance parameters:
|     block_fft =    0
|     fft_blk_y_divisor =    2
|     excl_recip =    0
|     excl_master =    0
|     atm_redist_freq =  320

    LOADING THE CONSTRAINED ATOMS AS GROUPS


   5.  REFERENCE ATOM COORDINATES

  default_name                                                                    
     Mask !:WAT & !@H=; matches  1307 atoms
     TI Mask 1 :1; matches     12 atoms
     TI Mask 2 :2; matches     13 atoms
     TI region 1:   30540 atoms
     TI region 2:   30541 atoms
     SC Mask 1 :1@H6; matches      1 atoms
     SC Mask 2 :2@O1,H6; matches      2 atoms

--------------------------------------------------------------------------------
   3.  ATOMIC COORDINATES AND VELOCITIES
--------------------------------------------------------------------------------

default_name                                                                    
 begin time read from input coords =    40.000 ps



           Begin reading energy term weight changes/NMR restraints
 WEIGHT CHANGES:
 TEMP0         0   8000   50.000000  300.000000      0      0

 RESTRAINTS:
                          ** No restraint defined **

                  Done reading weight changes/NMR restraints


 
 Number of triangulated 3-point waters found:     9307
 WARNING: SHAKEn bond for atoms       12       11 is partially softcore.
 Coordinates for common atoms will be synchronized from V0. 
 Consider using noshake mask or disabling SHAKE.

 Number of shake restraints removed in TI region  1 :        0
 Number of shake restraints removed in TI region  2 :        0

     Sum of charges for TI region  1 =   0.00039993
     Forcing neutrality...


     Sum of charges for TI region  2 =   0.00040093
     Forcing neutrality...

| Dynamic Memory, Types Used:
| Reals             1929089
| Integers          1697197

| Nonbonded Pairs Initial Allocation:     1741521

| Running AMBER/MPI version on    4 MPI task

 
--------------------------------------------------------------------------------
   4.  RESULTS
--------------------------------------------------------------------------------

 ---------------------------------------------------
 APPROXIMATING switch and d/dx switch using CUBIC SPLINE INTERPOLATION
 using   5000.0 points per unit in tabled values
 TESTING RELATIVE ERROR over r ranging from 0.0 to cutoff
| CHECK switch(x): max rel err =   0.2738E-14   at   2.422500
| CHECK d/dx switch(x): max rel err =   0.8332E-11   at   2.782960
 ---------------------------------------------------
|---------------------------------------------------
| APPROXIMATING direct energy using CUBIC SPLINE INTERPOLATION
|  with   50.0 points per unit in tabled values
| Relative Error Limit not exceeded for r .gt.   2.47
| APPROXIMATING direct force using CUBIC SPLINE INTERPOLATION
|  with   50.0 points per unit in tabled values
| Relative Error Limit not exceeded for r .gt.   2.89
|---------------------------------------------------
   DOF for the SC part  1 of the system:    2
   SHAKE constraints in the SC region:    1
   DOF for the SC part  2 of the system:    5
   SHAKE constraints in the SC region:    1

| TI region  1


 NSTEP =        0   TIME(PS) =       0.000  TEMP(K) =    73.71  PRESS =     0.0
 Etot   =    -87436.3146  EKtot   =      4568.7183  EPtot      =    -92005.0329
 BOND   =       437.9888  ANGLE   =      1143.7940  DIHED      =      2027.7755
 1-4 NB =       611.7146  1-4 EEL =      5955.4350  VDWAALS    =     11053.4068
 EELEC  =   -113235.1476  EHBOND  =         0.0000  RESTRAINT  =         0.0000
 DV/DL  =        10.0044
 Ewald error estimate:   0.8385E-04
 ------------------------------------------------------------------------------

  Softcore part of the system:       1 atoms,       TEMP(K)    =          92.36
 SC_Etot=         1.8012  SC_EKtot=         0.1835  SC_EPtot   =         1.6176
 SC_BOND=         0.0000  SC_ANGLE=         0.5156  SC_DIHED   =         0.0896
 SC_14NB=        -0.0044  SC_14EEL=         1.0167  SC_VDW     =         0.0000
 SC_EEL =         0.0000
 SC_RES_DIST=     0.0000  SC_RES_ANG=       0.0000  SC_RES_TORS=         0.0000
 SC_EEL_DER=      0.5908  SC_VDW_DER=       5.0074  SC_DERIV   =         5.5983
 ------------------------------------------------------------------------------


| TI region  2


 NSTEP =        0   TIME(PS) =       0.000  TEMP(K) =    73.71  PRESS =     0.0
 Etot   =    -87436.3296  EKtot   =      4568.7033  EPtot      =    -92005.0329
 BOND   =       437.9888  ANGLE   =      1143.7940  DIHED      =      2027.7755
 1-4 NB =       611.7146  1-4 EEL =      5955.4350  VDWAALS    =     11053.4068
 EELEC  =   -113235.1476  EHBOND  =         0.0000  RESTRAINT  =         0.0000
 DV/DL  =        10.0044
 Ewald error estimate:   0.8385E-04
 ------------------------------------------------------------------------------

  Softcore part of the system:       2 atoms,       TEMP(K)    =          57.12
 SC_Etot=       -38.2118  SC_EKtot=         0.2838  SC_EPtot   =       -38.4955
 SC_BOND=         0.1698  SC_ANGLE=         0.8107  SC_DIHED   =         0.1592
 SC_14NB=         0.1042  SC_14EEL=       -39.7393  SC_VDW     =         0.0000
 SC_EEL =         0.0000
 SC_RES_DIST=     0.0000  SC_RES_ANG=       0.0000  SC_RES_TORS=         0.0000
 SC_EEL_DER=      0.5908  SC_VDW_DER=       5.0074  SC_DERIV   =         5.5983
 ------------------------------------------------------------------------------

 NMR restraints: Bond =    0.000   Angle =     0.000   Torsion =     0.000
===============================================================================

| TI region  1


 NSTEP =     1000   TIME(PS) =       2.000  TEMP(K) =   135.82  PRESS =     0.0
 Etot   =   -100665.8433  EKtot   =      8418.3954  EPtot      =   -109084.2386
 BOND   =       202.3836  ANGLE   =       534.3225  DIHED      =      1873.7640
 1-4 NB =       557.6258  1-4 EEL =      5962.3091  VDWAALS    =     15859.6412
 EELEC  =   -134219.1300  EHBOND  =         0.0000  RESTRAINT  =       144.8451
 EAMBER (non-restraint)  =   -109229.0838
 DV/DL  =        10.3562
 Ewald error estimate:   0.1978E-03
 ------------------------------------------------------------------------------

  Softcore part of the system:       1 atoms,       TEMP(K)    =          89.09
 SC_Etot=         1.3566  SC_EKtot=         0.1770  SC_EPtot   =         1.1796
 SC_BOND=         0.0000  SC_ANGLE=         0.0325  SC_DIHED   =         0.0930
 SC_14NB=        -0.0017  SC_14EEL=         1.0558  SC_VDW     =         0.0000
 SC_EEL =         0.0000
 SC_RES_DIST=     0.0000  SC_RES_ANG=       0.0000  SC_RES_TORS=         0.0000
 SC_EEL_DER=      0.5376  SC_VDW_DER=       5.0752  SC_DERIV   =         5.6128
 ------------------------------------------------------------------------------


| TI region  2


 NSTEP =     1000   TIME(PS) =       2.000  TEMP(K) =   135.82  PRESS =     0.0
 Etot   =   -100665.8470  EKtot   =      8418.3917  EPtot      =   -109084.2386
 BOND   =       202.3836  ANGLE   =       534.3225  DIHED      =      1873.7640
 1-4 NB =       557.6258  1-4 EEL =      5962.3091  VDWAALS    =     15859.6412
 EELEC  =   -134219.1300  EHBOND  =         0.0000  RESTRAINT  =       144.8451
 EAMBER (non-restraint)  =   -109229.0838
 DV/DL  =        10.3562
 Ewald error estimate:   0.1978E-03
 ------------------------------------------------------------------------------

  Softcore part of the system:       2 atoms,       TEMP(K)    =          34.89
 SC_Etot=       -38.2648  SC_EKtot=         0.1733  SC_EPtot   =       -38.4382
 SC_BOND=         0.6935  SC_ANGLE=         0.3185  SC_DIHED   =         0.2416
 SC_14NB=         0.1699  SC_14EEL=       -39.8617  SC_VDW     =         0.0000
 SC_EEL =         0.0000
 SC_RES_DIST=     0.0397  SC_RES_ANG=       0.0000  SC_RES_TORS=         0.0000
 SC_EEL_DER=      0.5376  SC_VDW_DER=       5.0752  SC_DERIV   =         5.6128
 ------------------------------------------------------------------------------

 NMR restraints: Bond =    0.000   Angle =     0.000   Torsion =     0.000
===============================================================================

| TI region  1


 NSTEP =     2000   TIME(PS) =       4.000  TEMP(K) =   117.61  PRESS =     0.0
 Etot   =   -103990.1675  EKtot   =      7289.7556  EPtot      =   -111279.9231
 BOND   =       193.4894  ANGLE   =       499.9760  DIHED      =      1870.0468
 1-4 NB =       548.8492  1-4 EEL =      5965.7288  VDWAALS    =     16913.7686
 EELEC  =   -137414.0495  EHBOND  =         0.0000  RESTRAINT  =       142.2678
 EAMBER (non-restraint)  =   -111422.1908
 DV/DL  =         7.7090
 Ewald error estimate:   0.2163E-03
 ------------------------------------------------------------------------------

  Softcore part of the system:       1 atoms,       TEMP(K)    =         106.17
 SC_Etot=         1.2587  SC_EKtot=         0.2110  SC_EPtot   =         1.0477
 SC_BOND=         0.0000  SC_ANGLE=         0.0344  SC_DIHED   =         0.0358
 SC_14NB=        -0.0129  SC_14EEL=         0.9904  SC_VDW     =         0.0000
 SC_EEL =         0.0000
 SC_RES_DIST=     0.0000  SC_RES_ANG=       0.0000  SC_RES_TORS=         0.0000
 SC_EEL_DER=      0.4990  SC_VDW_DER=       3.5861  SC_DERIV   =         4.0851
 ------------------------------------------------------------------------------


| TI region  2


 NSTEP =     2000   TIME(PS) =       4.000  TEMP(K) =   117.61  PRESS =     0.0
 Etot   =   -103989.8572  EKtot   =      7290.0659  EPtot      =   -111279.9231
 BOND   =       193.4894  ANGLE   =       499.9760  DIHED      =      1870.0468
 1-4 NB =       548.8492  1-4 EEL =      5965.7288  VDWAALS    =     16913.7686
 EELEC  =   -137414.0495  EHBOND  =         0.0000  RESTRAINT  =       142.2678
 EAMBER (non-restraint)  =   -111422.1908
 DV/DL  =         7.7090
 Ewald error estimate:   0.2163E-03
 ------------------------------------------------------------------------------

  Softcore part of the system:       2 atoms,       TEMP(K)    =         104.92
 SC_Etot=       -37.8244  SC_EKtot=         0.5213  SC_EPtot   =       -38.3457
 SC_BOND=         0.2272  SC_ANGLE=         0.1702  SC_DIHED   =         0.1426
 SC_14NB=         0.0790  SC_14EEL=       -38.9646  SC_VDW     =         0.0000
 SC_EEL =         0.0000
 SC_RES_DIST=     0.0452  SC_RES_ANG=       0.0000  SC_RES_TORS=         0.0000
 SC_EEL_DER=      0.4990  SC_VDW_DER=       3.5861  SC_DERIV   =         4.0851
 ------------------------------------------------------------------------------

 NMR restraints: Bond =    0.000   Angle =     0.000   Torsion =     0.000
===============================================================================

| TI region  1


 NSTEP =     3000   TIME(PS) =       6.000  TEMP(K) =   126.91  PRESS =     0.0
 Etot   =   -103129.9925  EKtot   =      7866.2024  EPtot      =   -110996.1949
 BOND   =       193.1124  ANGLE   =       518.1968  DIHED      =      1872.4835
 1-4 NB =       573.0790  1-4 EEL =      5982.2341  VDWAALS    =     17179.7642
 EELEC  =   -137462.4364  EHBOND  =         0.0000  RESTRAINT  =       147.3715
 EAMBER (non-restraint)  =   -111143.5663
 DV/DL  =         9.3838
 Ewald error estimate:   0.2433E-03
 ------------------------------------------------------------------------------

  Softcore part of the system:       1 atoms,       TEMP(K)    =          50.35
 SC_Etot=         1.2558  SC_EKtot=         0.1000  SC_EPtot   =         1.1558
 SC_BOND=         0.0000  SC_ANGLE=         0.0926  SC_DIHED   =         0.0653
 SC_14NB=        -0.0100  SC_14EEL=         1.0078  SC_VDW     =         0.0000
 SC_EEL =         0.0000
 SC_RES_DIST=     0.0000  SC_RES_ANG=       0.0000  SC_RES_TORS=         0.0000
 SC_EEL_DER=      0.5115  SC_VDW_DER=       4.6216  SC_DERIV   =         5.1330
 ------------------------------------------------------------------------------


| TI region  2


 NSTEP =     3000   TIME(PS) =       6.000  TEMP(K) =   126.91  PRESS =     0.0
 Etot   =   -103129.6686  EKtot   =      7866.5263  EPtot      =   -110996.1949
 BOND   =       193.1124  ANGLE   =       518.1968  DIHED      =      1872.4835
 1-4 NB =       573.0790  1-4 EEL =      5982.2341  VDWAALS    =     17179.7642
 EELEC  =   -137462.4364  EHBOND  =         0.0000  RESTRAINT  =       147.3715
 EAMBER (non-restraint)  =   -111143.5663
 DV/DL  =         9.3838
 Ewald error estimate:   0.2433E-03
 ------------------------------------------------------------------------------

  Softcore part of the system:       2 atoms,       TEMP(K)    =          85.34
 SC_Etot=       -38.0797  SC_EKtot=         0.4240  SC_EPtot   =       -38.5037
 SC_BOND=         0.4053  SC_ANGLE=         0.9057  SC_DIHED   =         0.1195
 SC_14NB=         0.1334  SC_14EEL=       -40.0675  SC_VDW     =         0.0000
 SC_EEL =         0.0000
 SC_RES_DIST=     0.3730  SC_RES_ANG=       0.0000  SC_RES_TORS=         0.0000
 SC_EEL_DER=      0.5115  SC_VDW_DER=       4.6216  SC_DERIV   =         5.1330
 ------------------------------------------------------------------------------

 NMR restraints: Bond =    0.000   Angle =     0.000   Torsion =     0.000
===============================================================================

| TI region  1


 NSTEP =     4000   TIME(PS) =       8.000  TEMP(K) =   147.65  PRESS =     0.0
 Etot   =   -100418.3135  EKtot   =      9151.2018  EPtot      =   -109569.5152
 BOND   =       225.1344  ANGLE   =       574.3102  DIHED      =      1891.6250
 1-4 NB =       561.7688  1-4 EEL =      5965.0694  VDWAALS    =     16980.2694
 EELEC  =   -135931.0798  EHBOND  =         0.0000  RESTRAINT  =       163.3873
 EAMBER (non-restraint)  =   -109732.9025
 DV/DL  =         9.9180
 Ewald error estimate:   0.2543E-03
 ------------------------------------------------------------------------------

  Softcore part of the system:       1 atoms,       TEMP(K)    =          28.18
 SC_Etot=         1.1753  SC_EKtot=         0.0560  SC_EPtot   =         1.1193
 SC_BOND=         0.0000  SC_ANGLE=         0.0151  SC_DIHED   =         0.1156
 SC_14NB=        -0.0121  SC_14EEL=         1.0006  SC_VDW     =         0.0000
 SC_EEL =         0.0000
 SC_RES_DIST=     0.0000  SC_RES_ANG=       0.0000  SC_RES_TORS=         0.0000
 SC_EEL_DER=      0.5027  SC_VDW_DER=       4.7057  SC_DERIV   =         5.2084
 ------------------------------------------------------------------------------


| TI region  2


 NSTEP =     4000   TIME(PS) =       8.000  TEMP(K) =   147.64  PRESS =     0.0
 Etot   =   -100418.0053  EKtot   =      9151.5099  EPtot      =   -109569.5152
 BOND   =       225.1344  ANGLE   =       574.3102  DIHED      =      1891.6250
 1-4 NB =       561.7688  1-4 EEL =      5965.0694  VDWAALS    =     16980.2694
 EELEC  =   -135931.0798  EHBOND  =         0.0000  RESTRAINT  =       163.3873
 EAMBER (non-restraint)  =   -109732.9025
 DV/DL  =         9.9180
 Ewald error estimate:   0.2543E-03
 ------------------------------------------------------------------------------

  Softcore part of the system:       2 atoms,       TEMP(K)    =          73.30
 SC_Etot=       -36.9494  SC_EKtot=         0.3641  SC_EPtot   =       -37.3136
 SC_BOND=         0.0895  SC_ANGLE=         1.4161  SC_DIHED   =         0.5986
 SC_14NB=         0.0844  SC_14EEL=       -39.5022  SC_VDW     =         0.0000
 SC_EEL =         0.0000
 SC_RES_DIST=     0.0258  SC_RES_ANG=       0.0000  SC_RES_TORS=         0.0000
 SC_EEL_DER=      0.5027  SC_VDW_DER=       4.7057  SC_DERIV   =         5.2084
 ------------------------------------------------------------------------------

 NMR restraints: Bond =    0.000   Angle =     0.000   Torsion =     0.000
===============================================================================

| TI region  1


 NSTEP =     5000   TIME(PS) =      10.000  TEMP(K) =   174.67  PRESS =     0.0
 Etot   =    -96798.6764  EKtot   =     10825.9260  EPtot      =   -107624.6024
 BOND   =       241.5997  ANGLE   =       649.3579  DIHED      =      1905.0492
 1-4 NB =       578.2456  1-4 EEL =      5990.7012  VDWAALS    =     16439.4249
 EELEC  =   -133603.3559  EHBOND  =         0.0000  RESTRAINT  =       174.3751
 EAMBER (non-restraint)  =   -107798.9774
 DV/DL  =         8.3524
 Ewald error estimate:   0.2614E-03
 ------------------------------------------------------------------------------

  Softcore part of the system:       1 atoms,       TEMP(K)    =         135.52
 SC_Etot=         1.5120  SC_EKtot=         0.2693  SC_EPtot   =         1.2427
 SC_BOND=         0.0000  SC_ANGLE=         0.0004  SC_DIHED   =         0.1447
 SC_14NB=         0.0028  SC_14EEL=         1.0947  SC_VDW     =         0.0000
 SC_EEL =         0.0000
 SC_RES_DIST=     0.0000  SC_RES_ANG=       0.0000  SC_RES_TORS=         0.0000
 SC_EEL_DER=      0.5447  SC_VDW_DER=       3.7540  SC_DERIV   =         4.2987
 ------------------------------------------------------------------------------


| TI region  2


 NSTEP =     5000   TIME(PS) =      10.000  TEMP(K) =   174.67  PRESS =     0.0
 Etot   =    -96797.7121  EKtot   =     10826.8903  EPtot      =   -107624.6024
 BOND   =       241.5997  ANGLE   =       649.3579  DIHED      =      1905.0492
 1-4 NB =       578.2456  1-4 EEL =      5990.7012  VDWAALS    =     16439.4249
 EELEC  =   -133603.3559  EHBOND  =         0.0000  RESTRAINT  =       174.3751
 EAMBER (non-restraint)  =   -107798.9774
 DV/DL  =         8.3524
 Ewald error estimate:   0.2614E-03
 ------------------------------------------------------------------------------

  Softcore part of the system:       2 atoms,       TEMP(K)    =         248.31
 SC_Etot=       -37.3495  SC_EKtot=         1.2336  SC_EPtot   =       -38.5831
 SC_BOND=         0.5793  SC_ANGLE=         0.2575  SC_DIHED   =         0.1376
 SC_14NB=         0.1755  SC_14EEL=       -39.7330  SC_VDW     =         0.0000
 SC_EEL =         0.0000
 SC_RES_DIST=     0.3441  SC_RES_ANG=       0.0000  SC_RES_TORS=         0.0000
 SC_EEL_DER=      0.5447  SC_VDW_DER=       3.7540  SC_DERIV   =         4.2987
 ------------------------------------------------------------------------------

 NMR restraints: Bond =    0.000   Angle =     0.000   Torsion =     0.000
===============================================================================

| TI region  1


 NSTEP =     6000   TIME(PS) =      12.000  TEMP(K) =   200.87  PRESS =     0.0
 Etot   =    -92655.4940  EKtot   =     12449.8887  EPtot      =   -105105.3826
 BOND   =       295.1366  ANGLE   =       766.7455  DIHED      =      1945.4815
 1-4 NB =       581.7384  1-4 EEL =      5947.2179  VDWAALS    =     16032.2887
 EELEC  =   -130882.7246  EHBOND  =         0.0000  RESTRAINT  =       208.7334
 EAMBER (non-restraint)  =   -105314.1160
 DV/DL  =         6.3019
 Ewald error estimate:   0.2274E-03
 ------------------------------------------------------------------------------

  Softcore part of the system:       1 atoms,       TEMP(K)    =          37.15
 SC_Etot=         1.2373  SC_EKtot=         0.0738  SC_EPtot   =         1.1634
 SC_BOND=         0.0000  SC_ANGLE=         0.0447  SC_DIHED   =         0.1085
 SC_14NB=        -0.0104  SC_14EEL=         1.0207  SC_VDW     =         0.0000
 SC_EEL =         0.0000
 SC_RES_DIST=     0.0000  SC_RES_ANG=       0.0000  SC_RES_TORS=         0.0000
 SC_EEL_DER=      0.4552  SC_VDW_DER=       2.7354  SC_DERIV   =         3.1906
 ------------------------------------------------------------------------------


| TI region  2


 NSTEP =     6000   TIME(PS) =      12.000  TEMP(K) =   200.87  PRESS =     0.0
 Etot   =    -92654.4587  EKtot   =     12450.9239  EPtot      =   -105105.3826
 BOND   =       295.1366  ANGLE   =       766.7455  DIHED      =      1945.4815
 1-4 NB =       581.7384  1-4 EEL =      5947.2179  VDWAALS    =     16032.2887
 EELEC  =   -130882.7246  EHBOND  =         0.0000  RESTRAINT  =       208.7334
 EAMBER (non-restraint)  =   -105314.1160
 DV/DL  =         6.3019
 Ewald error estimate:   0.2274E-03
 ------------------------------------------------------------------------------

  Softcore part of the system:       2 atoms,       TEMP(K)    =         223.25
 SC_Etot=       -37.4362  SC_EKtot=         1.1091  SC_EPtot   =       -38.5453
 SC_BOND=         0.0241  SC_ANGLE=         0.6124  SC_DIHED   =         0.1414
 SC_14NB=         0.0682  SC_14EEL=       -39.3915  SC_VDW     =         0.0000
 SC_EEL =         0.0000
 SC_RES_DIST=     0.1488  SC_RES_ANG=       0.0000  SC_RES_TORS=         0.0000
 SC_EEL_DER=      0.4552  SC_VDW_DER=       2.7354  SC_DERIV   =         3.1906
 ------------------------------------------------------------------------------

 NMR restraints: Bond =    0.000   Angle =     0.000   Torsion =     0.000
===============================================================================

| TI region  1


 NSTEP =     7000   TIME(PS) =      14.000  TEMP(K) =   228.29  PRESS =     0.0
 Etot   =    -88006.4794  EKtot   =     14149.8292  EPtot      =   -102156.3086
 BOND   =       353.8823  ANGLE   =       850.5135  DIHED      =      1952.4478
 1-4 NB =       605.4896  1-4 EEL =      5975.3827  VDWAALS    =     14778.4689
 EELEC  =   -126886.4298  EHBOND  =         0.0000  RESTRAINT  =       213.9365
 EAMBER (non-restraint)  =   -102370.2451
 DV/DL  =         8.7964
 Ewald error estimate:   0.8054E-04
 ------------------------------------------------------------------------------

  Softcore part of the system:       1 atoms,       TEMP(K)    =          69.57
 SC_Etot=         1.7901  SC_EKtot=         0.1383  SC_EPtot   =         1.6519
 SC_BOND=         0.0000  SC_ANGLE=         0.5043  SC_DIHED   =         0.0526
 SC_14NB=        -0.0015  SC_14EEL=         1.0964  SC_VDW     =         0.0000
 SC_EEL =         0.0000
 SC_RES_DIST=     0.0000  SC_RES_ANG=       0.0000  SC_RES_TORS=         0.0000
 SC_EEL_DER=      0.4913  SC_VDW_DER=       4.3288  SC_DERIV   =         4.8200
 ------------------------------------------------------------------------------


| TI region  2


 NSTEP =     7000   TIME(PS) =      14.000  TEMP(K) =   228.30  PRESS =     0.0
 Etot   =    -88005.7200  EKtot   =     14150.5886  EPtot      =   -102156.3086
 BOND   =       353.8823  ANGLE   =       850.5135  DIHED      =      1952.4478
 1-4 NB =       605.4896  1-4 EEL =      5975.3827  VDWAALS    =     14778.4689
 EELEC  =   -126886.4298  EHBOND  =         0.0000  RESTRAINT  =       213.9365
 EAMBER (non-restraint)  =   -102370.2451
 DV/DL  =         8.7964
 Ewald error estimate:   0.8054E-04
 ------------------------------------------------------------------------------

  Softcore part of the system:       2 atoms,       TEMP(K)    =         180.69
 SC_Etot=       -36.8677  SC_EKtot=         0.8977  SC_EPtot   =       -37.7654
 SC_BOND=         0.0001  SC_ANGLE=         0.4809  SC_DIHED   =         0.0740
 SC_14NB=         0.0979  SC_14EEL=       -38.4183  SC_VDW     =         0.0000
 SC_EEL =         0.0000
 SC_RES_DIST=     0.0150  SC_RES_ANG=       0.0000  SC_RES_TORS=         0.0000
 SC_EEL_DER=      0.4913  SC_VDW_DER=       4.3288  SC_DERIV   =         4.8200
 ------------------------------------------------------------------------------

 NMR restraints: Bond =    0.000   Angle =     0.000   Torsion =     0.000
===============================================================================

| TI region  1


 NSTEP =     8000   TIME(PS) =      16.000  TEMP(K) =   254.78  PRESS =     0.0
 Etot   =    -82746.5916  EKtot   =     15791.1417  EPtot      =    -98537.7333
 BOND   =       417.7232  ANGLE   =      1016.0411  DIHED      =      1981.5319
 1-4 NB =       609.0419  1-4 EEL =      5913.7068  VDWAALS    =     13807.7406
 EELEC  =   -122538.2764  EHBOND  =         0.0000  RESTRAINT  =       254.7576
 EAMBER (non-restraint)  =    -98792.4908
 DV/DL  =         6.0129
 Ewald error estimate:   0.1432E-04
 ------------------------------------------------------------------------------

  Softcore part of the system:       1 atoms,       TEMP(K)    =         562.42
 SC_Etot=         2.2333  SC_EKtot=         1.1176  SC_EPtot   =         1.1156
 SC_BOND=         0.0000  SC_ANGLE=         0.0103  SC_DIHED   =         0.0361
 SC_14NB=         0.0069  SC_14EEL=         1.0623  SC_VDW     =         0.0000
 SC_EEL =         0.0000
 SC_RES_DIST=     0.0000  SC_RES_ANG=       0.0000  SC_RES_TORS=         0.0000
 SC_EEL_DER=      0.4647  SC_VDW_DER=       2.6401  SC_DERIV   =         3.1048
 ------------------------------------------------------------------------------


| TI region  2


 NSTEP =     8000   TIME(PS) =      16.000  TEMP(K) =   254.77  PRESS =     0.0
 Etot   =    -82746.2215  EKtot   =     15791.5118  EPtot      =    -98537.7333
 BOND   =       417.7232  ANGLE   =      1016.0411  DIHED      =      1981.5319
 1-4 NB =       609.0419  1-4 EEL =      5913.7068  VDWAALS    =     13807.7406
 EELEC  =   -122538.2764  EHBOND  =         0.0000  RESTRAINT  =       254.7576
 EAMBER (non-restraint)  =    -98792.4908
 DV/DL  =         6.0129
 Ewald error estimate:   0.1432E-04
 ------------------------------------------------------------------------------

  Softcore part of the system:       2 atoms,       TEMP(K)    =         299.47
 SC_Etot=       -37.0717  SC_EKtot=         1.4878  SC_EPtot   =       -38.5595
 SC_BOND=         0.2911  SC_ANGLE=         0.0648  SC_DIHED   =         0.1902
 SC_14NB=         0.1755  SC_14EEL=       -39.2812  SC_VDW     =         0.0000
 SC_EEL =         0.0000
 SC_RES_DIST=     0.1643  SC_RES_ANG=       0.0000  SC_RES_TORS=         0.0000
 SC_EEL_DER=      0.4647  SC_VDW_DER=       2.6401  SC_DERIV   =         3.1048
 ------------------------------------------------------------------------------

 NMR restraints: Bond =    0.000   Angle =     0.000   Torsion =     0.000
===============================================================================

| TI region  1


 NSTEP =     9000   TIME(PS) =      18.000  TEMP(K) =   275.47  PRESS =     0.0
 Etot   =    -78534.2156  EKtot   =     17073.7992  EPtot      =    -95608.0148
 BOND   =       441.1899  ANGLE   =      1081.2754  DIHED      =      2018.5244
 1-4 NB =       601.6328  1-4 EEL =      5942.7505  VDWAALS    =     12467.9099
 EELEC  =   -118416.5189  EHBOND  =         0.0000  RESTRAINT  =       255.2211
 EAMBER (non-restraint)  =    -95863.2359
 DV/DL  =         7.2088
 Ewald error estimate:   0.1126E-03
 ------------------------------------------------------------------------------

  Softcore part of the system:       1 atoms,       TEMP(K)    =          90.23
 SC_Etot=         1.8255  SC_EKtot=         0.1793  SC_EPtot   =         1.6462
 SC_BOND=         0.0000  SC_ANGLE=         0.3630  SC_DIHED   =         0.3211
 SC_14NB=        -0.0192  SC_14EEL=         0.9813  SC_VDW     =         0.0000
 SC_EEL =         0.0000
 SC_RES_DIST=     0.0000  SC_RES_ANG=       0.0000  SC_RES_TORS=         0.0000
 SC_EEL_DER=      0.4556  SC_VDW_DER=       3.6751  SC_DERIV   =         4.1307
 ------------------------------------------------------------------------------


| TI region  2


 NSTEP =     9000   TIME(PS) =      18.000  TEMP(K) =   275.49  PRESS =     0.0
 Etot   =    -78532.0265  EKtot   =     17075.9883  EPtot      =    -95608.0148
 BOND   =       441.1899  ANGLE   =      1081.2754  DIHED      =      2018.5244
 1-4 NB =       601.6328  1-4 EEL =      5942.7505  VDWAALS    =     12467.9099
 EELEC  =   -118416.5189  EHBOND  =         0.0000  RESTRAINT  =       255.2211
 EAMBER (non-restraint)  =    -95863.2359
 DV/DL  =         7.2088
 Ewald error estimate:   0.1126E-03
 ------------------------------------------------------------------------------

  Softcore part of the system:       2 atoms,       TEMP(K)    =         476.73
 SC_Etot=       -35.2943  SC_EKtot=         2.3684  SC_EPtot   =       -37.6627
 SC_BOND=         0.0092  SC_ANGLE=         0.5948  SC_DIHED   =         0.3271
 SC_14NB=         0.1378  SC_14EEL=       -38.7316  SC_VDW     =         0.0000
 SC_EEL =         0.0000
 SC_RES_DIST=     1.5158  SC_RES_ANG=       0.0000  SC_RES_TORS=         0.0000
 SC_EEL_DER=      0.4556  SC_VDW_DER=       3.6751  SC_DERIV   =         4.1307
 ------------------------------------------------------------------------------

 NMR restraints: Bond =    0.000   Angle =     0.000   Torsion =     0.000
===============================================================================

| TI region  1


 NSTEP =    10000   TIME(PS) =      20.000  TEMP(K) =   284.68  PRESS =     0.0
 Etot   =    -76151.6341  EKtot   =     17644.6384  EPtot      =    -93796.2725
 BOND   =       508.3014  ANGLE   =      1146.9390  DIHED      =      2036.1925
 1-4 NB =       599.3126  1-4 EEL =      5904.1138  VDWAALS    =     11711.1448
 EELEC  =   -115969.3439  EHBOND  =         0.0000  RESTRAINT  =       267.0672
 EAMBER (non-restraint)  =    -94063.3397
 DV/DL  =         5.4398
 Ewald error estimate:   0.5167E-04
 ------------------------------------------------------------------------------

  Softcore part of the system:       1 atoms,       TEMP(K)    =          40.45
 SC_Etot=         1.9165  SC_EKtot=         0.0804  SC_EPtot   =         1.8361
 SC_BOND=         0.0000  SC_ANGLE=         0.5854  SC_DIHED   =         0.1402
 SC_14NB=         0.0119  SC_14EEL=         1.0986  SC_VDW     =         0.0000
 SC_EEL =         0.0000
 SC_RES_DIST=     0.0000  SC_RES_ANG=       0.0000  SC_RES_TORS=         0.0000
 SC_EEL_DER=      0.5958  SC_VDW_DER=       1.5072  SC_DERIV   =         2.1030
 ------------------------------------------------------------------------------


| TI region  2


 NSTEP =    10000   TIME(PS) =      20.000  TEMP(K) =   284.70  PRESS =     0.0
 Etot   =    -76149.5813  EKtot   =     17646.6912  EPtot      =    -93796.2725
 BOND   =       508.3014  ANGLE   =      1146.9390  DIHED      =      2036.1925
 1-4 NB =       599.3126  1-4 EEL =      5904.1138  VDWAALS    =     11711.1448
 EELEC  =   -115969.3439  EHBOND  =         0.0000  RESTRAINT  =       267.0672
 EAMBER (non-restraint)  =    -94063.3397
 DV/DL  =         5.4398
 Ewald error estimate:   0.5167E-04
 ------------------------------------------------------------------------------

  Softcore part of the system:       2 atoms,       TEMP(K)    =         429.39
 SC_Etot=       -35.2120  SC_EKtot=         2.1332  SC_EPtot   =       -37.3452
 SC_BOND=         1.0892  SC_ANGLE=         0.2622  SC_DIHED   =         0.5194
 SC_14NB=         0.1620  SC_14EEL=       -39.3780  SC_VDW     =         0.0000
 SC_EEL =         0.0000
 SC_RES_DIST=     0.1332  SC_RES_ANG=       0.0000  SC_RES_TORS=         0.0000
 SC_EEL_DER=      0.5958  SC_VDW_DER=       1.5072  SC_DERIV   =         2.1030
 ------------------------------------------------------------------------------

 NMR restraints: Bond =    0.000   Angle =     0.000   Torsion =     0.000
===============================================================================

| TI region  1


      A V E R A G E S   O V E R      10 S T E P S


 NSTEP =    10000   TIME(PS) =      20.000  TEMP(K) =   194.68  PRESS =     0.0
 Etot   =    -92309.7408  EKtot   =     12066.0778  EPtot      =   -104375.8186
 BOND   =       307.1953  ANGLE   =       763.7678  DIHED      =      1934.7147
 1-4 NB =       581.6784  1-4 EEL =      5954.9214  VDWAALS    =     15217.0421
 EELEC  =   -129332.3345  EHBOND  =         0.0000  RESTRAINT  =       197.1962
 EAMBER (non-restraint)  =   -104573.0148
 DV/DL  =         7.9479
 Ewald error estimate:   0.1660E-03
 ------------------------------------------------------------------------------

 NMR restraints: Bond =    0.000   Angle =     0.000   Torsion =     0.000
===============================================================================
  Softcore part of the system:       1 atoms,       TEMP(K)    =         120.91
 SC_Etot=         1.5561  SC_EKtot=         0.2403  SC_EPtot   =         1.3158
 SC_BOND=         0.0000  SC_ANGLE=         0.1683  SC_DIHED   =         0.1113
 SC_14NB=        -0.0046  SC_14EEL=         1.0409  SC_VDW     =         0.0000
 SC_EEL =         0.0000
 SC_RES_DIST=     0.0000  SC_RES_ANG=       0.0000  SC_RES_TORS=         0.0000
 SC_EEL_DER=      0.5058  SC_VDW_DER=       3.6629  SC_DERIV   =         4.1687
 ------------------------------------------------------------------------------


      R M S  F L U C T U A T I O N S


 NSTEP =    10000   TIME(PS) =      20.000  TEMP(K) =    60.01  PRESS =     0.0
 Etot   =      9849.7466  EKtot   =      3719.6145  EPtot      =      6160.6594
 BOND   =       109.9572  ANGLE   =       234.5905  DIHED      =        58.6945
 1-4 NB =        20.4041  1-4 EEL =        26.8454  VDWAALS    =      1855.7864
 EELEC  =      7545.5181  EHBOND  =         0.0000  RESTRAINT  =        46.7757
 EAMBER (non-restraint)  =      6113.8838
 DV/DL  =         1.6116
 Ewald error estimate:   0.8742E-04
 ------------------------------------------------------------------------------

  Softcore part of the system:       1 atoms,       TEMP(K)    =         150.67
 SC_Etot=         0.3439  SC_EKtot=         0.2994  SC_EPtot   =         0.2676
 SC_BOND=         0.0000  SC_ANGLE=         0.2142  SC_DIHED   =         0.0795
 SC_14NB=         0.0094  SC_14EEL=         0.0438  SC_VDW     =         0.0000
 SC_EEL =         0.0000
 SC_RES_DIST=     0.0000  SC_RES_ANG=       0.0000  SC_RES_TORS=         0.0000
 SC_EEL_DER=      0.0421  SC_VDW_DER=       1.0494  SC_DERIV   =         1.0441
 ------------------------------------------------------------------------------


| TI region  2


      A V E R A G E S   O V E R      10 S T E P S


 NSTEP =    10000   TIME(PS) =      20.000  TEMP(K) =   194.68  PRESS =     0.0
 Etot   =    -92308.9098  EKtot   =     12066.9088  EPtot      =   -104375.8186
 BOND   =       307.1953  ANGLE   =       763.7678  DIHED      =      1934.7147
 1-4 NB =       581.6784  1-4 EEL =      5954.9214  VDWAALS    =     15217.0421
 EELEC  =   -129332.3345  EHBOND  =         0.0000  RESTRAINT  =       197.1962
 EAMBER (non-restraint)  =   -104573.0148
 DV/DL  =         7.9479
 Ewald error estimate:   0.1660E-03
 ------------------------------------------------------------------------------

 NMR restraints: Bond =    0.000   Angle =     0.000   Torsion =     0.000
===============================================================================
  Softcore part of the system:       2 atoms,       TEMP(K)    =         215.63
 SC_Etot=       -37.0350  SC_EKtot=         1.0712  SC_EPtot   =       -38.1062
 SC_BOND=         0.3409  SC_ANGLE=         0.5083  SC_DIHED   =         0.2492
 SC_14NB=         0.1284  SC_14EEL=       -39.3329  SC_VDW     =         0.0000
 SC_EEL =         0.0000
 SC_RES_DIST=     0.2805  SC_RES_ANG=       0.0000  SC_RES_TORS=         0.0000
 SC_EEL_DER=      0.5058  SC_VDW_DER=       3.6629  SC_DERIV   =         4.1687
 ------------------------------------------------------------------------------


      R M S  F L U C T U A T I O N S


 NSTEP =    10000   TIME(PS) =      20.000  TEMP(K) =    60.02  PRESS =     0.0
 Etot   =      9850.3137  EKtot   =      3720.1750  EPtot      =      6160.6594
 BOND   =       109.9572  ANGLE   =       234.5905  DIHED      =        58.6945
 1-4 NB =        20.4041  1-4 EEL =        26.8454  VDWAALS    =      1855.7864
 EELEC  =      7545.5181  EHBOND  =         0.0000  RESTRAINT  =        46.7757
 EAMBER (non-restraint)  =      6113.8838
 DV/DL  =         1.6116
 Ewald error estimate:   0.8742E-04
 ------------------------------------------------------------------------------

  Softcore part of the system:       2 atoms,       TEMP(K)    =         143.32
 SC_Etot=         0.9938  SC_EKtot=         0.7120  SC_EPtot   =         0.4971
 SC_BOND=         0.3392  SC_ANGLE=         0.3836  SC_DIHED   =         0.1696
 SC_14NB=         0.0404  SC_14EEL=         0.4848  SC_VDW     =         0.0000
 SC_EEL =         0.0000
 SC_RES_DIST=     0.4289  SC_RES_ANG=       0.0000  SC_RES_TORS=         0.0000
 SC_EEL_DER=      0.0421  SC_VDW_DER=       1.0494  SC_DERIV   =         1.0441
 ------------------------------------------------------------------------------


      DV/DL, AVERAGES OVER      10 STEPS


 NSTEP =    10000   TIME(PS) =      20.000  TEMP(K) =    60.02  PRESS =     0.0
 Etot   =         0.0000  EKtot   =         0.0000  EPtot      =         7.9479
 BOND   =         0.0000  ANGLE   =        -0.0000  DIHED      =         0.0000
 1-4 NB =         0.0000  1-4 EEL =        -8.1264  VDWAALS    =         2.7563
 EELEC  =        13.3181  EHBOND  =         0.0000  RESTRAINT  =        -0.0000
 EAMBER (non-restraint)  =         7.9479
 DV/DL  =         7.9479
 Ewald error estimate:   0.0000E+00
 ------------------------------------------------------------------------------


 NMR restraints on final step:

--------------------------------------------------------------------------------
   5.  TIMINGS
--------------------------------------------------------------------------------

|  NonSetup CPU Time in Major Routines, Average for All Tasks:
|
|     Routine           Sec        %
|     ------------------------------
|     DataDistrib      30.87    5.95
|     Nonbond         464.11   89.53
|     Bond              1.97    0.38
|     Angle             1.53    0.30
|     Dihedral          8.19    1.58
|     Shake             4.05    0.78
|     RunMD             7.68    1.48
|     Other             0.02    0.00
|     ------------------------------
|     Total           518.42

|  PME Nonbond Pairlist CPU Time, Average for All Tasks:
|
|     Routine              Sec        %
|     ---------------------------------
|     Set Up Cit           0.81    0.16
|     Build List          37.43    7.22
|     ---------------------------------
|     Total               38.24    7.38

|  PME Direct Force CPU Time, Average for All Tasks:
|
|     Routine              Sec        %
|     ---------------------------------
|     NonBonded Calc     214.13   41.30
|     Exclude Masked      10.93    2.11
|     Other               19.04    3.67
|     ---------------------------------
|     Total              244.10   47.09

|  PME Reciprocal Force CPU Time, Average for All Tasks:
|
|     Routine              Sec        %
|     ---------------------------------
|     1D bspline          15.99    3.08
|     Grid Charges        20.62    3.98
|     Scalar Sum           5.80    1.12
|     Gradient Sum        30.09    5.80
|     FFT                109.26   21.08
|     ---------------------------------
|     Total              181.75   35.06

|  PME Load Balancing CPU Time, Average for All Tasks:
|
|     Routine                 Sec        %
|     ------------------------------------
|     Atom Reassign           0.00    0.00
|     Image Reassign          0.00    0.00
|     FFT Reassign            0.00    0.00
|     ------------------------------------
|     Total                   0.01    0.00

|  Final Performance Info:
|     -----------------------------------------------------
|     Average timings for last       1 steps:
|     Elapsed(s) =       0.00 Per Step(ms) =       0.84
|         ns/day =     206.71   seconds/ns =     417.97
|
|     Average timings for all steps:
|     Elapsed(s) =     520.13 Per Step(ms) =      52.01
|         ns/day =       3.32   seconds/ns =   26006.31
|     -----------------------------------------------------

|  Master Setup CPU time:            0.34 seconds
|  Master NonSetup CPU time:       519.34 seconds
|  Master Total CPU time:          519.68 seconds     0.14 hours

|  Master Setup wall time:           1    seconds
|  Master NonSetup wall time:      520    seconds
|  Master Total wall time:         521    seconds     0.14 hours
