
Static FFT Slab Distribution:

  FFT slabs assigned to    4 tasks
  Maximum of   23 xy slabs per task
  Maximum of   19 zx slabs per task
  Count of FFT xy slabs assigned to each task:
      22  22  23  23
  Count of FFT xz slabs assigned to each task:
      19  19  19  18

Atom Distribution No.     2 at run step    4651:

  Count of atoms assigned to each task:
         6480     8636     9037     6401

Atom Distribution No.     3 at run step    8282:

  Count of atoms assigned to each task:
         6547     8533     8841     6633

Major Routine Parallel Profiling - NonSetup CPU Seconds:

           D                                                              
           a                                                              
           t                                                              
           a                              D                               
           D         N                    i                               
           i         o                    h                               
           s         n             A      e      S      R      O         T
   T       t         B      B      n      d      h      u      t         o
   a       r         o      o      g      r      a      n      h         t
   s       i         n      n      l      a      k      M      e         a
   k       b         d      d      e      l      e      D      r         l
------------------------------------------------------------------------------
   0    34.7     659.2    2.6    2.7   15.1    3.9   17.3    0.1     735.7
   1    24.9     688.0    2.9    0.3    1.7    4.4   16.8    0.1     739.2
   2    28.4     680.1    3.0    0.8    4.1    4.5   16.9    0.5     738.2
   3    36.2     656.3    2.7    3.2   17.5    3.9   16.7    0.0     736.4
------------------------------------------------------------------------------
 avg    31.1     670.9    2.8    1.8    9.6    4.2   16.9    0.2     737.4
 min    24.9     656.3    2.6    0.3    1.7    3.9   16.7    0.0     735.7
 max    36.2     688.0    3.0    3.2   17.5    4.5   17.3    0.5     739.2
 std     4.6      13.5    0.2    1.2    6.8    0.3    0.2    0.2       1.4
------------------------------------------------------------------------------

PME NonBond Parallel Profiling - NonSetup CPU Seconds:

                     D                           
           P         i         R                 
           a         r         e      L          
           i         e         c      o          
           r         c         i      a         T
   T       l         t         p      d         o
   a       i         F         F      B         t
   s       s         r         r      a         a
   k       t         c         c      l         l
-------------------------------------------------
   0    39.0     278.0     342.2    0.0     659.2
   1    48.6     310.4     329.1    0.0     688.0
   2    45.9     296.7     337.4    0.0     680.1
   3    39.3     266.8     350.1    0.0     656.3
-------------------------------------------------
 avg    43.2     288.0     339.7    0.0     670.9
-------------------------------------------------
