
Static FFT Slab Distribution:

  FFT slabs assigned to    4 tasks
  Maximum of   20 xy slabs per task
  Maximum of   18 zx slabs per task
  Count of FFT xy slabs assigned to each task:
      20  20  20  20
  Count of FFT xz slabs assigned to each task:
      18  18  18  18

Atom Distribution No.     2 at run step    4980:

  Count of atoms assigned to each task:
         6778     8640     8534     6601

Atom Distribution No.     3 at run step    8540:

  Count of atoms assigned to each task:
         6777     8702     8303     6771

Major Routine Parallel Profiling - NonSetup CPU Seconds:

           D                                                              
           a                                                              
           t                                                              
           a                              D                               
           D         N                    i                               
           i         o                    h                               
           s         n             A      e      S      R      O         T
   T       t         B      B      n      d      h      u      t         o
   a       r         o      o      g      r      a      n      h         t
   s       i         n      n      l      a      k      M      e         a
   k       b         d      d      e      l      e      D      r         l
------------------------------------------------------------------------------
   0    33.6     628.2    2.5    2.7   15.3    3.9   16.0    0.1     702.2
   1    25.8     647.9    3.2    0.3    1.6    4.5   15.5    0.1     698.8
   2    26.3     648.1    3.1    0.7    3.4    4.4   15.3    0.1     701.4
   3    33.7     616.2    2.6    3.3   18.1    3.9   15.5    0.0     693.4
------------------------------------------------------------------------------
 avg    29.9     635.1    2.9    1.7    9.6    4.2   15.6    0.1     698.9
 min    25.8     616.2    2.5    0.3    1.6    3.9   15.3    0.0     693.4
 max    33.7     648.1    3.2    3.3   18.1    4.5   16.0    0.1     702.2
 std     3.8      13.5    0.3    1.3    7.2    0.3    0.2    0.0       3.5
------------------------------------------------------------------------------

PME NonBond Parallel Profiling - NonSetup CPU Seconds:

                     D                           
           P         i         R                 
           a         r         e      L          
           i         e         c      o          
           r         c         i      a         T
   T       l         t         p      d         o
   a       i         F         F      B         t
   s       s         r         r      a         a
   k       t         c         c      l         l
-------------------------------------------------
   0    41.3     295.1     291.8    0.0     628.2
   1    49.0     317.1     281.8    0.0     647.8
   2    48.1     310.7     289.3    0.0     648.1
   3    40.6     280.9     294.8    0.0     616.2
-------------------------------------------------
 avg    44.7     300.9     289.4    0.0     635.1
-------------------------------------------------
