
          -------------------------------------------------------
          Amber 16 PMEMD                              2016
          -------------------------------------------------------

| PMEMD implementation of SANDER, Release 16

| Run on 02/28/2019 at 03:01:54

|   Executable path: /opt/amber/bin/pmemd.cuda
| Working directory: /mnt/part2/home/meister/runjobs
|          Hostname: Unknown
  [-O]verwriting output

File Assignments:
|   MDIN: AA-AB/ligand/recharge/0.300/heat.in                                   
|  MDOUT: AA-AB/ligand/recharge/0.300/heat.out.tmp                              
| INPCRD: AA-AB/ligand/recharge/recharge.rst7                                   
|   PARM: AA-AB/ligand/recharge/recharge.parm7                                  
| RESTRT: AA-AB/ligand/recharge/0.300/heat.rst7.tmp                             
|   REFC: AA-AB/ligand/recharge/recharge.rst7                                   
|  MDVEL: mdvel                                                                 
|   MDEN: AA-AB/ligand/recharge/0.300/heat.en.tmp                               
|  MDCRD: AA-AB/ligand/recharge/0.300/heat.nc.tmp                               
| MDINFO: AA-AB/ligand/recharge/0.300/heat.info.tmp                             
|  MDFRC: mdfrc                                                                 


 Here is the input file:

heating                                                                        
 &cntrl                                                                        
   imin = 0, nstlim = 10000, irest = 0, ntx = 1, dt = 0.002,                   
   ntt = 3, temp0 = 300.0, gamma_ln = 2.0, ig = -1,                            
   tempi = 50.0, tautp = 1.0,                                                  
   vlimit = 20,                                                                
   ntc = 2, ntf = 1,                                                           
   ntb = 1,                                                                    
   ioutfm = 1, iwrap = 1,                                                      
   ntwe = 1000, ntwx = 1000, ntpr = 1000, ntwr = 5000,                         
                                                                               
   nmropt = 1,                                                                 
   ntr = 1, restraint_wt = 5.00,                                               
   restraintmask='!:WAT & !@H=',                                               
                                                                               
   icfe = 1, clambda = 0.300, scalpha = 0.5, scbeta = 12.0,                    
   logdvdl = 0,                                                                
   timask1 = ':1', timask2 = ':2',                                             
   ifsc = 0, CRGMASK = ':1@H7'                                                 
 /                                                                             
                                                                               
 &ewald                                                                        
 /                                                                             
                                                                               
 &wt                                                                           
   type='TEMP0',                                                               
   istep1 = 0, istep2 = 8000,                                                  
   value1 = 50.0, value2 = 300.0                                               
 /                                                                             
                                                                               
 &wt type = 'END'                                                              
 /                                                                             


Note: ig = -1. Setting random seed to   839852 based on wallclock time in 
      microseconds.
| irandom = 1, using AMBER's internal random number generator (default).
 
|--------------------- INFORMATION ----------------------
| GPU (CUDA) Version of PMEMD in use: NVIDIA GPU IN USE.
|                    Version 18.0.0
| 
|                      03/25/2018
| 
| Implementation by:
|                    Ross C. Walker     (SDSC)
|                    Scott Le Grand     (nVIDIA)
| 
| Version 18 performance extensions by:
|                    David Cerutti     (Rutgers)
| 
| Precision model in use:
|      [SPFP] - Single Precision Forces, 64-bit Fixed Point
|               Accumulation. (Default)
| 
|--------------------------------------------------------
 
|----------------- CITATION INFORMATION -----------------
|
|    When publishing work that utilized the CUDA version
|    of AMBER, please cite the following in addition to
|    the regular AMBER citations:
|
|  - Romelia Salomon-Ferrer; Andreas W. Goetz; Duncan
|    Poole; Scott Le Grand; Ross C. Walker "Routine
|    microsecond molecular dynamics simulations with
|    AMBER - Part II: Particle Mesh Ewald", J. Chem.
|    Theory Comput., 2013, 9 (9), pp3878-3888,
|    DOI: 10.1021/ct400314y.
|
|  - Andreas W. Goetz; Mark J. Williamson; Dong Xu;
|    Duncan Poole; Scott Le Grand; Ross C. Walker
|    "Routine microsecond molecular dynamics simulations
|    with AMBER - Part I: Generalized Born", J. Chem.
|    Theory Comput., 2012, 8 (5), pp1542-1555.
|
|  - Scott Le Grand; Andreas W. Goetz; Ross C. Walker
|    "SPFP: Speed without compromise - a mixed precision
|    model for GPU accelerated molecular dynamics
|    simulations.", Comp. Phys. Comm., 2013, 184
|    pp374-380, DOI: 10.1016/j.cpc.2012.09.022
|
|    When publishing work that utilized the CUDA version
|    of TI, BAR, MBAR or FEP please cite the following 
|    publications in addition to the regular AMBER 
|    GPU citations:
|
|  - Daniel J. Mermelstein; Charles Lin; Gard Nelson; 
|    Rachael Kretsch; J. Andrew McCammon; Ross C. Walker
|    "Fast and Flexible GPU Accelerated Binding 
|    Free Energy Calculations within the AMBER Molecular
|    Dynamics Package" J. Comp. Chem., 2018,
|    DOI: 10.1002/jcc.25187
|
|  - Tai-Sung Lee; Yuan Hu; Brad Sherborne; Zhuyan Guo;
|    Darrin M. York
|    "Toward Fast and Accurate Binding Affinity Prediction with
|    pmemdGTI: An Efficient Implementation of GPU-Accelerated
|    Thermodynamic Integration"
|    J. Chem. Theory Comput., 2017, 13 (7), 3077
|
|
|--------------------------------------------------------
 
|------------------- GPU DEVICE INFO --------------------
|
|            CUDA_VISIBLE_DEVICES: not set
|   CUDA Capable Devices Detected:      1
|           CUDA Device ID in use:      0
|                CUDA Device Name: Tesla K80
|     CUDA Device Global Mem Size:  11441 MB
| CUDA Device Num Multiprocessors:     13
|           CUDA Device Core Freq:   0.82 GHz
|
|--------------------------------------------------------
 
 
| Conditional Compilation Defines Used:
| PUBFFT
| BINTRAJ
| CUDA
| EMIL

| Largest sphere to fit in unit cell has radius =    14.610

| New format PARM file being parsed.
| Version =    1.000 Date = 02/27/19 Time = 21:55:05

| Note: 1-4 EEL scale factors are being read from the topology file.

| Note: 1-4 VDW scale factors are being read from the topology file.
| Duplicated    0 dihedrals

| Duplicated    0 dihedrals

--------------------------------------------------------------------------------
   1.  RESOURCE   USE: 
--------------------------------------------------------------------------------

 getting new box info from bottom of inpcrd
 NATOM  =    1832 NTYPES =       5 NBONH =    1818 MBONA  =      14
 NTHETH =    1828 MTHETA =      16 NPHIH =      36 MPHIA  =      16
 NHPARM =       0 NPARM  =       0 NNB   =    2522 NRES   =     604
 NBONA  =      14 NTHETA =      16 NPHIA =      16 NUMBND =       6
 NUMANG =       6 NPTRA  =       2 NATYP =       6 NPHB   =       0
 IFBOX  =       1 NMXRS  =      13 IFCAP =       0 NEXTRA =       0
 NCOPY  =       0

| Coordinate Index Table dimensions:     6    6    6
| Direct force subcell size =     4.8699    4.9024    5.1101

     BOX TYPE: RECTILINEAR

--------------------------------------------------------------------------------
   2.  CONTROL  DATA  FOR  THE  RUN
--------------------------------------------------------------------------------

NIL                                                                             

General flags:
     imin    =       0, nmropt  =       1

Nature and format of input:
     ntx     =       1, irest   =       0, ntrx    =       1

Nature and format of output:
     ntxo    =       2, ntpr    =    1000, ntrx    =       1, ntwr    =    5000
     iwrap   =       1, ntwx    =    1000, ntwv    =       0, ntwe    =    1000
     ioutfm  =       1, ntwprt  =       0, idecomp =       0, rbornstat=      0

Potential function:
     ntf     =       1, ntb     =       1, igb     =       0, nsnb    =      25
     ipol    =       0, gbsa    =       0, iesp    =       0
     dielc   =   1.00000, cut     =   8.00000, intdiel =   1.00000

Frozen or restrained atoms:
     ibelly  =       0, ntr     =       1
     restraint_wt =   5.00000

Molecular dynamics:
     nstlim  =     10000, nscm    =         0, nrespa  =         1
     t       =   0.00000, dt      =   0.00200, vlimit  =  20.00000

Langevin dynamics temperature regulation:
     ig      =  839852
     temp0   = 300.00000, tempi   =  50.00000, gamma_ln=   2.00000

SHAKE:
     ntc     =       2, jfastw  =       0
     tol     =   0.00001

NMR refinement options:
     iscale  =       0, noeskp  =       1, ipnlty  =       1, mxsub   =       1
     scalm   = 100.00000, pencut  =   0.10000, tausw   =   0.10000

Free energy options:
     icfe    =       1, ifsc    =       0, klambda =       1
     clambda =  0.3000, scalpha =  0.5000, scbeta  = 12.0000
     sceeorder =       2
     dynlmb =  0.0000 logdvdl =       0

| Intermolecular bonds treatment:
|     no_intermolecular_bonds =       1

| Energy averages sample interval:
|     ene_avg_sampling =    1000

Ewald parameters:
     verbose =       0, ew_type =       0, nbflag  =       1, use_pme =       1
     vdwmeth =       1, eedmeth =       1, netfrc  =       1
     Box X =   29.219   Box Y =   29.414   Box Z =   30.661
     Alpha =   90.000   Beta  =   90.000   Gamma =   90.000
     NFFT1 =   32       NFFT2 =   32       NFFT3 =   32
     Cutoff=    8.000   Tol   =0.100E-04
     Ewald Coefficient =  0.34864
     Interpolation order =    4

    LOADING THE CONSTRAINED ATOMS AS GROUPS


   5.  REFERENCE ATOM COORDINATES

  NIL                                                                             
     Mask !:WAT & !@H=; matches    14 atoms
     TI Mask 1 :1; matches     13 atoms
     TI Mask 2 :2; matches     13 atoms
     TI region 1:    1819 atoms
     TI region 2:    1819 atoms
Removing charge of       0.4181 from atom      13
Total charge of   0.41807699 removed from       1 atoms
     Checking for mismatched coordinates.

--------------------------------------------------------------------------------
   3.  ATOMIC COORDINATES AND VELOCITIES
--------------------------------------------------------------------------------

NIL                                                                             
 begin time read from input coords =     0.000 ps



           Begin reading energy term weight changes/NMR restraints
 WEIGHT CHANGES:
 TEMP0         0   8000   50.000000  300.000000      0      0

 RESTRAINTS:
                          ** No restraint defined **

                  Done reading weight changes/NMR restraints


 
 Number of triangulated 3-point waters found:      602

     Sum of charges for TI region  1 =  -0.41807467
     Assuming uniform neutralizing plasma


     Sum of charges for TI region  2 =   0.00000232
     Forcing neutrality...

| Dynamic Memory, Types Used:
| Reals              198099
| Integers            82281

| Nonbonded Pairs Initial Allocation:      305989

| GPU memory information (estimate):
| KB of GPU memory in use:         0
| KB of CPU memory in use:         0

--------------------------------------------------------------------------------
   4.  RESULTS
--------------------------------------------------------------------------------


| TI region  1


 NSTEP =        0   TIME(PS) =       0.000  TEMP(K) =    75.95  PRESS =     0.0
 Etot   =     -4537.0368  EKtot   =       275.0751  EPtot      =     -4812.1119
 BOND   =         3.8875  ANGLE   =         3.8037  DIHED      =         2.0081
 1-4 NB =        13.3304  1-4 EEL =       -20.6350  VDWAALS    =       696.2384
 EELEC  =     -5510.7451  EHBOND  =         0.0000  RESTRAINT  =         0.0000
 DV/DL  =         0.2581
 ------------------------------------------------------------------------------


| TI region  2


 NSTEP =        0   TIME(PS) =       0.000  TEMP(K) =    75.95  PRESS =     0.0
 Etot   =     -4537.0368  EKtot   =       275.0751  EPtot      =     -4812.1119
 BOND   =         3.8875  ANGLE   =         3.8037  DIHED      =         2.0081
 1-4 NB =        13.3304  1-4 EEL =       -20.6350  VDWAALS    =       696.2384
 EELEC  =     -5510.7451  EHBOND  =         0.0000  RESTRAINT  =         0.0000
 DV/DL  =         0.2581
 ------------------------------------------------------------------------------

 NMR restraints: Bond =    0.000   Angle =     0.000   Torsion =     0.000
===============================================================================
wrapping first mol.:      -29.21910      -29.41440      -30.66080

| TI region  1


 NSTEP =     1000   TIME(PS) =       2.000  TEMP(K) =    85.11  PRESS =     0.0
 Etot   =     -6319.2914  EKtot   =       308.2335  EPtot      =     -6627.5250
 BOND   =         1.9231  ANGLE   =         1.4494  DIHED      =         1.4711
 1-4 NB =        11.5747  1-4 EEL =       -19.8800  VDWAALS    =      1262.5667
 EELEC  =     -7887.2022  EHBOND  =         0.0000  RESTRAINT  =         0.5722
 EAMBER (non-restraint)  =     -6628.0972
 DV/DL  =        13.6120
 ------------------------------------------------------------------------------


| TI region  2


 NSTEP =     1000   TIME(PS) =       2.000  TEMP(K) =    85.11  PRESS =     0.0
 Etot   =     -6319.2914  EKtot   =       308.2335  EPtot      =     -6627.5250
 BOND   =         1.9231  ANGLE   =         1.4494  DIHED      =         1.4711
 1-4 NB =        11.5747  1-4 EEL =       -19.8800  VDWAALS    =      1262.5667
 EELEC  =     -7887.2022  EHBOND  =         0.0000  RESTRAINT  =         0.5722
 EAMBER (non-restraint)  =     -6628.0972
 DV/DL  =        13.6120
 ------------------------------------------------------------------------------

 NMR restraints: Bond =    0.000   Angle =     0.000   Torsion =     0.000
===============================================================================
wrapping first mol.:      -29.21910      -29.41440      -30.66080

| TI region  1


 NSTEP =     2000   TIME(PS) =       4.000  TEMP(K) =   106.70  PRESS =     0.0
 Etot   =     -6218.2522  EKtot   =       386.4183  EPtot      =     -6604.6705
 BOND   =         2.0581  ANGLE   =         2.2166  DIHED      =         0.9366
 1-4 NB =        11.5617  1-4 EEL =       -19.8391  VDWAALS    =      1269.3955
 EELEC  =     -7871.6172  EHBOND  =         0.0000  RESTRAINT  =         0.6172
 EAMBER (non-restraint)  =     -6605.2877
 DV/DL  =        11.2979
 ------------------------------------------------------------------------------


| TI region  2


 NSTEP =     2000   TIME(PS) =       4.000  TEMP(K) =   106.70  PRESS =     0.0
 Etot   =     -6218.2522  EKtot   =       386.4183  EPtot      =     -6604.6705
 BOND   =         2.0581  ANGLE   =         2.2166  DIHED      =         0.9366
 1-4 NB =        11.5617  1-4 EEL =       -19.8391  VDWAALS    =      1269.3955
 EELEC  =     -7871.6172  EHBOND  =         0.0000  RESTRAINT  =         0.6172
 EAMBER (non-restraint)  =     -6605.2877
 DV/DL  =        11.2979
 ------------------------------------------------------------------------------

 NMR restraints: Bond =    0.000   Angle =     0.000   Torsion =     0.000
===============================================================================
wrapping first mol.:      -29.21910      -29.41440      -30.66080

| TI region  1


 NSTEP =     3000   TIME(PS) =       6.000  TEMP(K) =   140.52  PRESS =     0.0
 Etot   =     -6006.4050  EKtot   =       508.9148  EPtot      =     -6515.3198
 BOND   =         1.5984  ANGLE   =         1.8907  DIHED      =         1.4944
 1-4 NB =        12.7552  1-4 EEL =       -21.1076  VDWAALS    =      1231.7655
 EELEC  =     -7744.1372  EHBOND  =         0.0000  RESTRAINT  =         0.4209
 EAMBER (non-restraint)  =     -6515.7407
 DV/DL  =        13.0030
 ------------------------------------------------------------------------------


| TI region  2


 NSTEP =     3000   TIME(PS) =       6.000  TEMP(K) =   140.52  PRESS =     0.0
 Etot   =     -6006.4050  EKtot   =       508.9148  EPtot      =     -6515.3198
 BOND   =         1.5984  ANGLE   =         1.8907  DIHED      =         1.4944
 1-4 NB =        12.7552  1-4 EEL =       -21.1076  VDWAALS    =      1231.7655
 EELEC  =     -7744.1372  EHBOND  =         0.0000  RESTRAINT  =         0.4209
 EAMBER (non-restraint)  =     -6515.7407
 DV/DL  =        13.0030
 ------------------------------------------------------------------------------

 NMR restraints: Bond =    0.000   Angle =     0.000   Torsion =     0.000
===============================================================================
wrapping first mol.:      -29.21910      -29.41440      -30.66080

| TI region  1


 NSTEP =     4000   TIME(PS) =       8.000  TEMP(K) =   158.51  PRESS =     0.0
 Etot   =     -5802.4196  EKtot   =       574.0657  EPtot      =     -6376.4853
 BOND   =         1.3860  ANGLE   =         1.9118  DIHED      =         0.8606
 1-4 NB =        12.6518  1-4 EEL =       -20.6550  VDWAALS    =      1166.6106
 EELEC  =     -7539.7110  EHBOND  =         0.0000  RESTRAINT  =         0.4598
 EAMBER (non-restraint)  =     -6376.9451
 DV/DL  =        12.3102
 ------------------------------------------------------------------------------


| TI region  2


 NSTEP =     4000   TIME(PS) =       8.000  TEMP(K) =   158.51  PRESS =     0.0
 Etot   =     -5802.4196  EKtot   =       574.0657  EPtot      =     -6376.4853
 BOND   =         1.3860  ANGLE   =         1.9118  DIHED      =         0.8606
 1-4 NB =        12.6518  1-4 EEL =       -20.6550  VDWAALS    =      1166.6106
 EELEC  =     -7539.7110  EHBOND  =         0.0000  RESTRAINT  =         0.4598
 EAMBER (non-restraint)  =     -6376.9451
 DV/DL  =        12.3102
 ------------------------------------------------------------------------------

 NMR restraints: Bond =    0.000   Angle =     0.000   Torsion =     0.000
===============================================================================
wrapping first mol.:      -29.21910      -29.41440      -30.66080
wrapping first mol.:      -29.21910      -29.41440      -30.66080

| TI region  1


 NSTEP =     5000   TIME(PS) =      10.000  TEMP(K) =   204.90  PRESS =     0.0
 Etot   =     -5531.8063  EKtot   =       742.0794  EPtot      =     -6273.8857
 BOND   =         2.3841  ANGLE   =         6.1029  DIHED      =         2.4963
 1-4 NB =        12.6265  1-4 EEL =       -21.4985  VDWAALS    =      1194.2269
 EELEC  =     -7471.1310  EHBOND  =         0.0000  RESTRAINT  =         0.9069
 EAMBER (non-restraint)  =     -6274.7927
 DV/DL  =        13.2532
 ------------------------------------------------------------------------------


| TI region  2


 NSTEP =     5000   TIME(PS) =      10.000  TEMP(K) =   204.90  PRESS =     0.0
 Etot   =     -5531.8063  EKtot   =       742.0794  EPtot      =     -6273.8857
 BOND   =         2.3841  ANGLE   =         6.1029  DIHED      =         2.4963
 1-4 NB =        12.6265  1-4 EEL =       -21.4985  VDWAALS    =      1194.2269
 EELEC  =     -7471.1310  EHBOND  =         0.0000  RESTRAINT  =         0.9069
 EAMBER (non-restraint)  =     -6274.7927
 DV/DL  =        13.2532
 ------------------------------------------------------------------------------

 NMR restraints: Bond =    0.000   Angle =     0.000   Torsion =     0.000
===============================================================================
wrapping first mol.:      -29.21910      -29.41440      -30.66080

| TI region  1


 NSTEP =     6000   TIME(PS) =      12.000  TEMP(K) =   229.60  PRESS =     0.0
 Etot   =     -5188.5686  EKtot   =       831.5478  EPtot      =     -6020.1164
 BOND   =         2.3048  ANGLE   =         2.7863  DIHED      =         1.9245
 1-4 NB =        14.4946  1-4 EEL =       -21.4095  VDWAALS    =      1033.2037
 EELEC  =     -7054.0318  EHBOND  =         0.0000  RESTRAINT  =         0.6110
 EAMBER (non-restraint)  =     -6020.7274
 DV/DL  =        13.3525
 ------------------------------------------------------------------------------


| TI region  2


 NSTEP =     6000   TIME(PS) =      12.000  TEMP(K) =   229.60  PRESS =     0.0
 Etot   =     -5188.5686  EKtot   =       831.5478  EPtot      =     -6020.1164
 BOND   =         2.3048  ANGLE   =         2.7863  DIHED      =         1.9245
 1-4 NB =        14.4946  1-4 EEL =       -21.4095  VDWAALS    =      1033.2037
 EELEC  =     -7054.0318  EHBOND  =         0.0000  RESTRAINT  =         0.6110
 EAMBER (non-restraint)  =     -6020.7274
 DV/DL  =        13.3525
 ------------------------------------------------------------------------------

 NMR restraints: Bond =    0.000   Angle =     0.000   Torsion =     0.000
===============================================================================
wrapping first mol.:      -29.21910      -29.41440      -30.66080

| TI region  1


 NSTEP =     7000   TIME(PS) =      14.000  TEMP(K) =   256.92  PRESS =     0.0
 Etot   =     -4857.7444  EKtot   =       930.4869  EPtot      =     -5788.2313
 BOND   =         2.6829  ANGLE   =         6.4768  DIHED      =         2.2929
 1-4 NB =        12.7309  1-4 EEL =       -20.8808  VDWAALS    =       896.3794
 EELEC  =     -6689.5765  EHBOND  =         0.0000  RESTRAINT  =         1.6631
 EAMBER (non-restraint)  =     -5789.8944
 DV/DL  =        11.9613
 ------------------------------------------------------------------------------


| TI region  2


 NSTEP =     7000   TIME(PS) =      14.000  TEMP(K) =   256.92  PRESS =     0.0
 Etot   =     -4857.7444  EKtot   =       930.4869  EPtot      =     -5788.2313
 BOND   =         2.6829  ANGLE   =         6.4768  DIHED      =         2.2929
 1-4 NB =        12.7309  1-4 EEL =       -20.8808  VDWAALS    =       896.3794
 EELEC  =     -6689.5765  EHBOND  =         0.0000  RESTRAINT  =         1.6631
 EAMBER (non-restraint)  =     -5789.8944
 DV/DL  =        11.9613
 ------------------------------------------------------------------------------

 NMR restraints: Bond =    0.000   Angle =     0.000   Torsion =     0.000
===============================================================================
wrapping first mol.:      -29.21910      -29.41440      -30.66080

| TI region  1


 NSTEP =     8000   TIME(PS) =      16.000  TEMP(K) =   278.13  PRESS =     0.0
 Etot   =     -4638.8932  EKtot   =      1007.2981  EPtot      =     -5646.1913
 BOND   =         3.9779  ANGLE   =         4.3712  DIHED      =         2.7302
 1-4 NB =        12.5515  1-4 EEL =       -20.4383  VDWAALS    =       886.6333
 EELEC  =     -6539.8856  EHBOND  =         0.0000  RESTRAINT  =         3.8685
 EAMBER (non-restraint)  =     -5650.0598
 DV/DL  =        22.0989
 ------------------------------------------------------------------------------


| TI region  2


 NSTEP =     8000   TIME(PS) =      16.000  TEMP(K) =   278.13  PRESS =     0.0
 Etot   =     -4638.8932  EKtot   =      1007.2981  EPtot      =     -5646.1913
 BOND   =         3.9779  ANGLE   =         4.3712  DIHED      =         2.7302
 1-4 NB =        12.5515  1-4 EEL =       -20.4383  VDWAALS    =       886.6333
 EELEC  =     -6539.8856  EHBOND  =         0.0000  RESTRAINT  =         3.8685
 EAMBER (non-restraint)  =     -5650.0598
 DV/DL  =        22.0989
 ------------------------------------------------------------------------------

 NMR restraints: Bond =    0.000   Angle =     0.000   Torsion =     0.000
===============================================================================
wrapping first mol.:      -29.21910      -29.41440      -30.66080

| TI region  1


 NSTEP =     9000   TIME(PS) =      18.000  TEMP(K) =   294.91  PRESS =     0.0
 Etot   =     -4416.8037  EKtot   =      1068.0750  EPtot      =     -5484.8788
 BOND   =         5.0990  ANGLE   =         3.5879  DIHED      =         3.9110
 1-4 NB =        11.1531  1-4 EEL =       -21.0485  VDWAALS    =       903.1315
 EELEC  =     -6392.6882  EHBOND  =         0.0000  RESTRAINT  =         1.9754
 EAMBER (non-restraint)  =     -5486.8541
 DV/DL  =        30.0232
 ------------------------------------------------------------------------------


| TI region  2


 NSTEP =     9000   TIME(PS) =      18.000  TEMP(K) =   294.91  PRESS =     0.0
 Etot   =     -4416.8037  EKtot   =      1068.0750  EPtot      =     -5484.8788
 BOND   =         5.0990  ANGLE   =         3.5879  DIHED      =         3.9110
 1-4 NB =        11.1531  1-4 EEL =       -21.0485  VDWAALS    =       903.1315
 EELEC  =     -6392.6882  EHBOND  =         0.0000  RESTRAINT  =         1.9754
 EAMBER (non-restraint)  =     -5486.8541
 DV/DL  =        30.0232
 ------------------------------------------------------------------------------

 NMR restraints: Bond =    0.000   Angle =     0.000   Torsion =     0.000
===============================================================================
wrapping first mol.:      -29.21910      -29.41440      -30.66080
wrapping first mol.:      -29.21910      -29.41440      -30.66080

| TI region  1


 NSTEP =    10000   TIME(PS) =      20.000  TEMP(K) =   291.95  PRESS =     0.0
 Etot   =     -4400.6446  EKtot   =      1057.3598  EPtot      =     -5458.0044
 BOND   =         2.1391  ANGLE   =         2.3803  DIHED      =         2.8791
 1-4 NB =        12.3048  1-4 EEL =       -20.9299  VDWAALS    =       864.5597
 EELEC  =     -6321.9501  EHBOND  =         0.0000  RESTRAINT  =         0.6125
 EAMBER (non-restraint)  =     -5458.6170
 DV/DL  =        16.5271
 ------------------------------------------------------------------------------


| TI region  2


 NSTEP =    10000   TIME(PS) =      20.000  TEMP(K) =   291.95  PRESS =     0.0
 Etot   =     -4400.6446  EKtot   =      1057.3598  EPtot      =     -5458.0044
 BOND   =         2.1391  ANGLE   =         2.3803  DIHED      =         2.8791
 1-4 NB =        12.3048  1-4 EEL =       -20.9299  VDWAALS    =       864.5597
 EELEC  =     -6321.9501  EHBOND  =         0.0000  RESTRAINT  =         0.6125
 EAMBER (non-restraint)  =     -5458.6170
 DV/DL  =        16.5271
 ------------------------------------------------------------------------------

 NMR restraints: Bond =    0.000   Angle =     0.000   Torsion =     0.000
===============================================================================

| TI region  1


      A V E R A G E S   O V E R      10 S T E P S


 NSTEP =    10000   TIME(PS) =      20.000  TEMP(K) =   204.73  PRESS =     0.0
 Etot   =     -5338.0829  EKtot   =       741.4479  EPtot      =     -6079.5309
 BOND   =         2.5554  ANGLE   =         3.3174  DIHED      =         2.0997
 1-4 NB =        12.4405  1-4 EEL =       -20.7687  VDWAALS    =      1070.8473
 EELEC  =     -7151.1931  EHBOND  =         0.0000  RESTRAINT  =         1.1708
 EAMBER (non-restraint)  =     -6080.7016
 DV/DL  =        15.7439
 ------------------------------------------------------------------------------

 NMR restraints: Bond =    0.000   Angle =     0.000   Torsion =     0.000
===============================================================================

      R M S  F L U C T U A T I O N S


 NSTEP =    10000   TIME(PS) =      20.000  TEMP(K) =    73.93  PRESS =     0.0
 Etot   =       700.4821  EKtot   =       267.7359  EPtot      =       436.8080
 BOND   =         1.0819  ANGLE   =         1.6970  DIHED      =         0.9034
 1-4 NB =         0.8771  1-4 EEL =         0.5432  VDWAALS    =       162.1541
 EELEC  =       593.7011  EHBOND  =         0.0000  RESTRAINT  =         1.0293
 EAMBER (non-restraint)  =       435.7786
 DV/DL  =         5.6102
 ------------------------------------------------------------------------------


| TI region  2


      A V E R A G E S   O V E R      10 S T E P S


 NSTEP =    10000   TIME(PS) =      20.000  TEMP(K) =   204.73  PRESS =     0.0
 Etot   =     -5338.0829  EKtot   =       741.4479  EPtot      =     -6079.5309
 BOND   =         2.5554  ANGLE   =         3.3174  DIHED      =         2.0997
 1-4 NB =        12.4405  1-4 EEL =       -20.7687  VDWAALS    =      1070.8473
 EELEC  =     -7151.1931  EHBOND  =         0.0000  RESTRAINT  =         1.1708
 EAMBER (non-restraint)  =     -6080.7016
 DV/DL  =        15.7439
 ------------------------------------------------------------------------------

 NMR restraints: Bond =    0.000   Angle =     0.000   Torsion =     0.000
===============================================================================

      R M S  F L U C T U A T I O N S


 NSTEP =    10000   TIME(PS) =      20.000  TEMP(K) =    73.93  PRESS =     0.0
 Etot   =       700.4821  EKtot   =       267.7359  EPtot      =       436.8080
 BOND   =         1.0819  ANGLE   =         1.6970  DIHED      =         0.9034
 1-4 NB =         0.8771  1-4 EEL =         0.5432  VDWAALS    =       162.1541
 EELEC  =       593.7011  EHBOND  =         0.0000  RESTRAINT  =         1.0293
 EAMBER (non-restraint)  =       435.7786
 DV/DL  =         5.6102
 ------------------------------------------------------------------------------


      DV/DL, AVERAGES OVER      10 STEPS


 NSTEP =    10000   TIME(PS) =      20.000  TEMP(K) =    73.93  PRESS =     0.0
 Etot   =         0.0000  EKtot   =         0.0000  EPtot      =        15.7439
 BOND   =         0.0000  ANGLE   =         0.0000  DIHED      =         0.0000
 1-4 NB =         0.0000  1-4 EEL =       -22.2143  VDWAALS    =         0.0000
 EELEC  =        37.9582  EHBOND  =         0.0000  RESTRAINT  =         0.0000
 DV/DL  =        15.7439
 ------------------------------------------------------------------------------


 NMR restraints on final step:

--------------------------------------------------------------------------------
   5.  TIMINGS
--------------------------------------------------------------------------------

|  NonSetup CPU Time in Major Routines:
|
|     Routine           Sec        %
|     ------------------------------
|     Nonbond           3.19   45.70
|     Bond              0.00    0.00
|     Angle             0.00    0.00
|     Dihedral          0.00    0.00
|     Shake             0.05    0.76
|     RunMD             3.71   53.18
|     Other             0.03    0.36
|     ------------------------------
|     Total             6.97

|  PME Nonbond Pairlist CPU Time:
|
|     Routine              Sec        %
|     ---------------------------------
|     Set Up Cit           0.00    0.00
|     Build List           0.00    0.00
|     ---------------------------------
|     Total                0.00    0.00

|  PME Direct Force CPU Time:
|
|     Routine              Sec        %
|     ---------------------------------
|     NonBonded Calc       0.00    0.00
|     Exclude Masked       0.00    0.00
|     Other                0.02    0.24
|     ---------------------------------
|     Total                0.02    0.24

|  PME Reciprocal Force CPU Time:
|
|     Routine              Sec        %
|     ---------------------------------
|     1D bspline           0.00    0.00
|     Grid Charges         0.00    0.00
|     Scalar Sum           0.00    0.00
|     Gradient Sum         0.00    0.00
|     FFT                  0.00    0.00
|     ---------------------------------
|     Total                0.00    0.00

|  Final Performance Info:
|     -----------------------------------------------------
|     Average timings for last   10000 steps:
|     Elapsed(s) =       6.97 Per Step(ms) =       0.70
|         ns/day =     247.82   seconds/ns =     348.65
|
|     Average timings for all steps:
|     Elapsed(s) =       6.97 Per Step(ms) =       0.70
|         ns/day =     247.82   seconds/ns =     348.65
|     -----------------------------------------------------

|  Setup CPU time:            1.11 seconds
|  NonSetup CPU time:         6.97 seconds
|  Total CPU time:            8.09 seconds     0.00 hours

|  Setup wall time:           3    seconds
|  NonSetup wall time:        7    seconds
|  Total wall time:          10    seconds     0.00 hours
