
Static FFT Slab Distribution:

  FFT slabs assigned to    4 tasks
  Maximum of   19 xy slabs per task
  Maximum of   18 zx slabs per task
  Count of FFT xy slabs assigned to each task:
      18  19  19  19
  Count of FFT xz slabs assigned to each task:
      18  18  18  18

Atom Distribution No.     2 at run step    5095:

  Count of atoms assigned to each task:
         6786     8534     8653     6580

Atom Distribution No.     3 at run step    8595:

  Count of atoms assigned to each task:
         6755     8361     8301     7136

Major Routine Parallel Profiling - NonSetup CPU Seconds:

           D                                                              
           a                                                              
           t                                                              
           a                              D                               
           D         N                    i                               
           i         o                    h                               
           s         n             A      e      S      R      O         T
   T       t         B      B      n      d      h      u      t         o
   a       r         o      o      g      r      a      n      h         t
   s       i         n      n      l      a      k      M      e         a
   k       b         d      d      e      l      e      D      r         l
------------------------------------------------------------------------------
   0    33.7     433.2    1.6    2.4   13.0    3.6    5.7    0.0     493.2
   1    26.0     452.5    2.1    0.4    1.6    4.3    5.7    0.0     492.6
   2    33.2     446.7    1.7    0.4    2.3    4.3    5.1    0.0     493.8
   3    32.7     431.0    1.7    3.0   16.0    3.7    5.6    0.0     493.8
------------------------------------------------------------------------------
 avg    31.4     440.8    1.8    1.6    8.2    4.0    5.5    0.0     493.3
 min    26.0     431.0    1.6    0.4    1.6    3.6    5.1    0.0     492.6
 max    33.7     452.5    2.1    3.0   16.0    4.3    5.7    0.0     493.8
 std     3.1       9.0    0.2    1.2    6.4    0.3    0.2    0.0       0.5
------------------------------------------------------------------------------

PME NonBond Parallel Profiling - NonSetup CPU Seconds:

                     D                           
           P         i         R                 
           a         r         e      L          
           i         e         c      o          
           r         c         i      a         T
   T       l         t         p      d         o
   a       i         F         F      B         t
   s       s         r         r      a         a
   k       t         c         c      l         l
-------------------------------------------------
   0    34.9     232.3     166.0    0.0     433.2
   1    42.4     250.8     159.2    0.0     452.5
   2    40.5     244.4     161.8    0.0     446.7
   3    35.2     226.6     169.1    0.0     430.9
-------------------------------------------------
 avg    38.3     238.5     164.0    0.0     440.8
-------------------------------------------------
