
          -------------------------------------------------------
          Amber 18 PMEMD                              2018
          -------------------------------------------------------

| PMEMD implementation of SANDER, Release 18

| Run on 06/20/2018 at 17:04:17

|   Executable path: /home/uv10/amber/bin/pmemd
| Working directory: /home/uv10/tutorials-amber/A9/ligand/pmemd/free_energy/ligands/decharge/0.4
|          Hostname: Unknown
  [-O]verwriting output

File Assignments:
|   MDIN: heat.in                                                               
|  MDOUT: heat.out                                                              
| INPCRD: ti.rst7                                                               
|   PARM: ti.parm7                                                              
| RESTRT: heat.rst7                                                             
|   REFC: ti.rst7                                                               
|  MDVEL: mdvel                                                                 
|   MDEN: heat.en                                                               
|  MDCRD: heat.nc                                                               
| MDINFO: heat.info                                                             
|  MDFRC: mdfrc                                                                 


 Here is the input file:

heating                                                                        
 &cntrl                                                                        
   imin = 0, nstlim = 10000, irest = 0, ntx = 1, dt = 0.002,                   
   ntt = 1, temp0 = 300.0, tempi = 50.0, tautp = 1.0,                          
   ntc = 2, ntf = 1,                                                           
   ntb = 1,                                                                    
   ioutfm = 1, iwrap = 1,                                                      
   ntwe = 1000, ntwx = 1000, ntpr = 1000, ntwr = 5000,                         
                                                                               
   nmropt = 1,                                                                 
   ntr = 1, restraint_wt = 5.00,                                               
   restraintmask='!:WAT & !@H=',                                               
                                                                               
   icfe = 1, clambda = 0.4, scalpha = 0.5, scbeta = 12.0,                      
   logdvdl = 0,                                                                
   timask1 = ':1', timask2 = ':2',                                             
   ifsc = 0, crgmask = ':2@H6',                                                
 /                                                                             
                                                                               
 &ewald                                                                        
 /                                                                             
                                                                               
 &wt                                                                           
   type='TEMP0',                                                               
   istep1 = 0, istep2 = 8000,                                                  
   value1 = 50.0, value2 = 300.0                                               
 /                                                                             
                                                                               
 &wt type = 'END'                                                              
 /                                                                             
                                                                               


Note: ig = -1. Setting random seed to   222171 based on wallclock time in 
      microseconds.
| irandom = 1, using AMBER's internal random number generator (default).
 
 
| Conditional Compilation Defines Used:
| PUBFFT
| BINTRAJ
| EMIL

| Largest sphere to fit in unit cell has radius =    16.836

| New format PARM file being parsed.
| Version =    1.000 Date = 06/20/18 Time = 14:05:10

| Note: 1-4 EEL scale factors are being read from the topology file.

| Note: 1-4 VDW scale factors are being read from the topology file.
| Duplicated    0 dihedrals

| Duplicated    0 dihedrals

--------------------------------------------------------------------------------
   1.  RESOURCE   USE: 
--------------------------------------------------------------------------------

 getting new box info from bottom of inpcrd
 NATOM  =    2631 NTYPES =       4 NBONH =    2619 MBONA  =      12
 NTHETH =      24 MTHETA =      12 NPHIH =      48 MPHIA  =      12
 NHPARM =       0 NPARM  =       0 NNB   =    3580 NRES   =     871
 NBONA  =      12 NTHETA =      12 NPHIA =      12 NUMBND =       4
 NUMANG =       2 NPTRA  =       2 NATYP =       4 NPHB   =       1
 IFBOX  =       1 NMXRS  =      12 IFCAP =       0 NEXTRA =       0
 NCOPY  =       0

| Coordinate Index Table dimensions:     7    7    7
| Direct force subcell size =     4.8104    4.9998    5.0941

     BOX TYPE: RECTILINEAR

--------------------------------------------------------------------------------
   2.  CONTROL  DATA  FOR  THE  RUN
--------------------------------------------------------------------------------

default_name                                                                    

General flags:
     imin    =       0, nmropt  =       1

Nature and format of input:
     ntx     =       1, irest   =       0, ntrx    =       1

Nature and format of output:
     ntxo    =       2, ntpr    =    1000, ntrx    =       1, ntwr    =    5000
     iwrap   =       1, ntwx    =    1000, ntwv    =       0, ntwe    =    1000
     ioutfm  =       1, ntwprt  =       0, idecomp =       0, rbornstat=      0

Potential function:
     ntf     =       1, ntb     =       1, igb     =       0, nsnb    =      25
     ipol    =       0, gbsa    =       0, iesp    =       0
     dielc   =   1.00000, cut     =   8.00000, intdiel =   1.00000

Frozen or restrained atoms:
     ibelly  =       0, ntr     =       1
     restraint_wt =   5.00000

Molecular dynamics:
     nstlim  =     10000, nscm    =         0, nrespa  =         1
     t       =   0.00000, dt      =   0.00200, vlimit  =  20.00000

Berendsen (weak-coupling) temperature regulation:
     temp0   = 300.00000, tempi   =  50.00000, tautp   =   1.00000

SHAKE:
     ntc     =       2, jfastw  =       0
     tol     =   0.00001

NMR refinement options:
     iscale  =       0, noeskp  =       1, ipnlty  =       1, mxsub   =       1
     scalm   = 100.00000, pencut  =   0.10000, tausw   =   0.10000

Free energy options:
     icfe    =       1, ifsc    =       0, klambda =       1
     clambda =  0.4000, scalpha =  0.5000, scbeta  = 12.0000
     sceeorder =       2
     dynlmb =  0.0000 logdvdl =       0

| Intermolecular bonds treatment:
|     no_intermolecular_bonds =       1

| Energy averages sample interval:
|     ene_avg_sampling =    1000

Ewald parameters:
     verbose =       0, ew_type =       0, nbflag  =       1, use_pme =       1
     vdwmeth =       1, eedmeth =       1, netfrc  =       1
     Box X =   33.673   Box Y =   34.999   Box Z =   35.659
     Alpha =   90.000   Beta  =   90.000   Gamma =   90.000
     NFFT1 =   36       NFFT2 =   36       NFFT3 =   36
     Cutoff=    8.000   Tol   =0.100E-04
     Ewald Coefficient =  0.34864
     Interpolation order =    4

    LOADING THE CONSTRAINED ATOMS AS GROUPS


   5.  REFERENCE ATOM COORDINATES

  default_name                                                                    
     Mask !:WAT & !@H=; matches    12 atoms
     TI Mask 1 :1; matches     12 atoms
     TI Mask 2 :2; matches     12 atoms
     TI region 1:    2619 atoms
     TI region 2:    2619 atoms
Removing charge of       0.1305 from atom      24
Total charge of   0.13052100 removed from       1 atoms
     Checking for mismatched coordinates.

--------------------------------------------------------------------------------
   3.  ATOMIC COORDINATES AND VELOCITIES
--------------------------------------------------------------------------------

default_name                                                                    
 begin time read from input coords =     0.000 ps



           Begin reading energy term weight changes/NMR restraints
 WEIGHT CHANGES:
 TEMP0         0   8000   50.000000  300.000000      0      0

 RESTRAINTS:
                          ** No restraint defined **

                  Done reading weight changes/NMR restraints


 
 Number of triangulated 3-point waters found:      869

     Sum of charges for TI region  1 =   0.00000000
     Forcing neutrality...


     Sum of charges for TI region  2 =  -0.13052100
     Assuming uniform neutralizing plasma

| Dynamic Memory, Types Used:
| Reals              230831
| Integers           100744

| Nonbonded Pairs Initial Allocation:      439442

--------------------------------------------------------------------------------
   4.  RESULTS
--------------------------------------------------------------------------------

 ---------------------------------------------------
 APPROXIMATING switch and d/dx switch using CUBIC SPLINE INTERPOLATION
 using   5000.0 points per unit in tabled values
 TESTING RELATIVE ERROR over r ranging from 0.0 to cutoff
| CHECK switch(x): max rel err =   0.2738E-14   at   2.422500
| CHECK d/dx switch(x): max rel err =   0.8332E-11   at   2.782960
 ---------------------------------------------------
|---------------------------------------------------
| APPROXIMATING direct energy using CUBIC SPLINE INTERPOLATION
|  with   50.0 points per unit in tabled values
| Relative Error Limit not exceeded for r .gt.   2.47
| APPROXIMATING direct force using CUBIC SPLINE INTERPOLATION
|  with   50.0 points per unit in tabled values
| Relative Error Limit not exceeded for r .gt.   2.89
|---------------------------------------------------

| TI region  1


 NSTEP =        0   TIME(PS) =       0.000  TEMP(K) =    75.77  PRESS =     0.0
 Etot   =     -6457.1407  EKtot   =       394.8165  EPtot      =     -6851.9572
 BOND   =         2.0830  ANGLE   =         2.5561  DIHED      =         1.9213
 1-4 NB =         3.5320  1-4 EEL =        -0.6007  VDWAALS    =      1126.3686
 EELEC  =     -7987.8175  EHBOND  =         0.0000  RESTRAINT  =         0.0000
 DV/DL  =        -4.4912
 Ewald error estimate:   0.4175E-03
 ------------------------------------------------------------------------------


| TI region  2


 NSTEP =        0   TIME(PS) =       0.000  TEMP(K) =    75.77  PRESS =     0.0
 Etot   =     -6457.1407  EKtot   =       394.8165  EPtot      =     -6851.9572
 BOND   =         2.0830  ANGLE   =         2.5561  DIHED      =         1.9213
 1-4 NB =         3.5320  1-4 EEL =        -0.6007  VDWAALS    =      1126.3686
 EELEC  =     -7987.8175  EHBOND  =         0.0000  RESTRAINT  =         0.0000
 DV/DL  =        -4.4912
 Ewald error estimate:   0.4175E-03
 ------------------------------------------------------------------------------

 NMR restraints: Bond =    0.000   Angle =     0.000   Torsion =     0.000
===============================================================================

| TI region  1


 NSTEP =     1000   TIME(PS) =       2.000  TEMP(K) =   167.10  PRESS =     0.0
 Etot   =     -8032.4281  EKtot   =       870.6632  EPtot      =     -8903.0913
 BOND   =         0.5133  ANGLE   =         1.0449  DIHED      =         0.4259
 1-4 NB =         3.3049  1-4 EEL =        -0.5730  VDWAALS    =      1617.3108
 EELEC  =    -10526.0400  EHBOND  =         0.0000  RESTRAINT  =         0.9219
 EAMBER (non-restraint)  =     -8904.0132
 DV/DL  =        -7.3217
 Ewald error estimate:   0.1001E-03
 ------------------------------------------------------------------------------


| TI region  2


 NSTEP =     1000   TIME(PS) =       2.000  TEMP(K) =   167.10  PRESS =     0.0
 Etot   =     -8032.4281  EKtot   =       870.6632  EPtot      =     -8903.0913
 BOND   =         0.5133  ANGLE   =         1.0449  DIHED      =         0.4259
 1-4 NB =         3.3049  1-4 EEL =        -0.5730  VDWAALS    =      1617.3108
 EELEC  =    -10526.0400  EHBOND  =         0.0000  RESTRAINT  =         0.9219
 EAMBER (non-restraint)  =     -8904.0132
 DV/DL  =        -7.3217
 Ewald error estimate:   0.1001E-03
 ------------------------------------------------------------------------------

 NMR restraints: Bond =    0.000   Angle =     0.000   Torsion =     0.000
===============================================================================

| TI region  1


 NSTEP =     2000   TIME(PS) =       4.000  TEMP(K) =   139.97  PRESS =     0.0
 Etot   =     -8614.7544  EKtot   =       729.3222  EPtot      =     -9344.0766
 BOND   =         0.4325  ANGLE   =         0.7387  DIHED      =         0.2130
 1-4 NB =         3.3877  1-4 EEL =        -0.5808  VDWAALS    =      1717.0270
 EELEC  =    -11065.9686  EHBOND  =         0.0000  RESTRAINT  =         0.6739
 EAMBER (non-restraint)  =     -9344.7505
 DV/DL  =        -4.8748
 Ewald error estimate:   0.8523E-05
 ------------------------------------------------------------------------------


| TI region  2


 NSTEP =     2000   TIME(PS) =       4.000  TEMP(K) =   139.97  PRESS =     0.0
 Etot   =     -8614.7544  EKtot   =       729.3222  EPtot      =     -9344.0766
 BOND   =         0.4325  ANGLE   =         0.7387  DIHED      =         0.2130
 1-4 NB =         3.3877  1-4 EEL =        -0.5808  VDWAALS    =      1717.0270
 EELEC  =    -11065.9686  EHBOND  =         0.0000  RESTRAINT  =         0.6739
 EAMBER (non-restraint)  =     -9344.7505
 DV/DL  =        -4.8748
 Ewald error estimate:   0.8523E-05
 ------------------------------------------------------------------------------

 NMR restraints: Bond =    0.000   Angle =     0.000   Torsion =     0.000
===============================================================================

| TI region  1


 NSTEP =     3000   TIME(PS) =       6.000  TEMP(K) =   139.48  PRESS =     0.0
 Etot   =     -8724.1508  EKtot   =       726.7522  EPtot      =     -9450.9030
 BOND   =         0.1360  ANGLE   =         0.6373  DIHED      =         1.1175
 1-4 NB =         3.4280  1-4 EEL =        -0.5700  VDWAALS    =      1786.9969
 EELEC  =    -11243.2258  EHBOND  =         0.0000  RESTRAINT  =         0.5771
 EAMBER (non-restraint)  =     -9451.4801
 DV/DL  =        -5.8828
 Ewald error estimate:   0.2493E-04
 ------------------------------------------------------------------------------


| TI region  2


 NSTEP =     3000   TIME(PS) =       6.000  TEMP(K) =   139.48  PRESS =     0.0
 Etot   =     -8724.1508  EKtot   =       726.7522  EPtot      =     -9450.9030
 BOND   =         0.1360  ANGLE   =         0.6373  DIHED      =         1.1175
 1-4 NB =         3.4280  1-4 EEL =        -0.5700  VDWAALS    =      1786.9969
 EELEC  =    -11243.2258  EHBOND  =         0.0000  RESTRAINT  =         0.5771
 EAMBER (non-restraint)  =     -9451.4801
 DV/DL  =        -5.8828
 Ewald error estimate:   0.2493E-04
 ------------------------------------------------------------------------------

 NMR restraints: Bond =    0.000   Angle =     0.000   Torsion =     0.000
===============================================================================

| TI region  1


 NSTEP =     4000   TIME(PS) =       8.000  TEMP(K) =   156.11  PRESS =     0.0
 Etot   =     -8587.6704  EKtot   =       813.4158  EPtot      =     -9401.0861
 BOND   =         0.4772  ANGLE   =         0.4155  DIHED      =         0.8562
 1-4 NB =         3.3430  1-4 EEL =        -0.5817  VDWAALS    =      1774.3398
 EELEC  =    -11180.6504  EHBOND  =         0.0000  RESTRAINT  =         0.7143
 EAMBER (non-restraint)  =     -9401.8004
 DV/DL  =        -5.1896
 Ewald error estimate:   0.1361E-03
 ------------------------------------------------------------------------------


| TI region  2


 NSTEP =     4000   TIME(PS) =       8.000  TEMP(K) =   156.11  PRESS =     0.0
 Etot   =     -8587.6704  EKtot   =       813.4158  EPtot      =     -9401.0861
 BOND   =         0.4772  ANGLE   =         0.4155  DIHED      =         0.8562
 1-4 NB =         3.3430  1-4 EEL =        -0.5817  VDWAALS    =      1774.3398
 EELEC  =    -11180.6504  EHBOND  =         0.0000  RESTRAINT  =         0.7143
 EAMBER (non-restraint)  =     -9401.8004
 DV/DL  =        -5.1896
 Ewald error estimate:   0.1361E-03
 ------------------------------------------------------------------------------

 NMR restraints: Bond =    0.000   Angle =     0.000   Torsion =     0.000
===============================================================================

| TI region  1


 NSTEP =     5000   TIME(PS) =      10.000  TEMP(K) =   179.12  PRESS =     0.0
 Etot   =     -8339.2795  EKtot   =       933.3132  EPtot      =     -9272.5927
 BOND   =         0.1686  ANGLE   =         0.6864  DIHED      =         0.6773
 1-4 NB =         3.4447  1-4 EEL =        -0.5700  VDWAALS    =      1670.2653
 EELEC  =    -10947.7217  EHBOND  =         0.0000  RESTRAINT  =         0.4567
 EAMBER (non-restraint)  =     -9273.0495
 DV/DL  =        -5.2169
 Ewald error estimate:   0.3694E-03
 ------------------------------------------------------------------------------


| TI region  2


 NSTEP =     5000   TIME(PS) =      10.000  TEMP(K) =   179.12  PRESS =     0.0
 Etot   =     -8339.2795  EKtot   =       933.3132  EPtot      =     -9272.5927
 BOND   =         0.1686  ANGLE   =         0.6864  DIHED      =         0.6773
 1-4 NB =         3.4447  1-4 EEL =        -0.5700  VDWAALS    =      1670.2653
 EELEC  =    -10947.7217  EHBOND  =         0.0000  RESTRAINT  =         0.4567
 EAMBER (non-restraint)  =     -9273.0495
 DV/DL  =        -5.2169
 Ewald error estimate:   0.3694E-03
 ------------------------------------------------------------------------------

 NMR restraints: Bond =    0.000   Angle =     0.000   Torsion =     0.000
===============================================================================

| TI region  1


 NSTEP =     6000   TIME(PS) =      12.000  TEMP(K) =   206.91  PRESS =     0.0
 Etot   =     -8011.5537  EKtot   =      1078.0759  EPtot      =     -9089.6296
 BOND   =         0.4966  ANGLE   =         1.4808  DIHED      =         0.9658
 1-4 NB =         3.2220  1-4 EEL =        -0.5748  VDWAALS    =      1645.5130
 EELEC  =    -10742.4896  EHBOND  =         0.0000  RESTRAINT  =         1.7566
 EAMBER (non-restraint)  =     -9091.3862
 DV/DL  =        -5.6847
 Ewald error estimate:   0.3466E-04
 ------------------------------------------------------------------------------


| TI region  2


 NSTEP =     6000   TIME(PS) =      12.000  TEMP(K) =   206.91  PRESS =     0.0
 Etot   =     -8011.5537  EKtot   =      1078.0759  EPtot      =     -9089.6296
 BOND   =         0.4966  ANGLE   =         1.4808  DIHED      =         0.9658
 1-4 NB =         3.2220  1-4 EEL =        -0.5748  VDWAALS    =      1645.5130
 EELEC  =    -10742.4896  EHBOND  =         0.0000  RESTRAINT  =         1.7566
 EAMBER (non-restraint)  =     -9091.3862
 DV/DL  =        -5.6847
 Ewald error estimate:   0.3466E-04
 ------------------------------------------------------------------------------

 NMR restraints: Bond =    0.000   Angle =     0.000   Torsion =     0.000
===============================================================================

| TI region  1


 NSTEP =     7000   TIME(PS) =      14.000  TEMP(K) =   232.79  PRESS =     0.0
 Etot   =     -7614.7447  EKtot   =      1212.9507  EPtot      =     -8827.6955
 BOND   =         1.0685  ANGLE   =         1.6868  DIHED      =         0.9982
 1-4 NB =         3.4836  1-4 EEL =        -0.5681  VDWAALS    =      1491.6572
 EELEC  =    -10327.3803  EHBOND  =         0.0000  RESTRAINT  =         1.3584
 EAMBER (non-restraint)  =     -8829.0539
 DV/DL  =        -4.0345
 Ewald error estimate:   0.1035E-04
 ------------------------------------------------------------------------------


| TI region  2


 NSTEP =     7000   TIME(PS) =      14.000  TEMP(K) =   232.79  PRESS =     0.0
 Etot   =     -7614.7447  EKtot   =      1212.9507  EPtot      =     -8827.6955
 BOND   =         1.0685  ANGLE   =         1.6868  DIHED      =         0.9982
 1-4 NB =         3.4836  1-4 EEL =        -0.5681  VDWAALS    =      1491.6572
 EELEC  =    -10327.3803  EHBOND  =         0.0000  RESTRAINT  =         1.3584
 EAMBER (non-restraint)  =     -8829.0539
 DV/DL  =        -4.0345
 Ewald error estimate:   0.1035E-04
 ------------------------------------------------------------------------------

 NMR restraints: Bond =    0.000   Angle =     0.000   Torsion =     0.000
===============================================================================

| TI region  1


 NSTEP =     8000   TIME(PS) =      16.000  TEMP(K) =   253.91  PRESS =     0.0
 Etot   =     -7158.9963  EKtot   =      1323.0007  EPtot      =     -8481.9970
 BOND   =         1.0951  ANGLE   =         1.5328  DIHED      =         2.4141
 1-4 NB =         3.6607  1-4 EEL =        -0.5687  VDWAALS    =      1425.1452
 EELEC  =     -9916.3116  EHBOND  =         0.0000  RESTRAINT  =         1.0355
 EAMBER (non-restraint)  =     -8483.0324
 DV/DL  =        -6.2480
 Ewald error estimate:   0.1179E-03
 ------------------------------------------------------------------------------


| TI region  2


 NSTEP =     8000   TIME(PS) =      16.000  TEMP(K) =   253.91  PRESS =     0.0
 Etot   =     -7158.9963  EKtot   =      1323.0007  EPtot      =     -8481.9970
 BOND   =         1.0951  ANGLE   =         1.5328  DIHED      =         2.4141
 1-4 NB =         3.6607  1-4 EEL =        -0.5687  VDWAALS    =      1425.1452
 EELEC  =     -9916.3116  EHBOND  =         0.0000  RESTRAINT  =         1.0355
 EAMBER (non-restraint)  =     -8483.0324
 DV/DL  =        -6.2480
 Ewald error estimate:   0.1179E-03
 ------------------------------------------------------------------------------

 NMR restraints: Bond =    0.000   Angle =     0.000   Torsion =     0.000
===============================================================================

| TI region  1


 NSTEP =     9000   TIME(PS) =      18.000  TEMP(K) =   279.46  PRESS =     0.0
 Etot   =     -6796.9629  EKtot   =      1456.0796  EPtot      =     -8253.0425
 BOND   =         2.2177  ANGLE   =         3.1397  DIHED      =         1.3809
 1-4 NB =         2.8651  1-4 EEL =        -0.5241  VDWAALS    =      1327.0321
 EELEC  =     -9590.3015  EHBOND  =         0.0000  RESTRAINT  =         1.1475
 EAMBER (non-restraint)  =     -8254.1900
 DV/DL  =        -6.3161
 Ewald error estimate:   0.1101E-03
 ------------------------------------------------------------------------------


| TI region  2


 NSTEP =     9000   TIME(PS) =      18.000  TEMP(K) =   279.46  PRESS =     0.0
 Etot   =     -6796.9629  EKtot   =      1456.0796  EPtot      =     -8253.0425
 BOND   =         2.2177  ANGLE   =         3.1397  DIHED      =         1.3809
 1-4 NB =         2.8651  1-4 EEL =        -0.5241  VDWAALS    =      1327.0321
 EELEC  =     -9590.3015  EHBOND  =         0.0000  RESTRAINT  =         1.1475
 EAMBER (non-restraint)  =     -8254.1900
 DV/DL  =        -6.3161
 Ewald error estimate:   0.1101E-03
 ------------------------------------------------------------------------------

 NMR restraints: Bond =    0.000   Angle =     0.000   Torsion =     0.000
===============================================================================

| TI region  1


 NSTEP =    10000   TIME(PS) =      20.000  TEMP(K) =   286.58  PRESS =     0.0
 Etot   =     -6581.5811  EKtot   =      1493.2262  EPtot      =     -8074.8073
 BOND   =         1.5642  ANGLE   =         1.6173  DIHED      =         3.6528
 1-4 NB =         2.9437  1-4 EEL =        -0.5608  VDWAALS    =      1303.7858
 EELEC  =     -9392.1394  EHBOND  =         0.0000  RESTRAINT  =         4.3293
 EAMBER (non-restraint)  =     -8079.1365
 DV/DL  =        -3.9179
 Ewald error estimate:   0.4242E-03
 ------------------------------------------------------------------------------


| TI region  2


 NSTEP =    10000   TIME(PS) =      20.000  TEMP(K) =   286.58  PRESS =     0.0
 Etot   =     -6581.5811  EKtot   =      1493.2262  EPtot      =     -8074.8073
 BOND   =         1.5642  ANGLE   =         1.6173  DIHED      =         3.6528
 1-4 NB =         2.9437  1-4 EEL =        -0.5608  VDWAALS    =      1303.7858
 EELEC  =     -9392.1394  EHBOND  =         0.0000  RESTRAINT  =         4.3293
 EAMBER (non-restraint)  =     -8079.1365
 DV/DL  =        -3.9179
 Ewald error estimate:   0.4242E-03
 ------------------------------------------------------------------------------

 NMR restraints: Bond =    0.000   Angle =     0.000   Torsion =     0.000
===============================================================================

| TI region  1


      A V E R A G E S   O V E R      10 S T E P S


 NSTEP =    10000   TIME(PS) =      20.000  TEMP(K) =   204.14  PRESS =     0.0
 Etot   =     -7846.2122  EKtot   =      1063.6800  EPtot      =     -8909.8921
 BOND   =         0.8170  ANGLE   =         1.2980  DIHED      =         1.2702
 1-4 NB =         3.3083  1-4 EEL =        -0.5672  VDWAALS    =      1575.9073
 EELEC  =    -10493.2229  EHBOND  =         0.0000  RESTRAINT  =         1.2971
 EAMBER (non-restraint)  =     -8911.1893
 DV/DL  =        -5.4687
 Ewald error estimate:   0.1336E-03
 ------------------------------------------------------------------------------

 NMR restraints: Bond =    0.000   Angle =     0.000   Torsion =     0.000
===============================================================================

      R M S  F L U C T U A T I O N S


 NSTEP =    10000   TIME(PS) =      20.000  TEMP(K) =    53.27  PRESS =     0.0
 Etot   =       737.7250  EKtot   =       277.5648  EPtot      =       469.5799
 BOND   =         0.6327  ANGLE   =         0.7550  DIHED      =         0.9768
 1-4 NB =         0.2307  1-4 EEL =         0.0155  VDWAALS    =       168.8573
 EELEC  =       634.1026  EHBOND  =         0.0000  RESTRAINT  =         1.0767
 EAMBER (non-restraint)  =       468.5032
 DV/DL  =         0.9967
 Ewald error estimate:   0.1394E-03
 ------------------------------------------------------------------------------


| TI region  2


      A V E R A G E S   O V E R      10 S T E P S


 NSTEP =    10000   TIME(PS) =      20.000  TEMP(K) =   204.14  PRESS =     0.0
 Etot   =     -7846.2122  EKtot   =      1063.6800  EPtot      =     -8909.8921
 BOND   =         0.8170  ANGLE   =         1.2980  DIHED      =         1.2702
 1-4 NB =         3.3083  1-4 EEL =        -0.5672  VDWAALS    =      1575.9073
 EELEC  =    -10493.2229  EHBOND  =         0.0000  RESTRAINT  =         1.2971
 EAMBER (non-restraint)  =     -8911.1893
 DV/DL  =        -5.4687
 Ewald error estimate:   0.1336E-03
 ------------------------------------------------------------------------------

 NMR restraints: Bond =    0.000   Angle =     0.000   Torsion =     0.000
===============================================================================

      R M S  F L U C T U A T I O N S


 NSTEP =    10000   TIME(PS) =      20.000  TEMP(K) =    53.27  PRESS =     0.0
 Etot   =       737.7250  EKtot   =       277.5648  EPtot      =       469.5799
 BOND   =         0.6327  ANGLE   =         0.7550  DIHED      =         0.9768
 1-4 NB =         0.2307  1-4 EEL =         0.0155  VDWAALS    =       168.8573
 EELEC  =       634.1026  EHBOND  =         0.0000  RESTRAINT  =         1.0767
 EAMBER (non-restraint)  =       468.5032
 DV/DL  =         0.9967
 Ewald error estimate:   0.1394E-03
 ------------------------------------------------------------------------------


      DV/DL, AVERAGES OVER      10 STEPS


 NSTEP =    10000   TIME(PS) =      20.000  TEMP(K) =    53.27  PRESS =     0.0
 Etot   =         0.0000  EKtot   =         0.0000  EPtot      =        -5.4687
 BOND   =        -0.0000  ANGLE   =        -0.0000  DIHED      =         0.0000
 1-4 NB =         0.0000  1-4 EEL =        -1.0106  VDWAALS    =         0.0000
 EELEC  =        -4.4581  EHBOND  =         0.0000  RESTRAINT  =        -0.0000
 EAMBER (non-restraint)  =        -5.4687
 DV/DL  =        -5.4687
 Ewald error estimate:   0.0000E+00
 ------------------------------------------------------------------------------


 NMR restraints on final step:

--------------------------------------------------------------------------------
   5.  TIMINGS
--------------------------------------------------------------------------------

|  NonSetup CPU Time in Major Routines:
|
|     Routine           Sec        %
|     ------------------------------
|     Nonbond         154.72   97.64
|     Bond              0.63    0.40
|     Angle             0.14    0.09
|     Dihedral          0.26    0.16
|     Shake             1.46    0.92
|     RunMD             1.22    0.77
|     Other             0.03    0.02
|     ------------------------------
|     Total           158.46

|  PME Nonbond Pairlist CPU Time:
|
|     Routine              Sec        %
|     ---------------------------------
|     Set Up Cit           0.20    0.12
|     Build List          19.16   12.09
|     ---------------------------------
|     Total               19.35   12.21

|  PME Direct Force CPU Time:
|
|     Routine              Sec        %
|     ---------------------------------
|     NonBonded Calc      64.34   40.60
|     Exclude Masked       2.56    1.62
|     Other                2.42    1.52
|     ---------------------------------
|     Total               69.32   43.74

|  PME Reciprocal Force CPU Time:
|
|     Routine              Sec        %
|     ---------------------------------
|     1D bspline           2.44    1.54
|     Grid Charges         6.13    3.87
|     Scalar Sum           2.70    1.70
|     Gradient Sum         9.15    5.77
|     FFT                 45.66   28.82
|     ---------------------------------
|     Total               66.09   41.71

|  Final Performance Info:
|     -----------------------------------------------------
|     Average timings for last    2000 steps:
|     Elapsed(s) =      32.57 Per Step(ms) =      16.29
|         ns/day =      10.61   seconds/ns =    8143.50
|
|     Average timings for all steps:
|     Elapsed(s) =     158.60 Per Step(ms) =      15.86
|         ns/day =      10.90   seconds/ns =    7929.76
|     -----------------------------------------------------

|  Setup CPU time:            0.05 seconds
|  NonSetup CPU time:       158.46 seconds
|  Total CPU time:          158.51 seconds     0.04 hours

|  Setup wall time:           0    seconds
|  NonSetup wall time:      159    seconds
|  Total wall time:         159    seconds     0.04 hours
