
          -------------------------------------------------------
          Amber 18 PMEMD                              2018
          -------------------------------------------------------

| PMEMD implementation of SANDER, Release 18

| Run on 06/20/2018 at 18:26:04

|   Executable path: /home/uv10/amber/bin/pmemd
| Working directory: /home/uv10/tutorials-amber/A9/ligand/pmemd/free_energy/ligands/decharge/0.6
|          Hostname: Unknown
  [-O]verwriting output

File Assignments:
|   MDIN: heat.in                                                               
|  MDOUT: heat.out                                                              
| INPCRD: ti.rst7                                                               
|   PARM: ti.parm7                                                              
| RESTRT: heat.rst7                                                             
|   REFC: ti.rst7                                                               
|  MDVEL: mdvel                                                                 
|   MDEN: heat.en                                                               
|  MDCRD: heat.nc                                                               
| MDINFO: heat.info                                                             
|  MDFRC: mdfrc                                                                 


 Here is the input file:

heating                                                                        
 &cntrl                                                                        
   imin = 0, nstlim = 10000, irest = 0, ntx = 1, dt = 0.002,                   
   ntt = 1, temp0 = 300.0, tempi = 50.0, tautp = 1.0,                          
   ntc = 2, ntf = 1,                                                           
   ntb = 1,                                                                    
   ioutfm = 1, iwrap = 1,                                                      
   ntwe = 1000, ntwx = 1000, ntpr = 1000, ntwr = 5000,                         
                                                                               
   nmropt = 1,                                                                 
   ntr = 1, restraint_wt = 5.00,                                               
   restraintmask='!:WAT & !@H=',                                               
                                                                               
   icfe = 1, clambda = 0.6, scalpha = 0.5, scbeta = 12.0,                      
   logdvdl = 0,                                                                
   timask1 = ':1', timask2 = ':2',                                             
   ifsc = 0, crgmask = ':2@H6',                                                
 /                                                                             
                                                                               
 &ewald                                                                        
 /                                                                             
                                                                               
 &wt                                                                           
   type='TEMP0',                                                               
   istep1 = 0, istep2 = 8000,                                                  
   value1 = 50.0, value2 = 300.0                                               
 /                                                                             
                                                                               
 &wt type = 'END'                                                              
 /                                                                             
                                                                               


Note: ig = -1. Setting random seed to   518128 based on wallclock time in 
      microseconds.
| irandom = 1, using AMBER's internal random number generator (default).
 
 
| Conditional Compilation Defines Used:
| PUBFFT
| BINTRAJ
| EMIL

| Largest sphere to fit in unit cell has radius =    16.836

| New format PARM file being parsed.
| Version =    1.000 Date = 06/20/18 Time = 14:05:10

| Note: 1-4 EEL scale factors are being read from the topology file.

| Note: 1-4 VDW scale factors are being read from the topology file.
| Duplicated    0 dihedrals

| Duplicated    0 dihedrals

--------------------------------------------------------------------------------
   1.  RESOURCE   USE: 
--------------------------------------------------------------------------------

 getting new box info from bottom of inpcrd
 NATOM  =    2631 NTYPES =       4 NBONH =    2619 MBONA  =      12
 NTHETH =      24 MTHETA =      12 NPHIH =      48 MPHIA  =      12
 NHPARM =       0 NPARM  =       0 NNB   =    3580 NRES   =     871
 NBONA  =      12 NTHETA =      12 NPHIA =      12 NUMBND =       4
 NUMANG =       2 NPTRA  =       2 NATYP =       4 NPHB   =       1
 IFBOX  =       1 NMXRS  =      12 IFCAP =       0 NEXTRA =       0
 NCOPY  =       0

| Coordinate Index Table dimensions:     7    7    7
| Direct force subcell size =     4.8104    4.9998    5.0941

     BOX TYPE: RECTILINEAR

--------------------------------------------------------------------------------
   2.  CONTROL  DATA  FOR  THE  RUN
--------------------------------------------------------------------------------

default_name                                                                    

General flags:
     imin    =       0, nmropt  =       1

Nature and format of input:
     ntx     =       1, irest   =       0, ntrx    =       1

Nature and format of output:
     ntxo    =       2, ntpr    =    1000, ntrx    =       1, ntwr    =    5000
     iwrap   =       1, ntwx    =    1000, ntwv    =       0, ntwe    =    1000
     ioutfm  =       1, ntwprt  =       0, idecomp =       0, rbornstat=      0

Potential function:
     ntf     =       1, ntb     =       1, igb     =       0, nsnb    =      25
     ipol    =       0, gbsa    =       0, iesp    =       0
     dielc   =   1.00000, cut     =   8.00000, intdiel =   1.00000

Frozen or restrained atoms:
     ibelly  =       0, ntr     =       1
     restraint_wt =   5.00000

Molecular dynamics:
     nstlim  =     10000, nscm    =         0, nrespa  =         1
     t       =   0.00000, dt      =   0.00200, vlimit  =  20.00000

Berendsen (weak-coupling) temperature regulation:
     temp0   = 300.00000, tempi   =  50.00000, tautp   =   1.00000

SHAKE:
     ntc     =       2, jfastw  =       0
     tol     =   0.00001

NMR refinement options:
     iscale  =       0, noeskp  =       1, ipnlty  =       1, mxsub   =       1
     scalm   = 100.00000, pencut  =   0.10000, tausw   =   0.10000

Free energy options:
     icfe    =       1, ifsc    =       0, klambda =       1
     clambda =  0.6000, scalpha =  0.5000, scbeta  = 12.0000
     sceeorder =       2
     dynlmb =  0.0000 logdvdl =       0

| Intermolecular bonds treatment:
|     no_intermolecular_bonds =       1

| Energy averages sample interval:
|     ene_avg_sampling =    1000

Ewald parameters:
     verbose =       0, ew_type =       0, nbflag  =       1, use_pme =       1
     vdwmeth =       1, eedmeth =       1, netfrc  =       1
     Box X =   33.673   Box Y =   34.999   Box Z =   35.659
     Alpha =   90.000   Beta  =   90.000   Gamma =   90.000
     NFFT1 =   36       NFFT2 =   36       NFFT3 =   36
     Cutoff=    8.000   Tol   =0.100E-04
     Ewald Coefficient =  0.34864
     Interpolation order =    4

    LOADING THE CONSTRAINED ATOMS AS GROUPS


   5.  REFERENCE ATOM COORDINATES

  default_name                                                                    
     Mask !:WAT & !@H=; matches    12 atoms
     TI Mask 1 :1; matches     12 atoms
     TI Mask 2 :2; matches     12 atoms
     TI region 1:    2619 atoms
     TI region 2:    2619 atoms
Removing charge of       0.1305 from atom      24
Total charge of   0.13052100 removed from       1 atoms
     Checking for mismatched coordinates.

--------------------------------------------------------------------------------
   3.  ATOMIC COORDINATES AND VELOCITIES
--------------------------------------------------------------------------------

default_name                                                                    
 begin time read from input coords =     0.000 ps



           Begin reading energy term weight changes/NMR restraints
 WEIGHT CHANGES:
 TEMP0         0   8000   50.000000  300.000000      0      0

 RESTRAINTS:
                          ** No restraint defined **

                  Done reading weight changes/NMR restraints


 
 Number of triangulated 3-point waters found:      869

     Sum of charges for TI region  1 =   0.00000000
     Forcing neutrality...


     Sum of charges for TI region  2 =  -0.13052100
     Assuming uniform neutralizing plasma

| Dynamic Memory, Types Used:
| Reals              230831
| Integers           100744

| Nonbonded Pairs Initial Allocation:      439442

--------------------------------------------------------------------------------
   4.  RESULTS
--------------------------------------------------------------------------------

 ---------------------------------------------------
 APPROXIMATING switch and d/dx switch using CUBIC SPLINE INTERPOLATION
 using   5000.0 points per unit in tabled values
 TESTING RELATIVE ERROR over r ranging from 0.0 to cutoff
| CHECK switch(x): max rel err =   0.2738E-14   at   2.422500
| CHECK d/dx switch(x): max rel err =   0.8332E-11   at   2.782960
 ---------------------------------------------------
|---------------------------------------------------
| APPROXIMATING direct energy using CUBIC SPLINE INTERPOLATION
|  with   50.0 points per unit in tabled values
| Relative Error Limit not exceeded for r .gt.   2.47
| APPROXIMATING direct force using CUBIC SPLINE INTERPOLATION
|  with   50.0 points per unit in tabled values
| Relative Error Limit not exceeded for r .gt.   2.89
|---------------------------------------------------

| TI region  1


 NSTEP =        0   TIME(PS) =       0.000  TEMP(K) =    77.20  PRESS =     0.0
 Etot   =     -6450.6148  EKtot   =       402.2406  EPtot      =     -6852.8554
 BOND   =         2.0830  ANGLE   =         2.5561  DIHED      =         1.9213
 1-4 NB =         3.5320  1-4 EEL =        -0.8159  VDWAALS    =      1126.3686
 EELEC  =     -7988.5005  EHBOND  =         0.0000  RESTRAINT  =         0.0000
 DV/DL  =        -4.4912
 Ewald error estimate:   0.4176E-03
 ------------------------------------------------------------------------------


| TI region  2


 NSTEP =        0   TIME(PS) =       0.000  TEMP(K) =    77.20  PRESS =     0.0
 Etot   =     -6450.6148  EKtot   =       402.2406  EPtot      =     -6852.8554
 BOND   =         2.0830  ANGLE   =         2.5561  DIHED      =         1.9213
 1-4 NB =         3.5320  1-4 EEL =        -0.8159  VDWAALS    =      1126.3686
 EELEC  =     -7988.5005  EHBOND  =         0.0000  RESTRAINT  =         0.0000
 DV/DL  =        -4.4912
 Ewald error estimate:   0.4176E-03
 ------------------------------------------------------------------------------

 NMR restraints: Bond =    0.000   Angle =     0.000   Torsion =     0.000
===============================================================================

| TI region  1


 NSTEP =     1000   TIME(PS) =       2.000  TEMP(K) =   173.60  PRESS =     0.0
 Etot   =     -8029.8889  EKtot   =       904.5102  EPtot      =     -8934.3991
 BOND   =         0.7612  ANGLE   =         1.1313  DIHED      =         0.9637
 1-4 NB =         3.3770  1-4 EEL =        -0.8006  VDWAALS    =      1640.0119
 EELEC  =    -10581.3631  EHBOND  =         0.0000  RESTRAINT  =         1.5195
 EAMBER (non-restraint)  =     -8935.9186
 DV/DL  =        -4.6138
 Ewald error estimate:   0.4573E-03
 ------------------------------------------------------------------------------


| TI region  2


 NSTEP =     1000   TIME(PS) =       2.000  TEMP(K) =   173.60  PRESS =     0.0
 Etot   =     -8029.8889  EKtot   =       904.5102  EPtot      =     -8934.3991
 BOND   =         0.7612  ANGLE   =         1.1313  DIHED      =         0.9637
 1-4 NB =         3.3770  1-4 EEL =        -0.8006  VDWAALS    =      1640.0119
 EELEC  =    -10581.3631  EHBOND  =         0.0000  RESTRAINT  =         1.5195
 EAMBER (non-restraint)  =     -8935.9186
 DV/DL  =        -4.6138
 Ewald error estimate:   0.4573E-03
 ------------------------------------------------------------------------------

 NMR restraints: Bond =    0.000   Angle =     0.000   Torsion =     0.000
===============================================================================

| TI region  1


 NSTEP =     2000   TIME(PS) =       4.000  TEMP(K) =   142.02  PRESS =     0.0
 Etot   =     -8625.3038  EKtot   =       739.9728  EPtot      =     -9365.2766
 BOND   =         0.5799  ANGLE   =         0.6571  DIHED      =         1.0739
 1-4 NB =         3.4434  1-4 EEL =        -0.7684  VDWAALS    =      1798.8302
 EELEC  =    -11170.9939  EHBOND  =         0.0000  RESTRAINT  =         1.9012
 EAMBER (non-restraint)  =     -9367.1777
 DV/DL  =        -6.1331
 Ewald error estimate:   0.3216E-03
 ------------------------------------------------------------------------------


| TI region  2


 NSTEP =     2000   TIME(PS) =       4.000  TEMP(K) =   142.02  PRESS =     0.0
 Etot   =     -8625.3038  EKtot   =       739.9728  EPtot      =     -9365.2766
 BOND   =         0.5799  ANGLE   =         0.6571  DIHED      =         1.0739
 1-4 NB =         3.4434  1-4 EEL =        -0.7684  VDWAALS    =      1798.8302
 EELEC  =    -11170.9939  EHBOND  =         0.0000  RESTRAINT  =         1.9012
 EAMBER (non-restraint)  =     -9367.1777
 DV/DL  =        -6.1331
 Ewald error estimate:   0.3216E-03
 ------------------------------------------------------------------------------

 NMR restraints: Bond =    0.000   Angle =     0.000   Torsion =     0.000
===============================================================================

| TI region  1


 NSTEP =     3000   TIME(PS) =       6.000  TEMP(K) =   139.08  PRESS =     0.0
 Etot   =     -8727.1656  EKtot   =       724.6718  EPtot      =     -9451.8374
 BOND   =         0.5654  ANGLE   =         0.7896  DIHED      =         0.6661
 1-4 NB =         3.2913  1-4 EEL =        -0.7896  VDWAALS    =      1796.6977
 EELEC  =    -11255.2293  EHBOND  =         0.0000  RESTRAINT  =         2.1715
 EAMBER (non-restraint)  =     -9454.0089
 DV/DL  =        -7.2301
 Ewald error estimate:   0.3797E-03
 ------------------------------------------------------------------------------


| TI region  2


 NSTEP =     3000   TIME(PS) =       6.000  TEMP(K) =   139.08  PRESS =     0.0
 Etot   =     -8727.1656  EKtot   =       724.6718  EPtot      =     -9451.8374
 BOND   =         0.5654  ANGLE   =         0.7896  DIHED      =         0.6661
 1-4 NB =         3.2913  1-4 EEL =        -0.7896  VDWAALS    =      1796.6977
 EELEC  =    -11255.2293  EHBOND  =         0.0000  RESTRAINT  =         2.1715
 EAMBER (non-restraint)  =     -9454.0089
 DV/DL  =        -7.2301
 Ewald error estimate:   0.3797E-03
 ------------------------------------------------------------------------------

 NMR restraints: Bond =    0.000   Angle =     0.000   Torsion =     0.000
===============================================================================

| TI region  1


 NSTEP =     4000   TIME(PS) =       8.000  TEMP(K) =   154.99  PRESS =     0.0
 Etot   =     -8582.6308  EKtot   =       807.5758  EPtot      =     -9390.2065
 BOND   =         0.4862  ANGLE   =         1.2462  DIHED      =         1.2811
 1-4 NB =         3.4763  1-4 EEL =        -0.7481  VDWAALS    =      1840.9109
 EELEC  =    -11238.7965  EHBOND  =         0.0000  RESTRAINT  =         1.9374
 EAMBER (non-restraint)  =     -9392.1440
 DV/DL  =        -6.3898
 Ewald error estimate:   0.5602E-03
 ------------------------------------------------------------------------------


| TI region  2


 NSTEP =     4000   TIME(PS) =       8.000  TEMP(K) =   154.99  PRESS =     0.0
 Etot   =     -8582.6308  EKtot   =       807.5758  EPtot      =     -9390.2065
 BOND   =         0.4862  ANGLE   =         1.2462  DIHED      =         1.2811
 1-4 NB =         3.4763  1-4 EEL =        -0.7481  VDWAALS    =      1840.9109
 EELEC  =    -11238.7965  EHBOND  =         0.0000  RESTRAINT  =         1.9374
 EAMBER (non-restraint)  =     -9392.1440
 DV/DL  =        -6.3898
 Ewald error estimate:   0.5602E-03
 ------------------------------------------------------------------------------

 NMR restraints: Bond =    0.000   Angle =     0.000   Torsion =     0.000
===============================================================================

| TI region  1


 NSTEP =     5000   TIME(PS) =      10.000  TEMP(K) =   181.37  PRESS =     0.0
 Etot   =     -8312.5308  EKtot   =       945.0225  EPtot      =     -9257.5533
 BOND   =         0.9532  ANGLE   =         1.8623  DIHED      =         0.9754
 1-4 NB =         3.3222  1-4 EEL =        -0.8045  VDWAALS    =      1713.2123
 EELEC  =    -10977.8403  EHBOND  =         0.0000  RESTRAINT  =         0.7662
 EAMBER (non-restraint)  =     -9258.3194
 DV/DL  =        -5.4710
 Ewald error estimate:   0.8299E-04
 ------------------------------------------------------------------------------


| TI region  2


 NSTEP =     5000   TIME(PS) =      10.000  TEMP(K) =   181.37  PRESS =     0.0
 Etot   =     -8312.5308  EKtot   =       945.0225  EPtot      =     -9257.5533
 BOND   =         0.9532  ANGLE   =         1.8623  DIHED      =         0.9754
 1-4 NB =         3.3222  1-4 EEL =        -0.8045  VDWAALS    =      1713.2123
 EELEC  =    -10977.8403  EHBOND  =         0.0000  RESTRAINT  =         0.7662
 EAMBER (non-restraint)  =     -9258.3194
 DV/DL  =        -5.4710
 Ewald error estimate:   0.8299E-04
 ------------------------------------------------------------------------------

 NMR restraints: Bond =    0.000   Angle =     0.000   Torsion =     0.000
===============================================================================

| TI region  1


 NSTEP =     6000   TIME(PS) =      12.000  TEMP(K) =   203.10  PRESS =     0.0
 Etot   =     -7975.6279  EKtot   =      1058.2241  EPtot      =     -9033.8520
 BOND   =         0.4816  ANGLE   =         1.9401  DIHED      =         1.0310
 1-4 NB =         3.6206  1-4 EEL =        -0.7493  VDWAALS    =      1664.3239
 EELEC  =    -10705.9032  EHBOND  =         0.0000  RESTRAINT  =         1.4034
 EAMBER (non-restraint)  =     -9035.2554
 DV/DL  =        -6.0358
 Ewald error estimate:   0.3373E-03
 ------------------------------------------------------------------------------


| TI region  2


 NSTEP =     6000   TIME(PS) =      12.000  TEMP(K) =   203.10  PRESS =     0.0
 Etot   =     -7975.6279  EKtot   =      1058.2241  EPtot      =     -9033.8520
 BOND   =         0.4816  ANGLE   =         1.9401  DIHED      =         1.0310
 1-4 NB =         3.6206  1-4 EEL =        -0.7493  VDWAALS    =      1664.3239
 EELEC  =    -10705.9032  EHBOND  =         0.0000  RESTRAINT  =         1.4034
 EAMBER (non-restraint)  =     -9035.2554
 DV/DL  =        -6.0358
 Ewald error estimate:   0.3373E-03
 ------------------------------------------------------------------------------

 NMR restraints: Bond =    0.000   Angle =     0.000   Torsion =     0.000
===============================================================================

| TI region  1


 NSTEP =     7000   TIME(PS) =      14.000  TEMP(K) =   233.08  PRESS =     0.0
 Etot   =     -7592.4815  EKtot   =      1214.4591  EPtot      =     -8806.9406
 BOND   =         0.2713  ANGLE   =         2.1952  DIHED      =         1.6199
 1-4 NB =         3.6102  1-4 EEL =        -0.8474  VDWAALS    =      1536.7084
 EELEC  =    -10352.3516  EHBOND  =         0.0000  RESTRAINT  =         1.8535
 EAMBER (non-restraint)  =     -8808.7940
 DV/DL  =        -6.4225
 Ewald error estimate:   0.1661E-03
 ------------------------------------------------------------------------------


| TI region  2


 NSTEP =     7000   TIME(PS) =      14.000  TEMP(K) =   233.08  PRESS =     0.0
 Etot   =     -7592.4815  EKtot   =      1214.4591  EPtot      =     -8806.9406
 BOND   =         0.2713  ANGLE   =         2.1952  DIHED      =         1.6199
 1-4 NB =         3.6102  1-4 EEL =        -0.8474  VDWAALS    =      1536.7084
 EELEC  =    -10352.3516  EHBOND  =         0.0000  RESTRAINT  =         1.8535
 EAMBER (non-restraint)  =     -8808.7940
 DV/DL  =        -6.4225
 Ewald error estimate:   0.1661E-03
 ------------------------------------------------------------------------------

 NMR restraints: Bond =    0.000   Angle =     0.000   Torsion =     0.000
===============================================================================

| TI region  1


 NSTEP =     8000   TIME(PS) =      16.000  TEMP(K) =   249.69  PRESS =     0.0
 Etot   =     -7144.0893  EKtot   =      1301.0073  EPtot      =     -8445.0966
 BOND   =         0.7370  ANGLE   =         1.9933  DIHED      =         3.1536
 1-4 NB =         3.4409  1-4 EEL =        -0.7664  VDWAALS    =      1434.8557
 EELEC  =     -9890.3925  EHBOND  =         0.0000  RESTRAINT  =         1.8817
 EAMBER (non-restraint)  =     -8446.9783
 DV/DL  =        -4.3980
 Ewald error estimate:   0.1546E-03
 ------------------------------------------------------------------------------


| TI region  2


 NSTEP =     8000   TIME(PS) =      16.000  TEMP(K) =   249.69  PRESS =     0.0
 Etot   =     -7144.0893  EKtot   =      1301.0073  EPtot      =     -8445.0966
 BOND   =         0.7370  ANGLE   =         1.9933  DIHED      =         3.1536
 1-4 NB =         3.4409  1-4 EEL =        -0.7664  VDWAALS    =      1434.8557
 EELEC  =     -9890.3925  EHBOND  =         0.0000  RESTRAINT  =         1.8817
 EAMBER (non-restraint)  =     -8446.9783
 DV/DL  =        -4.3980
 Ewald error estimate:   0.1546E-03
 ------------------------------------------------------------------------------

 NMR restraints: Bond =    0.000   Angle =     0.000   Torsion =     0.000
===============================================================================

| TI region  1


 NSTEP =     9000   TIME(PS) =      18.000  TEMP(K) =   271.53  PRESS =     0.0
 Etot   =     -6762.8613  EKtot   =      1414.7658  EPtot      =     -8177.6270
 BOND   =         0.9978  ANGLE   =         2.0629  DIHED      =         2.6018
 1-4 NB =         3.3450  1-4 EEL =        -0.8133  VDWAALS    =      1328.7318
 EELEC  =     -9516.8668  EHBOND  =         0.0000  RESTRAINT  =         2.3137
 EAMBER (non-restraint)  =     -8179.9407
 DV/DL  =        -5.0969
 Ewald error estimate:   0.4235E-03
 ------------------------------------------------------------------------------


| TI region  2


 NSTEP =     9000   TIME(PS) =      18.000  TEMP(K) =   271.53  PRESS =     0.0
 Etot   =     -6762.8613  EKtot   =      1414.7658  EPtot      =     -8177.6270
 BOND   =         0.9978  ANGLE   =         2.0629  DIHED      =         2.6018
 1-4 NB =         3.3450  1-4 EEL =        -0.8133  VDWAALS    =      1328.7318
 EELEC  =     -9516.8668  EHBOND  =         0.0000  RESTRAINT  =         2.3137
 EAMBER (non-restraint)  =     -8179.9407
 DV/DL  =        -5.0969
 Ewald error estimate:   0.4235E-03
 ------------------------------------------------------------------------------

 NMR restraints: Bond =    0.000   Angle =     0.000   Torsion =     0.000
===============================================================================

| TI region  1


 NSTEP =    10000   TIME(PS) =      20.000  TEMP(K) =   282.55  PRESS =     0.0
 Etot   =     -6532.3744  EKtot   =      1472.2276  EPtot      =     -8004.6019
 BOND   =         0.7499  ANGLE   =         1.9576  DIHED      =         0.3435
 1-4 NB =         3.5791  1-4 EEL =        -0.7874  VDWAALS    =      1282.4844
 EELEC  =     -9294.1298  EHBOND  =         0.0000  RESTRAINT  =         1.2008
 EAMBER (non-restraint)  =     -8005.8028
 DV/DL  =        -5.8650
 Ewald error estimate:   0.1136E-03
 ------------------------------------------------------------------------------


| TI region  2


 NSTEP =    10000   TIME(PS) =      20.000  TEMP(K) =   282.55  PRESS =     0.0
 Etot   =     -6532.3744  EKtot   =      1472.2276  EPtot      =     -8004.6019
 BOND   =         0.7499  ANGLE   =         1.9576  DIHED      =         0.3435
 1-4 NB =         3.5791  1-4 EEL =        -0.7874  VDWAALS    =      1282.4844
 EELEC  =     -9294.1298  EHBOND  =         0.0000  RESTRAINT  =         1.2008
 EAMBER (non-restraint)  =     -8005.8028
 DV/DL  =        -5.8650
 Ewald error estimate:   0.1136E-03
 ------------------------------------------------------------------------------

 NMR restraints: Bond =    0.000   Angle =     0.000   Torsion =     0.000
===============================================================================

| TI region  1


      A V E R A G E S   O V E R      10 S T E P S


 NSTEP =    10000   TIME(PS) =      20.000  TEMP(K) =   203.10  PRESS =     0.0
 Etot   =     -7828.4954  EKtot   =      1058.2437  EPtot      =     -8886.7391
 BOND   =         0.6583  ANGLE   =         1.5836  DIHED      =         1.3710
 1-4 NB =         3.4506  1-4 EEL =        -0.7875  VDWAALS    =      1603.6767
 EELEC  =    -10498.3867  EHBOND  =         0.0000  RESTRAINT  =         1.6949
 EAMBER (non-restraint)  =     -8888.4340
 DV/DL  =        -5.7656
 Ewald error estimate:   0.2997E-03
 ------------------------------------------------------------------------------

 NMR restraints: Bond =    0.000   Angle =     0.000   Torsion =     0.000
===============================================================================

      R M S  F L U C T U A T I O N S


 NSTEP =    10000   TIME(PS) =      20.000  TEMP(K) =    50.55  PRESS =     0.0
 Etot   =       751.4885  EKtot   =       263.3785  EPtot      =       494.5354
 BOND   =         0.2128  ANGLE   =         0.5407  DIHED      =         0.8271
 1-4 NB =         0.1141  1-4 EEL =         0.0292  VDWAALS    =       189.8323
 EELEC  =       682.4838  EHBOND  =         0.0000  RESTRAINT  =         0.4465
 EAMBER (non-restraint)  =       494.0888
 DV/DL  =         0.8316
 Ewald error estimate:   0.1539E-03
 ------------------------------------------------------------------------------


| TI region  2


      A V E R A G E S   O V E R      10 S T E P S


 NSTEP =    10000   TIME(PS) =      20.000  TEMP(K) =   203.10  PRESS =     0.0
 Etot   =     -7828.4954  EKtot   =      1058.2437  EPtot      =     -8886.7391
 BOND   =         0.6583  ANGLE   =         1.5836  DIHED      =         1.3710
 1-4 NB =         3.4506  1-4 EEL =        -0.7875  VDWAALS    =      1603.6767
 EELEC  =    -10498.3867  EHBOND  =         0.0000  RESTRAINT  =         1.6949
 EAMBER (non-restraint)  =     -8888.4340
 DV/DL  =        -5.7656
 Ewald error estimate:   0.2997E-03
 ------------------------------------------------------------------------------

 NMR restraints: Bond =    0.000   Angle =     0.000   Torsion =     0.000
===============================================================================

      R M S  F L U C T U A T I O N S


 NSTEP =    10000   TIME(PS) =      20.000  TEMP(K) =    50.55  PRESS =     0.0
 Etot   =       751.4885  EKtot   =       263.3785  EPtot      =       494.5354
 BOND   =         0.2128  ANGLE   =         0.5407  DIHED      =         0.8271
 1-4 NB =         0.1141  1-4 EEL =         0.0292  VDWAALS    =       189.8323
 EELEC  =       682.4838  EHBOND  =         0.0000  RESTRAINT  =         0.4465
 EAMBER (non-restraint)  =       494.0888
 DV/DL  =         0.8316
 Ewald error estimate:   0.1539E-03
 ------------------------------------------------------------------------------


      DV/DL, AVERAGES OVER      10 STEPS


 NSTEP =    10000   TIME(PS) =      20.000  TEMP(K) =    50.55  PRESS =     0.0
 Etot   =         0.0000  EKtot   =         0.0000  EPtot      =        -5.7656
 BOND   =        -0.0000  ANGLE   =        -0.0000  DIHED      =         0.0000
 1-4 NB =        -0.0000  1-4 EEL =        -1.0366  VDWAALS    =         0.0000
 EELEC  =        -4.7290  EHBOND  =         0.0000  RESTRAINT  =         0.0000
 EAMBER (non-restraint)  =        -5.7656
 DV/DL  =        -5.7656
 Ewald error estimate:   0.0000E+00
 ------------------------------------------------------------------------------


 NMR restraints on final step:

--------------------------------------------------------------------------------
   5.  TIMINGS
--------------------------------------------------------------------------------

|  NonSetup CPU Time in Major Routines:
|
|     Routine           Sec        %
|     ------------------------------
|     Nonbond         152.04   97.64
|     Bond              0.73    0.47
|     Angle             0.10    0.06
|     Dihedral          0.29    0.18
|     Shake             1.48    0.95
|     RunMD             1.06    0.68
|     Other             0.02    0.01
|     ------------------------------
|     Total           155.71

|  PME Nonbond Pairlist CPU Time:
|
|     Routine              Sec        %
|     ---------------------------------
|     Set Up Cit           0.13    0.08
|     Build List          19.11   12.27
|     ---------------------------------
|     Total               19.24   12.36

|  PME Direct Force CPU Time:
|
|     Routine              Sec        %
|     ---------------------------------
|     NonBonded Calc      63.10   40.53
|     Exclude Masked       2.42    1.55
|     Other                2.50    1.61
|     ---------------------------------
|     Total               68.02   43.69

|  PME Reciprocal Force CPU Time:
|
|     Routine              Sec        %
|     ---------------------------------
|     1D bspline           2.54    1.63
|     Grid Charges         6.04    3.88
|     Scalar Sum           2.69    1.73
|     Gradient Sum         9.02    5.79
|     FFT                 44.48   28.57
|     ---------------------------------
|     Total               64.78   41.60

|  Final Performance Info:
|     -----------------------------------------------------
|     Average timings for last    2000 steps:
|     Elapsed(s) =      32.10 Per Step(ms) =      16.05
|         ns/day =      10.77   seconds/ns =    8025.72
|
|     Average timings for all steps:
|     Elapsed(s) =     155.84 Per Step(ms) =      15.58
|         ns/day =      11.09   seconds/ns =    7792.18
|     -----------------------------------------------------

|  Setup CPU time:            0.05 seconds
|  NonSetup CPU time:       155.71 seconds
|  Total CPU time:          155.76 seconds     0.04 hours

|  Setup wall time:           0    seconds
|  NonSetup wall time:      155    seconds
|  Total wall time:         155    seconds     0.04 hours
