
          -------------------------------------------------------
          Amber 18 PMEMD                              2018
          -------------------------------------------------------

| PMEMD implementation of SANDER, Release 18

| Run on 07/18/2018 at 19:35:03

|   Executable path: /home/case/amber18/bin/pmemd.MPI
| Working directory: /home/uv10/T4-lysozyme/one-step/free_energy/complex/vdw_bonded/0.4
|          Hostname: casegroup4.rutgers.edu

  [-O]verwriting output

File Assignments:
|   MDIN: heat.in                                                               
|  MDOUT: heat.out                                                              
| INPCRD: ti.rst7                                                               
|   PARM: ti.parm7                                                              
| RESTRT: heat.rst7                                                             
|   REFC: ti.rst7                                                               
|  MDVEL: mdvel                                                                 
|   MDEN: heat.en                                                               
|  MDCRD: heat.nc                                                               
| MDINFO: heat.info                                                             
|LOGFILE: heat.log                                                              
|  MDFRC: mdfrc                                                                 


 Here is the input file:

heating                                                                        
 &cntrl                                                                        
   imin = 0, nstlim = 10000, irest = 0, ntx = 1, dt = 0.002,                   
   ntt = 1, temp0 = 300.0, tempi = 50.0, tautp = 1.0,                          
   ntc = 2, ntf = 1,                                                           
   ntb = 1,                                                                    
   ioutfm = 1, iwrap = 1,                                                      
   ntwe = 1000, ntwx = 1000, ntpr = 1000, ntwr = 5000,                         
                                                                               
   nmropt = 1,                                                                 
   ntr = 1, restraint_wt = 5.00,                                               
   restraintmask='!:WAT & !@H=',                                               
                                                                               
   icfe = 1, clambda = 0.4, scalpha = 0.5, scbeta = 12.0,                      
   logdvdl = 0,                                                                
   timask1 = ':1', timask2 = ':2',                                             
   ifsc=1, scmask1=':1@H6', scmask2=':2@O1,H6'                                 
 /                                                                             
                                                                               
 &ewald                                                                        
 /                                                                             
                                                                               
 &wt                                                                           
   type='TEMP0',                                                               
   istep1 = 0, istep2 = 8000,                                                  
   value1 = 50.0, value2 = 300.0                                               
 /                                                                             
                                                                               
 &wt type = 'END'                                                              
 /                                                                             
                                                                               


Note: ig = -1. Setting random seed to   531319 based on wallclock time in
      microseconds and disabling the synchronization of random numbers 
      between tasks to improve performance.
| irandom = 1, using AMBER's internal random number generator (default).
 
 
| Conditional Compilation Defines Used:
| MPI
| PUBFFT
| BINTRAJ
| EMIL

| Largest sphere to fit in unit cell has radius =    31.244

| New format PARM file being parsed.
| Version =    1.000 Date = 07/16/18 Time = 16:53:54

| Note: 1-4 EEL scale factors are being read from the topology file.

| Note: 1-4 VDW scale factors are being read from the topology file.
| Duplicated    0 dihedrals

| Duplicated    0 dihedrals

--------------------------------------------------------------------------------
   1.  RESOURCE   USE: 
--------------------------------------------------------------------------------

 getting box info from netcdf restart file
 NATOM  =   30553 NTYPES =      17 NBONH =   29246 MBONA  =    1323
 NTHETH =    2992 MTHETA =    1779 NPHIH =    6075 MPHIA  =    5535
 NHPARM =       0 NPARM  =       0 NNB   =   51644 NRES   =    9475
 NBONA  =    1323 NTHETA =    1779 NPHIA =    5535 NUMBND =      69
 NUMANG =     153 NPTRA  =     180 NATYP =      38 NPHB   =       1
 IFBOX  =       1 NMXRS  =      24 IFCAP =       0 NEXTRA =       0
 NCOPY  =       0

| Coordinate Index Table dimensions:    12   13   14
| Direct force subcell size =     5.2074    5.1252    5.3431

     BOX TYPE: RECTILINEAR

--------------------------------------------------------------------------------
   2.  CONTROL  DATA  FOR  THE  RUN
--------------------------------------------------------------------------------

default_name                                                                    

General flags:
     imin    =       0, nmropt  =       1

Nature and format of input:
     ntx     =       1, irest   =       0, ntrx    =       1

Nature and format of output:
     ntxo    =       2, ntpr    =    1000, ntrx    =       1, ntwr    =    5000
     iwrap   =       1, ntwx    =    1000, ntwv    =       0, ntwe    =    1000
     ioutfm  =       1, ntwprt  =       0, idecomp =       0, rbornstat=      0

Potential function:
     ntf     =       1, ntb     =       1, igb     =       0, nsnb    =      25
     ipol    =       0, gbsa    =       0, iesp    =       0
     dielc   =   1.00000, cut     =   8.00000, intdiel =   1.00000

Frozen or restrained atoms:
     ibelly  =       0, ntr     =       1
     restraint_wt =   5.00000

Molecular dynamics:
     nstlim  =     10000, nscm    =         0, nrespa  =         1
     t       =   0.00000, dt      =   0.00200, vlimit  =  20.00000

Berendsen (weak-coupling) temperature regulation:
     temp0   = 300.00000, tempi   =  50.00000, tautp   =   1.00000

SHAKE:
     ntc     =       2, jfastw  =       0
     tol     =   0.00001

NMR refinement options:
     iscale  =       0, noeskp  =       1, ipnlty  =       1, mxsub   =       1
     scalm   = 100.00000, pencut  =   0.10000, tausw   =   0.10000

Free energy options:
     icfe    =       1, ifsc    =       1, klambda =       1
     clambda =  0.4000, scalpha =  0.5000, scbeta  = 12.0000
     sceeorder =       2
     dynlmb =  0.0000 logdvdl =       0

| Intermolecular bonds treatment:
|     no_intermolecular_bonds =       1

| Energy averages sample interval:
|     ene_avg_sampling =    1000

Ewald parameters:
     verbose =       0, ew_type =       0, nbflag  =       1, use_pme =       1
     vdwmeth =       1, eedmeth =       1, netfrc  =       1
     Box X =   62.489   Box Y =   66.628   Box Z =   74.803
     Alpha =   90.000   Beta  =   90.000   Gamma =   90.000
     NFFT1 =   64       NFFT2 =   72       NFFT3 =   75
     Cutoff=    8.000   Tol   =0.100E-04
     Ewald Coefficient =  0.34864
     Interpolation order =    4

| PMEMD ewald parallel performance parameters:
|     block_fft =    0
|     fft_blk_y_divisor =    2
|     excl_recip =    0
|     excl_master =    0
|     atm_redist_freq =  320

    LOADING THE CONSTRAINED ATOMS AS GROUPS


   5.  REFERENCE ATOM COORDINATES

  default_name                                                                    
     Mask !:WAT & !@H=; matches  1307 atoms
     TI Mask 1 :1; matches     12 atoms
     TI Mask 2 :2; matches     13 atoms
     TI region 1:   30540 atoms
     TI region 2:   30541 atoms
     SC Mask 1 :1@H6; matches      1 atoms
     SC Mask 2 :2@O1,H6; matches      2 atoms

--------------------------------------------------------------------------------
   3.  ATOMIC COORDINATES AND VELOCITIES
--------------------------------------------------------------------------------

default_name                                                                    
 begin time read from input coords =    40.000 ps



           Begin reading energy term weight changes/NMR restraints
 WEIGHT CHANGES:
 TEMP0         0   8000   50.000000  300.000000      0      0

 RESTRAINTS:
                          ** No restraint defined **

                  Done reading weight changes/NMR restraints


 
 Number of triangulated 3-point waters found:     9307
 WARNING: SHAKEn bond for atoms       12       11 is partially softcore.
 Coordinates for common atoms will be synchronized from V0. 
 Consider using noshake mask or disabling SHAKE.

 Number of shake restraints removed in TI region  1 :        0
 Number of shake restraints removed in TI region  2 :        0

     Sum of charges for TI region  1 =   0.00039993
     Forcing neutrality...


     Sum of charges for TI region  2 =   0.00040093
     Forcing neutrality...

| Dynamic Memory, Types Used:
| Reals             1929089
| Integers          1697197

| Nonbonded Pairs Initial Allocation:     1741521

| Running AMBER/MPI version on    4 MPI task

 
--------------------------------------------------------------------------------
   4.  RESULTS
--------------------------------------------------------------------------------

 ---------------------------------------------------
 APPROXIMATING switch and d/dx switch using CUBIC SPLINE INTERPOLATION
 using   5000.0 points per unit in tabled values
 TESTING RELATIVE ERROR over r ranging from 0.0 to cutoff
| CHECK switch(x): max rel err =   0.2738E-14   at   2.422500
| CHECK d/dx switch(x): max rel err =   0.8332E-11   at   2.782960
 ---------------------------------------------------
|---------------------------------------------------
| APPROXIMATING direct energy using CUBIC SPLINE INTERPOLATION
|  with   50.0 points per unit in tabled values
| Relative Error Limit not exceeded for r .gt.   2.47
| APPROXIMATING direct force using CUBIC SPLINE INTERPOLATION
|  with   50.0 points per unit in tabled values
| Relative Error Limit not exceeded for r .gt.   2.89
|---------------------------------------------------
   DOF for the SC part  1 of the system:    2
   SHAKE constraints in the SC region:    1
   DOF for the SC part  2 of the system:    5
   SHAKE constraints in the SC region:    1

| TI region  1


 NSTEP =        0   TIME(PS) =       0.000  TEMP(K) =    73.76  PRESS =     0.0
 Etot   =    -87433.9462  EKtot   =      4571.8586  EPtot      =    -92005.8047
 BOND   =       437.9888  ANGLE   =      1143.7940  DIHED      =      2027.7755
 1-4 NB =       611.7146  1-4 EEL =      5956.2631  VDWAALS    =     11053.1457
 EELEC  =   -113236.4864  EHBOND  =         0.0000  RESTRAINT  =         0.0000
 DV/DL  =         5.7682
 Ewald error estimate:   0.8185E-04
 ------------------------------------------------------------------------------

  Softcore part of the system:       1 atoms,       TEMP(K)    =          10.28
 SC_Etot=         1.6381  SC_EKtot=         0.0204  SC_EPtot   =         1.6176
 SC_BOND=         0.0000  SC_ANGLE=         0.5156  SC_DIHED   =         0.0896
 SC_14NB=        -0.0044  SC_14EEL=         1.0167  SC_VDW     =         0.0000
 SC_EEL =         0.0000
 SC_RES_DIST=     0.0000  SC_RES_ANG=       0.0000  SC_RES_TORS=         0.0000
 SC_EEL_DER=      0.3372  SC_VDW_DER=       2.1182  SC_DERIV   =         2.4554
 ------------------------------------------------------------------------------


| TI region  2


 NSTEP =        0   TIME(PS) =       0.000  TEMP(K) =    73.76  PRESS =     0.0
 Etot   =    -87433.7856  EKtot   =      4572.0191  EPtot      =    -92005.8047
 BOND   =       437.9888  ANGLE   =      1143.7940  DIHED      =      2027.7755
 1-4 NB =       611.7146  1-4 EEL =      5956.2631  VDWAALS    =     11053.1457
 EELEC  =   -113236.4864  EHBOND  =         0.0000  RESTRAINT  =         0.0000
 DV/DL  =         5.7682
 Ewald error estimate:   0.8185E-04
 ------------------------------------------------------------------------------

  Softcore part of the system:       2 atoms,       TEMP(K)    =          46.34
 SC_Etot=       -38.2653  SC_EKtot=         0.2302  SC_EPtot   =       -38.4955
 SC_BOND=         0.1698  SC_ANGLE=         0.8107  SC_DIHED   =         0.1592
 SC_14NB=         0.1042  SC_14EEL=       -39.7393  SC_VDW     =         0.0000
 SC_EEL =         0.0000
 SC_RES_DIST=     0.0000  SC_RES_ANG=       0.0000  SC_RES_TORS=         0.0000
 SC_EEL_DER=      0.3372  SC_VDW_DER=       2.1182  SC_DERIV   =         2.4554
 ------------------------------------------------------------------------------

 NMR restraints: Bond =    0.000   Angle =     0.000   Torsion =     0.000
===============================================================================

| TI region  1


 NSTEP =     1000   TIME(PS) =       2.000  TEMP(K) =   135.07  PRESS =     0.0
 Etot   =   -100660.7733  EKtot   =      8371.5837  EPtot      =   -109032.3570
 BOND   =       217.1377  ANGLE   =       550.0103  DIHED      =      1880.3218
 1-4 NB =       564.5751  1-4 EEL =      5946.2221  VDWAALS    =     16024.1391
 EELEC  =   -134348.2470  EHBOND  =         0.0000  RESTRAINT  =       133.4838
 EAMBER (non-restraint)  =   -109165.8408
 DV/DL  =         5.9789
 Ewald error estimate:   0.2368E-03
 ------------------------------------------------------------------------------

  Softcore part of the system:       1 atoms,       TEMP(K)    =           6.02
 SC_Etot=         1.4452  SC_EKtot=         0.0120  SC_EPtot   =         1.4332
 SC_BOND=         0.0000  SC_ANGLE=         0.0022  SC_DIHED   =         0.3904
 SC_14NB=        -0.0063  SC_14EEL=         1.0470  SC_VDW     =         0.0000
 SC_EEL =         0.0000
 SC_RES_DIST=     0.0000  SC_RES_ANG=       0.0000  SC_RES_TORS=         0.0000
 SC_EEL_DER=      0.3148  SC_VDW_DER=       2.1394  SC_DERIV   =         2.4542
 ------------------------------------------------------------------------------


| TI region  2


 NSTEP =     1000   TIME(PS) =       2.000  TEMP(K) =   135.07  PRESS =     0.0
 Etot   =   -100660.4762  EKtot   =      8371.8808  EPtot      =   -109032.3570
 BOND   =       217.1377  ANGLE   =       550.0103  DIHED      =      1880.3218
 1-4 NB =       564.5751  1-4 EEL =      5946.2221  VDWAALS    =     16024.1391
 EELEC  =   -134348.2470  EHBOND  =         0.0000  RESTRAINT  =       133.4838
 EAMBER (non-restraint)  =   -109165.8408
 DV/DL  =         5.9789
 Ewald error estimate:   0.2368E-03
 ------------------------------------------------------------------------------

  Softcore part of the system:       2 atoms,       TEMP(K)    =          62.22
 SC_Etot=       -38.3459  SC_EKtot=         0.3091  SC_EPtot   =       -38.6550
 SC_BOND=         0.3420  SC_ANGLE=         0.3968  SC_DIHED   =         0.1205
 SC_14NB=         0.1511  SC_14EEL=       -39.6653  SC_VDW     =         0.0000
 SC_EEL =         0.0000
 SC_RES_DIST=     0.0261  SC_RES_ANG=       0.0000  SC_RES_TORS=         0.0000
 SC_EEL_DER=      0.3148  SC_VDW_DER=       2.1394  SC_DERIV   =         2.4542
 ------------------------------------------------------------------------------

 NMR restraints: Bond =    0.000   Angle =     0.000   Torsion =     0.000
===============================================================================

| TI region  1


 NSTEP =     2000   TIME(PS) =       4.000  TEMP(K) =   118.53  PRESS =     0.0
 Etot   =   -103982.5985  EKtot   =      7346.2704  EPtot      =   -111328.8689
 BOND   =       191.0246  ANGLE   =       487.0042  DIHED      =      1868.3780
 1-4 NB =       557.1678  1-4 EEL =      5968.6491  VDWAALS    =     16870.3520
 EELEC  =   -137406.3118  EHBOND  =         0.0000  RESTRAINT  =       134.8673
 EAMBER (non-restraint)  =   -111463.7362
 DV/DL  =         5.3813
 Ewald error estimate:   0.2871E-03
 ------------------------------------------------------------------------------

  Softcore part of the system:       1 atoms,       TEMP(K)    =          82.82
 SC_Etot=         1.2316  SC_EKtot=         0.1646  SC_EPtot   =         1.0670
 SC_BOND=         0.0000  SC_ANGLE=         0.0276  SC_DIHED   =         0.0129
 SC_14NB=        -0.0092  SC_14EEL=         1.0357  SC_VDW     =         0.0000
 SC_EEL =         0.0000
 SC_RES_DIST=     0.0000  SC_RES_ANG=       0.0000  SC_RES_TORS=         0.0000
 SC_EEL_DER=      0.2641  SC_VDW_DER=       1.9432  SC_DERIV   =         2.2073
 ------------------------------------------------------------------------------


| TI region  2


 NSTEP =     2000   TIME(PS) =       4.000  TEMP(K) =   118.52  PRESS =     0.0
 Etot   =   -103982.4849  EKtot   =      7346.3840  EPtot      =   -111328.8689
 BOND   =       191.0246  ANGLE   =       487.0042  DIHED      =      1868.3780
 1-4 NB =       557.1678  1-4 EEL =      5968.6491  VDWAALS    =     16870.3520
 EELEC  =   -137406.3118  EHBOND  =         0.0000  RESTRAINT  =       134.8673
 EAMBER (non-restraint)  =   -111463.7362
 DV/DL  =         5.3813
 Ewald error estimate:   0.2871E-03
 ------------------------------------------------------------------------------

  Softcore part of the system:       2 atoms,       TEMP(K)    =          55.98
 SC_Etot=       -38.2173  SC_EKtot=         0.2781  SC_EPtot   =       -38.4955
 SC_BOND=         0.0025  SC_ANGLE=         0.3652  SC_DIHED   =         0.1191
 SC_14NB=         0.0627  SC_14EEL=       -39.0450  SC_VDW     =         0.0000
 SC_EEL =         0.0000
 SC_RES_DIST=     0.0832  SC_RES_ANG=       0.0000  SC_RES_TORS=         0.0000
 SC_EEL_DER=      0.2641  SC_VDW_DER=       1.9432  SC_DERIV   =         2.2073
 ------------------------------------------------------------------------------

 NMR restraints: Bond =    0.000   Angle =     0.000   Torsion =     0.000
===============================================================================

| TI region  1


 NSTEP =     3000   TIME(PS) =       6.000  TEMP(K) =   126.46  PRESS =     0.0
 Etot   =   -103120.3238  EKtot   =      7838.0878  EPtot      =   -110958.4116
 BOND   =       196.0581  ANGLE   =       533.6637  DIHED      =      1868.8224
 1-4 NB =       558.8966  1-4 EEL =      5970.0795  VDWAALS    =     16988.4819
 EELEC  =   -137220.5387  EHBOND  =         0.0000  RESTRAINT  =       146.1249
 EAMBER (non-restraint)  =   -111104.5365
 DV/DL  =         4.4363
 Ewald error estimate:   0.2813E-03
 ------------------------------------------------------------------------------

  Softcore part of the system:       1 atoms,       TEMP(K)    =         188.54
 SC_Etot=         1.7057  SC_EKtot=         0.3747  SC_EPtot   =         1.3311
 SC_BOND=         0.0000  SC_ANGLE=         0.0006  SC_DIHED   =         0.3315
 SC_14NB=        -0.0151  SC_14EEL=         1.0141  SC_VDW     =         0.0000
 SC_EEL =         0.0000
 SC_RES_DIST=     0.0000  SC_RES_ANG=       0.0000  SC_RES_TORS=         0.0000
 SC_EEL_DER=      0.2398  SC_VDW_DER=       1.6876  SC_DERIV   =         1.9274
 ------------------------------------------------------------------------------


| TI region  2


 NSTEP =     3000   TIME(PS) =       6.000  TEMP(K) =   126.46  PRESS =     0.0
 Etot   =   -103119.9847  EKtot   =      7838.4269  EPtot      =   -110958.4116
 BOND   =       196.0581  ANGLE   =       533.6637  DIHED      =      1868.8224
 1-4 NB =       558.8966  1-4 EEL =      5970.0795  VDWAALS    =     16988.4819
 EELEC  =   -137220.5387  EHBOND  =         0.0000  RESTRAINT  =       146.1249
 EAMBER (non-restraint)  =   -111104.5365
 DV/DL  =         4.4363
 Ewald error estimate:   0.2813E-03
 ------------------------------------------------------------------------------

  Softcore part of the system:       2 atoms,       TEMP(K)    =         143.67
 SC_Etot=       -37.8662  SC_EKtot=         0.7137  SC_EPtot   =       -38.5799
 SC_BOND=         0.0174  SC_ANGLE=         0.2771  SC_DIHED   =         0.0404
 SC_14NB=         0.0451  SC_14EEL=       -38.9600  SC_VDW     =         0.0000
 SC_EEL =         0.0000
 SC_RES_DIST=     0.1336  SC_RES_ANG=       0.0000  SC_RES_TORS=         0.0000
 SC_EEL_DER=      0.2398  SC_VDW_DER=       1.6876  SC_DERIV   =         1.9274
 ------------------------------------------------------------------------------

 NMR restraints: Bond =    0.000   Angle =     0.000   Torsion =     0.000
===============================================================================

| TI region  1


 NSTEP =     4000   TIME(PS) =       8.000  TEMP(K) =   148.30  PRESS =     0.0
 Etot   =   -100389.5220  EKtot   =      9191.7917  EPtot      =   -109581.3136
 BOND   =       232.1645  ANGLE   =       599.0686  DIHED      =      1886.8554
 1-4 NB =       575.3709  1-4 EEL =      5949.9394  VDWAALS    =     16995.7036
 EELEC  =   -135984.3794  EHBOND  =         0.0000  RESTRAINT  =       163.9632
 EAMBER (non-restraint)  =   -109745.2769
 DV/DL  =         5.3486
 Ewald error estimate:   0.3516E-03
 ------------------------------------------------------------------------------

  Softcore part of the system:       1 atoms,       TEMP(K)    =          32.14
 SC_Etot=         1.4468  SC_EKtot=         0.0639  SC_EPtot   =         1.3829
 SC_BOND=         0.0000  SC_ANGLE=         0.0410  SC_DIHED   =         0.3597
 SC_14NB=        -0.0123  SC_14EEL=         0.9944  SC_VDW     =         0.0000
 SC_EEL =         0.0000
 SC_RES_DIST=     0.0000  SC_RES_ANG=       0.0000  SC_RES_TORS=         0.0000
 SC_EEL_DER=      0.3366  SC_VDW_DER=       1.8151  SC_DERIV   =         2.1518
 ------------------------------------------------------------------------------


| TI region  2


 NSTEP =     4000   TIME(PS) =       8.000  TEMP(K) =   148.30  PRESS =     0.0
 Etot   =   -100389.4409  EKtot   =      9191.8728  EPtot      =   -109581.3136
 BOND   =       232.1645  ANGLE   =       599.0686  DIHED      =      1886.8554
 1-4 NB =       575.3709  1-4 EEL =      5949.9394  VDWAALS    =     16995.7036
 EELEC  =   -135984.3794  EHBOND  =         0.0000  RESTRAINT  =       163.9632
 EAMBER (non-restraint)  =   -109745.2769
 DV/DL  =         5.3486
 Ewald error estimate:   0.3516E-03
 ------------------------------------------------------------------------------

  Softcore part of the system:       2 atoms,       TEMP(K)    =          29.18
 SC_Etot=       -38.2093  SC_EKtot=         0.1450  SC_EPtot   =       -38.3543
 SC_BOND=         0.0325  SC_ANGLE=         1.3490  SC_DIHED   =         0.1743
 SC_14NB=         0.0808  SC_14EEL=       -39.9909  SC_VDW     =         0.0000
 SC_EEL =         0.0000
 SC_RES_DIST=     0.2543  SC_RES_ANG=       0.0000  SC_RES_TORS=         0.0000
 SC_EEL_DER=      0.3366  SC_VDW_DER=       1.8151  SC_DERIV   =         2.1518
 ------------------------------------------------------------------------------

 NMR restraints: Bond =    0.000   Angle =     0.000   Torsion =     0.000
===============================================================================

| TI region  1


 NSTEP =     5000   TIME(PS) =      10.000  TEMP(K) =   175.22  PRESS =     0.0
 Etot   =    -96823.1921  EKtot   =     10860.4908  EPtot      =   -107683.6829
 BOND   =       275.2504  ANGLE   =       675.3162  DIHED      =      1912.0086
 1-4 NB =       572.6739  1-4 EEL =      5942.3147  VDWAALS    =     16594.4320
 EELEC  =   -133830.5270  EHBOND  =         0.0000  RESTRAINT  =       174.8484
 EAMBER (non-restraint)  =   -107858.5313
 DV/DL  =         4.3951
 Ewald error estimate:   0.2004E-03
 ------------------------------------------------------------------------------

  Softcore part of the system:       1 atoms,       TEMP(K)    =          14.47
 SC_Etot=         1.2234  SC_EKtot=         0.0288  SC_EPtot   =         1.1947
 SC_BOND=         0.0000  SC_ANGLE=         0.0053  SC_DIHED   =         0.1937
 SC_14NB=        -0.0180  SC_14EEL=         1.0138  SC_VDW     =         0.0000
 SC_EEL =         0.0000
 SC_RES_DIST=     0.0000  SC_RES_ANG=       0.0000  SC_RES_TORS=         0.0000
 SC_EEL_DER=      0.1736  SC_VDW_DER=       1.7885  SC_DERIV   =         1.9621
 ------------------------------------------------------------------------------


| TI region  2


 NSTEP =     5000   TIME(PS) =      10.000  TEMP(K) =   175.22  PRESS =     0.0
 Etot   =    -96822.8436  EKtot   =     10860.8393  EPtot      =   -107683.6829
 BOND   =       275.2504  ANGLE   =       675.3162  DIHED      =      1912.0086
 1-4 NB =       572.6739  1-4 EEL =      5942.3147  VDWAALS    =     16594.4320
 EELEC  =   -133830.5270  EHBOND  =         0.0000  RESTRAINT  =       174.8484
 EAMBER (non-restraint)  =   -107858.5313
 DV/DL  =         4.3951
 Ewald error estimate:   0.2004E-03
 ------------------------------------------------------------------------------

  Softcore part of the system:       2 atoms,       TEMP(K)    =          75.94
 SC_Etot=       -37.7907  SC_EKtot=         0.3773  SC_EPtot   =       -38.1680
 SC_BOND=         0.1102  SC_ANGLE=         0.2762  SC_DIHED   =         0.0889
 SC_14NB=         0.0415  SC_14EEL=       -38.6849  SC_VDW     =         0.0000
 SC_EEL =         0.0000
 SC_RES_DIST=     0.1015  SC_RES_ANG=       0.0000  SC_RES_TORS=         0.0000
 SC_EEL_DER=      0.1736  SC_VDW_DER=       1.7885  SC_DERIV   =         1.9621
 ------------------------------------------------------------------------------

 NMR restraints: Bond =    0.000   Angle =     0.000   Torsion =     0.000
===============================================================================

| TI region  1


 NSTEP =     6000   TIME(PS) =      12.000  TEMP(K) =   202.61  PRESS =     0.0
 Etot   =    -92762.1830  EKtot   =     12557.9827  EPtot      =   -105320.1657
 BOND   =       306.8591  ANGLE   =       737.5565  DIHED      =      1947.8420
 1-4 NB =       574.1539  1-4 EEL =      5940.2905  VDWAALS    =     15849.2327
 EELEC  =   -130876.8736  EHBOND  =         0.0000  RESTRAINT  =       200.7731
 EAMBER (non-restraint)  =   -105520.9389
 DV/DL  =         6.0427
 Ewald error estimate:   0.2738E-03
 ------------------------------------------------------------------------------

  Softcore part of the system:       1 atoms,       TEMP(K)    =         167.86
 SC_Etot=         1.4785  SC_EKtot=         0.3336  SC_EPtot   =         1.1449
 SC_BOND=         0.0000  SC_ANGLE=         0.0072  SC_DIHED   =         0.1430
 SC_14NB=        -0.0136  SC_14EEL=         1.0083  SC_VDW     =         0.0000
 SC_EEL =         0.0000
 SC_RES_DIST=     0.0000  SC_RES_ANG=       0.0000  SC_RES_TORS=         0.0000
 SC_EEL_DER=      0.2441  SC_VDW_DER=       2.2273  SC_DERIV   =         2.4715
 ------------------------------------------------------------------------------


| TI region  2


 NSTEP =     6000   TIME(PS) =      12.000  TEMP(K) =   202.61  PRESS =     0.0
 Etot   =    -92761.4298  EKtot   =     12558.7359  EPtot      =   -105320.1657
 BOND   =       306.8591  ANGLE   =       737.5565  DIHED      =      1947.8420
 1-4 NB =       574.1539  1-4 EEL =      5940.2905  VDWAALS    =     15849.2327
 EELEC  =   -130876.8736  EHBOND  =         0.0000  RESTRAINT  =       200.7731
 EAMBER (non-restraint)  =   -105520.9389
 DV/DL  =         6.0427
 Ewald error estimate:   0.2738E-03
 ------------------------------------------------------------------------------

  Softcore part of the system:       2 atoms,       TEMP(K)    =         218.76
 SC_Etot=       -37.4407  SC_EKtot=         1.0868  SC_EPtot   =       -38.5275
 SC_BOND=         0.0725  SC_ANGLE=         0.4584  SC_DIHED   =         0.2093
 SC_14NB=         0.0743  SC_14EEL=       -39.3420  SC_VDW     =         0.0000
 SC_EEL =         0.0000
 SC_RES_DIST=     0.2338  SC_RES_ANG=       0.0000  SC_RES_TORS=         0.0000
 SC_EEL_DER=      0.2441  SC_VDW_DER=       2.2273  SC_DERIV   =         2.4715
 ------------------------------------------------------------------------------

 NMR restraints: Bond =    0.000   Angle =     0.000   Torsion =     0.000
===============================================================================

| TI region  1


 NSTEP =     7000   TIME(PS) =      14.000  TEMP(K) =   229.02  PRESS =     0.0
 Etot   =    -88123.7422  EKtot   =     14194.6902  EPtot      =   -102318.4323
 BOND   =       349.0767  ANGLE   =       853.9371  DIHED      =      1970.2995
 1-4 NB =       601.8869  1-4 EEL =      6002.2716  VDWAALS    =     14843.7341
 EELEC  =   -127152.0556  EHBOND  =         0.0000  RESTRAINT  =       212.4174
 EAMBER (non-restraint)  =   -102530.8498
 DV/DL  =         3.5494
 Ewald error estimate:   0.8768E-05
 ------------------------------------------------------------------------------

  Softcore part of the system:       1 atoms,       TEMP(K)    =         232.87
 SC_Etot=         1.7978  SC_EKtot=         0.4628  SC_EPtot   =         1.3350
 SC_BOND=         0.0000  SC_ANGLE=         0.0435  SC_DIHED   =         0.1793
 SC_14NB=         0.0073  SC_14EEL=         1.1049  SC_VDW     =         0.0000
 SC_EEL =         0.0000
 SC_RES_DIST=     0.0000  SC_RES_ANG=       0.0000  SC_RES_TORS=         0.0000
 SC_EEL_DER=      0.2848  SC_VDW_DER=       1.0911  SC_DERIV   =         1.3759
 ------------------------------------------------------------------------------


| TI region  2


 NSTEP =     7000   TIME(PS) =      14.000  TEMP(K) =   229.02  PRESS =     0.0
 Etot   =    -88123.1347  EKtot   =     14195.2976  EPtot      =   -102318.4323
 BOND   =       349.0767  ANGLE   =       853.9371  DIHED      =      1970.2995
 1-4 NB =       601.8869  1-4 EEL =      6002.2716  VDWAALS    =     14843.7341
 EELEC  =   -127152.0556  EHBOND  =         0.0000  RESTRAINT  =       212.4174
 EAMBER (non-restraint)  =   -102530.8498
 DV/DL  =         3.5494
 Ewald error estimate:   0.8768E-05
 ------------------------------------------------------------------------------

  Softcore part of the system:       2 atoms,       TEMP(K)    =         215.43
 SC_Etot=       -36.9777  SC_EKtot=         1.0702  SC_EPtot   =       -38.0479
 SC_BOND=         0.0359  SC_ANGLE=         0.1134  SC_DIHED   =         0.5034
 SC_14NB=         0.1732  SC_14EEL=       -38.8737  SC_VDW     =         0.0000
 SC_EEL =         0.0000
 SC_RES_DIST=     0.8123  SC_RES_ANG=       0.0000  SC_RES_TORS=         0.0000
 SC_EEL_DER=      0.2848  SC_VDW_DER=       1.0911  SC_DERIV   =         1.3759
 ------------------------------------------------------------------------------

 NMR restraints: Bond =    0.000   Angle =     0.000   Torsion =     0.000
===============================================================================

| TI region  1


 NSTEP =     8000   TIME(PS) =      16.000  TEMP(K) =   254.99  PRESS =     0.0
 Etot   =    -82881.9123  EKtot   =     15804.1900  EPtot      =    -98686.1023
 BOND   =       394.6363  ANGLE   =      1022.3988  DIHED      =      1980.5659
 1-4 NB =       613.5990  1-4 EEL =      5991.4501  VDWAALS    =     13620.3547
 EELEC  =   -122535.0773  EHBOND  =         0.0000  RESTRAINT  =       225.9702
 EAMBER (non-restraint)  =    -98912.0725
 DV/DL  =         3.4147
 Ewald error estimate:   0.3236E-04
 ------------------------------------------------------------------------------

  Softcore part of the system:       1 atoms,       TEMP(K)    =          99.40
 SC_Etot=         1.3894  SC_EKtot=         0.1975  SC_EPtot   =         1.1919
 SC_BOND=         0.0000  SC_ANGLE=         0.0168  SC_DIHED   =         0.2505
 SC_14NB=        -0.0247  SC_14EEL=         0.9492  SC_VDW     =         0.0000
 SC_EEL =         0.0000
 SC_RES_DIST=     0.0000  SC_RES_ANG=       0.0000  SC_RES_TORS=         0.0000
 SC_EEL_DER=      0.1767  SC_VDW_DER=       1.3238  SC_DERIV   =         1.5005
 ------------------------------------------------------------------------------


| TI region  2


 NSTEP =     8000   TIME(PS) =      16.000  TEMP(K) =   254.99  PRESS =     0.0
 Etot   =    -82881.1026  EKtot   =     15804.9996  EPtot      =    -98686.1023
 BOND   =       394.6363  ANGLE   =      1022.3988  DIHED      =      1980.5659
 1-4 NB =       613.5990  1-4 EEL =      5991.4501  VDWAALS    =     13620.3547
 EELEC  =   -122535.0773  EHBOND  =         0.0000  RESTRAINT  =       225.9702
 EAMBER (non-restraint)  =    -98912.0725
 DV/DL  =         3.4147
 Ewald error estimate:   0.3236E-04
 ------------------------------------------------------------------------------

  Softcore part of the system:       2 atoms,       TEMP(K)    =         202.73
 SC_Etot=       -36.4005  SC_EKtot=         1.0071  SC_EPtot   =       -37.4076
 SC_BOND=         0.5517  SC_ANGLE=         0.1582  SC_DIHED   =         0.5774
 SC_14NB=         0.0090  SC_14EEL=       -38.7038  SC_VDW     =         0.0000
 SC_EEL =         0.0000
 SC_RES_DIST=     0.8930  SC_RES_ANG=       0.0000  SC_RES_TORS=         0.0000
 SC_EEL_DER=      0.1767  SC_VDW_DER=       1.3238  SC_DERIV   =         1.5005
 ------------------------------------------------------------------------------

 NMR restraints: Bond =    0.000   Angle =     0.000   Torsion =     0.000
===============================================================================

| TI region  1


 NSTEP =     9000   TIME(PS) =      18.000  TEMP(K) =   274.00  PRESS =     0.0
 Etot   =    -78667.0007  EKtot   =     16982.9069  EPtot      =    -95649.9076
 BOND   =       433.9092  ANGLE   =      1119.5541  DIHED      =      2050.4830
 1-4 NB =       582.6723  1-4 EEL =      5994.8358  VDWAALS    =     12401.6859
 EELEC  =   -118480.8408  EHBOND  =         0.0000  RESTRAINT  =       247.7929
 EAMBER (non-restraint)  =    -95897.7006
 DV/DL  =         2.5975
 Ewald error estimate:   0.1414E-03
 ------------------------------------------------------------------------------

  Softcore part of the system:       1 atoms,       TEMP(K)    =         143.75
 SC_Etot=         1.7149  SC_EKtot=         0.2857  SC_EPtot   =         1.4293
 SC_BOND=         0.0000  SC_ANGLE=         0.1298  SC_DIHED   =         0.1644
 SC_14NB=         0.0153  SC_14EEL=         1.1197  SC_VDW     =         0.0000
 SC_EEL =         0.0000
 SC_RES_DIST=     0.0000  SC_RES_ANG=       0.0000  SC_RES_TORS=         0.0000
 SC_EEL_DER=      0.2591  SC_VDW_DER=       0.6609  SC_DERIV   =         0.9199
 ------------------------------------------------------------------------------


| TI region  2


 NSTEP =     9000   TIME(PS) =      18.000  TEMP(K) =   274.00  PRESS =     0.0
 Etot   =    -78666.7123  EKtot   =     16983.1953  EPtot      =    -95649.9076
 BOND   =       433.9092  ANGLE   =      1119.5541  DIHED      =      2050.4830
 1-4 NB =       582.6723  1-4 EEL =      5994.8358  VDWAALS    =     12401.6859
 EELEC  =   -118480.8408  EHBOND  =         0.0000  RESTRAINT  =       247.7929
 EAMBER (non-restraint)  =    -95897.7006
 DV/DL  =         2.5975
 Ewald error estimate:   0.1414E-03
 ------------------------------------------------------------------------------

  Softcore part of the system:       2 atoms,       TEMP(K)    =         115.57
 SC_Etot=       -37.3626  SC_EKtot=         0.5741  SC_EPtot   =       -37.9367
 SC_BOND=         0.0172  SC_ANGLE=         0.1895  SC_DIHED   =         0.5867
 SC_14NB=         0.1769  SC_14EEL=       -38.9070  SC_VDW     =         0.0000
 SC_EEL =         0.0000
 SC_RES_DIST=     0.6786  SC_RES_ANG=       0.0000  SC_RES_TORS=         0.0000
 SC_EEL_DER=      0.2591  SC_VDW_DER=       0.6609  SC_DERIV   =         0.9199
 ------------------------------------------------------------------------------

 NMR restraints: Bond =    0.000   Angle =     0.000   Torsion =     0.000
===============================================================================

| TI region  1


 NSTEP =    10000   TIME(PS) =      20.000  TEMP(K) =   286.19  PRESS =     0.0
 Etot   =    -76263.9801  EKtot   =     17738.3155  EPtot      =    -94002.2955
 BOND   =       455.7564  ANGLE   =      1161.5747  DIHED      =      2048.9096
 1-4 NB =       609.3665  1-4 EEL =      5966.2650  VDWAALS    =     11816.2045
 EELEC  =   -116337.8118  EHBOND  =         0.0000  RESTRAINT  =       277.4396
 EAMBER (non-restraint)  =    -94279.7352
 DV/DL  =         5.1936
 Ewald error estimate:   0.5416E-04
 ------------------------------------------------------------------------------

  Softcore part of the system:       1 atoms,       TEMP(K)    =          72.41
 SC_Etot=         1.7203  SC_EKtot=         0.1439  SC_EPtot   =         1.5764
 SC_BOND=         0.0000  SC_ANGLE=         0.1286  SC_DIHED   =         0.5410
 SC_14NB=        -0.0260  SC_14EEL=         0.9327  SC_VDW     =         0.0000
 SC_EEL =         0.0000
 SC_RES_DIST=     0.0000  SC_RES_ANG=       0.0000  SC_RES_TORS=         0.0000
 SC_EEL_DER=      0.2114  SC_VDW_DER=       2.0851  SC_DERIV   =         2.2965
 ------------------------------------------------------------------------------


| TI region  2


 NSTEP =    10000   TIME(PS) =      20.000  TEMP(K) =   286.19  PRESS =     0.0
 Etot   =    -76263.2860  EKtot   =     17739.0096  EPtot      =    -94002.2955
 BOND   =       455.7564  ANGLE   =      1161.5747  DIHED      =      2048.9096
 1-4 NB =       609.3665  1-4 EEL =      5966.2650  VDWAALS    =     11816.2045
 EELEC  =   -116337.8118  EHBOND  =         0.0000  RESTRAINT  =       277.4396
 EAMBER (non-restraint)  =    -94279.7352
 DV/DL  =         5.1936
 Ewald error estimate:   0.5416E-04
 ------------------------------------------------------------------------------

  Softcore part of the system:       2 atoms,       TEMP(K)    =         168.68
 SC_Etot=       -36.0064  SC_EKtot=         0.8380  SC_EPtot   =       -36.8444
 SC_BOND=         1.0960  SC_ANGLE=         0.3307  SC_DIHED   =         0.3708
 SC_14NB=         0.0502  SC_14EEL=       -38.6920  SC_VDW     =         0.0000
 SC_EEL =         0.0000
 SC_RES_DIST=     0.4210  SC_RES_ANG=       0.0000  SC_RES_TORS=         0.0000
 SC_EEL_DER=      0.2114  SC_VDW_DER=       2.0851  SC_DERIV   =         2.2965
 ------------------------------------------------------------------------------

 NMR restraints: Bond =    0.000   Angle =     0.000   Torsion =     0.000
===============================================================================

| TI region  1


      A V E R A G E S   O V E R      10 S T E P S


 NSTEP =    10000   TIME(PS) =      20.000  TEMP(K) =   195.04  PRESS =     0.0
 Etot   =    -92367.5228  EKtot   =     12088.6310  EPtot      =   -104456.1538
 BOND   =       305.1873  ANGLE   =       774.0084  DIHED      =      1941.4486
 1-4 NB =       581.0363  1-4 EEL =      5967.2318  VDWAALS    =     15200.4320
 EELEC  =   -129417.2663  EHBOND  =         0.0000  RESTRAINT  =       191.7681
 EAMBER (non-restraint)  =   -104647.9219
 DV/DL  =         4.6338
 Ewald error estimate:   0.1868E-03
 ------------------------------------------------------------------------------

 NMR restraints: Bond =    0.000   Angle =     0.000   Torsion =     0.000
===============================================================================
  Softcore part of the system:       1 atoms,       TEMP(K)    =         104.03
 SC_Etot=         1.5154  SC_EKtot=         0.2067  SC_EPtot   =         1.3086
 SC_BOND=         0.0000  SC_ANGLE=         0.0402  SC_DIHED   =         0.2567
 SC_14NB=        -0.0103  SC_14EEL=         1.0220  SC_VDW     =         0.0000
 SC_EEL =         0.0000
 SC_RES_DIST=     0.0000  SC_RES_ANG=       0.0000  SC_RES_TORS=         0.0000
 SC_EEL_DER=      0.2505  SC_VDW_DER=       1.6762  SC_DERIV   =         1.9267
 ------------------------------------------------------------------------------


      R M S  F L U C T U A T I O N S


 NSTEP =    10000   TIME(PS) =      20.000  TEMP(K) =    60.07  PRESS =     0.0
 Etot   =      9791.2553  EKtot   =      3723.0038  EPtot      =      6103.9528
 BOND   =        93.8585  ANGLE   =       238.6799  DIHED      =        66.3606
 1-4 NB =        19.4437  1-4 EEL =        21.6206  VDWAALS    =      1848.2771
 EELEC  =      7462.8280  EHBOND  =         0.0000  RESTRAINT  =        46.8328
 EAMBER (non-restraint)  =      6057.1200
 DV/DL  =         1.0992
 Ewald error estimate:   0.1147E-03
 ------------------------------------------------------------------------------

  Softcore part of the system:       1 atoms,       TEMP(K)    =          73.25
 SC_Etot=         0.1976  SC_EKtot=         0.1456  SC_EPtot   =         0.1484
 SC_BOND=         0.0000  SC_ANGLE=         0.0468  SC_DIHED   =         0.1435
 SC_14NB=         0.0124  SC_14EEL=         0.0562  SC_VDW     =         0.0000
 SC_EEL =         0.0000
 SC_RES_DIST=     0.0000  SC_RES_ANG=       0.0000  SC_RES_TORS=         0.0000
 SC_EEL_DER=      0.0510  SC_VDW_DER=       0.4782  SC_DERIV   =         0.4838
 ------------------------------------------------------------------------------


| TI region  2


      A V E R A G E S   O V E R      10 S T E P S


 NSTEP =    10000   TIME(PS) =      20.000  TEMP(K) =   195.04  PRESS =     0.0
 Etot   =    -92367.0896  EKtot   =     12089.0642  EPtot      =   -104456.1538
 BOND   =       305.1873  ANGLE   =       774.0084  DIHED      =      1941.4486
 1-4 NB =       581.0363  1-4 EEL =      5967.2318  VDWAALS    =     15200.4320
 EELEC  =   -129417.2663  EHBOND  =         0.0000  RESTRAINT  =       191.7681
 EAMBER (non-restraint)  =   -104647.9219
 DV/DL  =         4.6338
 Ewald error estimate:   0.1868E-03
 ------------------------------------------------------------------------------

 NMR restraints: Bond =    0.000   Angle =     0.000   Torsion =     0.000
===============================================================================
  Softcore part of the system:       2 atoms,       TEMP(K)    =         128.82
 SC_Etot=       -37.4617  SC_EKtot=         0.6400  SC_EPtot   =       -38.1017
 SC_BOND=         0.2278  SC_ANGLE=         0.3914  SC_DIHED   =         0.2791
 SC_14NB=         0.0865  SC_14EEL=       -39.0865  SC_VDW     =         0.0000
 SC_EEL =         0.0000
 SC_RES_DIST=     0.3637  SC_RES_ANG=       0.0000  SC_RES_TORS=         0.0000
 SC_EEL_DER=      0.2505  SC_VDW_DER=       1.6762  SC_DERIV   =         1.9267
 ------------------------------------------------------------------------------


      R M S  F L U C T U A T I O N S


 NSTEP =    10000   TIME(PS) =      20.000  TEMP(K) =    60.07  PRESS =     0.0
 Etot   =      9791.4132  EKtot   =      3723.1711  EPtot      =      6103.9528
 BOND   =        93.8585  ANGLE   =       238.6799  DIHED      =        66.3606
 1-4 NB =        19.4437  1-4 EEL =        21.6206  VDWAALS    =      1848.2771
 EELEC  =      7462.8280  EHBOND  =         0.0000  RESTRAINT  =        46.8328
 EAMBER (non-restraint)  =      6057.1200
 DV/DL  =         1.0992
 Ewald error estimate:   0.1147E-03
 ------------------------------------------------------------------------------

  Softcore part of the system:       2 atoms,       TEMP(K)    =          67.45
 SC_Etot=         0.7531  SC_EKtot=         0.3351  SC_EPtot   =         0.5506
 SC_BOND=         0.3353  SC_ANGLE=         0.3354  SC_DIHED   =         0.2005
 SC_14NB=         0.0563  SC_14EEL=         0.4215  SC_VDW     =         0.0000
 SC_EEL =         0.0000
 SC_RES_DIST=     0.3045  SC_RES_ANG=       0.0000  SC_RES_TORS=         0.0000
 SC_EEL_DER=      0.0510  SC_VDW_DER=       0.4782  SC_DERIV   =         0.4838
 ------------------------------------------------------------------------------


      DV/DL, AVERAGES OVER      10 STEPS


 NSTEP =    10000   TIME(PS) =      20.000  TEMP(K) =    60.07  PRESS =     0.0
 Etot   =         0.0000  EKtot   =         0.0000  EPtot      =         4.6338
 BOND   =         0.0000  ANGLE   =         0.0000  DIHED      =         0.0000
 1-4 NB =        -0.0000  1-4 EEL =        -8.1010  VDWAALS    =         0.0556
 EELEC  =        12.6791  EHBOND  =         0.0000  RESTRAINT  =        -0.0000
 EAMBER (non-restraint)  =         4.6338
 DV/DL  =         4.6338
 Ewald error estimate:   0.0000E+00
 ------------------------------------------------------------------------------


 NMR restraints on final step:

--------------------------------------------------------------------------------
   5.  TIMINGS
--------------------------------------------------------------------------------

|  NonSetup CPU Time in Major Routines, Average for All Tasks:
|
|     Routine           Sec        %
|     ------------------------------
|     DataDistrib      34.26    6.71
|     Nonbond         454.92   89.07
|     Bond              1.80    0.35
|     Angle             1.55    0.30
|     Dihedral          8.15    1.59
|     Shake             4.02    0.79
|     RunMD             6.05    1.18
|     Other             0.01    0.00
|     ------------------------------
|     Total           510.76

|  PME Nonbond Pairlist CPU Time, Average for All Tasks:
|
|     Routine              Sec        %
|     ---------------------------------
|     Set Up Cit           0.79    0.16
|     Build List          37.53    7.35
|     ---------------------------------
|     Total               38.33    7.50

|  PME Direct Force CPU Time, Average for All Tasks:
|
|     Routine              Sec        %
|     ---------------------------------
|     NonBonded Calc     212.30   41.57
|     Exclude Masked      10.65    2.08
|     Other               15.62    3.06
|     ---------------------------------
|     Total              238.57   46.71

|  PME Reciprocal Force CPU Time, Average for All Tasks:
|
|     Routine              Sec        %
|     ---------------------------------
|     1D bspline          13.79    2.70
|     Grid Charges        19.72    3.86
|     Scalar Sum           5.72    1.12
|     Gradient Sum        29.36    5.75
|     FFT                109.40   21.42
|     ---------------------------------
|     Total              178.00   34.85

|  PME Load Balancing CPU Time, Average for All Tasks:
|
|     Routine                 Sec        %
|     ------------------------------------
|     Atom Reassign           0.00    0.00
|     Image Reassign          0.01    0.00
|     FFT Reassign            0.00    0.00
|     ------------------------------------
|     Total                   0.01    0.00

|  Final Performance Info:
|     -----------------------------------------------------
|     Average timings for last       1 steps:
|     Elapsed(s) =       0.00 Per Step(ms) =       0.83
|         ns/day =     206.96   seconds/ns =     417.48
|
|     Average timings for all steps:
|     Elapsed(s) =     511.35 Per Step(ms) =      51.13
|         ns/day =       3.38   seconds/ns =   25567.27
|     -----------------------------------------------------

|  Master Setup CPU time:            0.35 seconds
|  Master NonSetup CPU time:       510.38 seconds
|  Master Total CPU time:          510.73 seconds     0.14 hours

|  Master Setup wall time:           1    seconds
|  Master NonSetup wall time:      511    seconds
|  Master Total wall time:         512    seconds     0.14 hours
