
          -------------------------------------------------------
          Amber 16 PMEMD                              2016
          -------------------------------------------------------

| PMEMD implementation of SANDER, Release 16

| Run on 02/28/2019 at 04:48:29

|   Executable path: /opt/amber/bin/pmemd.cuda
| Working directory: /mnt/part2/home/meister/runjobs
|          Hostname: Unknown
  [-O]verwriting output

File Assignments:
|   MDIN: AA-AB/complex/vdw-bonded/0.200/heat.in                                
|  MDOUT: AA-AB/complex/vdw-bonded/0.200/heat.out.tmp                           
| INPCRD: AA-AB/complex/press.rst7                                              
|   PARM: AA-AB/complex/complex-vdw-bonded.parm7                                
| RESTRT: AA-AB/complex/vdw-bonded/0.200/heat.rst7.tmp                          
|   REFC: AA-AB/complex/press.rst7                                              
|  MDVEL: mdvel                                                                 
|   MDEN: AA-AB/complex/vdw-bonded/0.200/heat.en.tmp                            
|  MDCRD: AA-AB/complex/vdw-bonded/0.200/heat.nc.tmp                            
| MDINFO: AA-AB/complex/vdw-bonded/0.200/heat.info.tmp                          
|  MDFRC: mdfrc                                                                 


 Here is the input file:

heating                                                                        
 &cntrl                                                                        
   imin = 0, nstlim = 10000, irest = 0, ntx = 1, dt = 0.002,                   
   ntt = 3, temp0 = 300.0, gamma_ln = 2.0, ig = -1,                            
   tempi = 50.0, tautp = 1.0,                                                  
   vlimit = 20,                                                                
   ntc = 2, ntf = 1,                                                           
   ntb = 1,                                                                    
   ioutfm = 1, iwrap = 1,                                                      
   ntwe = 1000, ntwx = 1000, ntpr = 1000, ntwr = 5000,                         
                                                                               
   nmropt = 1,                                                                 
   ntr = 1, restraint_wt = 5.00,                                               
   restraintmask='!:WAT & !@H=',                                               
                                                                               
   icfe = 1, clambda = 0.200, scalpha = 0.5, scbeta = 12.0,                    
   logdvdl = 0,                                                                
   timask1 = ':1', timask2 = ':2',                                             
   ifsc = 1, scmask1=':1@H7', scmask2=':2@H7,O1', crgmask = ':1@H7|:2@H7,O1'   
 /                                                                             
                                                                               
 &ewald                                                                        
 /                                                                             
                                                                               
 &wt                                                                           
   type='TEMP0',                                                               
   istep1 = 0, istep2 = 8000,                                                  
   value1 = 50.0, value2 = 300.0                                               
 /                                                                             
                                                                               
 &wt type = 'END'                                                              
 /                                                                             


Note: ig = -1. Setting random seed to   449975 based on wallclock time in 
      microseconds.
| irandom = 1, using AMBER's internal random number generator (default).
 
|--------------------- INFORMATION ----------------------
| GPU (CUDA) Version of PMEMD in use: NVIDIA GPU IN USE.
|                    Version 18.0.0
| 
|                      03/25/2018
| 
| Implementation by:
|                    Ross C. Walker     (SDSC)
|                    Scott Le Grand     (nVIDIA)
| 
| Version 18 performance extensions by:
|                    David Cerutti     (Rutgers)
| 
| Precision model in use:
|      [SPFP] - Single Precision Forces, 64-bit Fixed Point
|               Accumulation. (Default)
| 
|--------------------------------------------------------
 
|----------------- CITATION INFORMATION -----------------
|
|    When publishing work that utilized the CUDA version
|    of AMBER, please cite the following in addition to
|    the regular AMBER citations:
|
|  - Romelia Salomon-Ferrer; Andreas W. Goetz; Duncan
|    Poole; Scott Le Grand; Ross C. Walker "Routine
|    microsecond molecular dynamics simulations with
|    AMBER - Part II: Particle Mesh Ewald", J. Chem.
|    Theory Comput., 2013, 9 (9), pp3878-3888,
|    DOI: 10.1021/ct400314y.
|
|  - Andreas W. Goetz; Mark J. Williamson; Dong Xu;
|    Duncan Poole; Scott Le Grand; Ross C. Walker
|    "Routine microsecond molecular dynamics simulations
|    with AMBER - Part I: Generalized Born", J. Chem.
|    Theory Comput., 2012, 8 (5), pp1542-1555.
|
|  - Scott Le Grand; Andreas W. Goetz; Ross C. Walker
|    "SPFP: Speed without compromise - a mixed precision
|    model for GPU accelerated molecular dynamics
|    simulations.", Comp. Phys. Comm., 2013, 184
|    pp374-380, DOI: 10.1016/j.cpc.2012.09.022
|
|    When publishing work that utilized the CUDA version
|    of TI, BAR, MBAR or FEP please cite the following 
|    publications in addition to the regular AMBER 
|    GPU citations:
|
|  - Daniel J. Mermelstein; Charles Lin; Gard Nelson; 
|    Rachael Kretsch; J. Andrew McCammon; Ross C. Walker
|    "Fast and Flexible GPU Accelerated Binding 
|    Free Energy Calculations within the AMBER Molecular
|    Dynamics Package" J. Comp. Chem., 2018,
|    DOI: 10.1002/jcc.25187
|
|  - Tai-Sung Lee; Yuan Hu; Brad Sherborne; Zhuyan Guo;
|    Darrin M. York
|    "Toward Fast and Accurate Binding Affinity Prediction with
|    pmemdGTI: An Efficient Implementation of GPU-Accelerated
|    Thermodynamic Integration"
|    J. Chem. Theory Comput., 2017, 13 (7), 3077
|
|
|--------------------------------------------------------
 
|------------------- GPU DEVICE INFO --------------------
|
|            CUDA_VISIBLE_DEVICES: not set
|   CUDA Capable Devices Detected:      1
|           CUDA Device ID in use:      0
|                CUDA Device Name: Tesla K80
|     CUDA Device Global Mem Size:  11441 MB
| CUDA Device Num Multiprocessors:     13
|           CUDA Device Core Freq:   0.82 GHz
|
|--------------------------------------------------------
 
 
| Conditional Compilation Defines Used:
| PUBFFT
| BINTRAJ
| CUDA
| EMIL

| Largest sphere to fit in unit cell has radius =    28.944

| New format PARM file being parsed.
| Version =    1.000 Date = 02/27/19 Time = 22:21:17

| Note: 1-4 EEL scale factors are being read from the topology file.

| Note: 1-4 VDW scale factors are being read from the topology file.
| Duplicated    0 dihedrals

| Duplicated    0 dihedrals

--------------------------------------------------------------------------------
   1.  RESOURCE   USE: 
--------------------------------------------------------------------------------

 getting box info from netcdf restart file
 NATOM  =   24925 NTYPES =      16 NBONH =   23618 MBONA  =    1323
 NTHETH =   25285 MTHETA =    1779 NPHIH =    6059 MPHIA  =    5535
 NHPARM =       0 NPARM  =       0 NNB   =   44142 NRES   =    7599
 NBONA  =    1323 NTHETA =    1779 NPHIA =    5535 NUMBND =      69
 NUMANG =     155 NPTRA  =     186 NATYP =      38 NPHB   =       0
 IFBOX  =       1 NMXRS  =      24 IFCAP =       0 NEXTRA =       0
 NCOPY  =       0

| Coordinate Index Table dimensions:    12   13   15
| Direct force subcell size =     4.8241    4.7526    4.6607

     BOX TYPE: RECTILINEAR

--------------------------------------------------------------------------------
   2.  CONTROL  DATA  FOR  THE  RUN
--------------------------------------------------------------------------------

NIL                                                                             

General flags:
     imin    =       0, nmropt  =       1

Nature and format of input:
     ntx     =       1, irest   =       0, ntrx    =       1

Nature and format of output:
     ntxo    =       2, ntpr    =    1000, ntrx    =       1, ntwr    =    5000
     iwrap   =       1, ntwx    =    1000, ntwv    =       0, ntwe    =    1000
     ioutfm  =       1, ntwprt  =       0, idecomp =       0, rbornstat=      0

Potential function:
     ntf     =       1, ntb     =       1, igb     =       0, nsnb    =      25
     ipol    =       0, gbsa    =       0, iesp    =       0
     dielc   =   1.00000, cut     =   8.00000, intdiel =   1.00000

Frozen or restrained atoms:
     ibelly  =       0, ntr     =       1
     restraint_wt =   5.00000

Molecular dynamics:
     nstlim  =     10000, nscm    =         0, nrespa  =         1
     t       =   0.00000, dt      =   0.00200, vlimit  =  20.00000

Langevin dynamics temperature regulation:
     ig      =  449975
     temp0   = 300.00000, tempi   =  50.00000, gamma_ln=   2.00000

SHAKE:
     ntc     =       2, jfastw  =       0
     tol     =   0.00001

NMR refinement options:
     iscale  =       0, noeskp  =       1, ipnlty  =       1, mxsub   =       1
     scalm   = 100.00000, pencut  =   0.10000, tausw   =   0.10000

Free energy options:
     icfe    =       1, ifsc    =       1, klambda =       1
     clambda =  0.2000, scalpha =  0.5000, scbeta  = 12.0000
     sceeorder =       2
     dynlmb =  0.0000 logdvdl =       0

| Intermolecular bonds treatment:
|     no_intermolecular_bonds =       1

| Energy averages sample interval:
|     ene_avg_sampling =    1000

Ewald parameters:
     verbose =       0, ew_type =       0, nbflag  =       1, use_pme =       1
     vdwmeth =       1, eedmeth =       1, netfrc  =       1
     Box X =   57.889   Box Y =   61.784   Box Z =   69.910
     Alpha =   90.000   Beta  =   90.000   Gamma =   90.000
     NFFT1 =   64       NFFT2 =   64       NFFT3 =   72
     Cutoff=    8.000   Tol   =0.100E-04
     Ewald Coefficient =  0.34864
     Interpolation order =    4

    LOADING THE CONSTRAINED ATOMS AS GROUPS


   5.  REFERENCE ATOM COORDINATES

  NIL                                                                             
     Mask !:WAT & !@H=; matches  1307 atoms
     TI Mask 1 :1; matches     12 atoms
     TI Mask 2 :2; matches     13 atoms
     TI region 1:   24912 atoms
     TI region 2:   24913 atoms
     SC Mask 1 :1@H7; matches      1 atoms
     SC Mask 2 :2@H7,O1; matches      2 atoms
Removing charge of       0.1300 from atom      12
Removing charge of      -0.6242 from atom      24
Removing charge of       0.4181 from atom      25
Total charge of  -0.07614616 removed from       3 atoms

--------------------------------------------------------------------------------
   3.  ATOMIC COORDINATES AND VELOCITIES
--------------------------------------------------------------------------------

NIL                                                                             
 begin time read from input coords =    40.000 ps



           Begin reading energy term weight changes/NMR restraints
 WEIGHT CHANGES:
 TEMP0         0   8000   50.000000  300.000000      0      0

 RESTRAINTS:
                          ** No restraint defined **

                  Done reading weight changes/NMR restraints


 
 Number of triangulated 3-point waters found:     7431
   Removing shake constraints from H7    COR   1 -- C_12  COR   1
 Number of shake restraints removed in TI region  1 :        1
 Number of shake restraints removed in TI region  2 :        0

     Sum of charges for TI region  1 =  -0.12960818
     Assuming uniform neutralizing plasma


     Sum of charges for TI region  2 =   0.20653798
     Assuming uniform neutralizing plasma

| Dynamic Memory, Types Used:
| Reals             1149081
| Integers          1398554

| Nonbonded Pairs Initial Allocation:     4163098

| GPU memory information (estimate):
| KB of GPU memory in use:         0
| KB of CPU memory in use:         0

--------------------------------------------------------------------------------
   4.  RESULTS
--------------------------------------------------------------------------------

   DOF for the SC part  1 of the system:    3
   DOF for the SC part  2 of the system:    5
   SHAKE constraints in the SC region:    1

| TI region  1


 NSTEP =        0   TIME(PS) =       0.000  TEMP(K) =    73.88  PRESS =     0.0
 Etot   =    -70980.1137  EKtot   =      3752.8233  EPtot      =    -74732.9371
 BOND   =       486.2295  ANGLE   =      1251.1970  DIHED      =      2033.6082
 1-4 NB =       679.0351  1-4 EEL =      6049.7252  VDWAALS    =      8739.7832
 EELEC  =    -93972.5151  EHBOND  =         0.0000  RESTRAINT  =         0.0000
 DV/DL  =         3.2711
 ------------------------------------------------------------------------------

  Softcore part of the system:       1 atoms,       TEMP(K)    =         570.67
 SC_Etot=         2.5474  SC_EKtot=         1.7010  SC_EPtot   =         0.8464
 SC_BOND=         0.0000  SC_ANGLE=         0.7506  SC_DIHED   =         0.0648
 SC_14NB=         0.0310  SC_14EEL=         0.0000  SC_VDW     =         0.0000
 SC_EEL =         0.0000
 SC_RES_DIST=     0.0000  SC_RES_ANG=       0.0000  SC_RES_TORS=         0.0000
 SC_EEL_DER=      0.0000  SC_VDW_DER=      -0.1220  SC_DERIV   =        -0.1220
 ------------------------------------------------------------------------------


| TI region  2


 NSTEP =        0   TIME(PS) =       0.000  TEMP(K) =    73.88  PRESS =     0.0
 Etot   =    -70979.9287  EKtot   =      3753.0084  EPtot      =    -74732.9371
 BOND   =       486.2295  ANGLE   =      1251.1970  DIHED      =      2033.6082
 1-4 NB =       679.0351  1-4 EEL =      6049.7252  VDWAALS    =      8739.7832
 EELEC  =    -93972.5151  EHBOND  =         0.0000  RESTRAINT  =         0.0000
 DV/DL  =         3.2711
 ------------------------------------------------------------------------------

  Softcore part of the system:       2 atoms,       TEMP(K)    =         372.54
 SC_Etot=         3.2927  SC_EKtot=         1.8508  SC_EPtot   =         1.4419
 SC_BOND=         0.1836  SC_ANGLE=         0.5303  SC_DIHED   =         0.3491
 SC_14NB=         0.3789  SC_14EEL=         0.0000  SC_VDW     =         0.0000
 SC_EEL =         0.0000
 SC_RES_DIST=     0.0000  SC_RES_ANG=       0.0000  SC_RES_TORS=         0.0000
 SC_EEL_DER=      0.0000  SC_VDW_DER=      -0.1220  SC_DERIV   =        -0.1220
 ------------------------------------------------------------------------------

 NMR restraints: Bond =    0.000   Angle =     0.000   Torsion =     0.000
===============================================================================

| TI region  1


 NSTEP =     1000   TIME(PS) =       2.000  TEMP(K) =    78.95  PRESS =     0.0
 Etot   =    -87171.8868  EKtot   =      4010.3656  EPtot      =    -91182.2524
 BOND   =       193.2745  ANGLE   =       476.8963  DIHED      =      1849.5882
 1-4 NB =       610.0462  1-4 EEL =      6051.0647  VDWAALS    =     13001.3192
 EELEC  =   -113486.4836  EHBOND  =         0.0000  RESTRAINT  =       122.0422
 EAMBER (non-restraint)  =    -91304.2946
 DV/DL  =         3.1856
 ------------------------------------------------------------------------------

  Softcore part of the system:       1 atoms,       TEMP(K)    =          92.44
 SC_Etot=         0.4136  SC_EKtot=         0.2755  SC_EPtot   =         0.1381
 SC_BOND=         0.0001  SC_ANGLE=         0.0336  SC_DIHED   =         0.0938
 SC_14NB=         0.0105  SC_14EEL=         0.0000  SC_VDW     =         0.0000
 SC_EEL =         0.0000
 SC_RES_DIST=     0.0000  SC_RES_ANG=       0.0000  SC_RES_TORS=         0.0000
 SC_EEL_DER=      0.0000  SC_VDW_DER=       0.0731  SC_DERIV   =         0.0731
 ------------------------------------------------------------------------------


| TI region  2


 NSTEP =     1000   TIME(PS) =       2.000  TEMP(K) =    78.94  PRESS =     0.0
 Etot   =    -87171.9114  EKtot   =      4010.3410  EPtot      =    -91182.2524
 BOND   =       193.2745  ANGLE   =       476.8963  DIHED      =      1849.5882
 1-4 NB =       610.0462  1-4 EEL =      6051.0647  VDWAALS    =     13001.3192
 EELEC  =   -113486.4836  EHBOND  =         0.0000  RESTRAINT  =       122.0422
 EAMBER (non-restraint)  =    -91304.2946
 DV/DL  =         3.1856
 ------------------------------------------------------------------------------

  Softcore part of the system:       2 atoms,       TEMP(K)    =          50.52
 SC_Etot=         1.3775  SC_EKtot=         0.2510  SC_EPtot   =         1.1266
 SC_BOND=         0.3398  SC_ANGLE=         0.5454  SC_DIHED   =         0.0111
 SC_14NB=         0.2302  SC_14EEL=         0.0000  SC_VDW     =         0.0000
 SC_EEL =         0.0000
 SC_RES_DIST=     0.0000  SC_RES_ANG=       0.0000  SC_RES_TORS=         0.0000
 SC_EEL_DER=      0.0000  SC_VDW_DER=       0.0731  SC_DERIV   =         0.0731
 ------------------------------------------------------------------------------

 NMR restraints: Bond =    0.000   Angle =     0.000   Torsion =     0.000
===============================================================================

| TI region  1


 NSTEP =     2000   TIME(PS) =       4.000  TEMP(K) =   105.53  PRESS =     0.0
 Etot   =    -84821.5877  EKtot   =      5360.7192  EPtot      =    -90182.3069
 BOND   =       237.0378  ANGLE   =       565.1878  DIHED      =      1869.1312
 1-4 NB =       621.0158  1-4 EEL =      6043.7884  VDWAALS    =     13176.1558
 EELEC  =   -112830.9112  EHBOND  =         0.0000  RESTRAINT  =       136.2875
 EAMBER (non-restraint)  =    -90318.5945
 DV/DL  =         1.7354
 ------------------------------------------------------------------------------

  Softcore part of the system:       1 atoms,       TEMP(K)    =          35.72
 SC_Etot=         0.1703  SC_EKtot=         0.1065  SC_EPtot   =         0.0638
 SC_BOND=         0.0106  SC_ANGLE=         0.0307  SC_DIHED   =         0.0184
 SC_14NB=         0.0042  SC_14EEL=         0.0000  SC_VDW     =         0.0000
 SC_EEL =         0.0000
 SC_RES_DIST=     0.0000  SC_RES_ANG=       0.0000  SC_RES_TORS=         0.0000
 SC_EEL_DER=      0.0000  SC_VDW_DER=       0.1387  SC_DERIV   =         0.1387
 ------------------------------------------------------------------------------


| TI region  2


 NSTEP =     2000   TIME(PS) =       4.000  TEMP(K) =   105.53  PRESS =     0.0
 Etot   =    -84821.2852  EKtot   =      5361.0217  EPtot      =    -90182.3069
 BOND   =       237.0378  ANGLE   =       565.1878  DIHED      =      1869.1312
 1-4 NB =       621.0158  1-4 EEL =      6043.7884  VDWAALS    =     13176.1558
 EELEC  =   -112830.9112  EHBOND  =         0.0000  RESTRAINT  =       136.2875
 EAMBER (non-restraint)  =    -90318.5945
 DV/DL  =         1.7354
 ------------------------------------------------------------------------------

  Softcore part of the system:       2 atoms,       TEMP(K)    =          82.33
 SC_Etot=         1.6010  SC_EKtot=         0.4090  SC_EPtot   =         1.1920
 SC_BOND=         0.0620  SC_ANGLE=         0.7516  SC_DIHED   =         0.2117
 SC_14NB=         0.1667  SC_14EEL=         0.0000  SC_VDW     =         0.0000
 SC_EEL =         0.0000
 SC_RES_DIST=     0.0000  SC_RES_ANG=       0.0000  SC_RES_TORS=         0.0000
 SC_EEL_DER=      0.0000  SC_VDW_DER=       0.1387  SC_DERIV   =         0.1387
 ------------------------------------------------------------------------------

 NMR restraints: Bond =    0.000   Angle =     0.000   Torsion =     0.000
===============================================================================

| TI region  1


 NSTEP =     3000   TIME(PS) =       6.000  TEMP(K) =   135.67  PRESS =     0.0
 Etot   =    -81791.7376  EKtot   =      6891.5904  EPtot      =    -88683.3280
 BOND   =       271.7681  ANGLE   =       688.0717  DIHED      =      1904.7243
 1-4 NB =       617.0324  1-4 EEL =      6035.0817  VDWAALS    =     13154.4322
 EELEC  =   -111518.0227  EHBOND  =         0.0000  RESTRAINT  =       163.5844
 EAMBER (non-restraint)  =    -88846.9124
 DV/DL  =         2.5660
 ------------------------------------------------------------------------------

  Softcore part of the system:       1 atoms,       TEMP(K)    =         134.22
 SC_Etot=         0.8359  SC_EKtot=         0.4001  SC_EPtot   =         0.4359
 SC_BOND=         0.1517  SC_ANGLE=         0.1132  SC_DIHED   =         0.1725
 SC_14NB=        -0.0015  SC_14EEL=         0.0000  SC_VDW     =         0.0000
 SC_EEL =         0.0000
 SC_RES_DIST=     0.0000  SC_RES_ANG=       0.0000  SC_RES_TORS=         0.0000
 SC_EEL_DER=      0.0000  SC_VDW_DER=      -0.5045  SC_DERIV   =        -0.5045
 ------------------------------------------------------------------------------


| TI region  2


 NSTEP =     3000   TIME(PS) =       6.000  TEMP(K) =   135.68  PRESS =     0.0
 Etot   =    -81791.0242  EKtot   =      6892.3038  EPtot      =    -88683.3280
 BOND   =       271.7681  ANGLE   =       688.0717  DIHED      =      1904.7243
 1-4 NB =       617.0324  1-4 EEL =      6035.0817  VDWAALS    =     13154.4322
 EELEC  =   -111518.0227  EHBOND  =         0.0000  RESTRAINT  =       163.5844
 EAMBER (non-restraint)  =    -88846.9124
 DV/DL  =         2.5660
 ------------------------------------------------------------------------------

  Softcore part of the system:       2 atoms,       TEMP(K)    =         224.14
 SC_Etot=         1.7376  SC_EKtot=         1.1135  SC_EPtot   =         0.6240
 SC_BOND=         0.0178  SC_ANGLE=         0.3375  SC_DIHED   =         0.1167
 SC_14NB=         0.1520  SC_14EEL=         0.0000  SC_VDW     =         0.0000
 SC_EEL =         0.0000
 SC_RES_DIST=     0.0000  SC_RES_ANG=       0.0000  SC_RES_TORS=         0.0000
 SC_EEL_DER=      0.0000  SC_VDW_DER=      -0.5045  SC_DERIV   =        -0.5045
 ------------------------------------------------------------------------------

 NMR restraints: Bond =    0.000   Angle =     0.000   Torsion =     0.000
===============================================================================

| TI region  1


 NSTEP =     4000   TIME(PS) =       8.000  TEMP(K) =   167.29  PRESS =     0.0
 Etot   =    -78478.4719  EKtot   =      8498.1447  EPtot      =    -86976.6166
 BOND   =       312.7586  ANGLE   =       770.2574  DIHED      =      1919.9069
 1-4 NB =       623.5809  1-4 EEL =      6064.9408  VDWAALS    =     12722.7527
 EELEC  =   -109570.3157  EHBOND  =         0.0000  RESTRAINT  =       179.5019
 EAMBER (non-restraint)  =    -87156.1185
 DV/DL  =         4.5226
 ------------------------------------------------------------------------------

  Softcore part of the system:       1 atoms,       TEMP(K)    =         617.99
 SC_Etot=         2.3416  SC_EKtot=         1.8421  SC_EPtot   =         0.4995
 SC_BOND=         0.1090  SC_ANGLE=         0.1998  SC_DIHED   =         0.1722
 SC_14NB=         0.0186  SC_14EEL=         0.0000  SC_VDW     =         0.0000
 SC_EEL =         0.0000
 SC_RES_DIST=     0.0000  SC_RES_ANG=       0.0000  SC_RES_TORS=         0.0000
 SC_EEL_DER=      0.0000  SC_VDW_DER=       0.1909  SC_DERIV   =         0.1909
 ------------------------------------------------------------------------------


| TI region  2


 NSTEP =     4000   TIME(PS) =       8.000  TEMP(K) =   167.28  PRESS =     0.0
 Etot   =    -78479.1103  EKtot   =      8497.5064  EPtot      =    -86976.6166
 BOND   =       312.7586  ANGLE   =       770.2574  DIHED      =      1919.9069
 1-4 NB =       623.5809  1-4 EEL =      6064.9408  VDWAALS    =     12722.7527
 EELEC  =   -109570.3157  EHBOND  =         0.0000  RESTRAINT  =       179.5019
 EAMBER (non-restraint)  =    -87156.1185
 DV/DL  =         4.5226
 ------------------------------------------------------------------------------

  Softcore part of the system:       2 atoms,       TEMP(K)    =         242.30
 SC_Etot=         1.8472  SC_EKtot=         1.2037  SC_EPtot   =         0.6435
 SC_BOND=         0.1984  SC_ANGLE=         0.1249  SC_DIHED   =         0.1143
 SC_14NB=         0.2059  SC_14EEL=         0.0000  SC_VDW     =         0.0000
 SC_EEL =         0.0000
 SC_RES_DIST=     0.0000  SC_RES_ANG=       0.0000  SC_RES_TORS=         0.0000
 SC_EEL_DER=      0.0000  SC_VDW_DER=       0.1909  SC_DERIV   =         0.1909
 ------------------------------------------------------------------------------

 NMR restraints: Bond =    0.000   Angle =     0.000   Torsion =     0.000
===============================================================================

| TI region  1


 NSTEP =     5000   TIME(PS) =      10.000  TEMP(K) =   198.34  PRESS =     0.0
 Etot   =    -74901.1492  EKtot   =     10075.2309  EPtot      =    -84976.3800
 BOND   =       343.1371  ANGLE   =       867.9571  DIHED      =      1958.8038
 1-4 NB =       644.7888  1-4 EEL =      6042.2638  VDWAALS    =     12368.1590
 EELEC  =   -107385.5105  EHBOND  =         0.0000  RESTRAINT  =       184.0209
 EAMBER (non-restraint)  =    -85160.4009
 DV/DL  =         2.9243
 ------------------------------------------------------------------------------

  Softcore part of the system:       1 atoms,       TEMP(K)    =         104.72
 SC_Etot=         0.6916  SC_EKtot=         0.3121  SC_EPtot   =         0.3794
 SC_BOND=         0.0127  SC_ANGLE=         0.1458  SC_DIHED   =         0.2206
 SC_14NB=         0.0002  SC_14EEL=         0.0000  SC_VDW     =         0.0000
 SC_EEL =         0.0000
 SC_RES_DIST=     0.0000  SC_RES_ANG=       0.0000  SC_RES_TORS=         0.0000
 SC_EEL_DER=      0.0000  SC_VDW_DER=       0.0716  SC_DERIV   =         0.0716
 ------------------------------------------------------------------------------


| TI region  2


 NSTEP =     5000   TIME(PS) =      10.000  TEMP(K) =   198.34  PRESS =     0.0
 Etot   =    -74900.6967  EKtot   =     10075.6834  EPtot      =    -84976.3800
 BOND   =       343.1371  ANGLE   =       867.9571  DIHED      =      1958.8038
 1-4 NB =       644.7888  1-4 EEL =      6042.2638  VDWAALS    =     12368.1590
 EELEC  =   -107385.5105  EHBOND  =         0.0000  RESTRAINT  =       184.0209
 EAMBER (non-restraint)  =    -85160.4009
 DV/DL  =         2.9243
 ------------------------------------------------------------------------------

  Softcore part of the system:       2 atoms,       TEMP(K)    =         153.92
 SC_Etot=         1.1724  SC_EKtot=         0.7647  SC_EPtot   =         0.4077
 SC_BOND=         0.0155  SC_ANGLE=         0.0828  SC_DIHED   =         0.1279
 SC_14NB=         0.1816  SC_14EEL=         0.0000  SC_VDW     =         0.0000
 SC_EEL =         0.0000
 SC_RES_DIST=     0.0000  SC_RES_ANG=       0.0000  SC_RES_TORS=         0.0000
 SC_EEL_DER=      0.0000  SC_VDW_DER=       0.0716  SC_DERIV   =         0.0716
 ------------------------------------------------------------------------------

 NMR restraints: Bond =    0.000   Angle =     0.000   Torsion =     0.000
===============================================================================

| TI region  1


 NSTEP =     6000   TIME(PS) =      12.000  TEMP(K) =   228.22  PRESS =     0.0
 Etot   =    -70952.4371  EKtot   =     11593.2572  EPtot      =    -82545.6942
 BOND   =       389.1113  ANGLE   =       973.9231  DIHED      =      2002.2865
 1-4 NB =       642.9116  1-4 EEL =      6060.1130  VDWAALS    =     11618.2396
 EELEC  =   -104456.2320  EHBOND  =         0.0000  RESTRAINT  =       223.9526
 EAMBER (non-restraint)  =    -82769.6468
 DV/DL  =         2.1334
 ------------------------------------------------------------------------------

  Softcore part of the system:       1 atoms,       TEMP(K)    =         228.67
 SC_Etot=         1.2495  SC_EKtot=         0.6816  SC_EPtot   =         0.5679
 SC_BOND=         0.1300  SC_ANGLE=         0.2455  SC_DIHED   =         0.1939
 SC_14NB=        -0.0015  SC_14EEL=         0.0000  SC_VDW     =         0.0000
 SC_EEL =         0.0000
 SC_RES_DIST=     0.0000  SC_RES_ANG=       0.0000  SC_RES_TORS=         0.0000
 SC_EEL_DER=      0.0000  SC_VDW_DER=      -1.6703  SC_DERIV   =        -1.6703
 ------------------------------------------------------------------------------


| TI region  2


 NSTEP =     6000   TIME(PS) =      12.000  TEMP(K) =   228.23  PRESS =     0.0
 Etot   =    -70951.8774  EKtot   =     11593.8168  EPtot      =    -82545.6942
 BOND   =       389.1113  ANGLE   =       973.9231  DIHED      =      2002.2865
 1-4 NB =       642.9116  1-4 EEL =      6060.1130  VDWAALS    =     11618.2396
 EELEC  =   -104456.2320  EHBOND  =         0.0000  RESTRAINT  =       223.9526
 EAMBER (non-restraint)  =    -82769.6468
 DV/DL  =         2.1334
 ------------------------------------------------------------------------------

  Softcore part of the system:       2 atoms,       TEMP(K)    =         249.86
 SC_Etot=         3.9297  SC_EKtot=         1.2413  SC_EPtot   =         2.6884
 SC_BOND=         0.0060  SC_ANGLE=         2.0630  SC_DIHED   =         0.4482
 SC_14NB=         0.1712  SC_14EEL=         0.0000  SC_VDW     =         0.0000
 SC_EEL =         0.0000
 SC_RES_DIST=     0.0000  SC_RES_ANG=       0.0000  SC_RES_TORS=         0.0000
 SC_EEL_DER=      0.0000  SC_VDW_DER=      -1.6703  SC_DERIV   =        -1.6703
 ------------------------------------------------------------------------------

 NMR restraints: Bond =    0.000   Angle =     0.000   Torsion =     0.000
===============================================================================

| TI region  1


 NSTEP =     7000   TIME(PS) =      14.000  TEMP(K) =   257.52  PRESS =     0.0
 Etot   =    -66422.3214  EKtot   =     13081.5857  EPtot      =    -79503.9071
 BOND   =       428.3323  ANGLE   =      1099.1134  DIHED      =      1998.6916
 1-4 NB =       654.7175  1-4 EEL =      6027.3331  VDWAALS    =     10525.4112
 EELEC  =   -100474.0547  EHBOND  =         0.0000  RESTRAINT  =       236.5483
 EAMBER (non-restraint)  =    -79740.4555
 DV/DL  =         3.7086
 ------------------------------------------------------------------------------

  Softcore part of the system:       1 atoms,       TEMP(K)    =         122.99
 SC_Etot=         1.1453  SC_EKtot=         0.3666  SC_EPtot   =         0.7787
 SC_BOND=         0.0235  SC_ANGLE=         0.4560  SC_DIHED   =         0.3168
 SC_14NB=        -0.0175  SC_14EEL=         0.0000  SC_VDW     =         0.0000
 SC_EEL =         0.0000
 SC_RES_DIST=     0.0000  SC_RES_ANG=       0.0000  SC_RES_TORS=         0.0000
 SC_EEL_DER=      0.0000  SC_VDW_DER=      -0.1023  SC_DERIV   =        -0.1023
 ------------------------------------------------------------------------------


| TI region  2


 NSTEP =     7000   TIME(PS) =      14.000  TEMP(K) =   257.53  PRESS =     0.0
 Etot   =    -66421.4812  EKtot   =     13082.4260  EPtot      =    -79503.9071
 BOND   =       428.3323  ANGLE   =      1099.1134  DIHED      =      1998.6916
 1-4 NB =       654.7175  1-4 EEL =      6027.3331  VDWAALS    =     10525.4112
 EELEC  =   -100474.0547  EHBOND  =         0.0000  RESTRAINT  =       236.5483
 EAMBER (non-restraint)  =    -79740.4555
 DV/DL  =         3.7086
 ------------------------------------------------------------------------------

  Softcore part of the system:       2 atoms,       TEMP(K)    =         242.92
 SC_Etot=         3.4942  SC_EKtot=         1.2068  SC_EPtot   =         2.2874
 SC_BOND=         0.0000  SC_ANGLE=         1.5631  SC_DIHED   =         0.5579
 SC_14NB=         0.1664  SC_14EEL=         0.0000  SC_VDW     =         0.0000
 SC_EEL =         0.0000
 SC_RES_DIST=     0.0000  SC_RES_ANG=       0.0000  SC_RES_TORS=         0.0000
 SC_EEL_DER=      0.0000  SC_VDW_DER=      -0.1023  SC_DERIV   =        -0.1023
 ------------------------------------------------------------------------------

 NMR restraints: Bond =    0.000   Angle =     0.000   Torsion =     0.000
===============================================================================

| TI region  1


 NSTEP =     8000   TIME(PS) =      16.000  TEMP(K) =   288.02  PRESS =     0.0
 Etot   =    -61514.3060  EKtot   =     14630.7788  EPtot      =    -76145.0848
 BOND   =       470.5154  ANGLE   =      1171.8353  DIHED      =      2017.9881
 1-4 NB =       649.9562  1-4 EEL =      6015.9293  VDWAALS    =      9628.3896
 EELEC  =    -96356.9879  EHBOND  =         0.0000  RESTRAINT  =       257.2893
 EAMBER (non-restraint)  =    -76402.3741
 DV/DL  =         1.7034
 ------------------------------------------------------------------------------

  Softcore part of the system:       1 atoms,       TEMP(K)    =         611.38
 SC_Etot=         4.4535  SC_EKtot=         1.8224  SC_EPtot   =         2.6311
 SC_BOND=         1.0102  SC_ANGLE=         1.3352  SC_DIHED   =         0.2858
 SC_14NB=        -0.0001  SC_14EEL=         0.0000  SC_VDW     =         0.0000
 SC_EEL =         0.0000
 SC_RES_DIST=     0.0000  SC_RES_ANG=       0.0000  SC_RES_TORS=         0.0000
 SC_EEL_DER=      0.0000  SC_VDW_DER=       0.1139  SC_DERIV   =         0.1139
 ------------------------------------------------------------------------------


| TI region  2


 NSTEP =     8000   TIME(PS) =      16.000  TEMP(K) =   287.99  PRESS =     0.0
 Etot   =    -61515.3995  EKtot   =     14629.6853  EPtot      =    -76145.0848
 BOND   =       470.5154  ANGLE   =      1171.8353  DIHED      =      2017.9881
 1-4 NB =       649.9562  1-4 EEL =      6015.9293  VDWAALS    =      9628.3896
 EELEC  =    -96356.9879  EHBOND  =         0.0000  RESTRAINT  =       257.2893
 EAMBER (non-restraint)  =    -76402.3741
 DV/DL  =         1.7034
 ------------------------------------------------------------------------------

  Softcore part of the system:       2 atoms,       TEMP(K)    =         146.72
 SC_Etot=         1.9263  SC_EKtot=         0.7289  SC_EPtot   =         1.1974
 SC_BOND=         0.0588  SC_ANGLE=         0.8519  SC_DIHED   =         0.2008
 SC_14NB=         0.0859  SC_14EEL=         0.0000  SC_VDW     =         0.0000
 SC_EEL =         0.0000
 SC_RES_DIST=     0.0000  SC_RES_ANG=       0.0000  SC_RES_TORS=         0.0000
 SC_EEL_DER=      0.0000  SC_VDW_DER=       0.1139  SC_DERIV   =         0.1139
 ------------------------------------------------------------------------------

 NMR restraints: Bond =    0.000   Angle =     0.000   Torsion =     0.000
===============================================================================

| TI region  1


 NSTEP =     9000   TIME(PS) =      18.000  TEMP(K) =   294.62  PRESS =     0.0
 Etot   =    -59553.2488  EKtot   =     14965.8458  EPtot      =    -74519.0946
 BOND   =       530.7704  ANGLE   =      1199.5397  DIHED      =      2072.2276
 1-4 NB =       656.8155  1-4 EEL =      5988.6908  VDWAALS    =      8813.1040
 EELEC  =    -94038.5295  EHBOND  =         0.0000  RESTRAINT  =       258.2869
 EAMBER (non-restraint)  =    -74777.3815
 DV/DL  =         2.5100
 ------------------------------------------------------------------------------

  Softcore part of the system:       1 atoms,       TEMP(K)    =          91.95
 SC_Etot=         2.0259  SC_EKtot=         0.2741  SC_EPtot   =         1.7518
 SC_BOND=         0.9542  SC_ANGLE=         0.0669  SC_DIHED   =         0.7337
 SC_14NB=        -0.0030  SC_14EEL=         0.0000  SC_VDW     =         0.0000
 SC_EEL =         0.0000
 SC_RES_DIST=     0.0000  SC_RES_ANG=       0.0000  SC_RES_TORS=         0.0000
 SC_EEL_DER=      0.0000  SC_VDW_DER=      -0.0722  SC_DERIV   =        -0.0722
 ------------------------------------------------------------------------------


| TI region  2


 NSTEP =     9000   TIME(PS) =      18.000  TEMP(K) =   294.61  PRESS =     0.0
 Etot   =    -59553.0312  EKtot   =     14966.0634  EPtot      =    -74519.0946
 BOND   =       530.7704  ANGLE   =      1199.5397  DIHED      =      2072.2276
 1-4 NB =       656.8155  1-4 EEL =      5988.6908  VDWAALS    =      8813.1040
 EELEC  =    -94038.5295  EHBOND  =         0.0000  RESTRAINT  =       258.2869
 EAMBER (non-restraint)  =    -74777.3815
 DV/DL  =         2.5100
 ------------------------------------------------------------------------------

  Softcore part of the system:       2 atoms,       TEMP(K)    =          98.98
 SC_Etot=         4.5952  SC_EKtot=         0.4917  SC_EPtot   =         4.1034
 SC_BOND=         0.1489  SC_ANGLE=         1.4769  SC_DIHED   =         2.1690
 SC_14NB=         0.3086  SC_14EEL=         0.0000  SC_VDW     =         0.0000
 SC_EEL =         0.0000
 SC_RES_DIST=     0.0000  SC_RES_ANG=       0.0000  SC_RES_TORS=         0.0000
 SC_EEL_DER=      0.0000  SC_VDW_DER=      -0.0722  SC_DERIV   =        -0.0722
 ------------------------------------------------------------------------------

 NMR restraints: Bond =    0.000   Angle =     0.000   Torsion =     0.000
===============================================================================

| TI region  1


 NSTEP =    10000   TIME(PS) =      20.000  TEMP(K) =   299.37  PRESS =     0.0
 Etot   =    -59023.5618  EKtot   =     15207.3818  EPtot      =    -74230.9436
 BOND   =       507.4285  ANGLE   =      1225.4911  DIHED      =      2050.3950
 1-4 NB =       643.8279  1-4 EEL =      6040.1575  VDWAALS    =      8867.3753
 EELEC  =    -93818.9069  EHBOND  =         0.0000  RESTRAINT  =       253.2880
 EAMBER (non-restraint)  =    -74484.2316
 DV/DL  =         2.4513
 ------------------------------------------------------------------------------

  Softcore part of the system:       1 atoms,       TEMP(K)    =         129.17
 SC_Etot=         1.2455  SC_EKtot=         0.3850  SC_EPtot   =         0.8605
 SC_BOND=         0.3329  SC_ANGLE=         0.0886  SC_DIHED   =         0.4499
 SC_14NB=        -0.0110  SC_14EEL=         0.0000  SC_VDW     =         0.0000
 SC_EEL =         0.0000
 SC_RES_DIST=     0.0000  SC_RES_ANG=       0.0000  SC_RES_TORS=         0.0000
 SC_EEL_DER=      0.0000  SC_VDW_DER=      -0.0595  SC_DERIV   =        -0.0595
 ------------------------------------------------------------------------------


| TI region  2


 NSTEP =    10000   TIME(PS) =      20.000  TEMP(K) =   299.39  PRESS =     0.0
 Etot   =    -59021.8480  EKtot   =     15209.0956  EPtot      =    -74230.9436
 BOND   =       507.4285  ANGLE   =      1225.4911  DIHED      =      2050.3950
 1-4 NB =       643.8279  1-4 EEL =      6040.1575  VDWAALS    =      8867.3753
 EELEC  =    -93818.9069  EHBOND  =         0.0000  RESTRAINT  =       253.2880
 EAMBER (non-restraint)  =    -74484.2316
 DV/DL  =         2.4513
 ------------------------------------------------------------------------------

  Softcore part of the system:       2 atoms,       TEMP(K)    =         422.46
 SC_Etot=         4.1599  SC_EKtot=         2.0988  SC_EPtot   =         2.0611
 SC_BOND=         0.3909  SC_ANGLE=         0.4779  SC_DIHED   =         1.0334
 SC_14NB=         0.1589  SC_14EEL=         0.0000  SC_VDW     =         0.0000
 SC_EEL =         0.0000
 SC_RES_DIST=     0.0000  SC_RES_ANG=       0.0000  SC_RES_TORS=         0.0000
 SC_EEL_DER=      0.0000  SC_VDW_DER=      -0.0595  SC_DERIV   =        -0.0595
 ------------------------------------------------------------------------------

 NMR restraints: Bond =    0.000   Angle =     0.000   Torsion =     0.000
===============================================================================

| TI region  1


      A V E R A G E S   O V E R      10 S T E P S


 NSTEP =    10000   TIME(PS) =      20.000  TEMP(K) =   205.35  PRESS =     0.0
 Etot   =    -72463.0708  EKtot   =     10431.4900  EPtot      =    -82894.5609
 BOND   =       368.4134  ANGLE   =       903.8273  DIHED      =      1964.3743
 1-4 NB =       636.4693  1-4 EEL =      6036.9363  VDWAALS    =     11387.5339
 EELEC  =   -104393.5955  EHBOND  =         0.0000  RESTRAINT  =       201.4802
 EAMBER (non-restraint)  =    -83096.0410
 DV/DL  =         2.7441
 ------------------------------------------------------------------------------

 NMR restraints: Bond =    0.000   Angle =     0.000   Torsion =     0.000
===============================================================================
  Softcore part of the system:       1 atoms,       TEMP(K)    =         216.92
 SC_Etot=         1.4573  SC_EKtot=         0.6466  SC_EPtot   =         0.8107
 SC_BOND=         0.2735  SC_ANGLE=         0.2715  SC_DIHED   =         0.2658
 SC_14NB=        -0.0001  SC_14EEL=         0.0000  SC_VDW     =         0.0000
 SC_EEL =         0.0000
 SC_RES_DIST=     0.0000  SC_RES_ANG=       0.0000  SC_RES_TORS=         0.0000
 SC_EEL_DER=      0.0000  SC_VDW_DER=      -0.1821  SC_DERIV   =        -0.1821
 ------------------------------------------------------------------------------


      R M S  F L U C T U A T I O N S


 NSTEP =    10000   TIME(PS) =      20.000  TEMP(K) =    76.93  PRESS =     0.0
 Etot   =     10020.8160  EKtot   =      3907.8824  EPtot      =      6153.7340
 BOND   =       110.0629  ANGLE   =       258.5376  DIHED      =        72.3429
 1-4 NB =        16.0456  1-4 EEL =        21.1455  VDWAALS    =      1689.3725
 EELEC  =      7344.2602  EHBOND  =         0.0000  RESTRAINT  =        48.5231
 EAMBER (non-restraint)  =      6105.2108
 DV/DL  =         0.8346
 ------------------------------------------------------------------------------

  Softcore part of the system:       1 atoms,       TEMP(K)    =         204.08
 SC_Etot=         1.1826  SC_EKtot=         0.6083  SC_EPtot   =         0.7547
 SC_BOND=         0.3670  SC_ANGLE=         0.3744  SC_DIHED   =         0.1927
 SC_14NB=         0.0096  SC_14EEL=         0.0000  SC_VDW     =         0.0000
 SC_EEL =         0.0000
 SC_RES_DIST=     0.0000  SC_RES_ANG=       0.0000  SC_RES_TORS=         0.0000
 SC_EEL_DER=      0.0000  SC_VDW_DER=       0.5302  SC_DERIV   =         0.5302
 ------------------------------------------------------------------------------


| TI region  2


      A V E R A G E S   O V E R      10 S T E P S


 NSTEP =    10000   TIME(PS) =      20.000  TEMP(K) =   205.35  PRESS =     0.0
 Etot   =    -72462.7665  EKtot   =     10431.7944  EPtot      =    -82894.5609
 BOND   =       368.4134  ANGLE   =       903.8273  DIHED      =      1964.3743
 1-4 NB =       636.4693  1-4 EEL =      6036.9363  VDWAALS    =     11387.5339
 EELEC  =   -104393.5955  EHBOND  =         0.0000  RESTRAINT  =       201.4802
 EAMBER (non-restraint)  =    -83096.0410
 DV/DL  =         2.7441
 ------------------------------------------------------------------------------

 NMR restraints: Bond =    0.000   Angle =     0.000   Torsion =     0.000
===============================================================================
  Softcore part of the system:       2 atoms,       TEMP(K)    =         191.41
 SC_Etot=         2.5841  SC_EKtot=         0.9509  SC_EPtot   =         1.6331
 SC_BOND=         0.1238  SC_ANGLE=         0.8275  SC_DIHED   =         0.4991
 SC_14NB=         0.1827  SC_14EEL=         0.0000  SC_VDW     =         0.0000
 SC_EEL =         0.0000
 SC_RES_DIST=     0.0000  SC_RES_ANG=       0.0000  SC_RES_TORS=         0.0000
 SC_EEL_DER=      0.0000  SC_VDW_DER=      -0.1821  SC_DERIV   =        -0.1821
 ------------------------------------------------------------------------------


      R M S  F L U C T U A T I O N S


 NSTEP =    10000   TIME(PS) =      20.000  TEMP(K) =    76.93  PRESS =     0.0
 Etot   =     10020.9407  EKtot   =      3908.0009  EPtot      =      6153.7340
 BOND   =       110.0629  ANGLE   =       258.5376  DIHED      =        72.3429
 1-4 NB =        16.0456  1-4 EEL =        21.1455  VDWAALS    =      1689.3725
 EELEC  =      7344.2602  EHBOND  =         0.0000  RESTRAINT  =        48.5231
 EAMBER (non-restraint)  =      6105.2108
 DV/DL  =         0.8346
 ------------------------------------------------------------------------------

  Softcore part of the system:       2 atoms,       TEMP(K)    =         103.35
 SC_Etot=         1.2359  SC_EKtot=         0.5134  SC_EPtot   =         1.0940
 SC_BOND=         0.1358  SC_ANGLE=         0.6313  SC_DIHED   =         0.6262
 SC_14NB=         0.0550  SC_14EEL=         0.0000  SC_VDW     =         0.0000
 SC_EEL =         0.0000
 SC_RES_DIST=     0.0000  SC_RES_ANG=       0.0000  SC_RES_TORS=         0.0000
 SC_EEL_DER=      0.0000  SC_VDW_DER=       0.5302  SC_DERIV   =         0.5302
 ------------------------------------------------------------------------------


      DV/DL, AVERAGES OVER      10 STEPS


 NSTEP =    10000   TIME(PS) =      20.000  TEMP(K) =    76.93  PRESS =     0.0
 Etot   =         0.0000  EKtot   =         0.0000  EPtot      =         2.7441
 BOND   =         0.0000  ANGLE   =         0.0000  DIHED      =         0.0000
 1-4 NB =         0.0000  1-4 EEL =        -7.8514  VDWAALS    =        -2.6038
 EELEC  =        13.3813  EHBOND  =         0.0000  RESTRAINT  =         0.0000
 DV/DL  =         2.7441
 ------------------------------------------------------------------------------


 NMR restraints on final step:

--------------------------------------------------------------------------------
   5.  TIMINGS
--------------------------------------------------------------------------------

|  NonSetup CPU Time in Major Routines:
|
|     Routine           Sec        %
|     ------------------------------
|     Nonbond           7.19   30.54
|     Bond              0.00    0.00
|     Angle             0.00    0.00
|     Dihedral          0.00    0.00
|     Shake             0.05    0.23
|     RunMD            16.28   69.11
|     Other             0.03    0.13
|     ------------------------------
|     Total            23.56

|  PME Nonbond Pairlist CPU Time:
|
|     Routine              Sec        %
|     ---------------------------------
|     Set Up Cit           0.00    0.00
|     Build List           0.00    0.00
|     ---------------------------------
|     Total                0.00    0.00

|  PME Direct Force CPU Time:
|
|     Routine              Sec        %
|     ---------------------------------
|     NonBonded Calc       0.00    0.00
|     Exclude Masked       0.00    0.00
|     Other                0.02    0.08
|     ---------------------------------
|     Total                0.02    0.08

|  PME Reciprocal Force CPU Time:
|
|     Routine              Sec        %
|     ---------------------------------
|     1D bspline           0.00    0.00
|     Grid Charges         0.00    0.00
|     Scalar Sum           0.00    0.00
|     Gradient Sum         0.00    0.00
|     FFT                  0.00    0.00
|     ---------------------------------
|     Total                0.00    0.00

|  Final Performance Info:
|     -----------------------------------------------------
|     Average timings for last   10000 steps:
|     Elapsed(s) =      23.55 Per Step(ms) =       2.36
|         ns/day =      73.37   seconds/ns =    1177.65
|
|     Average timings for all steps:
|     Elapsed(s) =      23.55 Per Step(ms) =       2.36
|         ns/day =      73.37   seconds/ns =    1177.65
|     -----------------------------------------------------

|  Setup CPU time:            1.29 seconds
|  NonSetup CPU time:        23.56 seconds
|  Total CPU time:           24.84 seconds     0.01 hours

|  Setup wall time:           4    seconds
|  NonSetup wall time:       23    seconds
|  Total wall time:          27    seconds     0.01 hours
