
          -------------------------------------------------------
          Amber 16 PMEMD                              2016
          -------------------------------------------------------

| PMEMD implementation of SANDER, Release 16

| Run on 02/28/2019 at 06:23:57

|   Executable path: /opt/amber/bin/pmemd.cuda
| Working directory: /mnt/part2/home/meister/runjobs
|          Hostname: Unknown
  [-O]verwriting output

File Assignments:
|   MDIN: AA-AB/complex/recharge/0.900/heat.in                                  
|  MDOUT: AA-AB/complex/recharge/0.900/heat.out.tmp                             
| INPCRD: AA-AB/complex/recharge/recharge.rst7                                  
|   PARM: AA-AB/complex/recharge/recharge.parm7                                 
| RESTRT: AA-AB/complex/recharge/0.900/heat.rst7.tmp                            
|   REFC: AA-AB/complex/recharge/recharge.rst7                                  
|  MDVEL: mdvel                                                                 
|   MDEN: AA-AB/complex/recharge/0.900/heat.en.tmp                              
|  MDCRD: AA-AB/complex/recharge/0.900/heat.nc.tmp                              
| MDINFO: AA-AB/complex/recharge/0.900/heat.info.tmp                            
|  MDFRC: mdfrc                                                                 


 Here is the input file:

heating                                                                        
 &cntrl                                                                        
   imin = 0, nstlim = 10000, irest = 0, ntx = 1, dt = 0.002,                   
   ntt = 3, temp0 = 300.0, gamma_ln = 2.0, ig = -1,                            
   tempi = 50.0, tautp = 1.0,                                                  
   vlimit = 20,                                                                
   ntc = 2, ntf = 1,                                                           
   ntb = 1,                                                                    
   ioutfm = 1, iwrap = 1,                                                      
   ntwe = 1000, ntwx = 1000, ntpr = 1000, ntwr = 5000,                         
                                                                               
   nmropt = 1,                                                                 
   ntr = 1, restraint_wt = 5.00,                                               
   restraintmask='!:WAT & !@H=',                                               
                                                                               
   icfe = 1, clambda = 0.900, scalpha = 0.5, scbeta = 12.0,                    
   logdvdl = 0,                                                                
   timask1 = ':1', timask2 = ':2',                                             
   ifsc = 0, CRGMASK = ':1@H7'                                                 
 /                                                                             
                                                                               
 &ewald                                                                        
 /                                                                             
                                                                               
 &wt                                                                           
   type='TEMP0',                                                               
   istep1 = 0, istep2 = 8000,                                                  
   value1 = 50.0, value2 = 300.0                                               
 /                                                                             
                                                                               
 &wt type = 'END'                                                              
 /                                                                             


Note: ig = -1. Setting random seed to    54481 based on wallclock time in 
      microseconds.
| irandom = 1, using AMBER's internal random number generator (default).
 
|--------------------- INFORMATION ----------------------
| GPU (CUDA) Version of PMEMD in use: NVIDIA GPU IN USE.
|                    Version 18.0.0
| 
|                      03/25/2018
| 
| Implementation by:
|                    Ross C. Walker     (SDSC)
|                    Scott Le Grand     (nVIDIA)
| 
| Version 18 performance extensions by:
|                    David Cerutti     (Rutgers)
| 
| Precision model in use:
|      [SPFP] - Single Precision Forces, 64-bit Fixed Point
|               Accumulation. (Default)
| 
|--------------------------------------------------------
 
|----------------- CITATION INFORMATION -----------------
|
|    When publishing work that utilized the CUDA version
|    of AMBER, please cite the following in addition to
|    the regular AMBER citations:
|
|  - Romelia Salomon-Ferrer; Andreas W. Goetz; Duncan
|    Poole; Scott Le Grand; Ross C. Walker "Routine
|    microsecond molecular dynamics simulations with
|    AMBER - Part II: Particle Mesh Ewald", J. Chem.
|    Theory Comput., 2013, 9 (9), pp3878-3888,
|    DOI: 10.1021/ct400314y.
|
|  - Andreas W. Goetz; Mark J. Williamson; Dong Xu;
|    Duncan Poole; Scott Le Grand; Ross C. Walker
|    "Routine microsecond molecular dynamics simulations
|    with AMBER - Part I: Generalized Born", J. Chem.
|    Theory Comput., 2012, 8 (5), pp1542-1555.
|
|  - Scott Le Grand; Andreas W. Goetz; Ross C. Walker
|    "SPFP: Speed without compromise - a mixed precision
|    model for GPU accelerated molecular dynamics
|    simulations.", Comp. Phys. Comm., 2013, 184
|    pp374-380, DOI: 10.1016/j.cpc.2012.09.022
|
|    When publishing work that utilized the CUDA version
|    of TI, BAR, MBAR or FEP please cite the following 
|    publications in addition to the regular AMBER 
|    GPU citations:
|
|  - Daniel J. Mermelstein; Charles Lin; Gard Nelson; 
|    Rachael Kretsch; J. Andrew McCammon; Ross C. Walker
|    "Fast and Flexible GPU Accelerated Binding 
|    Free Energy Calculations within the AMBER Molecular
|    Dynamics Package" J. Comp. Chem., 2018,
|    DOI: 10.1002/jcc.25187
|
|  - Tai-Sung Lee; Yuan Hu; Brad Sherborne; Zhuyan Guo;
|    Darrin M. York
|    "Toward Fast and Accurate Binding Affinity Prediction with
|    pmemdGTI: An Efficient Implementation of GPU-Accelerated
|    Thermodynamic Integration"
|    J. Chem. Theory Comput., 2017, 13 (7), 3077
|
|
|--------------------------------------------------------
 
|------------------- GPU DEVICE INFO --------------------
|
|            CUDA_VISIBLE_DEVICES: not set
|   CUDA Capable Devices Detected:      1
|           CUDA Device ID in use:      0
|                CUDA Device Name: Tesla K80
|     CUDA Device Global Mem Size:  11441 MB
| CUDA Device Num Multiprocessors:     13
|           CUDA Device Core Freq:   0.82 GHz
|
|--------------------------------------------------------
 
 
| Conditional Compilation Defines Used:
| PUBFFT
| BINTRAJ
| CUDA
| EMIL

| Largest sphere to fit in unit cell has radius =    30.763

| New format PARM file being parsed.
| Version =    1.000 Date = 02/28/19 Time = 00:37:40

| Note: 1-4 EEL scale factors are being read from the topology file.

| Note: 1-4 VDW scale factors are being read from the topology file.
| Duplicated    0 dihedrals

| Duplicated    0 dihedrals

--------------------------------------------------------------------------------
   1.  RESOURCE   USE: 
--------------------------------------------------------------------------------

 getting new box info from bottom of inpcrd
 NATOM  =   24926 NTYPES =      16 NBONH =   23618 MBONA  =    1324
 NTHETH =   25284 MTHETA =    1781 NPHIH =    6059 MPHIA  =    5537
 NHPARM =       0 NPARM  =       0 NNB   =   44146 NRES   =    7599
 NBONA  =    1324 NTHETA =    1781 NPHIA =    5537 NUMBND =      69
 NUMANG =     155 NPTRA  =     186 NATYP =      38 NPHB   =       0
 IFBOX  =       1 NMXRS  =      24 IFCAP =       0 NEXTRA =       0
 NCOPY  =       0

| Coordinate Index Table dimensions:    13   14   16
| Direct force subcell size =     4.7328    4.6773    4.5903

     BOX TYPE: RECTILINEAR

--------------------------------------------------------------------------------
   2.  CONTROL  DATA  FOR  THE  RUN
--------------------------------------------------------------------------------

NIL                                                                             

General flags:
     imin    =       0, nmropt  =       1

Nature and format of input:
     ntx     =       1, irest   =       0, ntrx    =       1

Nature and format of output:
     ntxo    =       2, ntpr    =    1000, ntrx    =       1, ntwr    =    5000
     iwrap   =       1, ntwx    =    1000, ntwv    =       0, ntwe    =    1000
     ioutfm  =       1, ntwprt  =       0, idecomp =       0, rbornstat=      0

Potential function:
     ntf     =       1, ntb     =       1, igb     =       0, nsnb    =      25
     ipol    =       0, gbsa    =       0, iesp    =       0
     dielc   =   1.00000, cut     =   8.00000, intdiel =   1.00000

Frozen or restrained atoms:
     ibelly  =       0, ntr     =       1
     restraint_wt =   5.00000

Molecular dynamics:
     nstlim  =     10000, nscm    =         0, nrespa  =         1
     t       =   0.00000, dt      =   0.00200, vlimit  =  20.00000

Langevin dynamics temperature regulation:
     ig      =   54481
     temp0   = 300.00000, tempi   =  50.00000, gamma_ln=   2.00000

SHAKE:
     ntc     =       2, jfastw  =       0
     tol     =   0.00001

NMR refinement options:
     iscale  =       0, noeskp  =       1, ipnlty  =       1, mxsub   =       1
     scalm   = 100.00000, pencut  =   0.10000, tausw   =   0.10000

Free energy options:
     icfe    =       1, ifsc    =       0, klambda =       1
     clambda =  0.9000, scalpha =  0.5000, scbeta  = 12.0000
     sceeorder =       2
     dynlmb =  0.0000 logdvdl =       0

| Intermolecular bonds treatment:
|     no_intermolecular_bonds =       1

| Energy averages sample interval:
|     ene_avg_sampling =    1000

Ewald parameters:
     verbose =       0, ew_type =       0, nbflag  =       1, use_pme =       1
     vdwmeth =       1, eedmeth =       1, netfrc  =       1
     Box X =   61.526   Box Y =   65.482   Box Z =   73.445
     Alpha =   90.000   Beta  =   90.000   Gamma =   90.000
     NFFT1 =   64       NFFT2 =   64       NFFT3 =   80
     Cutoff=    8.000   Tol   =0.100E-04
     Ewald Coefficient =  0.34864
     Interpolation order =    4

    LOADING THE CONSTRAINED ATOMS AS GROUPS


   5.  REFERENCE ATOM COORDINATES

  NIL                                                                             
     Mask !:WAT & !@H=; matches  1308 atoms
     TI Mask 1 :1; matches     13 atoms
     TI Mask 2 :2; matches     13 atoms
     TI region 1:   24913 atoms
     TI region 2:   24913 atoms
Removing charge of       0.4181 from atom      13
Total charge of   0.41807699 removed from       1 atoms
     Checking for mismatched coordinates.

--------------------------------------------------------------------------------
   3.  ATOMIC COORDINATES AND VELOCITIES
--------------------------------------------------------------------------------

NIL                                                                             
 begin time read from input coords =     0.000 ps



           Begin reading energy term weight changes/NMR restraints
 WEIGHT CHANGES:
 TEMP0         0   8000   50.000000  300.000000      0      0

 RESTRAINTS:
                          ** No restraint defined **

                  Done reading weight changes/NMR restraints


 
 Number of triangulated 3-point waters found:     7431

     Sum of charges for TI region  1 =  -0.41765970
     Assuming uniform neutralizing plasma


     Sum of charges for TI region  2 =   0.00041729
     Forcing neutrality...

| Dynamic Memory, Types Used:
| Reals             1149131
| Integers          1361487

| Nonbonded Pairs Initial Allocation:     4163265

| GPU memory information (estimate):
| KB of GPU memory in use:         0
| KB of CPU memory in use:         0

--------------------------------------------------------------------------------
   4.  RESULTS
--------------------------------------------------------------------------------


| TI region  1


 NSTEP =        0   TIME(PS) =       0.000  TEMP(K) =    73.02  PRESS =     0.0
 Etot   =    -65100.4601  EKtot   =      3709.5897  EPtot      =    -68810.0498
 BOND   =       486.4148  ANGLE   =      1251.7578  DIHED      =      2033.9541
 1-4 NB =       679.4168  1-4 EEL =      6012.5894  VDWAALS    =      8313.0150
 EELEC  =    -87587.1977  EHBOND  =         0.0000  RESTRAINT  =         0.0000
 DV/DL  =         5.2772
 ------------------------------------------------------------------------------


| TI region  2


 NSTEP =        0   TIME(PS) =       0.000  TEMP(K) =    73.02  PRESS =     0.0
 Etot   =    -65100.4601  EKtot   =      3709.5897  EPtot      =    -68810.0498
 BOND   =       486.4148  ANGLE   =      1251.7578  DIHED      =      2033.9541
 1-4 NB =       679.4168  1-4 EEL =      6012.5894  VDWAALS    =      8313.0150
 EELEC  =    -87587.1977  EHBOND  =         0.0000  RESTRAINT  =         0.0000
 DV/DL  =         5.2772
 ------------------------------------------------------------------------------

 NMR restraints: Bond =    0.000   Angle =     0.000   Torsion =     0.000
===============================================================================
wrapping first mol.:      -61.52620      -65.48220      -73.44500

| TI region  1


 NSTEP =     1000   TIME(PS) =       2.000  TEMP(K) =    82.14  PRESS =     0.0
 Etot   =    -84773.8916  EKtot   =      4172.6278  EPtot      =    -88946.5194
 BOND   =       201.6763  ANGLE   =       484.4005  DIHED      =      1848.3722
 1-4 NB =       610.5912  1-4 EEL =      6007.3801  VDWAALS    =     14027.0802
 EELEC  =   -112251.0221  EHBOND  =         0.0000  RESTRAINT  =       125.0021
 EAMBER (non-restraint)  =    -89071.5215
 DV/DL  =         4.7067
 ------------------------------------------------------------------------------


| TI region  2


 NSTEP =     1000   TIME(PS) =       2.000  TEMP(K) =    82.14  PRESS =     0.0
 Etot   =    -84773.8916  EKtot   =      4172.6278  EPtot      =    -88946.5194
 BOND   =       201.6763  ANGLE   =       484.4005  DIHED      =      1848.3722
 1-4 NB =       610.5912  1-4 EEL =      6007.3801  VDWAALS    =     14027.0802
 EELEC  =   -112251.0221  EHBOND  =         0.0000  RESTRAINT  =       125.0021
 EAMBER (non-restraint)  =    -89071.5215
 DV/DL  =         4.7067
 ------------------------------------------------------------------------------

 NMR restraints: Bond =    0.000   Angle =     0.000   Torsion =     0.000
===============================================================================
wrapping first mol.:      -61.52620      -65.48220      -73.44500

| TI region  1


 NSTEP =     2000   TIME(PS) =       4.000  TEMP(K) =   105.39  PRESS =     0.0
 Etot   =    -82951.7855  EKtot   =      5353.6992  EPtot      =    -88305.4847
 BOND   =       234.1174  ANGLE   =       558.1318  DIHED      =      1878.6972
 1-4 NB =       613.6497  1-4 EEL =      6013.4497  VDWAALS    =     13987.8360
 EELEC  =   -111735.8624  EHBOND  =         0.0000  RESTRAINT  =       144.4959
 EAMBER (non-restraint)  =    -88449.9806
 DV/DL  =         3.7703
 ------------------------------------------------------------------------------


| TI region  2


 NSTEP =     2000   TIME(PS) =       4.000  TEMP(K) =   105.39  PRESS =     0.0
 Etot   =    -82951.7855  EKtot   =      5353.6992  EPtot      =    -88305.4847
 BOND   =       234.1174  ANGLE   =       558.1318  DIHED      =      1878.6972
 1-4 NB =       613.6497  1-4 EEL =      6013.4497  VDWAALS    =     13987.8360
 EELEC  =   -111735.8624  EHBOND  =         0.0000  RESTRAINT  =       144.4959
 EAMBER (non-restraint)  =    -88449.9806
 DV/DL  =         3.7703
 ------------------------------------------------------------------------------

 NMR restraints: Bond =    0.000   Angle =     0.000   Torsion =     0.000
===============================================================================
wrapping first mol.:      -61.52620      -65.48220      -73.44500

| TI region  1


 NSTEP =     3000   TIME(PS) =       6.000  TEMP(K) =   135.40  PRESS =     0.0
 Etot   =    -79810.6855  EKtot   =      6878.3598  EPtot      =    -86689.0453
 BOND   =       273.9923  ANGLE   =       683.9426  DIHED      =      1896.7090
 1-4 NB =       629.8622  1-4 EEL =      6015.6776  VDWAALS    =     13413.5147
 EELEC  =   -109760.7981  EHBOND  =         0.0000  RESTRAINT  =       158.0544
 EAMBER (non-restraint)  =    -86847.0997
 DV/DL  =         6.0029
 ------------------------------------------------------------------------------


| TI region  2


 NSTEP =     3000   TIME(PS) =       6.000  TEMP(K) =   135.40  PRESS =     0.0
 Etot   =    -79810.6855  EKtot   =      6878.3598  EPtot      =    -86689.0453
 BOND   =       273.9923  ANGLE   =       683.9426  DIHED      =      1896.7090
 1-4 NB =       629.8622  1-4 EEL =      6015.6776  VDWAALS    =     13413.5147
 EELEC  =   -109760.7981  EHBOND  =         0.0000  RESTRAINT  =       158.0544
 EAMBER (non-restraint)  =    -86847.0997
 DV/DL  =         6.0029
 ------------------------------------------------------------------------------

 NMR restraints: Bond =    0.000   Angle =     0.000   Torsion =     0.000
===============================================================================
wrapping first mol.:      -61.52620      -65.48220      -73.44500

| TI region  1


 NSTEP =     4000   TIME(PS) =       8.000  TEMP(K) =   167.30  PRESS =     0.0
 Etot   =    -76477.3723  EKtot   =      8498.6030  EPtot      =    -84975.9753
 BOND   =       319.9262  ANGLE   =       782.0446  DIHED      =      1939.8762
 1-4 NB =       624.6254  1-4 EEL =      5983.9372  VDWAALS    =     12800.6414
 EELEC  =   -107605.6284  EHBOND  =         0.0000  RESTRAINT  =       178.6020
 EAMBER (non-restraint)  =    -85154.5774
 DV/DL  =         4.9835
 ------------------------------------------------------------------------------


| TI region  2


 NSTEP =     4000   TIME(PS) =       8.000  TEMP(K) =   167.30  PRESS =     0.0
 Etot   =    -76477.3723  EKtot   =      8498.6030  EPtot      =    -84975.9753
 BOND   =       319.9262  ANGLE   =       782.0446  DIHED      =      1939.8762
 1-4 NB =       624.6254  1-4 EEL =      5983.9372  VDWAALS    =     12800.6414
 EELEC  =   -107605.6284  EHBOND  =         0.0000  RESTRAINT  =       178.6020
 EAMBER (non-restraint)  =    -85154.5774
 DV/DL  =         4.9835
 ------------------------------------------------------------------------------

 NMR restraints: Bond =    0.000   Angle =     0.000   Torsion =     0.000
===============================================================================
wrapping first mol.:      -61.52620      -65.48220      -73.44500
wrapping first mol.:      -61.52620      -65.48220      -73.44500

| TI region  1


 NSTEP =     5000   TIME(PS) =      10.000  TEMP(K) =   198.62  PRESS =     0.0
 Etot   =    -72729.0018  EKtot   =     10089.9341  EPtot      =    -82818.9359
 BOND   =       366.9434  ANGLE   =       886.3231  DIHED      =      1952.4841
 1-4 NB =       642.3331  1-4 EEL =      6018.9574  VDWAALS    =     12084.0197
 EELEC  =   -104974.9118  EHBOND  =         0.0000  RESTRAINT  =       204.9151
 EAMBER (non-restraint)  =    -83023.8510
 DV/DL  =         3.9156
 ------------------------------------------------------------------------------


| TI region  2


 NSTEP =     5000   TIME(PS) =      10.000  TEMP(K) =   198.62  PRESS =     0.0
 Etot   =    -72729.0018  EKtot   =     10089.9341  EPtot      =    -82818.9359
 BOND   =       366.9434  ANGLE   =       886.3231  DIHED      =      1952.4841
 1-4 NB =       642.3331  1-4 EEL =      6018.9574  VDWAALS    =     12084.0197
 EELEC  =   -104974.9118  EHBOND  =         0.0000  RESTRAINT  =       204.9151
 EAMBER (non-restraint)  =    -83023.8510
 DV/DL  =         3.9156
 ------------------------------------------------------------------------------

 NMR restraints: Bond =    0.000   Angle =     0.000   Torsion =     0.000
===============================================================================
wrapping first mol.:      -61.52620      -65.48220      -73.44500

| TI region  1


 NSTEP =     6000   TIME(PS) =      12.000  TEMP(K) =   227.16  PRESS =     0.0
 Etot   =    -68773.8610  EKtot   =     11539.6824  EPtot      =    -80313.5434
 BOND   =       379.5629  ANGLE   =      1001.2772  DIHED      =      2003.4365
 1-4 NB =       642.7881  1-4 EEL =      5979.2202  VDWAALS    =     11042.6989
 EELEC  =   -101564.7063  EHBOND  =         0.0000  RESTRAINT  =       202.1792
 EAMBER (non-restraint)  =    -80515.7226
 DV/DL  =         3.3128
 ------------------------------------------------------------------------------


| TI region  2


 NSTEP =     6000   TIME(PS) =      12.000  TEMP(K) =   227.16  PRESS =     0.0
 Etot   =    -68773.8610  EKtot   =     11539.6824  EPtot      =    -80313.5434
 BOND   =       379.5629  ANGLE   =      1001.2772  DIHED      =      2003.4365
 1-4 NB =       642.7881  1-4 EEL =      5979.2202  VDWAALS    =     11042.6989
 EELEC  =   -101564.7063  EHBOND  =         0.0000  RESTRAINT  =       202.1792
 EAMBER (non-restraint)  =    -80515.7226
 DV/DL  =         3.3128
 ------------------------------------------------------------------------------

 NMR restraints: Bond =    0.000   Angle =     0.000   Torsion =     0.000
===============================================================================
wrapping first mol.:      -61.52620      -65.48220      -73.44500

| TI region  1


 NSTEP =     7000   TIME(PS) =      14.000  TEMP(K) =   256.95  PRESS =     0.0
 Etot   =    -64566.1561  EKtot   =     13052.9742  EPtot      =    -77619.1303
 BOND   =       419.2205  ANGLE   =      1080.0579  DIHED      =      1992.4021
 1-4 NB =       656.1010  1-4 EEL =      6020.9865  VDWAALS    =     10068.4722
 EELEC  =    -98072.2948  EHBOND  =         0.0000  RESTRAINT  =       215.9242
 EAMBER (non-restraint)  =    -77835.0545
 DV/DL  =         3.6492
 ------------------------------------------------------------------------------


| TI region  2


 NSTEP =     7000   TIME(PS) =      14.000  TEMP(K) =   256.95  PRESS =     0.0
 Etot   =    -64566.1561  EKtot   =     13052.9742  EPtot      =    -77619.1303
 BOND   =       419.2205  ANGLE   =      1080.0579  DIHED      =      1992.4021
 1-4 NB =       656.1010  1-4 EEL =      6020.9865  VDWAALS    =     10068.4722
 EELEC  =    -98072.2948  EHBOND  =         0.0000  RESTRAINT  =       215.9242
 EAMBER (non-restraint)  =    -77835.0545
 DV/DL  =         3.6492
 ------------------------------------------------------------------------------

 NMR restraints: Bond =    0.000   Angle =     0.000   Torsion =     0.000
===============================================================================
wrapping first mol.:      -61.52620      -65.48220      -73.44500

| TI region  1


 NSTEP =     8000   TIME(PS) =      16.000  TEMP(K) =   289.43  PRESS =     0.0
 Etot   =    -59634.0167  EKtot   =     14703.0607  EPtot      =    -74337.0774
 BOND   =       483.4239  ANGLE   =      1223.7982  DIHED      =      2038.5218
 1-4 NB =       642.6784  1-4 EEL =      5990.0550  VDWAALS    =      9251.8713
 EELEC  =    -94212.5296  EHBOND  =         0.0000  RESTRAINT  =       245.1037
 EAMBER (non-restraint)  =    -74582.1811
 DV/DL  =         4.0806
 ------------------------------------------------------------------------------


| TI region  2


 NSTEP =     8000   TIME(PS) =      16.000  TEMP(K) =   289.43  PRESS =     0.0
 Etot   =    -59634.0167  EKtot   =     14703.0607  EPtot      =    -74337.0774
 BOND   =       483.4239  ANGLE   =      1223.7982  DIHED      =      2038.5218
 1-4 NB =       642.6784  1-4 EEL =      5990.0550  VDWAALS    =      9251.8713
 EELEC  =    -94212.5296  EHBOND  =         0.0000  RESTRAINT  =       245.1037
 EAMBER (non-restraint)  =    -74582.1811
 DV/DL  =         4.0806
 ------------------------------------------------------------------------------

 NMR restraints: Bond =    0.000   Angle =     0.000   Torsion =     0.000
===============================================================================
wrapping first mol.:      -61.52620      -65.48220      -73.44500

| TI region  1


 NSTEP =     9000   TIME(PS) =      18.000  TEMP(K) =   300.04  PRESS =     0.0
 Etot   =    -57433.1870  EKtot   =     15241.9152  EPtot      =    -72675.1023
 BOND   =       490.9990  ANGLE   =      1207.8350  DIHED      =      2030.0728
 1-4 NB =       665.7285  1-4 EEL =      6010.7090  VDWAALS    =      8657.5562
 EELEC  =    -92010.4558  EHBOND  =         0.0000  RESTRAINT  =       272.4529
 EAMBER (non-restraint)  =    -72947.5552
 DV/DL  =         6.3219
 ------------------------------------------------------------------------------


| TI region  2


 NSTEP =     9000   TIME(PS) =      18.000  TEMP(K) =   300.04  PRESS =     0.0
 Etot   =    -57433.1870  EKtot   =     15241.9152  EPtot      =    -72675.1023
 BOND   =       490.9990  ANGLE   =      1207.8350  DIHED      =      2030.0728
 1-4 NB =       665.7285  1-4 EEL =      6010.7090  VDWAALS    =      8657.5562
 EELEC  =    -92010.4558  EHBOND  =         0.0000  RESTRAINT  =       272.4529
 EAMBER (non-restraint)  =    -72947.5552
 DV/DL  =         6.3219
 ------------------------------------------------------------------------------

 NMR restraints: Bond =    0.000   Angle =     0.000   Torsion =     0.000
===============================================================================
wrapping first mol.:      -61.52620      -65.48220      -73.44500
wrapping first mol.:      -61.52620      -65.48220      -73.44500

| TI region  1


 NSTEP =    10000   TIME(PS) =      20.000  TEMP(K) =   297.77  PRESS =     0.0
 Etot   =    -57147.9234  EKtot   =     15126.6329  EPtot      =    -72274.5563
 BOND   =       465.9488  ANGLE   =      1213.1403  DIHED      =      2057.4053
 1-4 NB =       673.2740  1-4 EEL =      6028.3887  VDWAALS    =      8380.6206
 EELEC  =    -91338.4110  EHBOND  =         0.0000  RESTRAINT  =       245.0769
 EAMBER (non-restraint)  =    -72519.6332
 DV/DL  =         2.9058
 ------------------------------------------------------------------------------


| TI region  2


 NSTEP =    10000   TIME(PS) =      20.000  TEMP(K) =   297.77  PRESS =     0.0
 Etot   =    -57147.9234  EKtot   =     15126.6329  EPtot      =    -72274.5563
 BOND   =       465.9488  ANGLE   =      1213.1403  DIHED      =      2057.4053
 1-4 NB =       673.2740  1-4 EEL =      6028.3887  VDWAALS    =      8380.6206
 EELEC  =    -91338.4110  EHBOND  =         0.0000  RESTRAINT  =       245.0769
 EAMBER (non-restraint)  =    -72519.6332
 DV/DL  =         2.9058
 ------------------------------------------------------------------------------

 NMR restraints: Bond =    0.000   Angle =     0.000   Torsion =     0.000
===============================================================================

| TI region  1


      A V E R A G E S   O V E R      10 S T E P S


 NSTEP =    10000   TIME(PS) =      20.000  TEMP(K) =   206.02  PRESS =     0.0
 Etot   =    -70429.7881  EKtot   =     10465.7489  EPtot      =    -80895.5370
 BOND   =       363.5811  ANGLE   =       912.0951  DIHED      =      1963.7977
 1-4 NB =       640.1632  1-4 EEL =      6006.8761  VDWAALS    =     11371.4311
 EELEC  =   -102352.6620  EHBOND  =         0.0000  RESTRAINT  =       199.1806
 EAMBER (non-restraint)  =    -81094.7177
 DV/DL  =         4.3649
 ------------------------------------------------------------------------------

 NMR restraints: Bond =    0.000   Angle =     0.000   Torsion =     0.000
===============================================================================

      R M S  F L U C T U A T I O N S


 NSTEP =    10000   TIME(PS) =      20.000  TEMP(K) =    76.99  PRESS =     0.0
 Etot   =      9956.9430  EKtot   =      3910.9356  EPtot      =      6079.6680
 BOND   =        98.6636  ANGLE   =       262.5372  DIHED      =        68.4793
 1-4 NB =        19.8667  1-4 EEL =        15.8665  VDWAALS    =      2079.1090
 EELEC  =      7673.6656  EHBOND  =         0.0000  RESTRAINT  =        45.2926
 EAMBER (non-restraint)  =      6034.3754
 DV/DL  =         1.0676
 ------------------------------------------------------------------------------


| TI region  2


      A V E R A G E S   O V E R      10 S T E P S


 NSTEP =    10000   TIME(PS) =      20.000  TEMP(K) =   206.02  PRESS =     0.0
 Etot   =    -70429.7881  EKtot   =     10465.7489  EPtot      =    -80895.5370
 BOND   =       363.5811  ANGLE   =       912.0951  DIHED      =      1963.7977
 1-4 NB =       640.1632  1-4 EEL =      6006.8761  VDWAALS    =     11371.4311
 EELEC  =   -102352.6620  EHBOND  =         0.0000  RESTRAINT  =       199.1806
 EAMBER (non-restraint)  =    -81094.7177
 DV/DL  =         4.3649
 ------------------------------------------------------------------------------

 NMR restraints: Bond =    0.000   Angle =     0.000   Torsion =     0.000
===============================================================================

      R M S  F L U C T U A T I O N S


 NSTEP =    10000   TIME(PS) =      20.000  TEMP(K) =    76.99  PRESS =     0.0
 Etot   =      9956.9430  EKtot   =      3910.9356  EPtot      =      6079.6680
 BOND   =        98.6636  ANGLE   =       262.5372  DIHED      =        68.4793
 1-4 NB =        19.8667  1-4 EEL =        15.8665  VDWAALS    =      2079.1090
 EELEC  =      7673.6656  EHBOND  =         0.0000  RESTRAINT  =        45.2926
 EAMBER (non-restraint)  =      6034.3754
 DV/DL  =         1.0676
 ------------------------------------------------------------------------------


      DV/DL, AVERAGES OVER      10 STEPS


 NSTEP =    10000   TIME(PS) =      20.000  TEMP(K) =    76.99  PRESS =     0.0
 Etot   =         0.0000  EKtot   =         0.0000  EPtot      =         4.3649
 BOND   =         0.0000  ANGLE   =         0.0000  DIHED      =         0.0000
 1-4 NB =         0.0000  1-4 EEL =       -22.6428  VDWAALS    =         0.0000
 EELEC  =        27.0078  EHBOND  =         0.0000  RESTRAINT  =         0.0000
 DV/DL  =         4.3649
 ------------------------------------------------------------------------------


 NMR restraints on final step:

--------------------------------------------------------------------------------
   5.  TIMINGS
--------------------------------------------------------------------------------

|  NonSetup CPU Time in Major Routines:
|
|     Routine           Sec        %
|     ------------------------------
|     Nonbond           6.82   30.38
|     Bond              0.00    0.00
|     Angle             0.00    0.00
|     Dihedral          0.00    0.00
|     Shake             0.05    0.24
|     RunMD            15.54   69.24
|     Other             0.03    0.14
|     ------------------------------
|     Total            22.45

|  PME Nonbond Pairlist CPU Time:
|
|     Routine              Sec        %
|     ---------------------------------
|     Set Up Cit           0.00    0.00
|     Build List           0.00    0.00
|     ---------------------------------
|     Total                0.00    0.00

|  PME Direct Force CPU Time:
|
|     Routine              Sec        %
|     ---------------------------------
|     NonBonded Calc       0.00    0.00
|     Exclude Masked       0.00    0.00
|     Other                0.02    0.08
|     ---------------------------------
|     Total                0.02    0.08

|  PME Reciprocal Force CPU Time:
|
|     Routine              Sec        %
|     ---------------------------------
|     1D bspline           0.00    0.00
|     Grid Charges         0.00    0.00
|     Scalar Sum           0.00    0.00
|     Gradient Sum         0.00    0.00
|     FFT                  0.00    0.00
|     ---------------------------------
|     Total                0.00    0.00

|  Final Performance Info:
|     -----------------------------------------------------
|     Average timings for last   10000 steps:
|     Elapsed(s) =      22.45 Per Step(ms) =       2.24
|         ns/day =      76.98   seconds/ns =    1122.33
|
|     Average timings for all steps:
|     Elapsed(s) =      22.45 Per Step(ms) =       2.24
|         ns/day =      76.98   seconds/ns =    1122.33
|     -----------------------------------------------------

|  Setup CPU time:            1.32 seconds
|  NonSetup CPU time:        22.45 seconds
|  Total CPU time:           23.77 seconds     0.01 hours

|  Setup wall time:           3    seconds
|  NonSetup wall time:       23    seconds
|  Total wall time:          26    seconds     0.01 hours
