
Static FFT Slab Distribution:

  FFT slabs assigned to    4 tasks
  Maximum of   19 xy slabs per task
  Maximum of   18 zx slabs per task
  Count of FFT xy slabs assigned to each task:
      18  19  19  19
  Count of FFT xz slabs assigned to each task:
      18  18  18  18

Atom Distribution No.     2 at run step    5095:

  Count of atoms assigned to each task:
         6988     8377     8609     6579

Atom Distribution No.     3 at run step    8683:

  Count of atoms assigned to each task:
         6773     8533     8308     6939

Major Routine Parallel Profiling - NonSetup CPU Seconds:

           D                                                              
           a                                                              
           t                                                              
           a                              D                               
           D         N                    i                               
           i         o                    h                               
           s         n             A      e      S      R      O         T
   T       t         B      B      n      d      h      u      t         o
   a       r         o      o      g      r      a      n      h         t
   s       i         n      n      l      a      k      M      e         a
   k       b         d      d      e      l      e      D      r         l
------------------------------------------------------------------------------
   0    22.4     413.6    1.6    2.3   13.0    3.5    5.0    0.0     461.5
   1    15.0     434.6    1.7    0.2    1.2    4.2    4.8    0.0     461.8
   2    15.5     433.1    1.7    0.5    2.4    4.1    4.5    0.0     461.7
   3    22.2     409.5    1.6    2.9   15.6    3.5    5.4    0.0     460.8
------------------------------------------------------------------------------
 avg    18.8     422.7    1.7    1.5    8.1    3.8    4.9    0.0     461.5
 min    15.0     409.5    1.6    0.2    1.2    3.5    4.5    0.0     460.8
 max    22.4     434.6    1.7    2.9   15.6    4.2    5.4    0.0     461.8
 std     3.6      11.3    0.0    1.2    6.3    0.3    0.4    0.0       0.4
------------------------------------------------------------------------------

PME NonBond Parallel Profiling - NonSetup CPU Seconds:

                     D                           
           P         i         R                 
           a         r         e      L          
           i         e         c      o          
           r         c         i      a         T
   T       l         t         p      d         o
   a       i         F         F      B         t
   s       s         r         r      a         a
   k       t         c         c      l         l
-------------------------------------------------
   0    33.2     222.5     157.9    0.0     413.5
   1    40.1     242.7     151.9    0.0     434.6
   2    39.3     239.8     153.9    0.0     433.1
   3    32.8     215.8     160.9    0.0     409.5
-------------------------------------------------
 avg    36.3     230.2     156.1    0.0     422.7
-------------------------------------------------
