
Static FFT Slab Distribution:

  FFT slabs assigned to    4 tasks
  Maximum of   20 xy slabs per task
  Maximum of   18 zx slabs per task
  Count of FFT xy slabs assigned to each task:
      20  20  20  20
  Count of FFT xz slabs assigned to each task:
      18  18  18  18

Atom Distribution No.     2 at run step    4999:

  Count of atoms assigned to each task:
         6825     8642     8385     6701

Atom Distribution No.     3 at run step    8531:

  Count of atoms assigned to each task:
         6702     8717     8246     6888

Major Routine Parallel Profiling - NonSetup CPU Seconds:

           D                                                              
           a                                                              
           t                                                              
           a                              D                               
           D         N                    i                               
           i         o                    h                               
           s         n             A      e      S      R      O         T
   T       t         B      B      n      d      h      u      t         o
   a       r         o      o      g      r      a      n      h         t
   s       i         n      n      l      a      k      M      e         a
   k       b         d      d      e      l      e      D      r         l
------------------------------------------------------------------------------
   0    33.8     624.3    2.5    2.8   15.1    3.7   16.2    0.1     698.5
   1    26.7     649.9    3.3    0.3    1.5    4.6   15.4    0.1     701.7
   2    25.9     640.0    3.1    0.5    3.1    4.2   15.4    0.1     692.4
   3    33.1     625.0    2.6    3.2   18.4    3.9   15.5    0.0     701.7
------------------------------------------------------------------------------
 avg    29.9     634.8    2.9    1.7    9.5    4.1   15.6    0.1     698.6
 min    25.9     624.3    2.5    0.3    1.5    3.7   15.4    0.0     692.4
 max    33.8     649.9    3.3    3.2   18.4    4.6   16.2    0.1     701.7
 std     3.6      10.7    0.3    1.3    7.3    0.3    0.3    0.0       3.8
------------------------------------------------------------------------------

PME NonBond Parallel Profiling - NonSetup CPU Seconds:

                     D                           
           P         i         R                 
           a         r         e      L          
           i         e         c      o          
           r         c         i      a         T
   T       l         t         p      d         o
   a       i         F         F      B         t
   s       s         r         r      a         a
   k       t         c         c      l         l
-------------------------------------------------
   0    40.9     293.4     290.0    0.0     624.3
   1    48.6     318.4     282.8    0.0     649.8
   2    47.5     307.5     285.0    0.0     640.0
   3    41.5     286.1     297.3    0.0     625.0
-------------------------------------------------
 avg    44.6     301.4     288.8    0.0     634.8
-------------------------------------------------
