
Static FFT Slab Distribution:

  FFT slabs assigned to    4 tasks
  Maximum of   20 xy slabs per task
  Maximum of   18 zx slabs per task
  Count of FFT xy slabs assigned to each task:
      20  20  20  20
  Count of FFT xz slabs assigned to each task:
      18  18  18  18

Atom Distribution No.     2 at run step    2957:

  Count of atoms assigned to each task:
         8075     8229     8095     6154

Atom Distribution No.     3 at run step    5870:

  Count of atoms assigned to each task:
         8089     8271     8020     6173

Atom Distribution No.     4 at run step    8797:

  Count of atoms assigned to each task:
         6524     8271     8071     7687

Atom Distribution No.     5 at run step   11743:

  Count of atoms assigned to each task:
         8135     8124     8077     6217

Atom Distribution No.     6 at run step   14675:

  Count of atoms assigned to each task:
         8108     8097     7924     6424

Atom Distribution No.     7 at run step   17601:

  Count of atoms assigned to each task:
         8141     8055     7933     6424

Atom Distribution No.     8 at run step   20544:

  Count of atoms assigned to each task:
         8129     8046     7993     6385

Atom Distribution No.     9 at run step   23437:

  Count of atoms assigned to each task:
         8114     8094     7951     6394

Atom Distribution No.    10 at run step   26348:

  Count of atoms assigned to each task:
         8141     8046     7993     6373

Atom Distribution No.    11 at run step   29285:

  Count of atoms assigned to each task:
         8135     8004     8008     6406

Atom Distribution No.    12 at run step   32235:

  Count of atoms assigned to each task:
         8087     8010     8038     6418

Atom Distribution No.    13 at run step   35161:

  Count of atoms assigned to each task:
         8069     7923     8071     6490

Atom Distribution No.    14 at run step   38098:

  Count of atoms assigned to each task:
         8177     7983     8050     6343

Atom Distribution No.    15 at run step   41018:

  Count of atoms assigned to each task:
         8135     7953     8089     6376

Atom Distribution No.    16 at run step   43936:

  Count of atoms assigned to each task:
         8084     7983     8089     6397

Atom Distribution No.    17 at run step   46887:

  Count of atoms assigned to each task:
         8084     7959     8041     6469

Atom Distribution No.    18 at run step   49815:

  Count of atoms assigned to each task:
         7952     8091     8035     6475

Atom Distribution No.    19 at run step   52759:

  Count of atoms assigned to each task:
         8045     8109     7933     6466

Atom Distribution No.    20 at run step   55669:

  Count of atoms assigned to each task:
         8054     8064     8032     6403

Atom Distribution No.    21 at run step   58613:

  Count of atoms assigned to each task:
         7979     8142     7957     6475

Atom Distribution No.    22 at run step   61537:

  Count of atoms assigned to each task:
         8018     8175     7909     6451

Atom Distribution No.    23 at run step   64478:

  Count of atoms assigned to each task:
         8081     8007     8008     6457

Atom Distribution No.    24 at run step   67405:

  Count of atoms assigned to each task:
         8039     7941     8116     6457

Atom Distribution No.    25 at run step   70307:

  Count of atoms assigned to each task:
         8093     7920     8071     6469

Atom Distribution No.    26 at run step   73247:

  Count of atoms assigned to each task:
         8072     7983     8047     6451

Atom Distribution No.    27 at run step   76173:

  Count of atoms assigned to each task:
         8117     7962     8011     6463

Atom Distribution No.    28 at run step   79092:

  Count of atoms assigned to each task:
         8060     7974     8071     6448

Atom Distribution No.    29 at run step   82016:

  Count of atoms assigned to each task:
         8096     8028     8029     6400

Atom Distribution No.    30 at run step   84943:

  Count of atoms assigned to each task:
         8072     8139     7895     6447

Atom Distribution No.    31 at run step   87850:

  Count of atoms assigned to each task:
         8096     8076     7924     6457

Atom Distribution No.    32 at run step   90800:

  Count of atoms assigned to each task:
         8087     8103     7954     6409

Atom Distribution No.    33 at run step   93749:

  Count of atoms assigned to each task:
         8042     8133     7933     6445

Atom Distribution No.    34 at run step   96681:

  Count of atoms assigned to each task:
         8099     8145     7852     6457

Atom Distribution No.    35 at run step   99603:

  Count of atoms assigned to each task:
         8078     8115     7903     6457

Major Routine Parallel Profiling - NonSetup CPU Seconds:

           D                                                              
           a                                                              
           t                                                              
           a                              D                               
           D         N                    i                               
           i         o                    h                               
           s         n             A      e      S      R      O         T
   T       t         B      B      n      d      h      u      t         o
   a       r         o      o      g      r      a      n      h         t
   s       i         n      n      l      a      k      M      e         a
   k       b         d      d      e      l      e      D      r         l
------------------------------------------------------------------------------
   0   229.8    7922.5   39.2    1.9    9.9   43.9  443.3    0.5    8690.9
   1   234.6    7891.9   41.3    0.1    0.0   44.4  440.7    0.4    8653.4
   2   247.8    7887.7   40.2    0.1    0.1   44.3  438.9    0.3    8659.5
   3   405.7    7392.3   22.8   59.0  329.7   34.0  446.4    0.4    8690.2
------------------------------------------------------------------------------
 avg   279.5    7773.6   35.9   15.3   84.9   41.7  442.3    0.4    8673.5
 min   229.8    7392.3   22.8    0.1    0.0   34.0  438.9    0.3    8653.4
 max   405.7    7922.5   41.3   59.0  329.7   44.4  446.4    0.5    8690.9
 std    73.2     220.5    7.6   25.2  141.4    4.4    2.8    0.0      17.2
------------------------------------------------------------------------------

PME NonBond Parallel Profiling - NonSetup CPU Seconds:

                     D                           
           P         i         R                 
           a         r         e      L          
           i         e         c      o          
           r         c         i      a         T
   T       l         t         p      d         o
   a       i         F         F      B         t
   s       s         r         r      a         a
   k       t         c         c      l         l
-------------------------------------------------
   0   684.1    4225.4    3012.4    0.2    7922.1
   1   668.2    4221.0    3002.2    0.2    7891.6
   2   661.2    4197.9    3028.1    0.1    7887.4
   3   541.8    3645.2    3204.8    0.2    7392.0
-------------------------------------------------
 avg   638.8    4072.4    3061.9    0.2    7773.3
-------------------------------------------------
