
          -------------------------------------------------------
          Amber 18 PMEMD                              2018
          -------------------------------------------------------

| PMEMD implementation of SANDER, Release 18

| Run on 06/21/2018 at 08:03:58

|   Executable path: /home/uv10/amber/bin/pmemd
| Working directory: /home/uv10/tutorials-amber/A9/ligand/pmemd/free_energy/ligands/recharge/0.5
|          Hostname: Unknown
  [-O]verwriting output

File Assignments:
|   MDIN: heat.in                                                               
|  MDOUT: heat.out                                                              
| INPCRD: ti.rst7                                                               
|   PARM: ti.parm7                                                              
| RESTRT: heat.rst7                                                             
|   REFC: ti.rst7                                                               
|  MDVEL: mdvel                                                                 
|   MDEN: heat.en                                                               
|  MDCRD: heat.nc                                                               
| MDINFO: heat.info                                                             
|  MDFRC: mdfrc                                                                 


 Here is the input file:

heating                                                                        
 &cntrl                                                                        
   imin = 0, nstlim = 10000, irest = 0, ntx = 1, dt = 0.002,                   
   ntt = 1, temp0 = 300.0, tempi = 50.0, tautp = 1.0,                          
   ntc = 2, ntf = 1,                                                           
   ntb = 1,                                                                    
   ioutfm = 1, iwrap = 1,                                                      
   ntwe = 1000, ntwx = 1000, ntpr = 1000, ntwr = 5000,                         
                                                                               
   nmropt = 1,                                                                 
   ntr = 1, restraint_wt = 5.00,                                               
   restraintmask='!:WAT & !@H=',                                               
                                                                               
   icfe = 1, clambda = 0.5, scalpha = 0.5, scbeta = 12.0,                      
   logdvdl = 0,                                                                
   timask1 = ':1', timask2 = ':2',                                             
   ifsc = 0, crgmask = ':1@O1,H6',                                             
 /                                                                             
                                                                               
 &ewald                                                                        
 /                                                                             
                                                                               
 &wt                                                                           
   type='TEMP0',                                                               
   istep1 = 0, istep2 = 8000,                                                  
   value1 = 50.0, value2 = 300.0                                               
 /                                                                             
                                                                               
 &wt type = 'END'                                                              
 /                                                                             
                                                                               


Note: ig = -1. Setting random seed to   207277 based on wallclock time in 
      microseconds.
| irandom = 1, using AMBER's internal random number generator (default).
 
 
| Conditional Compilation Defines Used:
| PUBFFT
| BINTRAJ
| EMIL

| Largest sphere to fit in unit cell has radius =    16.836

| New format PARM file being parsed.
| Version =    1.000 Date = 06/20/18 Time = 14:05:12

| Note: 1-4 EEL scale factors are being read from the topology file.

| Note: 1-4 VDW scale factors are being read from the topology file.
| Duplicated    0 dihedrals

| Duplicated    0 dihedrals

--------------------------------------------------------------------------------
   1.  RESOURCE   USE: 
--------------------------------------------------------------------------------

 getting new box info from bottom of inpcrd
 NATOM  =    2633 NTYPES =       6 NBONH =    2619 MBONA  =      14
 NTHETH =      22 MTHETA =      16 NPHIH =      46 MPHIA  =      16
 NHPARM =       0 NPARM  =       0 NNB   =    3588 NRES   =     871
 NBONA  =      14 NTHETA =      16 NPHIA =      16 NUMBND =       6
 NUMANG =       4 NPTRA  =       3 NATYP =       6 NPHB   =       1
 IFBOX  =       1 NMXRS  =      13 IFCAP =       0 NEXTRA =       0
 NCOPY  =       0

| Coordinate Index Table dimensions:     7    7    7
| Direct force subcell size =     4.8104    4.9998    5.0941

     BOX TYPE: RECTILINEAR

--------------------------------------------------------------------------------
   2.  CONTROL  DATA  FOR  THE  RUN
--------------------------------------------------------------------------------

default_name                                                                    

General flags:
     imin    =       0, nmropt  =       1

Nature and format of input:
     ntx     =       1, irest   =       0, ntrx    =       1

Nature and format of output:
     ntxo    =       2, ntpr    =    1000, ntrx    =       1, ntwr    =    5000
     iwrap   =       1, ntwx    =    1000, ntwv    =       0, ntwe    =    1000
     ioutfm  =       1, ntwprt  =       0, idecomp =       0, rbornstat=      0

Potential function:
     ntf     =       1, ntb     =       1, igb     =       0, nsnb    =      25
     ipol    =       0, gbsa    =       0, iesp    =       0
     dielc   =   1.00000, cut     =   8.00000, intdiel =   1.00000

Frozen or restrained atoms:
     ibelly  =       0, ntr     =       1
     restraint_wt =   5.00000

Molecular dynamics:
     nstlim  =     10000, nscm    =         0, nrespa  =         1
     t       =   0.00000, dt      =   0.00200, vlimit  =  20.00000

Berendsen (weak-coupling) temperature regulation:
     temp0   = 300.00000, tempi   =  50.00000, tautp   =   1.00000

SHAKE:
     ntc     =       2, jfastw  =       0
     tol     =   0.00001

NMR refinement options:
     iscale  =       0, noeskp  =       1, ipnlty  =       1, mxsub   =       1
     scalm   = 100.00000, pencut  =   0.10000, tausw   =   0.10000

Free energy options:
     icfe    =       1, ifsc    =       0, klambda =       1
     clambda =  0.5000, scalpha =  0.5000, scbeta  = 12.0000
     sceeorder =       2
     dynlmb =  0.0000 logdvdl =       0

| Intermolecular bonds treatment:
|     no_intermolecular_bonds =       1

| Energy averages sample interval:
|     ene_avg_sampling =    1000

Ewald parameters:
     verbose =       0, ew_type =       0, nbflag  =       1, use_pme =       1
     vdwmeth =       1, eedmeth =       1, netfrc  =       1
     Box X =   33.673   Box Y =   34.999   Box Z =   35.659
     Alpha =   90.000   Beta  =   90.000   Gamma =   90.000
     NFFT1 =   36       NFFT2 =   36       NFFT3 =   36
     Cutoff=    8.000   Tol   =0.100E-04
     Ewald Coefficient =  0.34864
     Interpolation order =    4

    LOADING THE CONSTRAINED ATOMS AS GROUPS


   5.  REFERENCE ATOM COORDINATES

  default_name                                                                    
     Mask !:WAT & !@H=; matches    14 atoms
     TI Mask 1 :1; matches     13 atoms
     TI Mask 2 :2; matches     13 atoms
     TI region 1:    2620 atoms
     TI region 2:    2620 atoms
Removing charge of      -0.5539 from atom      12
Removing charge of       0.3791 from atom      13
Total charge of  -0.17486000 removed from       2 atoms
     Checking for mismatched coordinates.

--------------------------------------------------------------------------------
   3.  ATOMIC COORDINATES AND VELOCITIES
--------------------------------------------------------------------------------

default_name                                                                    
 begin time read from input coords =     0.000 ps



           Begin reading energy term weight changes/NMR restraints
 WEIGHT CHANGES:
 TEMP0         0   8000   50.000000  300.000000      0      0

 RESTRAINTS:
                          ** No restraint defined **

                  Done reading weight changes/NMR restraints


 
 Number of triangulated 3-point waters found:      869

     Sum of charges for TI region  1 =   0.17486100
     Assuming uniform neutralizing plasma


     Sum of charges for TI region  2 =   0.00000100
     Forcing neutrality...

| Dynamic Memory, Types Used:
| Reals              231002
| Integers           100935

| Nonbonded Pairs Initial Allocation:      439776

--------------------------------------------------------------------------------
   4.  RESULTS
--------------------------------------------------------------------------------

 ---------------------------------------------------
 APPROXIMATING switch and d/dx switch using CUBIC SPLINE INTERPOLATION
 using   5000.0 points per unit in tabled values
 TESTING RELATIVE ERROR over r ranging from 0.0 to cutoff
| CHECK switch(x): max rel err =   0.2738E-14   at   2.422500
| CHECK d/dx switch(x): max rel err =   0.8332E-11   at   2.782960
 ---------------------------------------------------
|---------------------------------------------------
| APPROXIMATING direct energy using CUBIC SPLINE INTERPOLATION
|  with   50.0 points per unit in tabled values
| Relative Error Limit not exceeded for r .gt.   2.47
| APPROXIMATING direct force using CUBIC SPLINE INTERPOLATION
|  with   50.0 points per unit in tabled values
| Relative Error Limit not exceeded for r .gt.   2.89
|---------------------------------------------------

| TI region  1


 NSTEP =        0   TIME(PS) =       0.000  TEMP(K) =    74.46  PRESS =     0.0
 Etot   =     -6479.6148  EKtot   =       388.1932  EPtot      =     -6867.8080
 BOND   =         2.2487  ANGLE   =         4.3515  DIHED      =         1.0131
 1-4 NB =         3.7427  1-4 EEL =       -28.8697  VDWAALS    =      1126.6119
 EELEC  =     -7976.9062  EHBOND  =         0.0000  RESTRAINT  =         0.0000
 DV/DL  =       -33.2147
 Ewald error estimate:   0.4245E-03
 ------------------------------------------------------------------------------


| TI region  2


 NSTEP =        0   TIME(PS) =       0.000  TEMP(K) =    74.46  PRESS =     0.0
 Etot   =     -6479.6148  EKtot   =       388.1932  EPtot      =     -6867.8080
 BOND   =         2.2487  ANGLE   =         4.3515  DIHED      =         1.0131
 1-4 NB =         3.7427  1-4 EEL =       -28.8697  VDWAALS    =      1126.6119
 EELEC  =     -7976.9062  EHBOND  =         0.0000  RESTRAINT  =         0.0000
 DV/DL  =       -33.2147
 Ewald error estimate:   0.4245E-03
 ------------------------------------------------------------------------------

 NMR restraints: Bond =    0.000   Angle =     0.000   Torsion =     0.000
===============================================================================

| TI region  1


 NSTEP =     1000   TIME(PS) =       2.000  TEMP(K) =   171.79  PRESS =     0.0
 Etot   =     -8055.3933  EKtot   =       895.6273  EPtot      =     -8951.0207
 BOND   =         0.6358  ANGLE   =         1.4915  DIHED      =         0.8752
 1-4 NB =         3.3064  1-4 EEL =       -28.1557  VDWAALS    =      1618.4338
 EELEC  =    -10548.2838  EHBOND  =         0.0000  RESTRAINT  =         0.6762
 EAMBER (non-restraint)  =     -8951.6969
 DV/DL  =       -33.4111
 Ewald error estimate:   0.1496E-03
 ------------------------------------------------------------------------------


| TI region  2


 NSTEP =     1000   TIME(PS) =       2.000  TEMP(K) =   171.79  PRESS =     0.0
 Etot   =     -8055.3933  EKtot   =       895.6273  EPtot      =     -8951.0207
 BOND   =         0.6358  ANGLE   =         1.4915  DIHED      =         0.8752
 1-4 NB =         3.3064  1-4 EEL =       -28.1557  VDWAALS    =      1618.4338
 EELEC  =    -10548.2838  EHBOND  =         0.0000  RESTRAINT  =         0.6762
 EAMBER (non-restraint)  =     -8951.6969
 DV/DL  =       -33.4111
 Ewald error estimate:   0.1496E-03
 ------------------------------------------------------------------------------

 NMR restraints: Bond =    0.000   Angle =     0.000   Torsion =     0.000
===============================================================================

| TI region  1


 NSTEP =     2000   TIME(PS) =       4.000  TEMP(K) =   137.72  PRESS =     0.0
 Etot   =     -8635.8167  EKtot   =       717.9977  EPtot      =     -9353.8144
 BOND   =         0.8872  ANGLE   =         1.3900  DIHED      =         0.8870
 1-4 NB =         3.2717  1-4 EEL =       -28.6923  VDWAALS    =      1730.7614
 EELEC  =    -11062.7470  EHBOND  =         0.0000  RESTRAINT  =         0.4277
 EAMBER (non-restraint)  =     -9354.2421
 DV/DL  =       -34.5116
 Ewald error estimate:   0.2321E-03
 ------------------------------------------------------------------------------


| TI region  2


 NSTEP =     2000   TIME(PS) =       4.000  TEMP(K) =   137.72  PRESS =     0.0
 Etot   =     -8635.8167  EKtot   =       717.9977  EPtot      =     -9353.8144
 BOND   =         0.8872  ANGLE   =         1.3900  DIHED      =         0.8870
 1-4 NB =         3.2717  1-4 EEL =       -28.6923  VDWAALS    =      1730.7614
 EELEC  =    -11062.7470  EHBOND  =         0.0000  RESTRAINT  =         0.4277
 EAMBER (non-restraint)  =     -9354.2421
 DV/DL  =       -34.5116
 Ewald error estimate:   0.2321E-03
 ------------------------------------------------------------------------------

 NMR restraints: Bond =    0.000   Angle =     0.000   Torsion =     0.000
===============================================================================

| TI region  1


 NSTEP =     3000   TIME(PS) =       6.000  TEMP(K) =   136.91  PRESS =     0.0
 Etot   =     -8722.0220  EKtot   =       713.7519  EPtot      =     -9435.7739
 BOND   =         0.9753  ANGLE   =         1.1429  DIHED      =         0.6112
 1-4 NB =         3.6726  1-4 EEL =       -28.1191  VDWAALS    =      1868.1289
 EELEC  =    -11283.5923  EHBOND  =         0.0000  RESTRAINT  =         1.4065
 EAMBER (non-restraint)  =     -9437.1804
 DV/DL  =       -36.5170
 Ewald error estimate:   0.1290E-03
 ------------------------------------------------------------------------------


| TI region  2


 NSTEP =     3000   TIME(PS) =       6.000  TEMP(K) =   136.91  PRESS =     0.0
 Etot   =     -8722.0220  EKtot   =       713.7519  EPtot      =     -9435.7739
 BOND   =         0.9753  ANGLE   =         1.1429  DIHED      =         0.6112
 1-4 NB =         3.6726  1-4 EEL =       -28.1191  VDWAALS    =      1868.1289
 EELEC  =    -11283.5923  EHBOND  =         0.0000  RESTRAINT  =         1.4065
 EAMBER (non-restraint)  =     -9437.1804
 DV/DL  =       -36.5170
 Ewald error estimate:   0.1290E-03
 ------------------------------------------------------------------------------

 NMR restraints: Bond =    0.000   Angle =     0.000   Torsion =     0.000
===============================================================================

| TI region  1


 NSTEP =     4000   TIME(PS) =       8.000  TEMP(K) =   149.95  PRESS =     0.0
 Etot   =     -8565.9406  EKtot   =       781.7253  EPtot      =     -9347.6659
 BOND   =         0.7078  ANGLE   =         0.6640  DIHED      =         0.8610
 1-4 NB =         3.5921  1-4 EEL =       -28.6335  VDWAALS    =      1786.4518
 EELEC  =    -11112.5365  EHBOND  =         0.0000  RESTRAINT  =         1.2275
 EAMBER (non-restraint)  =     -9348.8933
 DV/DL  =       -30.2500
 Ewald error estimate:   0.1993E-03
 ------------------------------------------------------------------------------


| TI region  2


 NSTEP =     4000   TIME(PS) =       8.000  TEMP(K) =   149.95  PRESS =     0.0
 Etot   =     -8565.9406  EKtot   =       781.7253  EPtot      =     -9347.6659
 BOND   =         0.7078  ANGLE   =         0.6640  DIHED      =         0.8610
 1-4 NB =         3.5921  1-4 EEL =       -28.6335  VDWAALS    =      1786.4518
 EELEC  =    -11112.5365  EHBOND  =         0.0000  RESTRAINT  =         1.2275
 EAMBER (non-restraint)  =     -9348.8933
 DV/DL  =       -30.2500
 Ewald error estimate:   0.1993E-03
 ------------------------------------------------------------------------------

 NMR restraints: Bond =    0.000   Angle =     0.000   Torsion =     0.000
===============================================================================

| TI region  1


 NSTEP =     5000   TIME(PS) =      10.000  TEMP(K) =   173.15  PRESS =     0.0
 Etot   =     -8290.3207  EKtot   =       902.7088  EPtot      =     -9193.0295
 BOND   =         1.3839  ANGLE   =         0.9496  DIHED      =         0.8320
 1-4 NB =         3.1629  1-4 EEL =       -28.2742  VDWAALS    =      1721.9509
 EELEC  =    -10894.7446  EHBOND  =         0.0000  RESTRAINT  =         1.7099
 EAMBER (non-restraint)  =     -9194.7394
 DV/DL  =       -27.3186
 Ewald error estimate:   0.8206E-04
 ------------------------------------------------------------------------------


| TI region  2


 NSTEP =     5000   TIME(PS) =      10.000  TEMP(K) =   173.15  PRESS =     0.0
 Etot   =     -8290.3207  EKtot   =       902.7088  EPtot      =     -9193.0295
 BOND   =         1.3839  ANGLE   =         0.9496  DIHED      =         0.8320
 1-4 NB =         3.1629  1-4 EEL =       -28.2742  VDWAALS    =      1721.9509
 EELEC  =    -10894.7446  EHBOND  =         0.0000  RESTRAINT  =         1.7099
 EAMBER (non-restraint)  =     -9194.7394
 DV/DL  =       -27.3186
 Ewald error estimate:   0.8206E-04
 ------------------------------------------------------------------------------

 NMR restraints: Bond =    0.000   Angle =     0.000   Torsion =     0.000
===============================================================================

| TI region  1


 NSTEP =     6000   TIME(PS) =      12.000  TEMP(K) =   199.96  PRESS =     0.0
 Etot   =     -7953.6791  EKtot   =      1042.4666  EPtot      =     -8996.1457
 BOND   =         2.8157  ANGLE   =         1.5218  DIHED      =         2.0973
 1-4 NB =         4.1033  1-4 EEL =       -28.3742  VDWAALS    =      1609.5210
 EELEC  =    -10589.4564  EHBOND  =         0.0000  RESTRAINT  =         1.6259
 EAMBER (non-restraint)  =     -8997.7716
 DV/DL  =       -32.3954
 Ewald error estimate:   0.2286E-04
 ------------------------------------------------------------------------------


| TI region  2


 NSTEP =     6000   TIME(PS) =      12.000  TEMP(K) =   199.96  PRESS =     0.0
 Etot   =     -7953.6791  EKtot   =      1042.4666  EPtot      =     -8996.1457
 BOND   =         2.8157  ANGLE   =         1.5218  DIHED      =         2.0973
 1-4 NB =         4.1033  1-4 EEL =       -28.3742  VDWAALS    =      1609.5210
 EELEC  =    -10589.4564  EHBOND  =         0.0000  RESTRAINT  =         1.6259
 EAMBER (non-restraint)  =     -8997.7716
 DV/DL  =       -32.3954
 Ewald error estimate:   0.2286E-04
 ------------------------------------------------------------------------------

 NMR restraints: Bond =    0.000   Angle =     0.000   Torsion =     0.000
===============================================================================

| TI region  1


 NSTEP =     7000   TIME(PS) =      14.000  TEMP(K) =   224.66  PRESS =     0.0
 Etot   =     -7557.8222  EKtot   =      1171.2427  EPtot      =     -8729.0649
 BOND   =         3.4070  ANGLE   =         1.0075  DIHED      =         1.4173
 1-4 NB =         2.6037  1-4 EEL =       -27.6642  VDWAALS    =      1458.3337
 EELEC  =    -10170.8591  EHBOND  =         0.0000  RESTRAINT  =         2.6891
 EAMBER (non-restraint)  =     -8731.7540
 DV/DL  =       -27.6968
 Ewald error estimate:   0.3607E-04
 ------------------------------------------------------------------------------


| TI region  2


 NSTEP =     7000   TIME(PS) =      14.000  TEMP(K) =   224.66  PRESS =     0.0
 Etot   =     -7557.8222  EKtot   =      1171.2427  EPtot      =     -8729.0649
 BOND   =         3.4070  ANGLE   =         1.0075  DIHED      =         1.4173
 1-4 NB =         2.6037  1-4 EEL =       -27.6642  VDWAALS    =      1458.3337
 EELEC  =    -10170.8591  EHBOND  =         0.0000  RESTRAINT  =         2.6891
 EAMBER (non-restraint)  =     -8731.7540
 DV/DL  =       -27.6968
 Ewald error estimate:   0.3607E-04
 ------------------------------------------------------------------------------

 NMR restraints: Bond =    0.000   Angle =     0.000   Torsion =     0.000
===============================================================================

| TI region  1


 NSTEP =     8000   TIME(PS) =      16.000  TEMP(K) =   251.22  PRESS =     0.0
 Etot   =     -7107.9141  EKtot   =      1309.7163  EPtot      =     -8417.6304
 BOND   =         0.6949  ANGLE   =         2.3745  DIHED      =         1.5129
 1-4 NB =         3.5874  1-4 EEL =       -27.5513  VDWAALS    =      1365.5085
 EELEC  =     -9765.2124  EHBOND  =         0.0000  RESTRAINT  =         1.4552
 EAMBER (non-restraint)  =     -8419.0855
 DV/DL  =       -34.7027
 Ewald error estimate:   0.8687E-04
 ------------------------------------------------------------------------------


| TI region  2


 NSTEP =     8000   TIME(PS) =      16.000  TEMP(K) =   251.22  PRESS =     0.0
 Etot   =     -7107.9141  EKtot   =      1309.7163  EPtot      =     -8417.6304
 BOND   =         0.6949  ANGLE   =         2.3745  DIHED      =         1.5129
 1-4 NB =         3.5874  1-4 EEL =       -27.5513  VDWAALS    =      1365.5085
 EELEC  =     -9765.2124  EHBOND  =         0.0000  RESTRAINT  =         1.4552
 EAMBER (non-restraint)  =     -8419.0855
 DV/DL  =       -34.7027
 Ewald error estimate:   0.8687E-04
 ------------------------------------------------------------------------------

 NMR restraints: Bond =    0.000   Angle =     0.000   Torsion =     0.000
===============================================================================

| TI region  1


 NSTEP =     9000   TIME(PS) =      18.000  TEMP(K) =   268.67  PRESS =     0.0
 Etot   =     -6748.2530  EKtot   =      1400.7004  EPtot      =     -8148.9535
 BOND   =         1.3684  ANGLE   =         1.9218  DIHED      =         3.3829
 1-4 NB =         3.2164  1-4 EEL =       -28.0411  VDWAALS    =      1328.8464
 EELEC  =     -9460.7956  EHBOND  =         0.0000  RESTRAINT  =         1.1474
 EAMBER (non-restraint)  =     -8150.1009
 DV/DL  =       -32.0615
 Ewald error estimate:   0.1816E-04
 ------------------------------------------------------------------------------


| TI region  2


 NSTEP =     9000   TIME(PS) =      18.000  TEMP(K) =   268.67  PRESS =     0.0
 Etot   =     -6748.2530  EKtot   =      1400.7004  EPtot      =     -8148.9535
 BOND   =         1.3684  ANGLE   =         1.9218  DIHED      =         3.3829
 1-4 NB =         3.2164  1-4 EEL =       -28.0411  VDWAALS    =      1328.8464
 EELEC  =     -9460.7956  EHBOND  =         0.0000  RESTRAINT  =         1.1474
 EAMBER (non-restraint)  =     -8150.1009
 DV/DL  =       -32.0615
 Ewald error estimate:   0.1816E-04
 ------------------------------------------------------------------------------

 NMR restraints: Bond =    0.000   Angle =     0.000   Torsion =     0.000
===============================================================================

| TI region  1


 NSTEP =    10000   TIME(PS) =      20.000  TEMP(K) =   291.81  PRESS =     0.0
 Etot   =     -6549.1579  EKtot   =      1521.3402  EPtot      =     -8070.4981
 BOND   =         0.7984  ANGLE   =         2.6824  DIHED      =         1.7573
 1-4 NB =         3.9898  1-4 EEL =       -29.0306  VDWAALS    =      1321.4978
 EELEC  =     -9374.7911  EHBOND  =         0.0000  RESTRAINT  =         2.5980
 EAMBER (non-restraint)  =     -8073.0961
 DV/DL  =       -31.7961
 Ewald error estimate:   0.7950E-04
 ------------------------------------------------------------------------------


| TI region  2


 NSTEP =    10000   TIME(PS) =      20.000  TEMP(K) =   291.81  PRESS =     0.0
 Etot   =     -6549.1579  EKtot   =      1521.3402  EPtot      =     -8070.4981
 BOND   =         0.7984  ANGLE   =         2.6824  DIHED      =         1.7573
 1-4 NB =         3.9898  1-4 EEL =       -29.0306  VDWAALS    =      1321.4978
 EELEC  =     -9374.7911  EHBOND  =         0.0000  RESTRAINT  =         2.5980
 EAMBER (non-restraint)  =     -8073.0961
 DV/DL  =       -31.7961
 Ewald error estimate:   0.7950E-04
 ------------------------------------------------------------------------------

 NMR restraints: Bond =    0.000   Angle =     0.000   Torsion =     0.000
===============================================================================

| TI region  1


      A V E R A G E S   O V E R      10 S T E P S


 NSTEP =    10000   TIME(PS) =      20.000  TEMP(K) =   200.58  PRESS =     0.0
 Etot   =     -7818.6320  EKtot   =      1045.7277  EPtot      =     -8864.3597
 BOND   =         1.3674  ANGLE   =         1.5146  DIHED      =         1.4234
 1-4 NB =         3.4506  1-4 EEL =       -28.2536  VDWAALS    =      1580.9434
 EELEC  =    -10426.3019  EHBOND  =         0.0000  RESTRAINT  =         1.4963
 EAMBER (non-restraint)  =     -8865.8560
 DV/DL  =       -32.0661
 Ewald error estimate:   0.1035E-03
 ------------------------------------------------------------------------------

 NMR restraints: Bond =    0.000   Angle =     0.000   Torsion =     0.000
===============================================================================

      R M S  F L U C T U A T I O N S


 NSTEP =    10000   TIME(PS) =      20.000  TEMP(K) =    53.16  PRESS =     0.0
 Etot   =       752.9659  EKtot   =       277.1217  EPtot      =       478.7965
 BOND   =         0.9159  ANGLE   =         0.6102  DIHED      =         0.7954
 1-4 NB =         0.4138  1-4 EEL =         0.4323  VDWAALS    =       190.1500
 EELEC  =       664.2313  EHBOND  =         0.0000  RESTRAINT  =         0.6868
 EAMBER (non-restraint)  =       478.1097
 DV/DL  =         2.8224
 Ewald error estimate:   0.6937E-04
 ------------------------------------------------------------------------------


| TI region  2


      A V E R A G E S   O V E R      10 S T E P S


 NSTEP =    10000   TIME(PS) =      20.000  TEMP(K) =   200.58  PRESS =     0.0
 Etot   =     -7818.6320  EKtot   =      1045.7277  EPtot      =     -8864.3597
 BOND   =         1.3674  ANGLE   =         1.5146  DIHED      =         1.4234
 1-4 NB =         3.4506  1-4 EEL =       -28.2536  VDWAALS    =      1580.9434
 EELEC  =    -10426.3019  EHBOND  =         0.0000  RESTRAINT  =         1.4963
 EAMBER (non-restraint)  =     -8865.8560
 DV/DL  =       -32.0661
 Ewald error estimate:   0.1035E-03
 ------------------------------------------------------------------------------

 NMR restraints: Bond =    0.000   Angle =     0.000   Torsion =     0.000
===============================================================================

      R M S  F L U C T U A T I O N S


 NSTEP =    10000   TIME(PS) =      20.000  TEMP(K) =    53.16  PRESS =     0.0
 Etot   =       752.9659  EKtot   =       277.1217  EPtot      =       478.7965
 BOND   =         0.9159  ANGLE   =         0.6102  DIHED      =         0.7954
 1-4 NB =         0.4138  1-4 EEL =         0.4323  VDWAALS    =       190.1500
 EELEC  =       664.2313  EHBOND  =         0.0000  RESTRAINT  =         0.6868
 EAMBER (non-restraint)  =       478.1097
 DV/DL  =         2.8224
 Ewald error estimate:   0.6937E-04
 ------------------------------------------------------------------------------


      DV/DL, AVERAGES OVER      10 STEPS


 NSTEP =    10000   TIME(PS) =      20.000  TEMP(K) =    53.16  PRESS =     0.0
 Etot   =         0.0000  EKtot   =         0.0000  EPtot      =       -32.0661
 BOND   =         0.0000  ANGLE   =         0.0000  DIHED      =        -0.0000
 1-4 NB =         0.0000  1-4 EEL =       -38.1726  VDWAALS    =         0.0000
 EELEC  =         6.1065  EHBOND  =         0.0000  RESTRAINT  =        -0.0000
 EAMBER (non-restraint)  =       -32.0661
 DV/DL  =       -32.0661
 Ewald error estimate:   0.0000E+00
 ------------------------------------------------------------------------------


 NMR restraints on final step:

--------------------------------------------------------------------------------
   5.  TIMINGS
--------------------------------------------------------------------------------

|  NonSetup CPU Time in Major Routines:
|
|     Routine           Sec        %
|     ------------------------------
|     Nonbond         153.18   97.79
|     Bond              0.59    0.38
|     Angle             0.10    0.06
|     Dihedral          0.23    0.15
|     Shake             1.43    0.91
|     RunMD             1.08    0.69
|     Other             0.04    0.02
|     ------------------------------
|     Total           156.64

|  PME Nonbond Pairlist CPU Time:
|
|     Routine              Sec        %
|     ---------------------------------
|     Set Up Cit           0.21    0.14
|     Build List          18.84   12.03
|     ---------------------------------
|     Total               19.06   12.17

|  PME Direct Force CPU Time:
|
|     Routine              Sec        %
|     ---------------------------------
|     NonBonded Calc      63.31   40.41
|     Exclude Masked       2.62    1.68
|     Other                2.58    1.65
|     ---------------------------------
|     Total               68.51   43.74

|  PME Reciprocal Force CPU Time:
|
|     Routine              Sec        %
|     ---------------------------------
|     1D bspline           2.68    1.71
|     Grid Charges         5.56    3.55
|     Scalar Sum           2.50    1.59
|     Gradient Sum         9.38    5.99
|     FFT                 45.55   29.08
|     ---------------------------------
|     Total               65.66   41.92

|  Final Performance Info:
|     -----------------------------------------------------
|     Average timings for last    2000 steps:
|     Elapsed(s) =      32.28 Per Step(ms) =      16.14
|         ns/day =      10.71   seconds/ns =    8069.38
|
|     Average timings for all steps:
|     Elapsed(s) =     156.77 Per Step(ms) =      15.68
|         ns/day =      11.02   seconds/ns =    7838.70
|     -----------------------------------------------------

|  Setup CPU time:            0.05 seconds
|  NonSetup CPU time:       156.64 seconds
|  Total CPU time:          156.69 seconds     0.04 hours

|  Setup wall time:           0    seconds
|  NonSetup wall time:      157    seconds
|  Total wall time:         157    seconds     0.04 hours
