
Static FFT Slab Distribution:

  FFT slabs assigned to    4 tasks
  Maximum of   20 xy slabs per task
  Maximum of   18 zx slabs per task
  Count of FFT xy slabs assigned to each task:
      20  20  20  20
  Count of FFT xz slabs assigned to each task:
      18  18  18  18

Atom Distribution No.     2 at run step    4913:

  Count of atoms assigned to each task:
         6698     8646     8559     6650

Atom Distribution No.     3 at run step    8478:

  Count of atoms assigned to each task:
         6761     8717     8289     6786

Major Routine Parallel Profiling - NonSetup CPU Seconds:

           D                                                              
           a                                                              
           t                                                              
           a                              D                               
           D         N                    i                               
           i         o                    h                               
           s         n             A      e      S      R      O         T
   T       t         B      B      n      d      h      u      t         o
   a       r         o      o      g      r      a      n      h         t
   s       i         n      n      l      a      k      M      e         a
   k       b         d      d      e      l      e      D      r         l
------------------------------------------------------------------------------
   0    36.1     624.0    2.5    2.7   15.1    4.0   15.5    0.1     700.1
   1    25.6     649.1    3.0    0.3    1.7    4.6   15.2    0.1     699.6
   2    28.2     647.3    3.1    0.6    3.0    4.5   15.3    0.1     702.0
   3    35.9     620.8    2.8    3.2   18.3    3.9   15.3    0.0     700.4
------------------------------------------------------------------------------
 avg    31.5     635.3    2.8    1.7    9.5    4.2   15.4    0.1     700.5
 min    25.6     620.8    2.5    0.3    1.7    3.9   15.2    0.0     699.6
 max    36.1     649.1    3.1    3.2   18.3    4.6   15.5    0.1     702.0
 std     4.7      13.0    0.2    1.3    7.3    0.3    0.1    0.0       0.9
------------------------------------------------------------------------------

PME NonBond Parallel Profiling - NonSetup CPU Seconds:

                     D                           
           P         i         R                 
           a         r         e      L          
           i         e         c      o          
           r         c         i      a         T
   T       l         t         p      d         o
   a       i         F         F      B         t
   s       s         r         r      a         a
   k       t         c         c      l         l
-------------------------------------------------
   0    41.2     292.9     289.9    0.0     624.0
   1    49.3     318.5     281.4    0.0     649.1
   2    48.3     310.7     288.3    0.0     647.3
   3    41.4     282.8     296.5    0.0     620.8
-------------------------------------------------
 avg    45.1     301.2     289.1    0.0     635.3
-------------------------------------------------
