
Static FFT Slab Distribution:

  FFT slabs assigned to    4 tasks
  Maximum of   20 xy slabs per task
  Maximum of   18 zx slabs per task
  Count of FFT xy slabs assigned to each task:
      20  20  20  20
  Count of FFT xz slabs assigned to each task:
      18  18  18  18

Atom Distribution No.     2 at run step    2941:

  Count of atoms assigned to each task:
         8111     8343     8041     6058

Atom Distribution No.     3 at run step    5836:

  Count of atoms assigned to each task:
         8009     8337     7963     6244

Atom Distribution No.     4 at run step    8778:

  Count of atoms assigned to each task:
         7961     8319     7999     6274

Atom Distribution No.     5 at run step   11710:

  Count of atoms assigned to each task:
         8030     8184     8026     6313

Atom Distribution No.     6 at run step   14641:

  Count of atoms assigned to each task:
         8084     8085     8053     6331

Atom Distribution No.     7 at run step   17553:

  Count of atoms assigned to each task:
         8066     7989     8089     6409

Atom Distribution No.     8 at run step   20472:

  Count of atoms assigned to each task:
         8081     8085     8020     6367

Atom Distribution No.     9 at run step   23412:

  Count of atoms assigned to each task:
         8099     8052     8002     6400

Atom Distribution No.    10 at run step   26355:

  Count of atoms assigned to each task:
         7997     8016     8068     6472

Atom Distribution No.    11 at run step   29271:

  Count of atoms assigned to each task:
         7952     8040     8022     6539

Atom Distribution No.    12 at run step   32209:

  Count of atoms assigned to each task:
         7913     8055     8067     6518

Atom Distribution No.    13 at run step   35127:

  Count of atoms assigned to each task:
         7961     8049     8037     6506

Atom Distribution No.    14 at run step   38065:

  Count of atoms assigned to each task:
         8057     8028     7956     6512

Atom Distribution No.    15 at run step   40968:

  Count of atoms assigned to each task:
         8090     8073     7914     6476

Atom Distribution No.    16 at run step   43866:

  Count of atoms assigned to each task:
         8090     8073     7914     6476

Atom Distribution No.    17 at run step   46782:

  Count of atoms assigned to each task:
         8086     8070     7920     6477

Atom Distribution No.    18 at run step   49693:

  Count of atoms assigned to each task:
         6768     8098     7911     7776

Atom Distribution No.    19 at run step   52604:

  Count of atoms assigned to each task:
         6807     8092     7914     7740

Atom Distribution No.    20 at run step   55542:

  Count of atoms assigned to each task:
         6805     8077     7884     7787

Atom Distribution No.    21 at run step   58468:

  Count of atoms assigned to each task:
         7969     8013     8079     6492

Atom Distribution No.    22 at run step   61414:

  Count of atoms assigned to each task:
         6613     8046     8023     7871

Atom Distribution No.    23 at run step   64322:

  Count of atoms assigned to each task:
         6634     8055     8089     7775

Atom Distribution No.    24 at run step   67232:

  Count of atoms assigned to each task:
         6759     8035     7972     7787

Atom Distribution No.    25 at run step   70143:

  Count of atoms assigned to each task:
         6778     8047     7954     7774

Atom Distribution No.    26 at run step   73064:

  Count of atoms assigned to each task:
         7933     8017     8077     6526

Atom Distribution No.    27 at run step   75996:

  Count of atoms assigned to each task:
         8032     7924     8080     6517

Atom Distribution No.    28 at run step   78930:

  Count of atoms assigned to each task:
         8049     7987     7938     6579

Atom Distribution No.    29 at run step   81816:

  Count of atoms assigned to each task:
         6694     7984     7933     7942

Atom Distribution No.    30 at run step   84735:

  Count of atoms assigned to each task:
         8059     8005     7930     6559

Atom Distribution No.    31 at run step   87665:

  Count of atoms assigned to each task:
         8017     7939     8029     6568

Atom Distribution No.    32 at run step   90599:

  Count of atoms assigned to each task:
         8017     7939     8029     6568

Atom Distribution No.    33 at run step   93525:

  Count of atoms assigned to each task:
         8049     7903     8059     6542

Atom Distribution No.    34 at run step   96449:

  Count of atoms assigned to each task:
         6738     7898     8077     7840

Atom Distribution No.    35 at run step   99367:

  Count of atoms assigned to each task:
         8113     7972     7966     6502

Major Routine Parallel Profiling - NonSetup CPU Seconds:

           D                                                              
           a                                                              
           t                                                              
           a                              D                               
           D         N                    i                               
           i         o                    h                               
           s         n             A      e      S      R      O         T
   T       t         B      B      n      d      h      u      t         o
   a       r         o      o      g      r      a      n      h         t
   s       i         n      n      l      a      k      M      e         a
   k       b         d      d      e      l      e      D      r         l
------------------------------------------------------------------------------
   0   263.1    7766.1   35.8   16.1   88.3   41.7  440.3    0.5    8651.8
   1   237.6    7897.9   42.5    0.1    0.0   44.7  439.7    0.3    8662.9
   2   244.3    7874.7   40.6    0.1    0.1   44.4  437.8    0.4    8642.3
   3   360.9    7501.0   27.6   45.0  251.3   37.0  442.2    0.3    8665.4
------------------------------------------------------------------------------
 avg   276.5    7759.9   36.6   15.3   84.9   42.0  440.0    0.4    8655.6
 min   237.6    7501.0   27.6    0.1    0.0   37.0  437.8    0.3    8642.3
 max   360.9    7897.9   42.5   45.0  251.3   44.7  442.2    0.5    8665.4
 std    49.6     157.6    5.7   18.3  102.6    3.1    1.6    0.1       9.2
------------------------------------------------------------------------------

PME NonBond Parallel Profiling - NonSetup CPU Seconds:

                     D                           
           P         i         R                 
           a         r         e      L          
           i         e         c      o          
           r         c         i      a         T
   T       l         t         p      d         o
   a       i         F         F      B         t
   s       s         r         r      a         a
   k       t         c         c      l         l
-------------------------------------------------
   0   657.1    4084.1    3024.3    0.2    7765.7
   1   668.4    4235.5    2993.4    0.2    7897.6
   2   663.5    4206.7    3004.0    0.2    7874.4
   3   572.7    3789.4    3138.5    0.2    7500.8
-------------------------------------------------
 avg   640.4    4078.9    3040.0    0.2    7759.6
-------------------------------------------------
