
Static FFT Slab Distribution:

  FFT slabs assigned to    4 tasks
  Maximum of   23 xy slabs per task
  Maximum of   19 zx slabs per task
  Count of FFT xy slabs assigned to each task:
      22  22  23  23
  Count of FFT xz slabs assigned to each task:
      19  19  19  18

Atom Distribution No.     2 at run step    4617:

  Count of atoms assigned to each task:
         6528     8239     9329     6458

Atom Distribution No.     3 at run step    8234:

  Count of atoms assigned to each task:
         6569     8415     8833     6737

Major Routine Parallel Profiling - NonSetup CPU Seconds:

           D                                                              
           a                                                              
           t                                                              
           a                              D                               
           D         N                    i                               
           i         o                    h                               
           s         n             A      e      S      R      O         T
   T       t         B      B      n      d      h      u      t         o
   a       r         o      o      g      r      a      n      h         t
   s       i         n      n      l      a      k      M      e         a
   k       b         d      d      e      l      e      D      r         l
------------------------------------------------------------------------------
   0    35.0     662.5    2.6    2.8   15.1    3.9   17.1    0.1     739.0
   1    25.3     684.4    3.0    0.3    1.7    4.2   17.0    0.1     736.0
   2    27.1     681.8    3.2    0.7    3.8    4.6   16.5    0.4     738.2
   3    35.6     656.7    2.6    3.1   17.8    3.9   17.0    0.1     736.8
------------------------------------------------------------------------------
 avg    30.7     671.4    2.8    1.7    9.6    4.1   16.9    0.2     737.5
 min    25.3     656.7    2.6    0.3    1.7    3.9   16.5    0.1     736.0
 max    35.6     684.4    3.2    3.1   17.8    4.6   17.1    0.4     739.0
 std     4.6      12.0    0.3    1.2    6.9    0.3    0.2    0.2       1.2
------------------------------------------------------------------------------

PME NonBond Parallel Profiling - NonSetup CPU Seconds:

                     D                           
           P         i         R                 
           a         r         e      L          
           i         e         c      o          
           r         c         i      a         T
   T       l         t         p      d         o
   a       i         F         F      B         t
   s       s         r         r      a         a
   k       t         c         c      l         l
-------------------------------------------------
   0    39.6     280.0     342.8    0.0     662.4
   1    48.4     307.8     328.3    0.0     684.5
   2    46.6     298.1     337.1    0.0     681.8
   3    39.7     266.8     350.1    0.0     656.6
-------------------------------------------------
 avg    43.6     288.2     339.6    0.0     671.3
-------------------------------------------------
