
          -------------------------------------------------------
          Amber 16 PMEMD                              2016
          -------------------------------------------------------

| PMEMD implementation of SANDER, Release 16

| Run on 02/28/2019 at 02:29:26

|   Executable path: /opt/amber/bin/pmemd.cuda
| Working directory: /mnt/part2/home/meister/runjobs
|          Hostname: Unknown
  [-O]verwriting output

File Assignments:
|   MDIN: AA-AB/ligand/vdw-bonded/0.100/heat.in                                 
|  MDOUT: AA-AB/ligand/vdw-bonded/0.100/heat.out.tmp                            
| INPCRD: AA-AB/ligand/press.rst7                                               
|   PARM: AA-AB/ligand/ligand-vdw-bonded.parm7                                  
| RESTRT: AA-AB/ligand/vdw-bonded/0.100/heat.rst7.tmp                           
|   REFC: AA-AB/ligand/press.rst7                                               
|  MDVEL: mdvel                                                                 
|   MDEN: AA-AB/ligand/vdw-bonded/0.100/heat.en.tmp                             
|  MDCRD: AA-AB/ligand/vdw-bonded/0.100/heat.nc.tmp                             
| MDINFO: AA-AB/ligand/vdw-bonded/0.100/heat.info.tmp                           
|  MDFRC: mdfrc                                                                 


 Here is the input file:

heating                                                                        
 &cntrl                                                                        
   imin = 0, nstlim = 10000, irest = 0, ntx = 1, dt = 0.002,                   
   ntt = 3, temp0 = 300.0, gamma_ln = 2.0, ig = -1,                            
   tempi = 50.0, tautp = 1.0,                                                  
   vlimit = 20,                                                                
   ntc = 2, ntf = 1,                                                           
   ntb = 1,                                                                    
   ioutfm = 1, iwrap = 1,                                                      
   ntwe = 1000, ntwx = 1000, ntpr = 1000, ntwr = 5000,                         
                                                                               
   nmropt = 1,                                                                 
   ntr = 1, restraint_wt = 5.00,                                               
   restraintmask='!:WAT & !@H=',                                               
                                                                               
   icfe = 1, clambda = 0.100, scalpha = 0.5, scbeta = 12.0,                    
   logdvdl = 0,                                                                
   timask1 = ':1', timask2 = ':2',                                             
   ifsc = 1, scmask1=':1@H7', scmask2=':2@H7,O1', crgmask = ':1@H7|:2@H7,O1'   
 /                                                                             
                                                                               
 &ewald                                                                        
 /                                                                             
                                                                               
 &wt                                                                           
   type='TEMP0',                                                               
   istep1 = 0, istep2 = 8000,                                                  
   value1 = 50.0, value2 = 300.0                                               
 /                                                                             
                                                                               
 &wt type = 'END'                                                              
 /                                                                             


Note: ig = -1. Setting random seed to   537717 based on wallclock time in 
      microseconds.
| irandom = 1, using AMBER's internal random number generator (default).
 
|--------------------- INFORMATION ----------------------
| GPU (CUDA) Version of PMEMD in use: NVIDIA GPU IN USE.
|                    Version 18.0.0
| 
|                      03/25/2018
| 
| Implementation by:
|                    Ross C. Walker     (SDSC)
|                    Scott Le Grand     (nVIDIA)
| 
| Version 18 performance extensions by:
|                    David Cerutti     (Rutgers)
| 
| Precision model in use:
|      [SPFP] - Single Precision Forces, 64-bit Fixed Point
|               Accumulation. (Default)
| 
|--------------------------------------------------------
 
|----------------- CITATION INFORMATION -----------------
|
|    When publishing work that utilized the CUDA version
|    of AMBER, please cite the following in addition to
|    the regular AMBER citations:
|
|  - Romelia Salomon-Ferrer; Andreas W. Goetz; Duncan
|    Poole; Scott Le Grand; Ross C. Walker "Routine
|    microsecond molecular dynamics simulations with
|    AMBER - Part II: Particle Mesh Ewald", J. Chem.
|    Theory Comput., 2013, 9 (9), pp3878-3888,
|    DOI: 10.1021/ct400314y.
|
|  - Andreas W. Goetz; Mark J. Williamson; Dong Xu;
|    Duncan Poole; Scott Le Grand; Ross C. Walker
|    "Routine microsecond molecular dynamics simulations
|    with AMBER - Part I: Generalized Born", J. Chem.
|    Theory Comput., 2012, 8 (5), pp1542-1555.
|
|  - Scott Le Grand; Andreas W. Goetz; Ross C. Walker
|    "SPFP: Speed without compromise - a mixed precision
|    model for GPU accelerated molecular dynamics
|    simulations.", Comp. Phys. Comm., 2013, 184
|    pp374-380, DOI: 10.1016/j.cpc.2012.09.022
|
|    When publishing work that utilized the CUDA version
|    of TI, BAR, MBAR or FEP please cite the following 
|    publications in addition to the regular AMBER 
|    GPU citations:
|
|  - Daniel J. Mermelstein; Charles Lin; Gard Nelson; 
|    Rachael Kretsch; J. Andrew McCammon; Ross C. Walker
|    "Fast and Flexible GPU Accelerated Binding 
|    Free Energy Calculations within the AMBER Molecular
|    Dynamics Package" J. Comp. Chem., 2018,
|    DOI: 10.1002/jcc.25187
|
|  - Tai-Sung Lee; Yuan Hu; Brad Sherborne; Zhuyan Guo;
|    Darrin M. York
|    "Toward Fast and Accurate Binding Affinity Prediction with
|    pmemdGTI: An Efficient Implementation of GPU-Accelerated
|    Thermodynamic Integration"
|    J. Chem. Theory Comput., 2017, 13 (7), 3077
|
|
|--------------------------------------------------------
 
|------------------- GPU DEVICE INFO --------------------
|
|            CUDA_VISIBLE_DEVICES: not set
|   CUDA Capable Devices Detected:      1
|           CUDA Device ID in use:      0
|                CUDA Device Name: Tesla K80
|     CUDA Device Global Mem Size:  11441 MB
| CUDA Device Num Multiprocessors:     13
|           CUDA Device Core Freq:   0.82 GHz
|
|--------------------------------------------------------
 
 
| Conditional Compilation Defines Used:
| PUBFFT
| BINTRAJ
| CUDA
| EMIL

| Largest sphere to fit in unit cell has radius =    12.877

| New format PARM file being parsed.
| Version =    1.000 Date = 02/27/19 Time = 20:53:33

| Note: 1-4 EEL scale factors are being read from the topology file.

| Note: 1-4 VDW scale factors are being read from the topology file.
| Duplicated    0 dihedrals

| Duplicated    0 dihedrals

--------------------------------------------------------------------------------
   1.  RESOURCE   USE: 
--------------------------------------------------------------------------------

 getting box info from netcdf restart file
 NATOM  =    1831 NTYPES =       5 NBONH =    1818 MBONA  =      13
 NTHETH =    1829 MTHETA =      14 NPHIH =      36 MPHIA  =      14
 NHPARM =       0 NPARM  =       0 NNB   =    2518 NRES   =     604
 NBONA  =      13 NTHETA =      14 NPHIA =      14 NUMBND =       6
 NUMANG =       6 NPTRA  =       2 NATYP =       6 NPHB   =       0
 IFBOX  =       1 NMXRS  =      13 IFCAP =       0 NEXTRA =       0
 NCOPY  =       0

| Coordinate Index Table dimensions:     5    5    6
| Direct force subcell size =     5.1507    5.2427    4.5620

     BOX TYPE: RECTILINEAR

--------------------------------------------------------------------------------
   2.  CONTROL  DATA  FOR  THE  RUN
--------------------------------------------------------------------------------

NIL                                                                             

General flags:
     imin    =       0, nmropt  =       1

Nature and format of input:
     ntx     =       1, irest   =       0, ntrx    =       1

Nature and format of output:
     ntxo    =       2, ntpr    =    1000, ntrx    =       1, ntwr    =    5000
     iwrap   =       1, ntwx    =    1000, ntwv    =       0, ntwe    =    1000
     ioutfm  =       1, ntwprt  =       0, idecomp =       0, rbornstat=      0

Potential function:
     ntf     =       1, ntb     =       1, igb     =       0, nsnb    =      25
     ipol    =       0, gbsa    =       0, iesp    =       0
     dielc   =   1.00000, cut     =   8.00000, intdiel =   1.00000

Frozen or restrained atoms:
     ibelly  =       0, ntr     =       1
     restraint_wt =   5.00000

Molecular dynamics:
     nstlim  =     10000, nscm    =         0, nrespa  =         1
     t       =   0.00000, dt      =   0.00200, vlimit  =  20.00000

Langevin dynamics temperature regulation:
     ig      =  537717
     temp0   = 300.00000, tempi   =  50.00000, gamma_ln=   2.00000

SHAKE:
     ntc     =       2, jfastw  =       0
     tol     =   0.00001

NMR refinement options:
     iscale  =       0, noeskp  =       1, ipnlty  =       1, mxsub   =       1
     scalm   = 100.00000, pencut  =   0.10000, tausw   =   0.10000

Free energy options:
     icfe    =       1, ifsc    =       1, klambda =       1
     clambda =  0.1000, scalpha =  0.5000, scbeta  = 12.0000
     sceeorder =       2
     dynlmb =  0.0000 logdvdl =       0

| Intermolecular bonds treatment:
|     no_intermolecular_bonds =       1

| Energy averages sample interval:
|     ene_avg_sampling =    1000

Ewald parameters:
     verbose =       0, ew_type =       0, nbflag  =       1, use_pme =       1
     vdwmeth =       1, eedmeth =       1, netfrc  =       1
     Box X =   25.754   Box Y =   26.213   Box Z =   27.372
     Alpha =   90.000   Beta  =   90.000   Gamma =   90.000
     NFFT1 =   28       NFFT2 =   28       NFFT3 =   28
     Cutoff=    8.000   Tol   =0.100E-04
     Ewald Coefficient =  0.34864
     Interpolation order =    4

    LOADING THE CONSTRAINED ATOMS AS GROUPS


   5.  REFERENCE ATOM COORDINATES

  NIL                                                                             
     Mask !:WAT & !@H=; matches    13 atoms
     TI Mask 1 :1; matches     12 atoms
     TI Mask 2 :2; matches     13 atoms
     TI region 1:    1818 atoms
     TI region 2:    1819 atoms
     SC Mask 1 :1@H7; matches      1 atoms
     SC Mask 2 :2@H7,O1; matches      2 atoms
Removing charge of       0.1300 from atom      12
Removing charge of      -0.6242 from atom      24
Removing charge of       0.4181 from atom      25
Total charge of  -0.07614616 removed from       3 atoms

--------------------------------------------------------------------------------
   3.  ATOMIC COORDINATES AND VELOCITIES
--------------------------------------------------------------------------------

NIL                                                                             
 begin time read from input coords =    40.000 ps



           Begin reading energy term weight changes/NMR restraints
 WEIGHT CHANGES:
 TEMP0         0   8000   50.000000  300.000000      0      0

 RESTRAINTS:
                          ** No restraint defined **

                  Done reading weight changes/NMR restraints


 
 Number of triangulated 3-point waters found:      602
   Removing shake constraints from H7    COR   1 -- C_12  COR   1
 Number of shake restraints removed in TI region  1 :        1
 Number of shake restraints removed in TI region  2 :        0

     Sum of charges for TI region  1 =  -0.13000066
     Assuming uniform neutralizing plasma


     Sum of charges for TI region  2 =   0.20614550
     Assuming uniform neutralizing plasma

| Dynamic Memory, Types Used:
| Reals              198041
| Integers            85178

| Nonbonded Pairs Initial Allocation:      305822

| GPU memory information (estimate):
| KB of GPU memory in use:         0
| KB of CPU memory in use:         0

--------------------------------------------------------------------------------
   4.  RESULTS
--------------------------------------------------------------------------------

   DOF for the SC part  1 of the system:    3
   DOF for the SC part  2 of the system:    5
   SHAKE constraints in the SC region:    1

| TI region  1


 NSTEP =        0   TIME(PS) =       0.000  TEMP(K) =    74.67  PRESS =     0.0
 Etot   =     -5488.5185  EKtot   =       270.2797  EPtot      =     -5758.7982
 BOND   =         3.8258  ANGLE   =         2.6090  DIHED      =         1.7878
 1-4 NB =        13.0360  1-4 EEL =         3.2207  VDWAALS    =       764.8596
 EELEC  =     -6548.1370  EHBOND  =         0.0000  RESTRAINT  =         0.0000
 DV/DL  =         2.9727
 ------------------------------------------------------------------------------

  Softcore part of the system:       1 atoms,       TEMP(K)    =         674.42
 SC_Etot=         2.6999  SC_EKtot=         2.0103  SC_EPtot   =         0.6896
 SC_BOND=         0.0000  SC_ANGLE=         0.4280  SC_DIHED   =         0.2278
 SC_14NB=         0.0338  SC_14EEL=         0.0000  SC_VDW     =         0.0000
 SC_EEL =         0.0000
 SC_RES_DIST=     0.0000  SC_RES_ANG=       0.0000  SC_RES_TORS=         0.0000
 SC_EEL_DER=      0.0000  SC_VDW_DER=       0.0082  SC_DERIV   =         0.0082
 ------------------------------------------------------------------------------


| TI region  2


 NSTEP =        0   TIME(PS) =       0.000  TEMP(K) =    74.65  PRESS =     0.0
 Etot   =     -5488.4319  EKtot   =       270.3664  EPtot      =     -5758.7982
 BOND   =         3.8258  ANGLE   =         2.6090  DIHED      =         1.7878
 1-4 NB =        13.0360  1-4 EEL =         3.2207  VDWAALS    =       764.8596
 EELEC  =     -6548.1370  EHBOND  =         0.0000  RESTRAINT  =         0.0000
 DV/DL  =         2.9727
 ------------------------------------------------------------------------------

  Softcore part of the system:       2 atoms,       TEMP(K)    =         398.70
 SC_Etot=         3.7526  SC_EKtot=         1.9807  SC_EPtot   =         1.7718
 SC_BOND=         0.0571  SC_ANGLE=         1.1995  SC_DIHED   =         0.2205
 SC_14NB=         0.2948  SC_14EEL=         0.0000  SC_VDW     =         0.0000
 SC_EEL =         0.0000
 SC_RES_DIST=     0.0000  SC_RES_ANG=       0.0000  SC_RES_TORS=         0.0000
 SC_EEL_DER=      0.0000  SC_VDW_DER=       0.0082  SC_DERIV   =         0.0082
 ------------------------------------------------------------------------------

 NMR restraints: Bond =    0.000   Angle =     0.000   Torsion =     0.000
===============================================================================

| TI region  1


 NSTEP =     1000   TIME(PS) =       2.000  TEMP(K) =    80.79  PRESS =     0.0
 Etot   =     -6706.4072  EKtot   =       292.4470  EPtot      =     -6998.8542
 BOND   =         1.8916  ANGLE   =         0.8901  DIHED      =         0.4157
 1-4 NB =        11.5050  1-4 EEL =         3.1916  VDWAALS    =      1213.4725
 EELEC  =     -8231.0259  EHBOND  =         0.0000  RESTRAINT  =         0.8052
 EAMBER (non-restraint)  =     -6999.6594
 DV/DL  =         3.4728
 ------------------------------------------------------------------------------

  Softcore part of the system:       1 atoms,       TEMP(K)    =         137.73
 SC_Etot=         0.8918  SC_EKtot=         0.4105  SC_EPtot   =         0.4812
 SC_BOND=         0.0163  SC_ANGLE=         0.2559  SC_DIHED   =         0.2055
 SC_14NB=         0.0036  SC_14EEL=         0.0000  SC_VDW     =         0.0000
 SC_EEL =         0.0000
 SC_RES_DIST=     0.0000  SC_RES_ANG=       0.0000  SC_RES_TORS=         0.0000
 SC_EEL_DER=      0.0000  SC_VDW_DER=       0.0100  SC_DERIV   =         0.0100
 ------------------------------------------------------------------------------


| TI region  2


 NSTEP =     1000   TIME(PS) =       2.000  TEMP(K) =    80.75  PRESS =     0.0
 Etot   =     -6706.4039  EKtot   =       292.4503  EPtot      =     -6998.8542
 BOND   =         1.8916  ANGLE   =         0.8901  DIHED      =         0.4157
 1-4 NB =        11.5050  1-4 EEL =         3.1916  VDWAALS    =      1213.4725
 EELEC  =     -8231.0259  EHBOND  =         0.0000  RESTRAINT  =         0.8052
 EAMBER (non-restraint)  =     -6999.6594
 DV/DL  =         3.4728
 ------------------------------------------------------------------------------

  Softcore part of the system:       2 atoms,       TEMP(K)    =          83.30
 SC_Etot=         1.3485  SC_EKtot=         0.4138  SC_EPtot   =         0.9347
 SC_BOND=         0.3048  SC_ANGLE=         0.4143  SC_DIHED   =         0.0557
 SC_14NB=         0.1600  SC_14EEL=         0.0000  SC_VDW     =         0.0000
 SC_EEL =         0.0000
 SC_RES_DIST=     0.0000  SC_RES_ANG=       0.0000  SC_RES_TORS=         0.0000
 SC_EEL_DER=      0.0000  SC_VDW_DER=       0.0100  SC_DERIV   =         0.0100
 ------------------------------------------------------------------------------

 NMR restraints: Bond =    0.000   Angle =     0.000   Torsion =     0.000
===============================================================================

| TI region  1


 NSTEP =     2000   TIME(PS) =       4.000  TEMP(K) =   107.53  PRESS =     0.0
 Etot   =     -6554.7491  EKtot   =       389.2315  EPtot      =     -6943.9805
 BOND   =         1.0868  ANGLE   =         1.1223  DIHED      =         0.4540
 1-4 NB =        12.0514  1-4 EEL =         3.1818  VDWAALS    =      1219.0393
 EELEC  =     -8182.0203  EHBOND  =         0.0000  RESTRAINT  =         1.1041
 EAMBER (non-restraint)  =     -6945.0846
 DV/DL  =         1.5433
 ------------------------------------------------------------------------------

  Softcore part of the system:       1 atoms,       TEMP(K)    =          29.65
 SC_Etot=         0.4133  SC_EKtot=         0.0884  SC_EPtot   =         0.3249
 SC_BOND=         0.2013  SC_ANGLE=         0.0619  SC_DIHED   =         0.0523
 SC_14NB=         0.0093  SC_14EEL=         0.0000  SC_VDW     =         0.0000
 SC_EEL =         0.0000
 SC_RES_DIST=     0.0000  SC_RES_ANG=       0.0000  SC_RES_TORS=         0.0000
 SC_EEL_DER=      0.0000  SC_VDW_DER=       0.0091  SC_DERIV   =         0.0091
 ------------------------------------------------------------------------------


| TI region  2


 NSTEP =     2000   TIME(PS) =       4.000  TEMP(K) =   107.70  PRESS =     0.0
 Etot   =     -6553.9370  EKtot   =       390.0436  EPtot      =     -6943.9805
 BOND   =         1.0868  ANGLE   =         1.1223  DIHED      =         0.4540
 1-4 NB =        12.0514  1-4 EEL =         3.1818  VDWAALS    =      1219.0393
 EELEC  =     -8182.0203  EHBOND  =         0.0000  RESTRAINT  =         1.1041
 EAMBER (non-restraint)  =     -6945.0846
 DV/DL  =         1.5433
 ------------------------------------------------------------------------------

  Softcore part of the system:       2 atoms,       TEMP(K)    =         181.26
 SC_Etot=         1.9100  SC_EKtot=         0.9005  SC_EPtot   =         1.0095
 SC_BOND=         0.1748  SC_ANGLE=         0.4998  SC_DIHED   =         0.1326
 SC_14NB=         0.2023  SC_14EEL=         0.0000  SC_VDW     =         0.0000
 SC_EEL =         0.0000
 SC_RES_DIST=     0.0000  SC_RES_ANG=       0.0000  SC_RES_TORS=         0.0000
 SC_EEL_DER=      0.0000  SC_VDW_DER=       0.0091  SC_DERIV   =         0.0091
 ------------------------------------------------------------------------------

 NMR restraints: Bond =    0.000   Angle =     0.000   Torsion =     0.000
===============================================================================

| TI region  1


 NSTEP =     3000   TIME(PS) =       6.000  TEMP(K) =   134.12  PRESS =     0.0
 Etot   =     -6361.4360  EKtot   =       485.4828  EPtot      =     -6846.9188
 BOND   =         2.3430  ANGLE   =         2.5618  DIHED      =         1.2498
 1-4 NB =        12.0190  1-4 EEL =         3.2943  VDWAALS    =      1237.3592
 EELEC  =     -8107.0682  EHBOND  =         0.0000  RESTRAINT  =         1.3223
 EAMBER (non-restraint)  =     -6848.2410
 DV/DL  =         8.3233
 ------------------------------------------------------------------------------

  Softcore part of the system:       1 atoms,       TEMP(K)    =         138.09
 SC_Etot=         0.7617  SC_EKtot=         0.4116  SC_EPtot   =         0.3501
 SC_BOND=         0.0064  SC_ANGLE=         0.1846  SC_DIHED   =         0.1687
 SC_14NB=        -0.0095  SC_14EEL=         0.0000  SC_VDW     =         0.0000
 SC_EEL =         0.0000
 SC_RES_DIST=     0.0000  SC_RES_ANG=       0.0000  SC_RES_TORS=         0.0000
 SC_EEL_DER=      0.0000  SC_VDW_DER=       0.0103  SC_DERIV   =         0.0103
 ------------------------------------------------------------------------------


| TI region  2


 NSTEP =     3000   TIME(PS) =       6.000  TEMP(K) =   134.11  PRESS =     0.0
 Etot   =     -6361.2360  EKtot   =       485.6828  EPtot      =     -6846.9188
 BOND   =         2.3430  ANGLE   =         2.5618  DIHED      =         1.2498
 1-4 NB =        12.0190  1-4 EEL =         3.2943  VDWAALS    =      1237.3592
 EELEC  =     -8107.0682  EHBOND  =         0.0000  RESTRAINT  =         1.3223
 EAMBER (non-restraint)  =     -6848.2410
 DV/DL  =         8.3233
 ------------------------------------------------------------------------------

  Softcore part of the system:       2 atoms,       TEMP(K)    =         123.11
 SC_Etot=         1.2564  SC_EKtot=         0.6116  SC_EPtot   =         0.6448
 SC_BOND=         0.0032  SC_ANGLE=         0.3271  SC_DIHED   =         0.1865
 SC_14NB=         0.1280  SC_14EEL=         0.0000  SC_VDW     =         0.0000
 SC_EEL =         0.0000
 SC_RES_DIST=     0.0000  SC_RES_ANG=       0.0000  SC_RES_TORS=         0.0000
 SC_EEL_DER=      0.0000  SC_VDW_DER=       0.0103  SC_DERIV   =         0.0103
 ------------------------------------------------------------------------------

 NMR restraints: Bond =    0.000   Angle =     0.000   Torsion =     0.000
===============================================================================

| TI region  1


 NSTEP =     4000   TIME(PS) =       8.000  TEMP(K) =   163.23  PRESS =     0.0
 Etot   =     -6119.2925  EKtot   =       590.8231  EPtot      =     -6710.1156
 BOND   =         1.0686  ANGLE   =         1.5469  DIHED      =         0.7852
 1-4 NB =        12.4867  1-4 EEL =         3.1632  VDWAALS    =      1229.9111
 EELEC  =     -7960.0540  EHBOND  =         0.0000  RESTRAINT  =         0.9768
 EAMBER (non-restraint)  =     -6711.0924
 DV/DL  =         4.8314
 ------------------------------------------------------------------------------

  Softcore part of the system:       1 atoms,       TEMP(K)    =         163.73
 SC_Etot=         1.0826  SC_EKtot=         0.4880  SC_EPtot   =         0.5946
 SC_BOND=         0.0120  SC_ANGLE=         0.2487  SC_DIHED   =         0.3110
 SC_14NB=         0.0228  SC_14EEL=         0.0000  SC_VDW     =         0.0000
 SC_EEL =         0.0000
 SC_RES_DIST=     0.0000  SC_RES_ANG=       0.0000  SC_RES_TORS=         0.0000
 SC_EEL_DER=      0.0000  SC_VDW_DER=       0.0106  SC_DERIV   =         0.0106
 ------------------------------------------------------------------------------


| TI region  2


 NSTEP =     4000   TIME(PS) =       8.000  TEMP(K) =   163.26  PRESS =     0.0
 Etot   =     -6118.8451  EKtot   =       591.2705  EPtot      =     -6710.1156
 BOND   =         1.0686  ANGLE   =         1.5469  DIHED      =         0.7852
 1-4 NB =        12.4867  1-4 EEL =         3.1632  VDWAALS    =      1229.9111
 EELEC  =     -7960.0540  EHBOND  =         0.0000  RESTRAINT  =         0.9768
 EAMBER (non-restraint)  =     -6711.0924
 DV/DL  =         4.8314
 ------------------------------------------------------------------------------

  Softcore part of the system:       2 atoms,       TEMP(K)    =         188.29
 SC_Etot=         2.6438  SC_EKtot=         0.9354  SC_EPtot   =         1.7084
 SC_BOND=         0.0513  SC_ANGLE=         0.2270  SC_DIHED   =         1.2230
 SC_14NB=         0.2071  SC_14EEL=         0.0000  SC_VDW     =         0.0000
 SC_EEL =         0.0000
 SC_RES_DIST=     0.0000  SC_RES_ANG=       0.0000  SC_RES_TORS=         0.0000
 SC_EEL_DER=      0.0000  SC_VDW_DER=       0.0106  SC_DERIV   =         0.0106
 ------------------------------------------------------------------------------

 NMR restraints: Bond =    0.000   Angle =     0.000   Torsion =     0.000
===============================================================================

| TI region  1


 NSTEP =     5000   TIME(PS) =      10.000  TEMP(K) =   189.58  PRESS =     0.0
 Etot   =     -5866.3114  EKtot   =       686.2223  EPtot      =     -6552.5337
 BOND   =         0.7290  ANGLE   =         1.2030  DIHED      =         0.6851
 1-4 NB =        13.4139  1-4 EEL =         3.2232  VDWAALS    =      1138.9589
 EELEC  =     -7714.4129  EHBOND  =         0.0000  RESTRAINT  =         3.6661
 EAMBER (non-restraint)  =     -6556.1998
 DV/DL  =        10.5047
 ------------------------------------------------------------------------------

  Softcore part of the system:       1 atoms,       TEMP(K)    =          65.70
 SC_Etot=         0.5397  SC_EKtot=         0.1958  SC_EPtot   =         0.3438
 SC_BOND=         0.0470  SC_ANGLE=         0.1937  SC_DIHED   =         0.0925
 SC_14NB=         0.0107  SC_14EEL=         0.0000  SC_VDW     =         0.0000
 SC_EEL =         0.0000
 SC_RES_DIST=     0.0000  SC_RES_ANG=       0.0000  SC_RES_TORS=         0.0000
 SC_EEL_DER=      0.0000  SC_VDW_DER=       0.0057  SC_DERIV   =         0.0057
 ------------------------------------------------------------------------------


| TI region  2


 NSTEP =     5000   TIME(PS) =      10.000  TEMP(K) =   189.63  PRESS =     0.0
 Etot   =     -5865.7566  EKtot   =       686.7772  EPtot      =     -6552.5337
 BOND   =         0.7290  ANGLE   =         1.2030  DIHED      =         0.6851
 1-4 NB =        13.4139  1-4 EEL =         3.2232  VDWAALS    =      1138.9589
 EELEC  =     -7714.4129  EHBOND  =         0.0000  RESTRAINT  =         3.6661
 EAMBER (non-restraint)  =     -6556.1998
 DV/DL  =        10.5047
 ------------------------------------------------------------------------------

  Softcore part of the system:       2 atoms,       TEMP(K)    =         151.10
 SC_Etot=         2.2848  SC_EKtot=         0.7507  SC_EPtot   =         1.5342
 SC_BOND=         0.0136  SC_ANGLE=         0.9148  SC_DIHED   =         0.3448
 SC_14NB=         0.2609  SC_14EEL=         0.0000  SC_VDW     =         0.0000
 SC_EEL =         0.0000
 SC_RES_DIST=     0.0000  SC_RES_ANG=       0.0000  SC_RES_TORS=         0.0000
 SC_EEL_DER=      0.0000  SC_VDW_DER=       0.0057  SC_DERIV   =         0.0057
 ------------------------------------------------------------------------------

 NMR restraints: Bond =    0.000   Angle =     0.000   Torsion =     0.000
===============================================================================

| TI region  1


 NSTEP =     6000   TIME(PS) =      12.000  TEMP(K) =   229.19  PRESS =     0.0
 Etot   =     -5573.7239  EKtot   =       829.5828  EPtot      =     -6403.3067
 BOND   =         2.0487  ANGLE   =         2.6812  DIHED      =         1.0914
 1-4 NB =        13.0637  1-4 EEL =         3.2787  VDWAALS    =      1111.8447
 EELEC  =     -7537.6874  EHBOND  =         0.0000  RESTRAINT  =         0.3724
 EAMBER (non-restraint)  =     -6403.6791
 DV/DL  =         8.2495
 ------------------------------------------------------------------------------

  Softcore part of the system:       1 atoms,       TEMP(K)    =         335.71
 SC_Etot=         3.6408  SC_EKtot=         1.0007  SC_EPtot   =         2.6401
 SC_BOND=         2.1360  SC_ANGLE=         0.0948  SC_DIHED   =         0.3814
 SC_14NB=         0.0278  SC_14EEL=         0.0000  SC_VDW     =         0.0000
 SC_EEL =         0.0000
 SC_RES_DIST=     0.0000  SC_RES_ANG=       0.0000  SC_RES_TORS=         0.0000
 SC_EEL_DER=      0.0000  SC_VDW_DER=       0.0255  SC_DERIV   =         0.0255
 ------------------------------------------------------------------------------


| TI region  2


 NSTEP =     6000   TIME(PS) =      12.000  TEMP(K) =   229.24  PRESS =     0.0
 Etot   =     -5573.0891  EKtot   =       830.2176  EPtot      =     -6403.3067
 BOND   =         2.0487  ANGLE   =         2.6812  DIHED      =         1.0914
 1-4 NB =        13.0637  1-4 EEL =         3.2787  VDWAALS    =      1111.8447
 EELEC  =     -7537.6874  EHBOND  =         0.0000  RESTRAINT  =         0.3724
 EAMBER (non-restraint)  =     -6403.6791
 DV/DL  =         8.2495
 ------------------------------------------------------------------------------

  Softcore part of the system:       2 atoms,       TEMP(K)    =         329.21
 SC_Etot=         2.8772  SC_EKtot=         1.6355  SC_EPtot   =         1.2417
 SC_BOND=         0.0012  SC_ANGLE=         0.5418  SC_DIHED   =         0.5289
 SC_14NB=         0.1699  SC_14EEL=         0.0000  SC_VDW     =         0.0000
 SC_EEL =         0.0000
 SC_RES_DIST=     0.0000  SC_RES_ANG=       0.0000  SC_RES_TORS=         0.0000
 SC_EEL_DER=      0.0000  SC_VDW_DER=       0.0255  SC_DERIV   =         0.0255
 ------------------------------------------------------------------------------

 NMR restraints: Bond =    0.000   Angle =     0.000   Torsion =     0.000
===============================================================================

| TI region  1


 NSTEP =     7000   TIME(PS) =      14.000  TEMP(K) =   248.94  PRESS =     0.0
 Etot   =     -5214.4733  EKtot   =       901.0875  EPtot      =     -6115.5608
 BOND   =         2.2924  ANGLE   =         2.2651  DIHED      =         2.1310
 1-4 NB =        13.4504  1-4 EEL =         3.1476  VDWAALS    =      1048.6023
 EELEC  =     -7188.0315  EHBOND  =         0.0000  RESTRAINT  =         0.5818
 EAMBER (non-restraint)  =     -6116.1426
 DV/DL  =         6.4212
 ------------------------------------------------------------------------------

  Softcore part of the system:       1 atoms,       TEMP(K)    =         298.64
 SC_Etot=         1.2574  SC_EKtot=         0.8902  SC_EPtot   =         0.3673
 SC_BOND=         0.0415  SC_ANGLE=         0.1808  SC_DIHED   =         0.1190
 SC_14NB=         0.0259  SC_14EEL=         0.0000  SC_VDW     =         0.0000
 SC_EEL =         0.0000
 SC_RES_DIST=     0.0000  SC_RES_ANG=       0.0000  SC_RES_TORS=         0.0000
 SC_EEL_DER=      0.0000  SC_VDW_DER=      -0.1832  SC_DERIV   =        -0.1832
 ------------------------------------------------------------------------------


| TI region  2


 NSTEP =     7000   TIME(PS) =      14.000  TEMP(K) =   248.77  PRESS =     0.0
 Etot   =     -5214.6100  EKtot   =       900.9509  EPtot      =     -6115.5608
 BOND   =         2.2924  ANGLE   =         2.2651  DIHED      =         2.1310
 1-4 NB =        13.4504  1-4 EEL =         3.1476  VDWAALS    =      1048.6023
 EELEC  =     -7188.0315  EHBOND  =         0.0000  RESTRAINT  =         0.5818
 EAMBER (non-restraint)  =     -6116.1426
 DV/DL  =         6.4212
 ------------------------------------------------------------------------------

  Softcore part of the system:       2 atoms,       TEMP(K)    =         151.67
 SC_Etot=         5.2781  SC_EKtot=         0.7535  SC_EPtot   =         4.5246
 SC_BOND=         1.8319  SC_ANGLE=         0.5208  SC_DIHED   =         1.7310
 SC_14NB=         0.4409  SC_14EEL=         0.0000  SC_VDW     =         0.0000
 SC_EEL =         0.0000
 SC_RES_DIST=     0.0000  SC_RES_ANG=       0.0000  SC_RES_TORS=         0.0000
 SC_EEL_DER=      0.0000  SC_VDW_DER=      -0.1832  SC_DERIV   =        -0.1832
 ------------------------------------------------------------------------------

 NMR restraints: Bond =    0.000   Angle =     0.000   Torsion =     0.000
===============================================================================

| TI region  1


 NSTEP =     8000   TIME(PS) =      16.000  TEMP(K) =   295.17  PRESS =     0.0
 Etot   =     -4771.5814  EKtot   =      1068.4168  EPtot      =     -5839.9982
 BOND   =         0.9181  ANGLE   =         2.3573  DIHED      =         1.0320
 1-4 NB =        14.3122  1-4 EEL =         3.3780  VDWAALS    =       849.1216
 EELEC  =     -6715.7331  EHBOND  =         0.0000  RESTRAINT  =         4.6157
 EAMBER (non-restraint)  =     -5844.6139
 DV/DL  =         6.9200
 ------------------------------------------------------------------------------

  Softcore part of the system:       1 atoms,       TEMP(K)    =         200.09
 SC_Etot=         2.6200  SC_EKtot=         0.5964  SC_EPtot   =         2.0236
 SC_BOND=         0.0002  SC_ANGLE=         0.3021  SC_DIHED   =         1.7387
 SC_14NB=        -0.0173  SC_14EEL=         0.0000  SC_VDW     =         0.0000
 SC_EEL =         0.0000
 SC_RES_DIST=     0.0000  SC_RES_ANG=       0.0000  SC_RES_TORS=         0.0000
 SC_EEL_DER=      0.0000  SC_VDW_DER=      -0.1460  SC_DERIV   =        -0.1460
 ------------------------------------------------------------------------------


| TI region  2


 NSTEP =     8000   TIME(PS) =      16.000  TEMP(K) =   295.11  PRESS =     0.0
 Etot   =     -4771.2238  EKtot   =      1068.7744  EPtot      =     -5839.9982
 BOND   =         0.9181  ANGLE   =         2.3573  DIHED      =         1.0320
 1-4 NB =        14.3122  1-4 EEL =         3.3780  VDWAALS    =       849.1216
 EELEC  =     -6715.7331  EHBOND  =         0.0000  RESTRAINT  =         4.6157
 EAMBER (non-restraint)  =     -5844.6139
 DV/DL  =         6.9200
 ------------------------------------------------------------------------------

  Softcore part of the system:       2 atoms,       TEMP(K)    =         192.02
 SC_Etot=         3.6509  SC_EKtot=         0.9540  SC_EPtot   =         2.6969
 SC_BOND=         1.1237  SC_ANGLE=         0.1275  SC_DIHED   =         1.3579
 SC_14NB=         0.0879  SC_14EEL=         0.0000  SC_VDW     =         0.0000
 SC_EEL =         0.0000
 SC_RES_DIST=     0.0000  SC_RES_ANG=       0.0000  SC_RES_TORS=         0.0000
 SC_EEL_DER=      0.0000  SC_VDW_DER=      -0.1460  SC_DERIV   =        -0.1460
 ------------------------------------------------------------------------------

 NMR restraints: Bond =    0.000   Angle =     0.000   Torsion =     0.000
===============================================================================

| TI region  1


 NSTEP =     9000   TIME(PS) =      18.000  TEMP(K) =   302.05  PRESS =     0.0
 Etot   =     -4619.7616  EKtot   =      1093.3165  EPtot      =     -5713.0780
 BOND   =         2.0430  ANGLE   =         2.3032  DIHED      =         1.5187
 1-4 NB =        11.4098  1-4 EEL =         3.1929  VDWAALS    =       856.1326
 EELEC  =     -6593.0002  EHBOND  =         0.0000  RESTRAINT  =         3.3218
 EAMBER (non-restraint)  =     -5716.3999
 DV/DL  =         3.3685
 ------------------------------------------------------------------------------

  Softcore part of the system:       1 atoms,       TEMP(K)    =         596.03
 SC_Etot=         4.4904  SC_EKtot=         1.7766  SC_EPtot   =         2.7138
 SC_BOND=         2.1915  SC_ANGLE=         0.4504  SC_DIHED   =         0.0347
 SC_14NB=         0.0371  SC_14EEL=         0.0000  SC_VDW     =         0.0000
 SC_EEL =         0.0000
 SC_RES_DIST=     0.0000  SC_RES_ANG=       0.0000  SC_RES_TORS=         0.0000
 SC_EEL_DER=      0.0000  SC_VDW_DER=      -0.2085  SC_DERIV   =        -0.2085
 ------------------------------------------------------------------------------


| TI region  2


 NSTEP =     9000   TIME(PS) =      18.000  TEMP(K) =   302.60  PRESS =     0.0
 Etot   =     -4617.1576  EKtot   =      1095.9204  EPtot      =     -5713.0780
 BOND   =         2.0430  ANGLE   =         2.3032  DIHED      =         1.5187
 1-4 NB =        11.4098  1-4 EEL =         3.1929  VDWAALS    =       856.1326
 EELEC  =     -6593.0002  EHBOND  =         0.0000  RESTRAINT  =         3.3218
 EAMBER (non-restraint)  =     -5716.3999
 DV/DL  =         3.3685
 ------------------------------------------------------------------------------

  Softcore part of the system:       2 atoms,       TEMP(K)    =         881.76
 SC_Etot=         6.0825  SC_EKtot=         4.3806  SC_EPtot   =         1.7020
 SC_BOND=         0.2280  SC_ANGLE=         1.0095  SC_DIHED   =         0.2323
 SC_14NB=         0.2322  SC_14EEL=         0.0000  SC_VDW     =         0.0000
 SC_EEL =         0.0000
 SC_RES_DIST=     0.0000  SC_RES_ANG=       0.0000  SC_RES_TORS=         0.0000
 SC_EEL_DER=      0.0000  SC_VDW_DER=      -0.2085  SC_DERIV   =        -0.2085
 ------------------------------------------------------------------------------

 NMR restraints: Bond =    0.000   Angle =     0.000   Torsion =     0.000
===============================================================================

| TI region  1


 NSTEP =    10000   TIME(PS) =      20.000  TEMP(K) =   301.15  PRESS =     0.0
 Etot   =     -4651.1765  EKtot   =      1090.0600  EPtot      =     -5741.2365
 BOND   =         2.1315  ANGLE   =         3.0791  DIHED      =         4.2906
 1-4 NB =        12.0035  1-4 EEL =         3.0622  VDWAALS    =       892.2685
 EELEC  =     -6660.0385  EHBOND  =         0.0000  RESTRAINT  =         1.9664
 EAMBER (non-restraint)  =     -5743.2029
 DV/DL  =         2.9295
 ------------------------------------------------------------------------------

  Softcore part of the system:       1 atoms,       TEMP(K)    =         244.72
 SC_Etot=         3.1672  SC_EKtot=         0.7295  SC_EPtot   =         2.4377
 SC_BOND=         0.3449  SC_ANGLE=         1.5383  SC_DIHED   =         0.4881
 SC_14NB=         0.0664  SC_14EEL=         0.0000  SC_VDW     =         0.0000
 SC_EEL =         0.0000
 SC_RES_DIST=     0.0000  SC_RES_ANG=       0.0000  SC_RES_TORS=         0.0000
 SC_EEL_DER=      0.0000  SC_VDW_DER=       0.0061  SC_DERIV   =         0.0061
 ------------------------------------------------------------------------------


| TI region  2


 NSTEP =    10000   TIME(PS) =      20.000  TEMP(K) =   301.05  PRESS =     0.0
 Etot   =     -4650.9536  EKtot   =      1090.2829  EPtot      =     -5741.2365
 BOND   =         2.1315  ANGLE   =         3.0791  DIHED      =         4.2906
 1-4 NB =        12.0035  1-4 EEL =         3.0622  VDWAALS    =       892.2685
 EELEC  =     -6660.0385  EHBOND  =         0.0000  RESTRAINT  =         1.9664
 EAMBER (non-restraint)  =     -5743.2029
 DV/DL  =         2.9295
 ------------------------------------------------------------------------------

  Softcore part of the system:       2 atoms,       TEMP(K)    =         191.69
 SC_Etot=         2.5612  SC_EKtot=         0.9523  SC_EPtot   =         1.6089
 SC_BOND=         0.0627  SC_ANGLE=         0.4530  SC_DIHED   =         0.6988
 SC_14NB=         0.3944  SC_14EEL=         0.0000  SC_VDW     =         0.0000
 SC_EEL =         0.0000
 SC_RES_DIST=     0.0000  SC_RES_ANG=       0.0000  SC_RES_TORS=         0.0000
 SC_EEL_DER=      0.0000  SC_VDW_DER=       0.0061  SC_DERIV   =         0.0061
 ------------------------------------------------------------------------------

 NMR restraints: Bond =    0.000   Angle =     0.000   Torsion =     0.000
===============================================================================

| TI region  1


      A V E R A G E S   O V E R      10 S T E P S


 NSTEP =    10000   TIME(PS) =      20.000  TEMP(K) =   205.18  PRESS =     0.0
 Etot   =     -5643.8913  EKtot   =       742.6670  EPtot      =     -6386.5583
 BOND   =         1.6553  ANGLE   =         2.0010  DIHED      =         1.3654
 1-4 NB =        12.5716  1-4 EEL =         3.2114  VDWAALS    =      1079.6711
 EELEC  =     -7488.9072  EHBOND  =         0.0000  RESTRAINT  =         1.8732
 EAMBER (non-restraint)  =     -6388.4316
 DV/DL  =         5.6564
 ------------------------------------------------------------------------------

 NMR restraints: Bond =    0.000   Angle =     0.000   Torsion =     0.000
===============================================================================
  Softcore part of the system:       1 atoms,       TEMP(K)    =         221.01
 SC_Etot=         1.8865  SC_EKtot=         0.6588  SC_EPtot   =         1.2277
 SC_BOND=         0.4997  SC_ANGLE=         0.3511  SC_DIHED   =         0.3592
 SC_14NB=         0.0177  SC_14EEL=         0.0000  SC_VDW     =         0.0000
 SC_EEL =         0.0000
 SC_RES_DIST=     0.0000  SC_RES_ANG=       0.0000  SC_RES_TORS=         0.0000
 SC_EEL_DER=      0.0000  SC_VDW_DER=      -0.0460  SC_DERIV   =        -0.0460
 ------------------------------------------------------------------------------


      R M S  F L U C T U A T I O N S


 NSTEP =    10000   TIME(PS) =      20.000  TEMP(K) =    78.26  PRESS =     0.0
 Etot   =       757.2002  EKtot   =       283.2671  EPtot      =       476.6822
 BOND   =         0.5946  ANGLE   =         0.7125  DIHED      =         1.0908
 1-4 NB =         0.9026  1-4 EEL =         0.0834  VDWAALS    =       151.1693
 EELEC  =       621.8101  EHBOND  =         0.0000  RESTRAINT  =         1.4001
 EAMBER (non-restraint)  =       475.2821
 DV/DL  =         2.7306
 ------------------------------------------------------------------------------

  Softcore part of the system:       1 atoms,       TEMP(K)    =         154.48
 SC_Etot=         1.3898  SC_EKtot=         0.4605  SC_EPtot   =         1.0181
 SC_BOND=         0.8386  SC_ANGLE=         0.4089  SC_DIHED   =         0.4807
 SC_14NB=         0.0229  SC_14EEL=         0.0000  SC_VDW     =         0.0000
 SC_EEL =         0.0000
 SC_RES_DIST=     0.0000  SC_RES_ANG=       0.0000  SC_RES_TORS=         0.0000
 SC_EEL_DER=      0.0000  SC_VDW_DER=       0.0885  SC_DERIV   =         0.0885
 ------------------------------------------------------------------------------


| TI region  2


      A V E R A G E S   O V E R      10 S T E P S


 NSTEP =    10000   TIME(PS) =      20.000  TEMP(K) =   205.22  PRESS =     0.0
 Etot   =     -5643.3213  EKtot   =       743.2370  EPtot      =     -6386.5583
 BOND   =         1.6553  ANGLE   =         2.0010  DIHED      =         1.3654
 1-4 NB =        12.5716  1-4 EEL =         3.2114  VDWAALS    =      1079.6711
 EELEC  =     -7488.9072  EHBOND  =         0.0000  RESTRAINT  =         1.8732
 EAMBER (non-restraint)  =     -6388.4316
 DV/DL  =         5.6564
 ------------------------------------------------------------------------------

 NMR restraints: Bond =    0.000   Angle =     0.000   Torsion =     0.000
===============================================================================
  Softcore part of the system:       2 atoms,       TEMP(K)    =         247.34
 SC_Etot=         2.9893  SC_EKtot=         1.2288  SC_EPtot   =         1.7606
 SC_BOND=         0.3795  SC_ANGLE=         0.5036  SC_DIHED   =         0.6491
 SC_14NB=         0.2284  SC_14EEL=         0.0000  SC_VDW     =         0.0000
 SC_EEL =         0.0000
 SC_RES_DIST=     0.0000  SC_RES_ANG=       0.0000  SC_RES_TORS=         0.0000
 SC_EEL_DER=      0.0000  SC_VDW_DER=      -0.0460  SC_DERIV   =        -0.0460
 ------------------------------------------------------------------------------


      R M S  F L U C T U A T I O N S


 NSTEP =    10000   TIME(PS) =      20.000  TEMP(K) =    78.28  PRESS =     0.0
 Etot   =       757.4597  EKtot   =       283.5155  EPtot      =       476.6822
 BOND   =         0.5946  ANGLE   =         0.7125  DIHED      =         1.0908
 1-4 NB =         0.9026  1-4 EEL =         0.0834  VDWAALS    =       151.1693
 EELEC  =       621.8101  EHBOND  =         0.0000  RESTRAINT  =         1.4001
 EAMBER (non-restraint)  =       475.2821
 DV/DL  =         2.7306
 ------------------------------------------------------------------------------

  Softcore part of the system:       2 atoms,       TEMP(K)    =         219.99
 SC_Etot=         1.5138  SC_EKtot=         1.0929  SC_EPtot   =         1.0657
 SC_BOND=         0.5797  SC_ANGLE=         0.2620  SC_DIHED   =         0.5584
 SC_14NB=         0.1062  SC_14EEL=         0.0000  SC_VDW     =         0.0000
 SC_EEL =         0.0000
 SC_RES_DIST=     0.0000  SC_RES_ANG=       0.0000  SC_RES_TORS=         0.0000
 SC_EEL_DER=      0.0000  SC_VDW_DER=       0.0885  SC_DERIV   =         0.0885
 ------------------------------------------------------------------------------


      DV/DL, AVERAGES OVER      10 STEPS


 NSTEP =    10000   TIME(PS) =      20.000  TEMP(K) =    78.28  PRESS =     0.0
 Etot   =         0.0000  EKtot   =         0.0000  EPtot      =         5.6564
 BOND   =         0.0000  ANGLE   =         0.0000  DIHED      =         0.0000
 1-4 NB =         0.0000  1-4 EEL =        -7.9513  VDWAALS    =        -1.6685
 EELEC  =        15.3223  EHBOND  =         0.0000  RESTRAINT  =         0.0000
 DV/DL  =         5.6564
 ------------------------------------------------------------------------------


 NMR restraints on final step:

--------------------------------------------------------------------------------
   5.  TIMINGS
--------------------------------------------------------------------------------

|  NonSetup CPU Time in Major Routines:
|
|     Routine           Sec        %
|     ------------------------------
|     Nonbond           3.62   44.10
|     Bond              0.00    0.00
|     Angle             0.00    0.00
|     Dihedral          0.00    0.00
|     Shake             0.05    0.64
|     RunMD             4.51   54.94
|     Other             0.03    0.31
|     ------------------------------
|     Total             8.21

|  PME Nonbond Pairlist CPU Time:
|
|     Routine              Sec        %
|     ---------------------------------
|     Set Up Cit           0.00    0.00
|     Build List           0.00    0.00
|     ---------------------------------
|     Total                0.00    0.00

|  PME Direct Force CPU Time:
|
|     Routine              Sec        %
|     ---------------------------------
|     NonBonded Calc       0.00    0.00
|     Exclude Masked       0.00    0.00
|     Other                0.02    0.21
|     ---------------------------------
|     Total                0.02    0.21

|  PME Reciprocal Force CPU Time:
|
|     Routine              Sec        %
|     ---------------------------------
|     1D bspline           0.00    0.00
|     Grid Charges         0.00    0.00
|     Scalar Sum           0.00    0.00
|     Gradient Sum         0.00    0.00
|     FFT                  0.00    0.00
|     ---------------------------------
|     Total                0.00    0.00

|  Final Performance Info:
|     -----------------------------------------------------
|     Average timings for last   10000 steps:
|     Elapsed(s) =       8.21 Per Step(ms) =       0.82
|         ns/day =     210.59   seconds/ns =     410.27
|
|     Average timings for all steps:
|     Elapsed(s) =       8.21 Per Step(ms) =       0.82
|         ns/day =     210.59   seconds/ns =     410.27
|     -----------------------------------------------------

|  Setup CPU time:            1.11 seconds
|  NonSetup CPU time:         8.21 seconds
|  Total CPU time:            9.31 seconds     0.00 hours

|  Setup wall time:           3    seconds
|  NonSetup wall time:        8    seconds
|  Total wall time:          11    seconds     0.00 hours
