
Static FFT Slab Distribution:

  FFT slabs assigned to    4 tasks
  Maximum of   23 xy slabs per task
  Maximum of   19 zx slabs per task
  Count of FFT xy slabs assigned to each task:
      22  22  23  23
  Count of FFT xz slabs assigned to each task:
      19  19  19  18

Atom Distribution No.     2 at run step    2925:

  Count of atoms assigned to each task:
         7982     8379     8185     6008

Atom Distribution No.     3 at run step    5848:

  Count of atoms assigned to each task:
         7850     8403     8275     6026

Atom Distribution No.     4 at run step    8789:

  Count of atoms assigned to each task:
         8015     8436     8062     6041

Atom Distribution No.     5 at run step   11708:

  Count of atoms assigned to each task:
         8078     8406     8038     6032

Atom Distribution No.     6 at run step   14629:

  Count of atoms assigned to each task:
         8003     8388     7981     6182

Atom Distribution No.     7 at run step   17542:

  Count of atoms assigned to each task:
         7781     8817     7648     6308

Atom Distribution No.     8 at run step   20462:

  Count of atoms assigned to each task:
         7982     8217     8038     6317

Atom Distribution No.     9 at run step   23379:

  Count of atoms assigned to each task:
         8018     8394     7858     6284

Atom Distribution No.    10 at run step   26294:

  Count of atoms assigned to each task:
         8330     8394     7837     5993

Atom Distribution No.    11 at run step   29224:

  Count of atoms assigned to each task:
         8120     8238     8065     6131

Atom Distribution No.    12 at run step   32138:

  Count of atoms assigned to each task:
         7916     8172     8053     6413

Atom Distribution No.    13 at run step   35094:

  Count of atoms assigned to each task:
         8057     8013     8071     6413

Atom Distribution No.    14 at run step   38021:

  Count of atoms assigned to each task:
         8063     8043     7951     6497

Atom Distribution No.    15 at run step   40951:

  Count of atoms assigned to each task:
         8126     8079     8038     6311

Atom Distribution No.    16 at run step   43878:

  Count of atoms assigned to each task:
         8012     8094     8029     6419

Atom Distribution No.    17 at run step   46805:

  Count of atoms assigned to each task:
         7940     8130     8011     6473

Atom Distribution No.    18 at run step   49740:

  Count of atoms assigned to each task:
         8107     8040     7930     6477

Atom Distribution No.    19 at run step   52669:

  Count of atoms assigned to each task:
         6821     8079     7912     7742

Atom Distribution No.    20 at run step   55620:

  Count of atoms assigned to each task:
         8126     8064     8008     6356

Atom Distribution No.    21 at run step   58536:

  Count of atoms assigned to each task:
         8111     7974     8014     6455

Atom Distribution No.    22 at run step   61435:

  Count of atoms assigned to each task:
         8111     7974     8014     6455

Atom Distribution No.    23 at run step   64343:

  Count of atoms assigned to each task:
         8162     8124     8083     6185

Atom Distribution No.    24 at run step   67250:

  Count of atoms assigned to each task:
         8192     7674     8164     6524

Atom Distribution No.    25 at run step   70193:

  Count of atoms assigned to each task:
         8015     8127     7978     6434

Atom Distribution No.    26 at run step   73108:

  Count of atoms assigned to each task:
         8210     8103     7900     6341

Atom Distribution No.    27 at run step   76037:

  Count of atoms assigned to each task:
         8027     8112     7981     6434

Atom Distribution No.    28 at run step   78966:

  Count of atoms assigned to each task:
         8123     8010     8041     6380

Atom Distribution No.    29 at run step   81878:

  Count of atoms assigned to each task:
         8090     8067     7981     6416

Atom Distribution No.    30 at run step   84797:

  Count of atoms assigned to each task:
         8219     7959     7918     6458

Atom Distribution No.    31 at run step   87724:

  Count of atoms assigned to each task:
         8012     8136     7993     6413

Atom Distribution No.    32 at run step   90673:

  Count of atoms assigned to each task:
         8072     8043     7999     6440

Atom Distribution No.    33 at run step   93602:

  Count of atoms assigned to each task:
         8123     8043     7972     6416

Atom Distribution No.    34 at run step   96556:

  Count of atoms assigned to each task:
         8087     7860     8050     6557

Atom Distribution No.    35 at run step   99486:

  Count of atoms assigned to each task:
         8136     8064     8020     6334

Major Routine Parallel Profiling - NonSetup CPU Seconds:

           D                                                              
           a                                                              
           t                                                              
           a                              D                               
           D         N                    i                               
           i         o                    h                               
           s         n             A      e      S      R      O         T
   T       t         B      B      n      d      h      u      t         o
   a       r         o      o      g      r      a      n      h         t
   s       i         n      n      l      a      k      M      e         a
   k       b         d      d      e      l      e      D      r         l
------------------------------------------------------------------------------
   0   456.5    8506.3   36.4    1.8   10.1   43.9  485.4    0.4    9540.7
   1   471.9    8496.6   38.1    0.1    0.1   45.6  488.9    0.4    9541.6
   2   482.5    8490.2   37.7    0.1    0.1   45.2  485.9    0.5    9542.0
   3   641.0    7975.2   23.1   58.0  332.4   33.4  480.2    1.5    9544.7
------------------------------------------------------------------------------
 avg   513.0    8367.1   33.8   15.0   85.7   42.0  485.1    0.7    9542.3
 min   456.5    7975.2   23.1    0.1    0.1   33.4  480.2    0.4    9540.7
 max   641.0    8506.3   38.1   58.0  332.4   45.6  488.9    1.5    9544.7
 std    74.5     226.3    6.2   24.8  142.5    5.0    3.1    0.5       1.5
------------------------------------------------------------------------------

PME NonBond Parallel Profiling - NonSetup CPU Seconds:

                     D                           
           P         i         R                 
           a         r         e      L          
           i         e         c      o          
           r         c         i      a         T
   T       l         t         p      d         o
   a       i         F         F      B         t
   s       s         r         r      a         a
   k       t         c         c      l         l
-------------------------------------------------
   0   682.3    4178.7    3644.4    0.4    8505.9
   1   663.2    4200.4    3632.3    0.4    8496.3
   2   657.3    4138.4    3693.9    0.3    8489.9
   3   539.0    3582.5    3853.1    0.3    7974.9
-------------------------------------------------
 avg   635.5    4025.0    3706.0    0.3    8366.7
-------------------------------------------------
