
Static FFT Slab Distribution:

  FFT slabs assigned to    4 tasks
  Maximum of   19 xy slabs per task
  Maximum of   18 zx slabs per task
  Count of FFT xy slabs assigned to each task:
      18  19  19  19
  Count of FFT xz slabs assigned to each task:
      18  18  18  18

Atom Distribution No.     2 at run step    5057:

  Count of atoms assigned to each task:
         6791     8794     8193     6775

Atom Distribution No.     3 at run step    8622:

  Count of atoms assigned to each task:
         6706     8542     8299     7006

Major Routine Parallel Profiling - NonSetup CPU Seconds:

           D                                                              
           a                                                              
           t                                                              
           a                              D                               
           D         N                    i                               
           i         o                    h                               
           s         n             A      e      S      R      O         T
   T       t         B      B      n      d      h      u      t         o
   a       r         o      o      g      r      a      n      h         t
   s       i         n      n      l      a      k      M      e         a
   k       b         d      d      e      l      e      D      r         l
------------------------------------------------------------------------------
   0    45.0     459.2    1.6    2.5   13.3    3.7    6.2    0.0     531.5
   1    42.1     476.6    1.9    0.3    1.6    4.4    5.6    0.0     532.4
   2    41.9     476.1    1.7    0.4    2.1    4.2    5.6    0.0     532.1
   3    48.5     451.4    2.0    3.2   16.2    3.7    6.8    0.0     531.9
------------------------------------------------------------------------------
 avg    44.4     465.8    1.8    1.6    8.3    4.0    6.1    0.0     532.0
 min    41.9     451.4    1.6    0.3    1.6    3.7    5.6    0.0     531.5
 max    48.5     476.6    2.0    3.2   16.2    4.4    6.8    0.0     532.4
 std     2.7      10.9    0.1    1.3    6.5    0.3    0.5    0.0       0.3
------------------------------------------------------------------------------

PME NonBond Parallel Profiling - NonSetup CPU Seconds:

                     D                           
           P         i         R                 
           a         r         e      L          
           i         e         c      o          
           r         c         i      a         T
   T       l         t         p      d         o
   a       i         F         F      B         t
   s       s         r         r      a         a
   k       t         c         c      l         l
-------------------------------------------------
   0    36.8     236.9     185.5    0.0     459.2
   1    42.4     252.4     181.8    0.0     476.6
   2    42.1     251.4     182.5    0.0     476.1
   3    35.0     229.9     186.5    0.0     451.4
-------------------------------------------------
 avg    39.1     242.6     184.1    0.0     465.8
-------------------------------------------------
