
Static FFT Slab Distribution:

  FFT slabs assigned to    4 tasks
  Maximum of   23 xy slabs per task
  Maximum of   19 zx slabs per task
  Count of FFT xy slabs assigned to each task:
      22  22  23  23
  Count of FFT xz slabs assigned to each task:
      19  19  19  18

Atom Distribution No.     2 at run step    4615:

  Count of atoms assigned to each task:
         6598     8370     9169     6417

Atom Distribution No.     3 at run step    8277:

  Count of atoms assigned to each task:
         6642     8370     8837     6705

Major Routine Parallel Profiling - NonSetup CPU Seconds:

           D                                                              
           a                                                              
           t                                                              
           a                              D                               
           D         N                    i                               
           i         o                    h                               
           s         n             A      e      S      R      O         T
   T       t         B      B      n      d      h      u      t         o
   a       r         o      o      g      r      a      n      h         t
   s       i         n      n      l      a      k      M      e         a
   k       b         d      d      e      l      e      D      r         l
------------------------------------------------------------------------------
   0    33.8     662.4    2.4    2.6   14.9    3.7   17.5    0.1     737.5
   1    25.3     683.4    2.9    0.3    1.8    4.2   17.0    0.1     735.0
   2    26.2     682.3    3.0    0.8    4.1    4.6   16.7    0.4     738.1
   3    35.3     657.7    2.7    3.0   17.8    3.8   16.9    0.0     737.3
------------------------------------------------------------------------------
 avg    30.2     671.4    2.8    1.7    9.7    4.1   17.0    0.2     737.0
 min    25.3     657.7    2.4    0.3    1.8    3.7   16.7    0.0     735.0
 max    35.3     683.4    3.0    3.0   17.8    4.6   17.5    0.4     738.1
 std     4.5      11.5    0.2    1.2    6.8    0.3    0.3    0.2       1.2
------------------------------------------------------------------------------

PME NonBond Parallel Profiling - NonSetup CPU Seconds:

                     D                           
           P         i         R                 
           a         r         e      L          
           i         e         c      o          
           r         c         i      a         T
   T       l         t         p      d         o
   a       i         F         F      B         t
   s       s         r         r      a         a
   k       t         c         c      l         l
-------------------------------------------------
   0    39.6     281.1     341.7    0.0     662.4
   1    48.1     308.2     327.0    0.0     683.4
   2    45.8     298.8     337.6    0.0     682.3
   3    39.4     268.2     350.1    0.0     657.7
-------------------------------------------------
 avg    43.2     289.1     339.1    0.0     671.4
-------------------------------------------------
