
Static FFT Slab Distribution:

  FFT slabs assigned to    4 tasks
  Maximum of   23 xy slabs per task
  Maximum of   19 zx slabs per task
  Count of FFT xy slabs assigned to each task:
      22  22  23  23
  Count of FFT xz slabs assigned to each task:
      19  19  19  18

Atom Distribution No.     2 at run step    2932:

  Count of atoms assigned to each task:
         7943     8409     8245     5957

Atom Distribution No.     3 at run step    5844:

  Count of atoms assigned to each task:
         7964     8433     8092     6065

Atom Distribution No.     4 at run step    8781:

  Count of atoms assigned to each task:
         8036     8403     8068     6047

Atom Distribution No.     5 at run step   11708:

  Count of atoms assigned to each task:
         8021     8409     8026     6098

Atom Distribution No.     6 at run step   14630:

  Count of atoms assigned to each task:
         8030     8379     8098     6047

Atom Distribution No.     7 at run step   17559:

  Count of atoms assigned to each task:
         8030     8379     8098     6047

Atom Distribution No.     8 at run step   20458:

  Count of atoms assigned to each task:
         7922     8460     8026     6146

Atom Distribution No.     9 at run step   23361:

  Count of atoms assigned to each task:
         7907     8322     8026     6299

Atom Distribution No.    10 at run step   26270:

  Count of atoms assigned to each task:
         8006     8277     7966     6305

Atom Distribution No.    11 at run step   29186:

  Count of atoms assigned to each task:
         6686     8133     8038     7697

Atom Distribution No.    12 at run step   32113:

  Count of atoms assigned to each task:
         6773     8133     7933     7715

Atom Distribution No.    13 at run step   35025:

  Count of atoms assigned to each task:
         6785     8085     8017     7667

Atom Distribution No.    14 at run step   37945:

  Count of atoms assigned to each task:
         6773     8082     8025     7674

Atom Distribution No.    15 at run step   40868:

  Count of atoms assigned to each task:
         6761     8085     8008     7700

Atom Distribution No.    16 at run step   43794:

  Count of atoms assigned to each task:
         6761     8082     8011     7700

Atom Distribution No.    17 at run step   46730:

  Count of atoms assigned to each task:
         6795     8109     7984     7666

Atom Distribution No.    18 at run step   49644:

  Count of atoms assigned to each task:
         8171     8097     7924     6362

Atom Distribution No.    19 at run step   52578:

  Count of atoms assigned to each task:
         6691     8077     8017     7769

Atom Distribution No.    20 at run step   55490:

  Count of atoms assigned to each task:
         6812     8115     7981     7646

Atom Distribution No.    21 at run step   58437:

  Count of atoms assigned to each task:
         6827     8100     7984     7643

Atom Distribution No.    22 at run step   61358:

  Count of atoms assigned to each task:
         6702     8109     8035     7708

Atom Distribution No.    23 at run step   64283:

  Count of atoms assigned to each task:
         8073     8046     7984     6451

Atom Distribution No.    24 at run step   67200:

  Count of atoms assigned to each task:
         8025     8085     7990     6454

Atom Distribution No.    25 at run step   70113:

  Count of atoms assigned to each task:
         8025     8085     7990     6454

Atom Distribution No.    26 at run step   73067:

  Count of atoms assigned to each task:
         8025     8085     7990     6454

Atom Distribution No.    27 at run step   76003:

  Count of atoms assigned to each task:
         8091     8001     8011     6451

Atom Distribution No.    28 at run step   78945:

  Count of atoms assigned to each task:
         8123     8037     7951     6443

Atom Distribution No.    29 at run step   81864:

  Count of atoms assigned to each task:
         8122     8037     7951     6444

Atom Distribution No.    30 at run step   84782:

  Count of atoms assigned to each task:
         6806     8158     7957     7633

Atom Distribution No.    31 at run step   87706:

  Count of atoms assigned to each task:
         8130     8079     7975     6370

Atom Distribution No.    32 at run step   90625:

  Count of atoms assigned to each task:
         8148     8044     7980     6382

Atom Distribution No.    33 at run step   93563:

  Count of atoms assigned to each task:
         8126     8070     7933     6425

Atom Distribution No.    34 at run step   96478:

  Count of atoms assigned to each task:
         8162     8055     7939     6398

Atom Distribution No.    35 at run step   99409:

  Count of atoms assigned to each task:
         8138     8100     7927     6389

Major Routine Parallel Profiling - NonSetup CPU Seconds:

           D                                                              
           a                                                              
           t                                                              
           a                              D                               
           D         N                    i                               
           i         o                    h                               
           s         n             A      e      S      R      O         T
   T       t         B      B      n      d      h      u      t         o
   a       r         o      o      g      r      a      n      h         t
   s       i         n      n      l      a      k      M      e         a
   k       b         d      d      e      l      e      D      r         l
------------------------------------------------------------------------------
   0   277.7    8178.0   34.8   21.2  118.2   41.1  431.7    0.4    9103.2
   1   229.9    8354.9   42.3    0.1    0.1   45.2  435.3    0.4    9108.1
   2   248.1    8333.1   40.9    0.1    0.1   44.4  432.4    0.4    9099.5
   3   362.0    7987.1   28.3   39.9  221.0   36.5  428.6    0.7    9104.0
------------------------------------------------------------------------------
 avg   279.4    8213.3   36.6   15.3   84.8   41.8  432.0    0.5    9103.7
 min   229.9    7987.1   28.3    0.1    0.1   36.5  428.6    0.4    9099.5
 max   362.0    8354.9   42.3   39.9  221.0   45.2  435.3    0.7    9108.1
 std    50.6     147.3    5.6   16.6   92.2    3.4    2.4    0.1       3.1
------------------------------------------------------------------------------

PME NonBond Parallel Profiling - NonSetup CPU Seconds:

                     D                           
           P         i         R                 
           a         r         e      L          
           i         e         c      o          
           r         c         i      a         T
   T       l         t         p      d         o
   a       i         F         F      B         t
   s       s         r         r      a         a
   k       t         c         c      l         l
-------------------------------------------------
   0   643.4    3996.5    3537.5    0.3    8177.7
   1   668.3    4207.1    3479.0    0.2    8354.6
   2   656.0    4132.9    3543.7    0.2    8332.9
   3   569.9    3752.8    3664.0    0.2    7986.8
-------------------------------------------------
 avg   634.4    4022.3    3556.0    0.2    8213.0
-------------------------------------------------
