
Static FFT Slab Distribution:

  FFT slabs assigned to    4 tasks
  Maximum of   19 xy slabs per task
  Maximum of   18 zx slabs per task
  Count of FFT xy slabs assigned to each task:
      18  19  19  19
  Count of FFT xz slabs assigned to each task:
      18  18  18  18

Atom Distribution No.     2 at run step    5070:

  Count of atoms assigned to each task:
         6966     8323     8697     6567

Atom Distribution No.     3 at run step    8601:

  Count of atoms assigned to each task:
         6532     8822     8132     7067

Major Routine Parallel Profiling - NonSetup CPU Seconds:

           D                                                              
           a                                                              
           t                                                              
           a                              D                               
           D         N                    i                               
           i         o                    h                               
           s         n             A      e      S      R      O         T
   T       t         B      B      n      d      h      u      t         o
   a       r         o      o      g      r      a      n      h         t
   s       i         n      n      l      a      k      M      e         a
   k       b         d      d      e      l      e      D      r         l
------------------------------------------------------------------------------
   0    40.3     452.8    1.6    2.4   13.2    3.7    6.8    0.0     520.8
   1    35.7     471.6    1.8    0.3    1.5    4.3    5.7    0.0     520.9
   2    33.4     471.6    2.0    0.5    2.6    4.3    6.7    0.0     521.1
   3    42.3     446.9    1.8    3.2   15.9    3.6    7.0    0.0     520.7
------------------------------------------------------------------------------
 avg    37.9     460.7    1.8    1.6    8.3    4.0    6.6    0.0     520.9
 min    33.4     446.9    1.6    0.3    1.5    3.6    5.7    0.0     520.7
 max    42.3     471.6    2.0    3.2   15.9    4.3    7.0    0.0     521.1
 std     3.6      11.1    0.2    1.2    6.3    0.3    0.5    0.0       0.1
------------------------------------------------------------------------------

PME NonBond Parallel Profiling - NonSetup CPU Seconds:

                     D                           
           P         i         R                 
           a         r         e      L          
           i         e         c      o          
           r         c         i      a         T
   T       l         t         p      d         o
   a       i         F         F      B         t
   s       s         r         r      a         a
   k       t         c         c      l         l
-------------------------------------------------
   0    35.7     236.0     181.1    0.0     452.7
   1    42.3     253.1     176.2    0.0     471.6
   2    41.8     252.5     177.3    0.0     471.6
   3    34.2     227.3     185.3    0.0     446.8
-------------------------------------------------
 avg    38.5     242.2     180.0    0.0     460.7
-------------------------------------------------
