
          -------------------------------------------------------
          Amber 18 PMEMD                              2018
          -------------------------------------------------------

| PMEMD implementation of SANDER, Release 18

| Run on 07/18/2018 at 10:28:17

|   Executable path: /home/case/amber18/bin/pmemd.MPI
| Working directory: /home/uv10/T4-lysozyme/one-step/free_energy/complex/vdw_bonded/0.0
|          Hostname: casegroup4.rutgers.edu

  [-O]verwriting output

File Assignments:
|   MDIN: heat.in                                                               
|  MDOUT: heat.out                                                              
| INPCRD: ti.rst7                                                               
|   PARM: ti.parm7                                                              
| RESTRT: heat.rst7                                                             
|   REFC: ti.rst7                                                               
|  MDVEL: mdvel                                                                 
|   MDEN: heat.en                                                               
|  MDCRD: heat.nc                                                               
| MDINFO: heat.info                                                             
|LOGFILE: heat.log                                                              
|  MDFRC: mdfrc                                                                 


 Here is the input file:

heating                                                                        
 &cntrl                                                                        
   imin = 0, nstlim = 10000, irest = 0, ntx = 1, dt = 0.002,                   
   ntt = 1, temp0 = 300.0, tempi = 50.0, tautp = 1.0,                          
   ntc = 2, ntf = 1,                                                           
   ntb = 1,                                                                    
   ioutfm = 1, iwrap = 1,                                                      
   ntwe = 1000, ntwx = 1000, ntpr = 1000, ntwr = 5000,                         
                                                                               
   nmropt = 1,                                                                 
   ntr = 1, restraint_wt = 5.00,                                               
   restraintmask='!:WAT & !@H=',                                               
                                                                               
   icfe = 1, clambda = 0.0, scalpha = 0.5, scbeta = 12.0,                      
   logdvdl = 0,                                                                
   timask1 = ':1', timask2 = ':2',                                             
   ifsc=1, scmask1=':1@H6', scmask2=':2@O1,H6'                                 
 /                                                                             
                                                                               
 &ewald                                                                        
 /                                                                             
                                                                               
 &wt                                                                           
   type='TEMP0',                                                               
   istep1 = 0, istep2 = 8000,                                                  
   value1 = 50.0, value2 = 300.0                                               
 /                                                                             
                                                                               
 &wt type = 'END'                                                              
 /                                                                             
                                                                               


Note: ig = -1. Setting random seed to   285160 based on wallclock time in
      microseconds and disabling the synchronization of random numbers 
      between tasks to improve performance.
| irandom = 1, using AMBER's internal random number generator (default).
 
 
| Conditional Compilation Defines Used:
| MPI
| PUBFFT
| BINTRAJ
| EMIL

| Largest sphere to fit in unit cell has radius =    31.244

| New format PARM file being parsed.
| Version =    1.000 Date = 07/16/18 Time = 16:53:54

| Note: 1-4 EEL scale factors are being read from the topology file.

| Note: 1-4 VDW scale factors are being read from the topology file.
| Duplicated    0 dihedrals

| Duplicated    0 dihedrals

--------------------------------------------------------------------------------
   1.  RESOURCE   USE: 
--------------------------------------------------------------------------------

 getting box info from netcdf restart file
 NATOM  =   30553 NTYPES =      17 NBONH =   29246 MBONA  =    1323
 NTHETH =    2992 MTHETA =    1779 NPHIH =    6075 MPHIA  =    5535
 NHPARM =       0 NPARM  =       0 NNB   =   51644 NRES   =    9475
 NBONA  =    1323 NTHETA =    1779 NPHIA =    5535 NUMBND =      69
 NUMANG =     153 NPTRA  =     180 NATYP =      38 NPHB   =       1
 IFBOX  =       1 NMXRS  =      24 IFCAP =       0 NEXTRA =       0
 NCOPY  =       0

| Coordinate Index Table dimensions:    12   13   14
| Direct force subcell size =     5.2074    5.1252    5.3431

     BOX TYPE: RECTILINEAR

--------------------------------------------------------------------------------
   2.  CONTROL  DATA  FOR  THE  RUN
--------------------------------------------------------------------------------

default_name                                                                    

General flags:
     imin    =       0, nmropt  =       1

Nature and format of input:
     ntx     =       1, irest   =       0, ntrx    =       1

Nature and format of output:
     ntxo    =       2, ntpr    =    1000, ntrx    =       1, ntwr    =    5000
     iwrap   =       1, ntwx    =    1000, ntwv    =       0, ntwe    =    1000
     ioutfm  =       1, ntwprt  =       0, idecomp =       0, rbornstat=      0

Potential function:
     ntf     =       1, ntb     =       1, igb     =       0, nsnb    =      25
     ipol    =       0, gbsa    =       0, iesp    =       0
     dielc   =   1.00000, cut     =   8.00000, intdiel =   1.00000

Frozen or restrained atoms:
     ibelly  =       0, ntr     =       1
     restraint_wt =   5.00000

Molecular dynamics:
     nstlim  =     10000, nscm    =         0, nrespa  =         1
     t       =   0.00000, dt      =   0.00200, vlimit  =  20.00000

Berendsen (weak-coupling) temperature regulation:
     temp0   = 300.00000, tempi   =  50.00000, tautp   =   1.00000

SHAKE:
     ntc     =       2, jfastw  =       0
     tol     =   0.00001

NMR refinement options:
     iscale  =       0, noeskp  =       1, ipnlty  =       1, mxsub   =       1
     scalm   = 100.00000, pencut  =   0.10000, tausw   =   0.10000

Free energy options:
     icfe    =       1, ifsc    =       1, klambda =       1
     clambda =  0.0000, scalpha =  0.5000, scbeta  = 12.0000
     sceeorder =       2
     dynlmb =  0.0000 logdvdl =       0

| Intermolecular bonds treatment:
|     no_intermolecular_bonds =       1

| Energy averages sample interval:
|     ene_avg_sampling =    1000

Ewald parameters:
     verbose =       0, ew_type =       0, nbflag  =       1, use_pme =       1
     vdwmeth =       1, eedmeth =       1, netfrc  =       1
     Box X =   62.489   Box Y =   66.628   Box Z =   74.803
     Alpha =   90.000   Beta  =   90.000   Gamma =   90.000
     NFFT1 =   64       NFFT2 =   72       NFFT3 =   75
     Cutoff=    8.000   Tol   =0.100E-04
     Ewald Coefficient =  0.34864
     Interpolation order =    4

| PMEMD ewald parallel performance parameters:
|     block_fft =    0
|     fft_blk_y_divisor =    2
|     excl_recip =    0
|     excl_master =    0
|     atm_redist_freq =  320

    LOADING THE CONSTRAINED ATOMS AS GROUPS


   5.  REFERENCE ATOM COORDINATES

  default_name                                                                    
     Mask !:WAT & !@H=; matches  1307 atoms
     TI Mask 1 :1; matches     12 atoms
     TI Mask 2 :2; matches     13 atoms
     TI region 1:   30540 atoms
     TI region 2:   30541 atoms
     SC Mask 1 :1@H6; matches      1 atoms
     SC Mask 2 :2@O1,H6; matches      2 atoms

--------------------------------------------------------------------------------
   3.  ATOMIC COORDINATES AND VELOCITIES
--------------------------------------------------------------------------------

default_name                                                                    
 begin time read from input coords =    40.000 ps



           Begin reading energy term weight changes/NMR restraints
 WEIGHT CHANGES:
 TEMP0         0   8000   50.000000  300.000000      0      0

 RESTRAINTS:
                          ** No restraint defined **

                  Done reading weight changes/NMR restraints


 
 Number of triangulated 3-point waters found:     9307
 WARNING: SHAKEn bond for atoms       12       11 is partially softcore.
 Coordinates for common atoms will be synchronized from V0. 
 Consider using noshake mask or disabling SHAKE.

 Number of shake restraints removed in TI region  1 :        0
 Number of shake restraints removed in TI region  2 :        0

     Sum of charges for TI region  1 =   0.00039993
     Forcing neutrality...


     Sum of charges for TI region  2 =   0.00040093
     Forcing neutrality...

| Dynamic Memory, Types Used:
| Reals             1929089
| Integers          1697197

| Nonbonded Pairs Initial Allocation:     1741521

| Running AMBER/MPI version on    4 MPI task

 
--------------------------------------------------------------------------------
   4.  RESULTS
--------------------------------------------------------------------------------

 ---------------------------------------------------
 APPROXIMATING switch and d/dx switch using CUBIC SPLINE INTERPOLATION
 using   5000.0 points per unit in tabled values
 TESTING RELATIVE ERROR over r ranging from 0.0 to cutoff
| CHECK switch(x): max rel err =   0.2738E-14   at   2.422500
| CHECK d/dx switch(x): max rel err =   0.8332E-11   at   2.782960
 ---------------------------------------------------
|---------------------------------------------------
| APPROXIMATING direct energy using CUBIC SPLINE INTERPOLATION
|  with   50.0 points per unit in tabled values
| Relative Error Limit not exceeded for r .gt.   2.47
| APPROXIMATING direct force using CUBIC SPLINE INTERPOLATION
|  with   50.0 points per unit in tabled values
| Relative Error Limit not exceeded for r .gt.   2.89
|---------------------------------------------------
   DOF for the SC part  1 of the system:    2
   SHAKE constraints in the SC region:    1
   DOF for the SC part  2 of the system:    5
   SHAKE constraints in the SC region:    1

| TI region  1


 NSTEP =        0   TIME(PS) =       0.000  TEMP(K) =    73.52  PRESS =     0.0
 Etot   =    -87448.6238  EKtot   =      4556.7480  EPtot      =    -92005.3718
 BOND   =       437.9888  ANGLE   =      1143.7940  DIHED      =      2027.7755
 1-4 NB =       611.7146  1-4 EEL =      5959.5756  VDWAALS    =     11055.2823
 EELEC  =   -113241.5026  EHBOND  =         0.0000  RESTRAINT  =         0.0000
 DV/DL  =       -13.5391
 Ewald error estimate:   0.6741E-04
 ------------------------------------------------------------------------------

  Softcore part of the system:       1 atoms,       TEMP(K)    =          78.27
 SC_Etot=         1.7732  SC_EKtot=         0.1555  SC_EPtot   =         1.6176
 SC_BOND=         0.0000  SC_ANGLE=         0.5156  SC_DIHED   =         0.0896
 SC_14NB=        -0.0044  SC_14EEL=         1.0167  SC_VDW     =         0.0000
 SC_EEL =         0.0000
 SC_RES_DIST=     0.0000  SC_RES_ANG=       0.0000  SC_RES_TORS=         0.0000
 SC_EEL_DER=     -0.5351  SC_VDW_DER=     -12.7447  SC_DERIV   =       -13.2798
 ------------------------------------------------------------------------------


| TI region  2


 NSTEP =        0   TIME(PS) =       0.000  TEMP(K) =    73.52  PRESS =     0.0
 Etot   =    -87448.4818  EKtot   =      4556.8900  EPtot      =    -92005.3718
 BOND   =       437.9888  ANGLE   =      1143.7940  DIHED      =      2027.7755
 1-4 NB =       611.7146  1-4 EEL =      5959.5756  VDWAALS    =     11055.2823
 EELEC  =   -113241.5026  EHBOND  =         0.0000  RESTRAINT  =         0.0000
 DV/DL  =       -13.5391
 Ewald error estimate:   0.6741E-04
 ------------------------------------------------------------------------------

  Softcore part of the system:       2 atoms,       TEMP(K)    =          52.56
 SC_Etot=       -38.2344  SC_EKtot=         0.2611  SC_EPtot   =       -38.4955
 SC_BOND=         0.1698  SC_ANGLE=         0.8107  SC_DIHED   =         0.1592
 SC_14NB=         0.1042  SC_14EEL=       -39.7393  SC_VDW     =         0.0000
 SC_EEL =         0.0000
 SC_RES_DIST=     0.0000  SC_RES_ANG=       0.0000  SC_RES_TORS=         0.0000
 SC_EEL_DER=     -0.5351  SC_VDW_DER=     -12.7447  SC_DERIV   =       -13.2798
 ------------------------------------------------------------------------------

 NMR restraints: Bond =    0.000   Angle =     0.000   Torsion =     0.000
===============================================================================

| TI region  1


 NSTEP =     1000   TIME(PS) =       2.000  TEMP(K) =   136.03  PRESS =     0.0
 Etot   =   -100700.3410  EKtot   =      8431.4624  EPtot      =   -109131.8035
 BOND   =       203.5710  ANGLE   =       539.1319  DIHED      =      1874.8674
 1-4 NB =       569.7919  1-4 EEL =      5961.0545  VDWAALS    =     15801.3995
 EELEC  =   -134221.1285  EHBOND  =         0.0000  RESTRAINT  =       139.5088
 EAMBER (non-restraint)  =   -109271.3122
 DV/DL  =        -2.7055
 Ewald error estimate:   0.1958E-03
 ------------------------------------------------------------------------------

  Softcore part of the system:       1 atoms,       TEMP(K)    =          43.70
 SC_Etot=         1.1877  SC_EKtot=         0.0868  SC_EPtot   =         1.1008
 SC_BOND=         0.0000  SC_ANGLE=         0.0008  SC_DIHED   =         0.0703
 SC_14NB=        -0.0089  SC_14EEL=         1.0387  SC_VDW     =         0.0000
 SC_EEL =         0.0000
 SC_RES_DIST=     0.0000  SC_RES_ANG=       0.0000  SC_RES_TORS=         0.0000
 SC_EEL_DER=     -0.5454  SC_VDW_DER=      -3.0075  SC_DERIV   =        -3.5530
 ------------------------------------------------------------------------------


| TI region  2


 NSTEP =     1000   TIME(PS) =       2.000  TEMP(K) =   136.04  PRESS =     0.0
 Etot   =   -100699.8235  EKtot   =      8431.9799  EPtot      =   -109131.8035
 BOND   =       203.5710  ANGLE   =       539.1319  DIHED      =      1874.8674
 1-4 NB =       569.7919  1-4 EEL =      5961.0545  VDWAALS    =     15801.3995
 EELEC  =   -134221.1285  EHBOND  =         0.0000  RESTRAINT  =       139.5088
 EAMBER (non-restraint)  =   -109271.3122
 DV/DL  =        -2.7055
 Ewald error estimate:   0.1958E-03
 ------------------------------------------------------------------------------

  Softcore part of the system:       2 atoms,       TEMP(K)    =         121.65
 SC_Etot=       -37.7129  SC_EKtot=         0.6044  SC_EPtot   =       -38.3172
 SC_BOND=         0.6563  SC_ANGLE=         0.4832  SC_DIHED   =         0.0658
 SC_14NB=         0.1482  SC_14EEL=       -39.6707  SC_VDW     =         0.0000
 SC_EEL =         0.0000
 SC_RES_DIST=     0.0360  SC_RES_ANG=       0.0000  SC_RES_TORS=         0.0000
 SC_EEL_DER=     -0.5454  SC_VDW_DER=      -3.0075  SC_DERIV   =        -3.5530
 ------------------------------------------------------------------------------

 NMR restraints: Bond =    0.000   Angle =     0.000   Torsion =     0.000
===============================================================================

| TI region  1


 NSTEP =     2000   TIME(PS) =       4.000  TEMP(K) =   117.77  PRESS =     0.0
 Etot   =   -104029.6438  EKtot   =      7299.2927  EPtot      =   -111328.9365
 BOND   =       185.8273  ANGLE   =       485.3270  DIHED      =      1870.1705
 1-4 NB =       560.9344  1-4 EEL =      5977.6403  VDWAALS    =     16728.9986
 EELEC  =   -137282.8908  EHBOND  =         0.0000  RESTRAINT  =       145.0562
 EAMBER (non-restraint)  =   -111473.9926
 DV/DL  =         0.0818
 Ewald error estimate:   0.1698E-03
 ------------------------------------------------------------------------------

  Softcore part of the system:       1 atoms,       TEMP(K)    =          29.01
 SC_Etot=         1.1766  SC_EKtot=         0.0577  SC_EPtot   =         1.1189
 SC_BOND=         0.0000  SC_ANGLE=         0.0630  SC_DIHED   =         0.0444
 SC_14NB=        -0.0112  SC_14EEL=         1.0227  SC_VDW     =         0.0000
 SC_EEL =         0.0000
 SC_RES_DIST=     0.0000  SC_RES_ANG=       0.0000  SC_RES_TORS=         0.0000
 SC_EEL_DER=     -0.5310  SC_VDW_DER=      -0.9577  SC_DERIV   =        -1.4886
 ------------------------------------------------------------------------------


| TI region  2


 NSTEP =     2000   TIME(PS) =       4.000  TEMP(K) =   117.77  PRESS =     0.0
 Etot   =   -104029.1579  EKtot   =      7299.7786  EPtot      =   -111328.9365
 BOND   =       185.8273  ANGLE   =       485.3270  DIHED      =      1870.1705
 1-4 NB =       560.9344  1-4 EEL =      5977.6403  VDWAALS    =     16728.9986
 EELEC  =   -137282.8908  EHBOND  =         0.0000  RESTRAINT  =       145.0562
 EAMBER (non-restraint)  =   -111473.9926
 DV/DL  =         0.0818
 Ewald error estimate:   0.1698E-03
 ------------------------------------------------------------------------------

  Softcore part of the system:       2 atoms,       TEMP(K)    =         109.42
 SC_Etot=       -37.7241  SC_EKtot=         0.5436  SC_EPtot   =       -38.2677
 SC_BOND=         0.0154  SC_ANGLE=         0.7049  SC_DIHED   =         0.0801
 SC_14NB=         0.0632  SC_14EEL=       -39.1313  SC_VDW     =         0.0000
 SC_EEL =         0.0000
 SC_RES_DIST=     0.0453  SC_RES_ANG=       0.0000  SC_RES_TORS=         0.0000
 SC_EEL_DER=     -0.5310  SC_VDW_DER=      -0.9577  SC_DERIV   =        -1.4886
 ------------------------------------------------------------------------------

 NMR restraints: Bond =    0.000   Angle =     0.000   Torsion =     0.000
===============================================================================

| TI region  1


 NSTEP =     3000   TIME(PS) =       6.000  TEMP(K) =   127.94  PRESS =     0.0
 Etot   =   -103162.9261  EKtot   =      7929.8534  EPtot      =   -111092.7795
 BOND   =       197.2776  ANGLE   =       523.8959  DIHED      =      1886.5828
 1-4 NB =       559.0070  1-4 EEL =      5983.9126  VDWAALS    =     17018.8494
 EELEC  =   -137407.5498  EHBOND  =         0.0000  RESTRAINT  =       145.2451
 EAMBER (non-restraint)  =   -111238.0246
 DV/DL  =        -2.8638
 Ewald error estimate:   0.2353E-03
 ------------------------------------------------------------------------------

  Softcore part of the system:       1 atoms,       TEMP(K)    =          54.21
 SC_Etot=         1.3225  SC_EKtot=         0.1077  SC_EPtot   =         1.2148
 SC_BOND=         0.0000  SC_ANGLE=         0.0508  SC_DIHED   =         0.1181
 SC_14NB=        -0.0077  SC_14EEL=         1.0536  SC_VDW     =         0.0000
 SC_EEL =         0.0000
 SC_RES_DIST=     0.0000  SC_RES_ANG=       0.0000  SC_RES_TORS=         0.0000
 SC_EEL_DER=     -0.6403  SC_VDW_DER=      -2.9150  SC_DERIV   =        -3.5553
 ------------------------------------------------------------------------------


| TI region  2


 NSTEP =     3000   TIME(PS) =       6.000  TEMP(K) =   127.95  PRESS =     0.0
 Etot   =   -103162.1215  EKtot   =      7930.6580  EPtot      =   -111092.7795
 BOND   =       197.2776  ANGLE   =       523.8959  DIHED      =      1886.5828
 1-4 NB =       559.0070  1-4 EEL =      5983.9126  VDWAALS    =     17018.8494
 EELEC  =   -137407.5498  EHBOND  =         0.0000  RESTRAINT  =       145.2451
 EAMBER (non-restraint)  =   -111238.0246
 DV/DL  =        -2.8638
 Ewald error estimate:   0.2353E-03
 ------------------------------------------------------------------------------

  Softcore part of the system:       2 atoms,       TEMP(K)    =         183.64
 SC_Etot=       -37.3064  SC_EKtot=         0.9123  SC_EPtot   =       -38.2187
 SC_BOND=         0.4021  SC_ANGLE=         0.5613  SC_DIHED   =         0.2970
 SC_14NB=         0.1404  SC_14EEL=       -39.6195  SC_VDW     =         0.0000
 SC_EEL =         0.0000
 SC_RES_DIST=     0.2822  SC_RES_ANG=       0.0000  SC_RES_TORS=         0.0000
 SC_EEL_DER=     -0.6403  SC_VDW_DER=      -2.9150  SC_DERIV   =        -3.5553
 ------------------------------------------------------------------------------

 NMR restraints: Bond =    0.000   Angle =     0.000   Torsion =     0.000
===============================================================================

| TI region  1


 NSTEP =     4000   TIME(PS) =       8.000  TEMP(K) =   148.91  PRESS =     0.0
 Etot   =   -100460.8291  EKtot   =      9229.5500  EPtot      =   -109690.3791
 BOND   =       222.5322  ANGLE   =       572.5113  DIHED      =      1892.6818
 1-4 NB =       567.7101  1-4 EEL =      5981.0216  VDWAALS    =     16989.9908
 EELEC  =   -136081.6935  EHBOND  =         0.0000  RESTRAINT  =       164.8667
 EAMBER (non-restraint)  =   -109855.2457
 DV/DL  =         0.1594
 Ewald error estimate:   0.2799E-03
 ------------------------------------------------------------------------------

  Softcore part of the system:       1 atoms,       TEMP(K)    =          14.96
 SC_Etot=         1.3575  SC_EKtot=         0.0297  SC_EPtot   =         1.3278
 SC_BOND=         0.0000  SC_ANGLE=         0.1418  SC_DIHED   =         0.1615
 SC_14NB=        -0.0103  SC_14EEL=         1.0347  SC_VDW     =         0.0000
 SC_EEL =         0.0000
 SC_RES_DIST=     0.0000  SC_RES_ANG=       0.0000  SC_RES_TORS=         0.0000
 SC_EEL_DER=     -0.6084  SC_VDW_DER=      -0.9434  SC_DERIV   =        -1.5518
 ------------------------------------------------------------------------------


| TI region  2


 NSTEP =     4000   TIME(PS) =       8.000  TEMP(K) =   148.91  PRESS =     0.0
 Etot   =   -100460.1519  EKtot   =      9230.2272  EPtot      =   -109690.3791
 BOND   =       222.5322  ANGLE   =       572.5113  DIHED      =      1892.6818
 1-4 NB =       567.7101  1-4 EEL =      5981.0216  VDWAALS    =     16989.9908
 EELEC  =   -136081.6935  EHBOND  =         0.0000  RESTRAINT  =       164.8667
 EAMBER (non-restraint)  =   -109855.2457
 DV/DL  =         0.1594
 Ewald error estimate:   0.2799E-03
 ------------------------------------------------------------------------------

  Softcore part of the system:       2 atoms,       TEMP(K)    =         142.29
 SC_Etot=       -37.6975  SC_EKtot=         0.7069  SC_EPtot   =       -38.4044
 SC_BOND=         0.0569  SC_ANGLE=         0.5140  SC_DIHED   =         0.1532
 SC_14NB=         0.0661  SC_14EEL=       -39.1946  SC_VDW     =         0.0000
 SC_EEL =         0.0000
 SC_RES_DIST=     0.1961  SC_RES_ANG=       0.0000  SC_RES_TORS=         0.0000
 SC_EEL_DER=     -0.6084  SC_VDW_DER=      -0.9434  SC_DERIV   =        -1.5518
 ------------------------------------------------------------------------------

 NMR restraints: Bond =    0.000   Angle =     0.000   Torsion =     0.000
===============================================================================

| TI region  1


 NSTEP =     5000   TIME(PS) =      10.000  TEMP(K) =   174.11  PRESS =     0.0
 Etot   =    -96879.0589  EKtot   =     10791.5410  EPtot      =   -107670.5999
 BOND   =       263.1878  ANGLE   =       671.2468  DIHED      =      1938.7616
 1-4 NB =       568.3086  1-4 EEL =      5940.5285  VDWAALS    =     16649.1910
 EELEC  =   -133870.7113  EHBOND  =         0.0000  RESTRAINT  =       168.8872
 EAMBER (non-restraint)  =   -107839.4871
 DV/DL  =        -0.8564
 Ewald error estimate:   0.2332E-03
 ------------------------------------------------------------------------------

  Softcore part of the system:       1 atoms,       TEMP(K)    =         306.74
 SC_Etot=         2.4103  SC_EKtot=         0.6096  SC_EPtot   =         1.8007
 SC_BOND=         0.0000  SC_ANGLE=         0.0147  SC_DIHED   =         0.7667
 SC_14NB=        -0.0117  SC_14EEL=         1.0311  SC_VDW     =         0.0000
 SC_EEL =         0.0000
 SC_RES_DIST=     0.0000  SC_RES_ANG=       0.0000  SC_RES_TORS=         0.0000
 SC_EEL_DER=     -0.7480  SC_VDW_DER=      -0.6343  SC_DERIV   =        -1.3823
 ------------------------------------------------------------------------------


| TI region  2


 NSTEP =     5000   TIME(PS) =      10.000  TEMP(K) =   174.10  PRESS =     0.0
 Etot   =    -96879.4357  EKtot   =     10791.1642  EPtot      =   -107670.5999
 BOND   =       263.1878  ANGLE   =       671.2468  DIHED      =      1938.7616
 1-4 NB =       568.3086  1-4 EEL =      5940.5285  VDWAALS    =     16649.1910
 EELEC  =   -133870.7113  EHBOND  =         0.0000  RESTRAINT  =       168.8872
 EAMBER (non-restraint)  =   -107839.4871
 DV/DL  =        -0.8564
 Ewald error estimate:   0.2332E-03
 ------------------------------------------------------------------------------

  Softcore part of the system:       2 atoms,       TEMP(K)    =          46.86
 SC_Etot=       -37.1978  SC_EKtot=         0.2328  SC_EPtot   =       -37.4306
 SC_BOND=         0.3383  SC_ANGLE=         0.1875  SC_DIHED   =         0.2674
 SC_14NB=         0.0962  SC_14EEL=       -38.3200  SC_VDW     =         0.0000
 SC_EEL =         0.0000
 SC_RES_DIST=     1.1207  SC_RES_ANG=       0.0000  SC_RES_TORS=         0.0000
 SC_EEL_DER=     -0.7480  SC_VDW_DER=      -0.6343  SC_DERIV   =        -1.3823
 ------------------------------------------------------------------------------

 NMR restraints: Bond =    0.000   Angle =     0.000   Torsion =     0.000
===============================================================================

| TI region  1


 NSTEP =     6000   TIME(PS) =      12.000  TEMP(K) =   201.43  PRESS =     0.0
 Etot   =    -92745.6743  EKtot   =     12484.9299  EPtot      =   -105230.6043
 BOND   =       316.0521  ANGLE   =       783.3530  DIHED      =      1926.6645
 1-4 NB =       584.9640  1-4 EEL =      5943.2218  VDWAALS    =     16016.5803
 EELEC  =   -130994.8814  EHBOND  =         0.0000  RESTRAINT  =       193.4413
 EAMBER (non-restraint)  =   -105424.0456
 DV/DL  =        -0.8050
 Ewald error estimate:   0.1232E-03
 ------------------------------------------------------------------------------

  Softcore part of the system:       1 atoms,       TEMP(K)    =          75.52
 SC_Etot=         1.5219  SC_EKtot=         0.1501  SC_EPtot   =         1.3718
 SC_BOND=         0.0000  SC_ANGLE=         0.0617  SC_DIHED   =         0.3029
 SC_14NB=        -0.0117  SC_14EEL=         1.0188  SC_VDW     =         0.0000
 SC_EEL =         0.0000
 SC_RES_DIST=     0.0000  SC_RES_ANG=       0.0000  SC_RES_TORS=         0.0000
 SC_EEL_DER=     -0.6174  SC_VDW_DER=      -1.3766  SC_DERIV   =        -1.9939
 ------------------------------------------------------------------------------


| TI region  2


 NSTEP =     6000   TIME(PS) =      12.000  TEMP(K) =   201.43  PRESS =     0.0
 Etot   =    -92745.4648  EKtot   =     12485.1394  EPtot      =   -105230.6043
 BOND   =       316.0521  ANGLE   =       783.3530  DIHED      =      1926.6645
 1-4 NB =       584.9640  1-4 EEL =      5943.2218  VDWAALS    =     16016.5803
 EELEC  =   -130994.8814  EHBOND  =         0.0000  RESTRAINT  =       193.4413
 EAMBER (non-restraint)  =   -105424.0456
 DV/DL  =        -0.8050
 Ewald error estimate:   0.1232E-03
 ------------------------------------------------------------------------------

  Softcore part of the system:       2 atoms,       TEMP(K)    =          72.37
 SC_Etot=       -37.6207  SC_EKtot=         0.3596  SC_EPtot   =       -37.9803
 SC_BOND=         0.3544  SC_ANGLE=         1.2715  SC_DIHED   =         0.1992
 SC_14NB=         0.1100  SC_14EEL=       -39.9153  SC_VDW     =         0.0000
 SC_EEL =         0.0000
 SC_RES_DIST=     0.5859  SC_RES_ANG=       0.0000  SC_RES_TORS=         0.0000
 SC_EEL_DER=     -0.6174  SC_VDW_DER=      -1.3766  SC_DERIV   =        -1.9939
 ------------------------------------------------------------------------------

 NMR restraints: Bond =    0.000   Angle =     0.000   Torsion =     0.000
===============================================================================

| TI region  1


 NSTEP =     7000   TIME(PS) =      14.000  TEMP(K) =   228.32  PRESS =     0.0
 Etot   =    -88104.3615  EKtot   =     14151.5969  EPtot      =   -102255.9584
 BOND   =       348.6868  ANGLE   =       894.5056  DIHED      =      1966.2606
 1-4 NB =       587.0006  1-4 EEL =      5959.8195  VDWAALS    =     14961.2330
 EELEC  =   -127183.2836  EHBOND  =         0.0000  RESTRAINT  =       209.8191
 EAMBER (non-restraint)  =   -102465.7775
 DV/DL  =        -1.7430
 Ewald error estimate:   0.5638E-04
 ------------------------------------------------------------------------------

  Softcore part of the system:       1 atoms,       TEMP(K)    =         135.35
 SC_Etot=         1.9785  SC_EKtot=         0.2690  SC_EPtot   =         1.7095
 SC_BOND=         0.0000  SC_ANGLE=         0.4692  SC_DIHED   =         0.1802
 SC_14NB=        -0.0046  SC_14EEL=         1.0647  SC_VDW     =         0.0000
 SC_EEL =         0.0000
 SC_RES_DIST=     0.0000  SC_RES_ANG=       0.0000  SC_RES_TORS=         0.0000
 SC_EEL_DER=     -0.5687  SC_VDW_DER=      -1.8061  SC_DERIV   =        -2.3748
 ------------------------------------------------------------------------------


| TI region  2


 NSTEP =     7000   TIME(PS) =      14.000  TEMP(K) =   228.34  PRESS =     0.0
 Etot   =    -88102.8798  EKtot   =     14153.0786  EPtot      =   -102255.9584
 BOND   =       348.6868  ANGLE   =       894.5056  DIHED      =      1966.2606
 1-4 NB =       587.0006  1-4 EEL =      5959.8195  VDWAALS    =     14961.2330
 EELEC  =   -127183.2836  EHBOND  =         0.0000  RESTRAINT  =       209.8191
 EAMBER (non-restraint)  =   -102465.7775
 DV/DL  =        -1.7430
 Ewald error estimate:   0.5638E-04
 ------------------------------------------------------------------------------

  Softcore part of the system:       2 atoms,       TEMP(K)    =         352.39
 SC_Etot=       -36.4435  SC_EKtot=         1.7506  SC_EPtot   =       -38.1942
 SC_BOND=         0.2280  SC_ANGLE=         0.1748  SC_DIHED   =         0.1035
 SC_14NB=         0.0777  SC_14EEL=       -38.7782  SC_VDW     =         0.0000
 SC_EEL =         0.0000
 SC_RES_DIST=     0.0755  SC_RES_ANG=       0.0000  SC_RES_TORS=         0.0000
 SC_EEL_DER=     -0.5687  SC_VDW_DER=      -1.8061  SC_DERIV   =        -2.3748
 ------------------------------------------------------------------------------

 NMR restraints: Bond =    0.000   Angle =     0.000   Torsion =     0.000
===============================================================================

| TI region  1


 NSTEP =     8000   TIME(PS) =      16.000  TEMP(K) =   253.92  PRESS =     0.0
 Etot   =    -82882.6333  EKtot   =     15738.2933  EPtot      =    -98620.9266
 BOND   =       407.3027  ANGLE   =      1036.9062  DIHED      =      1987.2598
 1-4 NB =       585.7849  1-4 EEL =      5923.2299  VDWAALS    =     13599.2252
 EELEC  =   -122415.5623  EHBOND  =         0.0000  RESTRAINT  =       254.9270
 EAMBER (non-restraint)  =    -98875.8536
 DV/DL  =        -7.5183
 Ewald error estimate:   0.2902E-04
 ------------------------------------------------------------------------------

  Softcore part of the system:       1 atoms,       TEMP(K)    =         235.68
 SC_Etot=         2.5250  SC_EKtot=         0.4683  SC_EPtot   =         2.0566
 SC_BOND=         0.0000  SC_ANGLE=         0.0750  SC_DIHED   =         0.8873
 SC_14NB=         0.0079  SC_14EEL=         1.0865  SC_VDW     =         0.0000
 SC_EEL =         0.0000
 SC_RES_DIST=     0.0000  SC_RES_ANG=       0.0000  SC_RES_TORS=         0.0000
 SC_EEL_DER=     -0.5688  SC_VDW_DER=      -7.4940  SC_DERIV   =        -8.0628
 ------------------------------------------------------------------------------


| TI region  2


 NSTEP =     8000   TIME(PS) =      16.000  TEMP(K) =   253.92  PRESS =     0.0
 Etot   =    -82882.0719  EKtot   =     15738.8547  EPtot      =    -98620.9266
 BOND   =       407.3027  ANGLE   =      1036.9062  DIHED      =      1987.2598
 1-4 NB =       585.7849  1-4 EEL =      5923.2299  VDWAALS    =     13599.2252
 EELEC  =   -122415.5623  EHBOND  =         0.0000  RESTRAINT  =       254.9270
 EAMBER (non-restraint)  =    -98875.8536
 DV/DL  =        -7.5183
 Ewald error estimate:   0.2902E-04
 ------------------------------------------------------------------------------

  Softcore part of the system:       2 atoms,       TEMP(K)    =         207.27
 SC_Etot=       -36.2471  SC_EKtot=         1.0297  SC_EPtot   =       -37.2768
 SC_BOND=         0.0442  SC_ANGLE=         2.6098  SC_DIHED   =         0.6460
 SC_14NB=         0.1769  SC_14EEL=       -40.7537  SC_VDW     =         0.0000
 SC_EEL =         0.0000
 SC_RES_DIST=     0.0585  SC_RES_ANG=       0.0000  SC_RES_TORS=         0.0000
 SC_EEL_DER=     -0.5688  SC_VDW_DER=      -7.4940  SC_DERIV   =        -8.0628
 ------------------------------------------------------------------------------

 NMR restraints: Bond =    0.000   Angle =     0.000   Torsion =     0.000
===============================================================================

| TI region  1


 NSTEP =     9000   TIME(PS) =      18.000  TEMP(K) =   274.14  PRESS =     0.0
 Etot   =    -78605.3868  EKtot   =     16991.0631  EPtot      =    -95596.4499
 BOND   =       454.5502  ANGLE   =      1092.0875  DIHED      =      2030.4047
 1-4 NB =       608.1533  1-4 EEL =      5957.1478  VDWAALS    =     12257.3976
 EELEC  =   -118246.5357  EHBOND  =         0.0000  RESTRAINT  =       250.3445
 EAMBER (non-restraint)  =    -95846.7945
 DV/DL  =        -6.3027
 Ewald error estimate:   0.5782E-04
 ------------------------------------------------------------------------------

  Softcore part of the system:       1 atoms,       TEMP(K)    =         446.96
 SC_Etot=         3.2662  SC_EKtot=         0.8882  SC_EPtot   =         2.3780
 SC_BOND=         0.0000  SC_ANGLE=         0.3432  SC_DIHED   =         0.9342
 SC_14NB=         0.0216  SC_14EEL=         1.0791  SC_VDW     =         0.0000
 SC_EEL =         0.0000
 SC_RES_DIST=     0.0000  SC_RES_ANG=       0.0000  SC_RES_TORS=         0.0000
 SC_EEL_DER=     -0.5982  SC_VDW_DER=      -6.1820  SC_DERIV   =        -6.7802
 ------------------------------------------------------------------------------


| TI region  2


 NSTEP =     9000   TIME(PS) =      18.000  TEMP(K) =   274.13  PRESS =     0.0
 Etot   =    -78604.8852  EKtot   =     16991.5648  EPtot      =    -95596.4499
 BOND   =       454.5502  ANGLE   =      1092.0875  DIHED      =      2030.4047
 1-4 NB =       608.1533  1-4 EEL =      5957.1478  VDWAALS    =     12257.3976
 EELEC  =   -118246.5357  EHBOND  =         0.0000  RESTRAINT  =       250.3445
 EAMBER (non-restraint)  =    -95846.7945
 DV/DL  =        -6.3027
 Ewald error estimate:   0.5782E-04
 ------------------------------------------------------------------------------

  Softcore part of the system:       2 atoms,       TEMP(K)    =         279.76
 SC_Etot=       -35.5284  SC_EKtot=         1.3898  SC_EPtot   =       -36.9182
 SC_BOND=         0.2873  SC_ANGLE=         1.0053  SC_DIHED   =         1.8211
 SC_14NB=         0.2323  SC_14EEL=       -40.2643  SC_VDW     =         0.0000
 SC_EEL =         0.0000
 SC_RES_DIST=     0.3382  SC_RES_ANG=       0.0000  SC_RES_TORS=         0.0000
 SC_EEL_DER=     -0.5982  SC_VDW_DER=      -6.1820  SC_DERIV   =        -6.7802
 ------------------------------------------------------------------------------

 NMR restraints: Bond =    0.000   Angle =     0.000   Torsion =     0.000
===============================================================================

| TI region  1


 NSTEP =    10000   TIME(PS) =      20.000  TEMP(K) =   285.09  PRESS =     0.0
 Etot   =    -76233.3510  EKtot   =     17669.8037  EPtot      =    -93903.1547
 BOND   =       469.5124  ANGLE   =      1163.2930  DIHED      =      2042.4170
 1-4 NB =       618.8142  1-4 EEL =      5919.6461  VDWAALS    =     11805.0619
 EELEC  =   -116185.8263  EHBOND  =         0.0000  RESTRAINT  =       263.9271
 EAMBER (non-restraint)  =    -94167.0818
 DV/DL  =        -0.6077
 Ewald error estimate:   0.4904E-04
 ------------------------------------------------------------------------------

  Softcore part of the system:       1 atoms,       TEMP(K)    =          93.17
 SC_Etot=         1.4700  SC_EKtot=         0.1851  SC_EPtot   =         1.2849
 SC_BOND=         0.0000  SC_ANGLE=         0.0071  SC_DIHED   =         0.0240
 SC_14NB=         0.0496  SC_14EEL=         1.2042  SC_VDW     =         0.0000
 SC_EEL =         0.0000
 SC_RES_DIST=     0.0000  SC_RES_ANG=       0.0000  SC_RES_TORS=         0.0000
 SC_EEL_DER=     -0.5059  SC_VDW_DER=      -0.8513  SC_DERIV   =        -1.3572
 ------------------------------------------------------------------------------


| TI region  2


 NSTEP =    10000   TIME(PS) =      20.000  TEMP(K) =   285.10  PRESS =     0.0
 Etot   =    -76231.9486  EKtot   =     17671.2061  EPtot      =    -93903.1547
 BOND   =       469.5124  ANGLE   =      1163.2930  DIHED      =      2042.4170
 1-4 NB =       618.8142  1-4 EEL =      5919.6461  VDWAALS    =     11805.0619
 EELEC  =   -116185.8263  EHBOND  =         0.0000  RESTRAINT  =       263.9271
 EAMBER (non-restraint)  =    -94167.0818
 DV/DL  =        -0.6077
 Ewald error estimate:   0.4904E-04
 ------------------------------------------------------------------------------

  Softcore part of the system:       2 atoms,       TEMP(K)    =         319.55
 SC_Etot=       -36.4411  SC_EKtot=         1.5875  SC_EPtot   =       -38.0286
 SC_BOND=         1.0203  SC_ANGLE=         0.2260  SC_DIHED   =         0.0248
 SC_14NB=         0.3288  SC_14EEL=       -39.6285  SC_VDW     =         0.0000
 SC_EEL =         0.0000
 SC_RES_DIST=     0.2002  SC_RES_ANG=       0.0000  SC_RES_TORS=         0.0000
 SC_EEL_DER=     -0.5059  SC_VDW_DER=      -0.8513  SC_DERIV   =        -1.3572
 ------------------------------------------------------------------------------

 NMR restraints: Bond =    0.000   Angle =     0.000   Torsion =     0.000
===============================================================================

| TI region  1


      A V E R A G E S   O V E R      10 S T E P S


 NSTEP =    10000   TIME(PS) =      20.000  TEMP(K) =   194.77  PRESS =     0.0
 Etot   =    -92380.4206  EKtot   =     12071.7386  EPtot      =   -104452.1592
 BOND   =       306.8500  ANGLE   =       776.2258  DIHED      =      1941.6071
 1-4 NB =       581.0469  1-4 EEL =      5954.7223  VDWAALS    =     15182.7927
 EELEC  =   -129389.0063  EHBOND  =         0.0000  RESTRAINT  =       193.6023
 EAMBER (non-restraint)  =   -104645.7615
 DV/DL  =        -2.3161
 Ewald error estimate:   0.1430E-03
 ------------------------------------------------------------------------------

 NMR restraints: Bond =    0.000   Angle =     0.000   Torsion =     0.000
===============================================================================
  Softcore part of the system:       1 atoms,       TEMP(K)    =         143.53
 SC_Etot=         1.8216  SC_EKtot=         0.2852  SC_EPtot   =         1.5364
 SC_BOND=         0.0000  SC_ANGLE=         0.1227  SC_DIHED   =         0.3490
 SC_14NB=         0.0013  SC_14EEL=         1.0634  SC_VDW     =         0.0000
 SC_EEL =         0.0000
 SC_RES_DIST=     0.0000  SC_RES_ANG=       0.0000  SC_RES_TORS=         0.0000
 SC_EEL_DER=     -0.5932  SC_VDW_DER=      -2.6168  SC_DERIV   =        -3.2100
 ------------------------------------------------------------------------------


      R M S  F L U C T U A T I O N S


 NSTEP =    10000   TIME(PS) =      20.000  TEMP(K) =    59.58  PRESS =     0.0
 Etot   =      9827.6351  EKtot   =      3692.9426  EPtot      =      6166.2137
 BOND   =       103.2159  ANGLE   =       242.6131  DIHED      =        59.9581
 1-4 NB =        18.9511  1-4 EEL =        21.6720  VDWAALS    =      1864.9343
 EELEC  =      7545.7881  EHBOND  =         0.0000  RESTRAINT  =        46.0943
 EAMBER (non-restraint)  =      6120.1194
 DV/DL  =         2.5089
 Ewald error estimate:   0.8711E-04
 ------------------------------------------------------------------------------

  Softcore part of the system:       1 atoms,       TEMP(K)    =         134.91
 SC_Etot=         0.6670  SC_EKtot=         0.2681  SC_EPtot   =         0.4099
 SC_BOND=         0.0000  SC_ANGLE=         0.1495  SC_DIHED   =         0.3467
 SC_14NB=         0.0191  SC_14EEL=         0.0518  SC_VDW     =         0.0000
 SC_EEL =         0.0000
 SC_RES_DIST=     0.0000  SC_RES_ANG=       0.0000  SC_RES_TORS=         0.0000
 SC_EEL_DER=      0.0648  SC_VDW_DER=       2.2701  SC_DERIV   =         2.2626
 ------------------------------------------------------------------------------


| TI region  2


      A V E R A G E S   O V E R      10 S T E P S


 NSTEP =    10000   TIME(PS) =      20.000  TEMP(K) =   194.77  PRESS =     0.0
 Etot   =    -92379.7941  EKtot   =     12072.3651  EPtot      =   -104452.1592
 BOND   =       306.8500  ANGLE   =       776.2258  DIHED      =      1941.6071
 1-4 NB =       581.0469  1-4 EEL =      5954.7223  VDWAALS    =     15182.7927
 EELEC  =   -129389.0063  EHBOND  =         0.0000  RESTRAINT  =       193.6023
 EAMBER (non-restraint)  =   -104645.7615
 DV/DL  =        -2.3161
 Ewald error estimate:   0.1430E-03
 ------------------------------------------------------------------------------

 NMR restraints: Bond =    0.000   Angle =     0.000   Torsion =     0.000
===============================================================================
  Softcore part of the system:       2 atoms,       TEMP(K)    =         183.52
 SC_Etot=       -36.9920  SC_EKtot=         0.9117  SC_EPtot   =       -37.9037
 SC_BOND=         0.3403  SC_ANGLE=         0.7738  SC_DIHED   =         0.3658
 SC_14NB=         0.1440  SC_14EEL=       -39.5276  SC_VDW     =         0.0000
 SC_EEL =         0.0000
 SC_RES_DIST=     0.2939  SC_RES_ANG=       0.0000  SC_RES_TORS=         0.0000
 SC_EEL_DER=     -0.5932  SC_VDW_DER=      -2.6168  SC_DERIV   =        -3.2100
 ------------------------------------------------------------------------------


      R M S  F L U C T U A T I O N S


 NSTEP =    10000   TIME(PS) =      20.000  TEMP(K) =    59.58  PRESS =     0.0
 Etot   =      9827.8257  EKtot   =      3693.1205  EPtot      =      6166.2137
 BOND   =       103.2159  ANGLE   =       242.6131  DIHED      =        59.9581
 1-4 NB =        18.9511  1-4 EEL =        21.6720  VDWAALS    =      1864.9343
 EELEC  =      7545.7881  EHBOND  =         0.0000  RESTRAINT  =        46.0943
 EAMBER (non-restraint)  =      6120.1194
 DV/DL  =         2.5089
 Ewald error estimate:   0.8711E-04
 ------------------------------------------------------------------------------

  Softcore part of the system:       2 atoms,       TEMP(K)    =          99.45
 SC_Etot=         0.7342  SC_EKtot=         0.4940  SC_EPtot   =         0.4845
 SC_BOND=         0.2924  SC_ANGLE=         0.6983  SC_DIHED   =         0.5139
 SC_14NB=         0.0797  SC_14EEL=         0.6726  SC_VDW     =         0.0000
 SC_EEL =         0.0000
 SC_RES_DIST=     0.3195  SC_RES_ANG=       0.0000  SC_RES_TORS=         0.0000
 SC_EEL_DER=      0.0648  SC_VDW_DER=       2.2701  SC_DERIV   =         2.2626
 ------------------------------------------------------------------------------


      DV/DL, AVERAGES OVER      10 STEPS


 NSTEP =    10000   TIME(PS) =      20.000  TEMP(K) =    59.58  PRESS =     0.0
 Etot   =         0.0000  EKtot   =         0.0000  EPtot      =        -2.3161
 BOND   =        -0.0000  ANGLE   =         0.0000  DIHED      =         0.0000
 1-4 NB =        -0.0000  1-4 EEL =        -8.1150  VDWAALS    =        -5.7798
 EELEC  =        11.5787  EHBOND  =         0.0000  RESTRAINT  =         0.0000
 EAMBER (non-restraint)  =        -2.3161
 DV/DL  =        -2.3161
 Ewald error estimate:   0.0000E+00
 ------------------------------------------------------------------------------


 NMR restraints on final step:

--------------------------------------------------------------------------------
   5.  TIMINGS
--------------------------------------------------------------------------------

|  NonSetup CPU Time in Major Routines, Average for All Tasks:
|
|     Routine           Sec        %
|     ------------------------------
|     DataDistrib      37.94    7.28
|     Nonbond         460.72   88.45
|     Bond              1.81    0.35
|     Angle             1.61    0.31
|     Dihedral          8.27    1.59
|     Shake             3.97    0.76
|     RunMD             6.55    1.26
|     Other             0.01    0.00
|     ------------------------------
|     Total           520.88

|  PME Nonbond Pairlist CPU Time, Average for All Tasks:
|
|     Routine              Sec        %
|     ---------------------------------
|     Set Up Cit           0.78    0.15
|     Build List          37.72    7.24
|     ---------------------------------
|     Total               38.50    7.39

|  PME Direct Force CPU Time, Average for All Tasks:
|
|     Routine              Sec        %
|     ---------------------------------
|     NonBonded Calc     215.89   41.45
|     Exclude Masked      10.72    2.06
|     Other               15.63    3.00
|     ---------------------------------
|     Total              242.23   46.50

|  PME Reciprocal Force CPU Time, Average for All Tasks:
|
|     Routine              Sec        %
|     ---------------------------------
|     1D bspline          13.09    2.51
|     Grid Charges        19.82    3.81
|     Scalar Sum           5.72    1.10
|     Gradient Sum        30.28    5.81
|     FFT                111.06   21.32
|     ---------------------------------
|     Total              179.97   34.55

|  PME Load Balancing CPU Time, Average for All Tasks:
|
|     Routine                 Sec        %
|     ------------------------------------
|     Atom Reassign           0.00    0.00
|     Image Reassign          0.00    0.00
|     FFT Reassign            0.00    0.00
|     ------------------------------------
|     Total                   0.01    0.00

|  Final Performance Info:
|     -----------------------------------------------------
|     Average timings for last       1 steps:
|     Elapsed(s) =       0.00 Per Step(ms) =       0.84
|         ns/day =     206.23   seconds/ns =     418.95
|
|     Average timings for all steps:
|     Elapsed(s) =     521.17 Per Step(ms) =      52.12
|         ns/day =       3.32   seconds/ns =   26058.73
|     -----------------------------------------------------

|  Master Setup CPU time:            0.30 seconds
|  Master NonSetup CPU time:       520.81 seconds
|  Master Total CPU time:          521.11 seconds     0.14 hours

|  Master Setup wall time:           1    seconds
|  Master NonSetup wall time:      521    seconds
|  Master Total wall time:         522    seconds     0.14 hours
