
          -------------------------------------------------------
          Amber 18 PMEMD                              2018
          -------------------------------------------------------

| PMEMD implementation of SANDER, Release 18

| Run on 06/21/2018 at 07:22:53

|   Executable path: /home/uv10/amber/bin/pmemd
| Working directory: /home/uv10/tutorials-amber/A9/ligand/pmemd/free_energy/ligands/recharge/0.4
|          Hostname: Unknown
  [-O]verwriting output

File Assignments:
|   MDIN: heat.in                                                               
|  MDOUT: heat.out                                                              
| INPCRD: ti.rst7                                                               
|   PARM: ti.parm7                                                              
| RESTRT: heat.rst7                                                             
|   REFC: ti.rst7                                                               
|  MDVEL: mdvel                                                                 
|   MDEN: heat.en                                                               
|  MDCRD: heat.nc                                                               
| MDINFO: heat.info                                                             
|  MDFRC: mdfrc                                                                 


 Here is the input file:

heating                                                                        
 &cntrl                                                                        
   imin = 0, nstlim = 10000, irest = 0, ntx = 1, dt = 0.002,                   
   ntt = 1, temp0 = 300.0, tempi = 50.0, tautp = 1.0,                          
   ntc = 2, ntf = 1,                                                           
   ntb = 1,                                                                    
   ioutfm = 1, iwrap = 1,                                                      
   ntwe = 1000, ntwx = 1000, ntpr = 1000, ntwr = 5000,                         
                                                                               
   nmropt = 1,                                                                 
   ntr = 1, restraint_wt = 5.00,                                               
   restraintmask='!:WAT & !@H=',                                               
                                                                               
   icfe = 1, clambda = 0.4, scalpha = 0.5, scbeta = 12.0,                      
   logdvdl = 0,                                                                
   timask1 = ':1', timask2 = ':2',                                             
   ifsc = 0, crgmask = ':1@O1,H6',                                             
 /                                                                             
                                                                               
 &ewald                                                                        
 /                                                                             
                                                                               
 &wt                                                                           
   type='TEMP0',                                                               
   istep1 = 0, istep2 = 8000,                                                  
   value1 = 50.0, value2 = 300.0                                               
 /                                                                             
                                                                               
 &wt type = 'END'                                                              
 /                                                                             
                                                                               


Note: ig = -1. Setting random seed to   652462 based on wallclock time in 
      microseconds.
| irandom = 1, using AMBER's internal random number generator (default).
 
 
| Conditional Compilation Defines Used:
| PUBFFT
| BINTRAJ
| EMIL

| Largest sphere to fit in unit cell has radius =    16.836

| New format PARM file being parsed.
| Version =    1.000 Date = 06/20/18 Time = 14:05:12

| Note: 1-4 EEL scale factors are being read from the topology file.

| Note: 1-4 VDW scale factors are being read from the topology file.
| Duplicated    0 dihedrals

| Duplicated    0 dihedrals

--------------------------------------------------------------------------------
   1.  RESOURCE   USE: 
--------------------------------------------------------------------------------

 getting new box info from bottom of inpcrd
 NATOM  =    2633 NTYPES =       6 NBONH =    2619 MBONA  =      14
 NTHETH =      22 MTHETA =      16 NPHIH =      46 MPHIA  =      16
 NHPARM =       0 NPARM  =       0 NNB   =    3588 NRES   =     871
 NBONA  =      14 NTHETA =      16 NPHIA =      16 NUMBND =       6
 NUMANG =       4 NPTRA  =       3 NATYP =       6 NPHB   =       1
 IFBOX  =       1 NMXRS  =      13 IFCAP =       0 NEXTRA =       0
 NCOPY  =       0

| Coordinate Index Table dimensions:     7    7    7
| Direct force subcell size =     4.8104    4.9998    5.0941

     BOX TYPE: RECTILINEAR

--------------------------------------------------------------------------------
   2.  CONTROL  DATA  FOR  THE  RUN
--------------------------------------------------------------------------------

default_name                                                                    

General flags:
     imin    =       0, nmropt  =       1

Nature and format of input:
     ntx     =       1, irest   =       0, ntrx    =       1

Nature and format of output:
     ntxo    =       2, ntpr    =    1000, ntrx    =       1, ntwr    =    5000
     iwrap   =       1, ntwx    =    1000, ntwv    =       0, ntwe    =    1000
     ioutfm  =       1, ntwprt  =       0, idecomp =       0, rbornstat=      0

Potential function:
     ntf     =       1, ntb     =       1, igb     =       0, nsnb    =      25
     ipol    =       0, gbsa    =       0, iesp    =       0
     dielc   =   1.00000, cut     =   8.00000, intdiel =   1.00000

Frozen or restrained atoms:
     ibelly  =       0, ntr     =       1
     restraint_wt =   5.00000

Molecular dynamics:
     nstlim  =     10000, nscm    =         0, nrespa  =         1
     t       =   0.00000, dt      =   0.00200, vlimit  =  20.00000

Berendsen (weak-coupling) temperature regulation:
     temp0   = 300.00000, tempi   =  50.00000, tautp   =   1.00000

SHAKE:
     ntc     =       2, jfastw  =       0
     tol     =   0.00001

NMR refinement options:
     iscale  =       0, noeskp  =       1, ipnlty  =       1, mxsub   =       1
     scalm   = 100.00000, pencut  =   0.10000, tausw   =   0.10000

Free energy options:
     icfe    =       1, ifsc    =       0, klambda =       1
     clambda =  0.4000, scalpha =  0.5000, scbeta  = 12.0000
     sceeorder =       2
     dynlmb =  0.0000 logdvdl =       0

| Intermolecular bonds treatment:
|     no_intermolecular_bonds =       1

| Energy averages sample interval:
|     ene_avg_sampling =    1000

Ewald parameters:
     verbose =       0, ew_type =       0, nbflag  =       1, use_pme =       1
     vdwmeth =       1, eedmeth =       1, netfrc  =       1
     Box X =   33.673   Box Y =   34.999   Box Z =   35.659
     Alpha =   90.000   Beta  =   90.000   Gamma =   90.000
     NFFT1 =   36       NFFT2 =   36       NFFT3 =   36
     Cutoff=    8.000   Tol   =0.100E-04
     Ewald Coefficient =  0.34864
     Interpolation order =    4

    LOADING THE CONSTRAINED ATOMS AS GROUPS


   5.  REFERENCE ATOM COORDINATES

  default_name                                                                    
     Mask !:WAT & !@H=; matches    14 atoms
     TI Mask 1 :1; matches     13 atoms
     TI Mask 2 :2; matches     13 atoms
     TI region 1:    2620 atoms
     TI region 2:    2620 atoms
Removing charge of      -0.5539 from atom      12
Removing charge of       0.3791 from atom      13
Total charge of  -0.17486000 removed from       2 atoms
     Checking for mismatched coordinates.

--------------------------------------------------------------------------------
   3.  ATOMIC COORDINATES AND VELOCITIES
--------------------------------------------------------------------------------

default_name                                                                    
 begin time read from input coords =     0.000 ps



           Begin reading energy term weight changes/NMR restraints
 WEIGHT CHANGES:
 TEMP0         0   8000   50.000000  300.000000      0      0

 RESTRAINTS:
                          ** No restraint defined **

                  Done reading weight changes/NMR restraints


 
 Number of triangulated 3-point waters found:      869

     Sum of charges for TI region  1 =   0.17486100
     Assuming uniform neutralizing plasma


     Sum of charges for TI region  2 =   0.00000100
     Forcing neutrality...

| Dynamic Memory, Types Used:
| Reals              231002
| Integers           100935

| Nonbonded Pairs Initial Allocation:      439776

--------------------------------------------------------------------------------
   4.  RESULTS
--------------------------------------------------------------------------------

 ---------------------------------------------------
 APPROXIMATING switch and d/dx switch using CUBIC SPLINE INTERPOLATION
 using   5000.0 points per unit in tabled values
 TESTING RELATIVE ERROR over r ranging from 0.0 to cutoff
| CHECK switch(x): max rel err =   0.2738E-14   at   2.422500
| CHECK d/dx switch(x): max rel err =   0.8332E-11   at   2.782960
 ---------------------------------------------------
|---------------------------------------------------
| APPROXIMATING direct energy using CUBIC SPLINE INTERPOLATION
|  with   50.0 points per unit in tabled values
| Relative Error Limit not exceeded for r .gt.   2.47
| APPROXIMATING direct force using CUBIC SPLINE INTERPOLATION
|  with   50.0 points per unit in tabled values
| Relative Error Limit not exceeded for r .gt.   2.89
|---------------------------------------------------

| TI region  1


 NSTEP =        0   TIME(PS) =       0.000  TEMP(K) =    75.57  PRESS =     0.0
 Etot   =     -6470.5155  EKtot   =       393.9710  EPtot      =     -6864.4865
 BOND   =         2.2487  ANGLE   =         4.3515  DIHED      =         1.0131
 1-4 NB =         3.7427  1-4 EEL =       -24.9461  VDWAALS    =      1126.6119
 EELEC  =     -7977.5082  EHBOND  =         0.0000  RESTRAINT  =         0.0000
 DV/DL  =       -33.2147
 Ewald error estimate:   0.4247E-03
 ------------------------------------------------------------------------------


| TI region  2


 NSTEP =        0   TIME(PS) =       0.000  TEMP(K) =    75.57  PRESS =     0.0
 Etot   =     -6470.5155  EKtot   =       393.9710  EPtot      =     -6864.4865
 BOND   =         2.2487  ANGLE   =         4.3515  DIHED      =         1.0131
 1-4 NB =         3.7427  1-4 EEL =       -24.9461  VDWAALS    =      1126.6119
 EELEC  =     -7977.5082  EHBOND  =         0.0000  RESTRAINT  =         0.0000
 DV/DL  =       -33.2147
 Ewald error estimate:   0.4247E-03
 ------------------------------------------------------------------------------

 NMR restraints: Bond =    0.000   Angle =     0.000   Torsion =     0.000
===============================================================================

| TI region  1


 NSTEP =     1000   TIME(PS) =       2.000  TEMP(K) =   176.30  PRESS =     0.0
 Etot   =     -8036.4929  EKtot   =       919.1019  EPtot      =     -8955.5948
 BOND   =         0.3550  ANGLE   =         1.0390  DIHED      =         1.6625
 1-4 NB =         3.5073  1-4 EEL =       -24.8755  VDWAALS    =      1653.1530
 EELEC  =    -10591.1395  EHBOND  =         0.0000  RESTRAINT  =         0.7034
 EAMBER (non-restraint)  =     -8956.2982
 DV/DL  =       -32.9014
 Ewald error estimate:   0.1756E-03
 ------------------------------------------------------------------------------


| TI region  2


 NSTEP =     1000   TIME(PS) =       2.000  TEMP(K) =   176.30  PRESS =     0.0
 Etot   =     -8036.4929  EKtot   =       919.1019  EPtot      =     -8955.5948
 BOND   =         0.3550  ANGLE   =         1.0390  DIHED      =         1.6625
 1-4 NB =         3.5073  1-4 EEL =       -24.8755  VDWAALS    =      1653.1530
 EELEC  =    -10591.1395  EHBOND  =         0.0000  RESTRAINT  =         0.7034
 EAMBER (non-restraint)  =     -8956.2982
 DV/DL  =       -32.9014
 Ewald error estimate:   0.1756E-03
 ------------------------------------------------------------------------------

 NMR restraints: Bond =    0.000   Angle =     0.000   Torsion =     0.000
===============================================================================

| TI region  1


 NSTEP =     2000   TIME(PS) =       4.000  TEMP(K) =   139.37  PRESS =     0.0
 Etot   =     -8623.0073  EKtot   =       726.6115  EPtot      =     -9349.6188
 BOND   =         0.3352  ANGLE   =         0.6810  DIHED      =         1.2769
 1-4 NB =         3.4405  1-4 EEL =       -24.6512  VDWAALS    =      1741.2714
 EELEC  =    -11072.6135  EHBOND  =         0.0000  RESTRAINT  =         0.6409
 EAMBER (non-restraint)  =     -9350.2597
 DV/DL  =       -31.3045
 Ewald error estimate:   0.2481E-03
 ------------------------------------------------------------------------------


| TI region  2


 NSTEP =     2000   TIME(PS) =       4.000  TEMP(K) =   139.37  PRESS =     0.0
 Etot   =     -8623.0073  EKtot   =       726.6115  EPtot      =     -9349.6188
 BOND   =         0.3352  ANGLE   =         0.6810  DIHED      =         1.2769
 1-4 NB =         3.4405  1-4 EEL =       -24.6512  VDWAALS    =      1741.2714
 EELEC  =    -11072.6135  EHBOND  =         0.0000  RESTRAINT  =         0.6409
 EAMBER (non-restraint)  =     -9350.2597
 DV/DL  =       -31.3045
 Ewald error estimate:   0.2481E-03
 ------------------------------------------------------------------------------

 NMR restraints: Bond =    0.000   Angle =     0.000   Torsion =     0.000
===============================================================================

| TI region  1


 NSTEP =     3000   TIME(PS) =       6.000  TEMP(K) =   137.84  PRESS =     0.0
 Etot   =     -8716.1143  EKtot   =       718.6130  EPtot      =     -9434.7273
 BOND   =         0.6490  ANGLE   =         0.8858  DIHED      =         0.8253
 1-4 NB =         3.5940  1-4 EEL =       -24.3800  VDWAALS    =      1742.1227
 EELEC  =    -11158.7413  EHBOND  =         0.0000  RESTRAINT  =         0.3173
 EAMBER (non-restraint)  =     -9435.0446
 DV/DL  =       -31.5077
 Ewald error estimate:   0.4081E-03
 ------------------------------------------------------------------------------


| TI region  2


 NSTEP =     3000   TIME(PS) =       6.000  TEMP(K) =   137.84  PRESS =     0.0
 Etot   =     -8716.1143  EKtot   =       718.6130  EPtot      =     -9434.7273
 BOND   =         0.6490  ANGLE   =         0.8858  DIHED      =         0.8253
 1-4 NB =         3.5940  1-4 EEL =       -24.3800  VDWAALS    =      1742.1227
 EELEC  =    -11158.7413  EHBOND  =         0.0000  RESTRAINT  =         0.3173
 EAMBER (non-restraint)  =     -9435.0446
 DV/DL  =       -31.5077
 Ewald error estimate:   0.4081E-03
 ------------------------------------------------------------------------------

 NMR restraints: Bond =    0.000   Angle =     0.000   Torsion =     0.000
===============================================================================

| TI region  1


 NSTEP =     4000   TIME(PS) =       8.000  TEMP(K) =   152.61  PRESS =     0.0
 Etot   =     -8567.0839  EKtot   =       795.6022  EPtot      =     -9362.6861
 BOND   =         0.7654  ANGLE   =         1.4234  DIHED      =         1.1578
 1-4 NB =         3.5173  1-4 EEL =       -24.6418  VDWAALS    =      1733.8803
 EELEC  =    -11079.4406  EHBOND  =         0.0000  RESTRAINT  =         0.6521
 EAMBER (non-restraint)  =     -9363.3382
 DV/DL  =       -32.6410
 Ewald error estimate:   0.1654E-03
 ------------------------------------------------------------------------------


| TI region  2


 NSTEP =     4000   TIME(PS) =       8.000  TEMP(K) =   152.61  PRESS =     0.0
 Etot   =     -8567.0839  EKtot   =       795.6022  EPtot      =     -9362.6861
 BOND   =         0.7654  ANGLE   =         1.4234  DIHED      =         1.1578
 1-4 NB =         3.5173  1-4 EEL =       -24.6418  VDWAALS    =      1733.8803
 EELEC  =    -11079.4406  EHBOND  =         0.0000  RESTRAINT  =         0.6521
 EAMBER (non-restraint)  =     -9363.3382
 DV/DL  =       -32.6410
 Ewald error estimate:   0.1654E-03
 ------------------------------------------------------------------------------

 NMR restraints: Bond =    0.000   Angle =     0.000   Torsion =     0.000
===============================================================================

| TI region  1


 NSTEP =     5000   TIME(PS) =      10.000  TEMP(K) =   174.59  PRESS =     0.0
 Etot   =     -8304.7441  EKtot   =       910.2194  EPtot      =     -9214.9635
 BOND   =         0.8543  ANGLE   =         1.4717  DIHED      =         1.7091
 1-4 NB =         3.1665  1-4 EEL =       -24.2918  VDWAALS    =      1657.5904
 EELEC  =    -10855.8787  EHBOND  =         0.0000  RESTRAINT  =         0.4150
 EAMBER (non-restraint)  =     -9215.3785
 DV/DL  =       -29.7891
 Ewald error estimate:   0.4464E-04
 ------------------------------------------------------------------------------


| TI region  2


 NSTEP =     5000   TIME(PS) =      10.000  TEMP(K) =   174.59  PRESS =     0.0
 Etot   =     -8304.7441  EKtot   =       910.2194  EPtot      =     -9214.9635
 BOND   =         0.8543  ANGLE   =         1.4717  DIHED      =         1.7091
 1-4 NB =         3.1665  1-4 EEL =       -24.2918  VDWAALS    =      1657.5904
 EELEC  =    -10855.8787  EHBOND  =         0.0000  RESTRAINT  =         0.4150
 EAMBER (non-restraint)  =     -9215.3785
 DV/DL  =       -29.7891
 Ewald error estimate:   0.4464E-04
 ------------------------------------------------------------------------------

 NMR restraints: Bond =    0.000   Angle =     0.000   Torsion =     0.000
===============================================================================

| TI region  1


 NSTEP =     6000   TIME(PS) =      12.000  TEMP(K) =   198.83  PRESS =     0.0
 Etot   =     -7970.4539  EKtot   =      1036.5592  EPtot      =     -9007.0131
 BOND   =         1.3716  ANGLE   =         1.6835  DIHED      =         1.9351
 1-4 NB =         3.3363  1-4 EEL =       -24.6791  VDWAALS    =      1623.2730
 EELEC  =    -10614.7829  EHBOND  =         0.0000  RESTRAINT  =         0.8494
 EAMBER (non-restraint)  =     -9007.8625
 DV/DL  =       -29.4873
 Ewald error estimate:   0.7420E-04
 ------------------------------------------------------------------------------


| TI region  2


 NSTEP =     6000   TIME(PS) =      12.000  TEMP(K) =   198.83  PRESS =     0.0
 Etot   =     -7970.4539  EKtot   =      1036.5592  EPtot      =     -9007.0131
 BOND   =         1.3716  ANGLE   =         1.6835  DIHED      =         1.9351
 1-4 NB =         3.3363  1-4 EEL =       -24.6791  VDWAALS    =      1623.2730
 EELEC  =    -10614.7829  EHBOND  =         0.0000  RESTRAINT  =         0.8494
 EAMBER (non-restraint)  =     -9007.8625
 DV/DL  =       -29.4873
 Ewald error estimate:   0.7420E-04
 ------------------------------------------------------------------------------

 NMR restraints: Bond =    0.000   Angle =     0.000   Torsion =     0.000
===============================================================================

| TI region  1


 NSTEP =     7000   TIME(PS) =      14.000  TEMP(K) =   222.80  PRESS =     0.0
 Etot   =     -7567.0814  EKtot   =      1161.5539  EPtot      =     -8728.6353
 BOND   =         0.8532  ANGLE   =         1.7757  DIHED      =         1.2883
 1-4 NB =         3.7825  1-4 EEL =       -24.7607  VDWAALS    =      1532.4975
 EELEC  =    -10245.9020  EHBOND  =         0.0000  RESTRAINT  =         1.8303
 EAMBER (non-restraint)  =     -8730.4656
 DV/DL  =       -29.7778
 Ewald error estimate:   0.7464E-04
 ------------------------------------------------------------------------------


| TI region  2


 NSTEP =     7000   TIME(PS) =      14.000  TEMP(K) =   222.80  PRESS =     0.0
 Etot   =     -7567.0814  EKtot   =      1161.5539  EPtot      =     -8728.6353
 BOND   =         0.8532  ANGLE   =         1.7757  DIHED      =         1.2883
 1-4 NB =         3.7825  1-4 EEL =       -24.7607  VDWAALS    =      1532.4975
 EELEC  =    -10245.9020  EHBOND  =         0.0000  RESTRAINT  =         1.8303
 EAMBER (non-restraint)  =     -8730.4656
 DV/DL  =       -29.7778
 Ewald error estimate:   0.7464E-04
 ------------------------------------------------------------------------------

 NMR restraints: Bond =    0.000   Angle =     0.000   Torsion =     0.000
===============================================================================

| TI region  1


 NSTEP =     8000   TIME(PS) =      16.000  TEMP(K) =   254.36  PRESS =     0.0
 Etot   =     -7121.9418  EKtot   =      1326.0648  EPtot      =     -8448.0066
 BOND   =         0.5264  ANGLE   =         2.2162  DIHED      =         2.5166
 1-4 NB =         4.0671  1-4 EEL =       -25.0797  VDWAALS    =      1376.7173
 EELEC  =     -9811.9823  EHBOND  =         0.0000  RESTRAINT  =         3.0119
 EAMBER (non-restraint)  =     -8451.0185
 DV/DL  =       -32.6786
 Ewald error estimate:   0.3517E-04
 ------------------------------------------------------------------------------


| TI region  2


 NSTEP =     8000   TIME(PS) =      16.000  TEMP(K) =   254.36  PRESS =     0.0
 Etot   =     -7121.9418  EKtot   =      1326.0648  EPtot      =     -8448.0066
 BOND   =         0.5264  ANGLE   =         2.2162  DIHED      =         2.5166
 1-4 NB =         4.0671  1-4 EEL =       -25.0797  VDWAALS    =      1376.7173
 EELEC  =     -9811.9823  EHBOND  =         0.0000  RESTRAINT  =         3.0119
 EAMBER (non-restraint)  =     -8451.0185
 DV/DL  =       -32.6786
 Ewald error estimate:   0.3517E-04
 ------------------------------------------------------------------------------

 NMR restraints: Bond =    0.000   Angle =     0.000   Torsion =     0.000
===============================================================================

| TI region  1


 NSTEP =     9000   TIME(PS) =      18.000  TEMP(K) =   278.50  PRESS =     0.0
 Etot   =     -6768.2701  EKtot   =      1451.9294  EPtot      =     -8220.1995
 BOND   =         1.6000  ANGLE   =         0.8341  DIHED      =         2.6396
 1-4 NB =         3.2226  1-4 EEL =       -24.6540  VDWAALS    =      1285.0514
 EELEC  =     -9491.4329  EHBOND  =         0.0000  RESTRAINT  =         2.5398
 EAMBER (non-restraint)  =     -8222.7393
 DV/DL  =       -28.9732
 Ewald error estimate:   0.3165E-03
 ------------------------------------------------------------------------------


| TI region  2


 NSTEP =     9000   TIME(PS) =      18.000  TEMP(K) =   278.50  PRESS =     0.0
 Etot   =     -6768.2701  EKtot   =      1451.9294  EPtot      =     -8220.1995
 BOND   =         1.6000  ANGLE   =         0.8341  DIHED      =         2.6396
 1-4 NB =         3.2226  1-4 EEL =       -24.6540  VDWAALS    =      1285.0514
 EELEC  =     -9491.4329  EHBOND  =         0.0000  RESTRAINT  =         2.5398
 EAMBER (non-restraint)  =     -8222.7393
 DV/DL  =       -28.9732
 Ewald error estimate:   0.3165E-03
 ------------------------------------------------------------------------------

 NMR restraints: Bond =    0.000   Angle =     0.000   Torsion =     0.000
===============================================================================

| TI region  1


 NSTEP =    10000   TIME(PS) =      20.000  TEMP(K) =   285.94  PRESS =     0.0
 Etot   =     -6571.5405  EKtot   =      1490.7259  EPtot      =     -8062.2665
 BOND   =         1.1658  ANGLE   =         1.5085  DIHED      =         3.8363
 1-4 NB =         3.2259  1-4 EEL =       -24.1139  VDWAALS    =      1226.2195
 EELEC  =     -9278.7196  EHBOND  =         0.0000  RESTRAINT  =         4.6111
 EAMBER (non-restraint)  =     -8066.8775
 DV/DL  =       -28.9432
 Ewald error estimate:   0.8318E-05
 ------------------------------------------------------------------------------


| TI region  2


 NSTEP =    10000   TIME(PS) =      20.000  TEMP(K) =   285.94  PRESS =     0.0
 Etot   =     -6571.5405  EKtot   =      1490.7259  EPtot      =     -8062.2665
 BOND   =         1.1658  ANGLE   =         1.5085  DIHED      =         3.8363
 1-4 NB =         3.2259  1-4 EEL =       -24.1139  VDWAALS    =      1226.2195
 EELEC  =     -9278.7196  EHBOND  =         0.0000  RESTRAINT  =         4.6111
 EAMBER (non-restraint)  =     -8066.8775
 DV/DL  =       -28.9432
 Ewald error estimate:   0.8318E-05
 ------------------------------------------------------------------------------

 NMR restraints: Bond =    0.000   Angle =     0.000   Torsion =     0.000
===============================================================================

| TI region  1


      A V E R A G E S   O V E R      10 S T E P S


 NSTEP =    10000   TIME(PS) =      20.000  TEMP(K) =   202.11  PRESS =     0.0
 Etot   =     -7824.6730  EKtot   =      1053.6981  EPtot      =     -8878.3711
 BOND   =         0.8476  ANGLE   =         1.3519  DIHED      =         1.8847
 1-4 NB =         3.4860  1-4 EEL =       -24.6128  VDWAALS    =      1557.1776
 EELEC  =    -10420.0633  EHBOND  =         0.0000  RESTRAINT  =         1.5571
 EAMBER (non-restraint)  =     -8879.9283
 DV/DL  =       -30.8004
 Ewald error estimate:   0.1551E-03
 ------------------------------------------------------------------------------

 NMR restraints: Bond =    0.000   Angle =     0.000   Torsion =     0.000
===============================================================================

      R M S  F L U C T U A T I O N S


 NSTEP =    10000   TIME(PS) =      20.000  TEMP(K) =    52.89  PRESS =     0.0
 Etot   =       743.3895  EKtot   =       275.7309  EPtot      =       469.9814
 BOND   =         0.3996  ANGLE   =         0.4598  DIHED      =         0.8507
 1-4 NB =         0.2650  1-4 EEL =         0.2690  VDWAALS    =       184.3211
 EELEC  =       650.2675  EHBOND  =         0.0000  RESTRAINT  =         1.3495
 EAMBER (non-restraint)  =       468.6319
 DV/DL  =         1.5055
 Ewald error estimate:   0.1266E-03
 ------------------------------------------------------------------------------


| TI region  2


      A V E R A G E S   O V E R      10 S T E P S


 NSTEP =    10000   TIME(PS) =      20.000  TEMP(K) =   202.11  PRESS =     0.0
 Etot   =     -7824.6730  EKtot   =      1053.6981  EPtot      =     -8878.3711
 BOND   =         0.8476  ANGLE   =         1.3519  DIHED      =         1.8847
 1-4 NB =         3.4860  1-4 EEL =       -24.6128  VDWAALS    =      1557.1776
 EELEC  =    -10420.0633  EHBOND  =         0.0000  RESTRAINT  =         1.5571
 EAMBER (non-restraint)  =     -8879.9283
 DV/DL  =       -30.8004
 Ewald error estimate:   0.1551E-03
 ------------------------------------------------------------------------------

 NMR restraints: Bond =    0.000   Angle =     0.000   Torsion =     0.000
===============================================================================

      R M S  F L U C T U A T I O N S


 NSTEP =    10000   TIME(PS) =      20.000  TEMP(K) =    52.89  PRESS =     0.0
 Etot   =       743.3895  EKtot   =       275.7309  EPtot      =       469.9814
 BOND   =         0.3996  ANGLE   =         0.4598  DIHED      =         0.8507
 1-4 NB =         0.2650  1-4 EEL =         0.2690  VDWAALS    =       184.3211
 EELEC  =       650.2675  EHBOND  =         0.0000  RESTRAINT  =         1.3495
 EAMBER (non-restraint)  =       468.6319
 DV/DL  =         1.5055
 Ewald error estimate:   0.1266E-03
 ------------------------------------------------------------------------------


      DV/DL, AVERAGES OVER      10 STEPS


 NSTEP =    10000   TIME(PS) =      20.000  TEMP(K) =    52.89  PRESS =     0.0
 Etot   =         0.0000  EKtot   =         0.0000  EPtot      =       -30.8004
 BOND   =         0.0000  ANGLE   =         0.0000  DIHED      =         0.0000
 1-4 NB =        -0.0000  1-4 EEL =       -38.2688  VDWAALS    =         0.0000
 EELEC  =         7.4684  EHBOND  =         0.0000  RESTRAINT  =        -0.0000
 EAMBER (non-restraint)  =       -30.8004
 DV/DL  =       -30.8004
 Ewald error estimate:   0.0000E+00
 ------------------------------------------------------------------------------


 NMR restraints on final step:

--------------------------------------------------------------------------------
   5.  TIMINGS
--------------------------------------------------------------------------------

|  NonSetup CPU Time in Major Routines:
|
|     Routine           Sec        %
|     ------------------------------
|     Nonbond         154.92   97.81
|     Bond              0.64    0.40
|     Angle             0.10    0.06
|     Dihedral          0.23    0.14
|     Shake             1.36    0.86
|     RunMD             1.09    0.69
|     Other             0.06    0.04
|     ------------------------------
|     Total           158.39

|  PME Nonbond Pairlist CPU Time:
|
|     Routine              Sec        %
|     ---------------------------------
|     Set Up Cit           0.21    0.13
|     Build List          19.20   12.12
|     ---------------------------------
|     Total               19.41   12.25

|  PME Direct Force CPU Time:
|
|     Routine              Sec        %
|     ---------------------------------
|     NonBonded Calc      64.04   40.43
|     Exclude Masked       2.59    1.64
|     Other                2.66    1.68
|     ---------------------------------
|     Total               69.29   43.75

|  PME Reciprocal Force CPU Time:
|
|     Routine              Sec        %
|     ---------------------------------
|     1D bspline           2.74    1.73
|     Grid Charges         6.09    3.85
|     Scalar Sum           2.58    1.63
|     Gradient Sum         9.09    5.74
|     FFT                 45.82   28.93
|     ---------------------------------
|     Total               66.31   41.87

|  Final Performance Info:
|     -----------------------------------------------------
|     Average timings for last    2000 steps:
|     Elapsed(s) =      32.55 Per Step(ms) =      16.28
|         ns/day =      10.62   seconds/ns =    8138.75
|
|     Average timings for all steps:
|     Elapsed(s) =     158.53 Per Step(ms) =      15.85
|         ns/day =      10.90   seconds/ns =    7926.74
|     -----------------------------------------------------

|  Setup CPU time:            0.05 seconds
|  NonSetup CPU time:       158.39 seconds
|  Total CPU time:          158.44 seconds     0.04 hours

|  Setup wall time:           0    seconds
|  NonSetup wall time:      158    seconds
|  Total wall time:         158    seconds     0.04 hours
