
          -------------------------------------------------------
          Amber 18 PMEMD                              2018
          -------------------------------------------------------

| PMEMD implementation of SANDER, Release 18

| Run on 06/21/2018 at 11:28:34

|   Executable path: /home/uv10/amber/bin/pmemd
| Working directory: /home/uv10/tutorials-amber/A9/ligand/pmemd/free_energy/ligands/recharge/1.0
|          Hostname: Unknown
  [-O]verwriting output

File Assignments:
|   MDIN: heat.in                                                               
|  MDOUT: heat.out                                                              
| INPCRD: ti.rst7                                                               
|   PARM: ti.parm7                                                              
| RESTRT: heat.rst7                                                             
|   REFC: ti.rst7                                                               
|  MDVEL: mdvel                                                                 
|   MDEN: heat.en                                                               
|  MDCRD: heat.nc                                                               
| MDINFO: heat.info                                                             
|  MDFRC: mdfrc                                                                 


 Here is the input file:

heating                                                                        
 &cntrl                                                                        
   imin = 0, nstlim = 10000, irest = 0, ntx = 1, dt = 0.002,                   
   ntt = 1, temp0 = 300.0, tempi = 50.0, tautp = 1.0,                          
   ntc = 2, ntf = 1,                                                           
   ntb = 1,                                                                    
   ioutfm = 1, iwrap = 1,                                                      
   ntwe = 1000, ntwx = 1000, ntpr = 1000, ntwr = 5000,                         
                                                                               
   nmropt = 1,                                                                 
   ntr = 1, restraint_wt = 5.00,                                               
   restraintmask='!:WAT & !@H=',                                               
                                                                               
   icfe = 1, clambda = 1.0, scalpha = 0.5, scbeta = 12.0,                      
   logdvdl = 0,                                                                
   timask1 = ':1', timask2 = ':2',                                             
   ifsc = 0, crgmask = ':1@O1,H6',                                             
 /                                                                             
                                                                               
 &ewald                                                                        
 /                                                                             
                                                                               
 &wt                                                                           
   type='TEMP0',                                                               
   istep1 = 0, istep2 = 8000,                                                  
   value1 = 50.0, value2 = 300.0                                               
 /                                                                             
                                                                               
 &wt type = 'END'                                                              
 /                                                                             
                                                                               


Note: ig = -1. Setting random seed to   839998 based on wallclock time in 
      microseconds.
| irandom = 1, using AMBER's internal random number generator (default).
 
 
| Conditional Compilation Defines Used:
| PUBFFT
| BINTRAJ
| EMIL

| Largest sphere to fit in unit cell has radius =    16.836

| New format PARM file being parsed.
| Version =    1.000 Date = 06/20/18 Time = 14:05:12

| Note: 1-4 EEL scale factors are being read from the topology file.

| Note: 1-4 VDW scale factors are being read from the topology file.
| Duplicated    0 dihedrals

| Duplicated    0 dihedrals

--------------------------------------------------------------------------------
   1.  RESOURCE   USE: 
--------------------------------------------------------------------------------

 getting new box info from bottom of inpcrd
 NATOM  =    2633 NTYPES =       6 NBONH =    2619 MBONA  =      14
 NTHETH =      22 MTHETA =      16 NPHIH =      46 MPHIA  =      16
 NHPARM =       0 NPARM  =       0 NNB   =    3588 NRES   =     871
 NBONA  =      14 NTHETA =      16 NPHIA =      16 NUMBND =       6
 NUMANG =       4 NPTRA  =       3 NATYP =       6 NPHB   =       1
 IFBOX  =       1 NMXRS  =      13 IFCAP =       0 NEXTRA =       0
 NCOPY  =       0

| Coordinate Index Table dimensions:     7    7    7
| Direct force subcell size =     4.8104    4.9998    5.0941

     BOX TYPE: RECTILINEAR

--------------------------------------------------------------------------------
   2.  CONTROL  DATA  FOR  THE  RUN
--------------------------------------------------------------------------------

default_name                                                                    

General flags:
     imin    =       0, nmropt  =       1

Nature and format of input:
     ntx     =       1, irest   =       0, ntrx    =       1

Nature and format of output:
     ntxo    =       2, ntpr    =    1000, ntrx    =       1, ntwr    =    5000
     iwrap   =       1, ntwx    =    1000, ntwv    =       0, ntwe    =    1000
     ioutfm  =       1, ntwprt  =       0, idecomp =       0, rbornstat=      0

Potential function:
     ntf     =       1, ntb     =       1, igb     =       0, nsnb    =      25
     ipol    =       0, gbsa    =       0, iesp    =       0
     dielc   =   1.00000, cut     =   8.00000, intdiel =   1.00000

Frozen or restrained atoms:
     ibelly  =       0, ntr     =       1
     restraint_wt =   5.00000

Molecular dynamics:
     nstlim  =     10000, nscm    =         0, nrespa  =         1
     t       =   0.00000, dt      =   0.00200, vlimit  =  20.00000

Berendsen (weak-coupling) temperature regulation:
     temp0   = 300.00000, tempi   =  50.00000, tautp   =   1.00000

SHAKE:
     ntc     =       2, jfastw  =       0
     tol     =   0.00001

NMR refinement options:
     iscale  =       0, noeskp  =       1, ipnlty  =       1, mxsub   =       1
     scalm   = 100.00000, pencut  =   0.10000, tausw   =   0.10000

Free energy options:
     icfe    =       1, ifsc    =       0, klambda =       1
     clambda =  1.0000, scalpha =  0.5000, scbeta  = 12.0000
     sceeorder =       2
     dynlmb =  0.0000 logdvdl =       0

| Intermolecular bonds treatment:
|     no_intermolecular_bonds =       1

| Energy averages sample interval:
|     ene_avg_sampling =    1000

Ewald parameters:
     verbose =       0, ew_type =       0, nbflag  =       1, use_pme =       1
     vdwmeth =       1, eedmeth =       1, netfrc  =       1
     Box X =   33.673   Box Y =   34.999   Box Z =   35.659
     Alpha =   90.000   Beta  =   90.000   Gamma =   90.000
     NFFT1 =   36       NFFT2 =   36       NFFT3 =   36
     Cutoff=    8.000   Tol   =0.100E-04
     Ewald Coefficient =  0.34864
     Interpolation order =    4

    LOADING THE CONSTRAINED ATOMS AS GROUPS


   5.  REFERENCE ATOM COORDINATES

  default_name                                                                    
     Mask !:WAT & !@H=; matches    14 atoms
     TI Mask 1 :1; matches     13 atoms
     TI Mask 2 :2; matches     13 atoms
     TI region 1:    2620 atoms
     TI region 2:    2620 atoms
Removing charge of      -0.5539 from atom      12
Removing charge of       0.3791 from atom      13
Total charge of  -0.17486000 removed from       2 atoms
     Checking for mismatched coordinates.

--------------------------------------------------------------------------------
   3.  ATOMIC COORDINATES AND VELOCITIES
--------------------------------------------------------------------------------

default_name                                                                    
 begin time read from input coords =     0.000 ps



           Begin reading energy term weight changes/NMR restraints
 WEIGHT CHANGES:
 TEMP0         0   8000   50.000000  300.000000      0      0

 RESTRAINTS:
                          ** No restraint defined **

                  Done reading weight changes/NMR restraints


 
 Number of triangulated 3-point waters found:      869

     Sum of charges for TI region  1 =   0.17486100
     Assuming uniform neutralizing plasma


     Sum of charges for TI region  2 =   0.00000100
     Forcing neutrality...

| Dynamic Memory, Types Used:
| Reals              231002
| Integers           100935

| Nonbonded Pairs Initial Allocation:      439776

--------------------------------------------------------------------------------
   4.  RESULTS
--------------------------------------------------------------------------------

 ---------------------------------------------------
 APPROXIMATING switch and d/dx switch using CUBIC SPLINE INTERPOLATION
 using   5000.0 points per unit in tabled values
 TESTING RELATIVE ERROR over r ranging from 0.0 to cutoff
| CHECK switch(x): max rel err =   0.2738E-14   at   2.422500
| CHECK d/dx switch(x): max rel err =   0.8332E-11   at   2.782960
 ---------------------------------------------------
|---------------------------------------------------
| APPROXIMATING direct energy using CUBIC SPLINE INTERPOLATION
|  with   50.0 points per unit in tabled values
| Relative Error Limit not exceeded for r .gt.   2.47
| APPROXIMATING direct force using CUBIC SPLINE INTERPOLATION
|  with   50.0 points per unit in tabled values
| Relative Error Limit not exceeded for r .gt.   2.89
|---------------------------------------------------

| TI region  1


 NSTEP =        0   TIME(PS) =       0.000  TEMP(K) =    73.94  PRESS =     0.0
 Etot   =     -6498.9242  EKtot   =       385.4912  EPtot      =     -6884.4153
 BOND   =         2.2487  ANGLE   =         4.3515  DIHED      =         1.0131
 1-4 NB =         3.7427  1-4 EEL =       -48.4873  VDWAALS    =      1126.6119
 EELEC  =     -7973.8959  EHBOND  =         0.0000  RESTRAINT  =         0.0000
 DV/DL  =       -33.2147
 Ewald error estimate:   0.4235E-03
 ------------------------------------------------------------------------------


| TI region  2


 NSTEP =        0   TIME(PS) =       0.000  TEMP(K) =    73.94  PRESS =     0.0
 Etot   =     -6498.9242  EKtot   =       385.4912  EPtot      =     -6884.4153
 BOND   =         2.2487  ANGLE   =         4.3515  DIHED      =         1.0131
 1-4 NB =         3.7427  1-4 EEL =       -48.4873  VDWAALS    =      1126.6119
 EELEC  =     -7973.8959  EHBOND  =         0.0000  RESTRAINT  =         0.0000
 DV/DL  =       -33.2147
 Ewald error estimate:   0.4235E-03
 ------------------------------------------------------------------------------

 NMR restraints: Bond =    0.000   Angle =     0.000   Torsion =     0.000
===============================================================================

| TI region  1


 NSTEP =     1000   TIME(PS) =       2.000  TEMP(K) =   171.34  PRESS =     0.0
 Etot   =     -8065.8682  EKtot   =       893.2768  EPtot      =     -8959.1450
 BOND   =         0.4543  ANGLE   =         1.1857  DIHED      =         0.4288
 1-4 NB =         3.6904  1-4 EEL =       -47.8462  VDWAALS    =      1597.6808
 EELEC  =    -10515.2293  EHBOND  =         0.0000  RESTRAINT  =         0.4905
 EAMBER (non-restraint)  =     -8959.6356
 DV/DL  =       -42.4465
 Ewald error estimate:   0.5390E-04
 ------------------------------------------------------------------------------


| TI region  2


 NSTEP =     1000   TIME(PS) =       2.000  TEMP(K) =   171.34  PRESS =     0.0
 Etot   =     -8065.8682  EKtot   =       893.2768  EPtot      =     -8959.1450
 BOND   =         0.4543  ANGLE   =         1.1857  DIHED      =         0.4288
 1-4 NB =         3.6904  1-4 EEL =       -47.8462  VDWAALS    =      1597.6808
 EELEC  =    -10515.2293  EHBOND  =         0.0000  RESTRAINT  =         0.4905
 EAMBER (non-restraint)  =     -8959.6356
 DV/DL  =       -42.4465
 Ewald error estimate:   0.5390E-04
 ------------------------------------------------------------------------------

 NMR restraints: Bond =    0.000   Angle =     0.000   Torsion =     0.000
===============================================================================

| TI region  1


 NSTEP =     2000   TIME(PS) =       4.000  TEMP(K) =   139.84  PRESS =     0.0
 Etot   =     -8652.3674  EKtot   =       729.0588  EPtot      =     -9381.4263
 BOND   =         0.2789  ANGLE   =         0.6377  DIHED      =         1.3704
 1-4 NB =         3.5069  1-4 EEL =       -48.5345  VDWAALS    =      1810.4834
 EELEC  =    -11149.8894  EHBOND  =         0.0000  RESTRAINT  =         0.7203
 EAMBER (non-restraint)  =     -9382.1465
 DV/DL  =       -43.2663
 Ewald error estimate:   0.1555E-03
 ------------------------------------------------------------------------------


| TI region  2


 NSTEP =     2000   TIME(PS) =       4.000  TEMP(K) =   139.84  PRESS =     0.0
 Etot   =     -8652.3674  EKtot   =       729.0588  EPtot      =     -9381.4263
 BOND   =         0.2789  ANGLE   =         0.6377  DIHED      =         1.3704
 1-4 NB =         3.5069  1-4 EEL =       -48.5345  VDWAALS    =      1810.4834
 EELEC  =    -11149.8894  EHBOND  =         0.0000  RESTRAINT  =         0.7203
 EAMBER (non-restraint)  =     -9382.1465
 DV/DL  =       -43.2663
 Ewald error estimate:   0.1555E-03
 ------------------------------------------------------------------------------

 NMR restraints: Bond =    0.000   Angle =     0.000   Torsion =     0.000
===============================================================================

| TI region  1


 NSTEP =     3000   TIME(PS) =       6.000  TEMP(K) =   139.40  PRESS =     0.0
 Etot   =     -8744.7180  EKtot   =       726.7615  EPtot      =     -9471.4795
 BOND   =         0.5616  ANGLE   =         1.1067  DIHED      =         0.4236
 1-4 NB =         3.6139  1-4 EEL =       -48.8676  VDWAALS    =      1762.4474
 EELEC  =    -11191.5577  EHBOND  =         0.0000  RESTRAINT  =         0.7925
 EAMBER (non-restraint)  =     -9472.2720
 DV/DL  =       -45.5770
 Ewald error estimate:   0.2903E-03
 ------------------------------------------------------------------------------


| TI region  2


 NSTEP =     3000   TIME(PS) =       6.000  TEMP(K) =   139.40  PRESS =     0.0
 Etot   =     -8744.7180  EKtot   =       726.7615  EPtot      =     -9471.4795
 BOND   =         0.5616  ANGLE   =         1.1067  DIHED      =         0.4236
 1-4 NB =         3.6139  1-4 EEL =       -48.8676  VDWAALS    =      1762.4474
 EELEC  =    -11191.5577  EHBOND  =         0.0000  RESTRAINT  =         0.7925
 EAMBER (non-restraint)  =     -9472.2720
 DV/DL  =       -45.5770
 Ewald error estimate:   0.2903E-03
 ------------------------------------------------------------------------------

 NMR restraints: Bond =    0.000   Angle =     0.000   Torsion =     0.000
===============================================================================

| TI region  1


 NSTEP =     4000   TIME(PS) =       8.000  TEMP(K) =   153.08  PRESS =     0.0
 Etot   =     -8595.7684  EKtot   =       798.0740  EPtot      =     -9393.8423
 BOND   =         0.9536  ANGLE   =         1.1464  DIHED      =         1.1118
 1-4 NB =         3.5641  1-4 EEL =       -47.3290  VDWAALS    =      1734.3163
 EELEC  =    -11089.5225  EHBOND  =         0.0000  RESTRAINT  =         1.9170
 EAMBER (non-restraint)  =     -9395.7594
 DV/DL  =       -44.3657
 Ewald error estimate:   0.5800E-04
 ------------------------------------------------------------------------------


| TI region  2


 NSTEP =     4000   TIME(PS) =       8.000  TEMP(K) =   153.08  PRESS =     0.0
 Etot   =     -8595.7684  EKtot   =       798.0740  EPtot      =     -9393.8423
 BOND   =         0.9536  ANGLE   =         1.1464  DIHED      =         1.1118
 1-4 NB =         3.5641  1-4 EEL =       -47.3290  VDWAALS    =      1734.3163
 EELEC  =    -11089.5225  EHBOND  =         0.0000  RESTRAINT  =         1.9170
 EAMBER (non-restraint)  =     -9395.7594
 DV/DL  =       -44.3657
 Ewald error estimate:   0.5800E-04
 ------------------------------------------------------------------------------

 NMR restraints: Bond =    0.000   Angle =     0.000   Torsion =     0.000
===============================================================================

| TI region  1


 NSTEP =     5000   TIME(PS) =      10.000  TEMP(K) =   179.72  PRESS =     0.0
 Etot   =     -8327.5280  EKtot   =       936.9609  EPtot      =     -9264.4889
 BOND   =         0.3471  ANGLE   =         1.5780  DIHED      =         0.8240
 1-4 NB =         3.5308  1-4 EEL =       -47.3292  VDWAALS    =      1677.2991
 EELEC  =    -10902.3508  EHBOND  =         0.0000  RESTRAINT  =         1.6119
 EAMBER (non-restraint)  =     -9266.1008
 DV/DL  =       -43.5367
 Ewald error estimate:   0.2882E-03
 ------------------------------------------------------------------------------


| TI region  2


 NSTEP =     5000   TIME(PS) =      10.000  TEMP(K) =   179.72  PRESS =     0.0
 Etot   =     -8327.5280  EKtot   =       936.9609  EPtot      =     -9264.4889
 BOND   =         0.3471  ANGLE   =         1.5780  DIHED      =         0.8240
 1-4 NB =         3.5308  1-4 EEL =       -47.3292  VDWAALS    =      1677.2991
 EELEC  =    -10902.3508  EHBOND  =         0.0000  RESTRAINT  =         1.6119
 EAMBER (non-restraint)  =     -9266.1008
 DV/DL  =       -43.5367
 Ewald error estimate:   0.2882E-03
 ------------------------------------------------------------------------------

 NMR restraints: Bond =    0.000   Angle =     0.000   Torsion =     0.000
===============================================================================

| TI region  1


 NSTEP =     6000   TIME(PS) =      12.000  TEMP(K) =   205.17  PRESS =     0.0
 Etot   =     -8004.2272  EKtot   =      1069.6500  EPtot      =     -9073.8772
 BOND   =         2.2309  ANGLE   =         1.3669  DIHED      =         2.0907
 1-4 NB =         3.1185  1-4 EEL =       -48.2743  VDWAALS    =      1650.5759
 EELEC  =    -10685.4396  EHBOND  =         0.0000  RESTRAINT  =         0.4539
 EAMBER (non-restraint)  =     -9074.3311
 DV/DL  =       -45.9262
 Ewald error estimate:   0.2714E-03
 ------------------------------------------------------------------------------


| TI region  2


 NSTEP =     6000   TIME(PS) =      12.000  TEMP(K) =   205.17  PRESS =     0.0
 Etot   =     -8004.2272  EKtot   =      1069.6500  EPtot      =     -9073.8772
 BOND   =         2.2309  ANGLE   =         1.3669  DIHED      =         2.0907
 1-4 NB =         3.1185  1-4 EEL =       -48.2743  VDWAALS    =      1650.5759
 EELEC  =    -10685.4396  EHBOND  =         0.0000  RESTRAINT  =         0.4539
 EAMBER (non-restraint)  =     -9074.3311
 DV/DL  =       -45.9262
 Ewald error estimate:   0.2714E-03
 ------------------------------------------------------------------------------

 NMR restraints: Bond =    0.000   Angle =     0.000   Torsion =     0.000
===============================================================================

| TI region  1


 NSTEP =     7000   TIME(PS) =      14.000  TEMP(K) =   224.19  PRESS =     0.0
 Etot   =     -7615.7839  EKtot   =      1168.7921  EPtot      =     -8784.5761
 BOND   =         1.1326  ANGLE   =         1.1370  DIHED      =         3.9329
 1-4 NB =         3.6786  1-4 EEL =       -47.9638  VDWAALS    =      1500.2423
 EELEC  =    -10247.9169  EHBOND  =         0.0000  RESTRAINT  =         1.1813
 EAMBER (non-restraint)  =     -8785.7573
 DV/DL  =       -41.8375
 Ewald error estimate:   0.3793E-04
 ------------------------------------------------------------------------------


| TI region  2


 NSTEP =     7000   TIME(PS) =      14.000  TEMP(K) =   224.19  PRESS =     0.0
 Etot   =     -7615.7839  EKtot   =      1168.7921  EPtot      =     -8784.5761
 BOND   =         1.1326  ANGLE   =         1.1370  DIHED      =         3.9329
 1-4 NB =         3.6786  1-4 EEL =       -47.9638  VDWAALS    =      1500.2423
 EELEC  =    -10247.9169  EHBOND  =         0.0000  RESTRAINT  =         1.1813
 EAMBER (non-restraint)  =     -8785.7573
 DV/DL  =       -41.8375
 Ewald error estimate:   0.3793E-04
 ------------------------------------------------------------------------------

 NMR restraints: Bond =    0.000   Angle =     0.000   Torsion =     0.000
===============================================================================

| TI region  1


 NSTEP =     8000   TIME(PS) =      16.000  TEMP(K) =   251.98  PRESS =     0.0
 Etot   =     -7165.0009  EKtot   =      1313.6955  EPtot      =     -8478.6964
 BOND   =         3.8716  ANGLE   =         1.3895  DIHED      =         1.4036
 1-4 NB =         3.5878  1-4 EEL =       -48.0349  VDWAALS    =      1343.2968
 EELEC  =     -9785.5480  EHBOND  =         0.0000  RESTRAINT  =         1.3372
 EAMBER (non-restraint)  =     -8480.0336
 DV/DL  =       -45.9262
 Ewald error estimate:   0.4680E-03
 ------------------------------------------------------------------------------


| TI region  2


 NSTEP =     8000   TIME(PS) =      16.000  TEMP(K) =   251.98  PRESS =     0.0
 Etot   =     -7165.0009  EKtot   =      1313.6955  EPtot      =     -8478.6964
 BOND   =         3.8716  ANGLE   =         1.3895  DIHED      =         1.4036
 1-4 NB =         3.5878  1-4 EEL =       -48.0349  VDWAALS    =      1343.2968
 EELEC  =     -9785.5480  EHBOND  =         0.0000  RESTRAINT  =         1.3372
 EAMBER (non-restraint)  =     -8480.0336
 DV/DL  =       -45.9262
 Ewald error estimate:   0.4680E-03
 ------------------------------------------------------------------------------

 NMR restraints: Bond =    0.000   Angle =     0.000   Torsion =     0.000
===============================================================================

| TI region  1


 NSTEP =     9000   TIME(PS) =      18.000  TEMP(K) =   271.67  PRESS =     0.0
 Etot   =     -6811.5383  EKtot   =      1416.3240  EPtot      =     -8227.8623
 BOND   =         0.3642  ANGLE   =         2.7542  DIHED      =         4.1157
 1-4 NB =         3.5164  1-4 EEL =       -46.8675  VDWAALS    =      1262.8892
 EELEC  =     -9456.5213  EHBOND  =         0.0000  RESTRAINT  =         1.8867
 EAMBER (non-restraint)  =     -8229.7490
 DV/DL  =       -43.0984
 Ewald error estimate:   0.1002E-03
 ------------------------------------------------------------------------------


| TI region  2


 NSTEP =     9000   TIME(PS) =      18.000  TEMP(K) =   271.67  PRESS =     0.0
 Etot   =     -6811.5383  EKtot   =      1416.3240  EPtot      =     -8227.8623
 BOND   =         0.3642  ANGLE   =         2.7542  DIHED      =         4.1157
 1-4 NB =         3.5164  1-4 EEL =       -46.8675  VDWAALS    =      1262.8892
 EELEC  =     -9456.5213  EHBOND  =         0.0000  RESTRAINT  =         1.8867
 EAMBER (non-restraint)  =     -8229.7490
 DV/DL  =       -43.0984
 Ewald error estimate:   0.1002E-03
 ------------------------------------------------------------------------------

 NMR restraints: Bond =    0.000   Angle =     0.000   Torsion =     0.000
===============================================================================

| TI region  1


 NSTEP =    10000   TIME(PS) =      20.000  TEMP(K) =   288.63  PRESS =     0.0
 Etot   =     -6581.2854  EKtot   =      1504.7680  EPtot      =     -8086.0535
 BOND   =         1.2690  ANGLE   =         1.2760  DIHED      =         2.8383
 1-4 NB =         3.3000  1-4 EEL =       -48.0403  VDWAALS    =      1314.1624
 EELEC  =     -9364.2834  EHBOND  =         0.0000  RESTRAINT  =         3.4246
 EAMBER (non-restraint)  =     -8089.4781
 DV/DL  =       -43.8555
 Ewald error estimate:   0.2583E-03
 ------------------------------------------------------------------------------


| TI region  2


 NSTEP =    10000   TIME(PS) =      20.000  TEMP(K) =   288.63  PRESS =     0.0
 Etot   =     -6581.2854  EKtot   =      1504.7680  EPtot      =     -8086.0535
 BOND   =         1.2690  ANGLE   =         1.2760  DIHED      =         2.8383
 1-4 NB =         3.3000  1-4 EEL =       -48.0403  VDWAALS    =      1314.1624
 EELEC  =     -9364.2834  EHBOND  =         0.0000  RESTRAINT  =         3.4246
 EAMBER (non-restraint)  =     -8089.4781
 DV/DL  =       -43.8555
 Ewald error estimate:   0.2583E-03
 ------------------------------------------------------------------------------

 NMR restraints: Bond =    0.000   Angle =     0.000   Torsion =     0.000
===============================================================================

| TI region  1


      A V E R A G E S   O V E R      10 S T E P S


 NSTEP =    10000   TIME(PS) =      20.000  TEMP(K) =   202.50  PRESS =     0.0
 Etot   =     -7856.4086  EKtot   =      1055.7362  EPtot      =     -8912.1447
 BOND   =         1.1464  ANGLE   =         1.3578  DIHED      =         1.8540
 1-4 NB =         3.5107  1-4 EEL =       -47.9087  VDWAALS    =      1565.3394
 EELEC  =    -10438.8259  EHBOND  =         0.0000  RESTRAINT  =         1.3816
 EAMBER (non-restraint)  =     -8913.5263
 DV/DL  =       -43.9836
 Ewald error estimate:   0.1982E-03
 ------------------------------------------------------------------------------

 NMR restraints: Bond =    0.000   Angle =     0.000   Torsion =     0.000
===============================================================================

      R M S  F L U C T U A T I O N S


 NSTEP =    10000   TIME(PS) =      20.000  TEMP(K) =    51.93  PRESS =     0.0
 Etot   =       742.3350  EKtot   =       270.7405  EPtot      =       476.7018
 BOND   =         1.0714  ANGLE   =         0.5207  DIHED      =         1.2879
 1-4 NB =         0.1669  1-4 EEL =         0.5693  VDWAALS    =       188.7996
 EELEC  =       660.2966  EHBOND  =         0.0000  RESTRAINT  =         0.8515
 EAMBER (non-restraint)  =       475.8504
 DV/DL  =         1.3680
 Ewald error estimate:   0.1326E-03
 ------------------------------------------------------------------------------


| TI region  2


      A V E R A G E S   O V E R      10 S T E P S


 NSTEP =    10000   TIME(PS) =      20.000  TEMP(K) =   202.50  PRESS =     0.0
 Etot   =     -7856.4086  EKtot   =      1055.7362  EPtot      =     -8912.1447
 BOND   =         1.1464  ANGLE   =         1.3578  DIHED      =         1.8540
 1-4 NB =         3.5107  1-4 EEL =       -47.9087  VDWAALS    =      1565.3394
 EELEC  =    -10438.8259  EHBOND  =         0.0000  RESTRAINT  =         1.3816
 EAMBER (non-restraint)  =     -8913.5263
 DV/DL  =       -43.9836
 Ewald error estimate:   0.1982E-03
 ------------------------------------------------------------------------------

 NMR restraints: Bond =    0.000   Angle =     0.000   Torsion =     0.000
===============================================================================

      R M S  F L U C T U A T I O N S


 NSTEP =    10000   TIME(PS) =      20.000  TEMP(K) =    51.93  PRESS =     0.0
 Etot   =       742.3350  EKtot   =       270.7405  EPtot      =       476.7018
 BOND   =         1.0714  ANGLE   =         0.5207  DIHED      =         1.2879
 1-4 NB =         0.1669  1-4 EEL =         0.5693  VDWAALS    =       188.7996
 EELEC  =       660.2966  EHBOND  =         0.0000  RESTRAINT  =         0.8515
 EAMBER (non-restraint)  =       475.8504
 DV/DL  =         1.3680
 Ewald error estimate:   0.1326E-03
 ------------------------------------------------------------------------------


      DV/DL, AVERAGES OVER      10 STEPS


 NSTEP =    10000   TIME(PS) =      20.000  TEMP(K) =    51.93  PRESS =     0.0
 Etot   =         0.0000  EKtot   =         0.0000  EPtot      =       -43.9836
 BOND   =        -0.0000  ANGLE   =        -0.0000  DIHED      =         0.0000
 1-4 NB =        -0.0000  1-4 EEL =       -38.6143  VDWAALS    =         0.0000
 EELEC  =        -5.3694  EHBOND  =         0.0000  RESTRAINT  =         0.0000
 EAMBER (non-restraint)  =       -43.9836
 DV/DL  =       -43.9836
 Ewald error estimate:   0.0000E+00
 ------------------------------------------------------------------------------


 NMR restraints on final step:

--------------------------------------------------------------------------------
   5.  TIMINGS
--------------------------------------------------------------------------------

|  NonSetup CPU Time in Major Routines:
|
|     Routine           Sec        %
|     ------------------------------
|     Nonbond         152.85   97.68
|     Bond              0.64    0.41
|     Angle             0.08    0.05
|     Dihedral          0.29    0.18
|     Shake             1.37    0.88
|     RunMD             1.22    0.78
|     Other             0.04    0.02
|     ------------------------------
|     Total           156.48

|  PME Nonbond Pairlist CPU Time:
|
|     Routine              Sec        %
|     ---------------------------------
|     Set Up Cit           0.22    0.14
|     Build List          18.94   12.10
|     ---------------------------------
|     Total               19.16   12.24

|  PME Direct Force CPU Time:
|
|     Routine              Sec        %
|     ---------------------------------
|     NonBonded Calc      63.38   40.51
|     Exclude Masked       2.35    1.50
|     Other                2.52    1.61
|     ---------------------------------
|     Total               68.26   43.62

|  PME Reciprocal Force CPU Time:
|
|     Routine              Sec        %
|     ---------------------------------
|     1D bspline           2.52    1.61
|     Grid Charges         6.12    3.91
|     Scalar Sum           2.62    1.67
|     Gradient Sum         9.17    5.86
|     FFT                 45.04   28.79
|     ---------------------------------
|     Total               65.47   41.84

|  Final Performance Info:
|     -----------------------------------------------------
|     Average timings for last    2000 steps:
|     Elapsed(s) =      32.24 Per Step(ms) =      16.12
|         ns/day =      10.72   seconds/ns =    8059.81
|
|     Average timings for all steps:
|     Elapsed(s) =     156.61 Per Step(ms) =      15.66
|         ns/day =      11.03   seconds/ns =    7830.33
|     -----------------------------------------------------

|  Setup CPU time:            0.05 seconds
|  NonSetup CPU time:       156.48 seconds
|  Total CPU time:          156.53 seconds     0.04 hours

|  Setup wall time:           0    seconds
|  NonSetup wall time:      156    seconds
|  Total wall time:         156    seconds     0.04 hours
