
Static FFT Slab Distribution:

  FFT slabs assigned to    4 tasks
  Maximum of   19 xy slabs per task
  Maximum of   18 zx slabs per task
  Count of FFT xy slabs assigned to each task:
      18  19  19  19
  Count of FFT xz slabs assigned to each task:
      18  18  18  18

Atom Distribution No.     2 at run step    5114:

  Count of atoms assigned to each task:
         6965     9521     8494     5573

Atom Distribution No.     3 at run step    8632:

  Count of atoms assigned to each task:
         6780     5805     9367     8601

Major Routine Parallel Profiling - NonSetup CPU Seconds:

           D                                                              
           a                                                              
           t                                                              
           a                              D                               
           D         N                    i                               
           i         o                    h                               
           s         n             A      e      S      R      O         T
   T       t         B      B      n      d      h      u      t         o
   a       r         o      o      g      r      a      n      h         t
   s       i         n      n      l      a      k      M      e         a
   k       b         d      d      e      l      e      D      r         l
------------------------------------------------------------------------------
   0   113.1     590.2    2.0    3.1   15.1    4.0    6.9    0.0     734.4
   1    79.3     637.6    2.4    0.4    1.6    4.7    6.6    0.0     732.6
   2    98.4     618.6    2.2    0.6    2.9    4.7    6.5    0.0     733.8
   3   111.6     586.6    2.1    3.7   18.6    4.0    7.1    0.0     733.7
------------------------------------------------------------------------------
 avg   100.6     608.2    2.2    1.9    9.6    4.3    6.8    0.0     733.6
 min    79.3     586.6    2.0    0.4    1.6    4.0    6.5    0.0     732.6
 max   113.1     637.6    2.4    3.7   18.6    4.7    7.1    0.0     734.4
 std    13.6      21.0    0.2    1.5    7.4    0.3    0.2    0.0       0.7
------------------------------------------------------------------------------

PME NonBond Parallel Profiling - NonSetup CPU Seconds:

                     D                           
           P         i         R                 
           a         r         e      L          
           i         e         c      o          
           r         c         i      a         T
   T       l         t         p      d         o
   a       i         F         F      B         t
   s       s         r         r      a         a
   k       t         c         c      l         l
-------------------------------------------------
   0    42.3     284.7     263.2    0.0     590.2
   1    55.4     331.1     251.1    0.0     637.6
   2    52.5     311.6     254.5    0.0     618.5
   3    43.0     276.2     267.4    0.0     586.6
-------------------------------------------------
 avg    48.3     300.9     259.0    0.0     608.2
-------------------------------------------------
