
Static FFT Slab Distribution:

  FFT slabs assigned to    4 tasks
  Maximum of   23 xy slabs per task
  Maximum of   19 zx slabs per task
  Count of FFT xy slabs assigned to each task:
      22  22  23  23
  Count of FFT xz slabs assigned to each task:
      19  19  19  18

Atom Distribution No.     2 at run step    4593:

  Count of atoms assigned to each task:
         6536     8482     9086     6450

Atom Distribution No.     3 at run step    8218:

  Count of atoms assigned to each task:
         6610     8623     8617     6704

Major Routine Parallel Profiling - NonSetup CPU Seconds:

           D                                                              
           a                                                              
           t                                                              
           a                              D                               
           D         N                    i                               
           i         o                    h                               
           s         n             A      e      S      R      O         T
   T       t         B      B      n      d      h      u      t         o
   a       r         o      o      g      r      a      n      h         t
   s       i         n      n      l      a      k      M      e         a
   k       b         d      d      e      l      e      D      r         l
------------------------------------------------------------------------------
   0    35.8     661.8    2.5    2.6   15.1    3.6   17.0    0.0     738.4
   1    25.0     685.2    3.0    0.3    1.8    4.3   16.9    0.1     736.6
   2    25.3     683.5    2.9    0.8    4.1    4.5   17.1    0.5     738.7
   3    34.6     656.2    2.6    3.0   17.6    3.9   16.6    0.1     734.6
------------------------------------------------------------------------------
 avg    30.2     671.7    2.7    1.7    9.6    4.1   16.9    0.2     737.0
 min    25.0     656.2    2.5    0.3    1.8    3.6   16.6    0.0     734.6
 max    35.8     685.2    3.0    3.0   17.6    4.5   17.1    0.5     738.7
 std     5.1      12.9    0.2    1.1    6.8    0.3    0.2    0.2       1.6
------------------------------------------------------------------------------

PME NonBond Parallel Profiling - NonSetup CPU Seconds:

                     D                           
           P         i         R                 
           a         r         e      L          
           i         e         c      o          
           r         c         i      a         T
   T       l         t         p      d         o
   a       i         F         F      B         t
   s       s         r         r      a         a
   k       t         c         c      l         l
-------------------------------------------------
   0    39.5     279.6     342.6    0.0     661.8
   1    48.7     308.8     327.7    0.0     685.2
   2    46.4     299.8     337.3    0.0     683.5
   3    39.8     267.5     348.8    0.0     656.2
-------------------------------------------------
 avg    43.6     289.0     339.1    0.0     671.6
-------------------------------------------------
