
          -------------------------------------------------------
          Amber 18 SANDER                              2018
          -------------------------------------------------------

| Run on 10/23/2018 at 10:10:10

|   Executable path: /Users/shiho/Development/amber18/bin/sander
| Working directory: /Users/shiho/Development/verify-cando/lysozyme
|          Hostname: Unknown
  [-O]verwriting output

File Assignments:
|  MDIN: md.in                                                                 
| MDOUT: md-4hb1-leap.out                                                      
|INPCRD: solvated-4hb1-leap.crd                                                
|  PARM: solvated-4hb1-leap.top                                                
|RESTRT: restrt                                                                
|  REFC: refc                                                                  
| MDVEL: mdvel                                                                 
| MDFRC: mdfrc                                                                 
|  MDEN: mden                                                                  
| MDCRD: mdcrd                                                                 
|MDINFO: mdinfo                                                                
|  MTMD: mtmd                                                                  
|INPDIP: inpdip                                                                
|RSTDIP: rstdip                                                                
|INPTRA: inptraj                                                               


 Here is the input file:

# check                                                                        
 &cntrl                                                                        
 imin=1                                                                        
 maxcyc=1                                                                      
 ntb=0                                                                         
 cut=99                                                                        
 /                                                                             

--------------------------------------------------------------------------------
   1.  RESOURCE   USE: 
--------------------------------------------------------------------------------

| Flags:                                                                        
|    NONPERIODIC   ntb=0 and igb=0: Setting up nonperiodic simulation
|  *** cutoff > system size, list only builds once
|Largest sphere to fit in unit cell has radius =    49.254
| New format PARM file being parsed.
| Version =    1.000 Date = 10/15/18 Time = 15:02:32
 NATOM  =    3978 NTYPES =      10 NBONH =    3621 MBONA  =     356
 NTHETH =     852 MTHETA =     477 NPHIH =    1686 MPHIA  =    1514
 NHPARM =       0 NPARM  =       0 NNB   =    8352 NRES   =    1127
 NBONA  =     356 NTHETA =     477 NPHIA =    1514 NUMBND =      28
 NUMANG =      59 NPTRA  =      57 NATYP =      17 NPHB   =       1
 IFBOX  =       0 NMXRS  =      22 IFCAP =       0 NEXTRA =       0
 NCOPY  =       0


|     Memory Use     Allocated
|     Real              315346
|     Hollerith          13063
|     Integer           264674
|     Max Pairs        7910253
|     nblistReal         47736
|     nblist Int       3801124
|       Total            49669 kbytes

| Note: 1-4 EEL scale factors are being read from the topology file.

| Note: 1-4 VDW scale factors are being read from the topology file.
| Duplicated    0 dihedrals
| Duplicated    0 dihedrals

--------------------------------------------------------------------------------
   2.  CONTROL  DATA  FOR  THE  RUN
--------------------------------------------------------------------------------

NIL                                                                             

General flags:
     imin    =       1, nmropt  =       0

Nature and format of input:
     ntx     =       1, irest   =       0, ntrx    =       1

Nature and format of output:
     ntxo    =       2, ntpr    =      50, ntrx    =       1, ntwr    =       1
     iwrap   =       0, ntwx    =       0, ntwv    =       0, ntwe    =       0
     ioutfm  =       1, ntwprt  =       0, idecomp =       0, rbornstat=      0

Potential function:
     ntf     =       1, ntb     =       0, igb     =       0, nsnb    =      25
     ipol    =       0, gbsa    =       0, iesp    =       0
     dielc   =   1.00000, cut     =  99.00000, intdiel =   1.00000

Frozen or restrained atoms:
     ibelly  =       0, ntr     =       0

Energy minimization:
     maxcyc  =       1, ncyc    =      10, ntmin   =       1
     dx0     =   0.01000, drms    =   0.00010
|  INFO: Old style inpcrd file read


--------------------------------------------------------------------------------
   3.  ATOMIC COORDINATES AND VELOCITIES
--------------------------------------------------------------------------------

NIL                                                                             
 begin time read from input coords =     0.000 ps

 Number of triangulated 3-point waters found:        0

     Sum of charges from parm topology file =  -3.00000008

--------------------------------------------------------------------------------
   4.  RESULTS
--------------------------------------------------------------------------------

 ---------------------------------------------------

     eedmeth=4: Setting switch to one everywhere

 ---------------------------------------------------
| Local SIZE OF NONBOND LIST =    7903022
| TOTAL SIZE OF NONBOND LIST =    7903022


   NSTEP       ENERGY          RMS            GMAX         NAME    NUMBER
      1       2.0359E+14     1.8979E+14     1.0237E+16     HB2       188

 BOND    =    41858.7635  ANGLE   =    23482.7845  DIHED      =      926.2763
 VDWAALS = *************  EEL     =   -12313.7940  HBOND      =        0.0000
 1-4 VDW = *************  1-4 EEL =     1628.5371  RESTRAINT  =        0.0000


  Maximum number of minimization cycles reached.


                    FINAL RESULTS



   NSTEP       ENERGY          RMS            GMAX         NAME    NUMBER
      1       2.0359E+14     1.8979E+14     1.0237E+16     HB2       188

 BOND    =    41858.7635  ANGLE   =    23482.7845  DIHED      =      926.2763
 VDWAALS = *************  EEL     =   -12313.7940  HBOND      =        0.0000
 1-4 VDW = *************  1-4 EEL =     1628.5371  RESTRAINT  =        0.0000

--------------------------------------------------------------------------------
   5.  TIMINGS
--------------------------------------------------------------------------------

|    Read coords time           0.00 ( 0.54% of Total)
|    Fast Water setup           0.00 ( 0.01% of Total)
|                Build the list             0.10 (99.75% of List )
|                Other                      0.00 ( 0.25% of List )
|             List time                  0.10 (19.55% of Nonbo)
|                   Short_ene time             0.40 (100.0% of Direc)
|                   Other                      0.00 ( 0.02% of Direc)
|                Direct Ewald time          0.40 (100.0% of Ewald)
|                Other                      0.00 ( 0.03% of Ewald)
|             Ewald time                 0.40 (80.45% of Nonbo)
|          Nonbond force              0.49 (99.78% of Force)
|          Bond/Angle/Dihedral        0.00 ( 0.21% of Force)
|          Other                      0.00 ( 0.01% of Force)
|       Force time                 0.50 (100.0% of Runmd)
|    Runmd Time                 0.50 (89.91% of Total)
|    Other                      0.05 ( 9.54% of Total)
| Total time                 0.55 (100.0% of ALL  )

| Number of list builds   :          1

| Highest rstack allocated:      17710
| Highest istack allocated:       3542
|           Job began  at 10:10:10.573  on 10/23/2018
|           Setup done at 10:10:10.613  on 10/23/2018
|           Run   done at 10:10:11.125  on 10/23/2018
|     wallclock() was called      58 times

|3D-RISM memory allocation summary
|Type          Maximum        Current   
|Integer       0.00000 GB     0.00000 GB
|Real          0.00000 GB     0.00000 GB
|Logical       0.00000 GB     0.00000 GB
|Character     0.00000 GB     0.00000 GB
|---------------------------------------
|Total         0.00000 GB     0.00000 GB
