
          -------------------------------------------------------
          Amber 18 SANDER                              2018
          -------------------------------------------------------

| Run on 10/09/2018 at 15:09:19

|   Executable path: /Users/shiho/Development/amber18/bin/sander
| Working directory: /Users/shiho/Development/verify-cando/lysozyme
|          Hostname: Unknown
  [-O]verwriting output

File Assignments:
|  MDIN: md.in                                                                 
| MDOUT: md-cando.out                                                          
|INPCRD: lyz-cando.rst7                                                        
|  PARM: lyz-cando.parm7                                                       
|RESTRT: restrt                                                                
|  REFC: refc                                                                  
| MDVEL: mdvel                                                                 
| MDFRC: mdfrc                                                                 
|  MDEN: mden                                                                  
| MDCRD: mdcrd                                                                 
|MDINFO: mdinfo                                                                
|  MTMD: mtmd                                                                  
|INPDIP: inpdip                                                                
|RSTDIP: rstdip                                                                
|INPTRA: inptraj                                                               


 Here is the input file:

# check                                                                        
 &cntrl                                                                        
 imin=1                                                                        
 maxcyc=1                                                                      
 ntb=0                                                                         
 cut=99                                                                        
 /                                                                             

--------------------------------------------------------------------------------
   1.  RESOURCE   USE: 
--------------------------------------------------------------------------------

| Flags:                                                                        
|    NONPERIODIC   ntb=0 and igb=0: Setting up nonperiodic simulation
|  *** cutoff > system size, list only builds once
|Largest sphere to fit in unit cell has radius =    48.403
| New format PARM file being parsed.
| Version =    1.000 Date = 10/09/18 Time = 16:03:20
 NATOM  =    2603 NTYPES =      14 NBONH =    1313 MBONA  =    1310
 NTHETH =    2969 MTHETA =    1765 NPHIH =    6023 MPHIA  =    5521
 NHPARM =       0 NPARM  =       0 NNB   =   14304 NRES   =     162
 NBONA  =    1310 NTHETA =    1765 NPHIA =    5521 NUMBND =      63
 NUMANG =     149 NPTRA  =     184 NATYP =      31 NPHB   =       0
 IFBOX  =       0 NMXRS  =      24 IFCAP =       0 NEXTRA =       0
 NCOPY  =       0


|     Memory Use     Allocated
|     Real              208149
|     Hollerith           7973
|     Integer           635131
|     Max Pairs        3386503
|     nblistReal         31236
|     nblist Int       3717607
|       Total            32132 kbytes

| Note: 1-4 EEL scale factors are being read from the topology file.

| Note: 1-4 VDW scale factors are being read from the topology file.
| Duplicated    0 dihedrals
| Duplicated    0 dihedrals

--------------------------------------------------------------------------------
   2.  CONTROL  DATA  FOR  THE  RUN
--------------------------------------------------------------------------------

NIL                                                                             

General flags:
     imin    =       1, nmropt  =       0

Nature and format of input:
     ntx     =       1, irest   =       0, ntrx    =       1

Nature and format of output:
     ntxo    =       2, ntpr    =      50, ntrx    =       1, ntwr    =       1
     iwrap   =       0, ntwx    =       0, ntwv    =       0, ntwe    =       0
     ioutfm  =       1, ntwprt  =       0, idecomp =       0, rbornstat=      0

Potential function:
     ntf     =       1, ntb     =       0, igb     =       0, nsnb    =      25
     ipol    =       0, gbsa    =       0, iesp    =       0
     dielc   =   1.00000, cut     =  99.00000, intdiel =   1.00000

Frozen or restrained atoms:
     ibelly  =       0, ntr     =       0

Energy minimization:
     maxcyc  =       1, ncyc    =      10, ntmin   =       1
     dx0     =   0.01000, drms    =   0.00010
|  INFO: Old style inpcrd file read


--------------------------------------------------------------------------------
   3.  ATOMIC COORDINATES AND VELOCITIES
--------------------------------------------------------------------------------

NIL                                                                             
 begin time read from input coords =     0.000 ps

 Number of triangulated 3-point waters found:        0

     Sum of charges from parm topology file =   7.99999978

--------------------------------------------------------------------------------
   4.  RESULTS
--------------------------------------------------------------------------------

 ---------------------------------------------------

     eedmeth=4: Setting switch to one everywhere

 ---------------------------------------------------
| Local SIZE OF NONBOND LIST =    3372331
| TOTAL SIZE OF NONBOND LIST =    3372331


   NSTEP       ENERGY          RMS            GMAX         NAME    NUMBER
      1       1.1226E+13     8.7839E+12     3.0970E+14     HA       1019

 BOND    =     2941.4482  ANGLE   =    86831.5105  DIHED      =     4829.1859
 VDWAALS = 14249878.5739  EEL     =    -9643.3007  HBOND      =        0.0000
 1-4 VDW = *************  1-4 EEL =     4919.3868  RESTRAINT  =        0.0000


  Maximum number of minimization cycles reached.


                    FINAL RESULTS



   NSTEP       ENERGY          RMS            GMAX         NAME    NUMBER
      1       1.1226E+13     8.7839E+12     3.0970E+14     HA       1019

 BOND    =     2941.4482  ANGLE   =    86831.5105  DIHED      =     4829.1859
 VDWAALS = 14249878.5739  EEL     =    -9643.3007  HBOND      =        0.0000
 1-4 VDW = *************  1-4 EEL =     4919.3868  RESTRAINT  =        0.0000

--------------------------------------------------------------------------------
   5.  TIMINGS
--------------------------------------------------------------------------------

|    Read coords time           0.00 ( 0.78% of Total)
|    Fast Water setup           0.00 ( 0.01% of Total)
|                Build the list             0.04 (99.31% of List )
|                Other                      0.00 ( 0.69% of List )
|             List time                  0.04 (17.90% of Nonbo)
|                   Short_ene time             0.18 (100.0% of Direc)
|                   Other                      0.00 ( 0.03% of Direc)
|                Direct Ewald time          0.18 (99.77% of Ewald)
|                Other                      0.00 ( 0.22% of Ewald)
|             Ewald time                 0.18 (82.10% of Nonbo)
|          Nonbond force              0.22 (98.49% of Force)
|          Bond/Angle/Dihedral        0.00 ( 1.49% of Force)
|          Other                      0.00 ( 0.02% of Force)
|       Force time                 0.23 (100.0% of Runmd)
|    Runmd Time                 0.23 (83.08% of Total)
|    Other                      0.04 (16.13% of Total)
| Total time                 0.27 (100.0% of ALL  )

| Number of list builds   :          1

| Highest rstack allocated:      12985
| Highest istack allocated:       2597
|           Job began  at 15:09:19.806  on 10/09/2018
|           Setup done at 15:09:19.840  on 10/09/2018
|           Run   done at 15:09:20.079  on 10/09/2018
|     wallclock() was called      58 times

|3D-RISM memory allocation summary
|Type          Maximum        Current   
|Integer       0.00000 GB     0.00000 GB
|Real          0.00000 GB     0.00000 GB
|Logical       0.00000 GB     0.00000 GB
|Character     0.00000 GB     0.00000 GB
|---------------------------------------
|Total         0.00000 GB     0.00000 GB
