
          -------------------------------------------------------
          Amber 18 SANDER                              2018
          -------------------------------------------------------

| Run on 08/21/2018 at 14:14:03

|   Executable path: /Users/tuj24515/Development/amber18/bin/sander
| Working directory: /Users/tuj24515/Development/verify-cando/lysozyme
|          Hostname: Unknown
  [-O]verwriting output

File Assignments:
|  MDIN: md.in                                                                 
| MDOUT: water_lyz-cando-md.out                                                
|INPCRD: solvated_lyz-cando.rst7                                               
|  PARM: solvated_lyz-cando.parm7                                              
|RESTRT: restrt                                                                
|  REFC: refc                                                                  
| MDVEL: mdvel                                                                 
| MDFRC: mdfrc                                                                 
|  MDEN: mden                                                                  
| MDCRD: mdcrd                                                                 
|MDINFO: mdinfo                                                                
|  MTMD: mtmd                                                                  
|INPDIP: inpdip                                                                
|RSTDIP: rstdip                                                                
|INPTRA: inptraj                                                               


 Here is the input file:

# check                                                                        
 &cntrl                                                                        
 imin=1                                                                        
 maxcyc=1                                                                      
 ntb=0                                                                         
 cut=99                                                                        
 /                                                                             

--------------------------------------------------------------------------------
   1.  RESOURCE   USE: 
--------------------------------------------------------------------------------

| Flags:                                                                        
|    NONPERIODIC   ntb=0 and igb=0: Setting up nonperiodic simulation
|  *** cutoff > system size, list only builds once
|Largest sphere to fit in unit cell has radius =    60.431
| New format PARM file being parsed.
| Version =    1.000 Date = 08/21/18 Time = 14:57:16
 NATOM  =   25325 NTYPES =      15 NBONH =   24035 MBONA  =    1310
 NTHETH =   25691 MTHETA =    1765 NPHIH =    6023 MPHIA  =    5521
 NHPARM =       0 NPARM  =       0 NNB   =   44600 NRES   =    7736
 NBONA  =    1310 NTHETA =    1765 NPHIA =    5521 NUMBND =      65
 NUMANG =     151 NPTRA  =     179 NATYP =      33 NPHB   =       0
 IFBOX  =       1 NMXRS  =      24 IFCAP =       0 NEXTRA =       0
 NCOPY  =       0


|     Memory Use     Allocated
|     Real             1980887
|     Hollerith          83713
|     Integer          1241080
|     Max Pairs      320665150
|     nblistReal        303900
|     nblist Int       7452541
|       Total          1304734 kbytes

| Note: 1-4 EEL scale factors are being read from the topology file.

| Note: 1-4 VDW scale factors are being read from the topology file.
| Duplicated    0 dihedrals
| Duplicated    0 dihedrals

     BOX TYPE: RECTILINEAR

--------------------------------------------------------------------------------
   2.  CONTROL  DATA  FOR  THE  RUN
--------------------------------------------------------------------------------

NIL                                                                             

General flags:
     imin    =       1, nmropt  =       0

Nature and format of input:
     ntx     =       1, irest   =       0, ntrx    =       1

Nature and format of output:
     ntxo    =       2, ntpr    =      50, ntrx    =       1, ntwr    =       1
     iwrap   =       0, ntwx    =       0, ntwv    =       0, ntwe    =       0
     ioutfm  =       1, ntwprt  =       0, idecomp =       0, rbornstat=      0

Potential function:
     ntf     =       1, ntb     =       0, igb     =       0, nsnb    =      25
     ipol    =       0, gbsa    =       0, iesp    =       0
     dielc   =   1.00000, cut     =  99.00000, intdiel =   1.00000

Frozen or restrained atoms:
     ibelly  =       0, ntr     =       0

Energy minimization:
     maxcyc  =       1, ncyc    =      10, ntmin   =       1
     dx0     =   0.01000, drms    =   0.00010
|  INFO: Old style inpcrd file read


--------------------------------------------------------------------------------
   3.  ATOMIC COORDINATES AND VELOCITIES
--------------------------------------------------------------------------------

NIL                                                                             
 begin time read from input coords =     0.000 ps

 Number of triangulated 3-point waters found:     7574

     Sum of charges from parm topology file =   8.00001656

--------------------------------------------------------------------------------
   4.  RESULTS
--------------------------------------------------------------------------------

 ---------------------------------------------------

     eedmeth=4: Setting switch to one everywhere

 ---------------------------------------------------
| Local SIZE OF NONBOND LIST =  320601143
| TOTAL SIZE OF NONBOND LIST =  320601143


   NSTEP       ENERGY          RMS            GMAX         NAME    NUMBER
      1       6.8857E+13     2.6863E+13     4.3570E+15     HG22      566

 BOND    =     2941.9652  ANGLE   =    82750.0443  DIHED      =     4877.7719
 VDWAALS =  1489732.1623  EEL     =   -79634.6986  HBOND      =        0.0000
 1-4 VDW = *************  1-4 EEL =     4806.3813  RESTRAINT  =        0.0000


  Maximum number of minimization cycles reached.


                    FINAL RESULTS



   NSTEP       ENERGY          RMS            GMAX         NAME    NUMBER
      1       6.8857E+13     2.6863E+13     4.3570E+15     HG22      566

 BOND    =     2941.9652  ANGLE   =    82750.0443  DIHED      =     4877.7719
 VDWAALS =  1489732.1623  EEL     =   -79634.6986  HBOND      =        0.0000
 1-4 VDW = *************  1-4 EEL =     4806.3813  RESTRAINT  =        0.0000

--------------------------------------------------------------------------------
   5.  TIMINGS
--------------------------------------------------------------------------------

|    Read coords time           0.02 ( 0.08% of Total)
|                Build the list             3.41 (100.0% of List )
|                Other                      0.00 ( 0.03% of List )
|             List time                  3.41 (13.08% of Nonbo)
|                   Short_ene time            22.66 (100.0% of Direc)
|                Direct Ewald time         22.66 (100.0% of Ewald)
|             Ewald time                22.66 (86.92% of Nonbo)
|          Nonbond force             26.07 (100.0% of Force)
|          Bond/Angle/Dihedral        0.01 ( 0.03% of Force)
|       Force time                26.07 (100.0% of Runmd)
|    Runmd Time                26.07 (99.00% of Total)
|    Other                      0.24 ( 0.92% of Total)
| Total time                26.34 (100.0% of ALL  )

| Number of list builds   :          1

| Highest rstack allocated:     126605
| Highest istack allocated:      25321
|           Job began  at 14:14:03.822  on 08/21/2018
|           Setup done at 14:14:04.044  on 08/21/2018
|           Run   done at 14:14:30.160  on 08/21/2018
|     wallclock() was called      58 times

|3D-RISM memory allocation summary
|Type          Maximum        Current   
|Integer       0.00000 GB     0.00000 GB
|Real          0.00000 GB     0.00000 GB
|Logical       0.00000 GB     0.00000 GB
|Character     0.00000 GB     0.00000 GB
|---------------------------------------
|Total         0.00000 GB     0.00000 GB
