
          -------------------------------------------------------
          Amber 18 PMEMD                              2018
          -------------------------------------------------------

| PMEMD implementation of SANDER, Release 18

| Run on 06/20/2018 at 19:47:31

|   Executable path: /home/uv10/amber/bin/pmemd
| Working directory: /home/uv10/tutorials-amber/A9/ligand/pmemd/free_energy/ligands/decharge/0.8
|          Hostname: Unknown
  [-O]verwriting output

File Assignments:
|   MDIN: heat.in                                                               
|  MDOUT: heat.out                                                              
| INPCRD: ti.rst7                                                               
|   PARM: ti.parm7                                                              
| RESTRT: heat.rst7                                                             
|   REFC: ti.rst7                                                               
|  MDVEL: mdvel                                                                 
|   MDEN: heat.en                                                               
|  MDCRD: heat.nc                                                               
| MDINFO: heat.info                                                             
|  MDFRC: mdfrc                                                                 


 Here is the input file:

heating                                                                        
 &cntrl                                                                        
   imin = 0, nstlim = 10000, irest = 0, ntx = 1, dt = 0.002,                   
   ntt = 1, temp0 = 300.0, tempi = 50.0, tautp = 1.0,                          
   ntc = 2, ntf = 1,                                                           
   ntb = 1,                                                                    
   ioutfm = 1, iwrap = 1,                                                      
   ntwe = 1000, ntwx = 1000, ntpr = 1000, ntwr = 5000,                         
                                                                               
   nmropt = 1,                                                                 
   ntr = 1, restraint_wt = 5.00,                                               
   restraintmask='!:WAT & !@H=',                                               
                                                                               
   icfe = 1, clambda = 0.8, scalpha = 0.5, scbeta = 12.0,                      
   logdvdl = 0,                                                                
   timask1 = ':1', timask2 = ':2',                                             
   ifsc = 0, crgmask = ':2@H6',                                                
 /                                                                             
                                                                               
 &ewald                                                                        
 /                                                                             
                                                                               
 &wt                                                                           
   type='TEMP0',                                                               
   istep1 = 0, istep2 = 8000,                                                  
   value1 = 50.0, value2 = 300.0                                               
 /                                                                             
                                                                               
 &wt type = 'END'                                                              
 /                                                                             
                                                                               


Note: ig = -1. Setting random seed to   592575 based on wallclock time in 
      microseconds.
| irandom = 1, using AMBER's internal random number generator (default).
 
 
| Conditional Compilation Defines Used:
| PUBFFT
| BINTRAJ
| EMIL

| Largest sphere to fit in unit cell has radius =    16.836

| New format PARM file being parsed.
| Version =    1.000 Date = 06/20/18 Time = 14:05:10

| Note: 1-4 EEL scale factors are being read from the topology file.

| Note: 1-4 VDW scale factors are being read from the topology file.
| Duplicated    0 dihedrals

| Duplicated    0 dihedrals

--------------------------------------------------------------------------------
   1.  RESOURCE   USE: 
--------------------------------------------------------------------------------

 getting new box info from bottom of inpcrd
 NATOM  =    2631 NTYPES =       4 NBONH =    2619 MBONA  =      12
 NTHETH =      24 MTHETA =      12 NPHIH =      48 MPHIA  =      12
 NHPARM =       0 NPARM  =       0 NNB   =    3580 NRES   =     871
 NBONA  =      12 NTHETA =      12 NPHIA =      12 NUMBND =       4
 NUMANG =       2 NPTRA  =       2 NATYP =       4 NPHB   =       1
 IFBOX  =       1 NMXRS  =      12 IFCAP =       0 NEXTRA =       0
 NCOPY  =       0

| Coordinate Index Table dimensions:     7    7    7
| Direct force subcell size =     4.8104    4.9998    5.0941

     BOX TYPE: RECTILINEAR

--------------------------------------------------------------------------------
   2.  CONTROL  DATA  FOR  THE  RUN
--------------------------------------------------------------------------------

default_name                                                                    

General flags:
     imin    =       0, nmropt  =       1

Nature and format of input:
     ntx     =       1, irest   =       0, ntrx    =       1

Nature and format of output:
     ntxo    =       2, ntpr    =    1000, ntrx    =       1, ntwr    =    5000
     iwrap   =       1, ntwx    =    1000, ntwv    =       0, ntwe    =    1000
     ioutfm  =       1, ntwprt  =       0, idecomp =       0, rbornstat=      0

Potential function:
     ntf     =       1, ntb     =       1, igb     =       0, nsnb    =      25
     ipol    =       0, gbsa    =       0, iesp    =       0
     dielc   =   1.00000, cut     =   8.00000, intdiel =   1.00000

Frozen or restrained atoms:
     ibelly  =       0, ntr     =       1
     restraint_wt =   5.00000

Molecular dynamics:
     nstlim  =     10000, nscm    =         0, nrespa  =         1
     t       =   0.00000, dt      =   0.00200, vlimit  =  20.00000

Berendsen (weak-coupling) temperature regulation:
     temp0   = 300.00000, tempi   =  50.00000, tautp   =   1.00000

SHAKE:
     ntc     =       2, jfastw  =       0
     tol     =   0.00001

NMR refinement options:
     iscale  =       0, noeskp  =       1, ipnlty  =       1, mxsub   =       1
     scalm   = 100.00000, pencut  =   0.10000, tausw   =   0.10000

Free energy options:
     icfe    =       1, ifsc    =       0, klambda =       1
     clambda =  0.8000, scalpha =  0.5000, scbeta  = 12.0000
     sceeorder =       2
     dynlmb =  0.0000 logdvdl =       0

| Intermolecular bonds treatment:
|     no_intermolecular_bonds =       1

| Energy averages sample interval:
|     ene_avg_sampling =    1000

Ewald parameters:
     verbose =       0, ew_type =       0, nbflag  =       1, use_pme =       1
     vdwmeth =       1, eedmeth =       1, netfrc  =       1
     Box X =   33.673   Box Y =   34.999   Box Z =   35.659
     Alpha =   90.000   Beta  =   90.000   Gamma =   90.000
     NFFT1 =   36       NFFT2 =   36       NFFT3 =   36
     Cutoff=    8.000   Tol   =0.100E-04
     Ewald Coefficient =  0.34864
     Interpolation order =    4

    LOADING THE CONSTRAINED ATOMS AS GROUPS


   5.  REFERENCE ATOM COORDINATES

  default_name                                                                    
     Mask !:WAT & !@H=; matches    12 atoms
     TI Mask 1 :1; matches     12 atoms
     TI Mask 2 :2; matches     12 atoms
     TI region 1:    2619 atoms
     TI region 2:    2619 atoms
Removing charge of       0.1305 from atom      24
Total charge of   0.13052100 removed from       1 atoms
     Checking for mismatched coordinates.

--------------------------------------------------------------------------------
   3.  ATOMIC COORDINATES AND VELOCITIES
--------------------------------------------------------------------------------

default_name                                                                    
 begin time read from input coords =     0.000 ps



           Begin reading energy term weight changes/NMR restraints
 WEIGHT CHANGES:
 TEMP0         0   8000   50.000000  300.000000      0      0

 RESTRAINTS:
                          ** No restraint defined **

                  Done reading weight changes/NMR restraints


 
 Number of triangulated 3-point waters found:      869

     Sum of charges for TI region  1 =   0.00000000
     Forcing neutrality...


     Sum of charges for TI region  2 =  -0.13052100
     Assuming uniform neutralizing plasma

| Dynamic Memory, Types Used:
| Reals              230831
| Integers           100744

| Nonbonded Pairs Initial Allocation:      439442

--------------------------------------------------------------------------------
   4.  RESULTS
--------------------------------------------------------------------------------

 ---------------------------------------------------
 APPROXIMATING switch and d/dx switch using CUBIC SPLINE INTERPOLATION
 using   5000.0 points per unit in tabled values
 TESTING RELATIVE ERROR over r ranging from 0.0 to cutoff
| CHECK switch(x): max rel err =   0.2738E-14   at   2.422500
| CHECK d/dx switch(x): max rel err =   0.8332E-11   at   2.782960
 ---------------------------------------------------
|---------------------------------------------------
| APPROXIMATING direct energy using CUBIC SPLINE INTERPOLATION
|  with   50.0 points per unit in tabled values
| Relative Error Limit not exceeded for r .gt.   2.47
| APPROXIMATING direct force using CUBIC SPLINE INTERPOLATION
|  with   50.0 points per unit in tabled values
| Relative Error Limit not exceeded for r .gt.   2.89
|---------------------------------------------------

| TI region  1


 NSTEP =        0   TIME(PS) =       0.000  TEMP(K) =    74.10  PRESS =     0.0
 Etot   =     -6467.6560  EKtot   =       386.0976  EPtot      =     -6853.7537
 BOND   =         2.0830  ANGLE   =         2.5561  DIHED      =         1.9213
 1-4 NB =         3.5320  1-4 EEL =        -1.0311  VDWAALS    =      1126.3686
 EELEC  =     -7989.1836  EHBOND  =         0.0000  RESTRAINT  =         0.0000
 DV/DL  =        -4.4912
 Ewald error estimate:   0.4176E-03
 ------------------------------------------------------------------------------


| TI region  2


 NSTEP =        0   TIME(PS) =       0.000  TEMP(K) =    74.10  PRESS =     0.0
 Etot   =     -6467.6560  EKtot   =       386.0976  EPtot      =     -6853.7537
 BOND   =         2.0830  ANGLE   =         2.5561  DIHED      =         1.9213
 1-4 NB =         3.5320  1-4 EEL =        -1.0311  VDWAALS    =      1126.3686
 EELEC  =     -7989.1836  EHBOND  =         0.0000  RESTRAINT  =         0.0000
 DV/DL  =        -4.4912
 Ewald error estimate:   0.4176E-03
 ------------------------------------------------------------------------------

 NMR restraints: Bond =    0.000   Angle =     0.000   Torsion =     0.000
===============================================================================

| TI region  1


 NSTEP =     1000   TIME(PS) =       2.000  TEMP(K) =   179.41  PRESS =     0.0
 Etot   =     -8045.0484  EKtot   =       934.8217  EPtot      =     -8979.8701
 BOND   =         0.3855  ANGLE   =         1.3271  DIHED      =         0.6227
 1-4 NB =         3.2606  1-4 EEL =        -1.0000  VDWAALS    =      1585.9407
 EELEC  =    -10571.3581  EHBOND  =         0.0000  RESTRAINT  =         0.9514
 EAMBER (non-restraint)  =     -8980.8215
 DV/DL  =        -7.2979
 Ewald error estimate:   0.2393E-04
 ------------------------------------------------------------------------------


| TI region  2


 NSTEP =     1000   TIME(PS) =       2.000  TEMP(K) =   179.41  PRESS =     0.0
 Etot   =     -8045.0484  EKtot   =       934.8217  EPtot      =     -8979.8701
 BOND   =         0.3855  ANGLE   =         1.3271  DIHED      =         0.6227
 1-4 NB =         3.2606  1-4 EEL =        -1.0000  VDWAALS    =      1585.9407
 EELEC  =    -10571.3581  EHBOND  =         0.0000  RESTRAINT  =         0.9514
 EAMBER (non-restraint)  =     -8980.8215
 DV/DL  =        -7.2979
 Ewald error estimate:   0.2393E-04
 ------------------------------------------------------------------------------

 NMR restraints: Bond =    0.000   Angle =     0.000   Torsion =     0.000
===============================================================================

| TI region  1


 NSTEP =     2000   TIME(PS) =       4.000  TEMP(K) =   141.39  PRESS =     0.0
 Etot   =     -8643.4551  EKtot   =       736.6787  EPtot      =     -9380.1338
 BOND   =         0.2264  ANGLE   =         0.4327  DIHED      =         0.6945
 1-4 NB =         3.3514  1-4 EEL =        -1.0125  VDWAALS    =      1829.2803
 EELEC  =    -11213.4799  EHBOND  =         0.0000  RESTRAINT  =         0.3732
 EAMBER (non-restraint)  =     -9380.5071
 DV/DL  =        -7.4853
 Ewald error estimate:   0.3157E-03
 ------------------------------------------------------------------------------


| TI region  2


 NSTEP =     2000   TIME(PS) =       4.000  TEMP(K) =   141.39  PRESS =     0.0
 Etot   =     -8643.4551  EKtot   =       736.6787  EPtot      =     -9380.1338
 BOND   =         0.2264  ANGLE   =         0.4327  DIHED      =         0.6945
 1-4 NB =         3.3514  1-4 EEL =        -1.0125  VDWAALS    =      1829.2803
 EELEC  =    -11213.4799  EHBOND  =         0.0000  RESTRAINT  =         0.3732
 EAMBER (non-restraint)  =     -9380.5071
 DV/DL  =        -7.4853
 Ewald error estimate:   0.3157E-03
 ------------------------------------------------------------------------------

 NMR restraints: Bond =    0.000   Angle =     0.000   Torsion =     0.000
===============================================================================

| TI region  1


 NSTEP =     3000   TIME(PS) =       6.000  TEMP(K) =   137.37  PRESS =     0.0
 Etot   =     -8737.8083  EKtot   =       715.7744  EPtot      =     -9453.5828
 BOND   =         0.3267  ANGLE   =         0.3261  DIHED      =         0.7159
 1-4 NB =         3.3669  1-4 EEL =        -0.9807  VDWAALS    =      1811.3959
 EELEC  =    -11269.0614  EHBOND  =         0.0000  RESTRAINT  =         0.3279
 EAMBER (non-restraint)  =     -9453.9107
 DV/DL  =        -5.9341
 Ewald error estimate:   0.7989E-04
 ------------------------------------------------------------------------------


| TI region  2


 NSTEP =     3000   TIME(PS) =       6.000  TEMP(K) =   137.37  PRESS =     0.0
 Etot   =     -8737.8083  EKtot   =       715.7744  EPtot      =     -9453.5828
 BOND   =         0.3267  ANGLE   =         0.3261  DIHED      =         0.7159
 1-4 NB =         3.3669  1-4 EEL =        -0.9807  VDWAALS    =      1811.3959
 EELEC  =    -11269.0614  EHBOND  =         0.0000  RESTRAINT  =         0.3279
 EAMBER (non-restraint)  =     -9453.9107
 DV/DL  =        -5.9341
 Ewald error estimate:   0.7989E-04
 ------------------------------------------------------------------------------

 NMR restraints: Bond =    0.000   Angle =     0.000   Torsion =     0.000
===============================================================================

| TI region  1


 NSTEP =     4000   TIME(PS) =       8.000  TEMP(K) =   147.02  PRESS =     0.0
 Etot   =     -8575.6586  EKtot   =       766.0278  EPtot      =     -9341.6864
 BOND   =         0.2580  ANGLE   =         0.6227  DIHED      =         0.8426
 1-4 NB =         3.3642  1-4 EEL =        -0.9571  VDWAALS    =      1775.4804
 EELEC  =    -11122.3742  EHBOND  =         0.0000  RESTRAINT  =         1.0771
 EAMBER (non-restraint)  =     -9342.7634
 DV/DL  =        -8.3595
 Ewald error estimate:   0.9847E-04
 ------------------------------------------------------------------------------


| TI region  2


 NSTEP =     4000   TIME(PS) =       8.000  TEMP(K) =   147.02  PRESS =     0.0
 Etot   =     -8575.6586  EKtot   =       766.0278  EPtot      =     -9341.6864
 BOND   =         0.2580  ANGLE   =         0.6227  DIHED      =         0.8426
 1-4 NB =         3.3642  1-4 EEL =        -0.9571  VDWAALS    =      1775.4804
 EELEC  =    -11122.3742  EHBOND  =         0.0000  RESTRAINT  =         1.0771
 EAMBER (non-restraint)  =     -9342.7634
 DV/DL  =        -8.3595
 Ewald error estimate:   0.9847E-04
 ------------------------------------------------------------------------------

 NMR restraints: Bond =    0.000   Angle =     0.000   Torsion =     0.000
===============================================================================

| TI region  1


 NSTEP =     5000   TIME(PS) =      10.000  TEMP(K) =   171.99  PRESS =     0.0
 Etot   =     -8298.3301  EKtot   =       896.1222  EPtot      =     -9194.4523
 BOND   =         0.3593  ANGLE   =         0.7528  DIHED      =         1.0348
 1-4 NB =         3.4700  1-4 EEL =        -0.9578  VDWAALS    =      1736.7151
 EELEC  =    -10936.2348  EHBOND  =         0.0000  RESTRAINT  =         0.4083
 EAMBER (non-restraint)  =     -9194.8606
 DV/DL  =        -7.1371
 Ewald error estimate:   0.1783E-03
 ------------------------------------------------------------------------------


| TI region  2


 NSTEP =     5000   TIME(PS) =      10.000  TEMP(K) =   171.99  PRESS =     0.0
 Etot   =     -8298.3301  EKtot   =       896.1222  EPtot      =     -9194.4523
 BOND   =         0.3593  ANGLE   =         0.7528  DIHED      =         1.0348
 1-4 NB =         3.4700  1-4 EEL =        -0.9578  VDWAALS    =      1736.7151
 EELEC  =    -10936.2348  EHBOND  =         0.0000  RESTRAINT  =         0.4083
 EAMBER (non-restraint)  =     -9194.8606
 DV/DL  =        -7.1371
 Ewald error estimate:   0.1783E-03
 ------------------------------------------------------------------------------

 NMR restraints: Bond =    0.000   Angle =     0.000   Torsion =     0.000
===============================================================================

| TI region  1


 NSTEP =     6000   TIME(PS) =      12.000  TEMP(K) =   205.02  PRESS =     0.0
 Etot   =     -7956.2104  EKtot   =      1068.2264  EPtot      =     -9024.4368
 BOND   =         0.4185  ANGLE   =         1.1224  DIHED      =         1.3230
 1-4 NB =         3.3815  1-4 EEL =        -0.9794  VDWAALS    =      1640.7020
 EELEC  =    -10671.2731  EHBOND  =         0.0000  RESTRAINT  =         0.8684
 EAMBER (non-restraint)  =     -9025.3052
 DV/DL  =        -8.5893
 Ewald error estimate:   0.2810E-03
 ------------------------------------------------------------------------------


| TI region  2


 NSTEP =     6000   TIME(PS) =      12.000  TEMP(K) =   205.02  PRESS =     0.0
 Etot   =     -7956.2104  EKtot   =      1068.2264  EPtot      =     -9024.4368
 BOND   =         0.4185  ANGLE   =         1.1224  DIHED      =         1.3230
 1-4 NB =         3.3815  1-4 EEL =        -0.9794  VDWAALS    =      1640.7020
 EELEC  =    -10671.2731  EHBOND  =         0.0000  RESTRAINT  =         0.8684
 EAMBER (non-restraint)  =     -9025.3052
 DV/DL  =        -8.5893
 Ewald error estimate:   0.2810E-03
 ------------------------------------------------------------------------------

 NMR restraints: Bond =    0.000   Angle =     0.000   Torsion =     0.000
===============================================================================

| TI region  1


 NSTEP =     7000   TIME(PS) =      14.000  TEMP(K) =   227.87  PRESS =     0.0
 Etot   =     -7570.9948  EKtot   =      1187.3163  EPtot      =     -8758.3110
 BOND   =         0.5170  ANGLE   =         2.2062  DIHED      =         1.7081
 1-4 NB =         3.9035  1-4 EEL =        -0.9842  VDWAALS    =      1504.7285
 EELEC  =    -10271.6049  EHBOND  =         0.0000  RESTRAINT  =         1.2149
 EAMBER (non-restraint)  =     -8759.5259
 DV/DL  =        -6.7956
 Ewald error estimate:   0.3686E-03
 ------------------------------------------------------------------------------


| TI region  2


 NSTEP =     7000   TIME(PS) =      14.000  TEMP(K) =   227.87  PRESS =     0.0
 Etot   =     -7570.9948  EKtot   =      1187.3163  EPtot      =     -8758.3110
 BOND   =         0.5170  ANGLE   =         2.2062  DIHED      =         1.7081
 1-4 NB =         3.9035  1-4 EEL =        -0.9842  VDWAALS    =      1504.7285
 EELEC  =    -10271.6049  EHBOND  =         0.0000  RESTRAINT  =         1.2149
 EAMBER (non-restraint)  =     -8759.5259
 DV/DL  =        -6.7956
 Ewald error estimate:   0.3686E-03
 ------------------------------------------------------------------------------

 NMR restraints: Bond =    0.000   Angle =     0.000   Torsion =     0.000
===============================================================================

| TI region  1


 NSTEP =     8000   TIME(PS) =      16.000  TEMP(K) =   256.41  PRESS =     0.0
 Etot   =     -7128.0372  EKtot   =      1336.0087  EPtot      =     -8464.0459
 BOND   =         1.8710  ANGLE   =         2.7707  DIHED      =         0.6756
 1-4 NB =         3.1249  1-4 EEL =        -1.0355  VDWAALS    =      1414.7184
 EELEC  =     -9886.7582  EHBOND  =         0.0000  RESTRAINT  =         0.5871
 EAMBER (non-restraint)  =     -8464.6330
 DV/DL  =        -5.5999
 Ewald error estimate:   0.2933E-03
 ------------------------------------------------------------------------------


| TI region  2


 NSTEP =     8000   TIME(PS) =      16.000  TEMP(K) =   256.41  PRESS =     0.0
 Etot   =     -7128.0372  EKtot   =      1336.0087  EPtot      =     -8464.0459
 BOND   =         1.8710  ANGLE   =         2.7707  DIHED      =         0.6756
 1-4 NB =         3.1249  1-4 EEL =        -1.0355  VDWAALS    =      1414.7184
 EELEC  =     -9886.7582  EHBOND  =         0.0000  RESTRAINT  =         0.5871
 EAMBER (non-restraint)  =     -8464.6330
 DV/DL  =        -5.5999
 Ewald error estimate:   0.2933E-03
 ------------------------------------------------------------------------------

 NMR restraints: Bond =    0.000   Angle =     0.000   Torsion =     0.000
===============================================================================

| TI region  1


 NSTEP =     9000   TIME(PS) =      18.000  TEMP(K) =   273.94  PRESS =     0.0
 Etot   =     -6767.3431  EKtot   =      1427.3552  EPtot      =     -8194.6983
 BOND   =         0.7729  ANGLE   =         2.1078  DIHED      =         3.9813
 1-4 NB =         3.4655  1-4 EEL =        -0.9161  VDWAALS    =      1252.9412
 EELEC  =     -9458.6274  EHBOND  =         0.0000  RESTRAINT  =         1.5764
 EAMBER (non-restraint)  =     -8196.2747
 DV/DL  =        -4.6232
 Ewald error estimate:   0.8553E-04
 ------------------------------------------------------------------------------


| TI region  2


 NSTEP =     9000   TIME(PS) =      18.000  TEMP(K) =   273.94  PRESS =     0.0
 Etot   =     -6767.3431  EKtot   =      1427.3552  EPtot      =     -8194.6983
 BOND   =         0.7729  ANGLE   =         2.1078  DIHED      =         3.9813
 1-4 NB =         3.4655  1-4 EEL =        -0.9161  VDWAALS    =      1252.9412
 EELEC  =     -9458.6274  EHBOND  =         0.0000  RESTRAINT  =         1.5764
 EAMBER (non-restraint)  =     -8196.2747
 DV/DL  =        -4.6232
 Ewald error estimate:   0.8553E-04
 ------------------------------------------------------------------------------

 NMR restraints: Bond =    0.000   Angle =     0.000   Torsion =     0.000
===============================================================================

| TI region  1


 NSTEP =    10000   TIME(PS) =      20.000  TEMP(K) =   280.20  PRESS =     0.0
 Etot   =     -6559.4424  EKtot   =      1459.9536  EPtot      =     -8019.3960
 BOND   =         1.3887  ANGLE   =         2.3207  DIHED      =         1.4421
 1-4 NB =         3.3377  1-4 EEL =        -1.0382  VDWAALS    =      1292.5140
 EELEC  =     -9322.2857  EHBOND  =         0.0000  RESTRAINT  =         2.9247
 EAMBER (non-restraint)  =     -8022.3207
 DV/DL  =        -6.3641
 Ewald error estimate:   0.1369E-03
 ------------------------------------------------------------------------------


| TI region  2


 NSTEP =    10000   TIME(PS) =      20.000  TEMP(K) =   280.20  PRESS =     0.0
 Etot   =     -6559.4424  EKtot   =      1459.9536  EPtot      =     -8019.3960
 BOND   =         1.3887  ANGLE   =         2.3207  DIHED      =         1.4421
 1-4 NB =         3.3377  1-4 EEL =        -1.0382  VDWAALS    =      1292.5140
 EELEC  =     -9322.2857  EHBOND  =         0.0000  RESTRAINT  =         2.9247
 EAMBER (non-restraint)  =     -8022.3207
 DV/DL  =        -6.3641
 Ewald error estimate:   0.1369E-03
 ------------------------------------------------------------------------------

 NMR restraints: Bond =    0.000   Angle =     0.000   Torsion =     0.000
===============================================================================

| TI region  1


      A V E R A G E S   O V E R      10 S T E P S


 NSTEP =    10000   TIME(PS) =      20.000  TEMP(K) =   202.06  PRESS =     0.0
 Etot   =     -7828.2328  EKtot   =      1052.8285  EPtot      =     -8881.0613
 BOND   =         0.6524  ANGLE   =         1.3989  DIHED      =         1.3040
 1-4 NB =         3.4026  1-4 EEL =        -0.9862  VDWAALS    =      1584.4416
 EELEC  =    -10472.3057  EHBOND  =         0.0000  RESTRAINT  =         1.0309
 EAMBER (non-restraint)  =     -8882.0923
 DV/DL  =        -6.8186
 Ewald error estimate:   0.1862E-03
 ------------------------------------------------------------------------------

 NMR restraints: Bond =    0.000   Angle =     0.000   Torsion =     0.000
===============================================================================

      R M S  F L U C T U A T I O N S


 NSTEP =    10000   TIME(PS) =      20.000  TEMP(K) =    52.17  PRESS =     0.0
 Etot   =       750.1133  EKtot   =       271.8142  EPtot      =       481.6735
 BOND   =         0.5210  ANGLE   =         0.8409  DIHED      =         0.9598
 1-4 NB =         0.1915  1-4 EEL =         0.0356  VDWAALS    =       201.1415
 EELEC  =       678.5731  EHBOND  =         0.0000  RESTRAINT  =         0.7392
 EAMBER (non-restraint)  =       480.9343
 DV/DL  =         1.1653
 Ewald error estimate:   0.1133E-03
 ------------------------------------------------------------------------------


| TI region  2


      A V E R A G E S   O V E R      10 S T E P S


 NSTEP =    10000   TIME(PS) =      20.000  TEMP(K) =   202.06  PRESS =     0.0
 Etot   =     -7828.2328  EKtot   =      1052.8285  EPtot      =     -8881.0613
 BOND   =         0.6524  ANGLE   =         1.3989  DIHED      =         1.3040
 1-4 NB =         3.4026  1-4 EEL =        -0.9862  VDWAALS    =      1584.4416
 EELEC  =    -10472.3057  EHBOND  =         0.0000  RESTRAINT  =         1.0309
 EAMBER (non-restraint)  =     -8882.0923
 DV/DL  =        -6.8186
 Ewald error estimate:   0.1862E-03
 ------------------------------------------------------------------------------

 NMR restraints: Bond =    0.000   Angle =     0.000   Torsion =     0.000
===============================================================================

      R M S  F L U C T U A T I O N S


 NSTEP =    10000   TIME(PS) =      20.000  TEMP(K) =    52.17  PRESS =     0.0
 Etot   =       750.1133  EKtot   =       271.8142  EPtot      =       481.6735
 BOND   =         0.5210  ANGLE   =         0.8409  DIHED      =         0.9598
 1-4 NB =         0.1915  1-4 EEL =         0.0356  VDWAALS    =       201.1415
 EELEC  =       678.5731  EHBOND  =         0.0000  RESTRAINT  =         0.7392
 EAMBER (non-restraint)  =       480.9343
 DV/DL  =         1.1653
 Ewald error estimate:   0.1133E-03
 ------------------------------------------------------------------------------


      DV/DL, AVERAGES OVER      10 STEPS


 NSTEP =    10000   TIME(PS) =      20.000  TEMP(K) =    52.17  PRESS =     0.0
 Etot   =         0.0000  EKtot   =         0.0000  EPtot      =        -6.8186
 BOND   =        -0.0000  ANGLE   =         0.0000  DIHED      =         0.0000
 1-4 NB =        -0.0000  1-4 EEL =        -1.0297  VDWAALS    =         0.0000
 EELEC  =        -5.7889  EHBOND  =         0.0000  RESTRAINT  =        -0.0000
 EAMBER (non-restraint)  =        -6.8186
 DV/DL  =        -6.8186
 Ewald error estimate:   0.0000E+00
 ------------------------------------------------------------------------------


 NMR restraints on final step:

--------------------------------------------------------------------------------
   5.  TIMINGS
--------------------------------------------------------------------------------

|  NonSetup CPU Time in Major Routines:
|
|     Routine           Sec        %
|     ------------------------------
|     Nonbond         153.69   97.80
|     Bond              0.57    0.36
|     Angle             0.13    0.08
|     Dihedral          0.21    0.13
|     Shake             1.33    0.85
|     RunMD             1.19    0.76
|     Other             0.02    0.02
|     ------------------------------
|     Total           157.14

|  PME Nonbond Pairlist CPU Time:
|
|     Routine              Sec        %
|     ---------------------------------
|     Set Up Cit           0.19    0.12
|     Build List          19.20   12.22
|     ---------------------------------
|     Total               19.38   12.34

|  PME Direct Force CPU Time:
|
|     Routine              Sec        %
|     ---------------------------------
|     NonBonded Calc      63.97   40.71
|     Exclude Masked       2.52    1.60
|     Other                2.46    1.57
|     ---------------------------------
|     Total               68.95   43.88

|  PME Reciprocal Force CPU Time:
|
|     Routine              Sec        %
|     ---------------------------------
|     1D bspline           2.68    1.70
|     Grid Charges         6.14    3.90
|     Scalar Sum           2.75    1.75
|     Gradient Sum         9.00    5.73
|     FFT                 44.82   28.52
|     ---------------------------------
|     Total               65.39   41.61

|  Final Performance Info:
|     -----------------------------------------------------
|     Average timings for last    2000 steps:
|     Elapsed(s) =      32.33 Per Step(ms) =      16.17
|         ns/day =      10.69   seconds/ns =    8083.64
|
|     Average timings for all steps:
|     Elapsed(s) =     157.27 Per Step(ms) =      15.73
|         ns/day =      10.99   seconds/ns =    7863.72
|     -----------------------------------------------------

|  Setup CPU time:            0.05 seconds
|  NonSetup CPU time:       157.14 seconds
|  Total CPU time:          157.19 seconds     0.04 hours

|  Setup wall time:           0    seconds
|  NonSetup wall time:      157    seconds
|  Total wall time:         157    seconds     0.04 hours
