
          -------------------------------------------------------
          Amber 18 PMEMD                              2018
          -------------------------------------------------------

| PMEMD implementation of SANDER, Release 18

| Run on 06/21/2018 at 06:01:15

|   Executable path: /home/uv10/amber/bin/pmemd
| Working directory: /home/uv10/tutorials-amber/A9/ligand/pmemd/free_energy/ligands/recharge/0.2
|          Hostname: Unknown
  [-O]verwriting output

File Assignments:
|   MDIN: heat.in                                                               
|  MDOUT: heat.out                                                              
| INPCRD: ti.rst7                                                               
|   PARM: ti.parm7                                                              
| RESTRT: heat.rst7                                                             
|   REFC: ti.rst7                                                               
|  MDVEL: mdvel                                                                 
|   MDEN: heat.en                                                               
|  MDCRD: heat.nc                                                               
| MDINFO: heat.info                                                             
|  MDFRC: mdfrc                                                                 


 Here is the input file:

heating                                                                        
 &cntrl                                                                        
   imin = 0, nstlim = 10000, irest = 0, ntx = 1, dt = 0.002,                   
   ntt = 1, temp0 = 300.0, tempi = 50.0, tautp = 1.0,                          
   ntc = 2, ntf = 1,                                                           
   ntb = 1,                                                                    
   ioutfm = 1, iwrap = 1,                                                      
   ntwe = 1000, ntwx = 1000, ntpr = 1000, ntwr = 5000,                         
                                                                               
   nmropt = 1,                                                                 
   ntr = 1, restraint_wt = 5.00,                                               
   restraintmask='!:WAT & !@H=',                                               
                                                                               
   icfe = 1, clambda = 0.2, scalpha = 0.5, scbeta = 12.0,                      
   logdvdl = 0,                                                                
   timask1 = ':1', timask2 = ':2',                                             
   ifsc = 0, crgmask = ':1@O1,H6',                                             
 /                                                                             
                                                                               
 &ewald                                                                        
 /                                                                             
                                                                               
 &wt                                                                           
   type='TEMP0',                                                               
   istep1 = 0, istep2 = 8000,                                                  
   value1 = 50.0, value2 = 300.0                                               
 /                                                                             
                                                                               
 &wt type = 'END'                                                              
 /                                                                             
                                                                               


Note: ig = -1. Setting random seed to   663213 based on wallclock time in 
      microseconds.
| irandom = 1, using AMBER's internal random number generator (default).
 
 
| Conditional Compilation Defines Used:
| PUBFFT
| BINTRAJ
| EMIL

| Largest sphere to fit in unit cell has radius =    16.836

| New format PARM file being parsed.
| Version =    1.000 Date = 06/20/18 Time = 14:05:12

| Note: 1-4 EEL scale factors are being read from the topology file.

| Note: 1-4 VDW scale factors are being read from the topology file.
| Duplicated    0 dihedrals

| Duplicated    0 dihedrals

--------------------------------------------------------------------------------
   1.  RESOURCE   USE: 
--------------------------------------------------------------------------------

 getting new box info from bottom of inpcrd
 NATOM  =    2633 NTYPES =       6 NBONH =    2619 MBONA  =      14
 NTHETH =      22 MTHETA =      16 NPHIH =      46 MPHIA  =      16
 NHPARM =       0 NPARM  =       0 NNB   =    3588 NRES   =     871
 NBONA  =      14 NTHETA =      16 NPHIA =      16 NUMBND =       6
 NUMANG =       4 NPTRA  =       3 NATYP =       6 NPHB   =       1
 IFBOX  =       1 NMXRS  =      13 IFCAP =       0 NEXTRA =       0
 NCOPY  =       0

| Coordinate Index Table dimensions:     7    7    7
| Direct force subcell size =     4.8104    4.9998    5.0941

     BOX TYPE: RECTILINEAR

--------------------------------------------------------------------------------
   2.  CONTROL  DATA  FOR  THE  RUN
--------------------------------------------------------------------------------

default_name                                                                    

General flags:
     imin    =       0, nmropt  =       1

Nature and format of input:
     ntx     =       1, irest   =       0, ntrx    =       1

Nature and format of output:
     ntxo    =       2, ntpr    =    1000, ntrx    =       1, ntwr    =    5000
     iwrap   =       1, ntwx    =    1000, ntwv    =       0, ntwe    =    1000
     ioutfm  =       1, ntwprt  =       0, idecomp =       0, rbornstat=      0

Potential function:
     ntf     =       1, ntb     =       1, igb     =       0, nsnb    =      25
     ipol    =       0, gbsa    =       0, iesp    =       0
     dielc   =   1.00000, cut     =   8.00000, intdiel =   1.00000

Frozen or restrained atoms:
     ibelly  =       0, ntr     =       1
     restraint_wt =   5.00000

Molecular dynamics:
     nstlim  =     10000, nscm    =         0, nrespa  =         1
     t       =   0.00000, dt      =   0.00200, vlimit  =  20.00000

Berendsen (weak-coupling) temperature regulation:
     temp0   = 300.00000, tempi   =  50.00000, tautp   =   1.00000

SHAKE:
     ntc     =       2, jfastw  =       0
     tol     =   0.00001

NMR refinement options:
     iscale  =       0, noeskp  =       1, ipnlty  =       1, mxsub   =       1
     scalm   = 100.00000, pencut  =   0.10000, tausw   =   0.10000

Free energy options:
     icfe    =       1, ifsc    =       0, klambda =       1
     clambda =  0.2000, scalpha =  0.5000, scbeta  = 12.0000
     sceeorder =       2
     dynlmb =  0.0000 logdvdl =       0

| Intermolecular bonds treatment:
|     no_intermolecular_bonds =       1

| Energy averages sample interval:
|     ene_avg_sampling =    1000

Ewald parameters:
     verbose =       0, ew_type =       0, nbflag  =       1, use_pme =       1
     vdwmeth =       1, eedmeth =       1, netfrc  =       1
     Box X =   33.673   Box Y =   34.999   Box Z =   35.659
     Alpha =   90.000   Beta  =   90.000   Gamma =   90.000
     NFFT1 =   36       NFFT2 =   36       NFFT3 =   36
     Cutoff=    8.000   Tol   =0.100E-04
     Ewald Coefficient =  0.34864
     Interpolation order =    4

    LOADING THE CONSTRAINED ATOMS AS GROUPS


   5.  REFERENCE ATOM COORDINATES

  default_name                                                                    
     Mask !:WAT & !@H=; matches    14 atoms
     TI Mask 1 :1; matches     13 atoms
     TI Mask 2 :2; matches     13 atoms
     TI region 1:    2620 atoms
     TI region 2:    2620 atoms
Removing charge of      -0.5539 from atom      12
Removing charge of       0.3791 from atom      13
Total charge of  -0.17486000 removed from       2 atoms
     Checking for mismatched coordinates.

--------------------------------------------------------------------------------
   3.  ATOMIC COORDINATES AND VELOCITIES
--------------------------------------------------------------------------------

default_name                                                                    
 begin time read from input coords =     0.000 ps



           Begin reading energy term weight changes/NMR restraints
 WEIGHT CHANGES:
 TEMP0         0   8000   50.000000  300.000000      0      0

 RESTRAINTS:
                          ** No restraint defined **

                  Done reading weight changes/NMR restraints


 
 Number of triangulated 3-point waters found:      869

     Sum of charges for TI region  1 =   0.17486100
     Assuming uniform neutralizing plasma


     Sum of charges for TI region  2 =   0.00000100
     Forcing neutrality...

| Dynamic Memory, Types Used:
| Reals              231002
| Integers           100935

| Nonbonded Pairs Initial Allocation:      439776

--------------------------------------------------------------------------------
   4.  RESULTS
--------------------------------------------------------------------------------

 ---------------------------------------------------
 APPROXIMATING switch and d/dx switch using CUBIC SPLINE INTERPOLATION
 using   5000.0 points per unit in tabled values
 TESTING RELATIVE ERROR over r ranging from 0.0 to cutoff
| CHECK switch(x): max rel err =   0.2738E-14   at   2.422500
| CHECK d/dx switch(x): max rel err =   0.8332E-11   at   2.782960
 ---------------------------------------------------
|---------------------------------------------------
| APPROXIMATING direct energy using CUBIC SPLINE INTERPOLATION
|  with   50.0 points per unit in tabled values
| Relative Error Limit not exceeded for r .gt.   2.47
| APPROXIMATING direct force using CUBIC SPLINE INTERPOLATION
|  with   50.0 points per unit in tabled values
| Relative Error Limit not exceeded for r .gt.   2.89
|---------------------------------------------------

| TI region  1


 NSTEP =        0   TIME(PS) =       0.000  TEMP(K) =    75.26  PRESS =     0.0
 Etot   =     -6465.4962  EKtot   =       392.3474  EPtot      =     -6857.8436
 BOND   =         2.2487  ANGLE   =         4.3515  DIHED      =         1.0131
 1-4 NB =         3.7427  1-4 EEL =       -17.0991  VDWAALS    =      1126.6119
 EELEC  =     -7978.7123  EHBOND  =         0.0000  RESTRAINT  =         0.0000
 DV/DL  =       -33.2147
 Ewald error estimate:   0.4251E-03
 ------------------------------------------------------------------------------


| TI region  2


 NSTEP =        0   TIME(PS) =       0.000  TEMP(K) =    75.26  PRESS =     0.0
 Etot   =     -6465.4962  EKtot   =       392.3474  EPtot      =     -6857.8436
 BOND   =         2.2487  ANGLE   =         4.3515  DIHED      =         1.0131
 1-4 NB =         3.7427  1-4 EEL =       -17.0991  VDWAALS    =      1126.6119
 EELEC  =     -7978.7123  EHBOND  =         0.0000  RESTRAINT  =         0.0000
 DV/DL  =       -33.2147
 Ewald error estimate:   0.4251E-03
 ------------------------------------------------------------------------------

 NMR restraints: Bond =    0.000   Angle =     0.000   Torsion =     0.000
===============================================================================

| TI region  1


 NSTEP =     1000   TIME(PS) =       2.000  TEMP(K) =   171.67  PRESS =     0.0
 Etot   =     -8038.5117  EKtot   =       894.9985  EPtot      =     -8933.5102
 BOND   =         0.5530  ANGLE   =         0.7302  DIHED      =         1.3929
 1-4 NB =         3.2739  1-4 EEL =       -16.8271  VDWAALS    =      1603.5362
 EELEC  =    -10526.4782  EHBOND  =         0.0000  RESTRAINT  =         0.3090
 EAMBER (non-restraint)  =     -8933.8192
 DV/DL  =       -27.5714
 Ewald error estimate:   0.2917E-03
 ------------------------------------------------------------------------------


| TI region  2


 NSTEP =     1000   TIME(PS) =       2.000  TEMP(K) =   171.67  PRESS =     0.0
 Etot   =     -8038.5117  EKtot   =       894.9985  EPtot      =     -8933.5102
 BOND   =         0.5530  ANGLE   =         0.7302  DIHED      =         1.3929
 1-4 NB =         3.2739  1-4 EEL =       -16.8271  VDWAALS    =      1603.5362
 EELEC  =    -10526.4782  EHBOND  =         0.0000  RESTRAINT  =         0.3090
 EAMBER (non-restraint)  =     -8933.8192
 DV/DL  =       -27.5714
 Ewald error estimate:   0.2917E-03
 ------------------------------------------------------------------------------

 NMR restraints: Bond =    0.000   Angle =     0.000   Torsion =     0.000
===============================================================================

| TI region  1


 NSTEP =     2000   TIME(PS) =       4.000  TEMP(K) =   140.08  PRESS =     0.0
 Etot   =     -8634.9055  EKtot   =       730.2958  EPtot      =     -9365.2013
 BOND   =         0.5278  ANGLE   =         0.7769  DIHED      =         1.0208
 1-4 NB =         3.7188  1-4 EEL =       -16.9038  VDWAALS    =      1790.3377
 EELEC  =    -11145.7489  EHBOND  =         0.0000  RESTRAINT  =         1.0693
 EAMBER (non-restraint)  =     -9366.2706
 DV/DL  =       -25.6742
 Ewald error estimate:   0.3610E-03
 ------------------------------------------------------------------------------


| TI region  2


 NSTEP =     2000   TIME(PS) =       4.000  TEMP(K) =   140.08  PRESS =     0.0
 Etot   =     -8634.9055  EKtot   =       730.2958  EPtot      =     -9365.2013
 BOND   =         0.5278  ANGLE   =         0.7769  DIHED      =         1.0208
 1-4 NB =         3.7188  1-4 EEL =       -16.9038  VDWAALS    =      1790.3377
 EELEC  =    -11145.7489  EHBOND  =         0.0000  RESTRAINT  =         1.0693
 EAMBER (non-restraint)  =     -9366.2706
 DV/DL  =       -25.6742
 Ewald error estimate:   0.3610E-03
 ------------------------------------------------------------------------------

 NMR restraints: Bond =    0.000   Angle =     0.000   Torsion =     0.000
===============================================================================

| TI region  1


 NSTEP =     3000   TIME(PS) =       6.000  TEMP(K) =   135.91  PRESS =     0.0
 Etot   =     -8724.7754  EKtot   =       708.5545  EPtot      =     -9433.3299
 BOND   =         0.1872  ANGLE   =         0.6120  DIHED      =         1.3627
 1-4 NB =         3.5963  1-4 EEL =       -16.8087  VDWAALS    =      1780.0875
 EELEC  =    -11203.9052  EHBOND  =         0.0000  RESTRAINT  =         1.5383
 EAMBER (non-restraint)  =     -9434.8682
 DV/DL  =       -29.8508
 Ewald error estimate:   0.1681E-03
 ------------------------------------------------------------------------------


| TI region  2


 NSTEP =     3000   TIME(PS) =       6.000  TEMP(K) =   135.91  PRESS =     0.0
 Etot   =     -8724.7754  EKtot   =       708.5545  EPtot      =     -9433.3299
 BOND   =         0.1872  ANGLE   =         0.6120  DIHED      =         1.3627
 1-4 NB =         3.5963  1-4 EEL =       -16.8087  VDWAALS    =      1780.0875
 EELEC  =    -11203.9052  EHBOND  =         0.0000  RESTRAINT  =         1.5383
 EAMBER (non-restraint)  =     -9434.8682
 DV/DL  =       -29.8508
 Ewald error estimate:   0.1681E-03
 ------------------------------------------------------------------------------

 NMR restraints: Bond =    0.000   Angle =     0.000   Torsion =     0.000
===============================================================================

| TI region  1


 NSTEP =     4000   TIME(PS) =       8.000  TEMP(K) =   153.71  PRESS =     0.0
 Etot   =     -8568.4657  EKtot   =       801.3499  EPtot      =     -9369.8156
 BOND   =         0.4983  ANGLE   =         0.9873  DIHED      =         2.1706
 1-4 NB =         3.6593  1-4 EEL =       -17.1471  VDWAALS    =      1772.8799
 EELEC  =    -11134.4403  EHBOND  =         0.0000  RESTRAINT  =         1.5764
 EAMBER (non-restraint)  =     -9371.3920
 DV/DL  =       -28.6265
 Ewald error estimate:   0.9470E-04
 ------------------------------------------------------------------------------


| TI region  2


 NSTEP =     4000   TIME(PS) =       8.000  TEMP(K) =   153.71  PRESS =     0.0
 Etot   =     -8568.4657  EKtot   =       801.3499  EPtot      =     -9369.8156
 BOND   =         0.4983  ANGLE   =         0.9873  DIHED      =         2.1706
 1-4 NB =         3.6593  1-4 EEL =       -17.1471  VDWAALS    =      1772.8799
 EELEC  =    -11134.4403  EHBOND  =         0.0000  RESTRAINT  =         1.5764
 EAMBER (non-restraint)  =     -9371.3920
 DV/DL  =       -28.6265
 Ewald error estimate:   0.9470E-04
 ------------------------------------------------------------------------------

 NMR restraints: Bond =    0.000   Angle =     0.000   Torsion =     0.000
===============================================================================

| TI region  1


 NSTEP =     5000   TIME(PS) =      10.000  TEMP(K) =   176.20  PRESS =     0.0
 Etot   =     -8303.3507  EKtot   =       918.5902  EPtot      =     -9221.9409
 BOND   =         1.5386  ANGLE   =         1.0175  DIHED      =         3.0036
 1-4 NB =         3.2679  1-4 EEL =       -17.1204  VDWAALS    =      1688.7508
 EELEC  =    -10903.4429  EHBOND  =         0.0000  RESTRAINT  =         1.0439
 EAMBER (non-restraint)  =     -9222.9848
 DV/DL  =       -29.5970
 Ewald error estimate:   0.1314E-03
 ------------------------------------------------------------------------------


| TI region  2


 NSTEP =     5000   TIME(PS) =      10.000  TEMP(K) =   176.20  PRESS =     0.0
 Etot   =     -8303.3507  EKtot   =       918.5902  EPtot      =     -9221.9409
 BOND   =         1.5386  ANGLE   =         1.0175  DIHED      =         3.0036
 1-4 NB =         3.2679  1-4 EEL =       -17.1204  VDWAALS    =      1688.7508
 EELEC  =    -10903.4429  EHBOND  =         0.0000  RESTRAINT  =         1.0439
 EAMBER (non-restraint)  =     -9222.9848
 DV/DL  =       -29.5970
 Ewald error estimate:   0.1314E-03
 ------------------------------------------------------------------------------

 NMR restraints: Bond =    0.000   Angle =     0.000   Torsion =     0.000
===============================================================================

| TI region  1


 NSTEP =     6000   TIME(PS) =      12.000  TEMP(K) =   201.77  PRESS =     0.0
 Etot   =     -7966.4227  EKtot   =      1051.9219  EPtot      =     -9018.3446
 BOND   =         1.1471  ANGLE   =         2.0539  DIHED      =         1.0195
 1-4 NB =         3.3513  1-4 EEL =       -16.7333  VDWAALS    =      1641.1378
 EELEC  =    -10652.2021  EHBOND  =         0.0000  RESTRAINT  =         1.8813
 EAMBER (non-restraint)  =     -9020.2259
 DV/DL  =       -29.6011
 Ewald error estimate:   0.2638E-04
 ------------------------------------------------------------------------------


| TI region  2


 NSTEP =     6000   TIME(PS) =      12.000  TEMP(K) =   201.77  PRESS =     0.0
 Etot   =     -7966.4227  EKtot   =      1051.9219  EPtot      =     -9018.3446
 BOND   =         1.1471  ANGLE   =         2.0539  DIHED      =         1.0195
 1-4 NB =         3.3513  1-4 EEL =       -16.7333  VDWAALS    =      1641.1378
 EELEC  =    -10652.2021  EHBOND  =         0.0000  RESTRAINT  =         1.8813
 EAMBER (non-restraint)  =     -9020.2259
 DV/DL  =       -29.6011
 Ewald error estimate:   0.2638E-04
 ------------------------------------------------------------------------------

 NMR restraints: Bond =    0.000   Angle =     0.000   Torsion =     0.000
===============================================================================

| TI region  1


 NSTEP =     7000   TIME(PS) =      14.000  TEMP(K) =   229.02  PRESS =     0.0
 Etot   =     -7570.7662  EKtot   =      1193.9647  EPtot      =     -8764.7309
 BOND   =         1.1400  ANGLE   =         1.0033  DIHED      =         1.8036
 1-4 NB =         3.2267  1-4 EEL =       -17.0431  VDWAALS    =      1493.5686
 EELEC  =    -10251.2109  EHBOND  =         0.0000  RESTRAINT  =         2.7809
 EAMBER (non-restraint)  =     -8767.5118
 DV/DL  =       -28.8882
 Ewald error estimate:   0.1340E-04
 ------------------------------------------------------------------------------


| TI region  2


 NSTEP =     7000   TIME(PS) =      14.000  TEMP(K) =   229.02  PRESS =     0.0
 Etot   =     -7570.7662  EKtot   =      1193.9647  EPtot      =     -8764.7309
 BOND   =         1.1400  ANGLE   =         1.0033  DIHED      =         1.8036
 1-4 NB =         3.2267  1-4 EEL =       -17.0431  VDWAALS    =      1493.5686
 EELEC  =    -10251.2109  EHBOND  =         0.0000  RESTRAINT  =         2.7809
 EAMBER (non-restraint)  =     -8767.5118
 DV/DL  =       -28.8882
 Ewald error estimate:   0.1340E-04
 ------------------------------------------------------------------------------

 NMR restraints: Bond =    0.000   Angle =     0.000   Torsion =     0.000
===============================================================================

| TI region  1


 NSTEP =     8000   TIME(PS) =      16.000  TEMP(K) =   247.80  PRESS =     0.0
 Etot   =     -7116.5353  EKtot   =      1291.8917  EPtot      =     -8408.4270
 BOND   =         1.5397  ANGLE   =         1.9477  DIHED      =         1.8154
 1-4 NB =         3.3592  1-4 EEL =       -17.2338  VDWAALS    =      1396.4568
 EELEC  =     -9798.7729  EHBOND  =         0.0000  RESTRAINT  =         2.4609
 EAMBER (non-restraint)  =     -8410.8879
 DV/DL  =       -31.0532
 Ewald error estimate:   0.1521E-03
 ------------------------------------------------------------------------------


| TI region  2


 NSTEP =     8000   TIME(PS) =      16.000  TEMP(K) =   247.80  PRESS =     0.0
 Etot   =     -7116.5353  EKtot   =      1291.8917  EPtot      =     -8408.4270
 BOND   =         1.5397  ANGLE   =         1.9477  DIHED      =         1.8154
 1-4 NB =         3.3592  1-4 EEL =       -17.2338  VDWAALS    =      1396.4568
 EELEC  =     -9798.7729  EHBOND  =         0.0000  RESTRAINT  =         2.4609
 EAMBER (non-restraint)  =     -8410.8879
 DV/DL  =       -31.0532
 Ewald error estimate:   0.1521E-03
 ------------------------------------------------------------------------------

 NMR restraints: Bond =    0.000   Angle =     0.000   Torsion =     0.000
===============================================================================

| TI region  1


 NSTEP =     9000   TIME(PS) =      18.000  TEMP(K) =   272.42  PRESS =     0.0
 Etot   =     -6771.6054  EKtot   =      1420.2363  EPtot      =     -8191.8417
 BOND   =         2.7314  ANGLE   =         1.6458  DIHED      =         1.1972
 1-4 NB =         3.8726  1-4 EEL =       -17.1651  VDWAALS    =      1267.1436
 EELEC  =     -9452.4697  EHBOND  =         0.0000  RESTRAINT  =         1.2025
 EAMBER (non-restraint)  =     -8193.0442
 DV/DL  =       -28.5383
 Ewald error estimate:   0.3647E-03
 ------------------------------------------------------------------------------


| TI region  2


 NSTEP =     9000   TIME(PS) =      18.000  TEMP(K) =   272.42  PRESS =     0.0
 Etot   =     -6771.6054  EKtot   =      1420.2363  EPtot      =     -8191.8417
 BOND   =         2.7314  ANGLE   =         1.6458  DIHED      =         1.1972
 1-4 NB =         3.8726  1-4 EEL =       -17.1651  VDWAALS    =      1267.1436
 EELEC  =     -9452.4697  EHBOND  =         0.0000  RESTRAINT  =         1.2025
 EAMBER (non-restraint)  =     -8193.0442
 DV/DL  =       -28.5383
 Ewald error estimate:   0.3647E-03
 ------------------------------------------------------------------------------

 NMR restraints: Bond =    0.000   Angle =     0.000   Torsion =     0.000
===============================================================================

| TI region  1


 NSTEP =    10000   TIME(PS) =      20.000  TEMP(K) =   283.40  PRESS =     0.0
 Etot   =     -6558.1048  EKtot   =      1477.4776  EPtot      =     -8035.5824
 BOND   =         4.3908  ANGLE   =         2.8387  DIHED      =         2.2247
 1-4 NB =         3.4291  1-4 EEL =       -16.7605  VDWAALS    =      1285.1689
 EELEC  =     -9318.2543  EHBOND  =         0.0000  RESTRAINT  =         1.3802
 EAMBER (non-restraint)  =     -8036.9626
 DV/DL  =       -31.9041
 Ewald error estimate:   0.1772E-03
 ------------------------------------------------------------------------------


| TI region  2


 NSTEP =    10000   TIME(PS) =      20.000  TEMP(K) =   283.40  PRESS =     0.0
 Etot   =     -6558.1048  EKtot   =      1477.4776  EPtot      =     -8035.5824
 BOND   =         4.3908  ANGLE   =         2.8387  DIHED      =         2.2247
 1-4 NB =         3.4291  1-4 EEL =       -16.7605  VDWAALS    =      1285.1689
 EELEC  =     -9318.2543  EHBOND  =         0.0000  RESTRAINT  =         1.3802
 EAMBER (non-restraint)  =     -8036.9626
 DV/DL  =       -31.9041
 Ewald error estimate:   0.1772E-03
 ------------------------------------------------------------------------------

 NMR restraints: Bond =    0.000   Angle =     0.000   Torsion =     0.000
===============================================================================

| TI region  1


      A V E R A G E S   O V E R      10 S T E P S


 NSTEP =    10000   TIME(PS) =      20.000  TEMP(K) =   201.20  PRESS =     0.0
 Etot   =     -7825.3443  EKtot   =      1048.9281  EPtot      =     -8874.2725
 BOND   =         1.4254  ANGLE   =         1.3613  DIHED      =         1.7011
 1-4 NB =         3.4755  1-4 EEL =       -16.9743  VDWAALS    =      1571.9068
 EELEC  =    -10438.6925  EHBOND  =         0.0000  RESTRAINT  =         1.5243
 EAMBER (non-restraint)  =     -8875.7967
 DV/DL  =       -29.1305
 Ewald error estimate:   0.1781E-03
 ------------------------------------------------------------------------------

 NMR restraints: Bond =    0.000   Angle =     0.000   Torsion =     0.000
===============================================================================

      R M S  F L U C T U A T I O N S


 NSTEP =    10000   TIME(PS) =      20.000  TEMP(K) =    51.50  PRESS =     0.0
 Etot   =       747.9245  EKtot   =       268.5067  EPtot      =       483.9817
 BOND   =         1.2101  ANGLE   =         0.6910  DIHED      =         0.6005
 1-4 NB =         0.2102  1-4 EEL =         0.1782  VDWAALS    =       190.5010
 EELEC  =       671.6765  EHBOND  =         0.0000  RESTRAINT  =         0.6801
 EAMBER (non-restraint)  =       483.3015
 DV/DL  =         1.6549
 Ewald error estimate:   0.1188E-03
 ------------------------------------------------------------------------------


| TI region  2


      A V E R A G E S   O V E R      10 S T E P S


 NSTEP =    10000   TIME(PS) =      20.000  TEMP(K) =   201.20  PRESS =     0.0
 Etot   =     -7825.3443  EKtot   =      1048.9281  EPtot      =     -8874.2725
 BOND   =         1.4254  ANGLE   =         1.3613  DIHED      =         1.7011
 1-4 NB =         3.4755  1-4 EEL =       -16.9743  VDWAALS    =      1571.9068
 EELEC  =    -10438.6925  EHBOND  =         0.0000  RESTRAINT  =         1.5243
 EAMBER (non-restraint)  =     -8875.7967
 DV/DL  =       -29.1305
 Ewald error estimate:   0.1781E-03
 ------------------------------------------------------------------------------

 NMR restraints: Bond =    0.000   Angle =     0.000   Torsion =     0.000
===============================================================================

      R M S  F L U C T U A T I O N S


 NSTEP =    10000   TIME(PS) =      20.000  TEMP(K) =    51.50  PRESS =     0.0
 Etot   =       747.9245  EKtot   =       268.5067  EPtot      =       483.9817
 BOND   =         1.2101  ANGLE   =         0.6910  DIHED      =         0.6005
 1-4 NB =         0.2102  1-4 EEL =         0.1782  VDWAALS    =       190.5010
 EELEC  =       671.6765  EHBOND  =         0.0000  RESTRAINT  =         0.6801
 EAMBER (non-restraint)  =       483.3015
 DV/DL  =         1.6549
 Ewald error estimate:   0.1188E-03
 ------------------------------------------------------------------------------


      DV/DL, AVERAGES OVER      10 STEPS


 NSTEP =    10000   TIME(PS) =      20.000  TEMP(K) =    51.50  PRESS =     0.0
 Etot   =         0.0000  EKtot   =         0.0000  EPtot      =       -29.1305
 BOND   =        -0.0000  ANGLE   =         0.0000  DIHED      =         0.0000
 1-4 NB =        -0.0000  1-4 EEL =       -38.4552  VDWAALS    =         0.0000
 EELEC  =         9.3247  EHBOND  =         0.0000  RESTRAINT  =         0.0000
 DV/DL  =       -29.1305
 Ewald error estimate:   0.0000E+00
 ------------------------------------------------------------------------------


 NMR restraints on final step:

--------------------------------------------------------------------------------
   5.  TIMINGS
--------------------------------------------------------------------------------

|  NonSetup CPU Time in Major Routines:
|
|     Routine           Sec        %
|     ------------------------------
|     Nonbond         153.48   97.80
|     Bond              0.60    0.38
|     Angle             0.09    0.06
|     Dihedral          0.30    0.19
|     Shake             1.43    0.91
|     RunMD             0.98    0.63
|     Other             0.05    0.03
|     ------------------------------
|     Total           156.94

|  PME Nonbond Pairlist CPU Time:
|
|     Routine              Sec        %
|     ---------------------------------
|     Set Up Cit           0.19    0.12
|     Build List          18.97   12.09
|     ---------------------------------
|     Total               19.16   12.21

|  PME Direct Force CPU Time:
|
|     Routine              Sec        %
|     ---------------------------------
|     NonBonded Calc      63.76   40.63
|     Exclude Masked       2.58    1.64
|     Other                2.52    1.61
|     ---------------------------------
|     Total               68.86   43.88

|  PME Reciprocal Force CPU Time:
|
|     Routine              Sec        %
|     ---------------------------------
|     1D bspline           2.68    1.71
|     Grid Charges         5.72    3.65
|     Scalar Sum           2.66    1.69
|     Gradient Sum         9.32    5.94
|     FFT                 45.15   28.77
|     ---------------------------------
|     Total               65.54   41.76

|  Final Performance Info:
|     -----------------------------------------------------
|     Average timings for last    2000 steps:
|     Elapsed(s) =      32.32 Per Step(ms) =      16.16
|         ns/day =      10.69   seconds/ns =    8079.60
|
|     Average timings for all steps:
|     Elapsed(s) =     157.06 Per Step(ms) =      15.71
|         ns/day =      11.00   seconds/ns =    7853.10
|     -----------------------------------------------------

|  Setup CPU time:            0.04 seconds
|  NonSetup CPU time:       156.94 seconds
|  Total CPU time:          156.98 seconds     0.04 hours

|  Setup wall time:           0    seconds
|  NonSetup wall time:      157    seconds
|  Total wall time:         157    seconds     0.04 hours
