
          -------------------------------------------------------
          Amber 18 PMEMD                              2018
          -------------------------------------------------------

| PMEMD implementation of SANDER, Release 18

| Run on 06/25/2018 at 19:54:25

|   Executable path: /home/uv10/amber/bin/pmemd.MPI
| Working directory: /home/uv10/tutorials-amber/A9/ligand/pmemd/free_energy/complex/recharge/0.3
|          Hostname: Unknown
  [-O]verwriting output

File Assignments:
|   MDIN: heat.in                                                               
|  MDOUT: heat.out                                                              
| INPCRD: ti.rst7                                                               
|   PARM: ti.parm7                                                              
| RESTRT: heat.rst7                                                             
|   REFC: ti.rst7                                                               
|  MDVEL: mdvel                                                                 
|   MDEN: heat.en                                                               
|  MDCRD: heat.nc                                                               
| MDINFO: heat.info                                                             
|LOGFILE: heat.log                                                              
|  MDFRC: mdfrc                                                                 


 Here is the input file:

heating                                                                        
 &cntrl                                                                        
   imin = 0, nstlim = 10000, irest = 0, ntx = 1, dt = 0.002,                   
   ntt = 1, temp0 = 300.0, tempi = 50.0, tautp = 1.0,                          
   ntc = 2, ntf = 1,                                                           
   ntb = 1,                                                                    
   ioutfm = 1, iwrap = 1,                                                      
   ntwe = 1000, ntwx = 1000, ntpr = 1000, ntwr = 5000,                         
                                                                               
   nmropt = 1,                                                                 
   ntr = 1, restraint_wt = 5.00,                                               
   restraintmask='!:WAT & !@H=',                                               
                                                                               
   icfe = 1, clambda = 0.3, scalpha = 0.5, scbeta = 12.0,                      
   logdvdl = 0,                                                                
   timask1 = ':1', timask2 = ':2',                                             
   ifsc = 0, crgmask = ':1@O1,H6',                                             
 /                                                                             
                                                                               
 &ewald                                                                        
 /                                                                             
                                                                               
 &wt                                                                           
   type='TEMP0',                                                               
   istep1 = 0, istep2 = 8000,                                                  
   value1 = 50.0, value2 = 300.0                                               
 /                                                                             
                                                                               
 &wt type = 'END'                                                              
 /                                                                             
                                                                               


Note: ig = -1. Setting random seed to   859702 based on wallclock time in
      microseconds and disabling the synchronization of random numbers 
      between tasks to improve performance.
| irandom = 1, using AMBER's internal random number generator (default).
 
 
| Conditional Compilation Defines Used:
| MPI
| PUBFFT
| BINTRAJ
| EMIL

| Largest sphere to fit in unit cell has radius =    34.263

| New format PARM file being parsed.
| Version =    1.000 Date = 06/20/18 Time = 14:05:14

| Note: 1-4 EEL scale factors are being read from the topology file.

| Note: 1-4 VDW scale factors are being read from the topology file.
| Duplicated    0 dihedrals

| Duplicated    0 dihedrals

--------------------------------------------------------------------------------
   1.  RESOURCE   USE: 
--------------------------------------------------------------------------------

 getting new box info from bottom of inpcrd
 NATOM  =   30554 NTYPES =      17 NBONH =   29246 MBONA  =    1324
 NTHETH =    2991 MTHETA =    1781 NPHIH =    6074 MPHIA  =    5537
 NHPARM =       0 NPARM  =       0 NNB   =   51648 NRES   =    9475
 NBONA  =    1324 NTHETA =    1781 NPHIA =    5537 NUMBND =      69
 NUMANG =     153 NPTRA  =     180 NATYP =      38 NPHB   =       1
 IFBOX  =       1 NMXRS  =      24 IFCAP =       0 NEXTRA =       0
 NCOPY  =       0

| Coordinate Index Table dimensions:    13   14   16
| Direct force subcell size =     5.2712    5.2028    5.0854

     BOX TYPE: RECTILINEAR

--------------------------------------------------------------------------------
   2.  CONTROL  DATA  FOR  THE  RUN
--------------------------------------------------------------------------------

default_name                                                                    

General flags:
     imin    =       0, nmropt  =       1

Nature and format of input:
     ntx     =       1, irest   =       0, ntrx    =       1

Nature and format of output:
     ntxo    =       2, ntpr    =    1000, ntrx    =       1, ntwr    =    5000
     iwrap   =       1, ntwx    =    1000, ntwv    =       0, ntwe    =    1000
     ioutfm  =       1, ntwprt  =       0, idecomp =       0, rbornstat=      0

Potential function:
     ntf     =       1, ntb     =       1, igb     =       0, nsnb    =      25
     ipol    =       0, gbsa    =       0, iesp    =       0
     dielc   =   1.00000, cut     =   8.00000, intdiel =   1.00000

Frozen or restrained atoms:
     ibelly  =       0, ntr     =       1
     restraint_wt =   5.00000

Molecular dynamics:
     nstlim  =     10000, nscm    =         0, nrespa  =         1
     t       =   0.00000, dt      =   0.00200, vlimit  =  20.00000

Berendsen (weak-coupling) temperature regulation:
     temp0   = 300.00000, tempi   =  50.00000, tautp   =   1.00000

SHAKE:
     ntc     =       2, jfastw  =       0
     tol     =   0.00001

NMR refinement options:
     iscale  =       0, noeskp  =       1, ipnlty  =       1, mxsub   =       1
     scalm   = 100.00000, pencut  =   0.10000, tausw   =   0.10000

Free energy options:
     icfe    =       1, ifsc    =       0, klambda =       1
     clambda =  0.3000, scalpha =  0.5000, scbeta  = 12.0000
     sceeorder =       2
     dynlmb =  0.0000 logdvdl =       0

| Intermolecular bonds treatment:
|     no_intermolecular_bonds =       1

| Energy averages sample interval:
|     ene_avg_sampling =    1000

Ewald parameters:
     verbose =       0, ew_type =       0, nbflag  =       1, use_pme =       1
     vdwmeth =       1, eedmeth =       1, netfrc  =       1
     Box X =   68.526   Box Y =   72.839   Box Z =   81.366
     Alpha =   90.000   Beta  =   90.000   Gamma =   90.000
     NFFT1 =   72       NFFT2 =   75       NFFT3 =   90
     Cutoff=    8.000   Tol   =0.100E-04
     Ewald Coefficient =  0.34864
     Interpolation order =    4

| PMEMD ewald parallel performance parameters:
|     block_fft =    0
|     fft_blk_y_divisor =    2
|     excl_recip =    0
|     excl_master =    0
|     atm_redist_freq =  320

    LOADING THE CONSTRAINED ATOMS AS GROUPS


   5.  REFERENCE ATOM COORDINATES

  default_name                                                                    
     Mask !:WAT & !@H=; matches  1308 atoms
     TI Mask 1 :1; matches     13 atoms
     TI Mask 2 :2; matches     13 atoms
     TI region 1:   30541 atoms
     TI region 2:   30541 atoms
Removing charge of      -0.5539 from atom      12
Removing charge of       0.3791 from atom      13
Total charge of  -0.17486000 removed from       2 atoms
     Checking for mismatched coordinates.

--------------------------------------------------------------------------------
   3.  ATOMIC COORDINATES AND VELOCITIES
--------------------------------------------------------------------------------

default_name                                                                    
 begin time read from input coords =     0.000 ps



           Begin reading energy term weight changes/NMR restraints
 WEIGHT CHANGES:
 TEMP0         0   8000   50.000000  300.000000      0      0

 RESTRAINTS:
                          ** No restraint defined **

                  Done reading weight changes/NMR restraints


 
 Number of triangulated 3-point waters found:     9307

     Sum of charges for TI region  1 =   0.17526093
     Assuming uniform neutralizing plasma


     Sum of charges for TI region  2 =   0.00040093
     Forcing neutrality...

| Dynamic Memory, Types Used:
| Reals             1929170
| Integers          1696152

| Nonbonded Pairs Initial Allocation:     1741578

| Running AMBER/MPI version on    4 MPI task

 
--------------------------------------------------------------------------------
   4.  RESULTS
--------------------------------------------------------------------------------

 ---------------------------------------------------
 APPROXIMATING switch and d/dx switch using CUBIC SPLINE INTERPOLATION
 using   5000.0 points per unit in tabled values
 TESTING RELATIVE ERROR over r ranging from 0.0 to cutoff
| CHECK switch(x): max rel err =   0.2738E-14   at   2.422500
| CHECK d/dx switch(x): max rel err =   0.8332E-11   at   2.782960
 ---------------------------------------------------
|---------------------------------------------------
| APPROXIMATING direct energy using CUBIC SPLINE INTERPOLATION
|  with   50.0 points per unit in tabled values
| Relative Error Limit not exceeded for r .gt.   2.47
| APPROXIMATING direct force using CUBIC SPLINE INTERPOLATION
|  with   50.0 points per unit in tabled values
| Relative Error Limit not exceeded for r .gt.   2.89
|---------------------------------------------------

| TI region  1


 NSTEP =        0   TIME(PS) =       0.000  TEMP(K) =    73.28  PRESS =     0.0
 Etot   =    -81453.1050  EKtot   =      4542.4218  EPtot      =    -85995.5268
 BOND   =       394.1853  ANGLE   =      1084.4836  DIHED      =      2037.1346
 1-4 NB =       613.1242  1-4 EEL =      5996.7477  VDWAALS    =     11024.3192
 EELEC  =   -107145.5214  EHBOND  =         0.0000  RESTRAINT  =         0.0000
 DV/DL  =       -33.9324
 Ewald error estimate:   0.4265E-04
 ------------------------------------------------------------------------------


| TI region  2


 NSTEP =        0   TIME(PS) =       0.000  TEMP(K) =    73.28  PRESS =     0.0
 Etot   =    -81453.1050  EKtot   =      4542.4218  EPtot      =    -85995.5268
 BOND   =       394.1853  ANGLE   =      1084.4836  DIHED      =      2037.1346
 1-4 NB =       613.1242  1-4 EEL =      5996.7477  VDWAALS    =     11024.3192
 EELEC  =   -107145.5214  EHBOND  =         0.0000  RESTRAINT  =         0.0000
 DV/DL  =       -33.9324
 Ewald error estimate:   0.4265E-04
 ------------------------------------------------------------------------------

 NMR restraints: Bond =    0.000   Angle =     0.000   Torsion =     0.000
===============================================================================

| TI region  1


 NSTEP =     1000   TIME(PS) =       2.000  TEMP(K) =   147.81  PRESS =     0.0
 Etot   =    -96384.7491  EKtot   =      9161.8825  EPtot      =   -105546.6316
 BOND   =       206.6798  ANGLE   =       514.0978  DIHED      =      1885.5181
 1-4 NB =       572.5285  1-4 EEL =      5962.5221  VDWAALS    =     16908.4731
 EELEC  =   -131743.8650  EHBOND  =         0.0000  RESTRAINT  =       147.4140
 EAMBER (non-restraint)  =   -105694.0456
 DV/DL  =       -32.0905
 Ewald error estimate:   0.1726E-03
 ------------------------------------------------------------------------------


| TI region  2


 NSTEP =     1000   TIME(PS) =       2.000  TEMP(K) =   147.81  PRESS =     0.0
 Etot   =    -96384.7491  EKtot   =      9161.8825  EPtot      =   -105546.6316
 BOND   =       206.6798  ANGLE   =       514.0978  DIHED      =      1885.5181
 1-4 NB =       572.5285  1-4 EEL =      5962.5221  VDWAALS    =     16908.4731
 EELEC  =   -131743.8650  EHBOND  =         0.0000  RESTRAINT  =       147.4140
 EAMBER (non-restraint)  =   -105694.0456
 DV/DL  =       -32.0905
 Ewald error estimate:   0.1726E-03
 ------------------------------------------------------------------------------

 NMR restraints: Bond =    0.000   Angle =     0.000   Torsion =     0.000
===============================================================================

| TI region  1


 NSTEP =     2000   TIME(PS) =       4.000  TEMP(K) =   124.69  PRESS =     0.0
 Etot   =   -100792.4456  EKtot   =      7728.4654  EPtot      =   -108520.9110
 BOND   =       165.2892  ANGLE   =       479.8825  DIHED      =      1862.6061
 1-4 NB =       565.9074  1-4 EEL =      5985.4622  VDWAALS    =     17691.0609
 EELEC  =   -135410.9197  EHBOND  =         0.0000  RESTRAINT  =       139.8003
 EAMBER (non-restraint)  =   -108660.7114
 DV/DL  =       -31.6146
 Ewald error estimate:   0.1823E-03
 ------------------------------------------------------------------------------


| TI region  2


 NSTEP =     2000   TIME(PS) =       4.000  TEMP(K) =   124.69  PRESS =     0.0
 Etot   =   -100792.4456  EKtot   =      7728.4654  EPtot      =   -108520.9110
 BOND   =       165.2892  ANGLE   =       479.8825  DIHED      =      1862.6061
 1-4 NB =       565.9074  1-4 EEL =      5985.4622  VDWAALS    =     17691.0609
 EELEC  =   -135410.9197  EHBOND  =         0.0000  RESTRAINT  =       139.8003
 EAMBER (non-restraint)  =   -108660.7114
 DV/DL  =       -31.6146
 Ewald error estimate:   0.1823E-03
 ------------------------------------------------------------------------------

 NMR restraints: Bond =    0.000   Angle =     0.000   Torsion =     0.000
===============================================================================

| TI region  1


 NSTEP =     3000   TIME(PS) =       6.000  TEMP(K) =   130.04  PRESS =     0.0
 Etot   =   -100466.3907  EKtot   =      8060.3695  EPtot      =   -108526.7602
 BOND   =       185.4812  ANGLE   =       508.5963  DIHED      =      1854.7466
 1-4 NB =       569.0623  1-4 EEL =      5963.9628  VDWAALS    =     17847.2702
 EELEC  =   -135593.2174  EHBOND  =         0.0000  RESTRAINT  =       137.3377
 EAMBER (non-restraint)  =   -108664.0979
 DV/DL  =       -32.3798
 Ewald error estimate:   0.2589E-03
 ------------------------------------------------------------------------------


| TI region  2


 NSTEP =     3000   TIME(PS) =       6.000  TEMP(K) =   130.04  PRESS =     0.0
 Etot   =   -100466.3907  EKtot   =      8060.3695  EPtot      =   -108526.7602
 BOND   =       185.4812  ANGLE   =       508.5963  DIHED      =      1854.7466
 1-4 NB =       569.0623  1-4 EEL =      5963.9628  VDWAALS    =     17847.2702
 EELEC  =   -135593.2174  EHBOND  =         0.0000  RESTRAINT  =       137.3377
 EAMBER (non-restraint)  =   -108664.0979
 DV/DL  =       -32.3798
 Ewald error estimate:   0.2589E-03
 ------------------------------------------------------------------------------

 NMR restraints: Bond =    0.000   Angle =     0.000   Torsion =     0.000
===============================================================================

| TI region  1


 NSTEP =     4000   TIME(PS) =       8.000  TEMP(K) =   150.36  PRESS =     0.0
 Etot   =    -97973.6552  EKtot   =      9320.0489  EPtot      =   -107293.7042
 BOND   =       202.7929  ANGLE   =       567.9543  DIHED      =      1895.9322
 1-4 NB =       566.5000  1-4 EEL =      5952.3221  VDWAALS    =     17326.2382
 EELEC  =   -133962.3260  EHBOND  =         0.0000  RESTRAINT  =       156.8821
 EAMBER (non-restraint)  =   -107450.5863
 DV/DL  =       -30.8241
 Ewald error estimate:   0.2166E-03
 ------------------------------------------------------------------------------


| TI region  2


 NSTEP =     4000   TIME(PS) =       8.000  TEMP(K) =   150.36  PRESS =     0.0
 Etot   =    -97973.6552  EKtot   =      9320.0489  EPtot      =   -107293.7042
 BOND   =       202.7929  ANGLE   =       567.9543  DIHED      =      1895.9322
 1-4 NB =       566.5000  1-4 EEL =      5952.3221  VDWAALS    =     17326.2382
 EELEC  =   -133962.3260  EHBOND  =         0.0000  RESTRAINT  =       156.8821
 EAMBER (non-restraint)  =   -107450.5863
 DV/DL  =       -30.8241
 Ewald error estimate:   0.2166E-03
 ------------------------------------------------------------------------------

 NMR restraints: Bond =    0.000   Angle =     0.000   Torsion =     0.000
===============================================================================

| TI region  1


 NSTEP =     5000   TIME(PS) =      10.000  TEMP(K) =   174.78  PRESS =     0.0
 Etot   =    -94426.1644  EKtot   =     10833.3992  EPtot      =   -105259.5636
 BOND   =       245.8744  ANGLE   =       627.6233  DIHED      =      1915.1320
 1-4 NB =       579.3599  1-4 EEL =      5980.0048  VDWAALS    =     16524.0631
 EELEC  =   -131312.3159  EHBOND  =         0.0000  RESTRAINT  =       180.6948
 EAMBER (non-restraint)  =   -105440.2583
 DV/DL  =       -31.2007
 Ewald error estimate:   0.1952E-03
 ------------------------------------------------------------------------------


| TI region  2


 NSTEP =     5000   TIME(PS) =      10.000  TEMP(K) =   174.78  PRESS =     0.0
 Etot   =    -94426.1644  EKtot   =     10833.3992  EPtot      =   -105259.5636
 BOND   =       245.8744  ANGLE   =       627.6233  DIHED      =      1915.1320
 1-4 NB =       579.3599  1-4 EEL =      5980.0048  VDWAALS    =     16524.0631
 EELEC  =   -131312.3159  EHBOND  =         0.0000  RESTRAINT  =       180.6948
 EAMBER (non-restraint)  =   -105440.2583
 DV/DL  =       -31.2007
 Ewald error estimate:   0.1952E-03
 ------------------------------------------------------------------------------

 NMR restraints: Bond =    0.000   Angle =     0.000   Torsion =     0.000
===============================================================================

| TI region  1


 NSTEP =     6000   TIME(PS) =      12.000  TEMP(K) =   202.71  PRESS =     0.0
 Etot   =    -90270.0669  EKtot   =     12564.9130  EPtot      =   -102834.9799
 BOND   =       303.4975  ANGLE   =       744.7275  DIHED      =      1947.1093
 1-4 NB =       591.3283  1-4 EEL =      5943.1458  VDWAALS    =     15798.9563
 EELEC  =   -128354.4056  EHBOND  =         0.0000  RESTRAINT  =       190.6610
 EAMBER (non-restraint)  =   -103025.6409
 DV/DL  =       -32.7984
 Ewald error estimate:   0.1612E-03
 ------------------------------------------------------------------------------


| TI region  2


 NSTEP =     6000   TIME(PS) =      12.000  TEMP(K) =   202.71  PRESS =     0.0
 Etot   =    -90270.0669  EKtot   =     12564.9130  EPtot      =   -102834.9799
 BOND   =       303.4975  ANGLE   =       744.7275  DIHED      =      1947.1093
 1-4 NB =       591.3283  1-4 EEL =      5943.1458  VDWAALS    =     15798.9563
 EELEC  =   -128354.4056  EHBOND  =         0.0000  RESTRAINT  =       190.6610
 EAMBER (non-restraint)  =   -103025.6409
 DV/DL  =       -32.7984
 Ewald error estimate:   0.1612E-03
 ------------------------------------------------------------------------------

 NMR restraints: Bond =    0.000   Angle =     0.000   Torsion =     0.000
===============================================================================

| TI region  1


 NSTEP =     7000   TIME(PS) =      14.000  TEMP(K) =   231.36  PRESS =     0.0
 Etot   =    -85577.6007  EKtot   =     14340.4766  EPtot      =    -99918.0774
 BOND   =       353.7063  ANGLE   =       830.0733  DIHED      =      1962.8086
 1-4 NB =       593.7366  1-4 EEL =      5968.1103  VDWAALS    =     14744.8712
 EELEC  =   -124587.3362  EHBOND  =         0.0000  RESTRAINT  =       215.9525
 EAMBER (non-restraint)  =   -100134.0299
 DV/DL  =       -31.6113
 Ewald error estimate:   0.5992E-04
 ------------------------------------------------------------------------------


| TI region  2


 NSTEP =     7000   TIME(PS) =      14.000  TEMP(K) =   231.36  PRESS =     0.0
 Etot   =    -85577.6007  EKtot   =     14340.4766  EPtot      =    -99918.0774
 BOND   =       353.7063  ANGLE   =       830.0733  DIHED      =      1962.8086
 1-4 NB =       593.7366  1-4 EEL =      5968.1103  VDWAALS    =     14744.8712
 EELEC  =   -124587.3362  EHBOND  =         0.0000  RESTRAINT  =       215.9525
 EAMBER (non-restraint)  =   -100134.0299
 DV/DL  =       -31.6113
 Ewald error estimate:   0.5992E-04
 ------------------------------------------------------------------------------

 NMR restraints: Bond =    0.000   Angle =     0.000   Torsion =     0.000
===============================================================================

| TI region  1


 NSTEP =     8000   TIME(PS) =      16.000  TEMP(K) =   256.83  PRESS =     0.0
 Etot   =    -80423.0429  EKtot   =     15919.4441  EPtot      =    -96342.4870
 BOND   =       378.0178  ANGLE   =       977.9343  DIHED      =      1990.9202
 1-4 NB =       606.3758  1-4 EEL =      5931.9331  VDWAALS    =     13354.4747
 EELEC  =   -119804.1291  EHBOND  =         0.0000  RESTRAINT  =       221.9861
 EAMBER (non-restraint)  =    -96564.4731
 DV/DL  =       -32.2960
 Ewald error estimate:   0.7154E-04
 ------------------------------------------------------------------------------


| TI region  2


 NSTEP =     8000   TIME(PS) =      16.000  TEMP(K) =   256.83  PRESS =     0.0
 Etot   =    -80423.0429  EKtot   =     15919.4441  EPtot      =    -96342.4870
 BOND   =       378.0178  ANGLE   =       977.9343  DIHED      =      1990.9202
 1-4 NB =       606.3758  1-4 EEL =      5931.9331  VDWAALS    =     13354.4747
 EELEC  =   -119804.1291  EHBOND  =         0.0000  RESTRAINT  =       221.9861
 EAMBER (non-restraint)  =    -96564.4731
 DV/DL  =       -32.2960
 Ewald error estimate:   0.7154E-04
 ------------------------------------------------------------------------------

 NMR restraints: Bond =    0.000   Angle =     0.000   Torsion =     0.000
===============================================================================

| TI region  1


 NSTEP =     9000   TIME(PS) =      18.000  TEMP(K) =   276.18  PRESS =     0.0
 Etot   =    -76375.1039  EKtot   =     17118.5594  EPtot      =    -93493.6632
 BOND   =       423.2495  ANGLE   =      1062.6536  DIHED      =      2012.6074
 1-4 NB =       609.8660  1-4 EEL =      5987.8856  VDWAALS    =     12457.0410
 EELEC  =   -116276.4476  EHBOND  =         0.0000  RESTRAINT  =       229.4813
 EAMBER (non-restraint)  =    -93723.1446
 DV/DL  =       -32.0542
 Ewald error estimate:   0.2752E-04
 ------------------------------------------------------------------------------


| TI region  2


 NSTEP =     9000   TIME(PS) =      18.000  TEMP(K) =   276.18  PRESS =     0.0
 Etot   =    -76375.1039  EKtot   =     17118.5594  EPtot      =    -93493.6632
 BOND   =       423.2495  ANGLE   =      1062.6536  DIHED      =      2012.6074
 1-4 NB =       609.8660  1-4 EEL =      5987.8856  VDWAALS    =     12457.0410
 EELEC  =   -116276.4476  EHBOND  =         0.0000  RESTRAINT  =       229.4813
 EAMBER (non-restraint)  =    -93723.1446
 DV/DL  =       -32.0542
 Ewald error estimate:   0.2752E-04
 ------------------------------------------------------------------------------

 NMR restraints: Bond =    0.000   Angle =     0.000   Torsion =     0.000
===============================================================================

| TI region  1


 NSTEP =    10000   TIME(PS) =      20.000  TEMP(K) =   288.03  PRESS =     0.0
 Etot   =    -74150.0056  EKtot   =     17853.1083  EPtot      =    -92003.1140
 BOND   =       452.5356  ANGLE   =      1088.7975  DIHED      =      2008.2799
 1-4 NB =       604.2900  1-4 EEL =      5981.2304  VDWAALS    =     11861.2044
 EELEC  =   -114247.4583  EHBOND  =         0.0000  RESTRAINT  =       248.0065
 EAMBER (non-restraint)  =    -92251.1205
 DV/DL  =       -32.7841
 Ewald error estimate:   0.2268E-04
 ------------------------------------------------------------------------------


| TI region  2


 NSTEP =    10000   TIME(PS) =      20.000  TEMP(K) =   288.03  PRESS =     0.0
 Etot   =    -74150.0056  EKtot   =     17853.1083  EPtot      =    -92003.1140
 BOND   =       452.5356  ANGLE   =      1088.7975  DIHED      =      2008.2799
 1-4 NB =       604.2900  1-4 EEL =      5981.2304  VDWAALS    =     11861.2044
 EELEC  =   -114247.4583  EHBOND  =         0.0000  RESTRAINT  =       248.0065
 EAMBER (non-restraint)  =    -92251.1205
 DV/DL  =       -32.7841
 Ewald error estimate:   0.2268E-04
 ------------------------------------------------------------------------------

 NMR restraints: Bond =    0.000   Angle =     0.000   Torsion =     0.000
===============================================================================

| TI region  1


      A V E R A G E S   O V E R      10 S T E P S


 NSTEP =    10000   TIME(PS) =      20.000  TEMP(K) =   198.28  PRESS =     0.0
 Etot   =    -89683.9225  EKtot   =     12290.0667  EPtot      =   -101973.9892
 BOND   =       291.7124  ANGLE   =       740.2340  DIHED      =      1933.5661
 1-4 NB =       585.8955  1-4 EEL =      5965.6579  VDWAALS    =     15451.3653
 EELEC  =   -127129.2421  EHBOND  =         0.0000  RESTRAINT  =       186.8216
 EAMBER (non-restraint)  =   -102160.8108
 DV/DL  =       -31.9654
 Ewald error estimate:   0.1368E-03
 ------------------------------------------------------------------------------

 NMR restraints: Bond =    0.000   Angle =     0.000   Torsion =     0.000
===============================================================================

      R M S  F L U C T U A T I O N S


 NSTEP =    10000   TIME(PS) =      20.000  TEMP(K) =    58.42  PRESS =     0.0
 Etot   =      9471.8904  EKtot   =      3621.3374  EPtot      =      5879.4159
 BOND   =        99.5505  ANGLE   =       224.7180  DIHED      =        56.0984
 1-4 NB =        16.4433  1-4 EEL =        17.8195  VDWAALS    =      2107.5513
 EELEC  =      7556.7986  EHBOND  =         0.0000  RESTRAINT  =        38.4836
 EAMBER (non-restraint)  =      5840.9323
 DV/DL  =         0.6168
 Ewald error estimate:   0.7985E-04
 ------------------------------------------------------------------------------


| TI region  2


      A V E R A G E S   O V E R      10 S T E P S


 NSTEP =    10000   TIME(PS) =      20.000  TEMP(K) =   198.28  PRESS =     0.0
 Etot   =    -89683.9225  EKtot   =     12290.0667  EPtot      =   -101973.9892
 BOND   =       291.7124  ANGLE   =       740.2340  DIHED      =      1933.5661
 1-4 NB =       585.8955  1-4 EEL =      5965.6579  VDWAALS    =     15451.3653
 EELEC  =   -127129.2421  EHBOND  =         0.0000  RESTRAINT  =       186.8216
 EAMBER (non-restraint)  =   -102160.8108
 DV/DL  =       -31.9654
 Ewald error estimate:   0.1368E-03
 ------------------------------------------------------------------------------

 NMR restraints: Bond =    0.000   Angle =     0.000   Torsion =     0.000
===============================================================================

      R M S  F L U C T U A T I O N S


 NSTEP =    10000   TIME(PS) =      20.000  TEMP(K) =    58.42  PRESS =     0.0
 Etot   =      9471.8904  EKtot   =      3621.3374  EPtot      =      5879.4159
 BOND   =        99.5505  ANGLE   =       224.7180  DIHED      =        56.0984
 1-4 NB =        16.4433  1-4 EEL =        17.8195  VDWAALS    =      2107.5513
 EELEC  =      7556.7986  EHBOND  =         0.0000  RESTRAINT  =        38.4836
 EAMBER (non-restraint)  =      5840.9323
 DV/DL  =         0.6168
 Ewald error estimate:   0.7985E-04
 ------------------------------------------------------------------------------


      DV/DL, AVERAGES OVER      10 STEPS


 NSTEP =    10000   TIME(PS) =      20.000  TEMP(K) =    58.42  PRESS =     0.0
 Etot   =         0.0000  EKtot   =         0.0000  EPtot      =       -31.9654
 BOND   =        -0.0000  ANGLE   =         0.0000  DIHED      =         0.0000
 1-4 NB =        -0.0000  1-4 EEL =       -38.9155  VDWAALS    =         0.0000
 EELEC  =         6.9501  EHBOND  =         0.0000  RESTRAINT  =        -0.0000
 EAMBER (non-restraint)  =       -31.9654
 DV/DL  =       -31.9654
 Ewald error estimate:   0.0000E+00
 ------------------------------------------------------------------------------


 NMR restraints on final step:

--------------------------------------------------------------------------------
   5.  TIMINGS
--------------------------------------------------------------------------------

|  NonSetup CPU Time in Major Routines, Average for All Tasks:
|
|     Routine           Sec        %
|     ------------------------------
|     DataDistrib      30.23    4.10
|     Nonbond         672.11   91.09
|     Bond              2.71    0.37
|     Angle             1.69    0.23
|     Dihedral          9.73    1.32
|     Shake             4.12    0.56
|     RunMD            17.08    2.31
|     Other             0.18    0.02
|     ------------------------------
|     Total           737.85

|  PME Nonbond Pairlist CPU Time, Average for All Tasks:
|
|     Routine              Sec        %
|     ---------------------------------
|     Set Up Cit           1.35    0.18
|     Build List          41.99    5.69
|     ---------------------------------
|     Total               43.33    5.87

|  PME Direct Force CPU Time, Average for All Tasks:
|
|     Routine              Sec        %
|     ---------------------------------
|     NonBonded Calc     243.98   33.07
|     Exclude Masked      13.75    1.86
|     Other               31.06    4.21
|     ---------------------------------
|     Total              288.79   39.14

|  PME Reciprocal Force CPU Time, Average for All Tasks:
|
|     Routine              Sec        %
|     ---------------------------------
|     1D bspline          27.28    3.70
|     Grid Charges        40.91    5.54
|     Scalar Sum           6.70    0.91
|     Gradient Sum        49.66    6.73
|     FFT                215.40   29.19
|     ---------------------------------
|     Total              339.94   46.07

|  PME Load Balancing CPU Time, Average for All Tasks:
|
|     Routine                 Sec        %
|     ------------------------------------
|     Atom Reassign           0.01    0.00
|     Image Reassign          0.01    0.00
|     FFT Reassign            0.00    0.00
|     ------------------------------------
|     Total                   0.01    0.00

|  Final Performance Info:
|     -----------------------------------------------------
|     Average timings for last       1 steps:
|     Elapsed(s) =       0.00 Per Step(ms) =       0.57
|         ns/day =     303.64   seconds/ns =     284.55
|
|     Average timings for all steps:
|     Elapsed(s) =     740.31 Per Step(ms) =      74.03
|         ns/day =       2.33   seconds/ns =   37015.48
|     -----------------------------------------------------

|  Master Setup CPU time:            0.34 seconds
|  Master NonSetup CPU time:       738.69 seconds
|  Master Total CPU time:          739.03 seconds     0.21 hours

|  Master Setup wall time:           0    seconds
|  Master NonSetup wall time:      740    seconds
|  Master Total wall time:         740    seconds     0.21 hours
