
Static FFT Slab Distribution:

  FFT slabs assigned to    4 tasks
  Maximum of   23 xy slabs per task
  Maximum of   19 zx slabs per task
  Count of FFT xy slabs assigned to each task:
      22  22  23  23
  Count of FFT xz slabs assigned to each task:
      19  19  19  18

Atom Distribution No.     2 at run step    4638:

  Count of atoms assigned to each task:
         6592     8598     9032     6332

Atom Distribution No.     3 at run step    8250:

  Count of atoms assigned to each task:
         6749     8462     8613     6730

Major Routine Parallel Profiling - NonSetup CPU Seconds:

           D                                                              
           a                                                              
           t                                                              
           a                              D                               
           D         N                    i                               
           i         o                    h                               
           s         n             A      e      S      R      O         T
   T       t         B      B      n      d      h      u      t         o
   a       r         o      o      g      r      a      n      h         t
   s       i         n      n      l      a      k      M      e         a
   k       b         d      d      e      l      e      D      r         l
------------------------------------------------------------------------------
   0    35.5     661.7    2.4    2.7   15.4    3.9   17.1    0.1     738.7
   1    24.6     686.5    2.7    0.3    1.6    4.2   17.3    0.1     737.3
   2    26.1     683.0    3.1    0.7    4.0    4.6   16.8    0.4     738.7
   3    34.7     657.3    2.7    3.1   18.0    3.7   17.2    0.1     736.8
------------------------------------------------------------------------------
 avg    30.2     672.1    2.7    1.7    9.7    4.1   17.1    0.2     737.9
 min    24.6     657.3    2.4    0.3    1.6    3.7   16.8    0.1     736.8
 max    35.5     686.5    3.1    3.1   18.0    4.6   17.3    0.4     738.7
 std     4.9      12.8    0.3    1.2    7.1    0.3    0.2    0.2       0.9
------------------------------------------------------------------------------

PME NonBond Parallel Profiling - NonSetup CPU Seconds:

                     D                           
           P         i         R                 
           a         r         e      L          
           i         e         c      o          
           r         c         i      a         T
   T       l         t         p      d         o
   a       i         F         F      B         t
   s       s         r         r      a         a
   k       t         c         c      l         l
-------------------------------------------------
   0    39.3     279.2     343.1    0.0     661.6
   1    48.4     309.2     328.8    0.0     686.5
   2    46.1     299.1     337.7    0.0     682.9
   3    39.4     267.6     350.2    0.0     657.3
-------------------------------------------------
 avg    43.3     288.8     339.9    0.0     672.1
-------------------------------------------------
