
Static FFT Slab Distribution:

  FFT slabs assigned to    4 tasks
  Maximum of   19 xy slabs per task
  Maximum of   18 zx slabs per task
  Count of FFT xy slabs assigned to each task:
      18  19  19  19
  Count of FFT xz slabs assigned to each task:
      18  18  18  18

Atom Distribution No.     2 at run step    5091:

  Count of atoms assigned to each task:
         7071     8393     8317     6772

Atom Distribution No.     3 at run step    8661:

  Count of atoms assigned to each task:
         7208     8321     8186     6838

Major Routine Parallel Profiling - NonSetup CPU Seconds:

           D                                                              
           a                                                              
           t                                                              
           a                              D                               
           D         N                    i                               
           i         o                    h                               
           s         n             A      e      S      R      O         T
   T       t         B      B      n      d      h      u      t         o
   a       r         o      o      g      r      a      n      h         t
   s       i         n      n      l      a      k      M      e         a
   k       b         d      d      e      l      e      D      r         l
------------------------------------------------------------------------------
   0    24.5     412.8    1.5    2.3   12.9    3.7    5.8    0.0     463.5
   1    13.9     435.3    2.0    0.2    1.1    4.1    6.8    0.0     463.5
   2    15.5     432.0    2.1    0.5    2.1    4.0    7.0    0.0     463.3
   3    23.7     410.2    1.7    3.0   15.4    3.6    6.0    0.0     463.6
------------------------------------------------------------------------------
 avg    19.4     422.6    1.9    1.5    7.9    3.8    6.4    0.0     463.5
 min    13.9     410.2    1.5    0.2    1.1    3.6    5.8    0.0     463.3
 max    24.5     435.3    2.1    3.0   15.4    4.1    7.0    0.0     463.6
 std     4.8      11.2    0.2    1.2    6.3    0.2    0.5    0.0       0.1
------------------------------------------------------------------------------

PME NonBond Parallel Profiling - NonSetup CPU Seconds:

                     D                           
           P         i         R                 
           a         r         e      L          
           i         e         c      o          
           r         c         i      a         T
   T       l         t         p      d         o
   a       i         F         F      B         t
   s       s         r         r      a         a
   k       t         c         c      l         l
-------------------------------------------------
   0    32.9     219.7     160.1    0.0     412.8
   1    40.3     245.3     149.7    0.0     435.3
   2    39.3     241.0     151.6    0.0     432.0
   3    32.7     215.1     162.3    0.0     410.2
-------------------------------------------------
 avg    36.3     230.3     155.9    0.0     422.6
-------------------------------------------------
