            --------------------------------------------------------
                             AMBER SQM VERSION 17
 
                                     By
              Ross C. Walker, Michael F. Crowley, Scott Brozell,
                         Tim Giese, Andreas W. Goetz,
                        Tai-Sung Lee and David A. Case
 
            --------------------------------------------------------
 

--------------------------------------------------------------------------------
  QM CALCULATION INFO
--------------------------------------------------------------------------------

| QMMM: Citation for AMBER QMMM Run:
| QMMM: R.C. Walker, M.F. Crowley and D.A. Case, J. COMP. CHEM. 29:1019, 2008

QMMM: SINGLET STATE CALCULATION
QMMM: RHF CALCULATION, NO. OF DOUBLY OCCUPIED LEVELS = 15

| QMMM: *** Selected Hamiltonian *** 
| QMMM: AM1         

| QMMM: *** Parameter sets in use ***
| QMMM: C : M.J.S.DEWAR et al. JACS, 107, 3902, (1985)
| QMMM: H : M.J.S.DEWAR et al. JACS, 107, 3902, (1985)

| QMMM: *** SCF convergence criteria ***
| QMMM: Energy change                :  0.1D-07 kcal/mol
| QMMM: Error matrix |FP-PF|         :  0.1D+00 au
| QMMM: Density matrix change        :  0.5D-05
| QMMM: Maximum number of SCF cycles :     1000

| QMMM: *** Diagonalization Routine Information ***
| QMMM: Pseudo diagonalizations are allowed.
| QMMM: Auto diagonalization routine selection is in use.
| QMMM:
| QMMM: Timing diagonalization routines:
| QMMM:                              norbs =       30
| QMMM:    diag iterations used for timing =       20
| QMMM:
| QMMM:              Internal diag routine = 0.001733 seconds
| QMMM:                 Dspev diag routine = 0.002794 seconds
| QMMM:                Dspevd diag routine = 0.002568 seconds
| QMMM:                Dspevx diag routine = 0.009542 seconds
| QMMM:                 Dsyev diag routine = 0.002342 seconds
| QMMM:                Dsyevd diag routine = 0.002155 seconds
| QMMM:                Dsyevr diag routine = 0.002459 seconds
| QMMM:
| QMMM:                Pseudo diag routine = 0.000405 seconds
| QMMM:
| QMMM: Using internal diagonalization routine (diag_routine=1).

  QMMM: QM Region Cartesian Coordinates (*=link atom) 
  QMMM: QM_NO.   MM_NO.  ATOM         X         Y         Z
  QMMM:     1        1      C       26.5020    6.3868    5.4421
  QMMM:     2        2      C       27.4227    7.1827    4.8511
  QMMM:     3        3      C       25.9899    5.3308    4.7694
  QMMM:     4        4      C       27.8325    6.9216    3.5884
  QMMM:     5        5      C       26.3995    5.0702    3.5066
  QMMM:     6        6      C       27.3214    5.8649    2.9163
  QMMM:     7        7      H       27.8343    8.0326    5.3918
  QMMM:     8        8      H       25.2488    4.6909    5.2441
  QMMM:     9        9      H       28.5735    7.5616    3.1136
  QMMM:    10       10      H       25.9876    4.2205    2.9658
  QMMM:    11       11      H       27.6509    5.6548    1.9007
  QMMM:    12       12      H       26.1729    6.5966    6.4579

--------------------------------------------------------------------------------
  RESULTS
--------------------------------------------------------------------------------

      iter         sqm energy              rms gradient
      ----    -------------------    -----------------------
xmin    10       21.9332 kcal/mol        0.0270 kcal/(mol*A)
  ... geometry converged !
 
 Final MO eigenvalues (eV):
 -39.1465  -31.3701  -31.3699  -23.0602  -23.0601  -17.8556  -16.1226  -15.4003
 -14.1608  -14.1607  -13.3812  -11.8881  -11.8881   -9.6529   -9.6529    0.5547
   0.5547    2.9778    4.0359    4.0360    4.0476    4.1928    4.5985    4.5986
   5.1230    5.1230    5.6120    5.6120    5.7290    6.1333

 Heat of formation   =         21.93322384 kcal/mol  (        0.95109596 eV)

 Total SCF energy    =     -19609.69494705 kcal/mol  (     -850.34018243 eV)
 Electronic energy   =     -75026.91598679 kcal/mol  (    -3253.41121316 eV)
 Core-core repulsion =      55417.22103974 kcal/mol  (     2403.07103073 eV)
 
    Atomic Charges for Step       1 :
  Atom    Element       Mulliken Charge
     1      C                 -0.130
     2      C                 -0.130
     3      C                 -0.130
     4      C                 -0.130
     5      C                 -0.130
     6      C                 -0.130
     7      H                  0.130
     8      H                  0.130
     9      H                  0.130
    10      H                  0.130
    11      H                  0.130
    12      H                  0.130
 Total Mulliken Charge =      -0.000
 
                  X        Y        Z     TOTAL  
  QM DIPOLE    -0.000    0.000   -0.000    0.000
 
 Final Structure

  QMMM: QM Region Cartesian Coordinates (*=link atom) 
  QMMM: QM_NO.   MM_NO.  ATOM         X         Y         Z
  QMMM:     1        1      C       26.4891    6.3953    5.4811
  QMMM:     2        2      C       27.4392    7.2156    4.8723
  QMMM:     3        3      C       25.9613    5.3059    4.7878
  QMMM:     4        4      C       27.8614    6.9465    3.5702
  QMMM:     5        5      C       26.3835    5.0367    3.4857
  QMMM:     6        6      C       27.3336    5.8570    2.8769
  QMMM:     7        7      H       27.8552    8.0744    5.4187
  QMMM:     8        8      H       25.2124    4.6592    5.2678
  QMMM:     9        9      H       28.6103    7.5931    3.0903
  QMMM:    10       10      H       25.9674    4.1780    2.9392
  QMMM:    11       11      H       27.6663    5.6449    1.8505
  QMMM:    12       12      H       26.1563    6.6074    6.5075

           --------- Calculation Completed ----------

