            --------------------------------------------------------
                             AMBER SQM VERSION 17
 
                                     By
              Ross C. Walker, Michael F. Crowley, Scott Brozell,
                         Tim Giese, Andreas W. Goetz,
                        Tai-Sung Lee and David A. Case
 
            --------------------------------------------------------
 

--------------------------------------------------------------------------------
  QM CALCULATION INFO
--------------------------------------------------------------------------------

| QMMM: Citation for AMBER QMMM Run:
| QMMM: R.C. Walker, M.F. Crowley and D.A. Case, J. COMP. CHEM. 29:1019, 2008

QMMM: SINGLET STATE CALCULATION
QMMM: RHF CALCULATION, NO. OF DOUBLY OCCUPIED LEVELS = 18

| QMMM: *** Selected Hamiltonian *** 
| QMMM: AM1         

| QMMM: *** Parameter sets in use ***
| QMMM: C : M.J.S.DEWAR et al. JACS, 107, 3902, (1985)
| QMMM: H : M.J.S.DEWAR et al. JACS, 107, 3902, (1985)
| QMMM: O : M.J.S.DEWAR et al. JACS, 107, 3902, (1985)

| QMMM: *** SCF convergence criteria ***
| QMMM: Energy change                :  0.1D-07 kcal/mol
| QMMM: Error matrix |FP-PF|         :  0.1D+00 au
| QMMM: Density matrix change        :  0.5D-05
| QMMM: Maximum number of SCF cycles :     1000

| QMMM: *** Diagonalization Routine Information ***
| QMMM: Pseudo diagonalizations are allowed.
| QMMM: Auto diagonalization routine selection is in use.
| QMMM:
| QMMM: Timing diagonalization routines:
| QMMM:                              norbs =       34
| QMMM:    diag iterations used for timing =       20
| QMMM:
| QMMM:              Internal diag routine = 0.002668 seconds
| QMMM:                 Dspev diag routine = 0.004024 seconds
| QMMM:                Dspevd diag routine = 0.003021 seconds
| QMMM:                Dspevx diag routine = 0.012913 seconds
| QMMM:                 Dsyev diag routine = 0.003734 seconds
| QMMM:                Dsyevd diag routine = 0.003460 seconds
| QMMM:                Dsyevr diag routine = 0.004001 seconds
| QMMM:
| QMMM:                Pseudo diag routine = 0.000648 seconds
| QMMM:
| QMMM: Using internal diagonalization routine (diag_routine=1).

  QMMM: QM Region Cartesian Coordinates (*=link atom) 
  QMMM: QM_NO.   MM_NO.  ATOM         X         Y         Z
  QMMM:     1        1      C       26.5002    6.3879    5.4477
  QMMM:     2        2      C       27.4218    7.1807    4.8499
  QMMM:     3        3      C       25.9917    5.3323    4.7683
  QMMM:     4        4      C       27.8321    6.9205    3.5874
  QMMM:     5        5      C       26.4005    5.0709    3.5057
  QMMM:     6        6      C       27.3217    5.8647    2.9152
  QMMM:     7        7      H       27.8378    8.0327    5.3849
  QMMM:     8        8      H       25.2499    4.6879    5.2371
  QMMM:     9        9      H       28.5731    7.5609    3.1132
  QMMM:    10       10      H       25.9883    4.2210    2.9654
  QMMM:    11       11      H       27.6512    5.6546    1.8996
  QMMM:    12       12      O       26.0950    6.6462    6.6984
  QMMM:    13       13      H       26.5729    7.4360    7.0059

--------------------------------------------------------------------------------
  RESULTS
--------------------------------------------------------------------------------

  ... geometry converged !
 
 Final MO eigenvalues (eV):
 -40.1398  -37.3840  -31.6216  -30.2570  -23.6832  -23.0035  -18.9986  -17.4245
 -16.5458  -15.0469  -15.0333  -14.4060  -14.2720  -12.6449  -12.5055  -11.9405
  -9.8509   -9.1144    0.3978    0.5080    2.8396    3.0255    3.8005    3.8350
   4.0821    4.3064    4.4232    4.7203    5.0368    5.2201    5.4190    5.6120
   5.8361    6.3193

 Heat of formation   =        -22.36225931 kcal/mol  (       -0.96970033 eV)

 Total SCF energy    =     -27003.12046092 kcal/mol  (    -1170.94317076 eV)
 Electronic energy   =    -102762.63904732 kcal/mol  (    -4456.12241652 eV)
 Core-core repulsion =      75759.51858640 kcal/mol  (     3285.17924576 eV)
 
    Atomic Charges for Step       1 :
  Atom    Element       Mulliken Charge
     1      C                  0.078
     2      C                 -0.213
     3      C                 -0.157
     4      C                 -0.092
     5      C                 -0.097
     6      C                 -0.166
     7      H                  0.133
     8      H                  0.150
     9      H                  0.132
    10      H                  0.134
    11      H                  0.133
    12      O                 -0.253
    13      H                  0.217
 Total Mulliken Charge =      -0.000
 
                  X        Y        Z     TOTAL  
  QM DIPOLE     0.838    0.817   -0.386    1.233
 
 Final Structure

  QMMM: QM Region Cartesian Coordinates (*=link atom) 
  QMMM: QM_NO.   MM_NO.  ATOM         X         Y         Z
  QMMM:     1        1      C       26.5083    6.4095    5.4646
  QMMM:     2        2      C       27.4623    7.2339    4.8518
  QMMM:     3        3      C       25.9635    5.3063    4.7856
  QMMM:     4        4      C       27.8709    6.9469    3.5507
  QMMM:     5        5      C       26.3865    5.0403    3.4874
  QMMM:     6        6      C       27.3370    5.8549    2.8684
  QMMM:     7        7      H       27.8811    8.0942    5.3916
  QMMM:     8        8      H       25.2170    4.6753    5.2870
  QMMM:     9        9      H       28.6195    7.5886    3.0626
  QMMM:    10       10      H       25.9665    4.1793    2.9459
  QMMM:    11       11      H       27.6639    5.6343    1.8423
  QMMM:    12       12      O       26.0540    6.6253    6.7462
  QMMM:    13       13      H       26.5057    7.4075    7.0944

           --------- Calculation Completed ----------

