
          -------------------------------------------------------
          Amber 16 PMEMD                              2016
          -------------------------------------------------------

| PMEMD implementation of SANDER, Release 16

| Run on 02/28/2019 at 03:46:46

|   Executable path: /opt/amber/bin/pmemd.cuda
| Working directory: /mnt/part2/home/meister/runjobs
|          Hostname: Unknown
  [-O]verwriting output

File Assignments:
|   MDIN: AA-AB/complex/decharge/0.100/heat.in                                  
|  MDOUT: AA-AB/complex/decharge/0.100/heat.out.tmp                             
| INPCRD: AA-AB/complex/decharge/decharge.rst7                                  
|   PARM: AA-AB/complex/decharge/decharge.parm7                                 
| RESTRT: AA-AB/complex/decharge/0.100/heat.rst7.tmp                            
|   REFC: AA-AB/complex/decharge/decharge.rst7                                  
|  MDVEL: mdvel                                                                 
|   MDEN: AA-AB/complex/decharge/0.100/heat.en.tmp                              
|  MDCRD: AA-AB/complex/decharge/0.100/heat.nc.tmp                              
| MDINFO: AA-AB/complex/decharge/0.100/heat.info.tmp                            
|  MDFRC: mdfrc                                                                 


 Here is the input file:

heating                                                                        
 &cntrl                                                                        
   imin = 0, nstlim = 10000, irest = 0, ntx = 1, dt = 0.002,                   
   ntt = 3, temp0 = 300.0, gamma_ln = 2.0, ig = -1,                            
   tempi = 50.0, tautp = 1.0,                                                  
   vlimit = 20,                                                                
   ntc = 2, ntf = 1,                                                           
   ntb = 1,                                                                    
   ioutfm = 1, iwrap = 1,                                                      
   ntwe = 1000, ntwx = 1000, ntpr = 1000, ntwr = 5000,                         
                                                                               
   nmropt = 1,                                                                 
   ntr = 1, restraint_wt = 5.00,                                               
   restraintmask='!:WAT & !@H=',                                               
                                                                               
   icfe = 1, clambda = 0.100, scalpha = 0.5, scbeta = 12.0,                    
   logdvdl = 0,                                                                
   timask1 = ':1', timask2 = ':2',                                             
   ifsc = 0, CRGMASK = ':2@H7,O1'                                              
 /                                                                             
                                                                               
 &ewald                                                                        
 /                                                                             
                                                                               
 &wt                                                                           
   type='TEMP0',                                                               
   istep1 = 0, istep2 = 8000,                                                  
   value1 = 50.0, value2 = 300.0                                               
 /                                                                             
                                                                               
 &wt type = 'END'                                                              
 /                                                                             


Note: ig = -1. Setting random seed to   969973 based on wallclock time in 
      microseconds.
| irandom = 1, using AMBER's internal random number generator (default).
 
|--------------------- INFORMATION ----------------------
| GPU (CUDA) Version of PMEMD in use: NVIDIA GPU IN USE.
|                    Version 18.0.0
| 
|                      03/25/2018
| 
| Implementation by:
|                    Ross C. Walker     (SDSC)
|                    Scott Le Grand     (nVIDIA)
| 
| Version 18 performance extensions by:
|                    David Cerutti     (Rutgers)
| 
| Precision model in use:
|      [SPFP] - Single Precision Forces, 64-bit Fixed Point
|               Accumulation. (Default)
| 
|--------------------------------------------------------
 
|----------------- CITATION INFORMATION -----------------
|
|    When publishing work that utilized the CUDA version
|    of AMBER, please cite the following in addition to
|    the regular AMBER citations:
|
|  - Romelia Salomon-Ferrer; Andreas W. Goetz; Duncan
|    Poole; Scott Le Grand; Ross C. Walker "Routine
|    microsecond molecular dynamics simulations with
|    AMBER - Part II: Particle Mesh Ewald", J. Chem.
|    Theory Comput., 2013, 9 (9), pp3878-3888,
|    DOI: 10.1021/ct400314y.
|
|  - Andreas W. Goetz; Mark J. Williamson; Dong Xu;
|    Duncan Poole; Scott Le Grand; Ross C. Walker
|    "Routine microsecond molecular dynamics simulations
|    with AMBER - Part I: Generalized Born", J. Chem.
|    Theory Comput., 2012, 8 (5), pp1542-1555.
|
|  - Scott Le Grand; Andreas W. Goetz; Ross C. Walker
|    "SPFP: Speed without compromise - a mixed precision
|    model for GPU accelerated molecular dynamics
|    simulations.", Comp. Phys. Comm., 2013, 184
|    pp374-380, DOI: 10.1016/j.cpc.2012.09.022
|
|    When publishing work that utilized the CUDA version
|    of TI, BAR, MBAR or FEP please cite the following 
|    publications in addition to the regular AMBER 
|    GPU citations:
|
|  - Daniel J. Mermelstein; Charles Lin; Gard Nelson; 
|    Rachael Kretsch; J. Andrew McCammon; Ross C. Walker
|    "Fast and Flexible GPU Accelerated Binding 
|    Free Energy Calculations within the AMBER Molecular
|    Dynamics Package" J. Comp. Chem., 2018,
|    DOI: 10.1002/jcc.25187
|
|  - Tai-Sung Lee; Yuan Hu; Brad Sherborne; Zhuyan Guo;
|    Darrin M. York
|    "Toward Fast and Accurate Binding Affinity Prediction with
|    pmemdGTI: An Efficient Implementation of GPU-Accelerated
|    Thermodynamic Integration"
|    J. Chem. Theory Comput., 2017, 13 (7), 3077
|
|
|--------------------------------------------------------
 
|------------------- GPU DEVICE INFO --------------------
|
|            CUDA_VISIBLE_DEVICES: not set
|   CUDA Capable Devices Detected:      1
|           CUDA Device ID in use:      0
|                CUDA Device Name: Tesla K80
|     CUDA Device Global Mem Size:  11441 MB
| CUDA Device Num Multiprocessors:     13
|           CUDA Device Core Freq:   0.82 GHz
|
|--------------------------------------------------------
 
 
| Conditional Compilation Defines Used:
| PUBFFT
| BINTRAJ
| CUDA
| EMIL

| Largest sphere to fit in unit cell has radius =    30.763

| New format PARM file being parsed.
| Version =    1.000 Date = 02/27/19 Time = 22:41:27

| Note: 1-4 EEL scale factors are being read from the topology file.

| Note: 1-4 VDW scale factors are being read from the topology file.
| Duplicated    0 dihedrals

| Duplicated    0 dihedrals

--------------------------------------------------------------------------------
   1.  RESOURCE   USE: 
--------------------------------------------------------------------------------

 getting new box info from bottom of inpcrd
 NATOM  =   24924 NTYPES =      16 NBONH =   23618 MBONA  =    1322
 NTHETH =   25286 MTHETA =    1777 NPHIH =    6059 MPHIA  =    5533
 NHPARM =       0 NPARM  =       0 NNB   =   44138 NRES   =    7599
 NBONA  =    1322 NTHETA =    1777 NPHIA =    5533 NUMBND =      67
 NUMANG =     153 NPTRA  =     185 NATYP =      36 NPHB   =       0
 IFBOX  =       1 NMXRS  =      24 IFCAP =       0 NEXTRA =       0
 NCOPY  =       0

| Coordinate Index Table dimensions:    13   14   16
| Direct force subcell size =     4.7328    4.6773    4.5903

     BOX TYPE: RECTILINEAR

--------------------------------------------------------------------------------
   2.  CONTROL  DATA  FOR  THE  RUN
--------------------------------------------------------------------------------

NIL                                                                             

General flags:
     imin    =       0, nmropt  =       1

Nature and format of input:
     ntx     =       1, irest   =       0, ntrx    =       1

Nature and format of output:
     ntxo    =       2, ntpr    =    1000, ntrx    =       1, ntwr    =    5000
     iwrap   =       1, ntwx    =    1000, ntwv    =       0, ntwe    =    1000
     ioutfm  =       1, ntwprt  =       0, idecomp =       0, rbornstat=      0

Potential function:
     ntf     =       1, ntb     =       1, igb     =       0, nsnb    =      25
     ipol    =       0, gbsa    =       0, iesp    =       0
     dielc   =   1.00000, cut     =   8.00000, intdiel =   1.00000

Frozen or restrained atoms:
     ibelly  =       0, ntr     =       1
     restraint_wt =   5.00000

Molecular dynamics:
     nstlim  =     10000, nscm    =         0, nrespa  =         1
     t       =   0.00000, dt      =   0.00200, vlimit  =  20.00000

Langevin dynamics temperature regulation:
     ig      =  969973
     temp0   = 300.00000, tempi   =  50.00000, gamma_ln=   2.00000

SHAKE:
     ntc     =       2, jfastw  =       0
     tol     =   0.00001

NMR refinement options:
     iscale  =       0, noeskp  =       1, ipnlty  =       1, mxsub   =       1
     scalm   = 100.00000, pencut  =   0.10000, tausw   =   0.10000

Free energy options:
     icfe    =       1, ifsc    =       0, klambda =       1
     clambda =  0.1000, scalpha =  0.5000, scbeta  = 12.0000
     sceeorder =       2
     dynlmb =  0.0000 logdvdl =       0

| Intermolecular bonds treatment:
|     no_intermolecular_bonds =       1

| Energy averages sample interval:
|     ene_avg_sampling =    1000

Ewald parameters:
     verbose =       0, ew_type =       0, nbflag  =       1, use_pme =       1
     vdwmeth =       1, eedmeth =       1, netfrc  =       1
     Box X =   61.526   Box Y =   65.482   Box Z =   73.445
     Alpha =   90.000   Beta  =   90.000   Gamma =   90.000
     NFFT1 =   64       NFFT2 =   64       NFFT3 =   80
     Cutoff=    8.000   Tol   =0.100E-04
     Ewald Coefficient =  0.34864
     Interpolation order =    4

    LOADING THE CONSTRAINED ATOMS AS GROUPS


   5.  REFERENCE ATOM COORDINATES

  NIL                                                                             
     Mask !:WAT & !@H=; matches  1306 atoms
     TI Mask 1 :1; matches     12 atoms
     TI Mask 2 :2; matches     12 atoms
     TI region 1:   24912 atoms
     TI region 2:   24912 atoms
Removing charge of       0.1300 from atom      24
Total charge of   0.13000000 removed from       1 atoms
     Checking for mismatched coordinates.

--------------------------------------------------------------------------------
   3.  ATOMIC COORDINATES AND VELOCITIES
--------------------------------------------------------------------------------

NIL                                                                             
 begin time read from input coords =     0.000 ps



           Begin reading energy term weight changes/NMR restraints
 WEIGHT CHANGES:
 TEMP0         0   8000   50.000000  300.000000      0      0

 RESTRAINTS:
                          ** No restraint defined **

                  Done reading weight changes/NMR restraints


 
 Number of triangulated 3-point waters found:     7431

     Sum of charges for TI region  1 =   0.00041629
     Forcing neutrality...


     Sum of charges for TI region  2 =  -0.12958371
     Assuming uniform neutralizing plasma

| Dynamic Memory, Types Used:
| Reals             1149033
| Integers          1361286

| Nonbonded Pairs Initial Allocation:     4162931

| GPU memory information (estimate):
| KB of GPU memory in use:         0
| KB of CPU memory in use:         0

--------------------------------------------------------------------------------
   4.  RESULTS
--------------------------------------------------------------------------------


| TI region  1


 NSTEP =        0   TIME(PS) =       0.000  TEMP(K) =    73.15  PRESS =     0.0
 Etot   =    -65079.9058  EKtot   =      3715.7819  EPtot      =    -68795.6877
 BOND   =       486.2310  ANGLE   =      1251.9780  DIHED      =      2033.6697
 1-4 NB =       679.0689  1-4 EEL =      6052.3458  VDWAALS    =      8293.8398
 EELEC  =    -87592.8208  EHBOND  =         0.0000  RESTRAINT  =         0.0000
 DV/DL  =        -7.3185
 ------------------------------------------------------------------------------


| TI region  2


 NSTEP =        0   TIME(PS) =       0.000  TEMP(K) =    73.15  PRESS =     0.0
 Etot   =    -65079.9058  EKtot   =      3715.7819  EPtot      =    -68795.6877
 BOND   =       486.2310  ANGLE   =      1251.9780  DIHED      =      2033.6697
 1-4 NB =       679.0689  1-4 EEL =      6052.3458  VDWAALS    =      8293.8398
 EELEC  =    -87592.8208  EHBOND  =         0.0000  RESTRAINT  =         0.0000
 DV/DL  =        -7.3185
 ------------------------------------------------------------------------------

 NMR restraints: Bond =    0.000   Angle =     0.000   Torsion =     0.000
===============================================================================
wrapping first mol.:      -61.52620      -65.48220      -73.44500

| TI region  1


 NSTEP =     1000   TIME(PS) =       2.000  TEMP(K) =    82.92  PRESS =     0.0
 Etot   =    -84608.7585  EKtot   =      4211.8718  EPtot      =    -88820.6303
 BOND   =       191.6697  ANGLE   =       498.2917  DIHED      =      1849.6492
 1-4 NB =       612.2015  1-4 EEL =      6048.7793  VDWAALS    =     14048.2279
 EELEC  =   -112190.0803  EHBOND  =         0.0000  RESTRAINT  =       120.6307
 EAMBER (non-restraint)  =    -88941.2610
 DV/DL  =        -7.0355
 ------------------------------------------------------------------------------


| TI region  2


 NSTEP =     1000   TIME(PS) =       2.000  TEMP(K) =    82.92  PRESS =     0.0
 Etot   =    -84608.7585  EKtot   =      4211.8718  EPtot      =    -88820.6303
 BOND   =       191.6697  ANGLE   =       498.2917  DIHED      =      1849.6492
 1-4 NB =       612.2015  1-4 EEL =      6048.7793  VDWAALS    =     14048.2279
 EELEC  =   -112190.0803  EHBOND  =         0.0000  RESTRAINT  =       120.6307
 EAMBER (non-restraint)  =    -88941.2610
 DV/DL  =        -7.0355
 ------------------------------------------------------------------------------

 NMR restraints: Bond =    0.000   Angle =     0.000   Torsion =     0.000
===============================================================================
wrapping first mol.:      -61.52620      -65.48220      -73.44500

| TI region  1


 NSTEP =     2000   TIME(PS) =       4.000  TEMP(K) =   105.32  PRESS =     0.0
 Etot   =    -82756.1133  EKtot   =      5349.8618  EPtot      =    -88105.9750
 BOND   =       223.4593  ANGLE   =       559.9092  DIHED      =      1874.0807
 1-4 NB =       618.1694  1-4 EEL =      6036.8020  VDWAALS    =     13888.2166
 EELEC  =   -111438.7855  EHBOND  =         0.0000  RESTRAINT  =       132.1732
 EAMBER (non-restraint)  =    -88238.1483
 DV/DL  =        -7.3096
 ------------------------------------------------------------------------------


| TI region  2


 NSTEP =     2000   TIME(PS) =       4.000  TEMP(K) =   105.32  PRESS =     0.0
 Etot   =    -82756.1133  EKtot   =      5349.8618  EPtot      =    -88105.9750
 BOND   =       223.4593  ANGLE   =       559.9092  DIHED      =      1874.0807
 1-4 NB =       618.1694  1-4 EEL =      6036.8020  VDWAALS    =     13888.2166
 EELEC  =   -111438.7855  EHBOND  =         0.0000  RESTRAINT  =       132.1732
 EAMBER (non-restraint)  =    -88238.1483
 DV/DL  =        -7.3096
 ------------------------------------------------------------------------------

 NMR restraints: Bond =    0.000   Angle =     0.000   Torsion =     0.000
===============================================================================
wrapping first mol.:      -61.52620      -65.48220      -73.44500

| TI region  1


 NSTEP =     3000   TIME(PS) =       6.000  TEMP(K) =   135.46  PRESS =     0.0
 Etot   =    -79716.2760  EKtot   =      6881.1385  EPtot      =    -86597.4145
 BOND   =       288.5639  ANGLE   =       691.0233  DIHED      =      1900.7688
 1-4 NB =       616.3535  1-4 EEL =      6029.9815  VDWAALS    =     13305.0117
 EELEC  =   -109581.3722  EHBOND  =         0.0000  RESTRAINT  =       152.2551
 EAMBER (non-restraint)  =    -86749.6696
 DV/DL  =        -7.7975
 ------------------------------------------------------------------------------


| TI region  2


 NSTEP =     3000   TIME(PS) =       6.000  TEMP(K) =   135.46  PRESS =     0.0
 Etot   =    -79716.2760  EKtot   =      6881.1385  EPtot      =    -86597.4145
 BOND   =       288.5639  ANGLE   =       691.0233  DIHED      =      1900.7688
 1-4 NB =       616.3535  1-4 EEL =      6029.9815  VDWAALS    =     13305.0117
 EELEC  =   -109581.3722  EHBOND  =         0.0000  RESTRAINT  =       152.2551
 EAMBER (non-restraint)  =    -86749.6696
 DV/DL  =        -7.7975
 ------------------------------------------------------------------------------

 NMR restraints: Bond =    0.000   Angle =     0.000   Torsion =     0.000
===============================================================================
wrapping first mol.:      -61.52620      -65.48220      -73.44500

| TI region  1


 NSTEP =     4000   TIME(PS) =       8.000  TEMP(K) =   167.14  PRESS =     0.0
 Etot   =    -76235.0827  EKtot   =      8490.1023  EPtot      =    -84725.1850
 BOND   =       307.9033  ANGLE   =       784.0893  DIHED      =      1918.1459
 1-4 NB =       626.6026  1-4 EEL =      6054.7189  VDWAALS    =     12624.0850
 EELEC  =   -107203.3672  EHBOND  =         0.0000  RESTRAINT  =       162.6372
 EAMBER (non-restraint)  =    -84887.8222
 DV/DL  =        -6.2944
 ------------------------------------------------------------------------------


| TI region  2


 NSTEP =     4000   TIME(PS) =       8.000  TEMP(K) =   167.14  PRESS =     0.0
 Etot   =    -76235.0827  EKtot   =      8490.1023  EPtot      =    -84725.1850
 BOND   =       307.9033  ANGLE   =       784.0893  DIHED      =      1918.1459
 1-4 NB =       626.6026  1-4 EEL =      6054.7189  VDWAALS    =     12624.0850
 EELEC  =   -107203.3672  EHBOND  =         0.0000  RESTRAINT  =       162.6372
 EAMBER (non-restraint)  =    -84887.8222
 DV/DL  =        -6.2944
 ------------------------------------------------------------------------------

 NMR restraints: Bond =    0.000   Angle =     0.000   Torsion =     0.000
===============================================================================
wrapping first mol.:      -61.52620      -65.48220      -73.44500
wrapping first mol.:      -61.52620      -65.48220      -73.44500

| TI region  1


 NSTEP =     5000   TIME(PS) =      10.000  TEMP(K) =   197.07  PRESS =     0.0
 Etot   =    -72744.6400  EKtot   =     10010.4925  EPtot      =    -82755.1326
 BOND   =       369.6728  ANGLE   =       881.9715  DIHED      =      1949.3197
 1-4 NB =       637.5998  1-4 EEL =      6058.2156  VDWAALS    =     12079.7875
 EELEC  =   -104933.6040  EHBOND  =         0.0000  RESTRAINT  =       201.9046
 EAMBER (non-restraint)  =    -82957.0372
 DV/DL  =        -6.7324
 ------------------------------------------------------------------------------


| TI region  2


 NSTEP =     5000   TIME(PS) =      10.000  TEMP(K) =   197.07  PRESS =     0.0
 Etot   =    -72744.6400  EKtot   =     10010.4925  EPtot      =    -82755.1326
 BOND   =       369.6728  ANGLE   =       881.9715  DIHED      =      1949.3197
 1-4 NB =       637.5998  1-4 EEL =      6058.2156  VDWAALS    =     12079.7875
 EELEC  =   -104933.6040  EHBOND  =         0.0000  RESTRAINT  =       201.9046
 EAMBER (non-restraint)  =    -82957.0372
 DV/DL  =        -6.7324
 ------------------------------------------------------------------------------

 NMR restraints: Bond =    0.000   Angle =     0.000   Torsion =     0.000
===============================================================================
wrapping first mol.:      -61.52620      -65.48220      -73.44500

| TI region  1


 NSTEP =     6000   TIME(PS) =      12.000  TEMP(K) =   227.43  PRESS =     0.0
 Etot   =    -68835.1308  EKtot   =     11552.5722  EPtot      =    -80387.7029
 BOND   =       391.7948  ANGLE   =       966.2905  DIHED      =      1975.0088
 1-4 NB =       651.5417  1-4 EEL =      6040.9155  VDWAALS    =     11105.9033
 EELEC  =   -101729.9877  EHBOND  =         0.0000  RESTRAINT  =       210.8301
 EAMBER (non-restraint)  =    -80598.5331
 DV/DL  =        -6.6061
 ------------------------------------------------------------------------------


| TI region  2


 NSTEP =     6000   TIME(PS) =      12.000  TEMP(K) =   227.43  PRESS =     0.0
 Etot   =    -68835.1308  EKtot   =     11552.5722  EPtot      =    -80387.7029
 BOND   =       391.7948  ANGLE   =       966.2905  DIHED      =      1975.0088
 1-4 NB =       651.5417  1-4 EEL =      6040.9155  VDWAALS    =     11105.9033
 EELEC  =   -101729.9877  EHBOND  =         0.0000  RESTRAINT  =       210.8301
 EAMBER (non-restraint)  =    -80598.5331
 DV/DL  =        -6.6061
 ------------------------------------------------------------------------------

 NMR restraints: Bond =    0.000   Angle =     0.000   Torsion =     0.000
===============================================================================
wrapping first mol.:      -61.52620      -65.48220      -73.44500

| TI region  1


 NSTEP =     7000   TIME(PS) =      14.000  TEMP(K) =   258.75  PRESS =     0.0
 Etot   =    -64161.2927  EKtot   =     13143.4059  EPtot      =    -77304.6986
 BOND   =       441.3485  ANGLE   =      1082.2177  DIHED      =      1993.3219
 1-4 NB =       648.7402  1-4 EEL =      6045.9827  VDWAALS    =     10198.9884
 EELEC  =    -97951.9258  EHBOND  =         0.0000  RESTRAINT  =       236.6277
 EAMBER (non-restraint)  =    -77541.3264
 DV/DL  =        -6.9830
 ------------------------------------------------------------------------------


| TI region  2


 NSTEP =     7000   TIME(PS) =      14.000  TEMP(K) =   258.75  PRESS =     0.0
 Etot   =    -64161.2927  EKtot   =     13143.4059  EPtot      =    -77304.6986
 BOND   =       441.3485  ANGLE   =      1082.2177  DIHED      =      1993.3219
 1-4 NB =       648.7402  1-4 EEL =      6045.9827  VDWAALS    =     10198.9884
 EELEC  =    -97951.9258  EHBOND  =         0.0000  RESTRAINT  =       236.6277
 EAMBER (non-restraint)  =    -77541.3264
 DV/DL  =        -6.9830
 ------------------------------------------------------------------------------

 NMR restraints: Bond =    0.000   Angle =     0.000   Torsion =     0.000
===============================================================================
wrapping first mol.:      -61.52620      -65.48220      -73.44500

| TI region  1


 NSTEP =     8000   TIME(PS) =      16.000  TEMP(K) =   288.87  PRESS =     0.0
 Etot   =    -59302.7287  EKtot   =     14673.8495  EPtot      =    -73976.5782
 BOND   =       492.9315  ANGLE   =      1185.2460  DIHED      =      2023.5934
 1-4 NB =       662.3580  1-4 EEL =      6023.4742  VDWAALS    =      9205.6028
 EELEC  =    -93816.5924  EHBOND  =         0.0000  RESTRAINT  =       246.8084
 EAMBER (non-restraint)  =    -74223.3866
 DV/DL  =        -6.7580
 ------------------------------------------------------------------------------


| TI region  2


 NSTEP =     8000   TIME(PS) =      16.000  TEMP(K) =   288.87  PRESS =     0.0
 Etot   =    -59302.7287  EKtot   =     14673.8495  EPtot      =    -73976.5782
 BOND   =       492.9315  ANGLE   =      1185.2460  DIHED      =      2023.5934
 1-4 NB =       662.3580  1-4 EEL =      6023.4742  VDWAALS    =      9205.6028
 EELEC  =    -93816.5924  EHBOND  =         0.0000  RESTRAINT  =       246.8084
 EAMBER (non-restraint)  =    -74223.3866
 DV/DL  =        -6.7580
 ------------------------------------------------------------------------------

 NMR restraints: Bond =    0.000   Angle =     0.000   Torsion =     0.000
===============================================================================
wrapping first mol.:      -61.52620      -65.48220      -73.44500

| TI region  1


 NSTEP =     9000   TIME(PS) =      18.000  TEMP(K) =   301.18  PRESS =     0.0
 Etot   =    -57408.5700  EKtot   =     15298.8925  EPtot      =    -72707.4625
 BOND   =       509.5752  ANGLE   =      1210.8440  DIHED      =      2030.6936
 1-4 NB =       663.7531  1-4 EEL =      6024.5872  VDWAALS    =      8447.8547
 EELEC  =    -91832.6395  EHBOND  =         0.0000  RESTRAINT  =       237.8692
 EAMBER (non-restraint)  =    -72945.3317
 DV/DL  =        -7.1071
 ------------------------------------------------------------------------------


| TI region  2


 NSTEP =     9000   TIME(PS) =      18.000  TEMP(K) =   301.18  PRESS =     0.0
 Etot   =    -57408.5700  EKtot   =     15298.8925  EPtot      =    -72707.4625
 BOND   =       509.5752  ANGLE   =      1210.8440  DIHED      =      2030.6936
 1-4 NB =       663.7531  1-4 EEL =      6024.5872  VDWAALS    =      8447.8547
 EELEC  =    -91832.6395  EHBOND  =         0.0000  RESTRAINT  =       237.8692
 EAMBER (non-restraint)  =    -72945.3317
 DV/DL  =        -7.1071
 ------------------------------------------------------------------------------

 NMR restraints: Bond =    0.000   Angle =     0.000   Torsion =     0.000
===============================================================================
wrapping first mol.:      -61.52620      -65.48220      -73.44500
wrapping first mol.:      -61.52620      -65.48220      -73.44500

| TI region  1


 NSTEP =    10000   TIME(PS) =      20.000  TEMP(K) =   303.45  PRESS =     0.0
 Etot   =    -57070.6270  EKtot   =     15414.2658  EPtot      =    -72484.8928
 BOND   =       489.1346  ANGLE   =      1167.0143  DIHED      =      2026.3239
 1-4 NB =       664.8382  1-4 EEL =      6046.6973  VDWAALS    =      8301.0278
 EELEC  =    -91455.8202  EHBOND  =         0.0000  RESTRAINT  =       275.8913
 EAMBER (non-restraint)  =    -72760.7841
 DV/DL  =        -6.5757
 ------------------------------------------------------------------------------


| TI region  2


 NSTEP =    10000   TIME(PS) =      20.000  TEMP(K) =   303.45  PRESS =     0.0
 Etot   =    -57070.6270  EKtot   =     15414.2658  EPtot      =    -72484.8928
 BOND   =       489.1346  ANGLE   =      1167.0143  DIHED      =      2026.3239
 1-4 NB =       664.8382  1-4 EEL =      6046.6973  VDWAALS    =      8301.0278
 EELEC  =    -91455.8202  EHBOND  =         0.0000  RESTRAINT  =       275.8913
 EAMBER (non-restraint)  =    -72760.7841
 DV/DL  =        -6.5757
 ------------------------------------------------------------------------------

 NMR restraints: Bond =    0.000   Angle =     0.000   Torsion =     0.000
===============================================================================

| TI region  1


      A V E R A G E S   O V E R      10 S T E P S


 NSTEP =    10000   TIME(PS) =      20.000  TEMP(K) =   206.76  PRESS =     0.0
 Etot   =    -70283.9220  EKtot   =     10502.6453  EPtot      =    -80786.5673
 BOND   =       370.6054  ANGLE   =       902.6898  DIHED      =      1954.0906
 1-4 NB =       640.2158  1-4 EEL =      6041.0154  VDWAALS    =     11320.4706
 EELEC  =   -102213.4175  EHBOND  =         0.0000  RESTRAINT  =       197.7628
 EAMBER (non-restraint)  =    -80984.3300
 DV/DL  =        -6.9199
 ------------------------------------------------------------------------------

 NMR restraints: Bond =    0.000   Angle =     0.000   Torsion =     0.000
===============================================================================

      R M S  F L U C T U A T I O N S


 NSTEP =    10000   TIME(PS) =      20.000  TEMP(K) =    77.79  PRESS =     0.0
 Etot   =      9958.5907  EKtot   =      3951.4020  EPtot      =      6034.2521
 BOND   =       108.6794  ANGLE   =       249.2537  DIHED      =        62.7380
 1-4 NB =        19.7076  1-4 EEL =        11.4802  VDWAALS    =      2083.1164
 EELEC  =      7639.4641  EHBOND  =         0.0000  RESTRAINT  =        50.3712
 EAMBER (non-restraint)  =      5983.8810
 DV/DL  =         0.4055
 ------------------------------------------------------------------------------


| TI region  2


      A V E R A G E S   O V E R      10 S T E P S


 NSTEP =    10000   TIME(PS) =      20.000  TEMP(K) =   206.76  PRESS =     0.0
 Etot   =    -70283.9220  EKtot   =     10502.6453  EPtot      =    -80786.5673
 BOND   =       370.6054  ANGLE   =       902.6898  DIHED      =      1954.0906
 1-4 NB =       640.2158  1-4 EEL =      6041.0154  VDWAALS    =     11320.4706
 EELEC  =   -102213.4175  EHBOND  =         0.0000  RESTRAINT  =       197.7628
 EAMBER (non-restraint)  =    -80984.3300
 DV/DL  =        -6.9199
 ------------------------------------------------------------------------------

 NMR restraints: Bond =    0.000   Angle =     0.000   Torsion =     0.000
===============================================================================

      R M S  F L U C T U A T I O N S


 NSTEP =    10000   TIME(PS) =      20.000  TEMP(K) =    77.79  PRESS =     0.0
 Etot   =      9958.5907  EKtot   =      3951.4020  EPtot      =      6034.2521
 BOND   =       108.6794  ANGLE   =       249.2537  DIHED      =        62.7380
 1-4 NB =        19.7076  1-4 EEL =        11.4802  VDWAALS    =      2083.1164
 EELEC  =      7639.4641  EHBOND  =         0.0000  RESTRAINT  =        50.3712
 EAMBER (non-restraint)  =      5983.8810
 DV/DL  =         0.4055
 ------------------------------------------------------------------------------


      DV/DL, AVERAGES OVER      10 STEPS


 NSTEP =    10000   TIME(PS) =      20.000  TEMP(K) =    77.79  PRESS =     0.0
 Etot   =         0.0000  EKtot   =         0.0000  EPtot      =        -6.9199
 BOND   =         0.0000  ANGLE   =         0.0000  DIHED      =         0.0000
 1-4 NB =         0.0000  1-4 EEL =        -1.0294  VDWAALS    =         0.0000
 EELEC  =        -5.8905  EHBOND  =         0.0000  RESTRAINT  =         0.0000
 DV/DL  =        -6.9199
 ------------------------------------------------------------------------------


 NMR restraints on final step:

--------------------------------------------------------------------------------
   5.  TIMINGS
--------------------------------------------------------------------------------

|  NonSetup CPU Time in Major Routines:
|
|     Routine           Sec        %
|     ------------------------------
|     Nonbond           7.89   34.00
|     Bond              0.00    0.00
|     Angle             0.00    0.00
|     Dihedral          0.00    0.00
|     Shake             0.05    0.24
|     RunMD            15.22   65.63
|     Other             0.03    0.13
|     ------------------------------
|     Total            23.20

|  PME Nonbond Pairlist CPU Time:
|
|     Routine              Sec        %
|     ---------------------------------
|     Set Up Cit           0.00    0.00
|     Build List           0.00    0.00
|     ---------------------------------
|     Total                0.00    0.00

|  PME Direct Force CPU Time:
|
|     Routine              Sec        %
|     ---------------------------------
|     NonBonded Calc       0.00    0.00
|     Exclude Masked       0.00    0.00
|     Other                0.02    0.08
|     ---------------------------------
|     Total                0.02    0.08

|  PME Reciprocal Force CPU Time:
|
|     Routine              Sec        %
|     ---------------------------------
|     1D bspline           0.00    0.00
|     Grid Charges         0.00    0.00
|     Scalar Sum           0.00    0.00
|     Gradient Sum         0.00    0.00
|     FFT                  0.00    0.00
|     ---------------------------------
|     Total                0.00    0.00

|  Final Performance Info:
|     -----------------------------------------------------
|     Average timings for last   10000 steps:
|     Elapsed(s) =      23.20 Per Step(ms) =       2.32
|         ns/day =      74.48   seconds/ns =    1160.08
|
|     Average timings for all steps:
|     Elapsed(s) =      23.20 Per Step(ms) =       2.32
|         ns/day =      74.48   seconds/ns =    1160.08
|     -----------------------------------------------------

|  Setup CPU time:            1.32 seconds
|  NonSetup CPU time:        23.20 seconds
|  Total CPU time:           24.52 seconds     0.01 hours

|  Setup wall time:           3    seconds
|  NonSetup wall time:       24    seconds
|  Total wall time:          27    seconds     0.01 hours
