
          -------------------------------------------------------
          Amber 16 PMEMD                              2016
          -------------------------------------------------------

| PMEMD implementation of SANDER, Release 16

| Run on 02/28/2019 at 02:47:13

|   Executable path: /opt/amber/bin/pmemd.cuda
| Working directory: /mnt/part2/home/meister/runjobs
|          Hostname: Unknown
  [-O]verwriting output

File Assignments:
|   MDIN: AA-AB/ligand/vdw-bonded/0.800/heat.in                                 
|  MDOUT: AA-AB/ligand/vdw-bonded/0.800/heat.out.tmp                            
| INPCRD: AA-AB/ligand/press.rst7                                               
|   PARM: AA-AB/ligand/ligand-vdw-bonded.parm7                                  
| RESTRT: AA-AB/ligand/vdw-bonded/0.800/heat.rst7.tmp                           
|   REFC: AA-AB/ligand/press.rst7                                               
|  MDVEL: mdvel                                                                 
|   MDEN: AA-AB/ligand/vdw-bonded/0.800/heat.en.tmp                             
|  MDCRD: AA-AB/ligand/vdw-bonded/0.800/heat.nc.tmp                             
| MDINFO: AA-AB/ligand/vdw-bonded/0.800/heat.info.tmp                           
|  MDFRC: mdfrc                                                                 


 Here is the input file:

heating                                                                        
 &cntrl                                                                        
   imin = 0, nstlim = 10000, irest = 0, ntx = 1, dt = 0.002,                   
   ntt = 3, temp0 = 300.0, gamma_ln = 2.0, ig = -1,                            
   tempi = 50.0, tautp = 1.0,                                                  
   vlimit = 20,                                                                
   ntc = 2, ntf = 1,                                                           
   ntb = 1,                                                                    
   ioutfm = 1, iwrap = 1,                                                      
   ntwe = 1000, ntwx = 1000, ntpr = 1000, ntwr = 5000,                         
                                                                               
   nmropt = 1,                                                                 
   ntr = 1, restraint_wt = 5.00,                                               
   restraintmask='!:WAT & !@H=',                                               
                                                                               
   icfe = 1, clambda = 0.800, scalpha = 0.5, scbeta = 12.0,                    
   logdvdl = 0,                                                                
   timask1 = ':1', timask2 = ':2',                                             
   ifsc = 1, scmask1=':1@H7', scmask2=':2@H7,O1', crgmask = ':1@H7|:2@H7,O1'   
 /                                                                             
                                                                               
 &ewald                                                                        
 /                                                                             
                                                                               
 &wt                                                                           
   type='TEMP0',                                                               
   istep1 = 0, istep2 = 8000,                                                  
   value1 = 50.0, value2 = 300.0                                               
 /                                                                             
                                                                               
 &wt type = 'END'                                                              
 /                                                                             


Note: ig = -1. Setting random seed to   865217 based on wallclock time in 
      microseconds.
| irandom = 1, using AMBER's internal random number generator (default).
 
|--------------------- INFORMATION ----------------------
| GPU (CUDA) Version of PMEMD in use: NVIDIA GPU IN USE.
|                    Version 18.0.0
| 
|                      03/25/2018
| 
| Implementation by:
|                    Ross C. Walker     (SDSC)
|                    Scott Le Grand     (nVIDIA)
| 
| Version 18 performance extensions by:
|                    David Cerutti     (Rutgers)
| 
| Precision model in use:
|      [SPFP] - Single Precision Forces, 64-bit Fixed Point
|               Accumulation. (Default)
| 
|--------------------------------------------------------
 
|----------------- CITATION INFORMATION -----------------
|
|    When publishing work that utilized the CUDA version
|    of AMBER, please cite the following in addition to
|    the regular AMBER citations:
|
|  - Romelia Salomon-Ferrer; Andreas W. Goetz; Duncan
|    Poole; Scott Le Grand; Ross C. Walker "Routine
|    microsecond molecular dynamics simulations with
|    AMBER - Part II: Particle Mesh Ewald", J. Chem.
|    Theory Comput., 2013, 9 (9), pp3878-3888,
|    DOI: 10.1021/ct400314y.
|
|  - Andreas W. Goetz; Mark J. Williamson; Dong Xu;
|    Duncan Poole; Scott Le Grand; Ross C. Walker
|    "Routine microsecond molecular dynamics simulations
|    with AMBER - Part I: Generalized Born", J. Chem.
|    Theory Comput., 2012, 8 (5), pp1542-1555.
|
|  - Scott Le Grand; Andreas W. Goetz; Ross C. Walker
|    "SPFP: Speed without compromise - a mixed precision
|    model for GPU accelerated molecular dynamics
|    simulations.", Comp. Phys. Comm., 2013, 184
|    pp374-380, DOI: 10.1016/j.cpc.2012.09.022
|
|    When publishing work that utilized the CUDA version
|    of TI, BAR, MBAR or FEP please cite the following 
|    publications in addition to the regular AMBER 
|    GPU citations:
|
|  - Daniel J. Mermelstein; Charles Lin; Gard Nelson; 
|    Rachael Kretsch; J. Andrew McCammon; Ross C. Walker
|    "Fast and Flexible GPU Accelerated Binding 
|    Free Energy Calculations within the AMBER Molecular
|    Dynamics Package" J. Comp. Chem., 2018,
|    DOI: 10.1002/jcc.25187
|
|  - Tai-Sung Lee; Yuan Hu; Brad Sherborne; Zhuyan Guo;
|    Darrin M. York
|    "Toward Fast and Accurate Binding Affinity Prediction with
|    pmemdGTI: An Efficient Implementation of GPU-Accelerated
|    Thermodynamic Integration"
|    J. Chem. Theory Comput., 2017, 13 (7), 3077
|
|
|--------------------------------------------------------
 
|------------------- GPU DEVICE INFO --------------------
|
|            CUDA_VISIBLE_DEVICES: not set
|   CUDA Capable Devices Detected:      1
|           CUDA Device ID in use:      0
|                CUDA Device Name: Tesla K80
|     CUDA Device Global Mem Size:  11441 MB
| CUDA Device Num Multiprocessors:     13
|           CUDA Device Core Freq:   0.82 GHz
|
|--------------------------------------------------------
 
 
| Conditional Compilation Defines Used:
| PUBFFT
| BINTRAJ
| CUDA
| EMIL

| Largest sphere to fit in unit cell has radius =    12.877

| New format PARM file being parsed.
| Version =    1.000 Date = 02/27/19 Time = 20:53:33

| Note: 1-4 EEL scale factors are being read from the topology file.

| Note: 1-4 VDW scale factors are being read from the topology file.
| Duplicated    0 dihedrals

| Duplicated    0 dihedrals

--------------------------------------------------------------------------------
   1.  RESOURCE   USE: 
--------------------------------------------------------------------------------

 getting box info from netcdf restart file
 NATOM  =    1831 NTYPES =       5 NBONH =    1818 MBONA  =      13
 NTHETH =    1829 MTHETA =      14 NPHIH =      36 MPHIA  =      14
 NHPARM =       0 NPARM  =       0 NNB   =    2518 NRES   =     604
 NBONA  =      13 NTHETA =      14 NPHIA =      14 NUMBND =       6
 NUMANG =       6 NPTRA  =       2 NATYP =       6 NPHB   =       0
 IFBOX  =       1 NMXRS  =      13 IFCAP =       0 NEXTRA =       0
 NCOPY  =       0

| Coordinate Index Table dimensions:     5    5    6
| Direct force subcell size =     5.1507    5.2427    4.5620

     BOX TYPE: RECTILINEAR

--------------------------------------------------------------------------------
   2.  CONTROL  DATA  FOR  THE  RUN
--------------------------------------------------------------------------------

NIL                                                                             

General flags:
     imin    =       0, nmropt  =       1

Nature and format of input:
     ntx     =       1, irest   =       0, ntrx    =       1

Nature and format of output:
     ntxo    =       2, ntpr    =    1000, ntrx    =       1, ntwr    =    5000
     iwrap   =       1, ntwx    =    1000, ntwv    =       0, ntwe    =    1000
     ioutfm  =       1, ntwprt  =       0, idecomp =       0, rbornstat=      0

Potential function:
     ntf     =       1, ntb     =       1, igb     =       0, nsnb    =      25
     ipol    =       0, gbsa    =       0, iesp    =       0
     dielc   =   1.00000, cut     =   8.00000, intdiel =   1.00000

Frozen or restrained atoms:
     ibelly  =       0, ntr     =       1
     restraint_wt =   5.00000

Molecular dynamics:
     nstlim  =     10000, nscm    =         0, nrespa  =         1
     t       =   0.00000, dt      =   0.00200, vlimit  =  20.00000

Langevin dynamics temperature regulation:
     ig      =  865217
     temp0   = 300.00000, tempi   =  50.00000, gamma_ln=   2.00000

SHAKE:
     ntc     =       2, jfastw  =       0
     tol     =   0.00001

NMR refinement options:
     iscale  =       0, noeskp  =       1, ipnlty  =       1, mxsub   =       1
     scalm   = 100.00000, pencut  =   0.10000, tausw   =   0.10000

Free energy options:
     icfe    =       1, ifsc    =       1, klambda =       1
     clambda =  0.8000, scalpha =  0.5000, scbeta  = 12.0000
     sceeorder =       2
     dynlmb =  0.0000 logdvdl =       0

| Intermolecular bonds treatment:
|     no_intermolecular_bonds =       1

| Energy averages sample interval:
|     ene_avg_sampling =    1000

Ewald parameters:
     verbose =       0, ew_type =       0, nbflag  =       1, use_pme =       1
     vdwmeth =       1, eedmeth =       1, netfrc  =       1
     Box X =   25.754   Box Y =   26.213   Box Z =   27.372
     Alpha =   90.000   Beta  =   90.000   Gamma =   90.000
     NFFT1 =   28       NFFT2 =   28       NFFT3 =   28
     Cutoff=    8.000   Tol   =0.100E-04
     Ewald Coefficient =  0.34864
     Interpolation order =    4

    LOADING THE CONSTRAINED ATOMS AS GROUPS


   5.  REFERENCE ATOM COORDINATES

  NIL                                                                             
     Mask !:WAT & !@H=; matches    13 atoms
     TI Mask 1 :1; matches     12 atoms
     TI Mask 2 :2; matches     13 atoms
     TI region 1:    1818 atoms
     TI region 2:    1819 atoms
     SC Mask 1 :1@H7; matches      1 atoms
     SC Mask 2 :2@H7,O1; matches      2 atoms
Removing charge of       0.1300 from atom      12
Removing charge of      -0.6242 from atom      24
Removing charge of       0.4181 from atom      25
Total charge of  -0.07614616 removed from       3 atoms

--------------------------------------------------------------------------------
   3.  ATOMIC COORDINATES AND VELOCITIES
--------------------------------------------------------------------------------

NIL                                                                             
 begin time read from input coords =    40.000 ps



           Begin reading energy term weight changes/NMR restraints
 WEIGHT CHANGES:
 TEMP0         0   8000   50.000000  300.000000      0      0

 RESTRAINTS:
                          ** No restraint defined **

                  Done reading weight changes/NMR restraints


 
 Number of triangulated 3-point waters found:      602
   Removing shake constraints from H7    COR   1 -- C_12  COR   1
 Number of shake restraints removed in TI region  1 :        1
 Number of shake restraints removed in TI region  2 :        0

     Sum of charges for TI region  1 =  -0.13000066
     Assuming uniform neutralizing plasma


     Sum of charges for TI region  2 =   0.20614550
     Assuming uniform neutralizing plasma

| Dynamic Memory, Types Used:
| Reals              198041
| Integers            85178

| Nonbonded Pairs Initial Allocation:      305822

| GPU memory information (estimate):
| KB of GPU memory in use:         0
| KB of CPU memory in use:         0

--------------------------------------------------------------------------------
   4.  RESULTS
--------------------------------------------------------------------------------

   DOF for the SC part  1 of the system:    3
   DOF for the SC part  2 of the system:    5
   SHAKE constraints in the SC region:    1

| TI region  1


 NSTEP =        0   TIME(PS) =       0.000  TEMP(K) =    76.41  PRESS =     0.0
 Etot   =     -5480.1504  EKtot   =       276.5850  EPtot      =     -5756.7354
 BOND   =         3.8258  ANGLE   =         2.6090  DIHED      =         1.7878
 1-4 NB =        13.0360  1-4 EEL =        -2.4019  VDWAALS    =       763.6217
 EELEC  =     -6539.2138  EHBOND  =         0.0000  RESTRAINT  =         0.0000
 DV/DL  =         2.9648
 ------------------------------------------------------------------------------

  Softcore part of the system:       1 atoms,       TEMP(K)    =         817.98
 SC_Etot=         3.1279  SC_EKtot=         2.4382  SC_EPtot   =         0.6896
 SC_BOND=         0.0000  SC_ANGLE=         0.4280  SC_DIHED   =         0.2278
 SC_14NB=         0.0338  SC_14EEL=         0.0000  SC_VDW     =         0.0000
 SC_EEL =         0.0000
 SC_RES_DIST=     0.0000  SC_RES_ANG=       0.0000  SC_RES_TORS=         0.0000
 SC_EEL_DER=      0.0000  SC_VDW_DER=       0.0306  SC_DERIV   =         0.0306
 ------------------------------------------------------------------------------


| TI region  2


 NSTEP =        0   TIME(PS) =       0.000  TEMP(K) =    76.44  PRESS =     0.0
 Etot   =     -5479.8827  EKtot   =       276.8528  EPtot      =     -5756.7354
 BOND   =         3.8258  ANGLE   =         2.6090  DIHED      =         1.7878
 1-4 NB =        13.0360  1-4 EEL =        -2.4019  VDWAALS    =       763.6217
 EELEC  =     -6539.2138  EHBOND  =         0.0000  RESTRAINT  =         0.0000
 DV/DL  =         2.9648
 ------------------------------------------------------------------------------

  Softcore part of the system:       2 atoms,       TEMP(K)    =         531.96
 SC_Etot=         4.4146  SC_EKtot=         2.6428  SC_EPtot   =         1.7718
 SC_BOND=         0.0571  SC_ANGLE=         1.1995  SC_DIHED   =         0.2205
 SC_14NB=         0.2948  SC_14EEL=         0.0000  SC_VDW     =         0.0000
 SC_EEL =         0.0000
 SC_RES_DIST=     0.0000  SC_RES_ANG=       0.0000  SC_RES_TORS=         0.0000
 SC_EEL_DER=      0.0000  SC_VDW_DER=       0.0306  SC_DERIV   =         0.0306
 ------------------------------------------------------------------------------

 NMR restraints: Bond =    0.000   Angle =     0.000   Torsion =     0.000
===============================================================================

| TI region  1


 NSTEP =     1000   TIME(PS) =       2.000  TEMP(K) =    81.18  PRESS =     0.0
 Etot   =     -6694.1522  EKtot   =       293.8498  EPtot      =     -6988.0019
 BOND   =         1.1731  ANGLE   =         0.9203  DIHED      =         1.0516
 1-4 NB =        12.0586  1-4 EEL =        -2.3923  VDWAALS    =      1192.6416
 EELEC  =     -8194.1496  EHBOND  =         0.0000  RESTRAINT  =         0.6947
 EAMBER (non-restraint)  =     -6988.6966
 DV/DL  =        -3.8023
 ------------------------------------------------------------------------------

  Softcore part of the system:       1 atoms,       TEMP(K)    =          12.29
 SC_Etot=         0.2119  SC_EKtot=         0.0366  SC_EPtot   =         0.1753
 SC_BOND=         0.0005  SC_ANGLE=         0.0010  SC_DIHED   =         0.1787
 SC_14NB=        -0.0049  SC_14EEL=         0.0000  SC_VDW     =         0.0000
 SC_EEL =         0.0000
 SC_RES_DIST=     0.0000  SC_RES_ANG=       0.0000  SC_RES_TORS=         0.0000
 SC_EEL_DER=      0.0000  SC_VDW_DER=      -0.0494  SC_DERIV   =        -0.0494
 ------------------------------------------------------------------------------


| TI region  2


 NSTEP =     1000   TIME(PS) =       2.000  TEMP(K) =    81.28  PRESS =     0.0
 Etot   =     -6693.6182  EKtot   =       294.3838  EPtot      =     -6988.0019
 BOND   =         1.1731  ANGLE   =         0.9203  DIHED      =         1.0516
 1-4 NB =        12.0586  1-4 EEL =        -2.3923  VDWAALS    =      1192.6416
 EELEC  =     -8194.1496  EHBOND  =         0.0000  RESTRAINT  =         0.6947
 EAMBER (non-restraint)  =     -6988.6966
 DV/DL  =        -3.8023
 ------------------------------------------------------------------------------

  Softcore part of the system:       2 atoms,       TEMP(K)    =         114.85
 SC_Etot=         1.4151  SC_EKtot=         0.5706  SC_EPtot   =         0.8445
 SC_BOND=         0.0496  SC_ANGLE=         0.1433  SC_DIHED   =         0.5204
 SC_14NB=         0.1311  SC_14EEL=         0.0000  SC_VDW     =         0.0000
 SC_EEL =         0.0000
 SC_RES_DIST=     0.0000  SC_RES_ANG=       0.0000  SC_RES_TORS=         0.0000
 SC_EEL_DER=      0.0000  SC_VDW_DER=      -0.0494  SC_DERIV   =        -0.0494
 ------------------------------------------------------------------------------

 NMR restraints: Bond =    0.000   Angle =     0.000   Torsion =     0.000
===============================================================================

| TI region  1


 NSTEP =     2000   TIME(PS) =       4.000  TEMP(K) =   102.90  PRESS =     0.0
 Etot   =     -6533.9243  EKtot   =       372.4579  EPtot      =     -6906.3822
 BOND   =         0.9038  ANGLE   =         0.9703  DIHED      =         0.7214
 1-4 NB =        12.9771  1-4 EEL =        -2.4151  VDWAALS    =      1261.4409
 EELEC  =     -8181.7421  EHBOND  =         0.0000  RESTRAINT  =         0.7615
 EAMBER (non-restraint)  =     -6907.1437
 DV/DL  =        -3.3362
 ------------------------------------------------------------------------------

  Softcore part of the system:       1 atoms,       TEMP(K)    =          98.66
 SC_Etot=         0.8617  SC_EKtot=         0.2941  SC_EPtot   =         0.5676
 SC_BOND=         0.1156  SC_ANGLE=         0.4191  SC_DIHED   =         0.0292
 SC_14NB=         0.0036  SC_14EEL=         0.0000  SC_VDW     =         0.0000
 SC_EEL =         0.0000
 SC_RES_DIST=     0.0000  SC_RES_ANG=       0.0000  SC_RES_TORS=         0.0000
 SC_EEL_DER=      0.0000  SC_VDW_DER=       0.0594  SC_DERIV   =         0.0594
 ------------------------------------------------------------------------------


| TI region  2


 NSTEP =     2000   TIME(PS) =       4.000  TEMP(K) =   102.86  PRESS =     0.0
 Etot   =     -6533.8474  EKtot   =       372.5348  EPtot      =     -6906.3822
 BOND   =         0.9038  ANGLE   =         0.9703  DIHED      =         0.7214
 1-4 NB =        12.9771  1-4 EEL =        -2.4151  VDWAALS    =      1261.4409
 EELEC  =     -8181.7421  EHBOND  =         0.0000  RESTRAINT  =         0.7615
 EAMBER (non-restraint)  =     -6907.1437
 DV/DL  =        -3.3362
 ------------------------------------------------------------------------------

  Softcore part of the system:       2 atoms,       TEMP(K)    =          74.67
 SC_Etot=         1.4416  SC_EKtot=         0.3710  SC_EPtot   =         1.0706
 SC_BOND=         0.0768  SC_ANGLE=         0.3301  SC_DIHED   =         0.4986
 SC_14NB=         0.1651  SC_14EEL=         0.0000  SC_VDW     =         0.0000
 SC_EEL =         0.0000
 SC_RES_DIST=     0.0000  SC_RES_ANG=       0.0000  SC_RES_TORS=         0.0000
 SC_EEL_DER=      0.0000  SC_VDW_DER=       0.0594  SC_DERIV   =         0.0594
 ------------------------------------------------------------------------------

 NMR restraints: Bond =    0.000   Angle =     0.000   Torsion =     0.000
===============================================================================

| TI region  1


 NSTEP =     3000   TIME(PS) =       6.000  TEMP(K) =   139.50  PRESS =     0.0
 Etot   =     -6297.0041  EKtot   =       504.9346  EPtot      =     -6801.9387
 BOND   =         1.1319  ANGLE   =         1.0548  DIHED      =         1.0782
 1-4 NB =        12.0538  1-4 EEL =        -2.3761  VDWAALS    =      1222.3765
 EELEC  =     -8039.3148  EHBOND  =         0.0000  RESTRAINT  =         2.0570
 EAMBER (non-restraint)  =     -6803.9958
 DV/DL  =        -1.9019
 ------------------------------------------------------------------------------

  Softcore part of the system:       1 atoms,       TEMP(K)    =           1.91
 SC_Etot=         0.3248  SC_EKtot=         0.0057  SC_EPtot   =         0.3191
 SC_BOND=         0.0003  SC_ANGLE=         0.0768  SC_DIHED   =         0.2364
 SC_14NB=         0.0055  SC_14EEL=         0.0000  SC_VDW     =         0.0000
 SC_EEL =         0.0000
 SC_RES_DIST=     0.0000  SC_RES_ANG=       0.0000  SC_RES_TORS=         0.0000
 SC_EEL_DER=      0.0000  SC_VDW_DER=       0.3910  SC_DERIV   =         0.3910
 ------------------------------------------------------------------------------


| TI region  2


 NSTEP =     3000   TIME(PS) =       6.000  TEMP(K) =   139.67  PRESS =     0.0
 Etot   =     -6296.1153  EKtot   =       505.8235  EPtot      =     -6801.9387
 BOND   =         1.1319  ANGLE   =         1.0548  DIHED      =         1.0782
 1-4 NB =        12.0538  1-4 EEL =        -2.3761  VDWAALS    =      1222.3765
 EELEC  =     -8039.3148  EHBOND  =         0.0000  RESTRAINT  =         2.0570
 EAMBER (non-restraint)  =     -6803.9958
 DV/DL  =        -1.9019
 ------------------------------------------------------------------------------

  Softcore part of the system:       2 atoms,       TEMP(K)    =         180.06
 SC_Etot=         1.8431  SC_EKtot=         0.8946  SC_EPtot   =         0.9485
 SC_BOND=         0.0251  SC_ANGLE=         0.5471  SC_DIHED   =         0.1854
 SC_14NB=         0.1909  SC_14EEL=         0.0000  SC_VDW     =         0.0000
 SC_EEL =         0.0000
 SC_RES_DIST=     0.0000  SC_RES_ANG=       0.0000  SC_RES_TORS=         0.0000
 SC_EEL_DER=      0.0000  SC_VDW_DER=       0.3910  SC_DERIV   =         0.3910
 ------------------------------------------------------------------------------

 NMR restraints: Bond =    0.000   Angle =     0.000   Torsion =     0.000
===============================================================================

| TI region  1


 NSTEP =     4000   TIME(PS) =       8.000  TEMP(K) =   163.74  PRESS =     0.0
 Etot   =     -6088.5296  EKtot   =       592.6700  EPtot      =     -6681.1996
 BOND   =         1.5576  ANGLE   =         1.5778  DIHED      =         0.2681
 1-4 NB =        11.7819  1-4 EEL =        -2.4117  VDWAALS    =      1233.8319
 EELEC  =     -7929.5511  EHBOND  =         0.0000  RESTRAINT  =         1.7460
 EAMBER (non-restraint)  =     -6682.9456
 DV/DL  =        -2.4869
 ------------------------------------------------------------------------------

  Softcore part of the system:       1 atoms,       TEMP(K)    =         215.64
 SC_Etot=         0.7717  SC_EKtot=         0.6428  SC_EPtot   =         0.1289
 SC_BOND=         0.0172  SC_ANGLE=         0.0603  SC_DIHED   =         0.0257
 SC_14NB=         0.0258  SC_14EEL=         0.0000  SC_VDW     =         0.0000
 SC_EEL =         0.0000
 SC_RES_DIST=     0.0000  SC_RES_ANG=       0.0000  SC_RES_TORS=         0.0000
 SC_EEL_DER=      0.0000  SC_VDW_DER=       1.4776  SC_DERIV   =         1.4776
 ------------------------------------------------------------------------------


| TI region  2


 NSTEP =     4000   TIME(PS) =       8.000  TEMP(K) =   163.89  PRESS =     0.0
 Etot   =     -6087.6532  EKtot   =       593.5464  EPtot      =     -6681.1996
 BOND   =         1.5576  ANGLE   =         1.5778  DIHED      =         0.2681
 1-4 NB =        11.7819  1-4 EEL =        -2.4117  VDWAALS    =      1233.8319
 EELEC  =     -7929.5511  EHBOND  =         0.0000  RESTRAINT  =         1.7460
 EAMBER (non-restraint)  =     -6682.9456
 DV/DL  =        -2.4869
 ------------------------------------------------------------------------------

  Softcore part of the system:       2 atoms,       TEMP(K)    =         305.78
 SC_Etot=         3.1824  SC_EKtot=         1.5191  SC_EPtot   =         1.6633
 SC_BOND=         0.6250  SC_ANGLE=         0.4242  SC_DIHED   =         0.2091
 SC_14NB=         0.4049  SC_14EEL=         0.0000  SC_VDW     =         0.0000
 SC_EEL =         0.0000
 SC_RES_DIST=     0.0000  SC_RES_ANG=       0.0000  SC_RES_TORS=         0.0000
 SC_EEL_DER=      0.0000  SC_VDW_DER=       1.4776  SC_DERIV   =         1.4776
 ------------------------------------------------------------------------------

 NMR restraints: Bond =    0.000   Angle =     0.000   Torsion =     0.000
===============================================================================

| TI region  1


 NSTEP =     5000   TIME(PS) =      10.000  TEMP(K) =   197.16  PRESS =     0.0
 Etot   =     -5832.0790  EKtot   =       713.6486  EPtot      =     -6545.7276
 BOND   =         2.2976  ANGLE   =         2.0053  DIHED      =         1.2835
 1-4 NB =        12.4730  1-4 EEL =        -2.3524  VDWAALS    =      1188.0983
 EELEC  =     -7751.3135  EHBOND  =         0.0000  RESTRAINT  =         1.7806
 EAMBER (non-restraint)  =     -6547.5082
 DV/DL  =        -3.6633
 ------------------------------------------------------------------------------

  Softcore part of the system:       1 atoms,       TEMP(K)    =          46.71
 SC_Etot=         1.5163  SC_EKtot=         0.1392  SC_EPtot   =         1.3770
 SC_BOND=         0.5898  SC_ANGLE=         0.3675  SC_DIHED   =         0.4344
 SC_14NB=        -0.0147  SC_14EEL=         0.0000  SC_VDW     =         0.0000
 SC_EEL =         0.0000
 SC_RES_DIST=     0.0000  SC_RES_ANG=       0.0000  SC_RES_TORS=         0.0000
 SC_EEL_DER=      0.0000  SC_VDW_DER=       0.3883  SC_DERIV   =         0.3883
 ------------------------------------------------------------------------------


| TI region  2


 NSTEP =     5000   TIME(PS) =      10.000  TEMP(K) =   197.47  PRESS =     0.0
 Etot   =     -5830.5564  EKtot   =       715.1713  EPtot      =     -6545.7276
 BOND   =         2.2976  ANGLE   =         2.0053  DIHED      =         1.2835
 1-4 NB =        12.4730  1-4 EEL =        -2.3524  VDWAALS    =      1188.0983
 EELEC  =     -7751.3135  EHBOND  =         0.0000  RESTRAINT  =         1.7806
 EAMBER (non-restraint)  =     -6547.5082
 DV/DL  =        -3.6633
 ------------------------------------------------------------------------------

  Softcore part of the system:       2 atoms,       TEMP(K)    =         334.52
 SC_Etot=         2.8401  SC_EKtot=         1.6619  SC_EPtot   =         1.1782
 SC_BOND=         0.2309  SC_ANGLE=         0.2743  SC_DIHED   =         0.5767
 SC_14NB=         0.0963  SC_14EEL=         0.0000  SC_VDW     =         0.0000
 SC_EEL =         0.0000
 SC_RES_DIST=     0.0000  SC_RES_ANG=       0.0000  SC_RES_TORS=         0.0000
 SC_EEL_DER=      0.0000  SC_VDW_DER=       0.3883  SC_DERIV   =         0.3883
 ------------------------------------------------------------------------------

 NMR restraints: Bond =    0.000   Angle =     0.000   Torsion =     0.000
===============================================================================

| TI region  1


 NSTEP =     6000   TIME(PS) =      12.000  TEMP(K) =   219.27  PRESS =     0.0
 Etot   =     -5546.5618  EKtot   =       793.6706  EPtot      =     -6340.2324
 BOND   =         3.2152  ANGLE   =         1.1936  DIHED      =         1.8603
 1-4 NB =        11.5603  1-4 EEL =        -2.3663  VDWAALS    =      1078.8238
 EELEC  =     -7437.6030  EHBOND  =         0.0000  RESTRAINT  =         3.0838
 EAMBER (non-restraint)  =     -6343.3162
 DV/DL  =        -4.0028
 ------------------------------------------------------------------------------

  Softcore part of the system:       1 atoms,       TEMP(K)    =          89.95
 SC_Etot=         1.8376  SC_EKtot=         0.2681  SC_EPtot   =         1.5695
 SC_BOND=         1.1643  SC_ANGLE=         0.0191  SC_DIHED   =         0.3657
 SC_14NB=         0.0203  SC_14EEL=         0.0000  SC_VDW     =         0.0000
 SC_EEL =         0.0000
 SC_RES_DIST=     0.0000  SC_RES_ANG=       0.0000  SC_RES_TORS=         0.0000
 SC_EEL_DER=      0.0000  SC_VDW_DER=       0.0321  SC_DERIV   =         0.0321
 ------------------------------------------------------------------------------


| TI region  2


 NSTEP =     6000   TIME(PS) =      12.000  TEMP(K) =   219.83  PRESS =     0.0
 Etot   =     -5544.0839  EKtot   =       796.1485  EPtot      =     -6340.2324
 BOND   =         3.2152  ANGLE   =         1.1936  DIHED      =         1.8603
 1-4 NB =        11.5603  1-4 EEL =        -2.3663  VDWAALS    =      1078.8238
 EELEC  =     -7437.6030  EHBOND  =         0.0000  RESTRAINT  =         3.0838
 EAMBER (non-restraint)  =     -6343.3162
 DV/DL  =        -4.0028
 ------------------------------------------------------------------------------

  Softcore part of the system:       2 atoms,       TEMP(K)    =         552.73
 SC_Etot=         3.8737  SC_EKtot=         2.7460  SC_EPtot   =         1.1277
 SC_BOND=         0.3996  SC_ANGLE=         0.3730  SC_DIHED   =         0.1108
 SC_14NB=         0.2444  SC_14EEL=         0.0000  SC_VDW     =         0.0000
 SC_EEL =         0.0000
 SC_RES_DIST=     0.0000  SC_RES_ANG=       0.0000  SC_RES_TORS=         0.0000
 SC_EEL_DER=      0.0000  SC_VDW_DER=       0.0321  SC_DERIV   =         0.0321
 ------------------------------------------------------------------------------

 NMR restraints: Bond =    0.000   Angle =     0.000   Torsion =     0.000
===============================================================================

| TI region  1


 NSTEP =     7000   TIME(PS) =      14.000  TEMP(K) =   266.73  PRESS =     0.0
 Etot   =     -5123.0733  EKtot   =       965.4597  EPtot      =     -6088.5331
 BOND   =         1.1083  ANGLE   =         1.8751  DIHED      =         1.4463
 1-4 NB =        12.8241  1-4 EEL =        -2.5170  VDWAALS    =      1013.7212
 EELEC  =     -7120.7665  EHBOND  =         0.0000  RESTRAINT  =         3.7756
 EAMBER (non-restraint)  =     -6092.3086
 DV/DL  =        -2.1165
 ------------------------------------------------------------------------------

  Softcore part of the system:       1 atoms,       TEMP(K)    =         117.38
 SC_Etot=         1.9444  SC_EKtot=         0.3499  SC_EPtot   =         1.5945
 SC_BOND=         1.3677  SC_ANGLE=         0.0554  SC_DIHED   =         0.1824
 SC_14NB=        -0.0110  SC_14EEL=         0.0000  SC_VDW     =         0.0000
 SC_EEL =         0.0000
 SC_RES_DIST=     0.0000  SC_RES_ANG=       0.0000  SC_RES_TORS=         0.0000
 SC_EEL_DER=      0.0000  SC_VDW_DER=       0.9041  SC_DERIV   =         0.9041
 ------------------------------------------------------------------------------


| TI region  2


 NSTEP =     7000   TIME(PS) =      14.000  TEMP(K) =   266.55  PRESS =     0.0
 Etot   =     -5123.1735  EKtot   =       965.3596  EPtot      =     -6088.5331
 BOND   =         1.1083  ANGLE   =         1.8751  DIHED      =         1.4463
 1-4 NB =        12.8241  1-4 EEL =        -2.5170  VDWAALS    =      1013.7212
 EELEC  =     -7120.7665  EHBOND  =         0.0000  RESTRAINT  =         3.7756
 EAMBER (non-restraint)  =     -6092.3086
 DV/DL  =        -2.1165
 ------------------------------------------------------------------------------

  Softcore part of the system:       2 atoms,       TEMP(K)    =          50.27
 SC_Etot=         2.0751  SC_EKtot=         0.2498  SC_EPtot   =         1.8254
 SC_BOND=         0.0519  SC_ANGLE=         1.0111  SC_DIHED   =         0.5856
 SC_14NB=         0.1768  SC_14EEL=         0.0000  SC_VDW     =         0.0000
 SC_EEL =         0.0000
 SC_RES_DIST=     0.0000  SC_RES_ANG=       0.0000  SC_RES_TORS=         0.0000
 SC_EEL_DER=      0.0000  SC_VDW_DER=       0.9041  SC_DERIV   =         0.9041
 ------------------------------------------------------------------------------

 NMR restraints: Bond =    0.000   Angle =     0.000   Torsion =     0.000
===============================================================================

| TI region  1


 NSTEP =     8000   TIME(PS) =      16.000  TEMP(K) =   282.28  PRESS =     0.0
 Etot   =     -4854.2281  EKtot   =      1021.7719  EPtot      =     -5876.0001
 BOND   =         2.4901  ANGLE   =         3.2675  DIHED      =         3.4556
 1-4 NB =        15.1647  1-4 EEL =        -3.0182  VDWAALS    =       912.1268
 EELEC  =     -6811.5041  EHBOND  =         0.0000  RESTRAINT  =         2.0176
 EAMBER (non-restraint)  =     -5878.0177
 DV/DL  =         0.1633
 ------------------------------------------------------------------------------

  Softcore part of the system:       1 atoms,       TEMP(K)    =         199.44
 SC_Etot=         1.4908  SC_EKtot=         0.5945  SC_EPtot   =         0.8963
 SC_BOND=         0.1067  SC_ANGLE=         0.1289  SC_DIHED   =         0.5820
 SC_14NB=         0.0786  SC_14EEL=         0.0000  SC_VDW     =         0.0000
 SC_EEL =         0.0000
 SC_RES_DIST=     0.0000  SC_RES_ANG=       0.0000  SC_RES_TORS=         0.0000
 SC_EEL_DER=      0.0000  SC_VDW_DER=       0.7415  SC_DERIV   =         0.7415
 ------------------------------------------------------------------------------


| TI region  2


 NSTEP =     8000   TIME(PS) =      16.000  TEMP(K) =   282.23  PRESS =     0.0
 Etot   =     -4853.8550  EKtot   =      1022.1450  EPtot      =     -5876.0001
 BOND   =         2.4901  ANGLE   =         3.2675  DIHED      =         3.4556
 1-4 NB =        15.1647  1-4 EEL =        -3.0182  VDWAALS    =       912.1268
 EELEC  =     -6811.5041  EHBOND  =         0.0000  RESTRAINT  =         2.0176
 EAMBER (non-restraint)  =     -5878.0177
 DV/DL  =         0.1633
 ------------------------------------------------------------------------------

  Softcore part of the system:       2 atoms,       TEMP(K)    =         194.76
 SC_Etot=         6.0600  SC_EKtot=         0.9676  SC_EPtot   =         5.0924
 SC_BOND=         0.4475  SC_ANGLE=         0.6187  SC_DIHED   =         3.5329
 SC_14NB=         0.4934  SC_14EEL=         0.0000  SC_VDW     =         0.0000
 SC_EEL =         0.0000
 SC_RES_DIST=     0.0000  SC_RES_ANG=       0.0000  SC_RES_TORS=         0.0000
 SC_EEL_DER=      0.0000  SC_VDW_DER=       0.7415  SC_DERIV   =         0.7415
 ------------------------------------------------------------------------------

 NMR restraints: Bond =    0.000   Angle =     0.000   Torsion =     0.000
===============================================================================

| TI region  1


 NSTEP =     9000   TIME(PS) =      18.000  TEMP(K) =   305.12  PRESS =     0.0
 Etot   =     -4639.5434  EKtot   =      1104.4277  EPtot      =     -5743.9711
 BOND   =         3.4578  ANGLE   =         4.0122  DIHED      =         2.7012
 1-4 NB =        11.8827  1-4 EEL =        -2.3332  VDWAALS    =       804.4162
 EELEC  =     -6570.4876  EHBOND  =         0.0000  RESTRAINT  =         2.3796
 EAMBER (non-restraint)  =     -5746.3507
 DV/DL  =        -2.6898
 ------------------------------------------------------------------------------

  Softcore part of the system:       1 atoms,       TEMP(K)    =          68.10
 SC_Etot=         1.1844  SC_EKtot=         0.2030  SC_EPtot   =         0.9814
 SC_BOND=         0.3771  SC_ANGLE=         0.0820  SC_DIHED   =         0.5245
 SC_14NB=        -0.0022  SC_14EEL=         0.0000  SC_VDW     =         0.0000
 SC_EEL =         0.0000
 SC_RES_DIST=     0.0000  SC_RES_ANG=       0.0000  SC_RES_TORS=         0.0000
 SC_EEL_DER=      0.0000  SC_VDW_DER=       1.1602  SC_DERIV   =         1.1602
 ------------------------------------------------------------------------------


| TI region  2


 NSTEP =     9000   TIME(PS) =      18.000  TEMP(K) =   305.28  PRESS =     0.0
 Etot   =     -4638.3378  EKtot   =      1105.6333  EPtot      =     -5743.9711
 BOND   =         3.4578  ANGLE   =         4.0122  DIHED      =         2.7012
 1-4 NB =        11.8827  1-4 EEL =        -2.3332  VDWAALS    =       804.4162
 EELEC  =     -6570.4876  EHBOND  =         0.0000  RESTRAINT  =         2.3796
 EAMBER (non-restraint)  =     -5746.3507
 DV/DL  =        -2.6898
 ------------------------------------------------------------------------------

  Softcore part of the system:       2 atoms,       TEMP(K)    =         283.53
 SC_Etot=         3.0172  SC_EKtot=         1.4086  SC_EPtot   =         1.6087
 SC_BOND=         0.6322  SC_ANGLE=         0.2511  SC_DIHED   =         0.5777
 SC_14NB=         0.1477  SC_14EEL=         0.0000  SC_VDW     =         0.0000
 SC_EEL =         0.0000
 SC_RES_DIST=     0.0000  SC_RES_ANG=       0.0000  SC_RES_TORS=         0.0000
 SC_EEL_DER=      0.0000  SC_VDW_DER=       1.1602  SC_DERIV   =         1.1602
 ------------------------------------------------------------------------------

 NMR restraints: Bond =    0.000   Angle =     0.000   Torsion =     0.000
===============================================================================

| TI region  1


 NSTEP =    10000   TIME(PS) =      20.000  TEMP(K) =   299.46  PRESS =     0.0
 Etot   =     -4659.5750  EKtot   =      1083.9517  EPtot      =     -5743.5267
 BOND   =         5.0408  ANGLE   =         2.1144  DIHED      =         4.7736
 1-4 NB =        12.0256  1-4 EEL =        -2.3128  VDWAALS    =       820.6413
 EELEC  =     -6587.9808  EHBOND  =         0.0000  RESTRAINT  =         2.1711
 EAMBER (non-restraint)  =     -5745.6978
 DV/DL  =        -2.2136
 ------------------------------------------------------------------------------

  Softcore part of the system:       1 atoms,       TEMP(K)    =         445.39
 SC_Etot=         2.5253  SC_EKtot=         1.3276  SC_EPtot   =         1.1977
 SC_BOND=         0.4997  SC_ANGLE=         0.2656  SC_DIHED   =         0.4366
 SC_14NB=        -0.0042  SC_14EEL=         0.0000  SC_VDW     =         0.0000
 SC_EEL =         0.0000
 SC_RES_DIST=     0.0000  SC_RES_ANG=       0.0000  SC_RES_TORS=         0.0000
 SC_EEL_DER=      0.0000  SC_VDW_DER=      -0.0719  SC_DERIV   =        -0.0719
 ------------------------------------------------------------------------------


| TI region  2


 NSTEP =    10000   TIME(PS) =      20.000  TEMP(K) =   299.08  PRESS =     0.0
 Etot   =     -4660.3462  EKtot   =      1083.1805  EPtot      =     -5743.5267
 BOND   =         5.0408  ANGLE   =         2.1144  DIHED      =         4.7736
 1-4 NB =        12.0256  1-4 EEL =        -2.3128  VDWAALS    =       820.6413
 EELEC  =     -6587.9808  EHBOND  =         0.0000  RESTRAINT  =         2.1711
 EAMBER (non-restraint)  =     -5745.6978
 DV/DL  =        -2.2136
 ------------------------------------------------------------------------------

  Softcore part of the system:       2 atoms,       TEMP(K)    =         112.00
 SC_Etot=         2.4749  SC_EKtot=         0.5564  SC_EPtot   =         1.9185
 SC_BOND=         0.0582  SC_ANGLE=         1.0398  SC_DIHED   =         0.6695
 SC_14NB=         0.1510  SC_14EEL=         0.0000  SC_VDW     =         0.0000
 SC_EEL =         0.0000
 SC_RES_DIST=     0.0000  SC_RES_ANG=       0.0000  SC_RES_TORS=         0.0000
 SC_EEL_DER=      0.0000  SC_VDW_DER=      -0.0719  SC_DERIV   =        -0.0719
 ------------------------------------------------------------------------------

 NMR restraints: Bond =    0.000   Angle =     0.000   Torsion =     0.000
===============================================================================

| TI region  1


      A V E R A G E S   O V E R      10 S T E P S


 NSTEP =    10000   TIME(PS) =      20.000  TEMP(K) =   205.73  PRESS =     0.0
 Etot   =     -5626.8671  EKtot   =       744.6843  EPtot      =     -6371.5513
 BOND   =         2.2376  ANGLE   =         1.8991  DIHED      =         1.8640
 1-4 NB =        12.4802  1-4 EEL =        -2.4495  VDWAALS    =      1072.8118
 EELEC  =     -7462.4413  EHBOND  =         0.0000  RESTRAINT  =         2.0468
 EAMBER (non-restraint)  =     -6373.5981
 DV/DL  =        -2.6050
 ------------------------------------------------------------------------------

 NMR restraints: Bond =    0.000   Angle =     0.000   Torsion =     0.000
===============================================================================
  Softcore part of the system:       1 atoms,       TEMP(K)    =         129.55
 SC_Etot=         1.2669  SC_EKtot=         0.3862  SC_EPtot   =         0.8807
 SC_BOND=         0.4239  SC_ANGLE=         0.1476  SC_DIHED   =         0.2996
 SC_14NB=         0.0097  SC_14EEL=         0.0000  SC_VDW     =         0.0000
 SC_EEL =         0.0000
 SC_RES_DIST=     0.0000  SC_RES_ANG=       0.0000  SC_RES_TORS=         0.0000
 SC_EEL_DER=      0.0000  SC_VDW_DER=       0.5033  SC_DERIV   =         0.5033
 ------------------------------------------------------------------------------


      R M S  F L U C T U A T I O N S


 NSTEP =    10000   TIME(PS) =      20.000  TEMP(K) =    77.93  PRESS =     0.0
 Etot   =       737.1478  EKtot   =       282.0979  EPtot      =       457.4310
 BOND   =         1.2745  ANGLE   =         0.9762  DIHED      =         1.3169
 1-4 NB =         0.9914  1-4 EEL =         0.1969  VDWAALS    =       166.2834
 EELEC  =       615.5122  EHBOND  =         0.0000  RESTRAINT  =         0.8850
 EAMBER (non-restraint)  =       456.5460
 DV/DL  =         1.1667
 ------------------------------------------------------------------------------

  Softcore part of the system:       1 atoms,       TEMP(K)    =         124.66
 SC_Etot=         0.6998  SC_EKtot=         0.3716  SC_EPtot   =         0.5308
 SC_BOND=         0.4684  SC_ANGLE=         0.1413  SC_DIHED   =         0.1877
 SC_14NB=         0.0260  SC_14EEL=         0.0000  SC_VDW     =         0.0000
 SC_EEL =         0.0000
 SC_RES_DIST=     0.0000  SC_RES_ANG=       0.0000  SC_RES_TORS=         0.0000
 SC_EEL_DER=      0.0000  SC_VDW_DER=       0.5176  SC_DERIV   =         0.5176
 ------------------------------------------------------------------------------


| TI region  2


      A V E R A G E S   O V E R      10 S T E P S


 NSTEP =    10000   TIME(PS) =      20.000  TEMP(K) =   205.82  PRESS =     0.0
 Etot   =     -5626.1587  EKtot   =       745.3927  EPtot      =     -6371.5513
 BOND   =         2.2376  ANGLE   =         1.8991  DIHED      =         1.8640
 1-4 NB =        12.4802  1-4 EEL =        -2.4495  VDWAALS    =      1072.8118
 EELEC  =     -7462.4413  EHBOND  =         0.0000  RESTRAINT  =         2.0468
 EAMBER (non-restraint)  =     -6373.5981
 DV/DL  =        -2.6050
 ------------------------------------------------------------------------------

 NMR restraints: Bond =    0.000   Angle =     0.000   Torsion =     0.000
===============================================================================
  Softcore part of the system:       2 atoms,       TEMP(K)    =         220.32
 SC_Etot=         2.8223  SC_EKtot=         1.0945  SC_EPtot   =         1.7278
 SC_BOND=         0.2597  SC_ANGLE=         0.5013  SC_DIHED   =         0.7467
 SC_14NB=         0.2202  SC_14EEL=         0.0000  SC_VDW     =         0.0000
 SC_EEL =         0.0000
 SC_RES_DIST=     0.0000  SC_RES_ANG=       0.0000  SC_RES_TORS=         0.0000
 SC_EEL_DER=      0.0000  SC_VDW_DER=       0.5033  SC_DERIV   =         0.5033
 ------------------------------------------------------------------------------


      R M S  F L U C T U A T I O N S


 NSTEP =    10000   TIME(PS) =      20.000  TEMP(K) =    77.86  PRESS =     0.0
 Etot   =       737.0029  EKtot   =       281.9971  EPtot      =       457.4310
 BOND   =         1.2745  ANGLE   =         0.9762  DIHED      =         1.3169
 1-4 NB =         0.9914  1-4 EEL =         0.1969  VDWAALS    =       166.2834
 EELEC  =       615.5122  EHBOND  =         0.0000  RESTRAINT  =         0.8850
 EAMBER (non-restraint)  =       456.5460
 DV/DL  =         1.1667
 ------------------------------------------------------------------------------

  Softcore part of the system:       2 atoms,       TEMP(K)    =         144.95
 SC_Etot=         1.3146  SC_EKtot=         0.7201  SC_EPtot   =         1.1776
 SC_BOND=         0.2333  SC_ANGLE=         0.2932  SC_DIHED   =         0.9473
 SC_14NB=         0.1218  SC_14EEL=         0.0000  SC_VDW     =         0.0000
 SC_EEL =         0.0000
 SC_RES_DIST=     0.0000  SC_RES_ANG=       0.0000  SC_RES_TORS=         0.0000
 SC_EEL_DER=      0.0000  SC_VDW_DER=       0.5176  SC_DERIV   =         0.5176
 ------------------------------------------------------------------------------


      DV/DL, AVERAGES OVER      10 STEPS


 NSTEP =    10000   TIME(PS) =      20.000  TEMP(K) =    77.86  PRESS =     0.0
 Etot   =         0.0000  EKtot   =         0.0000  EPtot      =        -2.6050
 BOND   =         0.0000  ANGLE   =         0.0000  DIHED      =         0.0000
 1-4 NB =         0.0000  1-4 EEL =        -8.0687  VDWAALS    =        -1.4755
 EELEC  =         6.4359  EHBOND  =         0.0000  RESTRAINT  =         0.0000
 DV/DL  =        -2.6050
 ------------------------------------------------------------------------------


 NMR restraints on final step:

--------------------------------------------------------------------------------
   5.  TIMINGS
--------------------------------------------------------------------------------

|  NonSetup CPU Time in Major Routines:
|
|     Routine           Sec        %
|     ------------------------------
|     Nonbond           3.69   44.42
|     Bond              0.00    0.00
|     Angle             0.00    0.00
|     Dihedral          0.00    0.00
|     Shake             0.06    0.66
|     RunMD             4.54   54.59
|     Other             0.03    0.32
|     ------------------------------
|     Total             8.31

|  PME Nonbond Pairlist CPU Time:
|
|     Routine              Sec        %
|     ---------------------------------
|     Set Up Cit           0.00    0.00
|     Build List           0.00    0.00
|     ---------------------------------
|     Total                0.00    0.00

|  PME Direct Force CPU Time:
|
|     Routine              Sec        %
|     ---------------------------------
|     NonBonded Calc       0.00    0.00
|     Exclude Masked       0.00    0.00
|     Other                0.02    0.21
|     ---------------------------------
|     Total                0.02    0.21

|  PME Reciprocal Force CPU Time:
|
|     Routine              Sec        %
|     ---------------------------------
|     1D bspline           0.00    0.00
|     Grid Charges         0.00    0.00
|     Scalar Sum           0.00    0.00
|     Gradient Sum         0.00    0.00
|     FFT                  0.00    0.00
|     ---------------------------------
|     Total                0.00    0.00

|  Final Performance Info:
|     -----------------------------------------------------
|     Average timings for last   10000 steps:
|     Elapsed(s) =       8.31 Per Step(ms) =       0.83
|         ns/day =     207.87   seconds/ns =     415.65
|
|     Average timings for all steps:
|     Elapsed(s) =       8.31 Per Step(ms) =       0.83
|         ns/day =     207.87   seconds/ns =     415.65
|     -----------------------------------------------------

|  Setup CPU time:            1.11 seconds
|  NonSetup CPU time:         8.31 seconds
|  Total CPU time:            9.41 seconds     0.00 hours

|  Setup wall time:           3    seconds
|  NonSetup wall time:        8    seconds
|  Total wall time:          11    seconds     0.00 hours
