
          -------------------------------------------------------
          Amber 16 PMEMD                              2016
          -------------------------------------------------------

| PMEMD implementation of SANDER, Release 16

| Run on 02/28/2019 at 02:07:54

|   Executable path: /opt/amber/bin/pmemd.cuda
| Working directory: /mnt/part2/home/meister/runjobs
|          Hostname: Unknown
  [-O]verwriting output

File Assignments:
|   MDIN: AA-AB/ligand/decharge/0.300/heat.in                                   
|  MDOUT: AA-AB/ligand/decharge/0.300/heat.out.tmp                              
| INPCRD: AA-AB/ligand/decharge/decharge.rst7                                   
|   PARM: AA-AB/ligand/decharge/decharge.parm7                                  
| RESTRT: AA-AB/ligand/decharge/0.300/heat.rst7.tmp                             
|   REFC: AA-AB/ligand/decharge/decharge.rst7                                   
|  MDVEL: mdvel                                                                 
|   MDEN: AA-AB/ligand/decharge/0.300/heat.en.tmp                               
|  MDCRD: AA-AB/ligand/decharge/0.300/heat.nc.tmp                               
| MDINFO: AA-AB/ligand/decharge/0.300/heat.info.tmp                             
|  MDFRC: mdfrc                                                                 


 Here is the input file:

heating                                                                        
 &cntrl                                                                        
   imin = 0, nstlim = 10000, irest = 0, ntx = 1, dt = 0.002,                   
   ntt = 3, temp0 = 300.0, gamma_ln = 2.0, ig = -1,                            
   tempi = 50.0, tautp = 1.0,                                                  
   vlimit = 20,                                                                
   ntc = 2, ntf = 1,                                                           
   ntb = 1,                                                                    
   ioutfm = 1, iwrap = 1,                                                      
   ntwe = 1000, ntwx = 1000, ntpr = 1000, ntwr = 5000,                         
                                                                               
   nmropt = 1,                                                                 
   ntr = 1, restraint_wt = 5.00,                                               
   restraintmask='!:WAT & !@H=',                                               
                                                                               
   icfe = 1, clambda = 0.300, scalpha = 0.5, scbeta = 12.0,                    
   logdvdl = 0,                                                                
   timask1 = ':1', timask2 = ':2',                                             
   ifsc = 0, CRGMASK = ':2@H7,O1'                                              
 /                                                                             
                                                                               
 &ewald                                                                        
 /                                                                             
                                                                               
 &wt                                                                           
   type='TEMP0',                                                               
   istep1 = 0, istep2 = 8000,                                                  
   value1 = 50.0, value2 = 300.0                                               
 /                                                                             
                                                                               
 &wt type = 'END'                                                              
 /                                                                             


Note: ig = -1. Setting random seed to   658425 based on wallclock time in 
      microseconds.
| irandom = 1, using AMBER's internal random number generator (default).
 
|--------------------- INFORMATION ----------------------
| GPU (CUDA) Version of PMEMD in use: NVIDIA GPU IN USE.
|                    Version 18.0.0
| 
|                      03/25/2018
| 
| Implementation by:
|                    Ross C. Walker     (SDSC)
|                    Scott Le Grand     (nVIDIA)
| 
| Version 18 performance extensions by:
|                    David Cerutti     (Rutgers)
| 
| Precision model in use:
|      [SPFP] - Single Precision Forces, 64-bit Fixed Point
|               Accumulation. (Default)
| 
|--------------------------------------------------------
 
|----------------- CITATION INFORMATION -----------------
|
|    When publishing work that utilized the CUDA version
|    of AMBER, please cite the following in addition to
|    the regular AMBER citations:
|
|  - Romelia Salomon-Ferrer; Andreas W. Goetz; Duncan
|    Poole; Scott Le Grand; Ross C. Walker "Routine
|    microsecond molecular dynamics simulations with
|    AMBER - Part II: Particle Mesh Ewald", J. Chem.
|    Theory Comput., 2013, 9 (9), pp3878-3888,
|    DOI: 10.1021/ct400314y.
|
|  - Andreas W. Goetz; Mark J. Williamson; Dong Xu;
|    Duncan Poole; Scott Le Grand; Ross C. Walker
|    "Routine microsecond molecular dynamics simulations
|    with AMBER - Part I: Generalized Born", J. Chem.
|    Theory Comput., 2012, 8 (5), pp1542-1555.
|
|  - Scott Le Grand; Andreas W. Goetz; Ross C. Walker
|    "SPFP: Speed without compromise - a mixed precision
|    model for GPU accelerated molecular dynamics
|    simulations.", Comp. Phys. Comm., 2013, 184
|    pp374-380, DOI: 10.1016/j.cpc.2012.09.022
|
|    When publishing work that utilized the CUDA version
|    of TI, BAR, MBAR or FEP please cite the following 
|    publications in addition to the regular AMBER 
|    GPU citations:
|
|  - Daniel J. Mermelstein; Charles Lin; Gard Nelson; 
|    Rachael Kretsch; J. Andrew McCammon; Ross C. Walker
|    "Fast and Flexible GPU Accelerated Binding 
|    Free Energy Calculations within the AMBER Molecular
|    Dynamics Package" J. Comp. Chem., 2018,
|    DOI: 10.1002/jcc.25187
|
|  - Tai-Sung Lee; Yuan Hu; Brad Sherborne; Zhuyan Guo;
|    Darrin M. York
|    "Toward Fast and Accurate Binding Affinity Prediction with
|    pmemdGTI: An Efficient Implementation of GPU-Accelerated
|    Thermodynamic Integration"
|    J. Chem. Theory Comput., 2017, 13 (7), 3077
|
|
|--------------------------------------------------------
 
|------------------- GPU DEVICE INFO --------------------
|
|            CUDA_VISIBLE_DEVICES: not set
|   CUDA Capable Devices Detected:      1
|           CUDA Device ID in use:      0
|                CUDA Device Name: Tesla K80
|     CUDA Device Global Mem Size:  11441 MB
| CUDA Device Num Multiprocessors:     13
|           CUDA Device Core Freq:   0.82 GHz
|
|--------------------------------------------------------
 
 
| Conditional Compilation Defines Used:
| PUBFFT
| BINTRAJ
| CUDA
| EMIL

| Largest sphere to fit in unit cell has radius =    14.610

| New format PARM file being parsed.
| Version =    1.000 Date = 02/27/19 Time = 21:00:36

| Note: 1-4 EEL scale factors are being read from the topology file.

| Note: 1-4 VDW scale factors are being read from the topology file.
| Duplicated    0 dihedrals

| Duplicated    0 dihedrals

--------------------------------------------------------------------------------
   1.  RESOURCE   USE: 
--------------------------------------------------------------------------------

 getting new box info from bottom of inpcrd
 NATOM  =    1830 NTYPES =       4 NBONH =    1818 MBONA  =      12
 NTHETH =    1830 MTHETA =      12 NPHIH =      36 MPHIA  =      12
 NHPARM =       0 NPARM  =       0 NNB   =    2514 NRES   =     604
 NBONA  =      12 NTHETA =      12 NPHIA =      12 NUMBND =       4
 NUMANG =       4 NPTRA  =       1 NATYP =       4 NPHB   =       0
 IFBOX  =       1 NMXRS  =      12 IFCAP =       0 NEXTRA =       0
 NCOPY  =       0

| Coordinate Index Table dimensions:     6    6    6
| Direct force subcell size =     4.8699    4.9024    5.1101

     BOX TYPE: RECTILINEAR

--------------------------------------------------------------------------------
   2.  CONTROL  DATA  FOR  THE  RUN
--------------------------------------------------------------------------------

NIL                                                                             

General flags:
     imin    =       0, nmropt  =       1

Nature and format of input:
     ntx     =       1, irest   =       0, ntrx    =       1

Nature and format of output:
     ntxo    =       2, ntpr    =    1000, ntrx    =       1, ntwr    =    5000
     iwrap   =       1, ntwx    =    1000, ntwv    =       0, ntwe    =    1000
     ioutfm  =       1, ntwprt  =       0, idecomp =       0, rbornstat=      0

Potential function:
     ntf     =       1, ntb     =       1, igb     =       0, nsnb    =      25
     ipol    =       0, gbsa    =       0, iesp    =       0
     dielc   =   1.00000, cut     =   8.00000, intdiel =   1.00000

Frozen or restrained atoms:
     ibelly  =       0, ntr     =       1
     restraint_wt =   5.00000

Molecular dynamics:
     nstlim  =     10000, nscm    =         0, nrespa  =         1
     t       =   0.00000, dt      =   0.00200, vlimit  =  20.00000

Langevin dynamics temperature regulation:
     ig      =  658425
     temp0   = 300.00000, tempi   =  50.00000, gamma_ln=   2.00000

SHAKE:
     ntc     =       2, jfastw  =       0
     tol     =   0.00001

NMR refinement options:
     iscale  =       0, noeskp  =       1, ipnlty  =       1, mxsub   =       1
     scalm   = 100.00000, pencut  =   0.10000, tausw   =   0.10000

Free energy options:
     icfe    =       1, ifsc    =       0, klambda =       1
     clambda =  0.3000, scalpha =  0.5000, scbeta  = 12.0000
     sceeorder =       2
     dynlmb =  0.0000 logdvdl =       0

| Intermolecular bonds treatment:
|     no_intermolecular_bonds =       1

| Energy averages sample interval:
|     ene_avg_sampling =    1000

Ewald parameters:
     verbose =       0, ew_type =       0, nbflag  =       1, use_pme =       1
     vdwmeth =       1, eedmeth =       1, netfrc  =       1
     Box X =   29.219   Box Y =   29.414   Box Z =   30.661
     Alpha =   90.000   Beta  =   90.000   Gamma =   90.000
     NFFT1 =   32       NFFT2 =   32       NFFT3 =   32
     Cutoff=    8.000   Tol   =0.100E-04
     Ewald Coefficient =  0.34864
     Interpolation order =    4

    LOADING THE CONSTRAINED ATOMS AS GROUPS


   5.  REFERENCE ATOM COORDINATES

  NIL                                                                             
     Mask !:WAT & !@H=; matches    12 atoms
     TI Mask 1 :1; matches     12 atoms
     TI Mask 2 :2; matches     12 atoms
     TI region 1:    1818 atoms
     TI region 2:    1818 atoms
Removing charge of       0.1300 from atom      24
Total charge of   0.13000000 removed from       1 atoms
     Checking for mismatched coordinates.

--------------------------------------------------------------------------------
   3.  ATOMIC COORDINATES AND VELOCITIES
--------------------------------------------------------------------------------

NIL                                                                             
 begin time read from input coords =     0.000 ps



           Begin reading energy term weight changes/NMR restraints
 WEIGHT CHANGES:
 TEMP0         0   8000   50.000000  300.000000      0      0

 RESTRAINTS:
                          ** No restraint defined **

                  Done reading weight changes/NMR restraints


 
 Number of triangulated 3-point waters found:      602

     Sum of charges for TI region  1 =   0.00000132
     Forcing neutrality...


     Sum of charges for TI region  2 =  -0.12999868
     Assuming uniform neutralizing plasma

| Dynamic Memory, Types Used:
| Reals              197968
| Integers            82070

| Nonbonded Pairs Initial Allocation:      305655

| GPU memory information (estimate):
| KB of GPU memory in use:         0
| KB of CPU memory in use:         0

--------------------------------------------------------------------------------
   4.  RESULTS
--------------------------------------------------------------------------------


| TI region  1


 NSTEP =        0   TIME(PS) =       0.000  TEMP(K) =    74.95  PRESS =     0.0
 Etot   =     -4508.0421  EKtot   =       271.2129  EPtot      =     -4779.2551
 BOND   =         3.8311  ANGLE   =         3.0333  DIHED      =         2.0154
 1-4 NB =        13.0694  1-4 EEL =         4.7494  VDWAALS    =       697.9500
 EELEC  =     -5503.9037  EHBOND  =         0.0000  RESTRAINT  =         0.0000
 DV/DL  =        -5.9172
 ------------------------------------------------------------------------------


| TI region  2


 NSTEP =        0   TIME(PS) =       0.000  TEMP(K) =    74.95  PRESS =     0.0
 Etot   =     -4508.0421  EKtot   =       271.2129  EPtot      =     -4779.2551
 BOND   =         3.8311  ANGLE   =         3.0333  DIHED      =         2.0154
 1-4 NB =        13.0694  1-4 EEL =         4.7494  VDWAALS    =       697.9500
 EELEC  =     -5503.9037  EHBOND  =         0.0000  RESTRAINT  =         0.0000
 DV/DL  =        -5.9172
 ------------------------------------------------------------------------------

 NMR restraints: Bond =    0.000   Angle =     0.000   Torsion =     0.000
===============================================================================
wrapping first mol.:      -29.21910      -29.41440      -30.66080

| TI region  1


 NSTEP =     1000   TIME(PS) =       2.000  TEMP(K) =    86.73  PRESS =     0.0
 Etot   =     -6266.9051  EKtot   =       313.8388  EPtot      =     -6580.7439
 BOND   =         1.1949  ANGLE   =         1.3192  DIHED      =         0.2144
 1-4 NB =        12.3337  1-4 EEL =         4.6982  VDWAALS    =      1238.2481
 EELEC  =     -7839.2683  EHBOND  =         0.0000  RESTRAINT  =         0.5159
 EAMBER (non-restraint)  =     -6581.2598
 DV/DL  =        -5.8912
 ------------------------------------------------------------------------------


| TI region  2


 NSTEP =     1000   TIME(PS) =       2.000  TEMP(K) =    86.73  PRESS =     0.0
 Etot   =     -6266.9051  EKtot   =       313.8388  EPtot      =     -6580.7439
 BOND   =         1.1949  ANGLE   =         1.3192  DIHED      =         0.2144
 1-4 NB =        12.3337  1-4 EEL =         4.6982  VDWAALS    =      1238.2481
 EELEC  =     -7839.2683  EHBOND  =         0.0000  RESTRAINT  =         0.5159
 EAMBER (non-restraint)  =     -6581.2598
 DV/DL  =        -5.8912
 ------------------------------------------------------------------------------

 NMR restraints: Bond =    0.000   Angle =     0.000   Torsion =     0.000
===============================================================================
wrapping first mol.:      -29.21910      -29.41440      -30.66080

| TI region  1


 NSTEP =     2000   TIME(PS) =       4.000  TEMP(K) =   101.66  PRESS =     0.0
 Etot   =     -6176.4908  EKtot   =       367.8586  EPtot      =     -6544.3495
 BOND   =         2.9582  ANGLE   =         1.3037  DIHED      =         1.1863
 1-4 NB =        11.6349  1-4 EEL =         4.7086  VDWAALS    =      1190.5048
 EELEC  =     -7756.8596  EHBOND  =         0.0000  RESTRAINT  =         0.2136
 EAMBER (non-restraint)  =     -6544.5631
 DV/DL  =        -6.1527
 ------------------------------------------------------------------------------


| TI region  2


 NSTEP =     2000   TIME(PS) =       4.000  TEMP(K) =   101.66  PRESS =     0.0
 Etot   =     -6176.4908  EKtot   =       367.8586  EPtot      =     -6544.3495
 BOND   =         2.9582  ANGLE   =         1.3037  DIHED      =         1.1863
 1-4 NB =        11.6349  1-4 EEL =         4.7086  VDWAALS    =      1190.5048
 EELEC  =     -7756.8596  EHBOND  =         0.0000  RESTRAINT  =         0.2136
 EAMBER (non-restraint)  =     -6544.5631
 DV/DL  =        -6.1527
 ------------------------------------------------------------------------------

 NMR restraints: Bond =    0.000   Angle =     0.000   Torsion =     0.000
===============================================================================
wrapping first mol.:      -29.21910      -29.41440      -30.66080

| TI region  1


 NSTEP =     3000   TIME(PS) =       6.000  TEMP(K) =   132.81  PRESS =     0.0
 Etot   =     -5955.6375  EKtot   =       480.5839  EPtot      =     -6436.2213
 BOND   =         2.4457  ANGLE   =         0.7990  DIHED      =         0.5825
 1-4 NB =        12.0809  1-4 EEL =         4.7233  VDWAALS    =      1157.6497
 EELEC  =     -7614.8956  EHBOND  =         0.0000  RESTRAINT  =         0.3931
 EAMBER (non-restraint)  =     -6436.6145
 DV/DL  =        -4.3260
 ------------------------------------------------------------------------------


| TI region  2


 NSTEP =     3000   TIME(PS) =       6.000  TEMP(K) =   132.81  PRESS =     0.0
 Etot   =     -5955.6375  EKtot   =       480.5839  EPtot      =     -6436.2213
 BOND   =         2.4457  ANGLE   =         0.7990  DIHED      =         0.5825
 1-4 NB =        12.0809  1-4 EEL =         4.7233  VDWAALS    =      1157.6497
 EELEC  =     -7614.8956  EHBOND  =         0.0000  RESTRAINT  =         0.3931
 EAMBER (non-restraint)  =     -6436.6145
 DV/DL  =        -4.3260
 ------------------------------------------------------------------------------

 NMR restraints: Bond =    0.000   Angle =     0.000   Torsion =     0.000
===============================================================================
wrapping first mol.:      -29.21910      -29.41440      -30.66080

| TI region  1


 NSTEP =     4000   TIME(PS) =       8.000  TEMP(K) =   172.58  PRESS =     0.0
 Etot   =     -5745.8465  EKtot   =       624.5257  EPtot      =     -6370.3722
 BOND   =         0.8007  ANGLE   =         1.2943  DIHED      =         1.9868
 1-4 NB =        12.5783  1-4 EEL =         4.7158  VDWAALS    =      1161.8698
 EELEC  =     -7554.6753  EHBOND  =         0.0000  RESTRAINT  =         1.0575
 EAMBER (non-restraint)  =     -6371.4297
 DV/DL  =        -5.7696
 ------------------------------------------------------------------------------


| TI region  2


 NSTEP =     4000   TIME(PS) =       8.000  TEMP(K) =   172.58  PRESS =     0.0
 Etot   =     -5745.8465  EKtot   =       624.5257  EPtot      =     -6370.3722
 BOND   =         0.8007  ANGLE   =         1.2943  DIHED      =         1.9868
 1-4 NB =        12.5783  1-4 EEL =         4.7158  VDWAALS    =      1161.8698
 EELEC  =     -7554.6753  EHBOND  =         0.0000  RESTRAINT  =         1.0575
 EAMBER (non-restraint)  =     -6371.4297
 DV/DL  =        -5.7696
 ------------------------------------------------------------------------------

 NMR restraints: Bond =    0.000   Angle =     0.000   Torsion =     0.000
===============================================================================
wrapping first mol.:      -29.21910      -29.41440      -30.66080
wrapping first mol.:      -29.21910      -29.41440      -30.66080

| TI region  1


 NSTEP =     5000   TIME(PS) =      10.000  TEMP(K) =   198.43  PRESS =     0.0
 Etot   =     -5541.7184  EKtot   =       718.0401  EPtot      =     -6259.7585
 BOND   =         2.7274  ANGLE   =         2.6135  DIHED      =         1.7274
 1-4 NB =        13.5535  1-4 EEL =         4.7546  VDWAALS    =      1080.7862
 EELEC  =     -7367.0587  EHBOND  =         0.0000  RESTRAINT  =         1.1376
 EAMBER (non-restraint)  =     -6260.8961
 DV/DL  =        -6.1116
 ------------------------------------------------------------------------------


| TI region  2


 NSTEP =     5000   TIME(PS) =      10.000  TEMP(K) =   198.43  PRESS =     0.0
 Etot   =     -5541.7184  EKtot   =       718.0401  EPtot      =     -6259.7585
 BOND   =         2.7274  ANGLE   =         2.6135  DIHED      =         1.7274
 1-4 NB =        13.5535  1-4 EEL =         4.7546  VDWAALS    =      1080.7862
 EELEC  =     -7367.0587  EHBOND  =         0.0000  RESTRAINT  =         1.1376
 EAMBER (non-restraint)  =     -6260.8961
 DV/DL  =        -6.1116
 ------------------------------------------------------------------------------

 NMR restraints: Bond =    0.000   Angle =     0.000   Torsion =     0.000
===============================================================================
wrapping first mol.:      -29.21910      -29.41440      -30.66080

| TI region  1


 NSTEP =     6000   TIME(PS) =      12.000  TEMP(K) =   220.32  PRESS =     0.0
 Etot   =     -5233.0190  EKtot   =       797.2679  EPtot      =     -6030.2868
 BOND   =         1.9540  ANGLE   =         3.4571  DIHED      =         3.9025
 1-4 NB =        12.1657  1-4 EEL =         4.7483  VDWAALS    =       999.8757
 EELEC  =     -7057.6899  EHBOND  =         0.0000  RESTRAINT  =         1.2999
 EAMBER (non-restraint)  =     -6031.5867
 DV/DL  =        -4.0624
 ------------------------------------------------------------------------------


| TI region  2


 NSTEP =     6000   TIME(PS) =      12.000  TEMP(K) =   220.32  PRESS =     0.0
 Etot   =     -5233.0190  EKtot   =       797.2679  EPtot      =     -6030.2868
 BOND   =         1.9540  ANGLE   =         3.4571  DIHED      =         3.9025
 1-4 NB =        12.1657  1-4 EEL =         4.7483  VDWAALS    =       999.8757
 EELEC  =     -7057.6899  EHBOND  =         0.0000  RESTRAINT  =         1.2999
 EAMBER (non-restraint)  =     -6031.5867
 DV/DL  =        -4.0624
 ------------------------------------------------------------------------------

 NMR restraints: Bond =    0.000   Angle =     0.000   Torsion =     0.000
===============================================================================
wrapping first mol.:      -29.21910      -29.41440      -30.66080

| TI region  1


 NSTEP =     7000   TIME(PS) =      14.000  TEMP(K) =   247.67  PRESS =     0.0
 Etot   =     -4928.8383  EKtot   =       896.2308  EPtot      =     -5825.0691
 BOND   =         4.3191  ANGLE   =         2.8094  DIHED      =         3.7148
 1-4 NB =        11.3077  1-4 EEL =         4.6715  VDWAALS    =       961.9375
 EELEC  =     -6816.1270  EHBOND  =         0.0000  RESTRAINT  =         2.2980
 EAMBER (non-restraint)  =     -5827.3670
 DV/DL  =        -5.0707
 ------------------------------------------------------------------------------


| TI region  2


 NSTEP =     7000   TIME(PS) =      14.000  TEMP(K) =   247.67  PRESS =     0.0
 Etot   =     -4928.8383  EKtot   =       896.2308  EPtot      =     -5825.0691
 BOND   =         4.3191  ANGLE   =         2.8094  DIHED      =         3.7148
 1-4 NB =        11.3077  1-4 EEL =         4.6715  VDWAALS    =       961.9375
 EELEC  =     -6816.1270  EHBOND  =         0.0000  RESTRAINT  =         2.2980
 EAMBER (non-restraint)  =     -5827.3670
 DV/DL  =        -5.0707
 ------------------------------------------------------------------------------

 NMR restraints: Bond =    0.000   Angle =     0.000   Torsion =     0.000
===============================================================================
wrapping first mol.:      -29.21910      -29.41440      -30.66080

| TI region  1


 NSTEP =     8000   TIME(PS) =      16.000  TEMP(K) =   297.47  PRESS =     0.0
 Etot   =     -4451.6917  EKtot   =      1076.4428  EPtot      =     -5528.1345
 BOND   =         2.2014  ANGLE   =         2.6882  DIHED      =         3.1977
 1-4 NB =        11.5236  1-4 EEL =         4.7108  VDWAALS    =       878.9933
 EELEC  =     -6434.2655  EHBOND  =         0.0000  RESTRAINT  =         2.8161
 EAMBER (non-restraint)  =     -5530.9506
 DV/DL  =        -5.5337
 ------------------------------------------------------------------------------


| TI region  2


 NSTEP =     8000   TIME(PS) =      16.000  TEMP(K) =   297.47  PRESS =     0.0
 Etot   =     -4451.6917  EKtot   =      1076.4428  EPtot      =     -5528.1345
 BOND   =         2.2014  ANGLE   =         2.6882  DIHED      =         3.1977
 1-4 NB =        11.5236  1-4 EEL =         4.7108  VDWAALS    =       878.9933
 EELEC  =     -6434.2655  EHBOND  =         0.0000  RESTRAINT  =         2.8161
 EAMBER (non-restraint)  =     -5530.9506
 DV/DL  =        -5.5337
 ------------------------------------------------------------------------------

 NMR restraints: Bond =    0.000   Angle =     0.000   Torsion =     0.000
===============================================================================
wrapping first mol.:      -29.21910      -29.41440      -30.66080

| TI region  1


 NSTEP =     9000   TIME(PS) =      18.000  TEMP(K) =   298.86  PRESS =     0.0
 Etot   =     -4372.4994  EKtot   =      1081.4632  EPtot      =     -5453.9627
 BOND   =         4.7617  ANGLE   =         2.2222  DIHED      =         3.2022
 1-4 NB =        10.8528  1-4 EEL =         4.6530  VDWAALS    =       750.5801
 EELEC  =     -6231.4625  EHBOND  =         0.0000  RESTRAINT  =         1.2280
 EAMBER (non-restraint)  =     -5455.1907
 DV/DL  =        -5.4671
 ------------------------------------------------------------------------------


| TI region  2


 NSTEP =     9000   TIME(PS) =      18.000  TEMP(K) =   298.86  PRESS =     0.0
 Etot   =     -4372.4994  EKtot   =      1081.4632  EPtot      =     -5453.9627
 BOND   =         4.7617  ANGLE   =         2.2222  DIHED      =         3.2022
 1-4 NB =        10.8528  1-4 EEL =         4.6530  VDWAALS    =       750.5801
 EELEC  =     -6231.4625  EHBOND  =         0.0000  RESTRAINT  =         1.2280
 EAMBER (non-restraint)  =     -5455.1907
 DV/DL  =        -5.4671
 ------------------------------------------------------------------------------

 NMR restraints: Bond =    0.000   Angle =     0.000   Torsion =     0.000
===============================================================================
wrapping first mol.:      -29.21910      -29.41440      -30.66080
wrapping first mol.:      -29.21910      -29.41440      -30.66080

| TI region  1


 NSTEP =    10000   TIME(PS) =      20.000  TEMP(K) =   302.45  PRESS =     0.0
 Etot   =     -4395.2229  EKtot   =      1094.4508  EPtot      =     -5489.6737
 BOND   =         2.5125  ANGLE   =         3.4026  DIHED      =         2.8622
 1-4 NB =        12.7672  1-4 EEL =         4.7542  VDWAALS    =       866.8723
 EELEC  =     -6383.8751  EHBOND  =         0.0000  RESTRAINT  =         1.0304
 EAMBER (non-restraint)  =     -5490.7042
 DV/DL  =        -4.0981
 ------------------------------------------------------------------------------


| TI region  2


 NSTEP =    10000   TIME(PS) =      20.000  TEMP(K) =   302.45  PRESS =     0.0
 Etot   =     -4395.2229  EKtot   =      1094.4508  EPtot      =     -5489.6737
 BOND   =         2.5125  ANGLE   =         3.4026  DIHED      =         2.8622
 1-4 NB =        12.7672  1-4 EEL =         4.7542  VDWAALS    =       866.8723
 EELEC  =     -6383.8751  EHBOND  =         0.0000  RESTRAINT  =         1.0304
 EAMBER (non-restraint)  =     -5490.7042
 DV/DL  =        -4.0981
 ------------------------------------------------------------------------------

 NMR restraints: Bond =    0.000   Angle =     0.000   Torsion =     0.000
===============================================================================

| TI region  1


      A V E R A G E S   O V E R      10 S T E P S


 NSTEP =    10000   TIME(PS) =      20.000  TEMP(K) =   205.90  PRESS =     0.0
 Etot   =     -5306.7870  EKtot   =       745.0703  EPtot      =     -6051.8572
 BOND   =         2.5876  ANGLE   =         2.1909  DIHED      =         2.2577
 1-4 NB =        12.0798  1-4 EEL =         4.7138  VDWAALS    =      1028.7317
 EELEC  =     -7105.6178  EHBOND  =         0.0000  RESTRAINT  =         1.1990
 EAMBER (non-restraint)  =     -6053.0562
 DV/DL  =        -5.2483
 ------------------------------------------------------------------------------

 NMR restraints: Bond =    0.000   Angle =     0.000   Torsion =     0.000
===============================================================================

      R M S  F L U C T U A T I O N S


 NSTEP =    10000   TIME(PS) =      20.000  TEMP(K) =    77.38  PRESS =     0.0
 Etot   =       702.1753  EKtot   =       280.0130  EPtot      =       425.9568
 BOND   =         1.1658  ANGLE   =         0.9038  DIHED      =         1.2431
 1-4 NB =         0.7466  1-4 EEL =         0.0322  VDWAALS    =       154.4038
 EELEC  =       575.6390  EHBOND  =         0.0000  RESTRAINT  =         0.7728
 EAMBER (non-restraint)  =       425.1840
 DV/DL  =         0.7739
 ------------------------------------------------------------------------------


| TI region  2


      A V E R A G E S   O V E R      10 S T E P S


 NSTEP =    10000   TIME(PS) =      20.000  TEMP(K) =   205.90  PRESS =     0.0
 Etot   =     -5306.7870  EKtot   =       745.0703  EPtot      =     -6051.8572
 BOND   =         2.5876  ANGLE   =         2.1909  DIHED      =         2.2577
 1-4 NB =        12.0798  1-4 EEL =         4.7138  VDWAALS    =      1028.7317
 EELEC  =     -7105.6178  EHBOND  =         0.0000  RESTRAINT  =         1.1990
 EAMBER (non-restraint)  =     -6053.0562
 DV/DL  =        -5.2483
 ------------------------------------------------------------------------------

 NMR restraints: Bond =    0.000   Angle =     0.000   Torsion =     0.000
===============================================================================

      R M S  F L U C T U A T I O N S


 NSTEP =    10000   TIME(PS) =      20.000  TEMP(K) =    77.38  PRESS =     0.0
 Etot   =       702.1753  EKtot   =       280.0130  EPtot      =       425.9568
 BOND   =         1.1658  ANGLE   =         0.9038  DIHED      =         1.2431
 1-4 NB =         0.7466  1-4 EEL =         0.0322  VDWAALS    =       154.4038
 EELEC  =       575.6390  EHBOND  =         0.0000  RESTRAINT  =         0.7728
 EAMBER (non-restraint)  =       425.1840
 DV/DL  =         0.7739
 ------------------------------------------------------------------------------


      DV/DL, AVERAGES OVER      10 STEPS


 NSTEP =    10000   TIME(PS) =      20.000  TEMP(K) =    77.38  PRESS =     0.0
 Etot   =         0.0000  EKtot   =         0.0000  EPtot      =        -5.2483
 BOND   =         0.0000  ANGLE   =         0.0000  DIHED      =         0.0000
 1-4 NB =         0.0000  1-4 EEL =        -1.0108  VDWAALS    =         0.0000
 EELEC  =        -4.2376  EHBOND  =         0.0000  RESTRAINT  =         0.0000
 DV/DL  =        -5.2483
 ------------------------------------------------------------------------------


 NMR restraints on final step:

--------------------------------------------------------------------------------
   5.  TIMINGS
--------------------------------------------------------------------------------

|  NonSetup CPU Time in Major Routines:
|
|     Routine           Sec        %
|     ------------------------------
|     Nonbond           3.16   45.37
|     Bond              0.00    0.00
|     Angle             0.00    0.00
|     Dihedral          0.00    0.00
|     Shake             0.05    0.78
|     RunMD             3.72   53.48
|     Other             0.03    0.38
|     ------------------------------
|     Total             6.96

|  PME Nonbond Pairlist CPU Time:
|
|     Routine              Sec        %
|     ---------------------------------
|     Set Up Cit           0.00    0.00
|     Build List           0.00    0.00
|     ---------------------------------
|     Total                0.00    0.00

|  PME Direct Force CPU Time:
|
|     Routine              Sec        %
|     ---------------------------------
|     NonBonded Calc       0.00    0.00
|     Exclude Masked       0.00    0.00
|     Other                0.02    0.26
|     ---------------------------------
|     Total                0.02    0.26

|  PME Reciprocal Force CPU Time:
|
|     Routine              Sec        %
|     ---------------------------------
|     1D bspline           0.00    0.00
|     Grid Charges         0.00    0.00
|     Scalar Sum           0.00    0.00
|     Gradient Sum         0.00    0.00
|     FFT                  0.00    0.00
|     ---------------------------------
|     Total                0.00    0.00

|  Final Performance Info:
|     -----------------------------------------------------
|     Average timings for last   10000 steps:
|     Elapsed(s) =       6.96 Per Step(ms) =       0.70
|         ns/day =     248.35   seconds/ns =     347.89
|
|     Average timings for all steps:
|     Elapsed(s) =       6.96 Per Step(ms) =       0.70
|         ns/day =     248.35   seconds/ns =     347.89
|     -----------------------------------------------------

|  Setup CPU time:            1.12 seconds
|  NonSetup CPU time:         6.96 seconds
|  Total CPU time:            8.08 seconds     0.00 hours

|  Setup wall time:           3    seconds
|  NonSetup wall time:        7    seconds
|  Total wall time:          10    seconds     0.00 hours
