
          -------------------------------------------------------
          Amber 16 PMEMD                              2016
          -------------------------------------------------------

| PMEMD implementation of SANDER, Release 16

| Run on 02/28/2019 at 04:17:36

|   Executable path: /opt/amber/bin/pmemd.cuda
| Working directory: /mnt/part2/home/meister/runjobs
|          Hostname: Unknown
  [-O]verwriting output

File Assignments:
|   MDIN: AA-AB/complex/decharge/0.700/heat.in                                  
|  MDOUT: AA-AB/complex/decharge/0.700/heat.out.tmp                             
| INPCRD: AA-AB/complex/decharge/decharge.rst7                                  
|   PARM: AA-AB/complex/decharge/decharge.parm7                                 
| RESTRT: AA-AB/complex/decharge/0.700/heat.rst7.tmp                            
|   REFC: AA-AB/complex/decharge/decharge.rst7                                  
|  MDVEL: mdvel                                                                 
|   MDEN: AA-AB/complex/decharge/0.700/heat.en.tmp                              
|  MDCRD: AA-AB/complex/decharge/0.700/heat.nc.tmp                              
| MDINFO: AA-AB/complex/decharge/0.700/heat.info.tmp                            
|  MDFRC: mdfrc                                                                 


 Here is the input file:

heating                                                                        
 &cntrl                                                                        
   imin = 0, nstlim = 10000, irest = 0, ntx = 1, dt = 0.002,                   
   ntt = 3, temp0 = 300.0, gamma_ln = 2.0, ig = -1,                            
   tempi = 50.0, tautp = 1.0,                                                  
   vlimit = 20,                                                                
   ntc = 2, ntf = 1,                                                           
   ntb = 1,                                                                    
   ioutfm = 1, iwrap = 1,                                                      
   ntwe = 1000, ntwx = 1000, ntpr = 1000, ntwr = 5000,                         
                                                                               
   nmropt = 1,                                                                 
   ntr = 1, restraint_wt = 5.00,                                               
   restraintmask='!:WAT & !@H=',                                               
                                                                               
   icfe = 1, clambda = 0.700, scalpha = 0.5, scbeta = 12.0,                    
   logdvdl = 0,                                                                
   timask1 = ':1', timask2 = ':2',                                             
   ifsc = 0, CRGMASK = ':2@H7,O1'                                              
 /                                                                             
                                                                               
 &ewald                                                                        
 /                                                                             
                                                                               
 &wt                                                                           
   type='TEMP0',                                                               
   istep1 = 0, istep2 = 8000,                                                  
   value1 = 50.0, value2 = 300.0                                               
 /                                                                             
                                                                               
 &wt type = 'END'                                                              
 /                                                                             


Note: ig = -1. Setting random seed to   671044 based on wallclock time in 
      microseconds.
| irandom = 1, using AMBER's internal random number generator (default).
 
|--------------------- INFORMATION ----------------------
| GPU (CUDA) Version of PMEMD in use: NVIDIA GPU IN USE.
|                    Version 18.0.0
| 
|                      03/25/2018
| 
| Implementation by:
|                    Ross C. Walker     (SDSC)
|                    Scott Le Grand     (nVIDIA)
| 
| Version 18 performance extensions by:
|                    David Cerutti     (Rutgers)
| 
| Precision model in use:
|      [SPFP] - Single Precision Forces, 64-bit Fixed Point
|               Accumulation. (Default)
| 
|--------------------------------------------------------
 
|----------------- CITATION INFORMATION -----------------
|
|    When publishing work that utilized the CUDA version
|    of AMBER, please cite the following in addition to
|    the regular AMBER citations:
|
|  - Romelia Salomon-Ferrer; Andreas W. Goetz; Duncan
|    Poole; Scott Le Grand; Ross C. Walker "Routine
|    microsecond molecular dynamics simulations with
|    AMBER - Part II: Particle Mesh Ewald", J. Chem.
|    Theory Comput., 2013, 9 (9), pp3878-3888,
|    DOI: 10.1021/ct400314y.
|
|  - Andreas W. Goetz; Mark J. Williamson; Dong Xu;
|    Duncan Poole; Scott Le Grand; Ross C. Walker
|    "Routine microsecond molecular dynamics simulations
|    with AMBER - Part I: Generalized Born", J. Chem.
|    Theory Comput., 2012, 8 (5), pp1542-1555.
|
|  - Scott Le Grand; Andreas W. Goetz; Ross C. Walker
|    "SPFP: Speed without compromise - a mixed precision
|    model for GPU accelerated molecular dynamics
|    simulations.", Comp. Phys. Comm., 2013, 184
|    pp374-380, DOI: 10.1016/j.cpc.2012.09.022
|
|    When publishing work that utilized the CUDA version
|    of TI, BAR, MBAR or FEP please cite the following 
|    publications in addition to the regular AMBER 
|    GPU citations:
|
|  - Daniel J. Mermelstein; Charles Lin; Gard Nelson; 
|    Rachael Kretsch; J. Andrew McCammon; Ross C. Walker
|    "Fast and Flexible GPU Accelerated Binding 
|    Free Energy Calculations within the AMBER Molecular
|    Dynamics Package" J. Comp. Chem., 2018,
|    DOI: 10.1002/jcc.25187
|
|  - Tai-Sung Lee; Yuan Hu; Brad Sherborne; Zhuyan Guo;
|    Darrin M. York
|    "Toward Fast and Accurate Binding Affinity Prediction with
|    pmemdGTI: An Efficient Implementation of GPU-Accelerated
|    Thermodynamic Integration"
|    J. Chem. Theory Comput., 2017, 13 (7), 3077
|
|
|--------------------------------------------------------
 
|------------------- GPU DEVICE INFO --------------------
|
|            CUDA_VISIBLE_DEVICES: not set
|   CUDA Capable Devices Detected:      1
|           CUDA Device ID in use:      0
|                CUDA Device Name: Tesla K80
|     CUDA Device Global Mem Size:  11441 MB
| CUDA Device Num Multiprocessors:     13
|           CUDA Device Core Freq:   0.82 GHz
|
|--------------------------------------------------------
 
 
| Conditional Compilation Defines Used:
| PUBFFT
| BINTRAJ
| CUDA
| EMIL

| Largest sphere to fit in unit cell has radius =    30.763

| New format PARM file being parsed.
| Version =    1.000 Date = 02/27/19 Time = 22:41:27

| Note: 1-4 EEL scale factors are being read from the topology file.

| Note: 1-4 VDW scale factors are being read from the topology file.
| Duplicated    0 dihedrals

| Duplicated    0 dihedrals

--------------------------------------------------------------------------------
   1.  RESOURCE   USE: 
--------------------------------------------------------------------------------

 getting new box info from bottom of inpcrd
 NATOM  =   24924 NTYPES =      16 NBONH =   23618 MBONA  =    1322
 NTHETH =   25286 MTHETA =    1777 NPHIH =    6059 MPHIA  =    5533
 NHPARM =       0 NPARM  =       0 NNB   =   44138 NRES   =    7599
 NBONA  =    1322 NTHETA =    1777 NPHIA =    5533 NUMBND =      67
 NUMANG =     153 NPTRA  =     185 NATYP =      36 NPHB   =       0
 IFBOX  =       1 NMXRS  =      24 IFCAP =       0 NEXTRA =       0
 NCOPY  =       0

| Coordinate Index Table dimensions:    13   14   16
| Direct force subcell size =     4.7328    4.6773    4.5903

     BOX TYPE: RECTILINEAR

--------------------------------------------------------------------------------
   2.  CONTROL  DATA  FOR  THE  RUN
--------------------------------------------------------------------------------

NIL                                                                             

General flags:
     imin    =       0, nmropt  =       1

Nature and format of input:
     ntx     =       1, irest   =       0, ntrx    =       1

Nature and format of output:
     ntxo    =       2, ntpr    =    1000, ntrx    =       1, ntwr    =    5000
     iwrap   =       1, ntwx    =    1000, ntwv    =       0, ntwe    =    1000
     ioutfm  =       1, ntwprt  =       0, idecomp =       0, rbornstat=      0

Potential function:
     ntf     =       1, ntb     =       1, igb     =       0, nsnb    =      25
     ipol    =       0, gbsa    =       0, iesp    =       0
     dielc   =   1.00000, cut     =   8.00000, intdiel =   1.00000

Frozen or restrained atoms:
     ibelly  =       0, ntr     =       1
     restraint_wt =   5.00000

Molecular dynamics:
     nstlim  =     10000, nscm    =         0, nrespa  =         1
     t       =   0.00000, dt      =   0.00200, vlimit  =  20.00000

Langevin dynamics temperature regulation:
     ig      =  671044
     temp0   = 300.00000, tempi   =  50.00000, gamma_ln=   2.00000

SHAKE:
     ntc     =       2, jfastw  =       0
     tol     =   0.00001

NMR refinement options:
     iscale  =       0, noeskp  =       1, ipnlty  =       1, mxsub   =       1
     scalm   = 100.00000, pencut  =   0.10000, tausw   =   0.10000

Free energy options:
     icfe    =       1, ifsc    =       0, klambda =       1
     clambda =  0.7000, scalpha =  0.5000, scbeta  = 12.0000
     sceeorder =       2
     dynlmb =  0.0000 logdvdl =       0

| Intermolecular bonds treatment:
|     no_intermolecular_bonds =       1

| Energy averages sample interval:
|     ene_avg_sampling =    1000

Ewald parameters:
     verbose =       0, ew_type =       0, nbflag  =       1, use_pme =       1
     vdwmeth =       1, eedmeth =       1, netfrc  =       1
     Box X =   61.526   Box Y =   65.482   Box Z =   73.445
     Alpha =   90.000   Beta  =   90.000   Gamma =   90.000
     NFFT1 =   64       NFFT2 =   64       NFFT3 =   80
     Cutoff=    8.000   Tol   =0.100E-04
     Ewald Coefficient =  0.34864
     Interpolation order =    4

    LOADING THE CONSTRAINED ATOMS AS GROUPS


   5.  REFERENCE ATOM COORDINATES

  NIL                                                                             
     Mask !:WAT & !@H=; matches  1306 atoms
     TI Mask 1 :1; matches     12 atoms
     TI Mask 2 :2; matches     12 atoms
     TI region 1:   24912 atoms
     TI region 2:   24912 atoms
Removing charge of       0.1300 from atom      24
Total charge of   0.13000000 removed from       1 atoms
     Checking for mismatched coordinates.

--------------------------------------------------------------------------------
   3.  ATOMIC COORDINATES AND VELOCITIES
--------------------------------------------------------------------------------

NIL                                                                             
 begin time read from input coords =     0.000 ps



           Begin reading energy term weight changes/NMR restraints
 WEIGHT CHANGES:
 TEMP0         0   8000   50.000000  300.000000      0      0

 RESTRAINTS:
                          ** No restraint defined **

                  Done reading weight changes/NMR restraints


 
 Number of triangulated 3-point waters found:     7431

     Sum of charges for TI region  1 =   0.00041629
     Forcing neutrality...


     Sum of charges for TI region  2 =  -0.12958371
     Assuming uniform neutralizing plasma

| Dynamic Memory, Types Used:
| Reals             1149033
| Integers          1361286

| Nonbonded Pairs Initial Allocation:     4162931

| GPU memory information (estimate):
| KB of GPU memory in use:         0
| KB of CPU memory in use:         0

--------------------------------------------------------------------------------
   4.  RESULTS
--------------------------------------------------------------------------------


| TI region  1


 NSTEP =        0   TIME(PS) =       0.000  TEMP(K) =    72.97  PRESS =     0.0
 Etot   =    -65093.2616  EKtot   =      3706.8172  EPtot      =    -68800.0788
 BOND   =       486.2310  ANGLE   =      1251.9780  DIHED      =      2033.6697
 1-4 NB =       679.0689  1-4 EEL =      6051.6866  VDWAALS    =      8293.8398
 EELEC  =    -87596.5528  EHBOND  =         0.0000  RESTRAINT  =         0.0000
 DV/DL  =        -7.3185
 ------------------------------------------------------------------------------


| TI region  2


 NSTEP =        0   TIME(PS) =       0.000  TEMP(K) =    72.97  PRESS =     0.0
 Etot   =    -65093.2616  EKtot   =      3706.8172  EPtot      =    -68800.0788
 BOND   =       486.2310  ANGLE   =      1251.9780  DIHED      =      2033.6697
 1-4 NB =       679.0689  1-4 EEL =      6051.6866  VDWAALS    =      8293.8398
 EELEC  =    -87596.5528  EHBOND  =         0.0000  RESTRAINT  =         0.0000
 DV/DL  =        -7.3185
 ------------------------------------------------------------------------------

 NMR restraints: Bond =    0.000   Angle =     0.000   Torsion =     0.000
===============================================================================
wrapping first mol.:      -61.52620      -65.48220      -73.44500

| TI region  1


 NSTEP =     1000   TIME(PS) =       2.000  TEMP(K) =    82.92  PRESS =     0.0
 Etot   =    -84710.1052  EKtot   =      4211.8618  EPtot      =    -88921.9670
 BOND   =       185.3005  ANGLE   =       483.9490  DIHED      =      1847.9963
 1-4 NB =       600.7626  1-4 EEL =      6052.8722  VDWAALS    =     14108.7205
 EELEC  =   -112320.1070  EHBOND  =         0.0000  RESTRAINT  =       118.5388
 EAMBER (non-restraint)  =    -89040.5058
 DV/DL  =        -6.5441
 ------------------------------------------------------------------------------


| TI region  2


 NSTEP =     1000   TIME(PS) =       2.000  TEMP(K) =    82.92  PRESS =     0.0
 Etot   =    -84710.1052  EKtot   =      4211.8618  EPtot      =    -88921.9670
 BOND   =       185.3005  ANGLE   =       483.9490  DIHED      =      1847.9963
 1-4 NB =       600.7626  1-4 EEL =      6052.8722  VDWAALS    =     14108.7205
 EELEC  =   -112320.1070  EHBOND  =         0.0000  RESTRAINT  =       118.5388
 EAMBER (non-restraint)  =    -89040.5058
 DV/DL  =        -6.5441
 ------------------------------------------------------------------------------

 NMR restraints: Bond =    0.000   Angle =     0.000   Torsion =     0.000
===============================================================================
wrapping first mol.:      -61.52620      -65.48220      -73.44500

| TI region  1


 NSTEP =     2000   TIME(PS) =       4.000  TEMP(K) =   106.72  PRESS =     0.0
 Etot   =    -82777.8928  EKtot   =      5421.0421  EPtot      =    -88198.9349
 BOND   =       235.1952  ANGLE   =       566.1182  DIHED      =      1875.8926
 1-4 NB =       615.2686  1-4 EEL =      6067.9034  VDWAALS    =     13829.2279
 EELEC  =   -111531.4512  EHBOND  =         0.0000  RESTRAINT  =       142.9105
 EAMBER (non-restraint)  =    -88341.8454
 DV/DL  =        -7.0974
 ------------------------------------------------------------------------------


| TI region  2


 NSTEP =     2000   TIME(PS) =       4.000  TEMP(K) =   106.72  PRESS =     0.0
 Etot   =    -82777.8928  EKtot   =      5421.0421  EPtot      =    -88198.9349
 BOND   =       235.1952  ANGLE   =       566.1182  DIHED      =      1875.8926
 1-4 NB =       615.2686  1-4 EEL =      6067.9034  VDWAALS    =     13829.2279
 EELEC  =   -111531.4512  EHBOND  =         0.0000  RESTRAINT  =       142.9105
 EAMBER (non-restraint)  =    -88341.8454
 DV/DL  =        -7.0974
 ------------------------------------------------------------------------------

 NMR restraints: Bond =    0.000   Angle =     0.000   Torsion =     0.000
===============================================================================
wrapping first mol.:      -61.52620      -65.48220      -73.44500

| TI region  1


 NSTEP =     3000   TIME(PS) =       6.000  TEMP(K) =   135.81  PRESS =     0.0
 Etot   =    -79792.1817  EKtot   =      6898.6692  EPtot      =    -86690.8509
 BOND   =       278.3725  ANGLE   =       667.8390  DIHED      =      1895.3296
 1-4 NB =       634.6314  1-4 EEL =      6035.6516  VDWAALS    =     13477.6863
 EELEC  =   -109844.9477  EHBOND  =         0.0000  RESTRAINT  =       164.5865
 EAMBER (non-restraint)  =    -86855.4374
 DV/DL  =        -7.1403
 ------------------------------------------------------------------------------


| TI region  2


 NSTEP =     3000   TIME(PS) =       6.000  TEMP(K) =   135.81  PRESS =     0.0
 Etot   =    -79792.1817  EKtot   =      6898.6692  EPtot      =    -86690.8509
 BOND   =       278.3725  ANGLE   =       667.8390  DIHED      =      1895.3296
 1-4 NB =       634.6314  1-4 EEL =      6035.6516  VDWAALS    =     13477.6863
 EELEC  =   -109844.9477  EHBOND  =         0.0000  RESTRAINT  =       164.5865
 EAMBER (non-restraint)  =    -86855.4374
 DV/DL  =        -7.1403
 ------------------------------------------------------------------------------

 NMR restraints: Bond =    0.000   Angle =     0.000   Torsion =     0.000
===============================================================================
wrapping first mol.:      -61.52620      -65.48220      -73.44500

| TI region  1


 NSTEP =     4000   TIME(PS) =       8.000  TEMP(K) =   165.31  PRESS =     0.0
 Etot   =    -76514.8366  EKtot   =      8397.0874  EPtot      =    -84911.9241
 BOND   =       312.4101  ANGLE   =       804.0887  DIHED      =      1934.9929
 1-4 NB =       638.3389  1-4 EEL =      6069.9740  VDWAALS    =     12639.6749
 EELEC  =   -107480.4555  EHBOND  =         0.0000  RESTRAINT  =       169.0520
 EAMBER (non-restraint)  =    -85080.9760
 DV/DL  =        -7.5351
 ------------------------------------------------------------------------------


| TI region  2


 NSTEP =     4000   TIME(PS) =       8.000  TEMP(K) =   165.31  PRESS =     0.0
 Etot   =    -76514.8366  EKtot   =      8397.0874  EPtot      =    -84911.9241
 BOND   =       312.4101  ANGLE   =       804.0887  DIHED      =      1934.9929
 1-4 NB =       638.3389  1-4 EEL =      6069.9740  VDWAALS    =     12639.6749
 EELEC  =   -107480.4555  EHBOND  =         0.0000  RESTRAINT  =       169.0520
 EAMBER (non-restraint)  =    -85080.9760
 DV/DL  =        -7.5351
 ------------------------------------------------------------------------------

 NMR restraints: Bond =    0.000   Angle =     0.000   Torsion =     0.000
===============================================================================
wrapping first mol.:      -61.52620      -65.48220      -73.44500
wrapping first mol.:      -61.52620      -65.48220      -73.44500

| TI region  1


 NSTEP =     5000   TIME(PS) =      10.000  TEMP(K) =   195.58  PRESS =     0.0
 Etot   =    -72881.2266  EKtot   =      9934.6950  EPtot      =    -82815.9215
 BOND   =       356.5986  ANGLE   =       900.5039  DIHED      =      1949.4494
 1-4 NB =       640.2393  1-4 EEL =      6032.3816  VDWAALS    =     12162.9419
 EELEC  =   -105050.9662  EHBOND  =         0.0000  RESTRAINT  =       192.9299
 EAMBER (non-restraint)  =    -83008.8514
 DV/DL  =        -6.9565
 ------------------------------------------------------------------------------


| TI region  2


 NSTEP =     5000   TIME(PS) =      10.000  TEMP(K) =   195.58  PRESS =     0.0
 Etot   =    -72881.2266  EKtot   =      9934.6950  EPtot      =    -82815.9215
 BOND   =       356.5986  ANGLE   =       900.5039  DIHED      =      1949.4494
 1-4 NB =       640.2393  1-4 EEL =      6032.3816  VDWAALS    =     12162.9419
 EELEC  =   -105050.9662  EHBOND  =         0.0000  RESTRAINT  =       192.9299
 EAMBER (non-restraint)  =    -83008.8514
 DV/DL  =        -6.9565
 ------------------------------------------------------------------------------

 NMR restraints: Bond =    0.000   Angle =     0.000   Torsion =     0.000
===============================================================================
wrapping first mol.:      -61.52620      -65.48220      -73.44500

| TI region  1


 NSTEP =     6000   TIME(PS) =      12.000  TEMP(K) =   226.44  PRESS =     0.0
 Etot   =    -68883.8270  EKtot   =     11502.1738  EPtot      =    -80386.0008
 BOND   =       388.7692  ANGLE   =       967.2938  DIHED      =      1989.5181
 1-4 NB =       639.7744  1-4 EEL =      6020.7565  VDWAALS    =     11237.6848
 EELEC  =   -101833.2607  EHBOND  =         0.0000  RESTRAINT  =       203.4631
 EAMBER (non-restraint)  =    -80589.4639
 DV/DL  =        -7.0981
 ------------------------------------------------------------------------------


| TI region  2


 NSTEP =     6000   TIME(PS) =      12.000  TEMP(K) =   226.44  PRESS =     0.0
 Etot   =    -68883.8270  EKtot   =     11502.1738  EPtot      =    -80386.0008
 BOND   =       388.7692  ANGLE   =       967.2938  DIHED      =      1989.5181
 1-4 NB =       639.7744  1-4 EEL =      6020.7565  VDWAALS    =     11237.6848
 EELEC  =   -101833.2607  EHBOND  =         0.0000  RESTRAINT  =       203.4631
 EAMBER (non-restraint)  =    -80589.4639
 DV/DL  =        -7.0981
 ------------------------------------------------------------------------------

 NMR restraints: Bond =    0.000   Angle =     0.000   Torsion =     0.000
===============================================================================
wrapping first mol.:      -61.52620      -65.48220      -73.44500

| TI region  1


 NSTEP =     7000   TIME(PS) =      14.000  TEMP(K) =   260.48  PRESS =     0.0
 Etot   =    -64249.3451  EKtot   =     13231.2727  EPtot      =    -77480.6178
 BOND   =       416.9251  ANGLE   =      1090.1596  DIHED      =      1985.8633
 1-4 NB =       663.2625  1-4 EEL =      6041.9199  VDWAALS    =     10028.9513
 EELEC  =    -97943.5743  EHBOND  =         0.0000  RESTRAINT  =       235.8747
 EAMBER (non-restraint)  =    -77716.4925
 DV/DL  =        -6.7757
 ------------------------------------------------------------------------------


| TI region  2


 NSTEP =     7000   TIME(PS) =      14.000  TEMP(K) =   260.48  PRESS =     0.0
 Etot   =    -64249.3451  EKtot   =     13231.2727  EPtot      =    -77480.6178
 BOND   =       416.9251  ANGLE   =      1090.1596  DIHED      =      1985.8633
 1-4 NB =       663.2625  1-4 EEL =      6041.9199  VDWAALS    =     10028.9513
 EELEC  =    -97943.5743  EHBOND  =         0.0000  RESTRAINT  =       235.8747
 EAMBER (non-restraint)  =    -77716.4925
 DV/DL  =        -6.7757
 ------------------------------------------------------------------------------

 NMR restraints: Bond =    0.000   Angle =     0.000   Torsion =     0.000
===============================================================================
wrapping first mol.:      -61.52620      -65.48220      -73.44500

| TI region  1


 NSTEP =     8000   TIME(PS) =      16.000  TEMP(K) =   289.32  PRESS =     0.0
 Etot   =    -59270.5380  EKtot   =     14696.3965  EPtot      =    -73966.9345
 BOND   =       481.6849  ANGLE   =      1256.4883  DIHED      =      2026.2524
 1-4 NB =       669.3601  1-4 EEL =      6019.9943  VDWAALS    =      9037.9396
 EELEC  =    -93736.2340  EHBOND  =         0.0000  RESTRAINT  =       277.5799
 EAMBER (non-restraint)  =    -74244.5144
 DV/DL  =        -5.7978
 ------------------------------------------------------------------------------


| TI region  2


 NSTEP =     8000   TIME(PS) =      16.000  TEMP(K) =   289.32  PRESS =     0.0
 Etot   =    -59270.5380  EKtot   =     14696.3965  EPtot      =    -73966.9345
 BOND   =       481.6849  ANGLE   =      1256.4883  DIHED      =      2026.2524
 1-4 NB =       669.3601  1-4 EEL =      6019.9943  VDWAALS    =      9037.9396
 EELEC  =    -93736.2340  EHBOND  =         0.0000  RESTRAINT  =       277.5799
 EAMBER (non-restraint)  =    -74244.5144
 DV/DL  =        -5.7978
 ------------------------------------------------------------------------------

 NMR restraints: Bond =    0.000   Angle =     0.000   Torsion =     0.000
===============================================================================
wrapping first mol.:      -61.52620      -65.48220      -73.44500

| TI region  1


 NSTEP =     9000   TIME(PS) =      18.000  TEMP(K) =   300.35  PRESS =     0.0
 Etot   =    -57090.2953  EKtot   =     15256.9976  EPtot      =    -72347.2929
 BOND   =       504.4977  ANGLE   =      1185.5407  DIHED      =      2035.0898
 1-4 NB =       656.5766  1-4 EEL =      6058.0230  VDWAALS    =      8434.8236
 EELEC  =    -91470.4990  EHBOND  =         0.0000  RESTRAINT  =       248.6548
 EAMBER (non-restraint)  =    -72595.9477
 DV/DL  =        -7.1229
 ------------------------------------------------------------------------------


| TI region  2


 NSTEP =     9000   TIME(PS) =      18.000  TEMP(K) =   300.35  PRESS =     0.0
 Etot   =    -57090.2953  EKtot   =     15256.9976  EPtot      =    -72347.2929
 BOND   =       504.4977  ANGLE   =      1185.5407  DIHED      =      2035.0898
 1-4 NB =       656.5766  1-4 EEL =      6058.0230  VDWAALS    =      8434.8236
 EELEC  =    -91470.4990  EHBOND  =         0.0000  RESTRAINT  =       248.6548
 EAMBER (non-restraint)  =    -72595.9477
 DV/DL  =        -7.1229
 ------------------------------------------------------------------------------

 NMR restraints: Bond =    0.000   Angle =     0.000   Torsion =     0.000
===============================================================================
wrapping first mol.:      -61.52620      -65.48220      -73.44500
wrapping first mol.:      -61.52620      -65.48220      -73.44500

| TI region  1


 NSTEP =    10000   TIME(PS) =      20.000  TEMP(K) =   299.36  PRESS =     0.0
 Etot   =    -57361.9381  EKtot   =     15206.3105  EPtot      =    -72568.2486
 BOND   =       523.6260  ANGLE   =      1178.0054  DIHED      =      2031.5995
 1-4 NB =       659.9150  1-4 EEL =      6007.7239  VDWAALS    =      8559.2364
 EELEC  =    -91774.0781  EHBOND  =         0.0000  RESTRAINT  =       245.7233
 EAMBER (non-restraint)  =    -72813.9719
 DV/DL  =        -6.4359
 ------------------------------------------------------------------------------


| TI region  2


 NSTEP =    10000   TIME(PS) =      20.000  TEMP(K) =   299.36  PRESS =     0.0
 Etot   =    -57361.9381  EKtot   =     15206.3105  EPtot      =    -72568.2486
 BOND   =       523.6260  ANGLE   =      1178.0054  DIHED      =      2031.5995
 1-4 NB =       659.9150  1-4 EEL =      6007.7239  VDWAALS    =      8559.2364
 EELEC  =    -91774.0781  EHBOND  =         0.0000  RESTRAINT  =       245.7233
 EAMBER (non-restraint)  =    -72813.9719
 DV/DL  =        -6.4359
 ------------------------------------------------------------------------------

 NMR restraints: Bond =    0.000   Angle =     0.000   Torsion =     0.000
===============================================================================

| TI region  1


      A V E R A G E S   O V E R      10 S T E P S


 NSTEP =    10000   TIME(PS) =      20.000  TEMP(K) =   206.23  PRESS =     0.0
 Etot   =    -70353.2186  EKtot   =     10475.6506  EPtot      =    -80828.8693
 BOND   =       368.3380  ANGLE   =       909.9987  DIHED      =      1957.1984
 1-4 NB =       641.8129  1-4 EEL =      6040.7200  VDWAALS    =     11351.6887
 EELEC  =   -102298.5574  EHBOND  =         0.0000  RESTRAINT  =       199.9314
 EAMBER (non-restraint)  =    -81028.8006
 DV/DL  =        -6.8504
 ------------------------------------------------------------------------------

 NMR restraints: Bond =    0.000   Angle =     0.000   Torsion =     0.000
===============================================================================

      R M S  F L U C T U A T I O N S


 NSTEP =    10000   TIME(PS) =      20.000  TEMP(K) =    77.23  PRESS =     0.0
 Etot   =     10004.3181  EKtot   =      3922.9363  EPtot      =      6111.1922
 BOND   =       109.9403  ANGLE   =       259.4739  DIHED      =        64.1513
 1-4 NB =        20.5538  1-4 EEL =        20.1378  VDWAALS    =      2097.5769
 EELEC  =      7730.2062  EHBOND  =         0.0000  RESTRAINT  =        48.9209
 EAMBER (non-restraint)  =      6062.2713
 DV/DL  =         0.4626
 ------------------------------------------------------------------------------


| TI region  2


      A V E R A G E S   O V E R      10 S T E P S


 NSTEP =    10000   TIME(PS) =      20.000  TEMP(K) =   206.23  PRESS =     0.0
 Etot   =    -70353.2186  EKtot   =     10475.6506  EPtot      =    -80828.8693
 BOND   =       368.3380  ANGLE   =       909.9987  DIHED      =      1957.1984
 1-4 NB =       641.8129  1-4 EEL =      6040.7200  VDWAALS    =     11351.6887
 EELEC  =   -102298.5574  EHBOND  =         0.0000  RESTRAINT  =       199.9314
 EAMBER (non-restraint)  =    -81028.8006
 DV/DL  =        -6.8504
 ------------------------------------------------------------------------------

 NMR restraints: Bond =    0.000   Angle =     0.000   Torsion =     0.000
===============================================================================

      R M S  F L U C T U A T I O N S


 NSTEP =    10000   TIME(PS) =      20.000  TEMP(K) =    77.23  PRESS =     0.0
 Etot   =     10004.3181  EKtot   =      3922.9363  EPtot      =      6111.1922
 BOND   =       109.9403  ANGLE   =       259.4739  DIHED      =        64.1513
 1-4 NB =        20.5538  1-4 EEL =        20.1378  VDWAALS    =      2097.5769
 EELEC  =      7730.2062  EHBOND  =         0.0000  RESTRAINT  =        48.9209
 EAMBER (non-restraint)  =      6062.2713
 DV/DL  =         0.4626
 ------------------------------------------------------------------------------


      DV/DL, AVERAGES OVER      10 STEPS


 NSTEP =    10000   TIME(PS) =      20.000  TEMP(K) =    77.23  PRESS =     0.0
 Etot   =         0.0000  EKtot   =         0.0000  EPtot      =        -6.8504
 BOND   =         0.0000  ANGLE   =         0.0000  DIHED      =         0.0000
 1-4 NB =         0.0000  1-4 EEL =        -1.0461  VDWAALS    =         0.0000
 EELEC  =        -5.8043  EHBOND  =         0.0000  RESTRAINT  =         0.0000
 DV/DL  =        -6.8504
 ------------------------------------------------------------------------------


 NMR restraints on final step:

--------------------------------------------------------------------------------
   5.  TIMINGS
--------------------------------------------------------------------------------

|  NonSetup CPU Time in Major Routines:
|
|     Routine           Sec        %
|     ------------------------------
|     Nonbond           8.19   35.03
|     Bond              0.00    0.00
|     Angle             0.00    0.00
|     Dihedral          0.00    0.00
|     Shake             0.05    0.24
|     RunMD            15.10   64.61
|     Other             0.03    0.13
|     ------------------------------
|     Total            23.37

|  PME Nonbond Pairlist CPU Time:
|
|     Routine              Sec        %
|     ---------------------------------
|     Set Up Cit           0.00    0.00
|     Build List           0.00    0.00
|     ---------------------------------
|     Total                0.00    0.00

|  PME Direct Force CPU Time:
|
|     Routine              Sec        %
|     ---------------------------------
|     NonBonded Calc       0.00    0.00
|     Exclude Masked       0.00    0.00
|     Other                0.02    0.08
|     ---------------------------------
|     Total                0.02    0.08

|  PME Reciprocal Force CPU Time:
|
|     Routine              Sec        %
|     ---------------------------------
|     1D bspline           0.00    0.00
|     Grid Charges         0.00    0.00
|     Scalar Sum           0.00    0.00
|     Gradient Sum         0.00    0.00
|     FFT                  0.00    0.00
|     ---------------------------------
|     Total                0.00    0.00

|  Final Performance Info:
|     -----------------------------------------------------
|     Average timings for last   10000 steps:
|     Elapsed(s) =      23.37 Per Step(ms) =       2.34
|         ns/day =      73.94   seconds/ns =    1168.51
|
|     Average timings for all steps:
|     Elapsed(s) =      23.37 Per Step(ms) =       2.34
|         ns/day =      73.94   seconds/ns =    1168.51
|     -----------------------------------------------------

|  Setup CPU time:            1.32 seconds
|  NonSetup CPU time:        23.37 seconds
|  Total CPU time:           24.69 seconds     0.01 hours

|  Setup wall time:           3    seconds
|  NonSetup wall time:       23    seconds
|  Total wall time:          26    seconds     0.01 hours
