
          -------------------------------------------------------
          Amber 16 PMEMD                              2016
          -------------------------------------------------------

| PMEMD implementation of SANDER, Release 16

| Run on 02/28/2019 at 06:18:49

|   Executable path: /opt/amber/bin/pmemd.cuda
| Working directory: /mnt/part2/home/meister/runjobs
|          Hostname: Unknown
  [-O]verwriting output

File Assignments:
|   MDIN: AA-AB/complex/recharge/0.800/heat.in                                  
|  MDOUT: AA-AB/complex/recharge/0.800/heat.out.tmp                             
| INPCRD: AA-AB/complex/recharge/recharge.rst7                                  
|   PARM: AA-AB/complex/recharge/recharge.parm7                                 
| RESTRT: AA-AB/complex/recharge/0.800/heat.rst7.tmp                            
|   REFC: AA-AB/complex/recharge/recharge.rst7                                  
|  MDVEL: mdvel                                                                 
|   MDEN: AA-AB/complex/recharge/0.800/heat.en.tmp                              
|  MDCRD: AA-AB/complex/recharge/0.800/heat.nc.tmp                              
| MDINFO: AA-AB/complex/recharge/0.800/heat.info.tmp                            
|  MDFRC: mdfrc                                                                 


 Here is the input file:

heating                                                                        
 &cntrl                                                                        
   imin = 0, nstlim = 10000, irest = 0, ntx = 1, dt = 0.002,                   
   ntt = 3, temp0 = 300.0, gamma_ln = 2.0, ig = -1,                            
   tempi = 50.0, tautp = 1.0,                                                  
   vlimit = 20,                                                                
   ntc = 2, ntf = 1,                                                           
   ntb = 1,                                                                    
   ioutfm = 1, iwrap = 1,                                                      
   ntwe = 1000, ntwx = 1000, ntpr = 1000, ntwr = 5000,                         
                                                                               
   nmropt = 1,                                                                 
   ntr = 1, restraint_wt = 5.00,                                               
   restraintmask='!:WAT & !@H=',                                               
                                                                               
   icfe = 1, clambda = 0.800, scalpha = 0.5, scbeta = 12.0,                    
   logdvdl = 0,                                                                
   timask1 = ':1', timask2 = ':2',                                             
   ifsc = 0, CRGMASK = ':1@H7'                                                 
 /                                                                             
                                                                               
 &ewald                                                                        
 /                                                                             
                                                                               
 &wt                                                                           
   type='TEMP0',                                                               
   istep1 = 0, istep2 = 8000,                                                  
   value1 = 50.0, value2 = 300.0                                               
 /                                                                             
                                                                               
 &wt type = 'END'                                                              
 /                                                                             


Note: ig = -1. Setting random seed to   648867 based on wallclock time in 
      microseconds.
| irandom = 1, using AMBER's internal random number generator (default).
 
|--------------------- INFORMATION ----------------------
| GPU (CUDA) Version of PMEMD in use: NVIDIA GPU IN USE.
|                    Version 18.0.0
| 
|                      03/25/2018
| 
| Implementation by:
|                    Ross C. Walker     (SDSC)
|                    Scott Le Grand     (nVIDIA)
| 
| Version 18 performance extensions by:
|                    David Cerutti     (Rutgers)
| 
| Precision model in use:
|      [SPFP] - Single Precision Forces, 64-bit Fixed Point
|               Accumulation. (Default)
| 
|--------------------------------------------------------
 
|----------------- CITATION INFORMATION -----------------
|
|    When publishing work that utilized the CUDA version
|    of AMBER, please cite the following in addition to
|    the regular AMBER citations:
|
|  - Romelia Salomon-Ferrer; Andreas W. Goetz; Duncan
|    Poole; Scott Le Grand; Ross C. Walker "Routine
|    microsecond molecular dynamics simulations with
|    AMBER - Part II: Particle Mesh Ewald", J. Chem.
|    Theory Comput., 2013, 9 (9), pp3878-3888,
|    DOI: 10.1021/ct400314y.
|
|  - Andreas W. Goetz; Mark J. Williamson; Dong Xu;
|    Duncan Poole; Scott Le Grand; Ross C. Walker
|    "Routine microsecond molecular dynamics simulations
|    with AMBER - Part I: Generalized Born", J. Chem.
|    Theory Comput., 2012, 8 (5), pp1542-1555.
|
|  - Scott Le Grand; Andreas W. Goetz; Ross C. Walker
|    "SPFP: Speed without compromise - a mixed precision
|    model for GPU accelerated molecular dynamics
|    simulations.", Comp. Phys. Comm., 2013, 184
|    pp374-380, DOI: 10.1016/j.cpc.2012.09.022
|
|    When publishing work that utilized the CUDA version
|    of TI, BAR, MBAR or FEP please cite the following 
|    publications in addition to the regular AMBER 
|    GPU citations:
|
|  - Daniel J. Mermelstein; Charles Lin; Gard Nelson; 
|    Rachael Kretsch; J. Andrew McCammon; Ross C. Walker
|    "Fast and Flexible GPU Accelerated Binding 
|    Free Energy Calculations within the AMBER Molecular
|    Dynamics Package" J. Comp. Chem., 2018,
|    DOI: 10.1002/jcc.25187
|
|  - Tai-Sung Lee; Yuan Hu; Brad Sherborne; Zhuyan Guo;
|    Darrin M. York
|    "Toward Fast and Accurate Binding Affinity Prediction with
|    pmemdGTI: An Efficient Implementation of GPU-Accelerated
|    Thermodynamic Integration"
|    J. Chem. Theory Comput., 2017, 13 (7), 3077
|
|
|--------------------------------------------------------
 
|------------------- GPU DEVICE INFO --------------------
|
|            CUDA_VISIBLE_DEVICES: not set
|   CUDA Capable Devices Detected:      1
|           CUDA Device ID in use:      0
|                CUDA Device Name: Tesla K80
|     CUDA Device Global Mem Size:  11441 MB
| CUDA Device Num Multiprocessors:     13
|           CUDA Device Core Freq:   0.82 GHz
|
|--------------------------------------------------------
 
 
| Conditional Compilation Defines Used:
| PUBFFT
| BINTRAJ
| CUDA
| EMIL

| Largest sphere to fit in unit cell has radius =    30.763

| New format PARM file being parsed.
| Version =    1.000 Date = 02/28/19 Time = 00:37:40

| Note: 1-4 EEL scale factors are being read from the topology file.

| Note: 1-4 VDW scale factors are being read from the topology file.
| Duplicated    0 dihedrals

| Duplicated    0 dihedrals

--------------------------------------------------------------------------------
   1.  RESOURCE   USE: 
--------------------------------------------------------------------------------

 getting new box info from bottom of inpcrd
 NATOM  =   24926 NTYPES =      16 NBONH =   23618 MBONA  =    1324
 NTHETH =   25284 MTHETA =    1781 NPHIH =    6059 MPHIA  =    5537
 NHPARM =       0 NPARM  =       0 NNB   =   44146 NRES   =    7599
 NBONA  =    1324 NTHETA =    1781 NPHIA =    5537 NUMBND =      69
 NUMANG =     155 NPTRA  =     186 NATYP =      38 NPHB   =       0
 IFBOX  =       1 NMXRS  =      24 IFCAP =       0 NEXTRA =       0
 NCOPY  =       0

| Coordinate Index Table dimensions:    13   14   16
| Direct force subcell size =     4.7328    4.6773    4.5903

     BOX TYPE: RECTILINEAR

--------------------------------------------------------------------------------
   2.  CONTROL  DATA  FOR  THE  RUN
--------------------------------------------------------------------------------

NIL                                                                             

General flags:
     imin    =       0, nmropt  =       1

Nature and format of input:
     ntx     =       1, irest   =       0, ntrx    =       1

Nature and format of output:
     ntxo    =       2, ntpr    =    1000, ntrx    =       1, ntwr    =    5000
     iwrap   =       1, ntwx    =    1000, ntwv    =       0, ntwe    =    1000
     ioutfm  =       1, ntwprt  =       0, idecomp =       0, rbornstat=      0

Potential function:
     ntf     =       1, ntb     =       1, igb     =       0, nsnb    =      25
     ipol    =       0, gbsa    =       0, iesp    =       0
     dielc   =   1.00000, cut     =   8.00000, intdiel =   1.00000

Frozen or restrained atoms:
     ibelly  =       0, ntr     =       1
     restraint_wt =   5.00000

Molecular dynamics:
     nstlim  =     10000, nscm    =         0, nrespa  =         1
     t       =   0.00000, dt      =   0.00200, vlimit  =  20.00000

Langevin dynamics temperature regulation:
     ig      =  648867
     temp0   = 300.00000, tempi   =  50.00000, gamma_ln=   2.00000

SHAKE:
     ntc     =       2, jfastw  =       0
     tol     =   0.00001

NMR refinement options:
     iscale  =       0, noeskp  =       1, ipnlty  =       1, mxsub   =       1
     scalm   = 100.00000, pencut  =   0.10000, tausw   =   0.10000

Free energy options:
     icfe    =       1, ifsc    =       0, klambda =       1
     clambda =  0.8000, scalpha =  0.5000, scbeta  = 12.0000
     sceeorder =       2
     dynlmb =  0.0000 logdvdl =       0

| Intermolecular bonds treatment:
|     no_intermolecular_bonds =       1

| Energy averages sample interval:
|     ene_avg_sampling =    1000

Ewald parameters:
     verbose =       0, ew_type =       0, nbflag  =       1, use_pme =       1
     vdwmeth =       1, eedmeth =       1, netfrc  =       1
     Box X =   61.526   Box Y =   65.482   Box Z =   73.445
     Alpha =   90.000   Beta  =   90.000   Gamma =   90.000
     NFFT1 =   64       NFFT2 =   64       NFFT3 =   80
     Cutoff=    8.000   Tol   =0.100E-04
     Ewald Coefficient =  0.34864
     Interpolation order =    4

    LOADING THE CONSTRAINED ATOMS AS GROUPS


   5.  REFERENCE ATOM COORDINATES

  NIL                                                                             
     Mask !:WAT & !@H=; matches  1308 atoms
     TI Mask 1 :1; matches     13 atoms
     TI Mask 2 :2; matches     13 atoms
     TI region 1:   24913 atoms
     TI region 2:   24913 atoms
Removing charge of       0.4181 from atom      13
Total charge of   0.41807699 removed from       1 atoms
     Checking for mismatched coordinates.

--------------------------------------------------------------------------------
   3.  ATOMIC COORDINATES AND VELOCITIES
--------------------------------------------------------------------------------

NIL                                                                             
 begin time read from input coords =     0.000 ps



           Begin reading energy term weight changes/NMR restraints
 WEIGHT CHANGES:
 TEMP0         0   8000   50.000000  300.000000      0      0

 RESTRAINTS:
                          ** No restraint defined **

                  Done reading weight changes/NMR restraints


 
 Number of triangulated 3-point waters found:     7431

     Sum of charges for TI region  1 =  -0.41765970
     Assuming uniform neutralizing plasma


     Sum of charges for TI region  2 =   0.00041729
     Forcing neutrality...

| Dynamic Memory, Types Used:
| Reals             1149131
| Integers          1361487

| Nonbonded Pairs Initial Allocation:     4163265

| GPU memory information (estimate):
| KB of GPU memory in use:         0
| KB of CPU memory in use:         0

--------------------------------------------------------------------------------
   4.  RESULTS
--------------------------------------------------------------------------------


| TI region  1


 NSTEP =        0   TIME(PS) =       0.000  TEMP(K) =    73.50  PRESS =     0.0
 Etot   =    -65076.8980  EKtot   =      3733.6795  EPtot      =    -68810.5775
 BOND   =       486.4148  ANGLE   =      1251.7578  DIHED      =      2033.9541
 1-4 NB =       679.4168  1-4 EEL =      6014.8462  VDWAALS    =      8313.0150
 EELEC  =    -87589.9823  EHBOND  =         0.0000  RESTRAINT  =         0.0000
 DV/DL  =         5.2772
 ------------------------------------------------------------------------------


| TI region  2


 NSTEP =        0   TIME(PS) =       0.000  TEMP(K) =    73.50  PRESS =     0.0
 Etot   =    -65076.8980  EKtot   =      3733.6795  EPtot      =    -68810.5775
 BOND   =       486.4148  ANGLE   =      1251.7578  DIHED      =      2033.9541
 1-4 NB =       679.4168  1-4 EEL =      6014.8462  VDWAALS    =      8313.0150
 EELEC  =    -87589.9823  EHBOND  =         0.0000  RESTRAINT  =         0.0000
 DV/DL  =         5.2772
 ------------------------------------------------------------------------------

 NMR restraints: Bond =    0.000   Angle =     0.000   Torsion =     0.000
===============================================================================
wrapping first mol.:      -61.52620      -65.48220      -73.44500

| TI region  1


 NSTEP =     1000   TIME(PS) =       2.000  TEMP(K) =    82.57  PRESS =     0.0
 Etot   =    -84657.7687  EKtot   =      4194.7473  EPtot      =    -88852.5159
 BOND   =       180.2963  ANGLE   =       482.7985  DIHED      =      1855.7336
 1-4 NB =       614.6948  1-4 EEL =      6008.5533  VDWAALS    =     13922.9014
 EELEC  =   -112034.0900  EHBOND  =         0.0000  RESTRAINT  =       116.5962
 EAMBER (non-restraint)  =    -88969.1121
 DV/DL  =         3.6739
 ------------------------------------------------------------------------------


| TI region  2


 NSTEP =     1000   TIME(PS) =       2.000  TEMP(K) =    82.57  PRESS =     0.0
 Etot   =    -84657.7687  EKtot   =      4194.7473  EPtot      =    -88852.5159
 BOND   =       180.2963  ANGLE   =       482.7985  DIHED      =      1855.7336
 1-4 NB =       614.6948  1-4 EEL =      6008.5533  VDWAALS    =     13922.9014
 EELEC  =   -112034.0900  EHBOND  =         0.0000  RESTRAINT  =       116.5962
 EAMBER (non-restraint)  =    -88969.1121
 DV/DL  =         3.6739
 ------------------------------------------------------------------------------

 NMR restraints: Bond =    0.000   Angle =     0.000   Torsion =     0.000
===============================================================================
wrapping first mol.:      -61.52620      -65.48220      -73.44500

| TI region  1


 NSTEP =     2000   TIME(PS) =       4.000  TEMP(K) =   105.07  PRESS =     0.0
 Etot   =    -82667.6518  EKtot   =      5337.6624  EPtot      =    -88005.3142
 BOND   =       237.9552  ANGLE   =       574.8567  DIHED      =      1872.2257
 1-4 NB =       624.8371  1-4 EEL =      6028.3404  VDWAALS    =     13744.4882
 EELEC  =   -111219.0465  EHBOND  =         0.0000  RESTRAINT  =       131.0291
 EAMBER (non-restraint)  =    -88136.3433
 DV/DL  =         4.7965
 ------------------------------------------------------------------------------


| TI region  2


 NSTEP =     2000   TIME(PS) =       4.000  TEMP(K) =   105.07  PRESS =     0.0
 Etot   =    -82667.6518  EKtot   =      5337.6624  EPtot      =    -88005.3142
 BOND   =       237.9552  ANGLE   =       574.8567  DIHED      =      1872.2257
 1-4 NB =       624.8371  1-4 EEL =      6028.3404  VDWAALS    =     13744.4882
 EELEC  =   -111219.0465  EHBOND  =         0.0000  RESTRAINT  =       131.0291
 EAMBER (non-restraint)  =    -88136.3433
 DV/DL  =         4.7965
 ------------------------------------------------------------------------------

 NMR restraints: Bond =    0.000   Angle =     0.000   Torsion =     0.000
===============================================================================
wrapping first mol.:      -61.52620      -65.48220      -73.44500

| TI region  1


 NSTEP =     3000   TIME(PS) =       6.000  TEMP(K) =   136.03  PRESS =     0.0
 Etot   =    -79683.5537  EKtot   =      6910.5182  EPtot      =    -86594.0719
 BOND   =       251.0458  ANGLE   =       678.0479  DIHED      =      1903.9047
 1-4 NB =       613.3622  1-4 EEL =      6022.0349  VDWAALS    =     13238.8142
 EELEC  =   -109460.6353  EHBOND  =         0.0000  RESTRAINT  =       159.3537
 EAMBER (non-restraint)  =    -86753.4256
 DV/DL  =         5.3108
 ------------------------------------------------------------------------------


| TI region  2


 NSTEP =     3000   TIME(PS) =       6.000  TEMP(K) =   136.03  PRESS =     0.0
 Etot   =    -79683.5537  EKtot   =      6910.5182  EPtot      =    -86594.0719
 BOND   =       251.0458  ANGLE   =       678.0479  DIHED      =      1903.9047
 1-4 NB =       613.3622  1-4 EEL =      6022.0349  VDWAALS    =     13238.8142
 EELEC  =   -109460.6353  EHBOND  =         0.0000  RESTRAINT  =       159.3537
 EAMBER (non-restraint)  =    -86753.4256
 DV/DL  =         5.3108
 ------------------------------------------------------------------------------

 NMR restraints: Bond =    0.000   Angle =     0.000   Torsion =     0.000
===============================================================================
wrapping first mol.:      -61.52620      -65.48220      -73.44500

| TI region  1


 NSTEP =     4000   TIME(PS) =       8.000  TEMP(K) =   166.37  PRESS =     0.0
 Etot   =    -76267.0870  EKtot   =      8451.5299  EPtot      =    -84718.6169
 BOND   =       302.4525  ANGLE   =       769.0450  DIHED      =      1922.0075
 1-4 NB =       627.6239  1-4 EEL =      6003.1142  VDWAALS    =     12707.9329
 EELEC  =   -107214.0476  EHBOND  =         0.0000  RESTRAINT  =       163.2547
 EAMBER (non-restraint)  =    -84881.8716
 DV/DL  =         3.2372
 ------------------------------------------------------------------------------


| TI region  2


 NSTEP =     4000   TIME(PS) =       8.000  TEMP(K) =   166.37  PRESS =     0.0
 Etot   =    -76267.0870  EKtot   =      8451.5299  EPtot      =    -84718.6169
 BOND   =       302.4525  ANGLE   =       769.0450  DIHED      =      1922.0075
 1-4 NB =       627.6239  1-4 EEL =      6003.1142  VDWAALS    =     12707.9329
 EELEC  =   -107214.0476  EHBOND  =         0.0000  RESTRAINT  =       163.2547
 EAMBER (non-restraint)  =    -84881.8716
 DV/DL  =         3.2372
 ------------------------------------------------------------------------------

 NMR restraints: Bond =    0.000   Angle =     0.000   Torsion =     0.000
===============================================================================
wrapping first mol.:      -61.52620      -65.48220      -73.44500
wrapping first mol.:      -61.52620      -65.48220      -73.44500

| TI region  1


 NSTEP =     5000   TIME(PS) =      10.000  TEMP(K) =   196.74  PRESS =     0.0
 Etot   =    -72892.5866  EKtot   =      9994.1331  EPtot      =    -82886.7197
 BOND   =       353.7724  ANGLE   =       846.6083  DIHED      =      1922.2024
 1-4 NB =       634.4276  1-4 EEL =      6036.2667  VDWAALS    =     11920.4992
 EELEC  =   -104777.6537  EHBOND  =         0.0000  RESTRAINT  =       177.1574
 EAMBER (non-restraint)  =    -83063.8771
 DV/DL  =         4.3389
 ------------------------------------------------------------------------------


| TI region  2


 NSTEP =     5000   TIME(PS) =      10.000  TEMP(K) =   196.74  PRESS =     0.0
 Etot   =    -72892.5866  EKtot   =      9994.1331  EPtot      =    -82886.7197
 BOND   =       353.7724  ANGLE   =       846.6083  DIHED      =      1922.2024
 1-4 NB =       634.4276  1-4 EEL =      6036.2667  VDWAALS    =     11920.4992
 EELEC  =   -104777.6537  EHBOND  =         0.0000  RESTRAINT  =       177.1574
 EAMBER (non-restraint)  =    -83063.8771
 DV/DL  =         4.3389
 ------------------------------------------------------------------------------

 NMR restraints: Bond =    0.000   Angle =     0.000   Torsion =     0.000
===============================================================================
wrapping first mol.:      -61.52620      -65.48220      -73.44500

| TI region  1


 NSTEP =     6000   TIME(PS) =      12.000  TEMP(K) =   228.41  PRESS =     0.0
 Etot   =    -68867.1677  EKtot   =     11603.3068  EPtot      =    -80470.4745
 BOND   =       425.7094  ANGLE   =       962.6717  DIHED      =      1986.4202
 1-4 NB =       644.7056  1-4 EEL =      6025.5372  VDWAALS    =     11175.9046
 EELEC  =   -101897.5417  EHBOND  =         0.0000  RESTRAINT  =       206.1186
 EAMBER (non-restraint)  =    -80676.5931
 DV/DL  =         4.8378
 ------------------------------------------------------------------------------


| TI region  2


 NSTEP =     6000   TIME(PS) =      12.000  TEMP(K) =   228.41  PRESS =     0.0
 Etot   =    -68867.1677  EKtot   =     11603.3068  EPtot      =    -80470.4745
 BOND   =       425.7094  ANGLE   =       962.6717  DIHED      =      1986.4202
 1-4 NB =       644.7056  1-4 EEL =      6025.5372  VDWAALS    =     11175.9046
 EELEC  =   -101897.5417  EHBOND  =         0.0000  RESTRAINT  =       206.1186
 EAMBER (non-restraint)  =    -80676.5931
 DV/DL  =         4.8378
 ------------------------------------------------------------------------------

 NMR restraints: Bond =    0.000   Angle =     0.000   Torsion =     0.000
===============================================================================
wrapping first mol.:      -61.52620      -65.48220      -73.44500

| TI region  1


 NSTEP =     7000   TIME(PS) =      14.000  TEMP(K) =   254.74  PRESS =     0.0
 Etot   =    -64480.3221  EKtot   =     12940.7349  EPtot      =    -77421.0570
 BOND   =       418.8367  ANGLE   =      1098.6185  DIHED      =      2003.1644
 1-4 NB =       658.7343  1-4 EEL =      5987.7595  VDWAALS    =     10275.8514
 EELEC  =    -98094.4912  EHBOND  =         0.0000  RESTRAINT  =       230.4694
 EAMBER (non-restraint)  =    -77651.5263
 DV/DL  =         3.0233
 ------------------------------------------------------------------------------


| TI region  2


 NSTEP =     7000   TIME(PS) =      14.000  TEMP(K) =   254.74  PRESS =     0.0
 Etot   =    -64480.3221  EKtot   =     12940.7349  EPtot      =    -77421.0570
 BOND   =       418.8367  ANGLE   =      1098.6185  DIHED      =      2003.1644
 1-4 NB =       658.7343  1-4 EEL =      5987.7595  VDWAALS    =     10275.8514
 EELEC  =    -98094.4912  EHBOND  =         0.0000  RESTRAINT  =       230.4694
 EAMBER (non-restraint)  =    -77651.5263
 DV/DL  =         3.0233
 ------------------------------------------------------------------------------

 NMR restraints: Bond =    0.000   Angle =     0.000   Torsion =     0.000
===============================================================================
wrapping first mol.:      -61.52620      -65.48220      -73.44500

| TI region  1


 NSTEP =     8000   TIME(PS) =      16.000  TEMP(K) =   289.62  PRESS =     0.0
 Etot   =    -59244.3429  EKtot   =     14712.6276  EPtot      =    -73956.9705
 BOND   =       470.3256  ANGLE   =      1205.8643  DIHED      =      2009.0582
 1-4 NB =       653.9608  1-4 EEL =      6035.8372  VDWAALS    =      8848.3261
 EELEC  =    -93442.2984  EHBOND  =         0.0000  RESTRAINT  =       261.9556
 EAMBER (non-restraint)  =    -74218.9261
 DV/DL  =         4.9478
 ------------------------------------------------------------------------------


| TI region  2


 NSTEP =     8000   TIME(PS) =      16.000  TEMP(K) =   289.62  PRESS =     0.0
 Etot   =    -59244.3429  EKtot   =     14712.6276  EPtot      =    -73956.9705
 BOND   =       470.3256  ANGLE   =      1205.8643  DIHED      =      2009.0582
 1-4 NB =       653.9608  1-4 EEL =      6035.8372  VDWAALS    =      8848.3261
 EELEC  =    -93442.2984  EHBOND  =         0.0000  RESTRAINT  =       261.9556
 EAMBER (non-restraint)  =    -74218.9261
 DV/DL  =         4.9478
 ------------------------------------------------------------------------------

 NMR restraints: Bond =    0.000   Angle =     0.000   Torsion =     0.000
===============================================================================
wrapping first mol.:      -61.52620      -65.48220      -73.44500

| TI region  1


 NSTEP =     9000   TIME(PS) =      18.000  TEMP(K) =   300.19  PRESS =     0.0
 Etot   =    -57350.2673  EKtot   =     15249.4740  EPtot      =    -72599.7413
 BOND   =       509.4413  ANGLE   =      1251.4449  DIHED      =      2031.2880
 1-4 NB =       674.4211  1-4 EEL =      5990.5094  VDWAALS    =      8623.5532
 EELEC  =    -91942.7672  EHBOND  =         0.0000  RESTRAINT  =       262.3679
 EAMBER (non-restraint)  =    -72862.1092
 DV/DL  =         3.3723
 ------------------------------------------------------------------------------


| TI region  2


 NSTEP =     9000   TIME(PS) =      18.000  TEMP(K) =   300.19  PRESS =     0.0
 Etot   =    -57350.2673  EKtot   =     15249.4740  EPtot      =    -72599.7413
 BOND   =       509.4413  ANGLE   =      1251.4449  DIHED      =      2031.2880
 1-4 NB =       674.4211  1-4 EEL =      5990.5094  VDWAALS    =      8623.5532
 EELEC  =    -91942.7672  EHBOND  =         0.0000  RESTRAINT  =       262.3679
 EAMBER (non-restraint)  =    -72862.1092
 DV/DL  =         3.3723
 ------------------------------------------------------------------------------

 NMR restraints: Bond =    0.000   Angle =     0.000   Torsion =     0.000
===============================================================================
wrapping first mol.:      -61.52620      -65.48220      -73.44500
wrapping first mol.:      -61.52620      -65.48220      -73.44500

| TI region  1


 NSTEP =    10000   TIME(PS) =      20.000  TEMP(K) =   300.05  PRESS =     0.0
 Etot   =    -57093.1597  EKtot   =     15242.3798  EPtot      =    -72335.5395
 BOND   =       486.4040  ANGLE   =      1184.1888  DIHED      =      2047.0221
 1-4 NB =       679.1843  1-4 EEL =      6025.0121  VDWAALS    =      8261.6085
 EELEC  =    -91299.7018  EHBOND  =         0.0000  RESTRAINT  =       280.7425
 EAMBER (non-restraint)  =    -72616.2820
 DV/DL  =         5.5968
 ------------------------------------------------------------------------------


| TI region  2


 NSTEP =    10000   TIME(PS) =      20.000  TEMP(K) =   300.05  PRESS =     0.0
 Etot   =    -57093.1597  EKtot   =     15242.3798  EPtot      =    -72335.5395
 BOND   =       486.4040  ANGLE   =      1184.1888  DIHED      =      2047.0221
 1-4 NB =       679.1843  1-4 EEL =      6025.0121  VDWAALS    =      8261.6085
 EELEC  =    -91299.7018  EHBOND  =         0.0000  RESTRAINT  =       280.7425
 EAMBER (non-restraint)  =    -72616.2820
 DV/DL  =         5.5968
 ------------------------------------------------------------------------------

 NMR restraints: Bond =    0.000   Angle =     0.000   Torsion =     0.000
===============================================================================

| TI region  1


      A V E R A G E S   O V E R      10 S T E P S


 NSTEP =    10000   TIME(PS) =      20.000  TEMP(K) =   205.98  PRESS =     0.0
 Etot   =    -70320.3907  EKtot   =     10463.7114  EPtot      =    -80784.1021
 BOND   =       363.6239  ANGLE   =       905.4145  DIHED      =      1955.3027
 1-4 NB =       642.5952  1-4 EEL =      6016.2965  VDWAALS    =     11271.9880
 EELEC  =   -102138.2273  EHBOND  =         0.0000  RESTRAINT  =       198.9045
 EAMBER (non-restraint)  =    -80983.0066
 DV/DL  =         4.3135
 ------------------------------------------------------------------------------

 NMR restraints: Bond =    0.000   Angle =     0.000   Torsion =     0.000
===============================================================================

      R M S  F L U C T U A T I O N S


 NSTEP =    10000   TIME(PS) =      20.000  TEMP(K) =    77.17  PRESS =     0.0
 Etot   =      9948.5894  EKtot   =      3920.4293  EPtot      =      6060.3836
 BOND   =       109.7909  ANGLE   =       262.6693  DIHED      =        64.8048
 1-4 NB =        22.3270  1-4 EEL =        16.8317  VDWAALS    =      2060.1883
 EELEC  =      7617.0041  EHBOND  =         0.0000  RESTRAINT  =        55.1713
 EAMBER (non-restraint)  =      6005.2123
 DV/DL  =         0.8758
 ------------------------------------------------------------------------------


| TI region  2


      A V E R A G E S   O V E R      10 S T E P S


 NSTEP =    10000   TIME(PS) =      20.000  TEMP(K) =   205.98  PRESS =     0.0
 Etot   =    -70320.3907  EKtot   =     10463.7114  EPtot      =    -80784.1021
 BOND   =       363.6239  ANGLE   =       905.4145  DIHED      =      1955.3027
 1-4 NB =       642.5952  1-4 EEL =      6016.2965  VDWAALS    =     11271.9880
 EELEC  =   -102138.2273  EHBOND  =         0.0000  RESTRAINT  =       198.9045
 EAMBER (non-restraint)  =    -80983.0066
 DV/DL  =         4.3135
 ------------------------------------------------------------------------------

 NMR restraints: Bond =    0.000   Angle =     0.000   Torsion =     0.000
===============================================================================

      R M S  F L U C T U A T I O N S


 NSTEP =    10000   TIME(PS) =      20.000  TEMP(K) =    77.17  PRESS =     0.0
 Etot   =      9948.5894  EKtot   =      3920.4293  EPtot      =      6060.3836
 BOND   =       109.7909  ANGLE   =       262.6693  DIHED      =        64.8048
 1-4 NB =        22.3270  1-4 EEL =        16.8317  VDWAALS    =      2060.1883
 EELEC  =      7617.0041  EHBOND  =         0.0000  RESTRAINT  =        55.1713
 EAMBER (non-restraint)  =      6005.2123
 DV/DL  =         0.8758
 ------------------------------------------------------------------------------


      DV/DL, AVERAGES OVER      10 STEPS


 NSTEP =    10000   TIME(PS) =      20.000  TEMP(K) =    77.17  PRESS =     0.0
 Etot   =         0.0000  EKtot   =         0.0000  EPtot      =         4.3135
 BOND   =         0.0000  ANGLE   =         0.0000  DIHED      =         0.0000
 1-4 NB =         0.0000  1-4 EEL =       -22.5702  VDWAALS    =         0.0000
 EELEC  =        26.8837  EHBOND  =         0.0000  RESTRAINT  =         0.0000
 DV/DL  =         4.3135
 ------------------------------------------------------------------------------


 NMR restraints on final step:

--------------------------------------------------------------------------------
   5.  TIMINGS
--------------------------------------------------------------------------------

|  NonSetup CPU Time in Major Routines:
|
|     Routine           Sec        %
|     ------------------------------
|     Nonbond           6.74   30.14
|     Bond              0.00    0.00
|     Angle             0.00    0.00
|     Dihedral          0.00    0.00
|     Shake             0.05    0.24
|     RunMD            15.54   69.48
|     Other             0.03    0.14
|     ------------------------------
|     Total            22.37

|  PME Nonbond Pairlist CPU Time:
|
|     Routine              Sec        %
|     ---------------------------------
|     Set Up Cit           0.00    0.00
|     Build List           0.00    0.00
|     ---------------------------------
|     Total                0.00    0.00

|  PME Direct Force CPU Time:
|
|     Routine              Sec        %
|     ---------------------------------
|     NonBonded Calc       0.00    0.00
|     Exclude Masked       0.00    0.00
|     Other                0.02    0.08
|     ---------------------------------
|     Total                0.02    0.08

|  PME Reciprocal Force CPU Time:
|
|     Routine              Sec        %
|     ---------------------------------
|     1D bspline           0.00    0.00
|     Grid Charges         0.00    0.00
|     Scalar Sum           0.00    0.00
|     Gradient Sum         0.00    0.00
|     FFT                  0.00    0.00
|     ---------------------------------
|     Total                0.00    0.00

|  Final Performance Info:
|     -----------------------------------------------------
|     Average timings for last   10000 steps:
|     Elapsed(s) =      22.37 Per Step(ms) =       2.24
|         ns/day =      77.26   seconds/ns =    1118.31
|
|     Average timings for all steps:
|     Elapsed(s) =      22.37 Per Step(ms) =       2.24
|         ns/day =      77.26   seconds/ns =    1118.31
|     -----------------------------------------------------

|  Setup CPU time:            1.31 seconds
|  NonSetup CPU time:        22.37 seconds
|  Total CPU time:           23.68 seconds     0.01 hours

|  Setup wall time:           3    seconds
|  NonSetup wall time:       22    seconds
|  Total wall time:          25    seconds     0.01 hours
