
Static FFT Slab Distribution:

  FFT slabs assigned to    4 tasks
  Maximum of   19 xy slabs per task
  Maximum of   18 zx slabs per task
  Count of FFT xy slabs assigned to each task:
      18  19  19  19
  Count of FFT xz slabs assigned to each task:
      18  18  18  18

Atom Distribution No.     2 at run step    5101:

  Count of atoms assigned to each task:
         6881     8247     8518     6907

Atom Distribution No.     3 at run step    8658:

  Count of atoms assigned to each task:
         7042     8222     8630     6659

Major Routine Parallel Profiling - NonSetup CPU Seconds:

           D                                                              
           a                                                              
           t                                                              
           a                              D                               
           D         N                    i                               
           i         o                    h                               
           s         n             A      e      S      R      O         T
   T       t         B      B      n      d      h      u      t         o
   a       r         o      o      g      r      a      n      h         t
   s       i         n      n      l      a      k      M      e         a
   k       b         d      d      e      l      e      D      r         l
------------------------------------------------------------------------------
   0    24.2     414.4    1.6    2.4   12.8    3.7    5.8    0.0     464.8
   1    14.5     435.8    2.1    0.3    1.5    4.2    6.4    0.0     464.7
   2    18.0     432.2    1.9    0.4    2.0    4.1    6.0    0.0     464.6
   3    22.4     412.0    1.7    3.0   15.8    3.6    6.2    0.0     464.7
------------------------------------------------------------------------------
 avg    19.8     423.6    1.8    1.5    8.0    3.9    6.1    0.0     464.7
 min    14.5     412.0    1.6    0.3    1.5    3.6    5.8    0.0     464.6
 max    24.2     435.8    2.1    3.0   15.8    4.2    6.4    0.0     464.8
 std     3.8      10.5    0.2    1.2    6.4    0.3    0.2    0.0       0.1
------------------------------------------------------------------------------

PME NonBond Parallel Profiling - NonSetup CPU Seconds:

                     D                           
           P         i         R                 
           a         r         e      L          
           i         e         c      o          
           r         c         i      a         T
   T       l         t         p      d         o
   a       i         F         F      B         t
   s       s         r         r      a         a
   k       t         c         c      l         l
-------------------------------------------------
   0    33.2     221.9     159.2    0.0     414.4
   1    40.0     243.5     152.2    0.0     435.7
   2    39.0     239.9     153.1    0.0     432.1
   3    33.5     217.7     160.7    0.0     412.0
-------------------------------------------------
 avg    36.4     230.8     156.3    0.0     423.6
-------------------------------------------------
