
          -------------------------------------------------------
          Amber 16 PMEMD                              2016
          -------------------------------------------------------

| PMEMD implementation of SANDER, Release 16

| Run on 02/28/2019 at 02:17:34

|   Executable path: /opt/amber/bin/pmemd.cuda
| Working directory: /mnt/part2/home/meister/runjobs
|          Hostname: Unknown
  [-O]verwriting output

File Assignments:
|   MDIN: AA-AB/ligand/decharge/0.700/heat.in                                   
|  MDOUT: AA-AB/ligand/decharge/0.700/heat.out.tmp                              
| INPCRD: AA-AB/ligand/decharge/decharge.rst7                                   
|   PARM: AA-AB/ligand/decharge/decharge.parm7                                  
| RESTRT: AA-AB/ligand/decharge/0.700/heat.rst7.tmp                             
|   REFC: AA-AB/ligand/decharge/decharge.rst7                                   
|  MDVEL: mdvel                                                                 
|   MDEN: AA-AB/ligand/decharge/0.700/heat.en.tmp                               
|  MDCRD: AA-AB/ligand/decharge/0.700/heat.nc.tmp                               
| MDINFO: AA-AB/ligand/decharge/0.700/heat.info.tmp                             
|  MDFRC: mdfrc                                                                 


 Here is the input file:

heating                                                                        
 &cntrl                                                                        
   imin = 0, nstlim = 10000, irest = 0, ntx = 1, dt = 0.002,                   
   ntt = 3, temp0 = 300.0, gamma_ln = 2.0, ig = -1,                            
   tempi = 50.0, tautp = 1.0,                                                  
   vlimit = 20,                                                                
   ntc = 2, ntf = 1,                                                           
   ntb = 1,                                                                    
   ioutfm = 1, iwrap = 1,                                                      
   ntwe = 1000, ntwx = 1000, ntpr = 1000, ntwr = 5000,                         
                                                                               
   nmropt = 1,                                                                 
   ntr = 1, restraint_wt = 5.00,                                               
   restraintmask='!:WAT & !@H=',                                               
                                                                               
   icfe = 1, clambda = 0.700, scalpha = 0.5, scbeta = 12.0,                    
   logdvdl = 0,                                                                
   timask1 = ':1', timask2 = ':2',                                             
   ifsc = 0, CRGMASK = ':2@H7,O1'                                              
 /                                                                             
                                                                               
 &ewald                                                                        
 /                                                                             
                                                                               
 &wt                                                                           
   type='TEMP0',                                                               
   istep1 = 0, istep2 = 8000,                                                  
   value1 = 50.0, value2 = 300.0                                               
 /                                                                             
                                                                               
 &wt type = 'END'                                                              
 /                                                                             


Note: ig = -1. Setting random seed to   295599 based on wallclock time in 
      microseconds.
| irandom = 1, using AMBER's internal random number generator (default).
 
|--------------------- INFORMATION ----------------------
| GPU (CUDA) Version of PMEMD in use: NVIDIA GPU IN USE.
|                    Version 18.0.0
| 
|                      03/25/2018
| 
| Implementation by:
|                    Ross C. Walker     (SDSC)
|                    Scott Le Grand     (nVIDIA)
| 
| Version 18 performance extensions by:
|                    David Cerutti     (Rutgers)
| 
| Precision model in use:
|      [SPFP] - Single Precision Forces, 64-bit Fixed Point
|               Accumulation. (Default)
| 
|--------------------------------------------------------
 
|----------------- CITATION INFORMATION -----------------
|
|    When publishing work that utilized the CUDA version
|    of AMBER, please cite the following in addition to
|    the regular AMBER citations:
|
|  - Romelia Salomon-Ferrer; Andreas W. Goetz; Duncan
|    Poole; Scott Le Grand; Ross C. Walker "Routine
|    microsecond molecular dynamics simulations with
|    AMBER - Part II: Particle Mesh Ewald", J. Chem.
|    Theory Comput., 2013, 9 (9), pp3878-3888,
|    DOI: 10.1021/ct400314y.
|
|  - Andreas W. Goetz; Mark J. Williamson; Dong Xu;
|    Duncan Poole; Scott Le Grand; Ross C. Walker
|    "Routine microsecond molecular dynamics simulations
|    with AMBER - Part I: Generalized Born", J. Chem.
|    Theory Comput., 2012, 8 (5), pp1542-1555.
|
|  - Scott Le Grand; Andreas W. Goetz; Ross C. Walker
|    "SPFP: Speed without compromise - a mixed precision
|    model for GPU accelerated molecular dynamics
|    simulations.", Comp. Phys. Comm., 2013, 184
|    pp374-380, DOI: 10.1016/j.cpc.2012.09.022
|
|    When publishing work that utilized the CUDA version
|    of TI, BAR, MBAR or FEP please cite the following 
|    publications in addition to the regular AMBER 
|    GPU citations:
|
|  - Daniel J. Mermelstein; Charles Lin; Gard Nelson; 
|    Rachael Kretsch; J. Andrew McCammon; Ross C. Walker
|    "Fast and Flexible GPU Accelerated Binding 
|    Free Energy Calculations within the AMBER Molecular
|    Dynamics Package" J. Comp. Chem., 2018,
|    DOI: 10.1002/jcc.25187
|
|  - Tai-Sung Lee; Yuan Hu; Brad Sherborne; Zhuyan Guo;
|    Darrin M. York
|    "Toward Fast and Accurate Binding Affinity Prediction with
|    pmemdGTI: An Efficient Implementation of GPU-Accelerated
|    Thermodynamic Integration"
|    J. Chem. Theory Comput., 2017, 13 (7), 3077
|
|
|--------------------------------------------------------
 
|------------------- GPU DEVICE INFO --------------------
|
|            CUDA_VISIBLE_DEVICES: not set
|   CUDA Capable Devices Detected:      1
|           CUDA Device ID in use:      0
|                CUDA Device Name: Tesla K80
|     CUDA Device Global Mem Size:  11441 MB
| CUDA Device Num Multiprocessors:     13
|           CUDA Device Core Freq:   0.82 GHz
|
|--------------------------------------------------------
 
 
| Conditional Compilation Defines Used:
| PUBFFT
| BINTRAJ
| CUDA
| EMIL

| Largest sphere to fit in unit cell has radius =    14.610

| New format PARM file being parsed.
| Version =    1.000 Date = 02/27/19 Time = 21:00:36

| Note: 1-4 EEL scale factors are being read from the topology file.

| Note: 1-4 VDW scale factors are being read from the topology file.
| Duplicated    0 dihedrals

| Duplicated    0 dihedrals

--------------------------------------------------------------------------------
   1.  RESOURCE   USE: 
--------------------------------------------------------------------------------

 getting new box info from bottom of inpcrd
 NATOM  =    1830 NTYPES =       4 NBONH =    1818 MBONA  =      12
 NTHETH =    1830 MTHETA =      12 NPHIH =      36 MPHIA  =      12
 NHPARM =       0 NPARM  =       0 NNB   =    2514 NRES   =     604
 NBONA  =      12 NTHETA =      12 NPHIA =      12 NUMBND =       4
 NUMANG =       4 NPTRA  =       1 NATYP =       4 NPHB   =       0
 IFBOX  =       1 NMXRS  =      12 IFCAP =       0 NEXTRA =       0
 NCOPY  =       0

| Coordinate Index Table dimensions:     6    6    6
| Direct force subcell size =     4.8699    4.9024    5.1101

     BOX TYPE: RECTILINEAR

--------------------------------------------------------------------------------
   2.  CONTROL  DATA  FOR  THE  RUN
--------------------------------------------------------------------------------

NIL                                                                             

General flags:
     imin    =       0, nmropt  =       1

Nature and format of input:
     ntx     =       1, irest   =       0, ntrx    =       1

Nature and format of output:
     ntxo    =       2, ntpr    =    1000, ntrx    =       1, ntwr    =    5000
     iwrap   =       1, ntwx    =    1000, ntwv    =       0, ntwe    =    1000
     ioutfm  =       1, ntwprt  =       0, idecomp =       0, rbornstat=      0

Potential function:
     ntf     =       1, ntb     =       1, igb     =       0, nsnb    =      25
     ipol    =       0, gbsa    =       0, iesp    =       0
     dielc   =   1.00000, cut     =   8.00000, intdiel =   1.00000

Frozen or restrained atoms:
     ibelly  =       0, ntr     =       1
     restraint_wt =   5.00000

Molecular dynamics:
     nstlim  =     10000, nscm    =         0, nrespa  =         1
     t       =   0.00000, dt      =   0.00200, vlimit  =  20.00000

Langevin dynamics temperature regulation:
     ig      =  295599
     temp0   = 300.00000, tempi   =  50.00000, gamma_ln=   2.00000

SHAKE:
     ntc     =       2, jfastw  =       0
     tol     =   0.00001

NMR refinement options:
     iscale  =       0, noeskp  =       1, ipnlty  =       1, mxsub   =       1
     scalm   = 100.00000, pencut  =   0.10000, tausw   =   0.10000

Free energy options:
     icfe    =       1, ifsc    =       0, klambda =       1
     clambda =  0.7000, scalpha =  0.5000, scbeta  = 12.0000
     sceeorder =       2
     dynlmb =  0.0000 logdvdl =       0

| Intermolecular bonds treatment:
|     no_intermolecular_bonds =       1

| Energy averages sample interval:
|     ene_avg_sampling =    1000

Ewald parameters:
     verbose =       0, ew_type =       0, nbflag  =       1, use_pme =       1
     vdwmeth =       1, eedmeth =       1, netfrc  =       1
     Box X =   29.219   Box Y =   29.414   Box Z =   30.661
     Alpha =   90.000   Beta  =   90.000   Gamma =   90.000
     NFFT1 =   32       NFFT2 =   32       NFFT3 =   32
     Cutoff=    8.000   Tol   =0.100E-04
     Ewald Coefficient =  0.34864
     Interpolation order =    4

    LOADING THE CONSTRAINED ATOMS AS GROUPS


   5.  REFERENCE ATOM COORDINATES

  NIL                                                                             
     Mask !:WAT & !@H=; matches    12 atoms
     TI Mask 1 :1; matches     12 atoms
     TI Mask 2 :2; matches     12 atoms
     TI region 1:    1818 atoms
     TI region 2:    1818 atoms
Removing charge of       0.1300 from atom      24
Total charge of   0.13000000 removed from       1 atoms
     Checking for mismatched coordinates.

--------------------------------------------------------------------------------
   3.  ATOMIC COORDINATES AND VELOCITIES
--------------------------------------------------------------------------------

NIL                                                                             
 begin time read from input coords =     0.000 ps



           Begin reading energy term weight changes/NMR restraints
 WEIGHT CHANGES:
 TEMP0         0   8000   50.000000  300.000000      0      0

 RESTRAINTS:
                          ** No restraint defined **

                  Done reading weight changes/NMR restraints


 
 Number of triangulated 3-point waters found:      602

     Sum of charges for TI region  1 =   0.00000132
     Forcing neutrality...


     Sum of charges for TI region  2 =  -0.12999868
     Assuming uniform neutralizing plasma

| Dynamic Memory, Types Used:
| Reals              197968
| Integers            82070

| Nonbonded Pairs Initial Allocation:      305655

| GPU memory information (estimate):
| KB of GPU memory in use:         0
| KB of CPU memory in use:         0

--------------------------------------------------------------------------------
   4.  RESULTS
--------------------------------------------------------------------------------


| TI region  1


 NSTEP =        0   TIME(PS) =       0.000  TEMP(K) =    73.52  PRESS =     0.0
 Etot   =     -4515.5641  EKtot   =       266.0579  EPtot      =     -4781.6220
 BOND   =         3.8311  ANGLE   =         3.0333  DIHED      =         2.0154
 1-4 NB =        13.0694  1-4 EEL =         4.3348  VDWAALS    =       697.9500
 EELEC  =     -5505.8560  EHBOND  =         0.0000  RESTRAINT  =         0.0000
 DV/DL  =        -5.9172
 ------------------------------------------------------------------------------


| TI region  2


 NSTEP =        0   TIME(PS) =       0.000  TEMP(K) =    73.52  PRESS =     0.0
 Etot   =     -4515.5641  EKtot   =       266.0579  EPtot      =     -4781.6220
 BOND   =         3.8311  ANGLE   =         3.0333  DIHED      =         2.0154
 1-4 NB =        13.0694  1-4 EEL =         4.3348  VDWAALS    =       697.9500
 EELEC  =     -5505.8560  EHBOND  =         0.0000  RESTRAINT  =         0.0000
 DV/DL  =        -5.9172
 ------------------------------------------------------------------------------

 NMR restraints: Bond =    0.000   Angle =     0.000   Torsion =     0.000
===============================================================================
wrapping first mol.:      -29.21910      -29.41440      -30.66080

| TI region  1


 NSTEP =     1000   TIME(PS) =       2.000  TEMP(K) =    85.13  PRESS =     0.0
 Etot   =     -6303.4349  EKtot   =       308.0604  EPtot      =     -6611.4953
 BOND   =         2.2288  ANGLE   =         1.1508  DIHED      =         0.3999
 1-4 NB =        11.3198  1-4 EEL =         4.2863  VDWAALS    =      1319.5032
 EELEC  =     -7950.7603  EHBOND  =         0.0000  RESTRAINT  =         0.3762
 EAMBER (non-restraint)  =     -6611.8715
 DV/DL  =        -6.0597
 ------------------------------------------------------------------------------


| TI region  2


 NSTEP =     1000   TIME(PS) =       2.000  TEMP(K) =    85.13  PRESS =     0.0
 Etot   =     -6303.4349  EKtot   =       308.0604  EPtot      =     -6611.4953
 BOND   =         2.2288  ANGLE   =         1.1508  DIHED      =         0.3999
 1-4 NB =        11.3198  1-4 EEL =         4.2863  VDWAALS    =      1319.5032
 EELEC  =     -7950.7603  EHBOND  =         0.0000  RESTRAINT  =         0.3762
 EAMBER (non-restraint)  =     -6611.8715
 DV/DL  =        -6.0597
 ------------------------------------------------------------------------------

 NMR restraints: Bond =    0.000   Angle =     0.000   Torsion =     0.000
===============================================================================
wrapping first mol.:      -29.21910      -29.41440      -30.66080

| TI region  1


 NSTEP =     2000   TIME(PS) =       4.000  TEMP(K) =   105.81  PRESS =     0.0
 Etot   =     -6182.8070  EKtot   =       382.8868  EPtot      =     -6565.6937
 BOND   =         1.3951  ANGLE   =         2.0654  DIHED      =         0.5159
 1-4 NB =        12.3565  1-4 EEL =         4.3076  VDWAALS    =      1251.8478
 EELEC  =     -7838.8796  EHBOND  =         0.0000  RESTRAINT  =         0.6976
 EAMBER (non-restraint)  =     -6566.3913
 DV/DL  =        -6.5748
 ------------------------------------------------------------------------------


| TI region  2


 NSTEP =     2000   TIME(PS) =       4.000  TEMP(K) =   105.81  PRESS =     0.0
 Etot   =     -6182.8070  EKtot   =       382.8868  EPtot      =     -6565.6937
 BOND   =         1.3951  ANGLE   =         2.0654  DIHED      =         0.5159
 1-4 NB =        12.3565  1-4 EEL =         4.3076  VDWAALS    =      1251.8478
 EELEC  =     -7838.8796  EHBOND  =         0.0000  RESTRAINT  =         0.6976
 EAMBER (non-restraint)  =     -6566.3913
 DV/DL  =        -6.5748
 ------------------------------------------------------------------------------

 NMR restraints: Bond =    0.000   Angle =     0.000   Torsion =     0.000
===============================================================================
wrapping first mol.:      -29.21910      -29.41440      -30.66080

| TI region  1


 NSTEP =     3000   TIME(PS) =       6.000  TEMP(K) =   136.11  PRESS =     0.0
 Etot   =     -5981.7166  EKtot   =       492.5274  EPtot      =     -6474.2439
 BOND   =         1.5311  ANGLE   =         1.2325  DIHED      =         1.7015
 1-4 NB =        12.5658  1-4 EEL =         4.3049  VDWAALS    =      1181.9594
 EELEC  =     -7678.1603  EHBOND  =         0.0000  RESTRAINT  =         0.6212
 EAMBER (non-restraint)  =     -6474.8652
 DV/DL  =        -5.5937
 ------------------------------------------------------------------------------


| TI region  2


 NSTEP =     3000   TIME(PS) =       6.000  TEMP(K) =   136.11  PRESS =     0.0
 Etot   =     -5981.7166  EKtot   =       492.5274  EPtot      =     -6474.2439
 BOND   =         1.5311  ANGLE   =         1.2325  DIHED      =         1.7015
 1-4 NB =        12.5658  1-4 EEL =         4.3049  VDWAALS    =      1181.9594
 EELEC  =     -7678.1603  EHBOND  =         0.0000  RESTRAINT  =         0.6212
 EAMBER (non-restraint)  =     -6474.8652
 DV/DL  =        -5.5937
 ------------------------------------------------------------------------------

 NMR restraints: Bond =    0.000   Angle =     0.000   Torsion =     0.000
===============================================================================
wrapping first mol.:      -29.21910      -29.41440      -30.66080

| TI region  1


 NSTEP =     4000   TIME(PS) =       8.000  TEMP(K) =   169.54  PRESS =     0.0
 Etot   =     -5735.7699  EKtot   =       613.5248  EPtot      =     -6349.2947
 BOND   =         1.9363  ANGLE   =         1.9994  DIHED      =         1.1517
 1-4 NB =        11.9665  1-4 EEL =         4.3071  VDWAALS    =      1153.4408
 EELEC  =     -7527.6839  EHBOND  =         0.0000  RESTRAINT  =         3.5875
 EAMBER (non-restraint)  =     -6352.8822
 DV/DL  =        -6.2101
 ------------------------------------------------------------------------------


| TI region  2


 NSTEP =     4000   TIME(PS) =       8.000  TEMP(K) =   169.54  PRESS =     0.0
 Etot   =     -5735.7699  EKtot   =       613.5248  EPtot      =     -6349.2947
 BOND   =         1.9363  ANGLE   =         1.9994  DIHED      =         1.1517
 1-4 NB =        11.9665  1-4 EEL =         4.3071  VDWAALS    =      1153.4408
 EELEC  =     -7527.6839  EHBOND  =         0.0000  RESTRAINT  =         3.5875
 EAMBER (non-restraint)  =     -6352.8822
 DV/DL  =        -6.2101
 ------------------------------------------------------------------------------

 NMR restraints: Bond =    0.000   Angle =     0.000   Torsion =     0.000
===============================================================================
wrapping first mol.:      -29.21910      -29.41440      -30.66080
wrapping first mol.:      -29.21910      -29.41440      -30.66080

| TI region  1


 NSTEP =     5000   TIME(PS) =      10.000  TEMP(K) =   195.08  PRESS =     0.0
 Etot   =     -5536.8206  EKtot   =       705.9383  EPtot      =     -6242.7590
 BOND   =         2.8507  ANGLE   =         2.3260  DIHED      =         0.7066
 1-4 NB =        12.0328  1-4 EEL =         4.3871  VDWAALS    =      1103.5159
 EELEC  =     -7369.6049  EHBOND  =         0.0000  RESTRAINT  =         1.0268
 EAMBER (non-restraint)  =     -6243.7858
 DV/DL  =        -5.5951
 ------------------------------------------------------------------------------


| TI region  2


 NSTEP =     5000   TIME(PS) =      10.000  TEMP(K) =   195.08  PRESS =     0.0
 Etot   =     -5536.8206  EKtot   =       705.9383  EPtot      =     -6242.7590
 BOND   =         2.8507  ANGLE   =         2.3260  DIHED      =         0.7066
 1-4 NB =        12.0328  1-4 EEL =         4.3871  VDWAALS    =      1103.5159
 EELEC  =     -7369.6049  EHBOND  =         0.0000  RESTRAINT  =         1.0268
 EAMBER (non-restraint)  =     -6243.7858
 DV/DL  =        -5.5951
 ------------------------------------------------------------------------------

 NMR restraints: Bond =    0.000   Angle =     0.000   Torsion =     0.000
===============================================================================
wrapping first mol.:      -29.21910      -29.41440      -30.66080

| TI region  1


 NSTEP =     6000   TIME(PS) =      12.000  TEMP(K) =   224.89  PRESS =     0.0
 Etot   =     -5183.8800  EKtot   =       813.8038  EPtot      =     -5997.6838
 BOND   =         3.5978  ANGLE   =         3.3408  DIHED      =         1.4445
 1-4 NB =        10.9058  1-4 EEL =         4.1971  VDWAALS    =      1069.3602
 EELEC  =     -7092.5274  EHBOND  =         0.0000  RESTRAINT  =         1.9975
 EAMBER (non-restraint)  =     -5999.6813
 DV/DL  =        -7.9585
 ------------------------------------------------------------------------------


| TI region  2


 NSTEP =     6000   TIME(PS) =      12.000  TEMP(K) =   224.89  PRESS =     0.0
 Etot   =     -5183.8800  EKtot   =       813.8038  EPtot      =     -5997.6838
 BOND   =         3.5978  ANGLE   =         3.3408  DIHED      =         1.4445
 1-4 NB =        10.9058  1-4 EEL =         4.1971  VDWAALS    =      1069.3602
 EELEC  =     -7092.5274  EHBOND  =         0.0000  RESTRAINT  =         1.9975
 EAMBER (non-restraint)  =     -5999.6813
 DV/DL  =        -7.9585
 ------------------------------------------------------------------------------

 NMR restraints: Bond =    0.000   Angle =     0.000   Torsion =     0.000
===============================================================================
wrapping first mol.:      -29.21910      -29.41440      -30.66080

| TI region  1


 NSTEP =     7000   TIME(PS) =      14.000  TEMP(K) =   256.04  PRESS =     0.0
 Etot   =     -4865.0305  EKtot   =       926.5136  EPtot      =     -5791.5441
 BOND   =         2.9636  ANGLE   =         3.9082  DIHED      =         1.4120
 1-4 NB =        11.0977  1-4 EEL =         4.2915  VDWAALS    =       928.1928
 EELEC  =     -6744.7904  EHBOND  =         0.0000  RESTRAINT  =         1.3804
 EAMBER (non-restraint)  =     -5792.9245
 DV/DL  =        -8.1698
 ------------------------------------------------------------------------------


| TI region  2


 NSTEP =     7000   TIME(PS) =      14.000  TEMP(K) =   256.04  PRESS =     0.0
 Etot   =     -4865.0305  EKtot   =       926.5136  EPtot      =     -5791.5441
 BOND   =         2.9636  ANGLE   =         3.9082  DIHED      =         1.4120
 1-4 NB =        11.0977  1-4 EEL =         4.2915  VDWAALS    =       928.1928
 EELEC  =     -6744.7904  EHBOND  =         0.0000  RESTRAINT  =         1.3804
 EAMBER (non-restraint)  =     -5792.9245
 DV/DL  =        -8.1698
 ------------------------------------------------------------------------------

 NMR restraints: Bond =    0.000   Angle =     0.000   Torsion =     0.000
===============================================================================
wrapping first mol.:      -29.21910      -29.41440      -30.66080

| TI region  1


 NSTEP =     8000   TIME(PS) =      16.000  TEMP(K) =   279.05  PRESS =     0.0
 Etot   =     -4524.2797  EKtot   =      1009.7912  EPtot      =     -5534.0709
 BOND   =         1.1372  ANGLE   =         2.6900  DIHED      =         1.8766
 1-4 NB =        13.8294  1-4 EEL =         4.3613  VDWAALS    =       835.6850
 EELEC  =     -6394.6450  EHBOND  =         0.0000  RESTRAINT  =         0.9947
 EAMBER (non-restraint)  =     -5535.0655
 DV/DL  =        -7.9741
 ------------------------------------------------------------------------------


| TI region  2


 NSTEP =     8000   TIME(PS) =      16.000  TEMP(K) =   279.05  PRESS =     0.0
 Etot   =     -4524.2797  EKtot   =      1009.7912  EPtot      =     -5534.0709
 BOND   =         1.1372  ANGLE   =         2.6900  DIHED      =         1.8766
 1-4 NB =        13.8294  1-4 EEL =         4.3613  VDWAALS    =       835.6850
 EELEC  =     -6394.6450  EHBOND  =         0.0000  RESTRAINT  =         0.9947
 EAMBER (non-restraint)  =     -5535.0655
 DV/DL  =        -7.9741
 ------------------------------------------------------------------------------

 NMR restraints: Bond =    0.000   Angle =     0.000   Torsion =     0.000
===============================================================================
wrapping first mol.:      -29.21910      -29.41440      -30.66080

| TI region  1


 NSTEP =     9000   TIME(PS) =      18.000  TEMP(K) =   284.69  PRESS =     0.0
 Etot   =     -4439.7539  EKtot   =      1030.2175  EPtot      =     -5469.9715
 BOND   =         2.0993  ANGLE   =         3.3249  DIHED      =         1.1690
 1-4 NB =        11.8026  1-4 EEL =         4.2215  VDWAALS    =       807.0209
 EELEC  =     -6303.2000  EHBOND  =         0.0000  RESTRAINT  =         3.5903
 EAMBER (non-restraint)  =     -5473.5617
 DV/DL  =        -7.4360
 ------------------------------------------------------------------------------


| TI region  2


 NSTEP =     9000   TIME(PS) =      18.000  TEMP(K) =   284.69  PRESS =     0.0
 Etot   =     -4439.7539  EKtot   =      1030.2175  EPtot      =     -5469.9715
 BOND   =         2.0993  ANGLE   =         3.3249  DIHED      =         1.1690
 1-4 NB =        11.8026  1-4 EEL =         4.2215  VDWAALS    =       807.0209
 EELEC  =     -6303.2000  EHBOND  =         0.0000  RESTRAINT  =         3.5903
 EAMBER (non-restraint)  =     -5473.5617
 DV/DL  =        -7.4360
 ------------------------------------------------------------------------------

 NMR restraints: Bond =    0.000   Angle =     0.000   Torsion =     0.000
===============================================================================
wrapping first mol.:      -29.21910      -29.41440      -30.66080
wrapping first mol.:      -29.21910      -29.41440      -30.66080

| TI region  1


 NSTEP =    10000   TIME(PS) =      20.000  TEMP(K) =   290.48  PRESS =     0.0
 Etot   =     -4390.3109  EKtot   =      1051.1645  EPtot      =     -5441.4754
 BOND   =         1.2944  ANGLE   =         3.7259  DIHED      =         3.2509
 1-4 NB =        12.8274  1-4 EEL =         4.2408  VDWAALS    =       811.0365
 EELEC  =     -6278.9325  EHBOND  =         0.0000  RESTRAINT  =         1.0811
 EAMBER (non-restraint)  =     -5442.5565
 DV/DL  =        -6.7584
 ------------------------------------------------------------------------------


| TI region  2


 NSTEP =    10000   TIME(PS) =      20.000  TEMP(K) =   290.48  PRESS =     0.0
 Etot   =     -4390.3109  EKtot   =      1051.1645  EPtot      =     -5441.4754
 BOND   =         1.2944  ANGLE   =         3.7259  DIHED      =         3.2509
 1-4 NB =        12.8274  1-4 EEL =         4.2408  VDWAALS    =       811.0365
 EELEC  =     -6278.9325  EHBOND  =         0.0000  RESTRAINT  =         1.0811
 EAMBER (non-restraint)  =     -5442.5565
 DV/DL  =        -6.7584
 ------------------------------------------------------------------------------

 NMR restraints: Bond =    0.000   Angle =     0.000   Torsion =     0.000
===============================================================================

| TI region  1


      A V E R A G E S   O V E R      10 S T E P S


 NSTEP =    10000   TIME(PS) =      20.000  TEMP(K) =   202.68  PRESS =     0.0
 Etot   =     -5314.3804  EKtot   =       733.4428  EPtot      =     -6047.8232
 BOND   =         2.1034  ANGLE   =         2.5764  DIHED      =         1.3629
 1-4 NB =        12.0704  1-4 EEL =         4.2905  VDWAALS    =      1046.1562
 EELEC  =     -7117.9184  EHBOND  =         0.0000  RESTRAINT  =         1.5353
 EAMBER (non-restraint)  =     -6049.3586
 DV/DL  =        -6.8330
 ------------------------------------------------------------------------------

 NMR restraints: Bond =    0.000   Angle =     0.000   Torsion =     0.000
===============================================================================

      R M S  F L U C T U A T I O N S


 NSTEP =    10000   TIME(PS) =      20.000  TEMP(K) =    72.39  PRESS =     0.0
 Etot   =       697.6289  EKtot   =       261.9431  EPtot      =       439.3564
 BOND   =         0.7741  ANGLE   =         0.9353  DIHED      =         0.7817
 1-4 NB =         0.8333  1-4 EEL =         0.0558  VDWAALS    =       179.3012
 EELEC  =       615.5642  EHBOND  =         0.0000  RESTRAINT  =         1.1095
 EAMBER (non-restraint)  =       438.2469
 DV/DL  =         0.9405
 ------------------------------------------------------------------------------


| TI region  2


      A V E R A G E S   O V E R      10 S T E P S


 NSTEP =    10000   TIME(PS) =      20.000  TEMP(K) =   202.68  PRESS =     0.0
 Etot   =     -5314.3804  EKtot   =       733.4428  EPtot      =     -6047.8232
 BOND   =         2.1034  ANGLE   =         2.5764  DIHED      =         1.3629
 1-4 NB =        12.0704  1-4 EEL =         4.2905  VDWAALS    =      1046.1562
 EELEC  =     -7117.9184  EHBOND  =         0.0000  RESTRAINT  =         1.5353
 EAMBER (non-restraint)  =     -6049.3586
 DV/DL  =        -6.8330
 ------------------------------------------------------------------------------

 NMR restraints: Bond =    0.000   Angle =     0.000   Torsion =     0.000
===============================================================================

      R M S  F L U C T U A T I O N S


 NSTEP =    10000   TIME(PS) =      20.000  TEMP(K) =    72.39  PRESS =     0.0
 Etot   =       697.6289  EKtot   =       261.9431  EPtot      =       439.3564
 BOND   =         0.7741  ANGLE   =         0.9353  DIHED      =         0.7817
 1-4 NB =         0.8333  1-4 EEL =         0.0558  VDWAALS    =       179.3012
 EELEC  =       615.5642  EHBOND  =         0.0000  RESTRAINT  =         1.1095
 EAMBER (non-restraint)  =       438.2469
 DV/DL  =         0.9405
 ------------------------------------------------------------------------------


      DV/DL, AVERAGES OVER      10 STEPS


 NSTEP =    10000   TIME(PS) =      20.000  TEMP(K) =    72.39  PRESS =     0.0
 Etot   =         0.0000  EKtot   =         0.0000  EPtot      =        -6.8330
 BOND   =         0.0000  ANGLE   =         0.0000  DIHED      =         0.0000
 1-4 NB =         0.0000  1-4 EEL =        -1.0454  VDWAALS    =         0.0000
 EELEC  =        -5.7876  EHBOND  =         0.0000  RESTRAINT  =         0.0000
 DV/DL  =        -6.8330
 ------------------------------------------------------------------------------


 NMR restraints on final step:

--------------------------------------------------------------------------------
   5.  TIMINGS
--------------------------------------------------------------------------------

|  NonSetup CPU Time in Major Routines:
|
|     Routine           Sec        %
|     ------------------------------
|     Nonbond           3.16   45.46
|     Bond              0.00    0.00
|     Angle             0.00    0.00
|     Dihedral          0.00    0.00
|     Shake             0.05    0.76
|     RunMD             3.71   53.43
|     Other             0.02    0.35
|     ------------------------------
|     Total             6.94

|  PME Nonbond Pairlist CPU Time:
|
|     Routine              Sec        %
|     ---------------------------------
|     Set Up Cit           0.00    0.00
|     Build List           0.00    0.00
|     ---------------------------------
|     Total                0.00    0.00

|  PME Direct Force CPU Time:
|
|     Routine              Sec        %
|     ---------------------------------
|     NonBonded Calc       0.00    0.00
|     Exclude Masked       0.00    0.00
|     Other                0.02    0.24
|     ---------------------------------
|     Total                0.02    0.24

|  PME Reciprocal Force CPU Time:
|
|     Routine              Sec        %
|     ---------------------------------
|     1D bspline           0.00    0.00
|     Grid Charges         0.00    0.00
|     Scalar Sum           0.00    0.00
|     Gradient Sum         0.00    0.00
|     FFT                  0.00    0.00
|     ---------------------------------
|     Total                0.00    0.00

|  Final Performance Info:
|     -----------------------------------------------------
|     Average timings for last   10000 steps:
|     Elapsed(s) =       6.94 Per Step(ms) =       0.69
|         ns/day =     248.90   seconds/ns =     347.13
|
|     Average timings for all steps:
|     Elapsed(s) =       6.94 Per Step(ms) =       0.69
|         ns/day =     248.90   seconds/ns =     347.13
|     -----------------------------------------------------

|  Setup CPU time:            1.12 seconds
|  NonSetup CPU time:         6.94 seconds
|  Total CPU time:            8.06 seconds     0.00 hours

|  Setup wall time:           4    seconds
|  NonSetup wall time:        6    seconds
|  Total wall time:          10    seconds     0.00 hours
