
          -------------------------------------------------------
          Amber 16 PMEMD                              2016
          -------------------------------------------------------

| PMEMD implementation of SANDER, Release 16

| Run on 02/28/2019 at 03:41:32

|   Executable path: /opt/amber/bin/pmemd.cuda
| Working directory: /mnt/part2/home/meister/runjobs
|          Hostname: Unknown
  [-O]verwriting output

File Assignments:
|   MDIN: AA-AB/complex/decharge/0.000/heat.in                                  
|  MDOUT: AA-AB/complex/decharge/0.000/heat.out.tmp                             
| INPCRD: AA-AB/complex/decharge/decharge.rst7                                  
|   PARM: AA-AB/complex/decharge/decharge.parm7                                 
| RESTRT: AA-AB/complex/decharge/0.000/heat.rst7.tmp                            
|   REFC: AA-AB/complex/decharge/decharge.rst7                                  
|  MDVEL: mdvel                                                                 
|   MDEN: AA-AB/complex/decharge/0.000/heat.en.tmp                              
|  MDCRD: AA-AB/complex/decharge/0.000/heat.nc.tmp                              
| MDINFO: AA-AB/complex/decharge/0.000/heat.info.tmp                            
|  MDFRC: mdfrc                                                                 


 Here is the input file:

heating                                                                        
 &cntrl                                                                        
   imin = 0, nstlim = 10000, irest = 0, ntx = 1, dt = 0.002,                   
   ntt = 3, temp0 = 300.0, gamma_ln = 2.0, ig = -1,                            
   tempi = 50.0, tautp = 1.0,                                                  
   vlimit = 20,                                                                
   ntc = 2, ntf = 1,                                                           
   ntb = 1,                                                                    
   ioutfm = 1, iwrap = 1,                                                      
   ntwe = 1000, ntwx = 1000, ntpr = 1000, ntwr = 5000,                         
                                                                               
   nmropt = 1,                                                                 
   ntr = 1, restraint_wt = 5.00,                                               
   restraintmask='!:WAT & !@H=',                                               
                                                                               
   icfe = 1, clambda = 0.000, scalpha = 0.5, scbeta = 12.0,                    
   logdvdl = 0,                                                                
   timask1 = ':1', timask2 = ':2',                                             
   ifsc = 0, CRGMASK = ':2@H7,O1'                                              
 /                                                                             
                                                                               
 &ewald                                                                        
 /                                                                             
                                                                               
 &wt                                                                           
   type='TEMP0',                                                               
   istep1 = 0, istep2 = 8000,                                                  
   value1 = 50.0, value2 = 300.0                                               
 /                                                                             
                                                                               
 &wt type = 'END'                                                              
 /                                                                             


Note: ig = -1. Setting random seed to   891482 based on wallclock time in 
      microseconds.
| irandom = 1, using AMBER's internal random number generator (default).
 
|--------------------- INFORMATION ----------------------
| GPU (CUDA) Version of PMEMD in use: NVIDIA GPU IN USE.
|                    Version 18.0.0
| 
|                      03/25/2018
| 
| Implementation by:
|                    Ross C. Walker     (SDSC)
|                    Scott Le Grand     (nVIDIA)
| 
| Version 18 performance extensions by:
|                    David Cerutti     (Rutgers)
| 
| Precision model in use:
|      [SPFP] - Single Precision Forces, 64-bit Fixed Point
|               Accumulation. (Default)
| 
|--------------------------------------------------------
 
|----------------- CITATION INFORMATION -----------------
|
|    When publishing work that utilized the CUDA version
|    of AMBER, please cite the following in addition to
|    the regular AMBER citations:
|
|  - Romelia Salomon-Ferrer; Andreas W. Goetz; Duncan
|    Poole; Scott Le Grand; Ross C. Walker "Routine
|    microsecond molecular dynamics simulations with
|    AMBER - Part II: Particle Mesh Ewald", J. Chem.
|    Theory Comput., 2013, 9 (9), pp3878-3888,
|    DOI: 10.1021/ct400314y.
|
|  - Andreas W. Goetz; Mark J. Williamson; Dong Xu;
|    Duncan Poole; Scott Le Grand; Ross C. Walker
|    "Routine microsecond molecular dynamics simulations
|    with AMBER - Part I: Generalized Born", J. Chem.
|    Theory Comput., 2012, 8 (5), pp1542-1555.
|
|  - Scott Le Grand; Andreas W. Goetz; Ross C. Walker
|    "SPFP: Speed without compromise - a mixed precision
|    model for GPU accelerated molecular dynamics
|    simulations.", Comp. Phys. Comm., 2013, 184
|    pp374-380, DOI: 10.1016/j.cpc.2012.09.022
|
|    When publishing work that utilized the CUDA version
|    of TI, BAR, MBAR or FEP please cite the following 
|    publications in addition to the regular AMBER 
|    GPU citations:
|
|  - Daniel J. Mermelstein; Charles Lin; Gard Nelson; 
|    Rachael Kretsch; J. Andrew McCammon; Ross C. Walker
|    "Fast and Flexible GPU Accelerated Binding 
|    Free Energy Calculations within the AMBER Molecular
|    Dynamics Package" J. Comp. Chem., 2018,
|    DOI: 10.1002/jcc.25187
|
|  - Tai-Sung Lee; Yuan Hu; Brad Sherborne; Zhuyan Guo;
|    Darrin M. York
|    "Toward Fast and Accurate Binding Affinity Prediction with
|    pmemdGTI: An Efficient Implementation of GPU-Accelerated
|    Thermodynamic Integration"
|    J. Chem. Theory Comput., 2017, 13 (7), 3077
|
|
|--------------------------------------------------------
 
|------------------- GPU DEVICE INFO --------------------
|
|            CUDA_VISIBLE_DEVICES: not set
|   CUDA Capable Devices Detected:      1
|           CUDA Device ID in use:      0
|                CUDA Device Name: Tesla K80
|     CUDA Device Global Mem Size:  11441 MB
| CUDA Device Num Multiprocessors:     13
|           CUDA Device Core Freq:   0.82 GHz
|
|--------------------------------------------------------
 
 
| Conditional Compilation Defines Used:
| PUBFFT
| BINTRAJ
| CUDA
| EMIL

| Largest sphere to fit in unit cell has radius =    30.763

| New format PARM file being parsed.
| Version =    1.000 Date = 02/27/19 Time = 22:41:27

| Note: 1-4 EEL scale factors are being read from the topology file.

| Note: 1-4 VDW scale factors are being read from the topology file.
| Duplicated    0 dihedrals

| Duplicated    0 dihedrals

--------------------------------------------------------------------------------
   1.  RESOURCE   USE: 
--------------------------------------------------------------------------------

 getting new box info from bottom of inpcrd
 NATOM  =   24924 NTYPES =      16 NBONH =   23618 MBONA  =    1322
 NTHETH =   25286 MTHETA =    1777 NPHIH =    6059 MPHIA  =    5533
 NHPARM =       0 NPARM  =       0 NNB   =   44138 NRES   =    7599
 NBONA  =    1322 NTHETA =    1777 NPHIA =    5533 NUMBND =      67
 NUMANG =     153 NPTRA  =     185 NATYP =      36 NPHB   =       0
 IFBOX  =       1 NMXRS  =      24 IFCAP =       0 NEXTRA =       0
 NCOPY  =       0

| Coordinate Index Table dimensions:    13   14   16
| Direct force subcell size =     4.7328    4.6773    4.5903

     BOX TYPE: RECTILINEAR

--------------------------------------------------------------------------------
   2.  CONTROL  DATA  FOR  THE  RUN
--------------------------------------------------------------------------------

NIL                                                                             

General flags:
     imin    =       0, nmropt  =       1

Nature and format of input:
     ntx     =       1, irest   =       0, ntrx    =       1

Nature and format of output:
     ntxo    =       2, ntpr    =    1000, ntrx    =       1, ntwr    =    5000
     iwrap   =       1, ntwx    =    1000, ntwv    =       0, ntwe    =    1000
     ioutfm  =       1, ntwprt  =       0, idecomp =       0, rbornstat=      0

Potential function:
     ntf     =       1, ntb     =       1, igb     =       0, nsnb    =      25
     ipol    =       0, gbsa    =       0, iesp    =       0
     dielc   =   1.00000, cut     =   8.00000, intdiel =   1.00000

Frozen or restrained atoms:
     ibelly  =       0, ntr     =       1
     restraint_wt =   5.00000

Molecular dynamics:
     nstlim  =     10000, nscm    =         0, nrespa  =         1
     t       =   0.00000, dt      =   0.00200, vlimit  =  20.00000

Langevin dynamics temperature regulation:
     ig      =  891482
     temp0   = 300.00000, tempi   =  50.00000, gamma_ln=   2.00000

SHAKE:
     ntc     =       2, jfastw  =       0
     tol     =   0.00001

NMR refinement options:
     iscale  =       0, noeskp  =       1, ipnlty  =       1, mxsub   =       1
     scalm   = 100.00000, pencut  =   0.10000, tausw   =   0.10000

Free energy options:
     icfe    =       1, ifsc    =       0, klambda =       1
     clambda =  0.0000, scalpha =  0.5000, scbeta  = 12.0000
     sceeorder =       2
     dynlmb =  0.0000 logdvdl =       0

| Intermolecular bonds treatment:
|     no_intermolecular_bonds =       1

| Energy averages sample interval:
|     ene_avg_sampling =    1000

Ewald parameters:
     verbose =       0, ew_type =       0, nbflag  =       1, use_pme =       1
     vdwmeth =       1, eedmeth =       1, netfrc  =       1
     Box X =   61.526   Box Y =   65.482   Box Z =   73.445
     Alpha =   90.000   Beta  =   90.000   Gamma =   90.000
     NFFT1 =   64       NFFT2 =   64       NFFT3 =   80
     Cutoff=    8.000   Tol   =0.100E-04
     Ewald Coefficient =  0.34864
     Interpolation order =    4

    LOADING THE CONSTRAINED ATOMS AS GROUPS


   5.  REFERENCE ATOM COORDINATES

  NIL                                                                             
     Mask !:WAT & !@H=; matches  1306 atoms
     TI Mask 1 :1; matches     12 atoms
     TI Mask 2 :2; matches     12 atoms
     TI region 1:   24912 atoms
     TI region 2:   24912 atoms
Removing charge of       0.1300 from atom      24
Total charge of   0.13000000 removed from       1 atoms
     Checking for mismatched coordinates.

--------------------------------------------------------------------------------
   3.  ATOMIC COORDINATES AND VELOCITIES
--------------------------------------------------------------------------------

NIL                                                                             
 begin time read from input coords =     0.000 ps



           Begin reading energy term weight changes/NMR restraints
 WEIGHT CHANGES:
 TEMP0         0   8000   50.000000  300.000000      0      0

 RESTRAINTS:
                          ** No restraint defined **

                  Done reading weight changes/NMR restraints


 
 Number of triangulated 3-point waters found:     7431

     Sum of charges for TI region  1 =   0.00041629
     Forcing neutrality...


     Sum of charges for TI region  2 =  -0.12958371
     Assuming uniform neutralizing plasma

| Dynamic Memory, Types Used:
| Reals             1149033
| Integers          1361286

| Nonbonded Pairs Initial Allocation:     4162931

| GPU memory information (estimate):
| KB of GPU memory in use:         0
| KB of CPU memory in use:         0

--------------------------------------------------------------------------------
   4.  RESULTS
--------------------------------------------------------------------------------


| TI region  1


 NSTEP =        0   TIME(PS) =       0.000  TEMP(K) =    72.72  PRESS =     0.0
 Etot   =    -65100.8322  EKtot   =      3694.1237  EPtot      =    -68794.9558
 BOND   =       486.2310  ANGLE   =      1251.9780  DIHED      =      2033.6697
 1-4 NB =       679.0689  1-4 EEL =      6052.4556  VDWAALS    =      8293.8398
 EELEC  =    -87592.1988  EHBOND  =         0.0000  RESTRAINT  =         0.0000
 DV/DL  =        -7.3185
 ------------------------------------------------------------------------------


| TI region  2


 NSTEP =        0   TIME(PS) =       0.000  TEMP(K) =    72.72  PRESS =     0.0
 Etot   =    -65100.8322  EKtot   =      3694.1237  EPtot      =    -68794.9558
 BOND   =       486.2310  ANGLE   =      1251.9780  DIHED      =      2033.6697
 1-4 NB =       679.0689  1-4 EEL =      6052.4556  VDWAALS    =      8293.8398
 EELEC  =    -87592.1988  EHBOND  =         0.0000  RESTRAINT  =         0.0000
 DV/DL  =        -7.3185
 ------------------------------------------------------------------------------

 NMR restraints: Bond =    0.000   Angle =     0.000   Torsion =     0.000
===============================================================================
wrapping first mol.:      -61.52620      -65.48220      -73.44500

| TI region  1


 NSTEP =     1000   TIME(PS) =       2.000  TEMP(K) =    81.65  PRESS =     0.0
 Etot   =    -84742.4432  EKtot   =      4147.4935  EPtot      =    -88889.9367
 BOND   =       194.4042  ANGLE   =       484.6730  DIHED      =      1851.0000
 1-4 NB =       612.5424  1-4 EEL =      6062.3410  VDWAALS    =     13955.3740
 EELEC  =   -112168.4261  EHBOND  =         0.0000  RESTRAINT  =       118.1548
 EAMBER (non-restraint)  =    -89008.0915
 DV/DL  =        -6.3349
 ------------------------------------------------------------------------------


| TI region  2


 NSTEP =     1000   TIME(PS) =       2.000  TEMP(K) =    81.65  PRESS =     0.0
 Etot   =    -84742.4432  EKtot   =      4147.4935  EPtot      =    -88889.9367
 BOND   =       194.4042  ANGLE   =       484.6730  DIHED      =      1851.0000
 1-4 NB =       612.5424  1-4 EEL =      6062.3410  VDWAALS    =     13955.3740
 EELEC  =   -112168.4261  EHBOND  =         0.0000  RESTRAINT  =       118.1548
 EAMBER (non-restraint)  =    -89008.0915
 DV/DL  =        -6.3349
 ------------------------------------------------------------------------------

 NMR restraints: Bond =    0.000   Angle =     0.000   Torsion =     0.000
===============================================================================
wrapping first mol.:      -61.52620      -65.48220      -73.44500

| TI region  1


 NSTEP =     2000   TIME(PS) =       4.000  TEMP(K) =   104.93  PRESS =     0.0
 Etot   =    -82750.1621  EKtot   =      5329.9538  EPtot      =    -88080.1158
 BOND   =       225.0270  ANGLE   =       558.5010  DIHED      =      1877.3954
 1-4 NB =       627.7394  1-4 EEL =      6066.9033  VDWAALS    =     13766.1283
 EELEC  =   -111338.2018  EHBOND  =         0.0000  RESTRAINT  =       136.3915
 EAMBER (non-restraint)  =    -88216.5074
 DV/DL  =        -6.6849
 ------------------------------------------------------------------------------


| TI region  2


 NSTEP =     2000   TIME(PS) =       4.000  TEMP(K) =   104.93  PRESS =     0.0
 Etot   =    -82750.1621  EKtot   =      5329.9538  EPtot      =    -88080.1158
 BOND   =       225.0270  ANGLE   =       558.5010  DIHED      =      1877.3954
 1-4 NB =       627.7394  1-4 EEL =      6066.9033  VDWAALS    =     13766.1283
 EELEC  =   -111338.2018  EHBOND  =         0.0000  RESTRAINT  =       136.3915
 EAMBER (non-restraint)  =    -88216.5074
 DV/DL  =        -6.6849
 ------------------------------------------------------------------------------

 NMR restraints: Bond =    0.000   Angle =     0.000   Torsion =     0.000
===============================================================================
wrapping first mol.:      -61.52620      -65.48220      -73.44500

| TI region  1


 NSTEP =     3000   TIME(PS) =       6.000  TEMP(K) =   136.40  PRESS =     0.0
 Etot   =    -79721.6398  EKtot   =      6928.8027  EPtot      =    -86650.4425
 BOND   =       267.5482  ANGLE   =       674.1744  DIHED      =      1895.0804
 1-4 NB =       633.2362  1-4 EEL =      6065.2064  VDWAALS    =     13279.1988
 EELEC  =   -109616.7258  EHBOND  =         0.0000  RESTRAINT  =       151.8391
 EAMBER (non-restraint)  =    -86802.2816
 DV/DL  =        -6.4295
 ------------------------------------------------------------------------------


| TI region  2


 NSTEP =     3000   TIME(PS) =       6.000  TEMP(K) =   136.40  PRESS =     0.0
 Etot   =    -79721.6398  EKtot   =      6928.8027  EPtot      =    -86650.4425
 BOND   =       267.5482  ANGLE   =       674.1744  DIHED      =      1895.0804
 1-4 NB =       633.2362  1-4 EEL =      6065.2064  VDWAALS    =     13279.1988
 EELEC  =   -109616.7258  EHBOND  =         0.0000  RESTRAINT  =       151.8391
 EAMBER (non-restraint)  =    -86802.2816
 DV/DL  =        -6.4295
 ------------------------------------------------------------------------------

 NMR restraints: Bond =    0.000   Angle =     0.000   Torsion =     0.000
===============================================================================
wrapping first mol.:      -61.52620      -65.48220      -73.44500

| TI region  1


 NSTEP =     4000   TIME(PS) =       8.000  TEMP(K) =   165.51  PRESS =     0.0
 Etot   =    -76540.9835  EKtot   =      8407.5168  EPtot      =    -84948.5003
 BOND   =       319.0410  ANGLE   =       798.4501  DIHED      =      1928.6148
 1-4 NB =       625.8699  1-4 EEL =      6041.4716  VDWAALS    =     12632.3849
 EELEC  =   -107457.7999  EHBOND  =         0.0000  RESTRAINT  =       163.4672
 EAMBER (non-restraint)  =    -85111.9675
 DV/DL  =        -6.9409
 ------------------------------------------------------------------------------


| TI region  2


 NSTEP =     4000   TIME(PS) =       8.000  TEMP(K) =   165.51  PRESS =     0.0
 Etot   =    -76540.9835  EKtot   =      8407.5168  EPtot      =    -84948.5003
 BOND   =       319.0410  ANGLE   =       798.4501  DIHED      =      1928.6148
 1-4 NB =       625.8699  1-4 EEL =      6041.4716  VDWAALS    =     12632.3849
 EELEC  =   -107457.7999  EHBOND  =         0.0000  RESTRAINT  =       163.4672
 EAMBER (non-restraint)  =    -85111.9675
 DV/DL  =        -6.9409
 ------------------------------------------------------------------------------

 NMR restraints: Bond =    0.000   Angle =     0.000   Torsion =     0.000
===============================================================================
wrapping first mol.:      -61.52620      -65.48220      -73.44500
wrapping first mol.:      -61.52620      -65.48220      -73.44500

| TI region  1


 NSTEP =     5000   TIME(PS) =      10.000  TEMP(K) =   197.37  PRESS =     0.0
 Etot   =    -72825.4712  EKtot   =     10025.7662  EPtot      =    -82851.2374
 BOND   =       361.9155  ANGLE   =       880.3847  DIHED      =      1962.8299
 1-4 NB =       631.2623  1-4 EEL =      6048.6671  VDWAALS    =     11998.7649
 EELEC  =   -104929.3903  EHBOND  =         0.0000  RESTRAINT  =       194.3285
 EAMBER (non-restraint)  =    -83045.5659
 DV/DL  =        -6.7252
 ------------------------------------------------------------------------------


| TI region  2


 NSTEP =     5000   TIME(PS) =      10.000  TEMP(K) =   197.37  PRESS =     0.0
 Etot   =    -72825.4712  EKtot   =     10025.7662  EPtot      =    -82851.2374
 BOND   =       361.9155  ANGLE   =       880.3847  DIHED      =      1962.8299
 1-4 NB =       631.2623  1-4 EEL =      6048.6671  VDWAALS    =     11998.7649
 EELEC  =   -104929.3903  EHBOND  =         0.0000  RESTRAINT  =       194.3285
 EAMBER (non-restraint)  =    -83045.5659
 DV/DL  =        -6.7252
 ------------------------------------------------------------------------------

 NMR restraints: Bond =    0.000   Angle =     0.000   Torsion =     0.000
===============================================================================
wrapping first mol.:      -61.52620      -65.48220      -73.44500

| TI region  1


 NSTEP =     6000   TIME(PS) =      12.000  TEMP(K) =   229.98  PRESS =     0.0
 Etot   =    -68746.3346  EKtot   =     11682.4498  EPtot      =    -80428.7844
 BOND   =       395.0324  ANGLE   =       966.2782  DIHED      =      1969.3762
 1-4 NB =       649.7007  1-4 EEL =      6074.9029  VDWAALS    =     11071.1236
 EELEC  =   -101762.5286  EHBOND  =         0.0000  RESTRAINT  =       207.3301
 EAMBER (non-restraint)  =    -80636.1145
 DV/DL  =        -6.6770
 ------------------------------------------------------------------------------


| TI region  2


 NSTEP =     6000   TIME(PS) =      12.000  TEMP(K) =   229.98  PRESS =     0.0
 Etot   =    -68746.3346  EKtot   =     11682.4498  EPtot      =    -80428.7844
 BOND   =       395.0324  ANGLE   =       966.2782  DIHED      =      1969.3762
 1-4 NB =       649.7007  1-4 EEL =      6074.9029  VDWAALS    =     11071.1236
 EELEC  =   -101762.5286  EHBOND  =         0.0000  RESTRAINT  =       207.3301
 EAMBER (non-restraint)  =    -80636.1145
 DV/DL  =        -6.6770
 ------------------------------------------------------------------------------

 NMR restraints: Bond =    0.000   Angle =     0.000   Torsion =     0.000
===============================================================================
wrapping first mol.:      -61.52620      -65.48220      -73.44500

| TI region  1


 NSTEP =     7000   TIME(PS) =      14.000  TEMP(K) =   257.95  PRESS =     0.0
 Etot   =    -64381.1648  EKtot   =     13102.9696  EPtot      =    -77484.1344
 BOND   =       466.3097  ANGLE   =      1077.2711  DIHED      =      1984.4947
 1-4 NB =       663.9042  1-4 EEL =      6087.8265  VDWAALS    =     10183.6336
 EELEC  =    -98170.5034  EHBOND  =         0.0000  RESTRAINT  =       222.9293
 EAMBER (non-restraint)  =    -77707.0637
 DV/DL  =        -6.4719
 ------------------------------------------------------------------------------


| TI region  2


 NSTEP =     7000   TIME(PS) =      14.000  TEMP(K) =   257.95  PRESS =     0.0
 Etot   =    -64381.1648  EKtot   =     13102.9696  EPtot      =    -77484.1344
 BOND   =       466.3097  ANGLE   =      1077.2711  DIHED      =      1984.4947
 1-4 NB =       663.9042  1-4 EEL =      6087.8265  VDWAALS    =     10183.6336
 EELEC  =    -98170.5034  EHBOND  =         0.0000  RESTRAINT  =       222.9293
 EAMBER (non-restraint)  =    -77707.0637
 DV/DL  =        -6.4719
 ------------------------------------------------------------------------------

 NMR restraints: Bond =    0.000   Angle =     0.000   Torsion =     0.000
===============================================================================
wrapping first mol.:      -61.52620      -65.48220      -73.44500

| TI region  1


 NSTEP =     8000   TIME(PS) =      16.000  TEMP(K) =   285.91  PRESS =     0.0
 Etot   =    -59590.4805  EKtot   =     14523.2304  EPtot      =    -74113.7109
 BOND   =       488.5160  ANGLE   =      1178.1344  DIHED      =      1993.1425
 1-4 NB =       654.2919  1-4 EEL =      6068.6873  VDWAALS    =      9015.5643
 EELEC  =    -93775.3339  EHBOND  =         0.0000  RESTRAINT  =       263.2866
 EAMBER (non-restraint)  =    -74376.9975
 DV/DL  =        -7.5079
 ------------------------------------------------------------------------------


| TI region  2


 NSTEP =     8000   TIME(PS) =      16.000  TEMP(K) =   285.91  PRESS =     0.0
 Etot   =    -59590.4805  EKtot   =     14523.2304  EPtot      =    -74113.7109
 BOND   =       488.5160  ANGLE   =      1178.1344  DIHED      =      1993.1425
 1-4 NB =       654.2919  1-4 EEL =      6068.6873  VDWAALS    =      9015.5643
 EELEC  =    -93775.3339  EHBOND  =         0.0000  RESTRAINT  =       263.2866
 EAMBER (non-restraint)  =    -74376.9975
 DV/DL  =        -7.5079
 ------------------------------------------------------------------------------

 NMR restraints: Bond =    0.000   Angle =     0.000   Torsion =     0.000
===============================================================================
wrapping first mol.:      -61.52620      -65.48220      -73.44500

| TI region  1


 NSTEP =     9000   TIME(PS) =      18.000  TEMP(K) =   297.31  PRESS =     0.0
 Etot   =    -57525.0203  EKtot   =     15102.5044  EPtot      =    -72627.5247
 BOND   =       468.6542  ANGLE   =      1226.0899  DIHED      =      2016.7749
 1-4 NB =       658.7723  1-4 EEL =      6039.9425  VDWAALS    =      8629.8483
 EELEC  =    -91917.5663  EHBOND  =         0.0000  RESTRAINT  =       249.9596
 EAMBER (non-restraint)  =    -72877.4842
 DV/DL  =        -6.5708
 ------------------------------------------------------------------------------


| TI region  2


 NSTEP =     9000   TIME(PS) =      18.000  TEMP(K) =   297.31  PRESS =     0.0
 Etot   =    -57525.0203  EKtot   =     15102.5044  EPtot      =    -72627.5247
 BOND   =       468.6542  ANGLE   =      1226.0899  DIHED      =      2016.7749
 1-4 NB =       658.7723  1-4 EEL =      6039.9425  VDWAALS    =      8629.8483
 EELEC  =    -91917.5663  EHBOND  =         0.0000  RESTRAINT  =       249.9596
 EAMBER (non-restraint)  =    -72877.4842
 DV/DL  =        -6.5708
 ------------------------------------------------------------------------------

 NMR restraints: Bond =    0.000   Angle =     0.000   Torsion =     0.000
===============================================================================
wrapping first mol.:      -61.52620      -65.48220      -73.44500
wrapping first mol.:      -61.52620      -65.48220      -73.44500

| TI region  1


 NSTEP =    10000   TIME(PS) =      20.000  TEMP(K) =   298.73  PRESS =     0.0
 Etot   =    -57249.9908  EKtot   =     15174.5754  EPtot      =    -72424.5662
 BOND   =       490.0954  ANGLE   =      1180.1640  DIHED      =      2023.6877
 1-4 NB =       664.8811  1-4 EEL =      6054.5626  VDWAALS    =      8717.2185
 EELEC  =    -91812.7474  EHBOND  =         0.0000  RESTRAINT  =       257.5720
 EAMBER (non-restraint)  =    -72682.1382
 DV/DL  =        -7.2556
 ------------------------------------------------------------------------------


| TI region  2


 NSTEP =    10000   TIME(PS) =      20.000  TEMP(K) =   298.73  PRESS =     0.0
 Etot   =    -57249.9908  EKtot   =     15174.5754  EPtot      =    -72424.5662
 BOND   =       490.0954  ANGLE   =      1180.1640  DIHED      =      2023.6877
 1-4 NB =       664.8811  1-4 EEL =      6054.5626  VDWAALS    =      8717.2185
 EELEC  =    -91812.7474  EHBOND  =         0.0000  RESTRAINT  =       257.5720
 EAMBER (non-restraint)  =    -72682.1382
 DV/DL  =        -7.2556
 ------------------------------------------------------------------------------

 NMR restraints: Bond =    0.000   Angle =     0.000   Torsion =     0.000
===============================================================================

| TI region  1


      A V E R A G E S   O V E R      10 S T E P S


 NSTEP =    10000   TIME(PS) =      20.000  TEMP(K) =   205.58  PRESS =     0.0
 Etot   =    -70407.3691  EKtot   =     10442.5263  EPtot      =    -80849.8953
 BOND   =       367.6543  ANGLE   =       902.4121  DIHED      =      1950.2397
 1-4 NB =       642.2200  1-4 EEL =      6061.0511  VDWAALS    =     11324.9239
 EELEC  =   -102294.9224  EHBOND  =         0.0000  RESTRAINT  =       196.5259
 EAMBER (non-restraint)  =    -81046.4212
 DV/DL  =        -6.7599
 ------------------------------------------------------------------------------

 NMR restraints: Bond =    0.000   Angle =     0.000   Torsion =     0.000
===============================================================================

      R M S  F L U C T U A T I O N S


 NSTEP =    10000   TIME(PS) =      20.000  TEMP(K) =    76.70  PRESS =     0.0
 Etot   =      9915.7135  EKtot   =      3896.1807  EPtot      =      6056.7652
 BOND   =       106.3289  ANGLE   =       254.7072  DIHED      =        56.5909
 1-4 NB =        17.3723  1-4 EEL =        14.2992  VDWAALS    =      1990.6058
 EELEC  =      7575.7157  EHBOND  =         0.0000  RESTRAINT  =        49.7046
 EAMBER (non-restraint)  =      6007.0606
 DV/DL  =         0.3550
 ------------------------------------------------------------------------------


| TI region  2


      A V E R A G E S   O V E R      10 S T E P S


 NSTEP =    10000   TIME(PS) =      20.000  TEMP(K) =   205.58  PRESS =     0.0
 Etot   =    -70407.3691  EKtot   =     10442.5263  EPtot      =    -80849.8953
 BOND   =       367.6543  ANGLE   =       902.4121  DIHED      =      1950.2397
 1-4 NB =       642.2200  1-4 EEL =      6061.0511  VDWAALS    =     11324.9239
 EELEC  =   -102294.9224  EHBOND  =         0.0000  RESTRAINT  =       196.5259
 EAMBER (non-restraint)  =    -81046.4212
 DV/DL  =        -6.7599
 ------------------------------------------------------------------------------

 NMR restraints: Bond =    0.000   Angle =     0.000   Torsion =     0.000
===============================================================================

      R M S  F L U C T U A T I O N S


 NSTEP =    10000   TIME(PS) =      20.000  TEMP(K) =    76.70  PRESS =     0.0
 Etot   =      9915.7135  EKtot   =      3896.1807  EPtot      =      6056.7652
 BOND   =       106.3289  ANGLE   =       254.7072  DIHED      =        56.5909
 1-4 NB =        17.3723  1-4 EEL =        14.2992  VDWAALS    =      1990.6058
 EELEC  =      7575.7157  EHBOND  =         0.0000  RESTRAINT  =        49.7046
 EAMBER (non-restraint)  =      6007.0606
 DV/DL  =         0.3550
 ------------------------------------------------------------------------------


      DV/DL, AVERAGES OVER      10 STEPS


 NSTEP =    10000   TIME(PS) =      20.000  TEMP(K) =    76.70  PRESS =     0.0
 Etot   =         0.0000  EKtot   =         0.0000  EPtot      =        -6.7599
 BOND   =         0.0000  ANGLE   =         0.0000  DIHED      =         0.0000
 1-4 NB =         0.0000  1-4 EEL =        -1.0226  VDWAALS    =         0.0000
 EELEC  =        -5.7372  EHBOND  =         0.0000  RESTRAINT  =         0.0000
 DV/DL  =        -6.7599
 ------------------------------------------------------------------------------


 NMR restraints on final step:

--------------------------------------------------------------------------------
   5.  TIMINGS
--------------------------------------------------------------------------------

|  NonSetup CPU Time in Major Routines:
|
|     Routine           Sec        %
|     ------------------------------
|     Nonbond           7.84   33.96
|     Bond              0.00    0.00
|     Angle             0.00    0.00
|     Dihedral          0.00    0.00
|     Shake             0.06    0.24
|     RunMD            15.16   65.67
|     Other             0.03    0.13
|     ------------------------------
|     Total            23.08

|  PME Nonbond Pairlist CPU Time:
|
|     Routine              Sec        %
|     ---------------------------------
|     Set Up Cit           0.00    0.00
|     Build List           0.00    0.00
|     ---------------------------------
|     Total                0.00    0.00

|  PME Direct Force CPU Time:
|
|     Routine              Sec        %
|     ---------------------------------
|     NonBonded Calc       0.00    0.00
|     Exclude Masked       0.00    0.00
|     Other                0.02    0.08
|     ---------------------------------
|     Total                0.02    0.08

|  PME Reciprocal Force CPU Time:
|
|     Routine              Sec        %
|     ---------------------------------
|     1D bspline           0.00    0.00
|     Grid Charges         0.00    0.00
|     Scalar Sum           0.00    0.00
|     Gradient Sum         0.00    0.00
|     FFT                  0.00    0.00
|     ---------------------------------
|     Total                0.00    0.00

|  Final Performance Info:
|     -----------------------------------------------------
|     Average timings for last   10000 steps:
|     Elapsed(s) =      23.08 Per Step(ms) =       2.31
|         ns/day =      74.88   seconds/ns =    1153.87
|
|     Average timings for all steps:
|     Elapsed(s) =      23.08 Per Step(ms) =       2.31
|         ns/day =      74.88   seconds/ns =    1153.87
|     -----------------------------------------------------

|  Setup CPU time:            1.31 seconds
|  NonSetup CPU time:        23.08 seconds
|  Total CPU time:           24.38 seconds     0.01 hours

|  Setup wall time:           3    seconds
|  NonSetup wall time:       23    seconds
|  Total wall time:          26    seconds     0.01 hours
