
          -------------------------------------------------------
          Amber 18 PMEMD                              2018
          -------------------------------------------------------

| PMEMD implementation of SANDER, Release 18

| Run on 06/21/2018 at 05:20:26

|   Executable path: /home/uv10/amber/bin/pmemd
| Working directory: /home/uv10/tutorials-amber/A9/ligand/pmemd/free_energy/ligands/recharge/0.1
|          Hostname: Unknown
  [-O]verwriting output

File Assignments:
|   MDIN: heat.in                                                               
|  MDOUT: heat.out                                                              
| INPCRD: ti.rst7                                                               
|   PARM: ti.parm7                                                              
| RESTRT: heat.rst7                                                             
|   REFC: ti.rst7                                                               
|  MDVEL: mdvel                                                                 
|   MDEN: heat.en                                                               
|  MDCRD: heat.nc                                                               
| MDINFO: heat.info                                                             
|  MDFRC: mdfrc                                                                 


 Here is the input file:

heating                                                                        
 &cntrl                                                                        
   imin = 0, nstlim = 10000, irest = 0, ntx = 1, dt = 0.002,                   
   ntt = 1, temp0 = 300.0, tempi = 50.0, tautp = 1.0,                          
   ntc = 2, ntf = 1,                                                           
   ntb = 1,                                                                    
   ioutfm = 1, iwrap = 1,                                                      
   ntwe = 1000, ntwx = 1000, ntpr = 1000, ntwr = 5000,                         
                                                                               
   nmropt = 1,                                                                 
   ntr = 1, restraint_wt = 5.00,                                               
   restraintmask='!:WAT & !@H=',                                               
                                                                               
   icfe = 1, clambda = 0.1, scalpha = 0.5, scbeta = 12.0,                      
   logdvdl = 0,                                                                
   timask1 = ':1', timask2 = ':2',                                             
   ifsc = 0, crgmask = ':1@O1,H6',                                             
 /                                                                             
                                                                               
 &ewald                                                                        
 /                                                                             
                                                                               
 &wt                                                                           
   type='TEMP0',                                                               
   istep1 = 0, istep2 = 8000,                                                  
   value1 = 50.0, value2 = 300.0                                               
 /                                                                             
                                                                               
 &wt type = 'END'                                                              
 /                                                                             
                                                                               


Note: ig = -1. Setting random seed to   488331 based on wallclock time in 
      microseconds.
| irandom = 1, using AMBER's internal random number generator (default).
 
 
| Conditional Compilation Defines Used:
| PUBFFT
| BINTRAJ
| EMIL

| Largest sphere to fit in unit cell has radius =    16.836

| New format PARM file being parsed.
| Version =    1.000 Date = 06/20/18 Time = 14:05:12

| Note: 1-4 EEL scale factors are being read from the topology file.

| Note: 1-4 VDW scale factors are being read from the topology file.
| Duplicated    0 dihedrals

| Duplicated    0 dihedrals

--------------------------------------------------------------------------------
   1.  RESOURCE   USE: 
--------------------------------------------------------------------------------

 getting new box info from bottom of inpcrd
 NATOM  =    2633 NTYPES =       6 NBONH =    2619 MBONA  =      14
 NTHETH =      22 MTHETA =      16 NPHIH =      46 MPHIA  =      16
 NHPARM =       0 NPARM  =       0 NNB   =    3588 NRES   =     871
 NBONA  =      14 NTHETA =      16 NPHIA =      16 NUMBND =       6
 NUMANG =       4 NPTRA  =       3 NATYP =       6 NPHB   =       1
 IFBOX  =       1 NMXRS  =      13 IFCAP =       0 NEXTRA =       0
 NCOPY  =       0

| Coordinate Index Table dimensions:     7    7    7
| Direct force subcell size =     4.8104    4.9998    5.0941

     BOX TYPE: RECTILINEAR

--------------------------------------------------------------------------------
   2.  CONTROL  DATA  FOR  THE  RUN
--------------------------------------------------------------------------------

default_name                                                                    

General flags:
     imin    =       0, nmropt  =       1

Nature and format of input:
     ntx     =       1, irest   =       0, ntrx    =       1

Nature and format of output:
     ntxo    =       2, ntpr    =    1000, ntrx    =       1, ntwr    =    5000
     iwrap   =       1, ntwx    =    1000, ntwv    =       0, ntwe    =    1000
     ioutfm  =       1, ntwprt  =       0, idecomp =       0, rbornstat=      0

Potential function:
     ntf     =       1, ntb     =       1, igb     =       0, nsnb    =      25
     ipol    =       0, gbsa    =       0, iesp    =       0
     dielc   =   1.00000, cut     =   8.00000, intdiel =   1.00000

Frozen or restrained atoms:
     ibelly  =       0, ntr     =       1
     restraint_wt =   5.00000

Molecular dynamics:
     nstlim  =     10000, nscm    =         0, nrespa  =         1
     t       =   0.00000, dt      =   0.00200, vlimit  =  20.00000

Berendsen (weak-coupling) temperature regulation:
     temp0   = 300.00000, tempi   =  50.00000, tautp   =   1.00000

SHAKE:
     ntc     =       2, jfastw  =       0
     tol     =   0.00001

NMR refinement options:
     iscale  =       0, noeskp  =       1, ipnlty  =       1, mxsub   =       1
     scalm   = 100.00000, pencut  =   0.10000, tausw   =   0.10000

Free energy options:
     icfe    =       1, ifsc    =       0, klambda =       1
     clambda =  0.1000, scalpha =  0.5000, scbeta  = 12.0000
     sceeorder =       2
     dynlmb =  0.0000 logdvdl =       0

| Intermolecular bonds treatment:
|     no_intermolecular_bonds =       1

| Energy averages sample interval:
|     ene_avg_sampling =    1000

Ewald parameters:
     verbose =       0, ew_type =       0, nbflag  =       1, use_pme =       1
     vdwmeth =       1, eedmeth =       1, netfrc  =       1
     Box X =   33.673   Box Y =   34.999   Box Z =   35.659
     Alpha =   90.000   Beta  =   90.000   Gamma =   90.000
     NFFT1 =   36       NFFT2 =   36       NFFT3 =   36
     Cutoff=    8.000   Tol   =0.100E-04
     Ewald Coefficient =  0.34864
     Interpolation order =    4

    LOADING THE CONSTRAINED ATOMS AS GROUPS


   5.  REFERENCE ATOM COORDINATES

  default_name                                                                    
     Mask !:WAT & !@H=; matches    14 atoms
     TI Mask 1 :1; matches     13 atoms
     TI Mask 2 :2; matches     13 atoms
     TI region 1:    2620 atoms
     TI region 2:    2620 atoms
Removing charge of      -0.5539 from atom      12
Removing charge of       0.3791 from atom      13
Total charge of  -0.17486000 removed from       2 atoms
     Checking for mismatched coordinates.

--------------------------------------------------------------------------------
   3.  ATOMIC COORDINATES AND VELOCITIES
--------------------------------------------------------------------------------

default_name                                                                    
 begin time read from input coords =     0.000 ps



           Begin reading energy term weight changes/NMR restraints
 WEIGHT CHANGES:
 TEMP0         0   8000   50.000000  300.000000      0      0

 RESTRAINTS:
                          ** No restraint defined **

                  Done reading weight changes/NMR restraints


 
 Number of triangulated 3-point waters found:      869

     Sum of charges for TI region  1 =   0.17486100
     Assuming uniform neutralizing plasma


     Sum of charges for TI region  2 =   0.00000100
     Forcing neutrality...

| Dynamic Memory, Types Used:
| Reals              231002
| Integers           100935

| Nonbonded Pairs Initial Allocation:      439776

--------------------------------------------------------------------------------
   4.  RESULTS
--------------------------------------------------------------------------------

 ---------------------------------------------------
 APPROXIMATING switch and d/dx switch using CUBIC SPLINE INTERPOLATION
 using   5000.0 points per unit in tabled values
 TESTING RELATIVE ERROR over r ranging from 0.0 to cutoff
| CHECK switch(x): max rel err =   0.2738E-14   at   2.422500
| CHECK d/dx switch(x): max rel err =   0.8332E-11   at   2.782960
 ---------------------------------------------------
|---------------------------------------------------
| APPROXIMATING direct energy using CUBIC SPLINE INTERPOLATION
|  with   50.0 points per unit in tabled values
| Relative Error Limit not exceeded for r .gt.   2.47
| APPROXIMATING direct force using CUBIC SPLINE INTERPOLATION
|  with   50.0 points per unit in tabled values
| Relative Error Limit not exceeded for r .gt.   2.89
|---------------------------------------------------

| TI region  1


 NSTEP =        0   TIME(PS) =       0.000  TEMP(K) =    75.43  PRESS =     0.0
 Etot   =     -6461.2504  EKtot   =       393.2718  EPtot      =     -6854.5221
 BOND   =         2.2487  ANGLE   =         4.3515  DIHED      =         1.0131
 1-4 NB =         3.7427  1-4 EEL =       -13.1755  VDWAALS    =      1126.6119
 EELEC  =     -7979.3144  EHBOND  =         0.0000  RESTRAINT  =         0.0000
 DV/DL  =       -33.2147
 Ewald error estimate:   0.4253E-03
 ------------------------------------------------------------------------------


| TI region  2


 NSTEP =        0   TIME(PS) =       0.000  TEMP(K) =    75.43  PRESS =     0.0
 Etot   =     -6461.2504  EKtot   =       393.2718  EPtot      =     -6854.5221
 BOND   =         2.2487  ANGLE   =         4.3515  DIHED      =         1.0131
 1-4 NB =         3.7427  1-4 EEL =       -13.1755  VDWAALS    =      1126.6119
 EELEC  =     -7979.3144  EHBOND  =         0.0000  RESTRAINT  =         0.0000
 DV/DL  =       -33.2147
 Ewald error estimate:   0.4253E-03
 ------------------------------------------------------------------------------

 NMR restraints: Bond =    0.000   Angle =     0.000   Torsion =     0.000
===============================================================================

| TI region  1


 NSTEP =     1000   TIME(PS) =       2.000  TEMP(K) =   176.82  PRESS =     0.0
 Etot   =     -8036.7947  EKtot   =       921.8576  EPtot      =     -8958.6523
 BOND   =         0.6760  ANGLE   =         0.4265  DIHED      =         0.6682
 1-4 NB =         3.3069  1-4 EEL =       -13.1476  VDWAALS    =      1618.0365
 EELEC  =    -10569.9468  EHBOND  =         0.0000  RESTRAINT  =         1.3281
 EAMBER (non-restraint)  =     -8959.9804
 DV/DL  =       -27.5629
 Ewald error estimate:   0.2246E-03
 ------------------------------------------------------------------------------


| TI region  2


 NSTEP =     1000   TIME(PS) =       2.000  TEMP(K) =   176.82  PRESS =     0.0
 Etot   =     -8036.7947  EKtot   =       921.8576  EPtot      =     -8958.6523
 BOND   =         0.6760  ANGLE   =         0.4265  DIHED      =         0.6682
 1-4 NB =         3.3069  1-4 EEL =       -13.1476  VDWAALS    =      1618.0365
 EELEC  =    -10569.9468  EHBOND  =         0.0000  RESTRAINT  =         1.3281
 EAMBER (non-restraint)  =     -8959.9804
 DV/DL  =       -27.5629
 Ewald error estimate:   0.2246E-03
 ------------------------------------------------------------------------------

 NMR restraints: Bond =    0.000   Angle =     0.000   Torsion =     0.000
===============================================================================

| TI region  1


 NSTEP =     2000   TIME(PS) =       4.000  TEMP(K) =   137.94  PRESS =     0.0
 Etot   =     -8631.1335  EKtot   =       719.1302  EPtot      =     -9350.2638
 BOND   =         0.5749  ANGLE   =         1.2217  DIHED      =         0.7249
 1-4 NB =         3.4805  1-4 EEL =       -13.3979  VDWAALS    =      1777.0916
 EELEC  =    -11120.8959  EHBOND  =         0.0000  RESTRAINT  =         0.9364
 EAMBER (non-restraint)  =     -9351.2001
 DV/DL  =       -28.6734
 Ewald error estimate:   0.8862E-04
 ------------------------------------------------------------------------------


| TI region  2


 NSTEP =     2000   TIME(PS) =       4.000  TEMP(K) =   137.94  PRESS =     0.0
 Etot   =     -8631.1335  EKtot   =       719.1302  EPtot      =     -9350.2638
 BOND   =         0.5749  ANGLE   =         1.2217  DIHED      =         0.7249
 1-4 NB =         3.4805  1-4 EEL =       -13.3979  VDWAALS    =      1777.0916
 EELEC  =    -11120.8959  EHBOND  =         0.0000  RESTRAINT  =         0.9364
 EAMBER (non-restraint)  =     -9351.2001
 DV/DL  =       -28.6734
 Ewald error estimate:   0.8862E-04
 ------------------------------------------------------------------------------

 NMR restraints: Bond =    0.000   Angle =     0.000   Torsion =     0.000
===============================================================================

| TI region  1


 NSTEP =     3000   TIME(PS) =       6.000  TEMP(K) =   135.62  PRESS =     0.0
 Etot   =     -8719.1030  EKtot   =       707.0588  EPtot      =     -9426.1618
 BOND   =         0.7343  ANGLE   =         0.8165  DIHED      =         0.8146
 1-4 NB =         3.1833  1-4 EEL =       -12.9330  VDWAALS    =      1800.5994
 EELEC  =    -11220.2996  EHBOND  =         0.0000  RESTRAINT  =         0.9226
 EAMBER (non-restraint)  =     -9427.0844
 DV/DL  =       -30.2465
 Ewald error estimate:   0.1916E-03
 ------------------------------------------------------------------------------


| TI region  2


 NSTEP =     3000   TIME(PS) =       6.000  TEMP(K) =   135.62  PRESS =     0.0
 Etot   =     -8719.1030  EKtot   =       707.0588  EPtot      =     -9426.1618
 BOND   =         0.7343  ANGLE   =         0.8165  DIHED      =         0.8146
 1-4 NB =         3.1833  1-4 EEL =       -12.9330  VDWAALS    =      1800.5994
 EELEC  =    -11220.2996  EHBOND  =         0.0000  RESTRAINT  =         0.9226
 EAMBER (non-restraint)  =     -9427.0844
 DV/DL  =       -30.2465
 Ewald error estimate:   0.1916E-03
 ------------------------------------------------------------------------------

 NMR restraints: Bond =    0.000   Angle =     0.000   Torsion =     0.000
===============================================================================

| TI region  1


 NSTEP =     4000   TIME(PS) =       8.000  TEMP(K) =   157.37  PRESS =     0.0
 Etot   =     -8572.7079  EKtot   =       820.4471  EPtot      =     -9393.1550
 BOND   =         0.2022  ANGLE   =         1.0546  DIHED      =         1.2506
 1-4 NB =         3.3933  1-4 EEL =       -13.0620  VDWAALS    =      1731.8385
 EELEC  =    -11118.7426  EHBOND  =         0.0000  RESTRAINT  =         0.9104
 EAMBER (non-restraint)  =     -9394.0653
 DV/DL  =       -26.3084
 Ewald error estimate:   0.1268E-03
 ------------------------------------------------------------------------------


| TI region  2


 NSTEP =     4000   TIME(PS) =       8.000  TEMP(K) =   157.37  PRESS =     0.0
 Etot   =     -8572.7079  EKtot   =       820.4471  EPtot      =     -9393.1550
 BOND   =         0.2022  ANGLE   =         1.0546  DIHED      =         1.2506
 1-4 NB =         3.3933  1-4 EEL =       -13.0620  VDWAALS    =      1731.8385
 EELEC  =    -11118.7426  EHBOND  =         0.0000  RESTRAINT  =         0.9104
 EAMBER (non-restraint)  =     -9394.0653
 DV/DL  =       -26.3084
 Ewald error estimate:   0.1268E-03
 ------------------------------------------------------------------------------

 NMR restraints: Bond =    0.000   Angle =     0.000   Torsion =     0.000
===============================================================================

| TI region  1


 NSTEP =     5000   TIME(PS) =      10.000  TEMP(K) =   177.52  PRESS =     0.0
 Etot   =     -8317.0519  EKtot   =       925.4747  EPtot      =     -9242.5266
 BOND   =         0.4008  ANGLE   =         1.0242  DIHED      =         0.9219
 1-4 NB =         3.3160  1-4 EEL =       -12.9919  VDWAALS    =      1787.8799
 EELEC  =    -11024.4662  EHBOND  =         0.0000  RESTRAINT  =         1.3886
 EAMBER (non-restraint)  =     -9243.9153
 DV/DL  =       -29.1810
 Ewald error estimate:   0.1236E-03
 ------------------------------------------------------------------------------


| TI region  2


 NSTEP =     5000   TIME(PS) =      10.000  TEMP(K) =   177.52  PRESS =     0.0
 Etot   =     -8317.0519  EKtot   =       925.4747  EPtot      =     -9242.5266
 BOND   =         0.4008  ANGLE   =         1.0242  DIHED      =         0.9219
 1-4 NB =         3.3160  1-4 EEL =       -12.9919  VDWAALS    =      1787.8799
 EELEC  =    -11024.4662  EHBOND  =         0.0000  RESTRAINT  =         1.3886
 EAMBER (non-restraint)  =     -9243.9153
 DV/DL  =       -29.1810
 Ewald error estimate:   0.1236E-03
 ------------------------------------------------------------------------------

 NMR restraints: Bond =    0.000   Angle =     0.000   Torsion =     0.000
===============================================================================

| TI region  1


 NSTEP =     6000   TIME(PS) =      12.000  TEMP(K) =   205.67  PRESS =     0.0
 Etot   =     -7988.0955  EKtot   =      1072.2325  EPtot      =     -9060.3280
 BOND   =         0.8889  ANGLE   =         0.5560  DIHED      =         1.3867
 1-4 NB =         3.0058  1-4 EEL =       -12.9685  VDWAALS    =      1622.6313
 EELEC  =    -10677.2068  EHBOND  =         0.0000  RESTRAINT  =         1.3786
 EAMBER (non-restraint)  =     -9061.7066
 DV/DL  =       -29.6224
 Ewald error estimate:   0.8780E-04
 ------------------------------------------------------------------------------


| TI region  2


 NSTEP =     6000   TIME(PS) =      12.000  TEMP(K) =   205.67  PRESS =     0.0
 Etot   =     -7988.0955  EKtot   =      1072.2325  EPtot      =     -9060.3280
 BOND   =         0.8889  ANGLE   =         0.5560  DIHED      =         1.3867
 1-4 NB =         3.0058  1-4 EEL =       -12.9685  VDWAALS    =      1622.6313
 EELEC  =    -10677.2068  EHBOND  =         0.0000  RESTRAINT  =         1.3786
 EAMBER (non-restraint)  =     -9061.7066
 DV/DL  =       -29.6224
 Ewald error estimate:   0.8780E-04
 ------------------------------------------------------------------------------

 NMR restraints: Bond =    0.000   Angle =     0.000   Torsion =     0.000
===============================================================================

| TI region  1


 NSTEP =     7000   TIME(PS) =      14.000  TEMP(K) =   232.60  PRESS =     0.0
 Etot   =     -7610.8067  EKtot   =      1212.6291  EPtot      =     -8823.4358
 BOND   =         1.3913  ANGLE   =         1.5093  DIHED      =         2.4889
 1-4 NB =         3.6558  1-4 EEL =       -13.1887  VDWAALS    =      1592.2009
 EELEC  =    -10412.6001  EHBOND  =         0.0000  RESTRAINT  =         1.1067
 EAMBER (non-restraint)  =     -8824.5425
 DV/DL  =       -29.0273
 Ewald error estimate:   0.1867E-03
 ------------------------------------------------------------------------------


| TI region  2


 NSTEP =     7000   TIME(PS) =      14.000  TEMP(K) =   232.60  PRESS =     0.0
 Etot   =     -7610.8067  EKtot   =      1212.6291  EPtot      =     -8823.4358
 BOND   =         1.3913  ANGLE   =         1.5093  DIHED      =         2.4889
 1-4 NB =         3.6558  1-4 EEL =       -13.1887  VDWAALS    =      1592.2009
 EELEC  =    -10412.6001  EHBOND  =         0.0000  RESTRAINT  =         1.1067
 EAMBER (non-restraint)  =     -8824.5425
 DV/DL  =       -29.0273
 Ewald error estimate:   0.1867E-03
 ------------------------------------------------------------------------------

 NMR restraints: Bond =    0.000   Angle =     0.000   Torsion =     0.000
===============================================================================

| TI region  1


 NSTEP =     8000   TIME(PS) =      16.000  TEMP(K) =   251.47  PRESS =     0.0
 Etot   =     -7178.6055  EKtot   =      1311.0016  EPtot      =     -8489.6071
 BOND   =         1.3948  ANGLE   =         1.0958  DIHED      =         4.1197
 1-4 NB =         4.0102  1-4 EEL =       -13.0742  VDWAALS    =      1399.0621
 EELEC  =     -9887.3914  EHBOND  =         0.0000  RESTRAINT  =         1.1760
 EAMBER (non-restraint)  =     -8490.7831
 DV/DL  =       -28.2164
 Ewald error estimate:   0.3111E-03
 ------------------------------------------------------------------------------


| TI region  2


 NSTEP =     8000   TIME(PS) =      16.000  TEMP(K) =   251.47  PRESS =     0.0
 Etot   =     -7178.6055  EKtot   =      1311.0016  EPtot      =     -8489.6071
 BOND   =         1.3948  ANGLE   =         1.0958  DIHED      =         4.1197
 1-4 NB =         4.0102  1-4 EEL =       -13.0742  VDWAALS    =      1399.0621
 EELEC  =     -9887.3914  EHBOND  =         0.0000  RESTRAINT  =         1.1760
 EAMBER (non-restraint)  =     -8490.7831
 DV/DL  =       -28.2164
 Ewald error estimate:   0.3111E-03
 ------------------------------------------------------------------------------

 NMR restraints: Bond =    0.000   Angle =     0.000   Torsion =     0.000
===============================================================================

| TI region  1


 NSTEP =     9000   TIME(PS) =      18.000  TEMP(K) =   267.50  PRESS =     0.0
 Etot   =     -6793.3803  EKtot   =      1394.5941  EPtot      =     -8187.9743
 BOND   =         1.3228  ANGLE   =         3.6058  DIHED      =         2.1157
 1-4 NB =         3.7067  1-4 EEL =       -13.4829  VDWAALS    =      1337.1415
 EELEC  =     -9525.0425  EHBOND  =         0.0000  RESTRAINT  =         2.6585
 EAMBER (non-restraint)  =     -8190.6328
 DV/DL  =       -30.3126
 Ewald error estimate:   0.5796E-04
 ------------------------------------------------------------------------------


| TI region  2


 NSTEP =     9000   TIME(PS) =      18.000  TEMP(K) =   267.50  PRESS =     0.0
 Etot   =     -6793.3803  EKtot   =      1394.5941  EPtot      =     -8187.9743
 BOND   =         1.3228  ANGLE   =         3.6058  DIHED      =         2.1157
 1-4 NB =         3.7067  1-4 EEL =       -13.4829  VDWAALS    =      1337.1415
 EELEC  =     -9525.0425  EHBOND  =         0.0000  RESTRAINT  =         2.6585
 EAMBER (non-restraint)  =     -8190.6328
 DV/DL  =       -30.3126
 Ewald error estimate:   0.5796E-04
 ------------------------------------------------------------------------------

 NMR restraints: Bond =    0.000   Angle =     0.000   Torsion =     0.000
===============================================================================

| TI region  1


 NSTEP =    10000   TIME(PS) =      20.000  TEMP(K) =   284.40  PRESS =     0.0
 Etot   =     -6554.4215  EKtot   =      1482.6657  EPtot      =     -8037.0872
 BOND   =         0.7722  ANGLE   =         2.2489  DIHED      =         2.2053
 1-4 NB =         3.5543  1-4 EEL =       -13.1489  VDWAALS    =      1343.4370
 EELEC  =     -9377.5711  EHBOND  =         0.0000  RESTRAINT  =         1.4152
 EAMBER (non-restraint)  =     -8038.5024
 DV/DL  =       -30.7845
 Ewald error estimate:   0.3484E-04
 ------------------------------------------------------------------------------


| TI region  2


 NSTEP =    10000   TIME(PS) =      20.000  TEMP(K) =   284.40  PRESS =     0.0
 Etot   =     -6554.4215  EKtot   =      1482.6657  EPtot      =     -8037.0872
 BOND   =         0.7722  ANGLE   =         2.2489  DIHED      =         2.2053
 1-4 NB =         3.5543  1-4 EEL =       -13.1489  VDWAALS    =      1343.4370
 EELEC  =     -9377.5711  EHBOND  =         0.0000  RESTRAINT  =         1.4152
 EAMBER (non-restraint)  =     -8038.5024
 DV/DL  =       -30.7845
 Ewald error estimate:   0.3484E-04
 ------------------------------------------------------------------------------

 NMR restraints: Bond =    0.000   Angle =     0.000   Torsion =     0.000
===============================================================================

| TI region  1


      A V E R A G E S   O V E R      10 S T E P S


 NSTEP =    10000   TIME(PS) =      20.000  TEMP(K) =   202.69  PRESS =     0.0
 Etot   =     -7840.2100  EKtot   =      1056.7091  EPtot      =     -8896.9192
 BOND   =         0.8358  ANGLE   =         1.3559  DIHED      =         1.6696
 1-4 NB =         3.4613  1-4 EEL =       -13.1396  VDWAALS    =      1600.9919
 EELEC  =    -10493.4163  EHBOND  =         0.0000  RESTRAINT  =         1.3221
 EAMBER (non-restraint)  =     -8898.2413
 DV/DL  =       -28.9935
 Ewald error estimate:   0.1434E-03
 ------------------------------------------------------------------------------

 NMR restraints: Bond =    0.000   Angle =     0.000   Torsion =     0.000
===============================================================================

      R M S  F L U C T U A T I O N S


 NSTEP =    10000   TIME(PS) =      20.000  TEMP(K) =    51.19  PRESS =     0.0
 Etot   =       739.0474  EKtot   =       266.8827  EPtot      =       479.0662
 BOND   =         0.3949  ANGLE   =         0.8924  DIHED      =         1.0296
 1-4 NB =         0.2725  1-4 EEL =         0.1707  VDWAALS    =       173.3394
 EELEC  =       647.4124  EHBOND  =         0.0000  RESTRAINT  =         0.4846
 EAMBER (non-restraint)  =       478.5816
 DV/DL  =         1.3005
 Ewald error estimate:   0.8047E-04
 ------------------------------------------------------------------------------


| TI region  2


      A V E R A G E S   O V E R      10 S T E P S


 NSTEP =    10000   TIME(PS) =      20.000  TEMP(K) =   202.69  PRESS =     0.0
 Etot   =     -7840.2100  EKtot   =      1056.7091  EPtot      =     -8896.9192
 BOND   =         0.8358  ANGLE   =         1.3559  DIHED      =         1.6696
 1-4 NB =         3.4613  1-4 EEL =       -13.1396  VDWAALS    =      1600.9919
 EELEC  =    -10493.4163  EHBOND  =         0.0000  RESTRAINT  =         1.3221
 EAMBER (non-restraint)  =     -8898.2413
 DV/DL  =       -28.9935
 Ewald error estimate:   0.1434E-03
 ------------------------------------------------------------------------------

 NMR restraints: Bond =    0.000   Angle =     0.000   Torsion =     0.000
===============================================================================

      R M S  F L U C T U A T I O N S


 NSTEP =    10000   TIME(PS) =      20.000  TEMP(K) =    51.19  PRESS =     0.0
 Etot   =       739.0474  EKtot   =       266.8827  EPtot      =       479.0662
 BOND   =         0.3949  ANGLE   =         0.8924  DIHED      =         1.0296
 1-4 NB =         0.2725  1-4 EEL =         0.1707  VDWAALS    =       173.3394
 EELEC  =       647.4124  EHBOND  =         0.0000  RESTRAINT  =         0.4846
 EAMBER (non-restraint)  =       478.5816
 DV/DL  =         1.3005
 Ewald error estimate:   0.8047E-04
 ------------------------------------------------------------------------------


      DV/DL, AVERAGES OVER      10 STEPS


 NSTEP =    10000   TIME(PS) =      20.000  TEMP(K) =    51.19  PRESS =     0.0
 Etot   =         0.0000  EKtot   =         0.0000  EPtot      =       -28.9935
 BOND   =        -0.0000  ANGLE   =        -0.0000  DIHED      =         0.0000
 1-4 NB =        -0.0000  1-4 EEL =       -38.1406  VDWAALS    =         0.0000
 EELEC  =         9.1470  EHBOND  =         0.0000  RESTRAINT  =         0.0000
 EAMBER (non-restraint)  =       -28.9935
 DV/DL  =       -28.9935
 Ewald error estimate:   0.0000E+00
 ------------------------------------------------------------------------------


 NMR restraints on final step:

--------------------------------------------------------------------------------
   5.  TIMINGS
--------------------------------------------------------------------------------

|  NonSetup CPU Time in Major Routines:
|
|     Routine           Sec        %
|     ------------------------------
|     Nonbond         154.20   97.82
|     Bond              0.58    0.37
|     Angle             0.09    0.06
|     Dihedral          0.24    0.15
|     Shake             1.42    0.90
|     RunMD             1.04    0.66
|     Other             0.06    0.04
|     ------------------------------
|     Total           157.63

|  PME Nonbond Pairlist CPU Time:
|
|     Routine              Sec        %
|     ---------------------------------
|     Set Up Cit           0.21    0.13
|     Build List          19.11   12.12
|     ---------------------------------
|     Total               19.32   12.25

|  PME Direct Force CPU Time:
|
|     Routine              Sec        %
|     ---------------------------------
|     NonBonded Calc      63.80   40.48
|     Exclude Masked       2.52    1.60
|     Other                2.60    1.65
|     ---------------------------------
|     Total               68.92   43.72

|  PME Reciprocal Force CPU Time:
|
|     Routine              Sec        %
|     ---------------------------------
|     1D bspline           2.54    1.61
|     Grid Charges         6.06    3.85
|     Scalar Sum           2.58    1.64
|     Gradient Sum         9.23    5.86
|     FFT                 45.61   28.94
|     ---------------------------------
|     Total               66.03   41.89

|  Final Performance Info:
|     -----------------------------------------------------
|     Average timings for last    2000 steps:
|     Elapsed(s) =      32.39 Per Step(ms) =      16.20
|         ns/day =      10.67   seconds/ns =    8098.34
|
|     Average timings for all steps:
|     Elapsed(s) =     157.76 Per Step(ms) =      15.78
|         ns/day =      10.95   seconds/ns =    7887.93
|     -----------------------------------------------------

|  Setup CPU time:            0.05 seconds
|  NonSetup CPU time:       157.63 seconds
|  Total CPU time:          157.68 seconds     0.04 hours

|  Setup wall time:           1    seconds
|  NonSetup wall time:      157    seconds
|  Total wall time:         158    seconds     0.04 hours
