
Static FFT Slab Distribution:

  FFT slabs assigned to    4 tasks
  Maximum of   20 xy slabs per task
  Maximum of   18 zx slabs per task
  Count of FFT xy slabs assigned to each task:
      20  20  20  20
  Count of FFT xz slabs assigned to each task:
      18  18  18  18

Atom Distribution No.     2 at run step    4953:

  Count of atoms assigned to each task:
         6791     8607     8502     6653

Atom Distribution No.     3 at run step    8538:

  Count of atoms assigned to each task:
         6731     8681     8298     6843

Major Routine Parallel Profiling - NonSetup CPU Seconds:

           D                                                              
           a                                                              
           t                                                              
           a                              D                               
           D         N                    i                               
           i         o                    h                               
           s         n             A      e      S      R      O         T
   T       t         B      B      n      d      h      u      t         o
   a       r         o      o      g      r      a      n      h         t
   s       i         n      n      l      a      k      M      e         a
   k       b         d      d      e      l      e      D      r         l
------------------------------------------------------------------------------
   0    34.0     625.2    2.3    2.8   15.2    3.8   16.4    0.1     699.9
   1    27.4     646.5    3.2    0.3    1.5    4.4   16.0    0.0     699.4
   2    26.7     642.5    3.2    0.5    3.0    4.4   15.6    0.0     695.9
   3    34.5     623.0    2.7    3.4   18.3    3.8   15.8    0.0     701.5
------------------------------------------------------------------------------
 avg    30.7     634.3    2.8    1.8    9.5    4.1   16.0    0.0     699.2
 min    26.7     623.0    2.3    0.3    1.5    3.8   15.6    0.0     695.9
 max    34.5     646.5    3.2    3.4   18.3    4.4   16.4    0.1     701.5
 std     3.6      10.3    0.4    1.3    7.4    0.3    0.3    0.0       2.0
------------------------------------------------------------------------------

PME NonBond Parallel Profiling - NonSetup CPU Seconds:

                     D                           
           P         i         R                 
           a         r         e      L          
           i         e         c      o          
           r         c         i      a         T
   T       l         t         p      d         o
   a       i         F         F      B         t
   s       s         r         r      a         a
   k       t         c         c      l         l
-------------------------------------------------
   0    41.1     293.9     290.2    0.0     625.2
   1    48.8     315.6     282.1    0.0     646.5
   2    47.8     308.7     285.9    0.0     642.4
   3    41.2     284.1     297.5    0.0     622.9
-------------------------------------------------
 avg    44.7     300.6     288.9    0.0     634.3
-------------------------------------------------
