
Static FFT Slab Distribution:

  FFT slabs assigned to    4 tasks
  Maximum of   20 xy slabs per task
  Maximum of   18 zx slabs per task
  Count of FFT xy slabs assigned to each task:
      20  20  20  20
  Count of FFT xz slabs assigned to each task:
      18  18  18  18

Atom Distribution No.     2 at run step    5003:

  Count of atoms assigned to each task:
         6874     8515     8450     6714

Atom Distribution No.     3 at run step    8565:

  Count of atoms assigned to each task:
         6663     8717     8305     6868

Major Routine Parallel Profiling - NonSetup CPU Seconds:

           D                                                              
           a                                                              
           t                                                              
           a                              D                               
           D         N                    i                               
           i         o                    h                               
           s         n             A      e      S      R      O         T
   T       t         B      B      n      d      h      u      t         o
   a       r         o      o      g      r      a      n      h         t
   s       i         n      n      l      a      k      M      e         a
   k       b         d      d      e      l      e      D      r         l
------------------------------------------------------------------------------
   0    38.3     626.9    2.4    2.8   15.3    3.9   16.4    0.1     705.9
   1    31.4     651.5    3.0    0.3    1.7    4.4   15.6    0.1     707.9
   2    30.7     649.1    2.9    0.6    2.9    4.3   15.6    0.0     706.2
   3    39.3     624.4    2.5    3.4   18.2    4.0   15.5    0.0     707.3
------------------------------------------------------------------------------
 avg    34.9     638.0    2.7    1.7    9.5    4.2   15.8    0.1     706.9
 min    30.7     624.4    2.4    0.3    1.7    3.9   15.5    0.0     705.9
 max    39.3     651.5    3.0    3.4   18.2    4.4   16.4    0.1     707.9
 std     3.9      12.4    0.2    1.3    7.3    0.2    0.3    0.0       0.8
------------------------------------------------------------------------------

PME NonBond Parallel Profiling - NonSetup CPU Seconds:

                     D                           
           P         i         R                 
           a         r         e      L          
           i         e         c      o          
           r         c         i      a         T
   T       l         t         p      d         o
   a       i         F         F      B         t
   s       s         r         r      a         a
   k       t         c         c      l         l
-------------------------------------------------
   0    40.8     292.9     293.1    0.0     626.8
   1    48.4     317.0     286.1    0.0     651.5
   2    47.9     310.3     290.9    0.0     649.1
   3    40.7     282.9     300.8    0.0     624.4
-------------------------------------------------
 avg    44.5     300.8     292.7    0.0     638.0
-------------------------------------------------
