
Static FFT Slab Distribution:

  FFT slabs assigned to    4 tasks
  Maximum of   20 xy slabs per task
  Maximum of   18 zx slabs per task
  Count of FFT xy slabs assigned to each task:
      20  20  20  20
  Count of FFT xz slabs assigned to each task:
      18  18  18  18

Atom Distribution No.     2 at run step    2947:

  Count of atoms assigned to each task:
         8057     8289     8077     6130

Atom Distribution No.     3 at run step    5886:

  Count of atoms assigned to each task:
         8084     8163     8041     6265

Atom Distribution No.     4 at run step    8798:

  Count of atoms assigned to each task:
         7996     8199     8032     6326

Atom Distribution No.     5 at run step   11695:

  Count of atoms assigned to each task:
         6635     8109     8107     7702

Atom Distribution No.     6 at run step   14610:

  Count of atoms assigned to each task:
         7981     8220     7966     6386

Atom Distribution No.     7 at run step   17544:

  Count of atoms assigned to each task:
         6635     8091     8047     7780

Atom Distribution No.     8 at run step   20441:

  Count of atoms assigned to each task:
         8228     7971     7966     6388

Atom Distribution No.     9 at run step   23365:

  Count of atoms assigned to each task:
         8089     8127     7930     6407

Atom Distribution No.    10 at run step   26292:

  Count of atoms assigned to each task:
         6698     8046     7978     7831

Atom Distribution No.    11 at run step   29214:

  Count of atoms assigned to each task:
         8093     8073     7918     6469

Atom Distribution No.    12 at run step   32159:

  Count of atoms assigned to each task:
         8102     8070     7915     6466

Atom Distribution No.    13 at run step   35080:

  Count of atoms assigned to each task:
         8024     8001     8074     6454

Atom Distribution No.    14 at run step   38019:

  Count of atoms assigned to each task:
         8024     8001     8074     6454

Atom Distribution No.    15 at run step   40957:

  Count of atoms assigned to each task:
         7931     7968     8083     6571

Atom Distribution No.    16 at run step   43898:

  Count of atoms assigned to each task:
         8045     7947     8073     6488

Atom Distribution No.    17 at run step   46835:

  Count of atoms assigned to each task:
         7862     8094     8037     6560

Atom Distribution No.    18 at run step   49762:

  Count of atoms assigned to each task:
         7865     8049     8085     6554

Atom Distribution No.    19 at run step   52693:

  Count of atoms assigned to each task:
         7978     7971     8067     6537

Atom Distribution No.    20 at run step   55628:

  Count of atoms assigned to each task:
         7942     8034     8026     6551

Atom Distribution No.    21 at run step   58574:

  Count of atoms assigned to each task:
         8068     7869     8067     6549

Atom Distribution No.    22 at run step   61495:

  Count of atoms assigned to each task:
         8068     7917     8022     6546

Atom Distribution No.    23 at run step   64425:

  Count of atoms assigned to each task:
         8068     7917     8022     6546

Atom Distribution No.    24 at run step   67354:

  Count of atoms assigned to each task:
         8067     7917     8022     6547

Atom Distribution No.    25 at run step   70289:

  Count of atoms assigned to each task:
         6793     7896     8025     7839

Atom Distribution No.    26 at run step   73205:

  Count of atoms assigned to each task:
         8122     7935     7980     6516

Atom Distribution No.    27 at run step   76143:

  Count of atoms assigned to each task:
         8020     8085     8001     6447

Atom Distribution No.    28 at run step   79080:

  Count of atoms assigned to each task:
         8020     8085     8001     6447

Atom Distribution No.    29 at run step   82012:

  Count of atoms assigned to each task:
         8020     8085     8001     6447

Atom Distribution No.    30 at run step   84944:

  Count of atoms assigned to each task:
         8038     8073     8044     6398

Atom Distribution No.    31 at run step   87862:

  Count of atoms assigned to each task:
         8056     8079     8038     6380

Atom Distribution No.    32 at run step   90761:

  Count of atoms assigned to each task:
         8055     8079     8037     6382

Atom Distribution No.    33 at run step   93666:

  Count of atoms assigned to each task:
         6757     8046     8088     7662

Atom Distribution No.    34 at run step   96585:

  Count of atoms assigned to each task:
         6838     8073     7975     7667

Atom Distribution No.    35 at run step   99553:

  Count of atoms assigned to each task:
         6688     8058     8044     7763

Major Routine Parallel Profiling - NonSetup CPU Seconds:

           D                                                              
           a                                                              
           t                                                              
           a                              D                               
           D         N                    i                               
           i         o                    h                               
           s         n             A      e      S      R      O         T
   T       t         B      B      n      d      h      u      t         o
   a       r         o      o      g      r      a      n      h         t
   s       i         n      n      l      a      k      M      e         a
   k       b         d      d      e      l      e      D      r         l
------------------------------------------------------------------------------
   0   274.4    7786.0   36.6   12.5   70.6   42.3  443.6    0.3    8666.5
   1   256.6    7866.0   40.9    0.1    0.1   44.4  442.2    0.4    8650.6
   2   261.3    7870.1   41.3    0.1    0.0   44.3  441.1    0.4    8658.6
   3   382.9    7457.5   25.9   48.1  268.2   35.9  445.6    0.3    8664.4
------------------------------------------------------------------------------
 avg   293.8    7744.9   36.2   15.2   84.7   41.7  443.1    0.4    8660.0
 min   256.6    7457.5   25.9    0.1    0.0   35.9  441.1    0.3    8650.6
 max   382.9    7870.1   41.3   48.1  268.2   44.4  445.6    0.4    8666.5
 std    51.8     169.3    6.2   19.6  109.8    3.5    1.7    0.0       6.2
------------------------------------------------------------------------------

PME NonBond Parallel Profiling - NonSetup CPU Seconds:

                     D                           
           P         i         R                 
           a         r         e      L          
           i         e         c      o          
           r         c         i      a         T
   T       l         t         p      d         o
   a       i         F         F      B         t
   s       s         r         r      a         a
   k       t         c         c      l         l
-------------------------------------------------
   0   661.6    4117.7    3006.1    0.3    7785.7
   1   667.3    4222.7    2975.5    0.2    7865.7
   2   665.9    4215.9    2987.6    0.2    7869.6
   3   569.8    3759.1    3128.1    0.2    7457.2
-------------------------------------------------
 avg   641.1    4078.9    3024.3    0.2    7744.6
-------------------------------------------------
