
          -------------------------------------------------------
          Amber 16 PMEMD                              2016
          -------------------------------------------------------

| PMEMD implementation of SANDER, Release 16

| Run on 02/28/2019 at 06:08:33

|   Executable path: /opt/amber/bin/pmemd.cuda
| Working directory: /mnt/part2/home/meister/runjobs
|          Hostname: Unknown
  [-O]verwriting output

File Assignments:
|   MDIN: AA-AB/complex/recharge/0.600/heat.in                                  
|  MDOUT: AA-AB/complex/recharge/0.600/heat.out.tmp                             
| INPCRD: AA-AB/complex/recharge/recharge.rst7                                  
|   PARM: AA-AB/complex/recharge/recharge.parm7                                 
| RESTRT: AA-AB/complex/recharge/0.600/heat.rst7.tmp                            
|   REFC: AA-AB/complex/recharge/recharge.rst7                                  
|  MDVEL: mdvel                                                                 
|   MDEN: AA-AB/complex/recharge/0.600/heat.en.tmp                              
|  MDCRD: AA-AB/complex/recharge/0.600/heat.nc.tmp                              
| MDINFO: AA-AB/complex/recharge/0.600/heat.info.tmp                            
|  MDFRC: mdfrc                                                                 


 Here is the input file:

heating                                                                        
 &cntrl                                                                        
   imin = 0, nstlim = 10000, irest = 0, ntx = 1, dt = 0.002,                   
   ntt = 3, temp0 = 300.0, gamma_ln = 2.0, ig = -1,                            
   tempi = 50.0, tautp = 1.0,                                                  
   vlimit = 20,                                                                
   ntc = 2, ntf = 1,                                                           
   ntb = 1,                                                                    
   ioutfm = 1, iwrap = 1,                                                      
   ntwe = 1000, ntwx = 1000, ntpr = 1000, ntwr = 5000,                         
                                                                               
   nmropt = 1,                                                                 
   ntr = 1, restraint_wt = 5.00,                                               
   restraintmask='!:WAT & !@H=',                                               
                                                                               
   icfe = 1, clambda = 0.600, scalpha = 0.5, scbeta = 12.0,                    
   logdvdl = 0,                                                                
   timask1 = ':1', timask2 = ':2',                                             
   ifsc = 0, CRGMASK = ':1@H7'                                                 
 /                                                                             
                                                                               
 &ewald                                                                        
 /                                                                             
                                                                               
 &wt                                                                           
   type='TEMP0',                                                               
   istep1 = 0, istep2 = 8000,                                                  
   value1 = 50.0, value2 = 300.0                                               
 /                                                                             
                                                                               
 &wt type = 'END'                                                              
 /                                                                             


Note: ig = -1. Setting random seed to   695656 based on wallclock time in 
      microseconds.
| irandom = 1, using AMBER's internal random number generator (default).
 
|--------------------- INFORMATION ----------------------
| GPU (CUDA) Version of PMEMD in use: NVIDIA GPU IN USE.
|                    Version 18.0.0
| 
|                      03/25/2018
| 
| Implementation by:
|                    Ross C. Walker     (SDSC)
|                    Scott Le Grand     (nVIDIA)
| 
| Version 18 performance extensions by:
|                    David Cerutti     (Rutgers)
| 
| Precision model in use:
|      [SPFP] - Single Precision Forces, 64-bit Fixed Point
|               Accumulation. (Default)
| 
|--------------------------------------------------------
 
|----------------- CITATION INFORMATION -----------------
|
|    When publishing work that utilized the CUDA version
|    of AMBER, please cite the following in addition to
|    the regular AMBER citations:
|
|  - Romelia Salomon-Ferrer; Andreas W. Goetz; Duncan
|    Poole; Scott Le Grand; Ross C. Walker "Routine
|    microsecond molecular dynamics simulations with
|    AMBER - Part II: Particle Mesh Ewald", J. Chem.
|    Theory Comput., 2013, 9 (9), pp3878-3888,
|    DOI: 10.1021/ct400314y.
|
|  - Andreas W. Goetz; Mark J. Williamson; Dong Xu;
|    Duncan Poole; Scott Le Grand; Ross C. Walker
|    "Routine microsecond molecular dynamics simulations
|    with AMBER - Part I: Generalized Born", J. Chem.
|    Theory Comput., 2012, 8 (5), pp1542-1555.
|
|  - Scott Le Grand; Andreas W. Goetz; Ross C. Walker
|    "SPFP: Speed without compromise - a mixed precision
|    model for GPU accelerated molecular dynamics
|    simulations.", Comp. Phys. Comm., 2013, 184
|    pp374-380, DOI: 10.1016/j.cpc.2012.09.022
|
|    When publishing work that utilized the CUDA version
|    of TI, BAR, MBAR or FEP please cite the following 
|    publications in addition to the regular AMBER 
|    GPU citations:
|
|  - Daniel J. Mermelstein; Charles Lin; Gard Nelson; 
|    Rachael Kretsch; J. Andrew McCammon; Ross C. Walker
|    "Fast and Flexible GPU Accelerated Binding 
|    Free Energy Calculations within the AMBER Molecular
|    Dynamics Package" J. Comp. Chem., 2018,
|    DOI: 10.1002/jcc.25187
|
|  - Tai-Sung Lee; Yuan Hu; Brad Sherborne; Zhuyan Guo;
|    Darrin M. York
|    "Toward Fast and Accurate Binding Affinity Prediction with
|    pmemdGTI: An Efficient Implementation of GPU-Accelerated
|    Thermodynamic Integration"
|    J. Chem. Theory Comput., 2017, 13 (7), 3077
|
|
|--------------------------------------------------------
 
|------------------- GPU DEVICE INFO --------------------
|
|            CUDA_VISIBLE_DEVICES: not set
|   CUDA Capable Devices Detected:      1
|           CUDA Device ID in use:      0
|                CUDA Device Name: Tesla K80
|     CUDA Device Global Mem Size:  11441 MB
| CUDA Device Num Multiprocessors:     13
|           CUDA Device Core Freq:   0.82 GHz
|
|--------------------------------------------------------
 
 
| Conditional Compilation Defines Used:
| PUBFFT
| BINTRAJ
| CUDA
| EMIL

| Largest sphere to fit in unit cell has radius =    30.763

| New format PARM file being parsed.
| Version =    1.000 Date = 02/28/19 Time = 00:37:40

| Note: 1-4 EEL scale factors are being read from the topology file.

| Note: 1-4 VDW scale factors are being read from the topology file.
| Duplicated    0 dihedrals

| Duplicated    0 dihedrals

--------------------------------------------------------------------------------
   1.  RESOURCE   USE: 
--------------------------------------------------------------------------------

 getting new box info from bottom of inpcrd
 NATOM  =   24926 NTYPES =      16 NBONH =   23618 MBONA  =    1324
 NTHETH =   25284 MTHETA =    1781 NPHIH =    6059 MPHIA  =    5537
 NHPARM =       0 NPARM  =       0 NNB   =   44146 NRES   =    7599
 NBONA  =    1324 NTHETA =    1781 NPHIA =    5537 NUMBND =      69
 NUMANG =     155 NPTRA  =     186 NATYP =      38 NPHB   =       0
 IFBOX  =       1 NMXRS  =      24 IFCAP =       0 NEXTRA =       0
 NCOPY  =       0

| Coordinate Index Table dimensions:    13   14   16
| Direct force subcell size =     4.7328    4.6773    4.5903

     BOX TYPE: RECTILINEAR

--------------------------------------------------------------------------------
   2.  CONTROL  DATA  FOR  THE  RUN
--------------------------------------------------------------------------------

NIL                                                                             

General flags:
     imin    =       0, nmropt  =       1

Nature and format of input:
     ntx     =       1, irest   =       0, ntrx    =       1

Nature and format of output:
     ntxo    =       2, ntpr    =    1000, ntrx    =       1, ntwr    =    5000
     iwrap   =       1, ntwx    =    1000, ntwv    =       0, ntwe    =    1000
     ioutfm  =       1, ntwprt  =       0, idecomp =       0, rbornstat=      0

Potential function:
     ntf     =       1, ntb     =       1, igb     =       0, nsnb    =      25
     ipol    =       0, gbsa    =       0, iesp    =       0
     dielc   =   1.00000, cut     =   8.00000, intdiel =   1.00000

Frozen or restrained atoms:
     ibelly  =       0, ntr     =       1
     restraint_wt =   5.00000

Molecular dynamics:
     nstlim  =     10000, nscm    =         0, nrespa  =         1
     t       =   0.00000, dt      =   0.00200, vlimit  =  20.00000

Langevin dynamics temperature regulation:
     ig      =  695656
     temp0   = 300.00000, tempi   =  50.00000, gamma_ln=   2.00000

SHAKE:
     ntc     =       2, jfastw  =       0
     tol     =   0.00001

NMR refinement options:
     iscale  =       0, noeskp  =       1, ipnlty  =       1, mxsub   =       1
     scalm   = 100.00000, pencut  =   0.10000, tausw   =   0.10000

Free energy options:
     icfe    =       1, ifsc    =       0, klambda =       1
     clambda =  0.6000, scalpha =  0.5000, scbeta  = 12.0000
     sceeorder =       2
     dynlmb =  0.0000 logdvdl =       0

| Intermolecular bonds treatment:
|     no_intermolecular_bonds =       1

| Energy averages sample interval:
|     ene_avg_sampling =    1000

Ewald parameters:
     verbose =       0, ew_type =       0, nbflag  =       1, use_pme =       1
     vdwmeth =       1, eedmeth =       1, netfrc  =       1
     Box X =   61.526   Box Y =   65.482   Box Z =   73.445
     Alpha =   90.000   Beta  =   90.000   Gamma =   90.000
     NFFT1 =   64       NFFT2 =   64       NFFT3 =   80
     Cutoff=    8.000   Tol   =0.100E-04
     Ewald Coefficient =  0.34864
     Interpolation order =    4

    LOADING THE CONSTRAINED ATOMS AS GROUPS


   5.  REFERENCE ATOM COORDINATES

  NIL                                                                             
     Mask !:WAT & !@H=; matches  1308 atoms
     TI Mask 1 :1; matches     13 atoms
     TI Mask 2 :2; matches     13 atoms
     TI region 1:   24913 atoms
     TI region 2:   24913 atoms
Removing charge of       0.4181 from atom      13
Total charge of   0.41807699 removed from       1 atoms
     Checking for mismatched coordinates.

--------------------------------------------------------------------------------
   3.  ATOMIC COORDINATES AND VELOCITIES
--------------------------------------------------------------------------------

NIL                                                                             
 begin time read from input coords =     0.000 ps



           Begin reading energy term weight changes/NMR restraints
 WEIGHT CHANGES:
 TEMP0         0   8000   50.000000  300.000000      0      0

 RESTRAINTS:
                          ** No restraint defined **

                  Done reading weight changes/NMR restraints


 
 Number of triangulated 3-point waters found:     7431

     Sum of charges for TI region  1 =  -0.41765970
     Assuming uniform neutralizing plasma


     Sum of charges for TI region  2 =   0.00041729
     Forcing neutrality...

| Dynamic Memory, Types Used:
| Reals             1149131
| Integers          1361487

| Nonbonded Pairs Initial Allocation:     4163265

| GPU memory information (estimate):
| KB of GPU memory in use:         0
| KB of CPU memory in use:         0

--------------------------------------------------------------------------------
   4.  RESULTS
--------------------------------------------------------------------------------


| TI region  1


 NSTEP =        0   TIME(PS) =       0.000  TEMP(K) =    72.66  PRESS =     0.0
 Etot   =    -65120.4597  EKtot   =      3691.1732  EPtot      =    -68811.6329
 BOND   =       486.4148  ANGLE   =      1251.7578  DIHED      =      2033.9541
 1-4 NB =       679.4168  1-4 EEL =      6019.3599  VDWAALS    =      8313.0150
 EELEC  =    -87595.5514  EHBOND  =         0.0000  RESTRAINT  =         0.0000
 DV/DL  =         5.2772
 ------------------------------------------------------------------------------


| TI region  2


 NSTEP =        0   TIME(PS) =       0.000  TEMP(K) =    72.66  PRESS =     0.0
 Etot   =    -65120.4597  EKtot   =      3691.1732  EPtot      =    -68811.6329
 BOND   =       486.4148  ANGLE   =      1251.7578  DIHED      =      2033.9541
 1-4 NB =       679.4168  1-4 EEL =      6019.3599  VDWAALS    =      8313.0150
 EELEC  =    -87595.5514  EHBOND  =         0.0000  RESTRAINT  =         0.0000
 DV/DL  =         5.2772
 ------------------------------------------------------------------------------

 NMR restraints: Bond =    0.000   Angle =     0.000   Torsion =     0.000
===============================================================================
wrapping first mol.:      -61.52620      -65.48220      -73.44500

| TI region  1


 NSTEP =     1000   TIME(PS) =       2.000  TEMP(K) =    82.78  PRESS =     0.0
 Etot   =    -84734.4824  EKtot   =      4204.9464  EPtot      =    -88939.4288
 BOND   =       191.3873  ANGLE   =       483.7396  DIHED      =      1866.7638
 1-4 NB =       617.3027  1-4 EEL =      5997.9837  VDWAALS    =     14027.8332
 EELEC  =   -112243.1576  EHBOND  =         0.0000  RESTRAINT  =       118.7186
 EAMBER (non-restraint)  =    -89058.1473
 DV/DL  =         6.0614
 ------------------------------------------------------------------------------


| TI region  2


 NSTEP =     1000   TIME(PS) =       2.000  TEMP(K) =    82.78  PRESS =     0.0
 Etot   =    -84734.4824  EKtot   =      4204.9464  EPtot      =    -88939.4288
 BOND   =       191.3873  ANGLE   =       483.7396  DIHED      =      1866.7638
 1-4 NB =       617.3027  1-4 EEL =      5997.9837  VDWAALS    =     14027.8332
 EELEC  =   -112243.1576  EHBOND  =         0.0000  RESTRAINT  =       118.7186
 EAMBER (non-restraint)  =    -89058.1473
 DV/DL  =         6.0614
 ------------------------------------------------------------------------------

 NMR restraints: Bond =    0.000   Angle =     0.000   Torsion =     0.000
===============================================================================
wrapping first mol.:      -61.52620      -65.48220      -73.44500

| TI region  1


 NSTEP =     2000   TIME(PS) =       4.000  TEMP(K) =   106.56  PRESS =     0.0
 Etot   =    -82796.5673  EKtot   =      5413.2014  EPtot      =    -88209.7688
 BOND   =       246.6191  ANGLE   =       572.1062  DIHED      =      1888.5026
 1-4 NB =       614.9914  1-4 EEL =      6015.4364  VDWAALS    =     13553.0832
 EELEC  =   -111239.7651  EHBOND  =         0.0000  RESTRAINT  =       139.2574
 EAMBER (non-restraint)  =    -88349.0261
 DV/DL  =         5.4205
 ------------------------------------------------------------------------------


| TI region  2


 NSTEP =     2000   TIME(PS) =       4.000  TEMP(K) =   106.56  PRESS =     0.0
 Etot   =    -82796.5673  EKtot   =      5413.2014  EPtot      =    -88209.7688
 BOND   =       246.6191  ANGLE   =       572.1062  DIHED      =      1888.5026
 1-4 NB =       614.9914  1-4 EEL =      6015.4364  VDWAALS    =     13553.0832
 EELEC  =   -111239.7651  EHBOND  =         0.0000  RESTRAINT  =       139.2574
 EAMBER (non-restraint)  =    -88349.0261
 DV/DL  =         5.4205
 ------------------------------------------------------------------------------

 NMR restraints: Bond =    0.000   Angle =     0.000   Torsion =     0.000
===============================================================================
wrapping first mol.:      -61.52620      -65.48220      -73.44500

| TI region  1


 NSTEP =     3000   TIME(PS) =       6.000  TEMP(K) =   136.67  PRESS =     0.0
 Etot   =    -79739.0826  EKtot   =      6943.0315  EPtot      =    -86682.1141
 BOND   =       251.7032  ANGLE   =       665.1703  DIHED      =      1896.8801
 1-4 NB =       638.1676  1-4 EEL =      6039.9995  VDWAALS    =     13403.3916
 EELEC  =   -109729.6915  EHBOND  =         0.0000  RESTRAINT  =       152.2651
 EAMBER (non-restraint)  =    -86834.3792
 DV/DL  =         5.4132
 ------------------------------------------------------------------------------


| TI region  2


 NSTEP =     3000   TIME(PS) =       6.000  TEMP(K) =   136.67  PRESS =     0.0
 Etot   =    -79739.0826  EKtot   =      6943.0315  EPtot      =    -86682.1141
 BOND   =       251.7032  ANGLE   =       665.1703  DIHED      =      1896.8801
 1-4 NB =       638.1676  1-4 EEL =      6039.9995  VDWAALS    =     13403.3916
 EELEC  =   -109729.6915  EHBOND  =         0.0000  RESTRAINT  =       152.2651
 EAMBER (non-restraint)  =    -86834.3792
 DV/DL  =         5.4132
 ------------------------------------------------------------------------------

 NMR restraints: Bond =    0.000   Angle =     0.000   Torsion =     0.000
===============================================================================
wrapping first mol.:      -61.52620      -65.48220      -73.44500

| TI region  1


 NSTEP =     4000   TIME(PS) =       8.000  TEMP(K) =   165.59  PRESS =     0.0
 Etot   =    -76420.5818  EKtot   =      8411.7383  EPtot      =    -84832.3202
 BOND   =       314.8869  ANGLE   =       809.0889  DIHED      =      1931.5578
 1-4 NB =       615.8780  1-4 EEL =      5986.2894  VDWAALS    =     12664.7204
 EELEC  =   -107328.3617  EHBOND  =         0.0000  RESTRAINT  =       173.6201
 EAMBER (non-restraint)  =    -85005.9403
 DV/DL  =         5.0164
 ------------------------------------------------------------------------------


| TI region  2


 NSTEP =     4000   TIME(PS) =       8.000  TEMP(K) =   165.59  PRESS =     0.0
 Etot   =    -76420.5818  EKtot   =      8411.7383  EPtot      =    -84832.3202
 BOND   =       314.8869  ANGLE   =       809.0889  DIHED      =      1931.5578
 1-4 NB =       615.8780  1-4 EEL =      5986.2894  VDWAALS    =     12664.7204
 EELEC  =   -107328.3617  EHBOND  =         0.0000  RESTRAINT  =       173.6201
 EAMBER (non-restraint)  =    -85005.9403
 DV/DL  =         5.0164
 ------------------------------------------------------------------------------

 NMR restraints: Bond =    0.000   Angle =     0.000   Torsion =     0.000
===============================================================================
wrapping first mol.:      -61.52620      -65.48220      -73.44500
wrapping first mol.:      -61.52620      -65.48220      -73.44500

| TI region  1


 NSTEP =     5000   TIME(PS) =      10.000  TEMP(K) =   195.78  PRESS =     0.0
 Etot   =    -72945.9728  EKtot   =      9945.3036  EPtot      =    -82891.2764
 BOND   =       367.8506  ANGLE   =       902.5689  DIHED      =      1951.7540
 1-4 NB =       631.2143  1-4 EEL =      5996.3820  VDWAALS    =     12067.1075
 EELEC  =   -104986.6774  EHBOND  =         0.0000  RESTRAINT  =       178.5237
 EAMBER (non-restraint)  =    -83069.8001
 DV/DL  =         4.8908
 ------------------------------------------------------------------------------


| TI region  2


 NSTEP =     5000   TIME(PS) =      10.000  TEMP(K) =   195.78  PRESS =     0.0
 Etot   =    -72945.9728  EKtot   =      9945.3036  EPtot      =    -82891.2764
 BOND   =       367.8506  ANGLE   =       902.5689  DIHED      =      1951.7540
 1-4 NB =       631.2143  1-4 EEL =      5996.3820  VDWAALS    =     12067.1075
 EELEC  =   -104986.6774  EHBOND  =         0.0000  RESTRAINT  =       178.5237
 EAMBER (non-restraint)  =    -83069.8001
 DV/DL  =         4.8908
 ------------------------------------------------------------------------------

 NMR restraints: Bond =    0.000   Angle =     0.000   Torsion =     0.000
===============================================================================
wrapping first mol.:      -61.52620      -65.48220      -73.44500

| TI region  1


 NSTEP =     6000   TIME(PS) =      12.000  TEMP(K) =   228.04  PRESS =     0.0
 Etot   =    -68781.2062  EKtot   =     11584.0919  EPtot      =    -80365.2981
 BOND   =       410.9956  ANGLE   =       996.5025  DIHED      =      1963.0293
 1-4 NB =       650.3842  1-4 EEL =      6009.6919  VDWAALS    =     11146.5757
 EELEC  =   -101742.7484  EHBOND  =         0.0000  RESTRAINT  =       200.2711
 EAMBER (non-restraint)  =    -80565.5692
 DV/DL  =         8.3038
 ------------------------------------------------------------------------------


| TI region  2


 NSTEP =     6000   TIME(PS) =      12.000  TEMP(K) =   228.04  PRESS =     0.0
 Etot   =    -68781.2062  EKtot   =     11584.0919  EPtot      =    -80365.2981
 BOND   =       410.9956  ANGLE   =       996.5025  DIHED      =      1963.0293
 1-4 NB =       650.3842  1-4 EEL =      6009.6919  VDWAALS    =     11146.5757
 EELEC  =   -101742.7484  EHBOND  =         0.0000  RESTRAINT  =       200.2711
 EAMBER (non-restraint)  =    -80565.5692
 DV/DL  =         8.3038
 ------------------------------------------------------------------------------

 NMR restraints: Bond =    0.000   Angle =     0.000   Torsion =     0.000
===============================================================================
wrapping first mol.:      -61.52620      -65.48220      -73.44500

| TI region  1


 NSTEP =     7000   TIME(PS) =      14.000  TEMP(K) =   259.59  PRESS =     0.0
 Etot   =    -64465.6546  EKtot   =     13186.8106  EPtot      =    -77652.4652
 BOND   =       412.0921  ANGLE   =      1059.8861  DIHED      =      1993.8286
 1-4 NB =       648.6431  1-4 EEL =      6005.5428  VDWAALS    =     10263.1580
 EELEC  =    -98272.3286  EHBOND  =         0.0000  RESTRAINT  =       236.7127
 EAMBER (non-restraint)  =    -77889.1780
 DV/DL  =         3.9787
 ------------------------------------------------------------------------------


| TI region  2


 NSTEP =     7000   TIME(PS) =      14.000  TEMP(K) =   259.59  PRESS =     0.0
 Etot   =    -64465.6546  EKtot   =     13186.8106  EPtot      =    -77652.4652
 BOND   =       412.0921  ANGLE   =      1059.8861  DIHED      =      1993.8286
 1-4 NB =       648.6431  1-4 EEL =      6005.5428  VDWAALS    =     10263.1580
 EELEC  =    -98272.3286  EHBOND  =         0.0000  RESTRAINT  =       236.7127
 EAMBER (non-restraint)  =    -77889.1780
 DV/DL  =         3.9787
 ------------------------------------------------------------------------------

 NMR restraints: Bond =    0.000   Angle =     0.000   Torsion =     0.000
===============================================================================
wrapping first mol.:      -61.52620      -65.48220      -73.44500

| TI region  1


 NSTEP =     8000   TIME(PS) =      16.000  TEMP(K) =   286.03  PRESS =     0.0
 Etot   =    -59504.9592  EKtot   =     14530.1499  EPtot      =    -74035.1091
 BOND   =       484.4985  ANGLE   =      1199.2665  DIHED      =      2034.3600
 1-4 NB =       666.6429  1-4 EEL =      6024.5087  VDWAALS    =      9019.1127
 EELEC  =    -93720.0134  EHBOND  =         0.0000  RESTRAINT  =       256.5150
 EAMBER (non-restraint)  =    -74291.6241
 DV/DL  =         5.0776
 ------------------------------------------------------------------------------


| TI region  2


 NSTEP =     8000   TIME(PS) =      16.000  TEMP(K) =   286.03  PRESS =     0.0
 Etot   =    -59504.9592  EKtot   =     14530.1499  EPtot      =    -74035.1091
 BOND   =       484.4985  ANGLE   =      1199.2665  DIHED      =      2034.3600
 1-4 NB =       666.6429  1-4 EEL =      6024.5087  VDWAALS    =      9019.1127
 EELEC  =    -93720.0134  EHBOND  =         0.0000  RESTRAINT  =       256.5150
 EAMBER (non-restraint)  =    -74291.6241
 DV/DL  =         5.0776
 ------------------------------------------------------------------------------

 NMR restraints: Bond =    0.000   Angle =     0.000   Torsion =     0.000
===============================================================================
wrapping first mol.:      -61.52620      -65.48220      -73.44500

| TI region  1


 NSTEP =     9000   TIME(PS) =      18.000  TEMP(K) =   298.87  PRESS =     0.0
 Etot   =    -57403.9062  EKtot   =     15182.4332  EPtot      =    -72586.3394
 BOND   =       477.5280  ANGLE   =      1225.0392  DIHED      =      2022.2728
 1-4 NB =       664.0242  1-4 EEL =      5999.7141  VDWAALS    =      8532.0524
 EELEC  =    -91763.7716  EHBOND  =         0.0000  RESTRAINT  =       256.8015
 EAMBER (non-restraint)  =    -72843.1409
 DV/DL  =         4.8814
 ------------------------------------------------------------------------------


| TI region  2


 NSTEP =     9000   TIME(PS) =      18.000  TEMP(K) =   298.87  PRESS =     0.0
 Etot   =    -57403.9062  EKtot   =     15182.4332  EPtot      =    -72586.3394
 BOND   =       477.5280  ANGLE   =      1225.0392  DIHED      =      2022.2728
 1-4 NB =       664.0242  1-4 EEL =      5999.7141  VDWAALS    =      8532.0524
 EELEC  =    -91763.7716  EHBOND  =         0.0000  RESTRAINT  =       256.8015
 EAMBER (non-restraint)  =    -72843.1409
 DV/DL  =         4.8814
 ------------------------------------------------------------------------------

 NMR restraints: Bond =    0.000   Angle =     0.000   Torsion =     0.000
===============================================================================
wrapping first mol.:      -61.52620      -65.48220      -73.44500
wrapping first mol.:      -61.52620      -65.48220      -73.44500

| TI region  1


 NSTEP =    10000   TIME(PS) =      20.000  TEMP(K) =   298.17  PRESS =     0.0
 Etot   =    -57383.6177  EKtot   =     15147.0267  EPtot      =    -72530.6444
 BOND   =       463.6951  ANGLE   =      1228.3946  DIHED      =      2058.0786
 1-4 NB =       668.9036  1-4 EEL =      6005.4816  VDWAALS    =      8436.6739
 EELEC  =    -91653.9043  EHBOND  =         0.0000  RESTRAINT  =       262.0325
 EAMBER (non-restraint)  =    -72792.6770
 DV/DL  =         5.0124
 ------------------------------------------------------------------------------


| TI region  2


 NSTEP =    10000   TIME(PS) =      20.000  TEMP(K) =   298.17  PRESS =     0.0
 Etot   =    -57383.6177  EKtot   =     15147.0267  EPtot      =    -72530.6444
 BOND   =       463.6951  ANGLE   =      1228.3946  DIHED      =      2058.0786
 1-4 NB =       668.9036  1-4 EEL =      6005.4816  VDWAALS    =      8436.6739
 EELEC  =    -91653.9043  EHBOND  =         0.0000  RESTRAINT  =       262.0325
 EAMBER (non-restraint)  =    -72792.6770
 DV/DL  =         5.0124
 ------------------------------------------------------------------------------

 NMR restraints: Bond =    0.000   Angle =     0.000   Torsion =     0.000
===============================================================================

| TI region  1


      A V E R A G E S   O V E R      10 S T E P S


 NSTEP =    10000   TIME(PS) =      20.000  TEMP(K) =   205.81  PRESS =     0.0
 Etot   =    -70417.6031  EKtot   =     10454.8734  EPtot      =    -80872.4764
 BOND   =       362.1256  ANGLE   =       914.1763  DIHED      =      1960.7028
 1-4 NB =       641.6152  1-4 EEL =      6008.1030  VDWAALS    =     11311.3708
 EELEC  =   -102268.0419  EHBOND  =         0.0000  RESTRAINT  =       197.4718
 EAMBER (non-restraint)  =    -81069.9482
 DV/DL  =         5.4056
 ------------------------------------------------------------------------------

 NMR restraints: Bond =    0.000   Angle =     0.000   Torsion =     0.000
===============================================================================

      R M S  F L U C T U A T I O N S


 NSTEP =    10000   TIME(PS) =      20.000  TEMP(K) =    76.48  PRESS =     0.0
 Etot   =      9919.4785  EKtot   =      3885.3540  EPtot      =      6066.6375
 BOND   =       100.2222  ANGLE   =       260.7919  DIHED      =        62.3228
 1-4 NB =        20.2037  1-4 EEL =        14.6364  VDWAALS    =      2038.4439
 EELEC  =      7622.1968  EHBOND  =         0.0000  RESTRAINT  =        50.2837
 EAMBER (non-restraint)  =      6016.3538
 DV/DL  =         1.0872
 ------------------------------------------------------------------------------


| TI region  2


      A V E R A G E S   O V E R      10 S T E P S


 NSTEP =    10000   TIME(PS) =      20.000  TEMP(K) =   205.81  PRESS =     0.0
 Etot   =    -70417.6031  EKtot   =     10454.8734  EPtot      =    -80872.4764
 BOND   =       362.1256  ANGLE   =       914.1763  DIHED      =      1960.7028
 1-4 NB =       641.6152  1-4 EEL =      6008.1030  VDWAALS    =     11311.3708
 EELEC  =   -102268.0419  EHBOND  =         0.0000  RESTRAINT  =       197.4718
 EAMBER (non-restraint)  =    -81069.9482
 DV/DL  =         5.4056
 ------------------------------------------------------------------------------

 NMR restraints: Bond =    0.000   Angle =     0.000   Torsion =     0.000
===============================================================================

      R M S  F L U C T U A T I O N S


 NSTEP =    10000   TIME(PS) =      20.000  TEMP(K) =    76.48  PRESS =     0.0
 Etot   =      9919.4785  EKtot   =      3885.3540  EPtot      =      6066.6375
 BOND   =       100.2222  ANGLE   =       260.7919  DIHED      =        62.3228
 1-4 NB =        20.2037  1-4 EEL =        14.6364  VDWAALS    =      2038.4439
 EELEC  =      7622.1968  EHBOND  =         0.0000  RESTRAINT  =        50.2837
 EAMBER (non-restraint)  =      6016.3538
 DV/DL  =         1.0872
 ------------------------------------------------------------------------------


      DV/DL, AVERAGES OVER      10 STEPS


 NSTEP =    10000   TIME(PS) =      20.000  TEMP(K) =    76.48  PRESS =     0.0
 Etot   =         0.0000  EKtot   =         0.0000  EPtot      =         5.4056
 BOND   =         0.0000  ANGLE   =         0.0000  DIHED      =         0.0000
 1-4 NB =         0.0000  1-4 EEL =       -22.1121  VDWAALS    =         0.0000
 EELEC  =        27.5178  EHBOND  =         0.0000  RESTRAINT  =         0.0000
 DV/DL  =         5.4056
 ------------------------------------------------------------------------------


 NMR restraints on final step:

--------------------------------------------------------------------------------
   5.  TIMINGS
--------------------------------------------------------------------------------

|  NonSetup CPU Time in Major Routines:
|
|     Routine           Sec        %
|     ------------------------------
|     Nonbond           6.75   30.08
|     Bond              0.00    0.00
|     Angle             0.00    0.00
|     Dihedral          0.00    0.00
|     Shake             0.06    0.25
|     RunMD            15.60   69.54
|     Other             0.03    0.13
|     ------------------------------
|     Total            22.43

|  PME Nonbond Pairlist CPU Time:
|
|     Routine              Sec        %
|     ---------------------------------
|     Set Up Cit           0.00    0.00
|     Build List           0.00    0.00
|     ---------------------------------
|     Total                0.00    0.00

|  PME Direct Force CPU Time:
|
|     Routine              Sec        %
|     ---------------------------------
|     NonBonded Calc       0.00    0.00
|     Exclude Masked       0.00    0.00
|     Other                0.02    0.08
|     ---------------------------------
|     Total                0.02    0.08

|  PME Reciprocal Force CPU Time:
|
|     Routine              Sec        %
|     ---------------------------------
|     1D bspline           0.00    0.00
|     Grid Charges         0.00    0.00
|     Scalar Sum           0.00    0.00
|     Gradient Sum         0.00    0.00
|     FFT                  0.00    0.00
|     ---------------------------------
|     Total                0.00    0.00

|  Final Performance Info:
|     -----------------------------------------------------
|     Average timings for last   10000 steps:
|     Elapsed(s) =      22.42 Per Step(ms) =       2.24
|         ns/day =      77.06   seconds/ns =    1121.24
|
|     Average timings for all steps:
|     Elapsed(s) =      22.42 Per Step(ms) =       2.24
|         ns/day =      77.06   seconds/ns =    1121.24
|     -----------------------------------------------------

|  Setup CPU time:            1.31 seconds
|  NonSetup CPU time:        22.43 seconds
|  Total CPU time:           23.74 seconds     0.01 hours

|  Setup wall time:           3    seconds
|  NonSetup wall time:       23    seconds
|  Total wall time:          26    seconds     0.01 hours
